# Electrodo circular de radio 6 mm y espesor 710.0 um.
# Volumen de simulacion (convencion z,y,x):
# N: 1024 x 1024 x 1024 | voxelSize:  0.02mm x 0.02mm x 0.02mm | FOV:  20.48mm x 20.48mm x 20.48mm
# 
# z [mm]		 delta[ppm]
0.000000000000000000e+00 2.403916176010897132e+00
2.000000000000000042e-02 2.401327067267012616e+00
4.000000000000000083e-02 2.398659471604651205e+00
5.999999999999999778e-02 2.395913842247722858e+00
8.000000000000000167e-02 2.393090654163940734e+00
1.000000000000000056e-01 2.390190399019569423e+00
1.199999999999999956e-01 2.387213575928182507e+00
1.400000000000000133e-01 2.384160698145272317e+00
1.600000000000000033e-01 2.381032287943729120e+00
1.799999999999999933e-01 2.377828880967197023e+00
2.000000000000000111e-01 2.374551021787670635e+00
2.200000000000000011e-01 2.371199267982589731e+00
2.399999999999999911e-01 2.367774185554058608e+00
2.600000000000000089e-01 2.364276353149219023e+00
2.800000000000000266e-01 2.360706357311232129e+00
2.999999999999999889e-01 2.357064796864718037e+00
3.200000000000000067e-01 2.353352277984095853e+00
3.400000000000000244e-01 2.349569418754662298e+00
3.599999999999999867e-01 2.345716844052975869e+00
3.800000000000000044e-01 2.341795190284793104e+00
4.000000000000000222e-01 2.337805100082443133e+00
4.199999999999999845e-01 2.333747227220031473e+00
4.400000000000000022e-01 2.329622231124338416e+00
4.600000000000000200e-01 2.325430781966729921e+00
4.799999999999999822e-01 2.321173554994585331e+00
5.000000000000000000e-01 2.316851235798265574e+00
5.200000000000000178e-01 2.312464514461746834e+00
5.400000000000000355e-01 2.308014091003068646e+00
5.600000000000000533e-01 2.303500669351096874e+00
5.799999999999999600e-01 2.298924962957089146e+00
5.999999999999999778e-01 2.294287688597776764e+00
6.199999999999999956e-01 2.289589572155851460e+00
6.400000000000000133e-01 2.284831342255952524e+00
6.600000000000000311e-01 2.280013736211274455e+00
6.800000000000000488e-01 2.275137493493784024e+00
7.000000000000000666e-01 2.270203361844275847e+00
7.199999999999999734e-01 2.265212090583110793e+00
7.399999999999999911e-01 2.260164436880627736e+00
7.600000000000000089e-01 2.255061158910507846e+00
7.800000000000000266e-01 2.249903022277522702e+00
8.000000000000000444e-01 2.244690793019601394e+00
8.200000000000000622e-01 2.239425244189549691e+00
8.399999999999999689e-01 2.234107148708538215e+00
8.599999999999999867e-01 2.228737286098451342e+00
8.800000000000000044e-01 2.223316435192767671e+00
9.000000000000000222e-01 2.217845381015865147e+00
9.200000000000000400e-01 2.212324907354528580e+00
9.400000000000000577e-01 2.206755803780603209e+00
9.599999999999999645e-01 2.201138858088951267e+00
9.799999999999999822e-01 2.195474863459585091e+00
1.000000000000000000e+00 2.189764610765715602e+00
1.020000000000000018e+00 2.184008895871428546e+00
1.040000000000000036e+00 2.178208511815646453e+00
1.060000000000000053e+00 2.172364256241234415e+00
1.080000000000000071e+00 2.166476923458827919e+00
1.100000000000000089e+00 2.160547312003187503e+00
1.120000000000000107e+00 2.154576216582710035e+00
1.140000000000000124e+00 2.148564435758656188e+00
1.159999999999999920e+00 2.142512763784600427e+00
1.179999999999999938e+00 2.136421998404092193e+00
1.199999999999999956e+00 2.130292932585876819e+00
1.219999999999999973e+00 2.124126362435381221e+00
1.239999999999999991e+00 2.117923078830195482e+00
1.260000000000000009e+00 2.111683875440719671e+00
1.280000000000000027e+00 2.105409540271756974e+00
1.300000000000000044e+00 2.099100863787478399e+00
1.320000000000000062e+00 2.092758630363853900e+00
1.340000000000000080e+00 2.086383626513015344e+00
1.360000000000000098e+00 2.079976632252434676e+00
1.380000000000000115e+00 2.073538429423619878e+00
1.400000000000000133e+00 2.067069792982951792e+00
1.419999999999999929e+00 2.060571499409573182e+00
1.439999999999999947e+00 2.054044317923846563e+00
1.459999999999999964e+00 2.047489018979149478e+00
1.479999999999999982e+00 2.040906365413055479e+00
1.500000000000000000e+00 2.034297121017673238e+00
1.520000000000000018e+00 2.027662041629582301e+00
1.540000000000000036e+00 2.021001883773196450e+00
1.560000000000000053e+00 2.014317395694735779e+00
1.580000000000000071e+00 2.007609326073063638e+00
1.600000000000000089e+00 2.000878415003757738e+00
1.620000000000000107e+00 1.994125402771722566e+00
1.640000000000000124e+00 1.987351020790808942e+00
1.660000000000000142e+00 1.980556000432417196e+00
1.679999999999999938e+00 1.973741063926822692e+00
1.699999999999999956e+00 1.966906933241880484e+00
1.719999999999999973e+00 1.960054320951643891e+00
1.739999999999999991e+00 1.953183939159206295e+00
1.760000000000000009e+00 1.946296490338846885e+00
1.780000000000000027e+00 1.939392676296918250e+00
1.800000000000000044e+00 1.932473188993266255e+00
1.820000000000000062e+00 1.925538719534011012e+00
1.840000000000000080e+00 1.918589948978559612e+00
1.860000000000000098e+00 1.911627557358017260e+00
1.880000000000000115e+00 1.904652214473665284e+00
1.900000000000000133e+00 1.897664588934691254e+00
1.919999999999999929e+00 1.890665338954512720e+00
1.939999999999999947e+00 1.883655121401415000e+00
1.959999999999999964e+00 1.876634582598737833e+00
1.979999999999999982e+00 1.869604367381910492e+00
2.000000000000000000e+00 1.862565109908992600e+00
2.020000000000000018e+00 1.855517442717546039e+00
2.040000000000000036e+00 1.848461987551650365e+00
2.060000000000000053e+00 1.841399364411968165e+00
2.080000000000000071e+00 1.834330182405806253e+00
2.100000000000000089e+00 1.827255048783656077e+00
2.120000000000000107e+00 1.820174559818564353e+00
2.140000000000000124e+00 1.813089309822356165e+00
2.160000000000000142e+00 1.805999882060972395e+00
2.180000000000000160e+00 1.798906857743512333e+00
2.200000000000000178e+00 1.791810806979929449e+00
2.220000000000000195e+00 1.784712297735965292e+00
2.240000000000000213e+00 1.777611886839954636e+00
2.260000000000000231e+00 1.770510128896660929e+00
2.280000000000000249e+00 1.763407567349682736e+00
2.300000000000000266e+00 1.756304743347151476e+00
2.319999999999999840e+00 1.749202186866575470e+00
2.339999999999999858e+00 1.742100425525283436e+00
2.359999999999999876e+00 1.734999975774331737e+00
2.379999999999999893e+00 1.727901351646524919e+00
2.399999999999999911e+00 1.720805056026304625e+00
2.419999999999999929e+00 1.713711589328126061e+00
2.439999999999999947e+00 1.706621440849070082e+00
2.459999999999999964e+00 1.699535097370286962e+00
2.479999999999999982e+00 1.692453034599345374e+00
2.500000000000000000e+00 1.685375725687427328e+00
2.520000000000000018e+00 1.678303632768242570e+00
2.540000000000000036e+00 1.671237215383598151e+00
2.560000000000000053e+00 1.664176922125992109e+00
2.580000000000000071e+00 1.657123198965118283e+00
2.600000000000000089e+00 1.650076481001078621e+00
2.620000000000000107e+00 1.643037200684370980e+00
2.640000000000000124e+00 1.636005779686903638e+00
2.660000000000000142e+00 1.628982637007936551e+00
2.680000000000000160e+00 1.621968180969965090e+00
2.700000000000000178e+00 1.614962817203043910e+00
2.720000000000000195e+00 1.607966940772812547e+00
2.740000000000000213e+00 1.600980944035601539e+00
2.760000000000000231e+00 1.594005208905758364e+00
2.780000000000000249e+00 1.587040114573890603e+00
2.800000000000000266e+00 1.580086029920838131e+00
2.819999999999999840e+00 1.573143321091390101e+00
2.839999999999999858e+00 1.566212344062142492e+00
2.859999999999999876e+00 1.559293452062964658e+00
2.879999999999999893e+00 1.552386988306197368e+00
2.899999999999999911e+00 1.545493293248101141e+00
2.919999999999999929e+00 1.538612697486754666e+00
2.939999999999999947e+00 1.531745528855668059e+00
2.959999999999999964e+00 1.524892105497913652e+00
2.979999999999999982e+00 1.518052742784098852e+00
3.000000000000000000e+00 1.511227746570146246e+00
3.020000000000000018e+00 1.504417419931768807e+00
3.040000000000000036e+00 1.497622056613501895e+00
3.060000000000000053e+00 1.490841947571789117e+00
3.080000000000000071e+00 1.484077374622802648e+00
3.100000000000000089e+00 1.477328616786199866e+00
3.120000000000000107e+00 1.470595944139416078e+00
3.140000000000000124e+00 1.463879623954152054e+00
3.160000000000000142e+00 1.457179914764744844e+00
3.180000000000000160e+00 1.450497072289383738e+00
3.200000000000000178e+00 1.443831343720332727e+00
3.220000000000000195e+00 1.437182973421885279e+00
3.240000000000000213e+00 1.430552197450088991e+00
3.260000000000000231e+00 1.423939249019408049e+00
3.280000000000000249e+00 1.417344353259810230e+00
3.300000000000000266e+00 1.410767732444051514e+00
3.320000000000000284e+00 1.404209600989892559e+00
3.339999999999999858e+00 1.397670170439910819e+00
3.359999999999999876e+00 1.391149644716761502e+00
3.379999999999999893e+00 1.384648224847391695e+00
3.399999999999999911e+00 1.378166104479202847e+00
3.419999999999999929e+00 1.371703474340503881e+00
3.439999999999999947e+00 1.365260518025543934e+00
3.459999999999999964e+00 1.358837416183078961e+00
3.479999999999999982e+00 1.352434342578159976e+00
3.500000000000000000e+00 1.346051468000598383e+00
3.520000000000000018e+00 1.339688956611593706e+00
3.540000000000000036e+00 1.333346969563883322e+00
3.560000000000000053e+00 1.327025661641172194e+00
3.580000000000000071e+00 1.320725184581704736e+00
3.600000000000000089e+00 1.314445684018658467e+00
3.620000000000000107e+00 1.308187302498871274e+00
3.640000000000000124e+00 1.301950176732209252e+00
3.660000000000000142e+00 1.295734440297184209e+00
3.680000000000000160e+00 1.289540221207497561e+00
3.700000000000000178e+00 1.283367644296200982e+00
3.720000000000000195e+00 1.277216829107556961e+00
3.740000000000000213e+00 1.271087891951406368e+00
3.760000000000000231e+00 1.264980944128578866e+00
3.780000000000000249e+00 1.258896093647131620e+00
3.800000000000000266e+00 1.252833443789477252e+00
3.820000000000000284e+00 1.246793094482103292e+00
3.839999999999999858e+00 1.240775141212756782e+00
3.859999999999999876e+00 1.234779676045227870e+00
3.879999999999999893e+00 1.228806786894833358e+00
3.899999999999999911e+00 1.222856558179827857e+00
3.919999999999999929e+00 1.216929070463583784e+00
3.939999999999999947e+00 1.211024400734175055e+00
3.959999999999999964e+00 1.205142622421550680e+00
3.979999999999999982e+00 1.199283805296814664e+00
4.000000000000000000e+00 1.193448015872862644e+00
4.020000000000000462e+00 1.187635316914831707e+00
4.040000000000000036e+00 1.181845768232563820e+00
4.060000000000000497e+00 1.176079425793733924e+00
4.080000000000000071e+00 1.170336342916624472e+00
4.099999999999999645e+00 1.164616568977396627e+00
4.120000000000000107e+00 1.158920151011598065e+00
4.139999999999999680e+00 1.153247132006993025e+00
4.160000000000000142e+00 1.147597552922410058e+00
4.179999999999999716e+00 1.141971450557515366e+00
4.200000000000000178e+00 1.136368859997475722e+00
4.219999999999999751e+00 1.130789812051076204e+00
4.240000000000000213e+00 1.125234336129838475e+00
4.259999999999999787e+00 1.119702457245825400e+00
4.280000000000000249e+00 1.114194199333746749e+00
4.299999999999999822e+00 1.108709581799809163e+00
4.320000000000000284e+00 1.103248623295515651e+00
4.339999999999999858e+00 1.097811337808821674e+00
4.360000000000000320e+00 1.092397738898283066e+00
4.379999999999999893e+00 1.087007835317783888e+00
4.400000000000000355e+00 1.081641635719776229e+00
4.419999999999999929e+00 1.076299143804854808e+00
4.440000000000000391e+00 1.070980363502738619e+00
4.459999999999999964e+00 1.065685293637940623e+00
4.480000000000000426e+00 1.060413933597327496e+00
4.500000000000000000e+00 1.055166277503025274e+00
4.520000000000000462e+00 1.049942320375335747e+00
4.540000000000000036e+00 1.044742051804071536e+00
4.560000000000000497e+00 1.039565462615674063e+00
4.580000000000000071e+00 1.034412538034117368e+00
4.600000000000000533e+00 1.029283264861059921e+00
4.620000000000000107e+00 1.024177624117415419e+00
4.639999999999999680e+00 1.019095598745497488e+00
4.660000000000000142e+00 1.014037165722328382e+00
4.679999999999999716e+00 1.009002304292652141e+00
4.700000000000000178e+00 1.003990987545034352e+00
4.719999999999999751e+00 9.990031911847795376e-01
4.740000000000000213e+00 9.940388845638046256e-01
4.759999999999999787e+00 9.890980400024271812e-01
4.780000000000000249e+00 9.841806232640022412e-01
4.799999999999999822e+00 9.792866034346688897e-01
4.820000000000000284e+00 9.744159428336898188e-01
4.839999999999999858e+00 9.695686074601829185e-01
4.860000000000000320e+00 9.647445563300924842e-01
4.879999999999999893e+00 9.599437524990511728e-01
4.900000000000000355e+00 9.551661518168607090e-01
4.919999999999999929e+00 9.504117145356053564e-01
4.940000000000000391e+00 9.456803934724685723e-01
4.959999999999999964e+00 9.409721462123383784e-01
4.980000000000000426e+00 9.362869226697645431e-01
5.000000000000000000e+00 9.316246778952429475e-01
5.020000000000000462e+00 9.269853590270784593e-01
5.040000000000000036e+00 9.223689187106662857e-01
5.060000000000000497e+00 9.177753014309795176e-01
5.080000000000000071e+00 9.132044575541179432e-01
5.100000000000000533e+00 9.086563290311145957e-01
5.120000000000000107e+00 9.041308640711480660e-01
5.139999999999999680e+00 8.996280022072978833e-01
5.160000000000000142e+00 8.951476896107929404e-01
5.179999999999999716e+00 8.906898635093151162e-01
5.200000000000000178e+00 8.862544681517646739e-01
5.219999999999999751e+00 8.818414385696685676e-01
5.240000000000000213e+00 8.774507172019153645e-01
5.259999999999999787e+00 8.730822369897731638e-01
5.280000000000000249e+00 8.687359386711740461e-01
5.299999999999999822e+00 8.644117531998206649e-01
5.320000000000000284e+00 8.601096197185394976e-01
5.339999999999999858e+00 8.558294672929086522e-01
5.360000000000000320e+00 8.515712335733617300e-01
5.379999999999999893e+00 8.473348458336773525e-01
5.400000000000000355e+00 8.431202403314997929e-01
5.419999999999999929e+00 8.389273426420092994e-01
5.440000000000000391e+00 8.347560877266234636e-01
5.459999999999999964e+00 8.306063995521245635e-01
5.480000000000000426e+00 8.264782118772778796e-01
5.500000000000000000e+00 8.223714471476435417e-01
5.520000000000000462e+00 8.182860380099870046e-01
5.540000000000000036e+00 8.142219054729248340e-01
5.560000000000000497e+00 8.101789811590063284e-01
5.580000000000000071e+00 8.061571847212901654e-01
5.600000000000000533e+00 8.021564468430643080e-01
5.620000000000000107e+00 7.981766859004418846e-01
5.639999999999999680e+00 7.942178317196687543e-01
5.660000000000000142e+00 7.902798014757255185e-01
5.679999999999999716e+00 7.863625242173410967e-01
5.700000000000000178e+00 7.824659159915193785e-01
5.719999999999999751e+00 7.785899051463585074e-01
5.740000000000000213e+00 7.747344066713875987e-01
5.759999999999999787e+00 7.708993482883854664e-01
5.780000000000000249e+00 7.670846439973503239e-01
5.799999999999999822e+00 7.632902209655435533e-01
5.820000000000000284e+00 7.595159922688422549e-01
5.839999999999999858e+00 7.557618845893341319e-01
5.860000000000000320e+00 7.520278101417444683e-01
5.879999999999999893e+00 7.483136951899406197e-01
5.900000000000000355e+00 7.446194511480488387e-01
5.919999999999999929e+00 7.409450039263262289e-01
5.940000000000000391e+00 7.372902641965348725e-01
5.959999999999999964e+00 7.336551575776643075e-01
5.980000000000000426e+00 7.300395940550342688e-01
6.000000000000000000e+00 7.264434990164849726e-01
6.020000000000000462e+00 7.228667818146240487e-01
6.040000000000000036e+00 7.193093676640950340e-01
6.060000000000000497e+00 7.157711653363300064e-01
6.080000000000000071e+00 7.122520999286329202e-01
6.100000000000000533e+00 7.087520796806937584e-01
6.120000000000000107e+00 7.052710296262909573e-01
6.140000000000000568e+00 7.018088575207418467e-01
6.160000000000000142e+00 6.983654883861050156e-01
6.179999999999999716e+00 6.949408295387132783e-01
6.200000000000000178e+00 6.915348060387923601e-01
6.219999999999999751e+00 6.881473248070936188e-01
6.240000000000000213e+00 6.847783109900071885e-01
6.259999999999999787e+00 6.814276711542593956e-01
6.280000000000000249e+00 6.780953305785746288e-01
6.299999999999999822e+00 6.747811955153186769e-01
6.320000000000000284e+00 6.714851914199497784e-01
6.339999999999999858e+00 6.682072242683909646e-01
6.360000000000000320e+00 6.649472197355048575e-01
6.379999999999999893e+00 6.617050835569194822e-01
6.400000000000000355e+00 6.584807416679041570e-01
6.419999999999999929e+00 6.552740995982710981e-01
6.440000000000000391e+00 6.520850835830818149e-01
6.459999999999999964e+00 6.489135989791509074e-01
6.480000000000000426e+00 6.457595723591401660e-01
6.500000000000000000e+00 6.426229089381184645e-01
6.520000000000000462e+00 6.395035356626367351e-01
6.540000000000000036e+00 6.364013576356940538e-01
6.560000000000000497e+00 6.333163022125402053e-01
6.580000000000000071e+00 6.302482744123165670e-01
6.600000000000000533e+00 6.271972020323607344e-01
6.620000000000000107e+00 6.241629900346771231e-01
6.640000000000000568e+00 6.211455666906912088e-01
6.660000000000000142e+00 6.181448369306220547e-01
6.679999999999999716e+00 6.151607295306412704e-01
6.700000000000000178e+00 6.121931494131349627e-01
6.719999999999999751e+00 6.092420258883933792e-01
6.740000000000000213e+00 6.063072638936267689e-01
6.759999999999999787e+00 6.033887933013598603e-01
6.780000000000000249e+00 6.004865190849792977e-01
6.799999999999999822e+00 5.976003717061513232e-01
6.820000000000000284e+00 5.947302561945718713e-01
6.839999999999999858e+00 5.918761036267898845e-01
6.860000000000000320e+00 5.890378191077200176e-01
6.879999999999999893e+00 5.862153343534025618e-01
6.900000000000000355e+00 5.834085545617456736e-01
6.919999999999999929e+00 5.806174121118027331e-01
6.940000000000000391e+00 5.778418123110998783e-01
6.959999999999999964e+00 5.750816882241632788e-01
6.980000000000000426e+00 5.723369452837032689e-01
7.000000000000000000e+00 5.696075172611790860e-01
7.020000000000000462e+00 5.668933097289625689e-01
7.040000000000000036e+00 5.641942571859253075e-01
7.060000000000000497e+00 5.615102653575948510e-01
7.080000000000000071e+00 5.588412694897829658e-01
7.100000000000000533e+00 5.561871754736614770e-01
7.120000000000000107e+00 5.535479193206083171e-01
7.140000000000000568e+00 5.509234070989996734e-01
7.160000000000000142e+00 5.483135756035313335e-01
7.179999999999999716e+00 5.457183310904013540e-01
7.200000000000000178e+00 5.431376111545274110e-01
7.219999999999999751e+00 5.405713222496947301e-01
7.240000000000000213e+00 5.380194027871386675e-01
7.259999999999999787e+00 5.354817594271084058e-01
7.280000000000000249e+00 5.329583314124728410e-01
7.299999999999999822e+00 5.304490256180224295e-01
7.320000000000000284e+00 5.279537821328270653e-01
7.339999999999999858e+00 5.254725080534824455e-01
7.360000000000000320e+00 5.230051443291007240e-01
7.379999999999999893e+00 5.205515982846007361e-01
7.400000000000000355e+00 5.181118117422852665e-01
7.419999999999999929e+00 5.156856922611456895e-01
7.440000000000000391e+00 5.132731825491694266e-01
7.459999999999999964e+00 5.108741904044773463e-01
7.480000000000000426e+00 5.084886594325893627e-01
7.500000000000000000e+00 5.061164976751048039e-01
7.520000000000000462e+00 5.037576496463083142e-01
7.540000000000000036e+00 5.014120236349993709e-01
7.560000000000000497e+00 4.990795650748734991e-01
7.580000000000000071e+00 4.967601825049650643e-01
7.600000000000000533e+00 4.944538222884644618e-01
7.620000000000000107e+00 4.921603932171116358e-01
7.640000000000000568e+00 4.898798425931410461e-01
7.660000000000000142e+00 4.876120794628209798e-01
7.679999999999999716e+00 4.853570520764616258e-01
7.700000000000000178e+00 4.831146697361636266e-01
7.719999999999999751e+00 4.808848816488393019e-01
7.740000000000000213e+00 4.786675973731412959e-01
7.759999999999999787e+00 4.764627670806503290e-01
7.780000000000000249e+00 4.742703005867889288e-01
7.799999999999999822e+00 4.720901490354156294e-01
7.820000000000000284e+00 4.699222224984033747e-01
7.839999999999999858e+00 4.677664730990645503e-01
7.860000000000000320e+00 4.656228111649517443e-01
7.879999999999999893e+00 4.634911898055964485e-01
7.900000000000000355e+00 4.613715196029525289e-01
7.919999999999999929e+00 4.592637546591429865e-01
7.940000000000000391e+00 4.571678058088314289e-01
7.959999999999999964e+00 4.550836281527280147e-01
7.980000000000000426e+00 4.530111327760429352e-01
8.000000000000000000e+00 4.509502757837128284e-01
8.019999999999999574e+00 4.489009685089558332e-01
8.040000000000000924e+00 4.468631680662305539e-01
8.060000000000000497e+00 4.448367860337887891e-01
8.080000000000000071e+00 4.428217805405837981e-01
8.099999999999999645e+00 4.408180634065813619e-01
8.120000000000000995e+00 4.388255937798909989e-01
8.140000000000000568e+00 4.368442837184691174e-01
8.160000000000000142e+00 4.348740933939526099e-01
8.179999999999999716e+00 4.329149350982487987e-01
8.199999999999999289e+00 4.309667700306101246e-01
8.220000000000000639e+00 4.290295107124883489e-01
8.240000000000000213e+00 4.271031193745777332e-01
8.259999999999999787e+00 4.251875087631724615e-01
8.279999999999999361e+00 4.232826421439866427e-01
8.300000000000000711e+00 4.213884324831123074e-01
8.320000000000000284e+00 4.195048440846255167e-01
8.339999999999999858e+00 4.176317901291077828e-01
8.359999999999999432e+00 4.157692359621084077e-01
8.380000000000000782e+00 4.139170949730895943e-01
8.400000000000000355e+00 4.120753335519671823e-01
8.419999999999999929e+00 4.102438652912277495e-01
8.439999999999999503e+00 4.084226576278525700e-01
8.460000000000000853e+00 4.066116243512039596e-01
8.480000000000000426e+00 4.048107339478375089e-01
8.500000000000000000e+00 4.030199003976365213e-01
8.519999999999999574e+00 4.012390932390600962e-01
8.540000000000000924e+00 3.994682266358808853e-01
8.560000000000000497e+00 3.977072711806228789e-01
8.580000000000000071e+00 3.959561412141360814e-01
8.599999999999999645e+00 3.942148083850033347e-01
8.620000000000000995e+00 3.924831872040927538e-01
8.640000000000000568e+00 3.907612503778944979e-01
8.660000000000000142e+00 3.890489125800671855e-01
8.679999999999999716e+00 3.873461475767195905e-01
8.700000000000001066e+00 3.856528701968421902e-01
8.720000000000000639e+00 3.839690552677386681e-01
8.740000000000000213e+00 3.822946177661311618e-01
8.759999999999999787e+00 3.806295335819655512e-01
8.779999999999999361e+00 3.789737178318904331e-01
8.800000000000000711e+00 3.773271474698274841e-01
8.820000000000000284e+00 3.756897377444124442e-01
8.839999999999999858e+00 3.740614666747751338e-01
8.859999999999999432e+00 3.724422496334089949e-01
8.880000000000000782e+00 3.708320657057749270e-01
8.900000000000000355e+00 3.692308303799936575e-01
8.919999999999999929e+00 3.676385238088761276e-01
8.939999999999999503e+00 3.660550615877670722e-01
8.960000000000000853e+00 3.644804249377704419e-01
8.980000000000000426e+00 3.629145295529533910e-01
9.000000000000000000e+00 3.613573577235703604e-01
9.019999999999999574e+00 3.598088252337502402e-01
9.040000000000000924e+00 3.582689154436800028e-01
9.060000000000000497e+00 3.567375442188243650e-01
9.080000000000000071e+00 3.552146959899959433e-01
9.099999999999999645e+00 3.537002866951325930e-01
9.120000000000000995e+00 3.521943018363082878e-01
9.140000000000000568e+00 3.506966574150029992e-01
9.160000000000000142e+00 3.492073400051359799e-01
9.179999999999999716e+00 3.477262656626550208e-01
9.200000000000001066e+00 3.462534220338485680e-01
9.220000000000000639e+00 3.447887252200468322e-01
9.240000000000000213e+00 3.433321639403448811e-01
9.259999999999999787e+00 3.418836543322490984e-01
9.279999999999999361e+00 3.404431861880725108e-01
9.300000000000000711e+00 3.390106756722546244e-01
9.320000000000000284e+00 3.375861136506948523e-01
9.339999999999999858e+00 3.361694163054164686e-01
9.359999999999999432e+00 3.347605755762219637e-01
9.380000000000000782e+00 3.333595076533716894e-01
9.400000000000000355e+00 3.319662055508231790e-01
9.419999999999999929e+00 3.305805854576474578e-01
9.439999999999999503e+00 3.292026414622012953e-01
9.460000000000000853e+00 3.278322897429031824e-01
9.480000000000000426e+00 3.264695254627094090e-01
9.500000000000000000e+00 3.251142647798764829e-01
9.519999999999999574e+00 3.237665039321093174e-01
9.540000000000000924e+00 3.224261590480120288e-01
9.560000000000000497e+00 3.210932274401428477e-01
9.580000000000000071e+00 3.197676251979049700e-01
9.599999999999999645e+00 3.184493507088010378e-01
9.620000000000000995e+00 3.171383200134865743e-01
