# Electrodo circular de radio 6 mm y espesor 710.0 um.
# Volumen de simulacion (convencion z,y,x):
# N: 1024 x 1024 x 1024 | voxelSize:  0.02mm x 0.02mm x 0.02mm | FOV:  20.48mm x 20.48mm x 20.48mm
# 
# z [mm]		 delta[ppm]
0.000000000000000000e+00 2.945256997933766385e+00
2.000000000000000042e-02 2.938472704940983338e+00
4.000000000000000083e-02 2.931503986711174736e+00
5.999999999999999778e-02 2.924353789855392183e+00
8.000000000000000167e-02 2.917025161414773304e+00
1.000000000000000056e-01 2.909521207618916971e+00
1.199999999999999956e-01 2.901845085376021594e+00
1.400000000000000133e-01 2.893999999236811949e+00
1.600000000000000033e-01 2.885989193796413943e+00
1.799999999999999933e-01 2.877815956221848825e+00
2.000000000000000111e-01 2.869483606501176176e+00
2.200000000000000011e-01 2.860995501429852261e+00
2.399999999999999911e-01 2.852355024127610328e+00
2.600000000000000089e-01 2.843565588692604784e+00
2.800000000000000266e-01 2.834630629211782882e+00
2.999999999999999889e-01 2.825553604978912947e+00
3.200000000000000067e-01 2.816337989064806369e+00
3.400000000000000244e-01 2.806987274057886950e+00
3.599999999999999867e-01 2.797504960282987341e+00
3.800000000000000044e-01 2.787894562044762381e+00
4.000000000000000222e-01 2.778159595510068858e+00
4.199999999999999845e-01 2.768303585448157911e+00
4.400000000000000022e-01 2.758330052831473811e+00
4.600000000000000200e-01 2.748242522067668503e+00
4.799999999999999822e-01 2.738044508325415016e+00
5.000000000000000000e-01 2.727739525258598530e+00
5.200000000000000178e-01 2.717331072095149569e+00
5.400000000000000355e-01 2.706822641851795996e+00
5.600000000000000533e-01 2.696217708190326690e+00
5.799999999999999600e-01 2.685519734123285041e+00
5.999999999999999778e-01 2.674732158665454218e+00
6.199999999999999956e-01 2.663858406028457360e+00
6.400000000000000133e-01 2.652901872070630773e+00
6.600000000000000311e-01 2.641865933978991610e+00
6.800000000000000488e-01 2.630753936538232640e+00
7.000000000000000666e-01 2.619569202296185395e+00
7.199999999999999734e-01 2.608315017653929591e+00
7.399999999999999911e-01 2.596994643510730949e+00
7.600000000000000089e-01 2.585611301190665401e+00
7.800000000000000266e-01 2.574168183560929357e+00
8.000000000000000444e-01 2.562668440795782931e+00
8.200000000000000622e-01 2.551115191961623729e+00
8.399999999999999689e-01 2.539511510629590241e+00
8.599999999999999867e-01 2.527860436919042275e+00
8.800000000000000044e-01 2.516164962958489237e+00
9.000000000000000222e-01 2.504428045378536805e+00
9.200000000000000400e-01 2.492652590629319320e+00
9.400000000000000577e-01 2.480841467912505482e+00
9.599999999999999645e-01 2.468997494353962097e+00
9.799999999999999822e-01 2.457123448363903950e+00
1.000000000000000000e+00 2.445222054670549205e+00
1.020000000000000018e+00 2.433295998096282720e+00
1.040000000000000036e+00 2.421347908450372621e+00
1.060000000000000053e+00 2.409380374708657957e+00
1.080000000000000071e+00 2.397395929769284617e+00
1.100000000000000089e+00 2.385397065022493823e+00
1.120000000000000107e+00 2.373386214967096119e+00
1.140000000000000124e+00 2.361365772156636123e+00
1.159999999999999920e+00 2.349338071679403672e+00
1.179999999999999938e+00 2.337305406466631652e+00
1.199999999999999956e+00 2.325270011633669309e+00
1.219999999999999973e+00 2.313234080135714077e+00
1.239999999999999991e+00 2.301199746972254268e+00
1.260000000000000009e+00 2.289169105175411278e+00
1.280000000000000027e+00 2.277144189875490721e+00
1.300000000000000044e+00 2.265126994607013167e+00
1.320000000000000062e+00 2.253119455237194035e+00
1.340000000000000080e+00 2.241123466574501677e+00
1.360000000000000098e+00 2.229140866158358492e+00
1.380000000000000115e+00 2.217173451155174835e+00
1.400000000000000133e+00 2.205222962011149423e+00
1.419999999999999929e+00 2.193291099620644502e+00
1.439999999999999947e+00 2.181379508841043258e+00
1.459999999999999964e+00 2.169489795918519093e+00
1.479999999999999982e+00 2.157623511867160282e+00
1.500000000000000000e+00 2.145782170137245704e+00
1.520000000000000018e+00 2.133967229858385384e+00
1.540000000000000036e+00 2.122180113735672613e+00
1.560000000000000053e+00 2.110422191159563088e+00
1.580000000000000071e+00 2.098694796315415445e+00
1.600000000000000089e+00 2.086999211160766254e+00
1.620000000000000107e+00 2.075336683734077869e+00
1.640000000000000124e+00 2.063708411002762144e+00
1.660000000000000142e+00 2.052115557357172992e+00
1.679999999999999938e+00 2.040559237330967335e+00
1.699999999999999956e+00 2.029040534266721263e+00
1.719999999999999973e+00 2.017560482912698738e+00
1.739999999999999991e+00 2.006120088246677202e+00
1.760000000000000009e+00 1.994720307951714622e+00
1.780000000000000027e+00 1.983362071385109671e+00
1.800000000000000044e+00 1.972046261937993483e+00
1.820000000000000062e+00 1.960773736136630196e+00
1.840000000000000080e+00 1.949545305889352376e+00
1.860000000000000098e+00 1.938361757707721678e+00
1.880000000000000115e+00 1.927223834846382822e+00
1.900000000000000133e+00 1.916132256631881914e+00
1.919999999999999929e+00 1.905087700499835890e+00
1.939999999999999947e+00 1.894090821419540438e+00
1.959999999999999964e+00 1.883142233834729007e+00
1.979999999999999982e+00 1.872242531172316538e+00
2.000000000000000000e+00 1.861392267692004499e+00
2.020000000000000018e+00 1.850591978067824828e+00
2.040000000000000036e+00 1.839842159153513235e+00
2.060000000000000053e+00 1.829143289625748459e+00
2.080000000000000071e+00 1.818495811671296813e+00
2.100000000000000089e+00 1.807900150681081453e+00
2.120000000000000107e+00 1.797356696866656778e+00
2.140000000000000124e+00 1.786865824994469110e+00
2.160000000000000142e+00 1.776427875938307199e+00
2.180000000000000160e+00 1.766043176443361729e+00
2.200000000000000178e+00 1.755712020622724134e+00
2.220000000000000195e+00 1.745434689741007350e+00
2.240000000000000213e+00 1.735211433662160241e+00
2.260000000000000231e+00 1.725042490642628046e+00
2.280000000000000249e+00 1.714928068738985845e+00
2.300000000000000266e+00 1.704868365600793245e+00
2.319999999999999840e+00 1.694863549845786022e+00
2.339999999999999858e+00 1.684913780842743236e+00
2.359999999999999876e+00 1.675019190063143704e+00
2.379999999999999893e+00 1.665179900844468763e+00
2.399999999999999911e+00 1.655396009726499029e+00
2.419999999999999929e+00 1.645667606185654552e+00
2.439999999999999947e+00 1.635994753965129389e+00
2.459999999999999964e+00 1.626377510770958601e+00
2.479999999999999982e+00 1.616815909604518486e+00
2.500000000000000000e+00 1.607309978411121998e+00
2.520000000000000018e+00 1.597859721424351065e+00
2.540000000000000036e+00 1.588465138758086592e+00
2.560000000000000053e+00 1.579126207771440082e+00
2.580000000000000071e+00 1.569842902595235623e+00
2.600000000000000089e+00 1.560615175527176879e+00
2.620000000000000107e+00 1.551442976483858427e+00
2.640000000000000124e+00 1.542326234435163146e+00
2.660000000000000142e+00 1.533264876772938212e+00
2.680000000000000160e+00 1.524258810794424823e+00
2.700000000000000178e+00 1.515307942978791234e+00
2.720000000000000195e+00 1.506412160528744160e+00
2.740000000000000213e+00 1.497571350546184732e+00
2.760000000000000231e+00 1.488785381641882344e+00
2.780000000000000249e+00 1.480054123001554700e+00
2.800000000000000266e+00 1.471377426072865147e+00
2.819999999999999840e+00 1.462755143513277734e+00
2.839999999999999858e+00 1.454187110964314522e+00
2.859999999999999876e+00 1.445673165872564114e+00
2.879999999999999893e+00 1.437213129360527031e+00
2.899999999999999911e+00 1.428806824912207452e+00
2.919999999999999929e+00 1.420454060350508474e+00
2.939999999999999947e+00 1.412154646378814826e+00
2.959999999999999964e+00 1.403908378674324942e+00
2.979999999999999982e+00 1.395715056277119670e+00
3.000000000000000000e+00 1.387574463809343239e+00
3.020000000000000018e+00 1.379486389703261207e+00
3.040000000000000036e+00 1.371450608555669470e+00
3.060000000000000053e+00 1.363466899186443593e+00
3.080000000000000071e+00 1.355535027138107029e+00
3.100000000000000089e+00 1.347654762556371288e+00
3.120000000000000107e+00 1.339825862844243431e+00
3.140000000000000124e+00 1.332048090356110048e+00
3.160000000000000142e+00 1.324321195216227487e+00
3.180000000000000160e+00 1.316644932817907288e+00
3.200000000000000178e+00 1.309019046815723453e+00
3.220000000000000195e+00 1.301443286421382961e+00
3.240000000000000213e+00 1.293917389579421151e+00
3.260000000000000231e+00 1.286441100051340714e+00
3.280000000000000249e+00 1.279014150784094861e+00
3.300000000000000266e+00 1.271636280774086636e+00
3.320000000000000284e+00 1.264307218638135222e+00
3.339999999999999858e+00 1.257026699248945834e+00
3.359999999999999876e+00 1.249794447517799778e+00
3.379999999999999893e+00 1.242610194793096312e+00
3.399999999999999911e+00 1.235473662864392086e+00
3.419999999999999929e+00 1.228384580115643221e+00
3.439999999999999947e+00 1.221342665759744595e+00
3.459999999999999964e+00 1.214347645738123260e+00
3.479999999999999982e+00 1.207399237195294850e+00
3.500000000000000000e+00 1.200497164116460569e+00
3.520000000000000018e+00 1.193641142051159232e+00
3.540000000000000036e+00 1.186830893480537608e+00
3.560000000000000053e+00 1.180066132799517886e+00
3.580000000000000071e+00 1.173346581405413813e+00
3.600000000000000089e+00 1.166671952947615276e+00
3.620000000000000107e+00 1.160041968129244871e+00
3.640000000000000124e+00 1.153456340233671940e+00
3.660000000000000142e+00 1.146914789630925080e+00
3.680000000000000160e+00 1.140417029589935627e+00
3.700000000000000178e+00 1.133962780481415633e+00
3.720000000000000195e+00 1.127551755885067397e+00
3.740000000000000213e+00 1.121183676480668856e+00
3.760000000000000231e+00 1.114858256459035246e+00
3.780000000000000249e+00 1.108575217093079823e+00
3.800000000000000266e+00 1.102334273461649694e+00
3.820000000000000284e+00 1.096135147692315348e+00
3.839999999999999858e+00 1.089977556006814785e+00
3.859999999999999876e+00 1.083861221627357541e+00
3.879999999999999893e+00 1.077785862152674579e+00
3.899999999999999911e+00 1.071751202119656243e+00
3.919999999999999929e+00 1.065756960718628354e+00
3.939999999999999947e+00 1.059802864002151512e+00
3.959999999999999964e+00 1.053888632948437820e+00
3.979999999999999982e+00 1.048013995309130753e+00
4.000000000000000000e+00 1.042178674029426100e+00
4.020000000000000462e+00 1.036382398726693577e+00
4.040000000000000036e+00 1.030624894476079634e+00
4.060000000000000497e+00 1.024905892911881056e+00
4.080000000000000071e+00 1.019225121387071775e+00
4.099999999999999645e+00 1.013582313689333603e+00
4.120000000000000107e+00 1.007977199583209860e+00
4.139999999999999680e+00 1.002409515132694828e+00
4.160000000000000142e+00 9.968789926344171493e-01
4.179999999999999716e+00 9.913853705387248860e-01
4.200000000000000178e+00 9.859283837824747154e-01
4.219999999999999751e+00 9.805077733006063445e-01
4.240000000000000213e+00 9.751232767668160939e-01
4.259999999999999787e+00 9.697746376876037466e-01
4.280000000000000249e+00 9.644615965593480444e-01
4.299999999999999822e+00 9.591838995368192622e-01
4.320000000000000284e+00 9.539412900148760421e-01
4.339999999999999858e+00 9.487335168634675187e-01
4.360000000000000320e+00 9.435603264423768621e-01
4.379999999999999893e+00 9.384214703947731939e-01
4.400000000000000355e+00 9.333166981031038034e-01
4.419999999999999929e+00 9.282457640332792970e-01
4.440000000000000391e+00 9.232084206400651416e-01
4.459999999999999964e+00 9.182044252539760532e-01
4.480000000000000426e+00 9.132335334442411856e-01
4.500000000000000000e+00 9.082955054404969752e-01
4.520000000000000462e+00 9.033900999615946947e-01
4.540000000000000036e+00 8.985170801642402560e-01
4.560000000000000497e+00 8.936762079456136432e-01
4.580000000000000071e+00 8.888672494111010680e-01
4.600000000000000533e+00 8.840899696589342716e-01
4.620000000000000107e+00 8.793441377591726393e-01
4.639999999999999680e+00 8.746295220282919169e-01
4.660000000000000142e+00 8.699458945115982056e-01
4.679999999999999716e+00 8.652930267558909261e-01
4.700000000000000178e+00 8.606706937875182595e-01
4.719999999999999751e+00 8.560786703909776252e-01
4.740000000000000213e+00 8.515167345748235750e-01
4.759999999999999787e+00 8.469846643642865436e-01
4.780000000000000249e+00 8.424822407472568608e-01
4.799999999999999822e+00 8.380092449887381889e-01
4.820000000000000284e+00 8.335654610491662897e-01
4.839999999999999858e+00 8.291506734286983038e-01
4.860000000000000320e+00 8.247646690501307942e-01
4.879999999999999893e+00 8.204072356408007582e-01
4.900000000000000355e+00 8.160781630723688007e-01
4.919999999999999929e+00 8.117772422883086092e-01
4.940000000000000391e+00 8.075042660928322125e-01
4.959999999999999964e+00 8.032590286317047301e-01
4.980000000000000426e+00 7.990413256225962213e-01
5.000000000000000000e+00 7.948509543971609137e-01
5.020000000000000462e+00 7.906877135651269040e-01
5.040000000000000036e+00 7.865514036253176133e-01
5.060000000000000497e+00 7.824418260558005933e-01
5.080000000000000071e+00 7.783587845017545526e-01
5.100000000000000533e+00 7.743020832839826451e-01
5.120000000000000107e+00 7.702715291713077006e-01
5.139999999999999680e+00 7.662669292997600357e-01
5.160000000000000142e+00 7.622880935373853584e-01
5.179999999999999716e+00 7.583348318064335736e-01
5.200000000000000178e+00 7.544069570482234699e-01
5.219999999999999751e+00 7.505042819406575472e-01
5.240000000000000213e+00 7.466266224710178534e-01
5.259999999999999787e+00 7.427737940411180961e-01
5.280000000000000249e+00 7.389456156556715172e-01
5.299999999999999822e+00 7.351419054074140869e-01
5.320000000000000284e+00 7.313624852888951366e-01
5.339999999999999858e+00 7.276071760498920016e-01
5.360000000000000320e+00 7.238758026402555279e-01
5.379999999999999893e+00 7.201681884319279803e-01
5.400000000000000355e+00 7.164841613007182364e-01
5.419999999999999929e+00 7.128235472052127930e-01
5.440000000000000391e+00 7.091861769151299733e-01
5.459999999999999964e+00 7.055718789394156421e-01
5.480000000000000426e+00 7.019804869090536803e-01
5.500000000000000000e+00 6.984118318466323583e-01
5.520000000000000462e+00 6.948657502112556283e-01
5.540000000000000036e+00 6.913420755018605535e-01
5.560000000000000497e+00 6.878406469721261018e-01
5.580000000000000071e+00 6.843613005597871668e-01
5.600000000000000533e+00 6.809038782792237177e-01
5.620000000000000107e+00 6.774682184690090647e-01
5.639999999999999680e+00 6.740541658701079131e-01
5.660000000000000142e+00 6.706615611838722124e-01
5.679999999999999716e+00 6.672902518435541719e-01
5.700000000000000178e+00 6.639400808749489347e-01
5.719999999999999751e+00 6.606108983691949543e-01
5.740000000000000213e+00 6.573025496382282062e-01
5.759999999999999787e+00 6.540148873966161736e-01
5.780000000000000249e+00 6.507477592039736525e-01
5.799999999999999822e+00 6.475010203638502659e-01
5.820000000000000284e+00 6.442745206452246132e-01
5.839999999999999858e+00 6.410681179062300838e-01
5.860000000000000320e+00 6.378816640868250065e-01
5.879999999999999893e+00 6.347150195654421845e-01
5.900000000000000355e+00 6.315680384148738558e-01
5.919999999999999929e+00 6.284405834997043305e-01
5.940000000000000391e+00 6.253325109874324772e-01
5.959999999999999964e+00 6.222436861948358322e-01
5.980000000000000426e+00 6.191739673463002580e-01
6.000000000000000000e+00 6.161232221770553963e-01
6.020000000000000462e+00 6.130913109306470599e-01
6.040000000000000036e+00 6.100781037272657858e-01
6.060000000000000497e+00 6.070834627922561122e-01
6.080000000000000071e+00 6.041072605975627008e-01
6.100000000000000533e+00 6.011493613131156932e-01
6.120000000000000107e+00 5.982096397297080870e-01
6.140000000000000568e+00 5.952879619250637244e-01
6.160000000000000142e+00 5.923842049762504391e-01
6.179999999999999716e+00 5.894982368321791677e-01
6.200000000000000178e+00 5.866299368239775713e-01
6.219999999999999751e+00 5.837791747355934868e-01
6.240000000000000213e+00 5.809458321203624376e-01
6.259999999999999787e+00 5.781297805613547780e-01
6.280000000000000249e+00 5.753309038026507283e-01
6.299999999999999822e+00 5.725490751910119469e-01
6.320000000000000284e+00 5.697841806302047507e-01
6.339999999999999858e+00 5.670360951955035755e-01
6.360000000000000320e+00 5.643047069197189014e-01
6.379999999999999893e+00 5.615898925719756685e-01
6.400000000000000355e+00 5.588915422839121350e-01
6.419999999999999929e+00 5.562095344841125888e-01
6.440000000000000391e+00 5.535437613732646644e-01
6.459999999999999964e+00 5.508941030055549692e-01
6.480000000000000426e+00 5.482604536213920854e-01
6.500000000000000000e+00 5.456426948669902410e-01
6.520000000000000462e+00 5.430407229935995117e-01
6.540000000000000036e+00 5.404544212064336106e-01
6.560000000000000497e+00 5.378836877391691695e-01
6.580000000000000071e+00 5.353284073232832396e-01
6.600000000000000533e+00 5.327884801469295883e-01
6.620000000000000107e+00 5.302637924356697896e-01
6.640000000000000568e+00 5.277542463046518417e-01
6.660000000000000142e+00 5.252597294416325724e-01
6.679999999999999716e+00 5.227801458617434838e-01
6.700000000000000178e+00 5.203153846836173768e-01
6.719999999999999751e+00 5.178653517958333730e-01
6.740000000000000213e+00 5.154299377168694019e-01
6.759999999999999787e+00 5.130090501826909399e-01
6.780000000000000249e+00 5.106025810811537502e-01
6.799999999999999822e+00 5.082104399700305697e-01
6.820000000000000284e+00 5.058325200763724716e-01
6.839999999999999858e+00 5.034687327546588653e-01
6.860000000000000320e+00 5.011189725415169383e-01
6.879999999999999893e+00 4.987831525635004204e-01
6.900000000000000355e+00 4.964611686374871269e-01
6.919999999999999929e+00 4.941529356379522619e-01
6.940000000000000391e+00 4.918583506332456778e-01
6.959999999999999964e+00 4.895773302220828849e-01
6.980000000000000426e+00 4.873097726957884568e-01
7.000000000000000000e+00 4.850555963541164917e-01
7.020000000000000462e+00 4.828147006834141441e-01
7.040000000000000036e+00 4.805870056617363439e-01
7.060000000000000497e+00 4.783724119427743560e-01
7.080000000000000071e+00 4.761708411606112024e-01
7.100000000000000533e+00 4.739821951091447993e-01
7.120000000000000107e+00 4.718063970566818144e-01
7.140000000000000568e+00 4.696433499104432086e-01
7.160000000000000142e+00 4.674929785516160341e-01
7.179999999999999716e+00 4.653551869743962066e-01
7.200000000000000178e+00 4.632299016519606516e-01
7.219999999999999751e+00 4.611170276393754541e-01
7.240000000000000213e+00 4.590164929813773664e-01
7.259999999999999787e+00 4.569282037683217168e-01
7.280000000000000249e+00 4.548520895965170729e-01
7.299999999999999822e+00 4.527880575662547313e-01
7.320000000000000284e+00 4.507360388058747613e-01
7.339999999999999858e+00 4.486959414007756219e-01
7.360000000000000320e+00 4.466676979922298285e-01
7.379999999999999893e+00 4.446512176261151472e-01
7.400000000000000355e+00 4.426464344379771876e-01
7.419999999999999929e+00 4.406532584100555927e-01
7.440000000000000391e+00 4.386716251539379274e-01
7.459999999999999964e+00 4.367014455643056237e-01
7.480000000000000426e+00 4.347426567109853868e-01
7.500000000000000000e+00 4.327951703776782844e-01
7.520000000000000462e+00 4.308589250750647359e-01
7.540000000000000036e+00 4.289338334526278662e-01
7.560000000000000497e+00 4.270198354449430966e-01
7.580000000000000071e+00 4.251168445445078770e-01
7.600000000000000533e+00 4.232248020932388166e-01
7.620000000000000107e+00 4.213436224040600364e-01
7.640000000000000568e+00 4.194732482100925752e-01
7.660000000000000142e+00 4.176135946225640883e-01
7.679999999999999716e+00 4.157646057500579140e-01
7.700000000000000178e+00 4.139261974801308752e-01
7.719999999999999751e+00 4.120983152814927108e-01
7.740000000000000213e+00 4.102808757965173969e-01
7.759999999999999787e+00 4.084738258390963050e-01
7.780000000000000249e+00 4.066770827850396119e-01
7.799999999999999822e+00 4.048905947788628001e-01
7.820000000000000284e+00 4.031142799088855422e-01
7.839999999999999858e+00 4.013480876360737692e-01
7.860000000000000320e+00 3.995919367404387468e-01
7.879999999999999893e+00 3.978457779856089394e-01
7.900000000000000355e+00 3.961095308229090062e-01
7.919999999999999929e+00 3.943831473052137881e-01
7.940000000000000391e+00 3.926665475348816159e-01
7.959999999999999964e+00 3.909596848409876424e-01
7.980000000000000426e+00 3.892624799570758576e-01
8.000000000000000000e+00 3.875748874757384832e-01
8.019999999999999574e+00 3.858968287419318743e-01
8.040000000000000924e+00 3.842282595994526706e-01
8.060000000000000497e+00 3.825691019853147412e-01
8.080000000000000071e+00 3.809193129825569346e-01
8.099999999999999645e+00 3.792788151009617859e-01
8.120000000000000995e+00 3.776475666511988627e-01
8.140000000000000568e+00 3.760254906969452415e-01
8.160000000000000142e+00 3.744125467652387740e-01
8.179999999999999716e+00 3.728086584548068183e-01
8.199999999999999289e+00 3.712137864981460700e-01
8.220000000000000639e+00 3.696278550105969174e-01
8.240000000000000213e+00 3.680508259195418019e-01
8.259999999999999787e+00 3.664826238385187063e-01
8.279999999999999361e+00 3.649232118795595614e-01
8.300000000000000711e+00 3.633725151363838557e-01
8.320000000000000284e+00 3.618304978957622153e-01
8.339999999999999858e+00 3.602970857135826543e-01
8.359999999999999432e+00 3.587722440417840386e-01
8.380000000000000782e+00 3.572558988807894576e-01
8.400000000000000355e+00 3.557480168384567487e-01
8.419999999999999929e+00 3.542485243421053531e-01
8.439999999999999503e+00 3.527573891465797251e-01
8.460000000000000853e+00 3.512745380888354640e-01
8.480000000000000426e+00 3.497999400620904753e-01
8.500000000000000000e+00 3.483335222956439603e-01
8.519999999999999574e+00 3.468752548127962410e-01
8.540000000000000924e+00 3.454250652182584425e-01
8.560000000000000497e+00 3.439829246574301336e-01
8.580000000000000071e+00 3.425487610934717098e-01
8.599999999999999645e+00 3.411225467862020744e-01
8.620000000000000995e+00 3.397042100406159615e-01
8.640000000000000568e+00 3.382937242235818931e-01
8.660000000000000142e+00 3.368910179652599979e-01
8.679999999999999716e+00 3.354960657325053441e-01
8.700000000000001066e+00 3.341087964643166264e-01
8.720000000000000639e+00 3.327291857207653192e-01
8.740000000000000213e+00 3.313571627332922986e-01
8.759999999999999787e+00 3.299927041487159540e-01
8.779999999999999361e+00 3.286357394748622429e-01
8.800000000000000711e+00 3.272862464391168569e-01
8.820000000000000284e+00 3.259441548095420305e-01
8.839999999999999858e+00 3.246094433882104613e-01
8.859999999999999432e+00 3.232820421876035355e-01
8.880000000000000782e+00 3.219619310788838229e-01
8.900000000000000355e+00 3.206490403030288761e-01
8.919999999999999929e+00 3.193433507949839933e-01
8.939999999999999503e+00 3.180447930086234276e-01
8.960000000000000853e+00 3.167533489376557210e-01
8.980000000000000426e+00 3.154689492331287370e-01
9.000000000000000000e+00 3.141915769427734428e-01
9.019999999999999574e+00 3.129211628994104655e-01
9.040000000000000924e+00 3.116576912003343192e-01
9.060000000000000497e+00 3.104010928445944950e-01
9.080000000000000071e+00 3.091513529748703970e-01
9.099999999999999645e+00 3.079084027412136715e-01
9.120000000000000995e+00 3.066722283277829586e-01
9.140000000000000568e+00 3.054427610202432031e-01
9.160000000000000142e+00 3.042199880406167845e-01
9.179999999999999716e+00 3.030038407950921830e-01
9.200000000000001066e+00 3.017943075402066966e-01
9.220000000000000639e+00 3.005913197874286458e-01
9.240000000000000213e+00 2.993948668247218281e-01
9.259999999999999787e+00 2.982048802538836418e-01
9.279999999999999361e+00 2.970213503915020148e-01
9.300000000000000711e+00 2.958442089145592035e-01
9.320000000000000284e+00 2.946734471657349586e-01
9.339999999999999858e+00 2.935089968823506035e-01
9.359999999999999432e+00 2.923508504309138556e-01
9.380000000000000782e+00 2.911989395940325909e-01
9.400000000000000355e+00 2.900532577600400397e-01
9.419999999999999929e+00 2.889137367420758773e-01
9.439999999999999503e+00 2.877803709485758921e-01
9.460000000000000853e+00 2.866530922082180521e-01
9.480000000000000426e+00 2.855318959480785956e-01
9.500000000000000000e+00 2.844167139976810366e-01
9.519999999999999574e+00 2.833075428015474628e-01
9.540000000000000924e+00 2.822043141751129913e-01
9.560000000000000497e+00 2.811070255794110295e-01
9.580000000000000071e+00 2.800156088011324096e-01
9.599999999999999645e+00 2.789300623171662719e-01
9.620000000000000995e+00 2.778503178705425958e-01
