# Electrodo circular de radio 6 mm y espesor 710.0 um.
# Volumen de simulacion (convencion z,y,x):
# N: 1024 x 1024 x 1024 | voxelSize:  0.02mm x 0.02mm x 0.02mm | FOV:  20.48mm x 20.48mm x 20.48mm
# 
# z [mm]		 delta[ppm]
0.000000000000000000e+00 4.195298452545656254e+00
2.000000000000000042e-02 4.164306287202182766e+00
4.000000000000000083e-02 4.132781925364796827e+00
5.999999999999999778e-02 4.100761306495754432e+00
8.000000000000000167e-02 4.068280307640232074e+00
1.000000000000000056e-01 4.035374604785171293e+00
1.199999999999999956e-01 4.002079591357608379e+00
1.400000000000000133e-01 3.968430308554390162e+00
1.600000000000000033e-01 3.934461360063464141e+00
1.799999999999999933e-01 3.900206848445912922e+00
2.000000000000000111e-01 3.865700295651650631e+00
2.200000000000000011e-01 3.830974588990426533e+00
2.399999999999999911e-01 3.796061908162728926e+00
2.600000000000000089e-01 3.760993681846581005e+00
2.800000000000000266e-01 3.725800522788670133e+00
2.999999999999999889e-01 3.690512195223091929e+00
3.200000000000000067e-01 3.655157558711120025e+00
3.400000000000000244e-01 3.619764546512276304e+00
3.599999999999999867e-01 3.584360118516642046e+00
3.800000000000000044e-01 3.548970250426845219e+00
4.000000000000000222e-01 3.513619895688876227e+00
4.199999999999999845e-01 3.478332985106669106e+00
4.400000000000000022e-01 3.443132397404493616e+00
4.600000000000000200e-01 3.408039968658934438e+00
4.799999999999999822e-01 3.373076470854360132e+00
5.000000000000000000e-01 3.338261630330084717e+00
5.200000000000000178e-01 3.303614113517084228e+00
5.400000000000000355e-01 3.269151553453716108e+00
5.600000000000000533e-01 3.234890541751382909e+00
5.799999999999999600e-01 3.200846662142763588e+00
5.999999999999999778e-01 3.167034487657646391e+00
6.199999999999999956e-01 3.133467620125137909e+00
6.400000000000000133e-01 3.100158691510864983e+00
6.600000000000000311e-01 3.067119408297864780e+00
6.800000000000000488e-01 3.034360555959313199e+00
7.000000000000000666e-01 3.001892047182117551e+00
7.199999999999999734e-01 2.969722928498616188e+00
7.399999999999999911e-01 2.937861431386103561e+00
7.600000000000000089e-01 2.906314980162313155e+00
7.800000000000000266e-01 2.875090245083560259e+00
8.000000000000000444e-01 2.844193150702671868e+00
8.200000000000000622e-01 2.813628930191450550e+00
8.399999999999999689e-01 2.783402133467609119e+00
8.599999999999999867e-01 2.753516682076343702e+00
8.800000000000000044e-01 2.723975876500833504e+00
9.000000000000000222e-01 2.694782451047600169e+00
9.200000000000000400e-01 2.665938579864432612e+00
9.400000000000000577e-01 2.637445931379950981e+00
9.599999999999999645e-01 2.609305672654125274e+00
9.799999999999999822e-01 2.581518523021164579e+00
1.000000000000000000e+00 2.554084756492883024e+00
1.020000000000000018e+00 2.527004254343199197e+00
1.040000000000000036e+00 2.500276505367752478e+00
1.060000000000000053e+00 2.473900657226999478e+00
1.080000000000000071e+00 2.447875514439322053e+00
1.100000000000000089e+00 2.422199588367117240e+00
1.120000000000000107e+00 2.396871092882051357e+00
1.140000000000000124e+00 2.371887992935032496e+00
1.159999999999999920e+00 2.347247997884151172e+00
1.179999999999999938e+00 2.322948608635470258e+00
1.199999999999999956e+00 2.298987108664944046e+00
1.219999999999999973e+00 2.275360609753481089e+00
1.239999999999999991e+00 2.252066040766812716e+00
1.260000000000000009e+00 2.229100192036173045e+00
1.280000000000000027e+00 2.206459701983921828e+00
1.300000000000000044e+00 2.184141100221689946e+00
1.320000000000000062e+00 2.162140792127257960e+00
1.340000000000000080e+00 2.140455100746114780e+00
1.360000000000000098e+00 2.119080249436303909e+00
1.380000000000000115e+00 2.098012402668218979e+00
1.400000000000000133e+00 2.077247646861148933e+00
1.419999999999999929e+00 2.056782030180678067e+00
1.439999999999999947e+00 2.036611541693261973e+00
1.459999999999999964e+00 2.016732150261731249e+00
1.479999999999999982e+00 1.997139782144341513e+00
1.500000000000000000e+00 1.977830359087319634e+00
1.520000000000000018e+00 1.958799774492130830e+00
1.540000000000000036e+00 1.940043930800476879e+00
1.560000000000000053e+00 1.921558714349570707e+00
1.580000000000000071e+00 1.903340032140017568e+00
1.600000000000000089e+00 1.885383785493281339e+00
1.620000000000000107e+00 1.867685906286975950e+00
1.640000000000000124e+00 1.850242329522685747e+00
1.660000000000000142e+00 1.833049029106635475e+00
1.679999999999999938e+00 1.816101989429234287e+00
1.699999999999999956e+00 1.799397240762218964e+00
1.719999999999999973e+00 1.782930829944633366e+00
1.739999999999999991e+00 1.766698855460584916e+00
1.760000000000000009e+00 1.750697437319365113e+00
1.780000000000000027e+00 1.734922751871144531e+00
1.800000000000000044e+00 1.719371000962382157e+00
1.820000000000000062e+00 1.704038446540143914e+00
1.840000000000000080e+00 1.688921379157419800e+00
1.860000000000000098e+00 1.674016152410423341e+00
1.880000000000000115e+00 1.659319150862440528e+00
1.900000000000000133e+00 1.644826824352555894e+00
1.919999999999999929e+00 1.630535655400813022e+00
1.939999999999999947e+00 1.616442193421283147e+00
1.959999999999999964e+00 1.602543021666122058e+00
1.979999999999999982e+00 1.588834791370765220e+00
2.000000000000000000e+00 1.575314188289471451e+00
2.020000000000000018e+00 1.561977966795775163e+00
2.040000000000000036e+00 1.548822916057698285e+00
2.060000000000000053e+00 1.535845894112321419e+00
2.080000000000000071e+00 1.523043793724683903e+00
2.100000000000000089e+00 1.510413576451456796e+00
2.120000000000000107e+00 1.497952238223972943e+00
2.140000000000000124e+00 1.485656843412523020e+00
2.160000000000000142e+00 1.473524490170475598e+00
2.180000000000000160e+00 1.461552344507625723e+00
2.200000000000000178e+00 1.449737605429489706e+00
2.220000000000000195e+00 1.438077539025337082e+00
2.240000000000000213e+00 1.426569443433957973e+00
2.260000000000000231e+00 1.415210682949566312e+00
2.280000000000000249e+00 1.403998652843006623e+00
2.300000000000000266e+00 1.392930813486538799e+00
2.319999999999999840e+00 1.382004655057228470e+00
2.339999999999999858e+00 1.371217731679709617e+00
2.359999999999999876e+00 1.360567626036683908e+00
2.379999999999999893e+00 1.350051983527053689e+00
2.399999999999999911e+00 1.339668476806684216e+00
2.419999999999999929e+00 1.329414839957843597e+00
2.439999999999999947e+00 1.319288832981959203e+00
2.459999999999999964e+00 1.309288275975009075e+00
2.479999999999999982e+00 1.299411013592591368e+00
2.500000000000000000e+00 1.289654949224812608e+00
2.520000000000000018e+00 1.280018009452888794e+00
2.540000000000000036e+00 1.270498178216113327e+00
2.560000000000000053e+00 1.261093461278087080e+00
2.580000000000000071e+00 1.251801920377539901e+00
2.600000000000000089e+00 1.242621637721415429e+00
2.620000000000000107e+00 1.233550750110636640e+00
2.640000000000000124e+00 1.224587413476390108e+00
2.660000000000000142e+00 1.215729836971315425e+00
2.680000000000000160e+00 1.206976247564687021e+00
2.700000000000000178e+00 1.198324924089008148e+00
2.720000000000000195e+00 1.189774161909074479e+00
2.740000000000000213e+00 1.181322306913546116e+00
2.760000000000000231e+00 1.172967720272369618e+00
2.780000000000000249e+00 1.164708812362569512e+00
2.800000000000000266e+00 1.156544007627918758e+00
2.819999999999999840e+00 1.148471778427917700e+00
2.839999999999999858e+00 1.140490610013221495e+00
2.859999999999999876e+00 1.132599034286566608e+00
2.879999999999999893e+00 1.124795594906971674e+00
2.899999999999999911e+00 1.117078880951214437e+00
2.919999999999999929e+00 1.109447492159534976e+00
2.939999999999999947e+00 1.101900072486124982e+00
2.959999999999999964e+00 1.094435275498664817e+00
2.979999999999999982e+00 1.087051797806227960e+00
3.000000000000000000e+00 1.079748344624733569e+00
3.020000000000000018e+00 1.072523663070632294e+00
3.040000000000000036e+00 1.065376507904000958e+00
3.060000000000000053e+00 1.058305674676357500e+00
3.080000000000000071e+00 1.051309965662964530e+00
3.100000000000000089e+00 1.044388222853104953e+00
3.120000000000000107e+00 1.037539294082860497e+00
3.140000000000000124e+00 1.030762065856242637e+00
3.160000000000000142e+00 1.024055429689536778e+00
3.180000000000000160e+00 1.017418314751734831e+00
3.200000000000000178e+00 1.010849654431271949e+00
3.220000000000000195e+00 1.004348418784288599e+00
3.240000000000000213e+00 9.979135813344485184e-01
3.260000000000000231e+00 9.915441513176372901e-01
3.280000000000000249e+00 9.852391407253242583e-01
3.300000000000000266e+00 9.789975963343934273e-01
3.320000000000000284e+00 9.728185670043952848e-01
3.339999999999999858e+00 9.667011354813255242e-01
3.359999999999999876e+00 9.606443859588855716e-01
3.379999999999999893e+00 9.546474356451384313e-01
3.399999999999999911e+00 9.487094025978008993e-01
3.419999999999999929e+00 9.428294370428327298e-01
3.439999999999999947e+00 9.370066894935654700e-01
3.459999999999999964e+00 9.312403418104282515e-01
3.479999999999999982e+00 9.255295756136140417e-01
3.500000000000000000e+00 9.198736030732870272e-01
3.520000000000000018e+00 9.142716356252911236e-01
3.540000000000000036e+00 9.087229144813232518e-01
3.560000000000000053e+00 9.032266796571039036e-01
3.580000000000000071e+00 8.977822001921401673e-01
3.600000000000000089e+00 8.923887434995891876e-01
3.620000000000000107e+00 8.870456052854034379e-01
3.640000000000000124e+00 8.817520792290063358e-01
3.660000000000000142e+00 8.765074865917799052e-01
3.680000000000000160e+00 8.713111462374889538e-01
3.700000000000000178e+00 8.661624039201973879e-01
3.720000000000000195e+00 8.610606026533249580e-01
3.740000000000000213e+00 8.560051116672542371e-01
3.760000000000000231e+00 8.509952971356655738e-01
3.780000000000000249e+00 8.460305507932730507e-01
3.800000000000000266e+00 8.411102610280316583e-01
3.820000000000000284e+00 8.362338411495775503e-01
3.839999999999999858e+00 8.314007008557156020e-01
3.859999999999999876e+00 8.266102741423058120e-01
3.879999999999999893e+00 8.218619911523487032e-01
3.899999999999999911e+00 8.171553057182394664e-01
3.919999999999999929e+00 8.124896676015782582e-01
3.939999999999999947e+00 8.078645496588637842e-01
3.959999999999999964e+00 8.032794204800925986e-01
3.979999999999999982e+00 7.987337711691068209e-01
4.000000000000000000e+00 7.942270883888795652e-01
4.020000000000000462e+00 7.897588807479044570e-01
4.040000000000000036e+00 7.853286522599420838e-01
4.060000000000000497e+00 7.809359283280202790e-01
4.080000000000000071e+00 7.765802296262642734e-01
4.099999999999999645e+00 7.722610976732154908e-01
4.120000000000000107e+00 7.679780691432708251e-01
4.139999999999999680e+00 7.637307010211744629e-01
4.160000000000000142e+00 7.595185453504700313e-01
4.179999999999999716e+00 7.553411739611710640e-01
4.200000000000000178e+00 7.511981536624834366e-01
4.219999999999999751e+00 7.470890705358518291e-01
4.240000000000000213e+00 7.430135055790687559e-01
4.259999999999999787e+00 7.389710585570162804e-01
4.280000000000000249e+00 7.349613241041950129e-01
4.299999999999999822e+00 7.309839151256288803e-01
4.320000000000000284e+00 7.270384393646952548e-01
4.339999999999999858e+00 7.231245223468059091e-01
4.360000000000000320e+00 7.192417844193317311e-01
4.379999999999999893e+00 7.153898632308378636e-01
4.400000000000000355e+00 7.115683912497068331e-01
4.419999999999999929e+00 7.077770177718472056e-01
4.440000000000000391e+00 7.040153869245728835e-01
4.459999999999999964e+00 7.002831591958247337e-01
4.480000000000000426e+00 6.965799899297178133e-01
4.500000000000000000e+00 6.929055503704431018e-01
4.520000000000000462e+00 6.892595066558030448e-01
4.540000000000000036e+00 6.856415403691299426e-01
4.560000000000000497e+00 6.820513280369671083e-01
4.580000000000000071e+00 6.784885611824559293e-01
4.600000000000000533e+00 6.749529263332576523e-01
4.620000000000000107e+00 6.714441245699953598e-01
4.639999999999999680e+00 6.679618520503640688e-01
4.660000000000000142e+00 6.645058190463409842e-01
4.679999999999999716e+00 6.610757309903476653e-01
4.700000000000000178e+00 6.576713069950740342e-01
4.719999999999999751e+00 6.542922614274276905e-01
4.740000000000000213e+00 6.509383219049232894e-01
4.759999999999999787e+00 6.476092114030873592e-01
4.780000000000000249e+00 6.443046657224847928e-01
4.799999999999999822e+00 6.410244161351099645e-01
4.820000000000000284e+00 6.377682063162556370e-01
4.839999999999999858e+00 6.345357755353336904e-01
4.860000000000000320e+00 6.313268750468998824e-01
4.879999999999999893e+00 6.281412518312382565e-01
4.900000000000000355e+00 6.249786644389576651e-01
4.919999999999999929e+00 6.218388672866101974e-01
4.940000000000000391e+00 6.187216259493796278e-01
4.959999999999999964e+00 6.156267020168801896e-01
4.980000000000000426e+00 6.125538678285615823e-01
5.000000000000000000e+00 6.095028918947794638e-01
5.020000000000000462e+00 6.064735530696528931e-01
5.040000000000000036e+00 6.034656265423536947e-01
5.060000000000000497e+00 6.004788974422564651e-01
5.080000000000000071e+00 5.975131474053655412e-01
5.100000000000000533e+00 5.945681676066643107e-01
5.120000000000000107e+00 5.916437459064870508e-01
5.139999999999999680e+00 5.887396793050817534e-01
5.160000000000000142e+00 5.858557616736780327e-01
5.179999999999999716e+00 5.829917956263649392e-01
5.200000000000000178e+00 5.801475808404934487e-01
5.219999999999999751e+00 5.773229253410585571e-01
5.240000000000000213e+00 5.745176344150451087e-01
5.259999999999999787e+00 5.717315213035669696e-01
5.280000000000000249e+00 5.689643967146588155e-01
5.299999999999999822e+00 5.662160789185273213e-01
5.320000000000000284e+00 5.634863838632414579e-01
5.339999999999999858e+00 5.607751346685253546e-01
5.360000000000000320e+00 5.580821523487008440e-01
5.379999999999999893e+00 5.554072647005112717e-01
5.400000000000000355e+00 5.527502976376724719e-01
5.419999999999999929e+00 5.501110834682697570e-01
5.440000000000000391e+00 5.474894528451631492e-01
5.459999999999999964e+00 5.448852424285817175e-01
5.480000000000000426e+00 5.422982874566082412e-01
5.500000000000000000e+00 5.397284287886600085e-01
5.520000000000000462e+00 5.371755061001742826e-01
5.540000000000000036e+00 5.346393643027188558e-01
5.560000000000000497e+00 5.321198473670147866e-01
5.580000000000000071e+00 5.296168041154644124e-01
5.600000000000000533e+00 5.271300826775404680e-01
5.620000000000000107e+00 5.246595356505794339e-01
5.639999999999999680e+00 5.222050151915849092e-01
5.660000000000000142e+00 5.197663775421742516e-01
5.679999999999999716e+00 5.173434787607340546e-01
5.700000000000000178e+00 5.149361786074641012e-01
5.719999999999999751e+00 5.125443369208589894e-01
5.740000000000000213e+00 5.101678168588140716e-01
5.759999999999999787e+00 5.078064819233073512e-01
5.780000000000000249e+00 5.054601985535830400e-01
5.799999999999999822e+00 5.031288338029439311e-01
5.820000000000000284e+00 5.008122572800597361e-01
5.839999999999999858e+00 4.985103394816646771e-01
5.860000000000000320e+00 4.962229530780802866e-01
5.879999999999999893e+00 4.939499719056875127e-01
5.900000000000000355e+00 4.916912715927476696e-01
5.919999999999999929e+00 4.894467292154170424e-01
5.940000000000000391e+00 4.872162232599987486e-01
5.959999999999999964e+00 4.849996339463199524e-01
5.980000000000000426e+00 4.827968425225508398e-01
6.000000000000000000e+00 4.806077322596911117e-01
6.020000000000000462e+00 4.784321870751072070e-01
6.040000000000000036e+00 4.762700932019255373e-01
6.060000000000000497e+00 4.741213371374622954e-01
6.080000000000000071e+00 4.719858079912452320e-01
6.100000000000000533e+00 4.698633947545070022e-01
6.120000000000000107e+00 4.677539893306262853e-01
6.140000000000000568e+00 4.656574831218729948e-01
6.160000000000000142e+00 4.635737707459778867e-01
6.179999999999999716e+00 4.615027459363165163e-01
6.200000000000000178e+00 4.594443059484050185e-01
6.219999999999999751e+00 4.573983467696904892e-01
6.240000000000000213e+00 4.553647682197118352e-01
6.259999999999999787e+00 4.533434684656716951e-01
6.280000000000000249e+00 4.513343498200669268e-01
6.299999999999999822e+00 4.493373125582065808e-01
6.320000000000000284e+00 4.473522614170689637e-01
6.339999999999999858e+00 4.453790987109147448e-01
6.360000000000000320e+00 4.434177315352109128e-01
6.379999999999999893e+00 4.414680641764751057e-01
6.400000000000000355e+00 4.395300060250630358e-01
6.419999999999999929e+00 4.376034632753447728e-01
6.440000000000000391e+00 4.356883475512489667e-01
6.459999999999999964e+00 4.337845668928713705e-01
6.480000000000000426e+00 4.318920350986077961e-01
6.500000000000000000e+00 4.300106619942514752e-01
6.520000000000000462e+00 4.281403634956720827e-01
6.540000000000000036e+00 4.262810511564318894e-01
6.560000000000000497e+00 4.244326429549192814e-01
6.580000000000000071e+00 4.225950521164717477e-01
6.600000000000000533e+00 4.207681986289979470e-01
6.620000000000000107e+00 4.189519973355575466e-01
6.640000000000000568e+00 4.171463701824587034e-01
6.660000000000000142e+00 4.153512335782050813e-01
6.679999999999999716e+00 4.135665113781917257e-01
6.700000000000000178e+00 4.117921215058883422e-01
6.719999999999999751e+00 4.100279896782046407e-01
6.740000000000000213e+00 4.082740352847309406e-01
6.759999999999999787e+00 4.065301858579921102e-01
6.780000000000000249e+00 4.047963622065099965e-01
6.799999999999999822e+00 4.030724936341403275e-01
6.820000000000000284e+00 4.013585023226513560e-01
6.839999999999999858e+00 3.996543193044974074e-01
6.860000000000000320e+00 3.979598680905409580e-01
6.879999999999999893e+00 3.962750814005861488e-01
6.900000000000000355e+00 3.945998840318354905e-01
6.919999999999999929e+00 3.929342103516363927e-01
6.940000000000000391e+00 3.912779864021836973e-01
6.959999999999999964e+00 3.896311481599429305e-01
6.980000000000000426e+00 3.879936228720376468e-01
7.000000000000000000e+00 3.863653480869657653e-01
7.020000000000000462e+00 3.847462522180232214e-01
7.040000000000000036e+00 3.831362743499329704e-01
7.060000000000000497e+00 3.815353440245911609e-01
7.080000000000000071e+00 3.799434018283763814e-01
7.100000000000000533e+00 3.783603783954234134e-01
7.120000000000000107e+00 3.767862157803960610e-01
7.140000000000000568e+00 3.752208456743891807e-01
7.160000000000000142e+00 3.736642115681295118e-01
7.179999999999999716e+00 3.721162461755231354e-01
7.200000000000000178e+00 3.705768943922457259e-01
7.219999999999999751e+00 3.690460899218601099e-01
7.240000000000000213e+00 3.675237790349525357e-01
7.259999999999999787e+00 3.660098963926366467e-01
7.280000000000000249e+00 3.645043896113973614e-01
7.299999999999999822e+00 3.630071942787040928e-01
7.320000000000000284e+00 3.615182593289311130e-01
7.339999999999999858e+00 3.600375212456898844e-01
7.360000000000000320e+00 3.585649302541938366e-01
7.379999999999999893e+00 3.571004237048142071e-01
7.400000000000000355e+00 3.556439530874875299e-01
7.419999999999999929e+00 3.541954565908689845e-01
7.440000000000000391e+00 3.527548869443964952e-01
7.459999999999999964e+00 3.513221831473054002e-01
7.480000000000000426e+00 3.498972991441824942e-01
7.500000000000000000e+00 3.484801747179809839e-01
7.520000000000000462e+00 3.470707650049178472e-01
7.540000000000000036e+00 3.456690105455147988e-01
7.560000000000000497e+00 3.442748676449174927e-01
7.580000000000000071e+00 3.428882775758344548e-01
7.600000000000000533e+00 3.415091977904159970e-01
7.620000000000000107e+00 3.401375702688390068e-01
7.640000000000000568e+00 3.387733535890994907e-01
7.660000000000000142e+00 3.374164904148437283e-01
7.679999999999999716e+00 3.360669404294814866e-01
7.700000000000000178e+00 3.347246469567231597e-01
7.719999999999999751e+00 3.333895707656762686e-01
7.740000000000000213e+00 3.320616558173885013e-01
7.759999999999999787e+00 3.307408639476346335e-01
7.780000000000000249e+00 3.294271397326158368e-01
7.799999999999999822e+00 3.281204460564063896e-01
7.820000000000000284e+00 3.268207280888102972e-01
7.839999999999999858e+00 3.255279497444809045e-01
7.860000000000000320e+00 3.242420567657640640e-01
7.879999999999999893e+00 3.229630140808000260e-01
7.900000000000000355e+00 3.216907679840064205e-01
7.919999999999999929e+00 3.204252844005212597e-01
7.940000000000000391e+00 3.191665101568124108e-01
7.959999999999999964e+00 3.179144121591160332e-01
7.980000000000000426e+00 3.166689377464818045e-01
8.000000000000000000e+00 3.154300547909096308e-01
8.019999999999999574e+00 3.141977111249658616e-01
8.040000000000000924e+00 3.129718755716434653e-01
8.060000000000000497e+00 3.117524964384713049e-01
8.080000000000000071e+00 3.105395434851968006e-01
8.099999999999999645e+00 3.093329654761296510e-01
8.120000000000000995e+00 3.081327330940516473e-01
8.140000000000000568e+00 3.069387955423584780e-01
8.160000000000000142e+00 3.057511244136537076e-01
8.179999999999999716e+00 3.045696693330389171e-01
8.199999999999999289e+00 3.033944027902321650e-01
8.220000000000000639e+00 3.022252748151144641e-01
8.240000000000000213e+00 3.010622587822848195e-01
8.259999999999999787e+00 2.999053051097729794e-01
8.279999999999999361e+00 2.987543880452908085e-01
8.300000000000000711e+00 2.976094583788115866e-01
8.320000000000000284e+00 2.964704912198431463e-01
8.339999999999999858e+00 2.953374377143540008e-01
8.359999999999999432e+00 2.942102738227844738e-01
8.380000000000000782e+00 2.930889510315385915e-01
8.400000000000000355e+00 2.919734461415536275e-01
8.419999999999999929e+00 2.908637109643475438e-01
8.439999999999999503e+00 2.897597231313344124e-01
8.460000000000000853e+00 2.886614347641956457e-01
8.480000000000000426e+00 2.875688243152132451e-01
8.500000000000000000e+00 2.864818442014770428e-01
8.519999999999999574e+00 2.854004736869394931e-01
8.540000000000000924e+00 2.843246654696812703e-01
8.560000000000000497e+00 2.832543996165149958e-01
8.580000000000000071e+00 2.821896290922829009e-01
8.599999999999999645e+00 2.811303347582231882e-01
8.620000000000000995e+00 2.800764698320229451e-01
8.640000000000000568e+00 2.790280159612915090e-01
8.660000000000000142e+00 2.779849266027980548e-01
8.679999999999999716e+00 2.769471841828385350e-01
8.700000000000001066e+00 2.759147423837937652e-01
8.720000000000000639e+00 2.748875844033154547e-01
8.740000000000000213e+00 2.738656641360546207e-01
8.759999999999999787e+00 2.728489655440435313e-01
8.779999999999999361e+00 2.718374427211409650e-01
8.800000000000000711e+00 2.708310803871221695e-01
8.820000000000000284e+00 2.698298328220938846e-01
8.839999999999999858e+00 2.688336854972834811e-01
8.859999999999999432e+00 2.678425928663424882e-01
8.880000000000000782e+00 2.668565411459848935e-01
8.900000000000000355e+00 2.658754849507868334e-01
8.919999999999999929e+00 2.648994112373116439e-01
8.939999999999999503e+00 2.639282747686779729e-01
8.960000000000000853e+00 2.629620632359852550e-01
8.980000000000000426e+00 2.620007315385702862e-01
9.000000000000000000e+00 2.610442680970678775e-01
9.019999999999999574e+00 2.600926279349352055e-01
9.040000000000000924e+00 2.591458001976510439e-01
9.060000000000000497e+00 2.582037400207329858e-01
9.080000000000000071e+00 2.572664372701196078e-01
9.099999999999999645e+00 2.563338471815385655e-01
9.120000000000000995e+00 2.554059603373023957e-01
9.140000000000000568e+00 2.544827320615097865e-01
9.160000000000000142e+00 2.535641536490743086e-01
9.179999999999999716e+00 2.526501805008139478e-01
9.200000000000001066e+00 2.517408046207530448e-01
9.220000000000000639e+00 2.508359814747911365e-01
9.240000000000000213e+00 2.499357037728585917e-01
9.259999999999999787e+00 2.490399270344675065e-01
9.279999999999999361e+00 2.481486446725451045e-01
9.300000000000000711e+00 2.472618122487256487e-01
9.320000000000000284e+00 2.463794238763103994e-01
9.339999999999999858e+00 2.455014351477277368e-01
9.359999999999999432e+00 2.446278408743152444e-01
9.380000000000000782e+00 2.437585966679237659e-01
9.400000000000000355e+00 2.428936980358608611e-01
9.419999999999999929e+00 2.420331005981902206e-01
9.439999999999999503e+00 2.411768005564110251e-01
9.460000000000000853e+00 2.403247535275125357e-01
9.480000000000000426e+00 2.394769564056788702e-01
9.500000000000000000e+00 2.386333647936898228e-01
9.519999999999999574e+00 2.377939762771859589e-01
9.540000000000000924e+00 2.369587464335194682e-01
9.560000000000000497e+00 2.361276735388278536e-01
9.580000000000000071e+00 2.353007131339411029e-01
9.599999999999999645e+00 2.344778641848168088e-01
9.620000000000000995e+00 2.336590821845672405e-01
