# Electrodo circular de radio 6 mm y espesor 710.0 um.
# Volumen de simulacion (convencion z,y,x):
# N: 1024 x 1024 x 1024 | voxelSize:  0.02mm x 0.02mm x 0.02mm | FOV:  20.48mm x 20.48mm x 20.48mm
# 
# z [mm]		 delta[ppm]
0.000000000000000000e+00 4.252610462556465798e+00
2.000000000000000042e-02 4.219813728917405804e+00
4.000000000000000083e-02 4.186470968775354073e+00
5.999999999999999778e-02 4.152621528334630163e+00
8.000000000000000167e-02 4.118304498896153909e+00
1.000000000000000056e-01 4.083558724926493966e+00
1.199999999999999956e-01 4.048422701445381300e+00
1.400000000000000133e-01 4.012934495859256323e+00
1.600000000000000033e-01 3.977131646317075830e+00
1.799999999999999933e-01 3.941051094852399128e+00
2.000000000000000111e-01 3.904729093480128643e+00
2.200000000000000011e-01 3.868201147508210980e+00
2.399999999999999911e-01 3.831501932165864321e+00
2.600000000000000089e-01 3.794665246716811602e+00
2.800000000000000266e-01 3.757723941896373265e+00
2.999999999999999889e-01 3.720709885839887043e+00
3.200000000000000067e-01 3.683653902874873154e+00
3.400000000000000244e-01 3.646585751656588936e+00
3.599999999999999867e-01 3.609534075198564285e+00
3.800000000000000044e-01 3.572526391206169549e+00
4.000000000000000222e-01 3.535589053103971757e+00
4.199999999999999845e-01 3.498747252135514074e+00
4.400000000000000022e-01 3.462024988678387594e+00
4.600000000000000200e-01 3.425445085376329857e+00
4.799999999999999822e-01 3.389029167888911065e+00
5.000000000000000000e-01 3.352797688061285086e+00
5.200000000000000178e-01 3.316769912969821377e+00
5.400000000000000355e-01 3.280963956970548434e+00
5.600000000000000533e-01 3.245396777847203484e+00
5.799999999999999600e-01 3.210084216471267737e+00
5.999999999999999778e-01 3.175040998738337450e+00
6.199999999999999956e-01 3.140280781541183508e+00
6.400000000000000133e-01 3.105816159227170470e+00
6.600000000000000311e-01 3.071658714601606555e+00
6.800000000000000488e-01 3.037819028644127783e+00
7.000000000000000666e-01 3.004306735327314293e+00
7.199999999999999734e-01 2.971130533451134426e+00
7.399999999999999911e-01 2.938298244157789174e+00
7.600000000000000089e-01 2.905816823825377870e+00
7.800000000000000266e-01 2.873692423282943498e+00
8.000000000000000444e-01 2.841930400861566230e+00
8.200000000000000622e-01 2.810535382445573660e+00
8.399999999999999689e-01 2.779511273893577883e+00
8.599999999999999867e-01 2.748861321201034880e+00
8.800000000000000044e-01 2.718588121663012114e+00
9.000000000000000222e-01 2.688693683557338066e+00
9.200000000000000400e-01 2.659179435534940072e+00
9.400000000000000577e-01 2.630046285361228087e+00
9.599999999999999645e-01 2.601294627159572936e+00
9.799999999999999822e-01 2.572924398863915219e+00
1.000000000000000000e+00 2.544935087036257482e+00
1.020000000000000018e+00 2.517325782787070754e+00
1.040000000000000036e+00 2.490095183997690587e+00
1.060000000000000053e+00 2.463241649553037593e+00
1.080000000000000071e+00 2.436763198869292157e+00
1.100000000000000089e+00 2.410657564358213545e+00
1.120000000000000107e+00 2.384922188239561258e+00
1.140000000000000124e+00 2.359554273216271980e+00
1.159999999999999920e+00 2.334550776595230026e+00
1.179999999999999938e+00 2.309908459200875175e+00
1.199999999999999956e+00 2.285623876879827598e+00
1.219999999999999973e+00 2.261693427716656490e+00
1.239999999999999991e+00 2.238113341020923741e+00
1.260000000000000009e+00 2.214879722935821249e+00
1.280000000000000027e+00 2.191988543036966774e+00
1.300000000000000044e+00 2.169435678442644289e+00
1.320000000000000062e+00 2.147216898161129706e+00
1.340000000000000080e+00 2.125327905822862906e+00
1.360000000000000098e+00 2.103764321928749403e+00
1.380000000000000115e+00 2.082521725330086504e+00
1.400000000000000133e+00 2.061595633527377736e+00
1.419999999999999929e+00 2.040981543025302880e+00
1.439999999999999947e+00 2.020674907837354262e+00
1.459999999999999964e+00 2.000671178840752074e+00
1.479999999999999982e+00 1.980965780633238582e+00
1.500000000000000000e+00 1.961554150008329112e+00
1.520000000000000018e+00 1.942431711310399489e+00
1.540000000000000036e+00 1.923593914143981509e+00
1.560000000000000053e+00 1.905036207361330503e+00
1.580000000000000071e+00 1.886754076111876399e+00
1.600000000000000089e+00 1.868743014593180263e+00
1.620000000000000107e+00 1.850998562538112679e+00
1.640000000000000124e+00 1.833516276847167115e+00
1.660000000000000142e+00 1.816291767602275842e+00
1.679999999999999938e+00 1.799320668693936476e+00
1.699999999999999956e+00 1.782598673441656123e+00
1.719999999999999973e+00 1.766121504316743973e+00
1.739999999999999991e+00 1.749884948240805649e+00
1.760000000000000009e+00 1.733884825500430660e+00
1.780000000000000027e+00 1.718117024786727010e+00
1.800000000000000044e+00 1.702577471386528041e+00
1.820000000000000062e+00 1.687262162018184908e+00
1.840000000000000080e+00 1.672167132379751342e+00
1.860000000000000098e+00 1.657288491828750931e+00
1.880000000000000115e+00 1.642622390357502571e+00
1.900000000000000133e+00 1.628165053157873521e+00
1.919999999999999929e+00 1.613912747090443744e+00
1.939999999999999947e+00 1.599861815168885260e+00
1.959999999999999964e+00 1.586008642580782668e+00
1.979999999999999982e+00 1.572349691120611181e+00
2.000000000000000000e+00 1.558881464817389206e+00
2.020000000000000018e+00 1.545600544340013816e+00
2.040000000000000036e+00 1.532503552279298242e+00
2.060000000000000053e+00 1.519587187544798157e+00
2.080000000000000071e+00 1.506848190346941285e+00
2.100000000000000089e+00 1.494283376600263891e+00
2.120000000000000107e+00 1.481889602644894222e+00
2.140000000000000124e+00 1.469663799667422888e+00
2.160000000000000142e+00 1.457602938199818121e+00
2.180000000000000160e+00 1.445704062565839054e+00
2.200000000000000178e+00 1.433964255190000259e+00
2.220000000000000195e+00 1.422380671074543246e+00
2.240000000000000213e+00 1.410950501950483549e+00
2.260000000000000231e+00 1.399671010787551850e+00
2.280000000000000249e+00 1.388539495814717251e+00
2.300000000000000266e+00 1.377553325063311629e+00
2.319999999999999840e+00 1.366709900284280188e+00
2.339999999999999858e+00 1.356006691522696705e+00
2.359999999999999876e+00 1.345441200955075578e+00
2.379999999999999893e+00 1.335010997491799856e+00
2.399999999999999911e+00 1.324713680558037288e+00
2.419999999999999929e+00 1.314546914719105120e+00
2.439999999999999947e+00 1.304508393425159785e+00
2.459999999999999964e+00 1.294595873653273665e+00
2.479999999999999982e+00 1.284807139636555018e+00
2.500000000000000000e+00 1.275140037515586133e+00
2.520000000000000018e+00 1.265592439069712416e+00
2.540000000000000036e+00 1.256162276369597652e+00
2.560000000000000053e+00 1.246847505529086853e+00
2.580000000000000071e+00 1.237646141349817208e+00
2.600000000000000089e+00 1.228556221109511126e+00
2.620000000000000107e+00 1.219575839188944189e+00
2.640000000000000124e+00 1.210703110913337710e+00
2.660000000000000142e+00 1.201936207151396152e+00
2.680000000000000160e+00 1.193273318224230772e+00
2.700000000000000178e+00 1.184712688465729746e+00
2.720000000000000195e+00 1.176252580214335541e+00
2.740000000000000213e+00 1.167891308323642852e+00
2.760000000000000231e+00 1.159627204250319066e+00
2.780000000000000249e+00 1.151458650503540015e+00
2.800000000000000266e+00 1.143384044843312353e+00
2.819999999999999840e+00 1.135401834657102205e+00
2.839999999999999858e+00 1.127510481280981969e+00
2.859999999999999876e+00 1.119708494291641321e+00
2.879999999999999893e+00 1.111994395963779025e+00
2.899999999999999911e+00 1.104366755465558958e+00
2.919999999999999929e+00 1.096824153463973106e+00
2.939999999999999947e+00 1.089365216211700016e+00
2.959999999999999964e+00 1.081988580313195225e+00
2.979999999999999982e+00 1.074692926690901551e+00
3.000000000000000000e+00 1.067476945523192500e+00
3.020000000000000018e+00 1.060339370077875154e+00
3.040000000000000036e+00 1.053278941834170590e+00
3.060000000000000053e+00 1.046294444171431026e+00
3.080000000000000071e+00 1.039384667685865571e+00
3.100000000000000089e+00 1.032548443722428821e+00
3.120000000000000107e+00 1.025784609898019895e+00
3.140000000000000124e+00 1.019092043464578934e+00
3.160000000000000142e+00 1.012469627049037202e+00
3.180000000000000160e+00 1.005916281835757209e+00
3.200000000000000178e+00 9.994309335345278322e-01
3.220000000000000195e+00 9.930125453705688221e-01
3.240000000000000213e+00 9.866600842905008939e-01
3.260000000000000231e+00 9.803725537482438357e-01
3.280000000000000249e+00 9.741489601599102599e-01
3.300000000000000266e+00 9.679883454740364490e-01
3.320000000000000284e+00 9.618897538850127438e-01
3.339999999999999858e+00 9.558522641762299266e-01
3.359999999999999876e+00 9.498749567026698593e-01
3.379999999999999893e+00 9.439569454956656669e-01
3.399999999999999911e+00 9.380973455239767222e-01
3.419999999999999929e+00 9.322953045490289803e-01
3.439999999999999947e+00 9.265499706747829523e-01
3.459999999999999964e+00 9.208605239424670907e-01
3.479999999999999982e+00 9.152261441782629792e-01
3.500000000000000000e+00 9.096460423167184173e-01
3.520000000000000018e+00 9.041194285562611510e-01
3.540000000000000036e+00 8.986455434006197507e-01
3.560000000000000053e+00 8.932236261309279834e-01
3.580000000000000071e+00 8.878529455546453342e-01
3.600000000000000089e+00 8.825327688039972251e-01
3.620000000000000107e+00 8.772623917820512318e-01
3.640000000000000124e+00 8.720411082959724780e-01
3.660000000000000142e+00 8.668682401901198764e-01
3.680000000000000160e+00 8.617431068235477110e-01
3.700000000000000178e+00 8.566650548801064691e-01
3.720000000000000195e+00 8.516334281984578869e-01
3.740000000000000213e+00 8.466475972493480162e-01
3.760000000000000231e+00 8.417069293272890773e-01
3.780000000000000249e+00 8.368108176853614744e-01
3.800000000000000266e+00 8.319586520965420728e-01
3.820000000000000284e+00 8.271498476365460872e-01
3.839999999999999858e+00 8.223838156237032182e-01
3.859999999999999876e+00 8.176599920405329680e-01
3.879999999999999893e+00 8.129778088598683672e-01
3.899999999999999911e+00 8.083367220960411270e-01
3.919999999999999929e+00 8.037361835258788334e-01
3.939999999999999947e+00 7.991756683605252265e-01
3.959999999999999964e+00 7.946546473687751133e-01
3.979999999999999982e+00 7.901726141607140486e-01
4.000000000000000000e+00 7.857290577217723726e-01
4.020000000000000462e+00 7.813234892995579717e-01
4.040000000000000036e+00 7.769554153557940435e-01
4.060000000000000497e+00 7.726243640478994701e-01
4.080000000000000071e+00 7.683298586069228220e-01
4.099999999999999645e+00 7.640714434055659865e-01
4.120000000000000107e+00 7.598486577690392041e-01
4.139999999999999680e+00 7.556610616213789156e-01
4.160000000000000142e+00 7.515082097371095227e-01
4.179999999999999716e+00 7.473896769578725063e-01
4.200000000000000178e+00 7.433050328915363769e-01
4.219999999999999751e+00 7.392538666913520684e-01
4.240000000000000213e+00 7.352357622101083345e-01
4.259999999999999787e+00 7.312503223341469960e-01
4.280000000000000249e+00 7.272971445989871997e-01
4.299999999999999822e+00 7.233758450706925247e-01
4.320000000000000284e+00 7.194860344303193322e-01
4.339999999999999858e+00 7.156273413952874973e-01
4.360000000000000320e+00 7.117993892788210264e-01
4.379999999999999893e+00 7.080018189441321663e-01
4.400000000000000355e+00 7.042342658459406213e-01
4.419999999999999929e+00 7.004963825104336683e-01
4.440000000000000391e+00 6.967878160647861252e-01
4.459999999999999964e+00 6.931082302359893310e-01
4.480000000000000426e+00 6.894572833752571350e-01
4.500000000000000000e+00 6.858346499689372822e-01
4.520000000000000462e+00 6.822399991634897631e-01
4.540000000000000036e+00 6.786730157818831044e-01
4.560000000000000497e+00 6.751333793557635632e-01
4.580000000000000071e+00 6.716207846408485116e-01
4.600000000000000533e+00 6.681349211617492179e-01
4.620000000000000107e+00 6.646754932200052979e-01
4.639999999999999680e+00 6.612421999579780607e-01
4.660000000000000142e+00 6.578347548533113320e-01
4.679999999999999716e+00 6.544528663071067509e-01
4.700000000000000178e+00 6.510962566187364908e-01
4.719999999999999751e+00 6.477646431044942199e-01
4.740000000000000213e+00 6.444577565467938252e-01
4.759999999999999787e+00 6.411753228483055844e-01
4.780000000000000249e+00 6.379170809496956807e-01
4.799999999999999822e+00 6.346827650252400144e-01
4.820000000000000284e+00 6.314721218633997379e-01
4.839999999999999858e+00 6.282848936086874447e-01
4.860000000000000320e+00 6.251208345994782034e-01
4.879999999999999893e+00 6.219796946619333688e-01
4.900000000000000355e+00 6.188612353995517346e-01
4.919999999999999929e+00 6.157652140437410715e-01
4.940000000000000391e+00 6.126913991897338096e-01
4.959999999999999964e+00 6.096395552094142634e-01
4.980000000000000426e+00 6.066094574283200647e-01
5.000000000000000000e+00 6.036008771051299959e-01
5.020000000000000462e+00 6.006135960445970756e-01
5.040000000000000036e+00 5.976473921491012309e-01
5.060000000000000497e+00 5.947020534624622989e-01
5.080000000000000071e+00 5.917773642977798287e-01
5.100000000000000533e+00 5.888731187071447604e-01
5.120000000000000107e+00 5.859891071910371396e-01
5.139999999999999680e+00 5.831251295890583775e-01
5.160000000000000142e+00 5.802809823749383034e-01
5.179999999999999716e+00 5.774564709635013893e-01
5.200000000000000178e+00 5.746513975963863929e-01
5.219999999999999751e+00 5.718655730605586296e-01
5.240000000000000213e+00 5.690988051686275417e-01
5.259999999999999787e+00 5.663509098842833822e-01
5.280000000000000249e+00 5.636217004021806254e-01
5.299999999999999822e+00 5.609109976757794547e-01
5.320000000000000284e+00 5.582186201005169268e-01
5.339999999999999858e+00 5.555443934396109285e-01
5.360000000000000320e+00 5.528881411153422354e-01
5.379999999999999893e+00 5.502496935284388879e-01
5.400000000000000355e+00 5.476288789610866958e-01
5.419999999999999929e+00 5.450255322855671603e-01
5.440000000000000391e+00 5.424394864837123187e-01
5.459999999999999964e+00 5.398705807405562718e-01
5.480000000000000426e+00 5.373186525837134742e-01
5.500000000000000000e+00 5.347835453578606568e-01
5.520000000000000462e+00 5.322651009886361084e-01
5.540000000000000036e+00 5.297631668338443900e-01
5.560000000000000497e+00 5.272775890752422479e-01
5.580000000000000071e+00 5.248082189423881605e-01
5.600000000000000533e+00 5.223549067368358223e-01
5.620000000000000107e+00 5.199175074246186190e-01
5.639999999999999680e+00 5.174958752961147379e-01
5.660000000000000142e+00 5.150898689232030758e-01
5.679999999999999716e+00 5.126993464592263239e-01
5.700000000000000178e+00 5.103241699569091017e-01
5.719999999999999751e+00 5.079642013116014709e-01
5.740000000000000213e+00 5.056193059360722941e-01
5.759999999999999787e+00 5.032893493514007943e-01
5.780000000000000249e+00 5.009742002148163120e-01
5.799999999999999822e+00 4.986737275613401521e-01
5.820000000000000284e+00 4.963878031808672819e-01
5.839999999999999858e+00 4.941162995148622450e-01
5.860000000000000320e+00 4.918590913789252506e-01
5.879999999999999893e+00 4.896160545175883283e-01
5.900000000000000355e+00 4.873870666686098141e-01
5.919999999999999929e+00 4.851720067801470471e-01
5.940000000000000391e+00 4.829707554130660552e-01
5.959999999999999964e+00 4.807831946234862874e-01
5.980000000000000426e+00 4.786092076993969657e-01
6.000000000000000000e+00 4.764486797128298923e-01
6.020000000000000462e+00 4.743014965871065747e-01
6.040000000000000036e+00 4.721675463215884716e-01
6.060000000000000497e+00 4.700467173858834946e-01
6.080000000000000071e+00 4.679389006214248470e-01
6.100000000000000533e+00 4.658439869589761084e-01
6.120000000000000107e+00 4.637618699999667138e-01
6.140000000000000568e+00 4.616924430536442081e-01
6.160000000000000142e+00 4.596356024024133569e-01
6.179999999999999716e+00 4.575912436549918749e-01
6.200000000000000178e+00 4.555592656986735545e-01
6.219999999999999751e+00 4.535395663648236209e-01
6.240000000000000213e+00 4.515320470723433455e-01
6.259999999999999787e+00 4.495366078018563916e-01
6.280000000000000249e+00 4.475531524332913014e-01
6.299999999999999822e+00 4.455815830250872134e-01
6.320000000000000284e+00 4.436218058502049977e-01
6.339999999999999858e+00 4.416737249766777285e-01
6.360000000000000320e+00 4.397372490049863969e-01
6.379999999999999893e+00 4.378122839462647575e-01
6.400000000000000355e+00 4.358987406653899721e-01
6.419999999999999929e+00 4.339965270531280783e-01
6.440000000000000391e+00 4.321055561779143517e-01
6.459999999999999964e+00 4.302257377482061051e-01
6.480000000000000426e+00 4.283569869773631300e-01
6.500000000000000000e+00 4.264992153324430602e-01
6.520000000000000462e+00 4.246523401152034749e-01
6.540000000000000036e+00 4.228162744935496375e-01
6.560000000000000497e+00 4.209909378031427285e-01
6.580000000000000071e+00 4.191762448576770717e-01
6.600000000000000533e+00 4.173721169741765324e-01
6.620000000000000107e+00 4.155784705582297178e-01
6.640000000000000568e+00 4.137952288575546533e-01
6.660000000000000142e+00 4.120223098182874688e-01
6.679999999999999716e+00 4.102596385699726622e-01
6.700000000000000178e+00 4.085071345489563188e-01
6.719999999999999751e+00 4.067647247194770554e-01
6.740000000000000213e+00 4.050323299601745752e-01
6.759999999999999787e+00 4.033098790245123189e-01
6.780000000000000249e+00 4.015972941863564794e-01
6.799999999999999822e+00 3.998945059445377370e-01
6.820000000000000284e+00 3.982014379233856372e-01
6.839999999999999858e+00 3.965180223247846136e-01
6.860000000000000320e+00 3.948441840794768010e-01
6.879999999999999893e+00 3.931798570515626645e-01
6.900000000000000355e+00 3.915249674363605603e-01
6.919999999999999929e+00 3.898794507207837823e-01
6.940000000000000391e+00 3.882432343234605288e-01
6.959999999999999964e+00 3.866162553160883419e-01
6.980000000000000426e+00 3.849984423014521373e-01
7.000000000000000000e+00 3.833897338993373372e-01
7.020000000000000462e+00 3.817900598579890281e-01
7.040000000000000036e+00 3.801993603098545171e-01
7.060000000000000497e+00 3.786175661119716707e-01
7.080000000000000071e+00 3.770446188752542560e-01
7.100000000000000533e+00 3.754804505292094197e-01
7.120000000000000107e+00 3.739250041302116800e-01
7.140000000000000568e+00 3.723782126458595743e-01
7.160000000000000142e+00 3.708400205461250820e-01
7.179999999999999716e+00 3.693103618025633805e-01
7.200000000000000178e+00 3.677891822679802414e-01
7.219999999999999751e+00 3.662764168856282310e-01
7.240000000000000213e+00 3.647720128614522772e-01
7.259999999999999787e+00 3.632759060782881355e-01
7.280000000000000249e+00 3.617880450665418857e-01
7.299999999999999822e+00 3.603083666183296563e-01
7.320000000000000284e+00 3.588368205608364891e-01
7.339999999999999858e+00 3.573733445652125251e-01
7.360000000000000320e+00 3.559178897286938148e-01
7.379999999999999893e+00 3.544703945729693051e-01
7.400000000000000355e+00 3.530308114395202534e-01
7.419999999999999929e+00 3.515990796720451783e-01
7.440000000000000391e+00 3.501751528313545858e-01
7.459999999999999964e+00 3.487589710563356871e-01
7.480000000000000426e+00 3.473504891030724795e-01
7.500000000000000000e+00 3.459496478787029150e-01
7.520000000000000462e+00 3.445564033113563407e-01
7.540000000000000036e+00 3.431706970511503862e-01
7.560000000000000497e+00 3.417924861758416810e-01
7.580000000000000071e+00 3.404217130530476365e-01
7.600000000000000533e+00 3.390583358885040366e-01
7.620000000000000107e+00 3.377022977434859796e-01
7.640000000000000568e+00 3.363535579308173373e-01
7.660000000000000142e+00 3.350120601813122989e-01
7.679999999999999716e+00 3.336777648947122366e-01
7.700000000000000178e+00 3.323506164488396197e-01
7.719999999999999751e+00 3.310305763108919441e-01
7.740000000000000213e+00 3.297175894828310305e-01
7.759999999999999787e+00 3.284116184805277450e-01
7.780000000000000249e+00 3.271126089087716404e-01
7.799999999999999822e+00 3.258205243139805085e-01
7.820000000000000284e+00 3.245353108820581145e-01
7.839999999999999858e+00 3.232569331724818307e-01
7.860000000000000320e+00 3.219853379320819498e-01
7.879999999999999893e+00 3.207204907165309704e-01
7.900000000000000355e+00 3.194623388129277930e-01
7.919999999999999929e+00 3.182108487568745536e-01
7.940000000000000391e+00 3.169659683565908548e-01
7.959999999999999964e+00 3.157276651119205746e-01
7.980000000000000426e+00 3.144958873325299220e-01
8.000000000000000000e+00 3.132706034673793938e-01
8.019999999999999574e+00 3.120517623093893023e-01
8.040000000000000924e+00 3.108393332420689714e-01
8.060000000000000497e+00 3.096332655228102304e-01
8.080000000000000071e+00 3.084335294556286300e-01
8.099999999999999645e+00 3.072400747450815817e-01
8.120000000000000995e+00 3.060528726021602974e-01
8.140000000000000568e+00 3.048718731606440691e-01
8.160000000000000142e+00 3.036970485254713581e-01
8.179999999999999716e+00 3.025283492431411481e-01
8.199999999999999289e+00 3.013657483000102277e-01
8.220000000000000639e+00 3.002091966381009724e-01
8.240000000000000213e+00 2.990586681131260360e-01
8.259999999999999787e+00 2.979141140468832272e-01
8.279999999999999361e+00 2.967755091528403444e-01
8.300000000000000711e+00 2.956428051160736037e-01
8.320000000000000284e+00 2.945159774966494837e-01
8.339999999999999858e+00 2.933949783278609336e-01
8.359999999999999432e+00 2.922797840056658436e-01
8.380000000000000782e+00 2.911703468957019258e-01
8.400000000000000355e+00 2.900666442195322658e-01
8.419999999999999929e+00 2.889686286607101584e-01
8.439999999999999503e+00 2.878762782565282841e-01
8.460000000000000853e+00 2.867895459931717461e-01
8.480000000000000426e+00 2.857084107141941720e-01
8.500000000000000000e+00 2.846328256945552804e-01
8.519999999999999574e+00 2.835627705750052296e-01
8.540000000000000924e+00 2.824981989045082797e-01
8.560000000000000497e+00 2.814390911123295091e-01
8.580000000000000071e+00 2.803854010081135439e-01
8.599999999999999645e+00 2.793371098013290865e-01
8.620000000000000995e+00 2.782941715480112266e-01
8.640000000000000568e+00 2.772565682298962497e-01
8.660000000000000142e+00 2.762242541365599879e-01
8.679999999999999716e+00 2.751972120144356992e-01
8.700000000000001066e+00 2.741753963727742716e-01
8.720000000000000639e+00 2.731587907154844896e-01
8.740000000000000213e+00 2.721473497590726764e-01
8.759999999999999787e+00 2.711410577580515846e-01
8.779999999999999361e+00 2.701398696227070295e-01
8.800000000000000711e+00 2.691437703516152968e-01
8.820000000000000284e+00 2.681527150368142043e-01
8.839999999999999858e+00 2.671666894147475824e-01
8.859999999999999432e+00 2.661856487460660947e-01
8.880000000000000782e+00 2.652095794992055389e-01
8.900000000000000355e+00 2.642384370917514325e-01
8.919999999999999929e+00 2.632722087185789261e-01
8.939999999999999503e+00 2.623108499413713268e-01
8.960000000000000853e+00 2.613543486762089918e-01
8.980000000000000426e+00 2.604026606175028347e-01
9.000000000000000000e+00 2.594557743976142472e-01
9.019999999999999574e+00 2.585136458311074192e-01
9.040000000000000924e+00 2.575762642620039733e-01
9.060000000000000497e+00 2.566435856139274718e-01
9.080000000000000071e+00 2.557155999382426659e-01
9.099999999999999645e+00 2.547922632552862554e-01
9.120000000000000995e+00 2.538735663197417836e-01
9.140000000000000568e+00 2.529594652377989417e-01
9.160000000000000142e+00 2.520499514637450367e-01
9.179999999999999716e+00 2.511449811774545404e-01
9.200000000000001066e+00 2.502445465293814397e-01
9.220000000000000639e+00 2.493486037624413620e-01
9.240000000000000213e+00 2.484571457200977773e-01
9.259999999999999787e+00 2.475701286963010728e-01
9.279999999999999361e+00 2.466875462246612694e-01
9.300000000000000711e+00 2.458093546396806217e-01
9.320000000000000284e+00 2.449355481625324626e-01
9.339999999999999858e+00 2.440660831563866429e-01
9.359999999999999432e+00 2.432009545276764551e-01
9.380000000000000782e+00 2.423401186578916511e-01
9.400000000000000355e+00 2.414835711366928872e-01
9.419999999999999929e+00 2.406312683521005524e-01
9.439999999999999503e+00 2.397832065752512065e-01
9.460000000000000853e+00 2.389393421904504877e-01
9.480000000000000426e+00 2.380996721488271572e-01
9.500000000000000000e+00 2.372641528192375726e-01
9.519999999999999574e+00 2.364327818315928864e-01
9.540000000000000924e+00 2.356055155291417735e-01
9.560000000000000497e+00 2.347823522196332557e-01
9.580000000000000071e+00 2.339632482089924748e-01
9.599999999999999645e+00 2.331482024821393551e-01
9.620000000000000995e+00 2.323371712975587644e-01
