# Electrodo circular de radio 6 mm y espesor 710.0 um.
# Volumen de simulacion (convencion z,y,x):
# N: 1024 x 1024 x 1024 | voxelSize:  0.02mm x 0.02mm x 0.02mm | FOV:  20.48mm x 20.48mm x 20.48mm
# 
# z [mm]		 delta[ppm]
0.000000000000000000e+00 2.661680124613320153e+00
2.000000000000000042e-02 2.657430190566687056e+00
4.000000000000000083e-02 2.653057286174532958e+00
5.999999999999999778e-02 2.648562671113190437e+00
8.000000000000000167e-02 2.643947643875289355e+00
1.000000000000000056e-01 2.639213534521588578e+00
1.199999999999999956e-01 2.634361695844626539e+00
1.400000000000000133e-01 2.629393509561494646e+00
1.600000000000000033e-01 2.624310379316857844e+00
1.799999999999999933e-01 2.619113735623674888e+00
2.000000000000000111e-01 2.613805029221524912e+00
2.200000000000000011e-01 2.608385736006532341e+00
2.399999999999999911e-01 2.602857349973624057e+00
2.600000000000000089e-01 2.597221388470452030e+00
2.800000000000000266e-01 2.591479384860292612e+00
2.999999999999999889e-01 2.585632894071306254e+00
3.200000000000000067e-01 2.579683484922481007e+00
3.400000000000000244e-01 2.573632745974078428e+00
3.599999999999999867e-01 2.567482277580926731e+00
3.800000000000000044e-01 2.561233698031858186e+00
4.000000000000000222e-01 2.554888635307474676e+00
4.199999999999999845e-01 2.548448733510186415e+00
4.400000000000000022e-01 2.541915644362244375e+00
4.600000000000000200e-01 2.535291033921514003e+00
4.799999999999999822e-01 2.528576573809046657e+00
5.000000000000000000e-01 2.521773948211002203e+00
5.200000000000000178e-01 2.514884844860114210e+00
5.400000000000000355e-01 2.507910962320795356e+00
5.600000000000000533e-01 2.500854000719709092e+00
5.799999999999999600e-01 2.493715669313571581e+00
5.999999999999999778e-01 2.486497676987272420e+00
6.199999999999999956e-01 2.479201740101802276e+00
6.400000000000000133e-01 2.471829572758400317e+00
6.600000000000000311e-01 2.464382894925252643e+00
6.800000000000000488e-01 2.456863422482643777e+00
7.000000000000000666e-01 2.449272875625580603e+00
7.199999999999999734e-01 2.441612968690400010e+00
7.399999999999999911e-01 2.433885418831145842e+00
7.600000000000000089e-01 2.426091935640240838e+00
7.800000000000000266e-01 2.418234230095319681e+00
8.000000000000000444e-01 2.410314003975627450e+00
8.200000000000000622e-01 2.402332959076300511e+00
8.399999999999999689e-01 2.394292786431466258e+00
8.599999999999999867e-01 2.386195175792067857e+00
8.800000000000000044e-01 2.378041804658101999e+00
9.000000000000000222e-01 2.369834348016179870e+00
9.200000000000000400e-01 2.361574467190643123e+00
9.400000000000000577e-01 2.353263819836358017e+00
9.599999999999999645e-01 2.344904048611588632e+00
9.799999999999999822e-01 2.336496791421477592e+00
1.000000000000000000e+00 2.328043669921522785e+00
1.020000000000000018e+00 2.319546300006544826e+00
1.040000000000000036e+00 2.311006280147994474e+00
1.060000000000000053e+00 2.302425202123201231e+00
1.080000000000000071e+00 2.293804639194548134e+00
1.100000000000000089e+00 2.285146157073249196e+00
1.120000000000000107e+00 2.276451301943852368e+00
1.140000000000000124e+00 2.267721611656666081e+00
1.159999999999999920e+00 2.258958603605083493e+00
1.179999999999999938e+00 2.250163786140329414e+00
1.199999999999999956e+00 2.241338646305250926e+00
1.219999999999999973e+00 2.232484661464945841e+00
1.239999999999999991e+00 2.223603286904039411e+00
1.260000000000000009e+00 2.214695967666394427e+00
1.280000000000000027e+00 2.205764126019653659e+00
1.300000000000000044e+00 2.196809173497087819e+00
1.320000000000000062e+00 2.187832498236121026e+00
1.340000000000000080e+00 2.178835477215037564e+00
1.360000000000000098e+00 2.169819463469446763e+00
1.380000000000000115e+00 2.160785798516469125e+00
1.400000000000000133e+00 2.151735799455605669e+00
1.419999999999999929e+00 2.142670771572767308e+00
1.439999999999999947e+00 2.133591995329648494e+00
1.459999999999999964e+00 2.124500739139866923e+00
1.479999999999999982e+00 2.115398246253145320e+00
1.500000000000000000e+00 2.106285747695611832e+00
1.520000000000000018e+00 2.097164449053087409e+00
1.540000000000000036e+00 2.088035543567466235e+00
1.560000000000000053e+00 2.078900198825367696e+00
1.580000000000000071e+00 2.069759570002392746e+00
1.600000000000000089e+00 2.060614786461593795e+00
1.620000000000000107e+00 2.051466965137325182e+00
1.640000000000000124e+00 2.042317197049766886e+00
1.660000000000000142e+00 2.033166560819938073e+00
1.679999999999999938e+00 2.024016109104951333e+00
1.699999999999999956e+00 2.014866882235722745e+00
1.719999999999999973e+00 2.005719894579228946e+00
1.739999999999999991e+00 1.996576148290314157e+00
1.760000000000000009e+00 1.987436619605869703e+00
1.780000000000000027e+00 1.978302272702125109e+00
1.800000000000000044e+00 1.969174045927087890e+00
1.820000000000000062e+00 1.960052865754614126e+00
1.840000000000000080e+00 1.950939632960279946e+00
1.860000000000000098e+00 1.941835236663504105e+00
1.880000000000000115e+00 1.932740540453298239e+00
1.900000000000000133e+00 1.923656396509677124e+00
1.919999999999999929e+00 1.914583631684676934e+00
1.939999999999999947e+00 1.905523061694284870e+00
1.959999999999999964e+00 1.896475477161318590e+00
1.979999999999999982e+00 1.887441657869024958e+00
2.000000000000000000e+00 1.878422358771493439e+00
2.020000000000000018e+00 1.869418324300117007e+00
2.040000000000000036e+00 1.860430274348269242e+00
2.060000000000000053e+00 1.851458918621777805e+00
2.080000000000000071e+00 1.842504942603774509e+00
2.100000000000000089e+00 1.833569021940355759e+00
2.120000000000000107e+00 1.824651808392515617e+00
2.140000000000000124e+00 1.815753944248138296e+00
2.160000000000000142e+00 1.806876048267172630e+00
2.180000000000000160e+00 1.798018730111120567e+00
2.200000000000000178e+00 1.789182576288547377e+00
2.220000000000000195e+00 1.780368164593222780e+00
2.240000000000000213e+00 1.771576050056358875e+00
2.260000000000000231e+00 1.762806779384606060e+00
2.280000000000000249e+00 1.754060876926259560e+00
2.300000000000000266e+00 1.745338859100292961e+00
2.319999999999999840e+00 1.736641220383170259e+00
2.339999999999999858e+00 1.727968447720130918e+00
2.359999999999999876e+00 1.719321006540034169e+00
2.379999999999999893e+00 1.710699355140099742e+00
2.399999999999999911e+00 1.702103930735630266e+00
2.419999999999999929e+00 1.693535163809472444e+00
2.439999999999999947e+00 1.684993464204187941e+00
2.459999999999999964e+00 1.676479235427482894e+00
2.479999999999999982e+00 1.667992860793888754e+00
2.500000000000000000e+00 1.659534717677443094e+00
2.520000000000000018e+00 1.651105163710608226e+00
2.540000000000000036e+00 1.642704550975496502e+00
2.560000000000000053e+00 1.634333212267276014e+00
2.580000000000000071e+00 1.625991475215251336e+00
2.600000000000000089e+00 1.617679648618630228e+00
2.620000000000000107e+00 1.609398036488795425e+00
2.640000000000000124e+00 1.601146924464848853e+00
2.660000000000000142e+00 1.592926593768430044e+00
2.680000000000000160e+00 1.584737307707044796e+00
2.700000000000000178e+00 1.576579325532792453e+00
2.720000000000000195e+00 1.568452889041048737e+00
2.740000000000000213e+00 1.560358236324507653e+00
2.760000000000000231e+00 1.552295588475336885e+00
2.780000000000000249e+00 1.544265163225929882e+00
2.800000000000000266e+00 1.536267161762248312e+00
2.819999999999999840e+00 1.528301782242726281e+00
2.839999999999999858e+00 1.520369206731009060e+00
2.859999999999999876e+00 1.512469614584454503e+00
2.879999999999999893e+00 1.504603169514108663e+00
2.899999999999999911e+00 1.496770032834250808e+00
2.919999999999999929e+00 1.488970350657949027e+00
2.939999999999999947e+00 1.481204266999090136e+00
2.959999999999999964e+00 1.473471911111466026e+00
2.979999999999999982e+00 1.465773410434801249e+00
3.000000000000000000e+00 1.458108878085742077e+00
3.020000000000000018e+00 1.450478425639389002e+00
3.040000000000000036e+00 1.442882150780228523e+00
3.060000000000000053e+00 1.435320149910678023e+00
3.080000000000000071e+00 1.427792505970443271e+00
3.100000000000000089e+00 1.420299300863582470e+00
3.120000000000000107e+00 1.412840603454405874e+00
3.140000000000000124e+00 1.405416481804616202e+00
3.160000000000000142e+00 1.398026991354268667e+00
3.180000000000000160e+00 1.390672186960515422e+00
3.200000000000000178e+00 1.383352111271823892e+00
3.220000000000000195e+00 1.376066806559910205e+00
3.240000000000000213e+00 1.368816303295746550e+00
3.260000000000000231e+00 1.361600631766255010e+00
3.280000000000000249e+00 1.354419810860371998e+00
3.300000000000000266e+00 1.347273859462071677e+00
3.320000000000000284e+00 1.340162785455084160e+00
3.339999999999999858e+00 1.333086596883829689e+00
3.359999999999999876e+00 1.326045291185091513e+00
3.379999999999999893e+00 1.319038866108461328e+00
3.399999999999999911e+00 1.312067309183595709e+00
3.419999999999999929e+00 1.305130608391756208e+00
3.439999999999999947e+00 1.298228741876978676e+00
3.459999999999999964e+00 1.291361688360366022e+00
3.479999999999999982e+00 1.284529417103776661e+00
3.500000000000000000e+00 1.277731898058462878e+00
3.520000000000000018e+00 1.270969092089686558e+00
3.540000000000000036e+00 1.264240960851335416e+00
3.560000000000000053e+00 1.257547457280083103e+00
3.580000000000000071e+00 1.250888535187602235e+00
3.600000000000000089e+00 1.244264140032701249e+00
3.620000000000000107e+00 1.237674218222770905e+00
3.640000000000000124e+00 1.231118708172511456e+00
3.660000000000000142e+00 1.224597549306278399e+00
3.680000000000000160e+00 1.218110673411823663e+00
3.700000000000000178e+00 1.211658013335157991e+00
3.720000000000000195e+00 1.205239494637977637e+00
3.740000000000000213e+00 1.198855043976704060e+00
3.760000000000000231e+00 1.192504581071989866e+00
3.780000000000000249e+00 1.186188026763621561e+00
3.800000000000000266e+00 1.179905295300740287e+00
3.820000000000000284e+00 1.173656302064257417e+00
3.839999999999999858e+00 1.167440956186247991e+00
3.859999999999999876e+00 1.161259167931529612e+00
3.879999999999999893e+00 1.155110841654864995e+00
3.899999999999999911e+00 1.148995882833371507e+00
3.919999999999999929e+00 1.142914191369977628e+00
3.939999999999999947e+00 1.136865668268341345e+00
3.959999999999999964e+00 1.130850209291173636e+00
3.979999999999999982e+00 1.124867711269342818e+00
4.000000000000000000e+00 1.118918066123524957e+00
4.020000000000000462e+00 1.113001166799151065e+00
4.040000000000000036e+00 1.107116901659997099e+00
4.060000000000000497e+00 1.101265160040675983e+00
4.080000000000000071e+00 1.095445827020592899e+00
4.099999999999999645e+00 1.089658788585674554e+00
4.120000000000000107e+00 1.083903926791284000e+00
4.139999999999999680e+00 1.078181124524858259e+00
4.160000000000000142e+00 1.072490261066255668e+00
4.179999999999999716e+00 1.066831216442974739e+00
4.200000000000000178e+00 1.061203867396501854e+00
4.219999999999999751e+00 1.055608091321818653e+00
4.240000000000000213e+00 1.050043762648199985e+00
4.259999999999999787e+00 1.044510756354674053e+00
4.280000000000000249e+00 1.039008944773845089e+00
4.299999999999999822e+00 1.033538200675011343e+00
4.320000000000000284e+00 1.028098394499448398e+00
4.339999999999999858e+00 1.022689397002847222e+00
4.360000000000000320e+00 1.017311076930661029e+00
4.379999999999999893e+00 1.011963303211526499e+00
4.400000000000000355e+00 1.006645943081099892e+00
4.419999999999999929e+00 1.001358863818172518e+00
4.440000000000000391e+00 9.961019313255211616e-01
4.459999999999999964e+00 9.908750114004215570e-01
4.480000000000000426e+00 9.856779687809713586e-01
4.500000000000000000e+00 9.805106679426114358e-01
4.520000000000000462e+00 9.753729726185180748e-01
4.540000000000000036e+00 9.702647461138335094e-01
4.560000000000000497e+00 9.651858513085135316e-01
4.580000000000000071e+00 9.601361504809400316e-01
4.600000000000000533e+00 9.551155058018022670e-01
4.620000000000000107e+00 9.501237786587410916e-01
4.639999999999999680e+00 9.451608306497097933e-01
4.660000000000000142e+00 9.402265224002931410e-01
4.679999999999999716e+00 9.353207150651077217e-01
4.700000000000000178e+00 9.304432686294524801e-01
4.719999999999999751e+00 9.255940439272003495e-01
4.740000000000000213e+00 9.207729004183888843e-01
4.759999999999999787e+00 9.159796987321907613e-01
4.780000000000000249e+00 9.112142979120778641e-01
4.799999999999999822e+00 9.064765584923181185e-01
4.820000000000000284e+00 9.017663392023286262e-01
4.839999999999999858e+00 8.970835005852788591e-01
4.860000000000000320e+00 8.924279011532498807e-01
4.879999999999999893e+00 8.877994015563968055e-01
4.900000000000000355e+00 8.831978601805114959e-01
4.919999999999999929e+00 8.786231378753535104e-01
4.940000000000000391e+00 8.740750929861836882e-01
4.959999999999999964e+00 8.695535866497502431e-01
4.980000000000000426e+00 8.650584772513632004e-01
5.000000000000000000e+00 8.605896262971501898e-01
5.020000000000000462e+00 8.561468922882268240e-01
5.040000000000000036e+00 8.517301371777278307e-01
5.060000000000000497e+00 8.473392196535979304e-01
5.080000000000000071e+00 8.429740021890512747e-01
5.100000000000000533e+00 8.386343437255016076e-01
5.120000000000000107e+00 8.343201073249756350e-01
5.139999999999999680e+00 8.300311522446776058e-01
5.160000000000000142e+00 8.257673422000388896e-01
5.179999999999999716e+00 8.215285368223906870e-01
5.200000000000000178e+00 8.173146005412178505e-01
5.219999999999999751e+00 8.131253934163872321e-01
5.240000000000000213e+00 8.089607806483247732e-01
5.259999999999999787e+00 8.048206227762199072e-01
5.280000000000000249e+00 8.007047858247393624e-01
5.299999999999999822e+00 7.966131308596262617e-01
5.320000000000000284e+00 7.925455247796757696e-01
5.339999999999999858e+00 7.885018292211236624e-01
5.360000000000000320e+00 7.844819120035505522e-01
5.379999999999999893e+00 7.804856353743777619e-01
5.400000000000000355e+00 7.765128681175283987e-01
5.419999999999999929e+00 7.725634731293476998e-01
5.440000000000000391e+00 7.686373201987198867e-01
5.459999999999999964e+00 7.647342729057117205e-01
5.480000000000000426e+00 7.608542020819950569e-01
5.500000000000000000e+00 7.569969720234756005e-01
5.520000000000000462e+00 7.531624546397893694e-01
5.540000000000000036e+00 7.493505149721250147e-01
5.560000000000000497e+00 7.455610260407431467e-01
5.580000000000000071e+00 7.417938536591586196e-01
5.600000000000000533e+00 7.380488719885023308e-01
5.620000000000000107e+00 7.343259476392480778e-01
5.639999999999999680e+00 7.306249559413907635e-01
5.660000000000000142e+00 7.269457643248113943e-01
5.679999999999999716e+00 7.232882493142032132e-01
5.700000000000000178e+00 7.196522791791223339e-01
5.719999999999999751e+00 7.160377316627475341e-01
5.740000000000000213e+00 7.124444758926417043e-01
5.759999999999999787e+00 7.088723908523141271e-01
5.780000000000000249e+00 7.053213465436783958e-01
5.799999999999999822e+00 7.017912232105909531e-01
5.820000000000000284e+00 6.982818917439260753e-01
5.839999999999999858e+00 6.947932336661583053e-01
5.860000000000000320e+00 6.913251207699372403e-01
5.879999999999999893e+00 6.878774358729883298e-01
5.900000000000000355e+00 6.844500516810010371e-01
5.919999999999999929e+00 6.810428523220154462e-01
5.940000000000000391e+00 6.776557114244134983e-01
5.959999999999999964e+00 6.742885144401534747e-01
5.980000000000000426e+00 6.709411359285638587e-01
6.000000000000000000e+00 6.676134626777254777e-01
6.020000000000000462e+00 6.643053701847279058e-01
6.040000000000000036e+00 6.610167465846588097e-01
6.060000000000000497e+00 6.577474683179425075e-01
6.080000000000000071e+00 6.544974248763273383e-01
6.100000000000000533e+00 6.512664936478227418e-01
6.120000000000000107e+00 6.480545654893217211e-01
6.140000000000000568e+00 6.448615187395903003e-01
6.160000000000000142e+00 6.416872456280293679e-01
6.179999999999999716e+00 6.385316254461490537e-01
6.200000000000000178e+00 6.353945518021977268e-01
6.219999999999999751e+00 6.322759049414359289e-01
6.240000000000000213e+00 6.291755798563107849e-01
6.259999999999999787e+00 6.260934577457983874e-01
6.280000000000000249e+00 6.230294349909765161e-01
6.299999999999999822e+00 6.199833937436213249e-01
6.320000000000000284e+00 6.169552317770088390e-01
6.339999999999999858e+00 6.139448321938693054e-01
6.360000000000000320e+00 6.109520941624209112e-01
6.379999999999999893e+00 6.079769017337393056e-01
6.400000000000000355e+00 6.050191554729753562e-01
6.419999999999999929e+00 6.020787403760795575e-01
6.440000000000000391e+00 5.991555584064093276e-01
6.459999999999999964e+00 5.962494955006676367e-01
6.480000000000000426e+00 5.933604550210144213e-01
6.500000000000000000e+00 5.904883238400169265e-01
6.520000000000000462e+00 5.876330067186110728e-01
6.540000000000000036e+00 5.847943914597544257e-01
6.560000000000000497e+00 5.819723842225438259e-01
6.580000000000000071e+00 5.791668737341766349e-01
6.600000000000000533e+00 5.763777675507535392e-01
6.620000000000000107e+00 5.736049553170484705e-01
6.640000000000000568e+00 5.708483459844957419e-01
6.660000000000000142e+00 5.681078301081798898e-01
6.679999999999999716e+00 5.653833180327195729e-01
6.700000000000000178e+00 5.626747012158019867e-01
6.719999999999999751e+00 5.599818913926501995e-01
6.740000000000000213e+00 5.573047809152997800e-01
6.759999999999999787e+00 5.546432829065824910e-01
6.780000000000000249e+00 5.519972906042572847e-01
6.799999999999999822e+00 5.493667185153929822e-01
6.820000000000000284e+00 5.467514607543517702e-01
6.839999999999999858e+00 5.441514332087207251e-01
6.860000000000000320e+00 5.415665308600314809e-01
6.879999999999999893e+00 5.389966709723461591e-01
6.900000000000000355e+00 5.364417493844928497e-01
6.919999999999999929e+00 5.339016847326742976e-01
6.940000000000000391e+00 5.313763737028759371e-01
6.959999999999999964e+00 5.288657362988259392e-01
6.980000000000000426e+00 5.263696700431389486e-01
7.000000000000000000e+00 5.238880963022187753e-01
7.020000000000000462e+00 5.214209134245505473e-01
7.040000000000000036e+00 5.189680441341386619e-01
7.060000000000000497e+00 5.165293875942329471e-01
7.080000000000000071e+00 5.141048678811532824e-01
7.100000000000000533e+00 5.116943849616318873e-01
7.120000000000000107e+00 5.092978642588429361e-01
7.140000000000000568e+00 5.069152065313961009e-01
7.160000000000000142e+00 5.045463385436975701e-01
7.179999999999999716e+00 5.021911618344881978e-01
7.200000000000000178e+00 4.998496045036312507e-01
7.219999999999999751e+00 4.975215688579774920e-01
7.240000000000000213e+00 4.952069843269497618e-01
7.259999999999999787e+00 4.929057539733667226e-01
7.280000000000000249e+00 4.906178085502006514e-01
7.299999999999999822e+00 4.883430518638448015e-01
7.320000000000000284e+00 4.860814159847175464e-01
7.339999999999999858e+00 4.838328054503176490e-01
7.360000000000000320e+00 4.815971536423223065e-01
7.379999999999999893e+00 4.793743658166333965e-01
7.400000000000000355e+00 4.771643766599326653e-01
7.419999999999999929e+00 4.749670921337687535e-01
7.440000000000000391e+00 4.727824482235277737e-01
7.459999999999999964e+00 4.706103515834378914e-01
7.480000000000000426e+00 4.684507394912444389e-01
7.500000000000000000e+00 4.663035192808603346e-01
7.520000000000000462e+00 4.641686295160136755e-01
7.540000000000000036e+00 4.620459781971321123e-01
7.560000000000000497e+00 4.599355051675323436e-01
7.580000000000000071e+00 4.578371190809542579e-01
7.600000000000000533e+00 4.557507610539054399e-01
7.620000000000000107e+00 4.536763403800900818e-01
7.640000000000000568e+00 4.516137994428168212e-01
7.660000000000000142e+00 4.495630481623860697e-01
7.679999999999999716e+00 4.475240301825299527e-01
7.700000000000000178e+00 4.454966560366475647e-01
7.719999999999999751e+00 4.434808706225285557e-01
7.740000000000000213e+00 4.414765850731885988e-01
7.759999999999999787e+00 4.394837455341543131e-01
7.780000000000000249e+00 4.375022637244306845e-01
7.799999999999999822e+00 4.355320870309971615e-01
7.820000000000000284e+00 4.335731277452593013e-01
7.839999999999999858e+00 4.316253344894081523e-01
7.860000000000000320e+00 4.296886201135409755e-01
7.879999999999999893e+00 4.277629344688754776e-01
7.900000000000000355e+00 4.258481909505320018e-01
7.919999999999999929e+00 4.239443406326351971e-01
7.940000000000000391e+00 4.220512974415452367e-01
7.959999999999999964e+00 4.201690136682411647e-01
7.980000000000000426e+00 4.182974037565946324e-01
8.000000000000000000e+00 4.164364212084609163e-01
8.019999999999999574e+00 4.145859809713929311e-01
8.040000000000000924e+00 4.127460377522219614e-01
8.060000000000000497e+00 4.109165069884149757e-01
8.080000000000000071e+00 4.090973445859698021e-01
8.099999999999999645e+00 4.072884664584016101e-01
8.120000000000000995e+00 4.054898297051508504e-01
8.140000000000000568e+00 4.037013507019905911e-01
8.160000000000000142e+00 4.019229877361812919e-01
8.179999999999999716e+00 4.001546576318656956e-01
8.199999999999999289e+00 3.983963198585984133e-01
8.220000000000000639e+00 3.966478916750922901e-01
8.240000000000000213e+00 3.949093337277794769e-01
8.259999999999999787e+00 3.931805636960428729e-01
8.279999999999999361e+00 3.914615433978857473e-01
8.300000000000000711e+00 3.897521909195558742e-01
8.320000000000000284e+00 3.880524692454378477e-01
8.339999999999999858e+00 3.863622968547409386e-01
8.359999999999999432e+00 3.846816378931550151e-01
8.380000000000000782e+00 3.830104112190627630e-01
8.400000000000000355e+00 3.813485821344985705e-01
8.419999999999999929e+00 3.796960698631284825e-01
8.439999999999999503e+00 3.780528408585019373e-01
8.460000000000000853e+00 3.764188146957833103e-01
8.480000000000000426e+00 3.747939589753339629e-01
8.500000000000000000e+00 3.731781936099454189e-01
8.519999999999999574e+00 3.715714873422201747e-01
8.540000000000000924e+00 3.699737604088072507e-01
8.560000000000000497e+00 3.683849826901133828e-01
8.580000000000000071e+00 3.668050747327928907e-01
8.599999999999999645e+00 3.652340075507476969e-01
8.620000000000000995e+00 3.636717019868995759e-01
8.640000000000000568e+00 3.621181301844791367e-01
8.660000000000000142e+00 3.605732132688450609e-01
8.679999999999999716e+00 3.590369245085346384e-01
8.700000000000001066e+00 3.575091852976256535e-01
8.720000000000000639e+00 3.559899700260809041e-01
8.740000000000000213e+00 3.544792003428906546e-01
8.759999999999999787e+00 3.529768517557035912e-01
8.779999999999999361e+00 3.514828461547403471e-01
8.800000000000000711e+00 3.499971601617410943e-01
8.820000000000000284e+00 3.485197158943759144e-01
8.839999999999999858e+00 3.470504910850418789e-01
8.859999999999999432e+00 3.455894080651950584e-01
8.880000000000000782e+00 3.441364456745973910e-01
8.900000000000000355e+00 3.426915264447426557e-01
8.919999999999999929e+00 3.412546303196077324e-01
8.939999999999999503e+00 3.398256800170992853e-01
8.960000000000000853e+00 3.384046565824270214e-01
8.980000000000000426e+00 3.369914829061801398e-01
9.000000000000000000e+00 3.355861411319702725e-01
9.019999999999999574e+00 3.341885543094629263e-01
9.040000000000000924e+00 3.327987056779994068e-01
9.060000000000000497e+00 3.314165184326227087e-01
9.080000000000000071e+00 3.300419769058721697e-01
9.099999999999999645e+00 3.286750044246037894e-01
9.120000000000000995e+00 3.273155864121909953e-01
9.140000000000000568e+00 3.259636463136210693e-01
9.160000000000000142e+00 3.246191706409090050e-01
9.179999999999999716e+00 3.232820829436079402e-01
9.200000000000001066e+00 3.219523708203378409e-01
9.220000000000000639e+00 3.206299579115743370e-01
9.240000000000000213e+00 3.193148329006387787e-01
9.259999999999999787e+00 3.180069195054070486e-01
9.279999999999999361e+00 3.167062074921846437e-01
9.300000000000000711e+00 3.154126206426065560e-01
9.320000000000000284e+00 3.141261498044097822e-01
9.339999999999999858e+00 3.128467188094724571e-01
9.359999999999999432e+00 3.115743195855703584e-01
9.380000000000000782e+00 3.103088760012070457e-01
9.400000000000000355e+00 3.090503810629433579e-01
9.419999999999999929e+00 3.077987586624317262e-01
9.439999999999999503e+00 3.065540028839627840e-01
9.460000000000000853e+00 3.053160376287015199e-01
9.480000000000000426e+00 3.040848580577697469e-01
9.500000000000000000e+00 3.028603880683736760e-01
9.519999999999999574e+00 3.016426238977180097e-01
9.540000000000000924e+00 3.004314894254548896e-01
9.560000000000000497e+00 2.992269819642823236e-01
9.580000000000000071e+00 2.980290253628412045e-01
9.599999999999999645e+00 2.968376180089164484e-01
9.620000000000000995e+00 2.956526837065259206e-01
