# Electrodo circular de radio 6 mm y espesor 710.0 um.
# Volumen de simulacion (convencion z,y,x):
# N: 1024 x 1024 x 1024 | voxelSize:  0.02mm x 0.02mm x 0.02mm | FOV:  20.48mm x 20.48mm x 20.48mm
# 
# z [mm]		 delta[ppm]
0.000000000000000000e+00 2.873174342398509662e+00
2.000000000000000042e-02 2.867112236040123996e+00
4.000000000000000083e-02 2.860882457146978641e+00
5.999999999999999778e-02 2.854487465013078928e+00
8.000000000000000167e-02 2.847929759331198518e+00
1.000000000000000056e-01 2.841211886565694122e+00
1.199999999999999956e-01 2.834336436685701344e+00
1.400000000000000133e-01 2.827306042833054089e+00
1.600000000000000033e-01 2.820123373624143781e+00
1.799999999999999933e-01 2.812791136947064619e+00
2.000000000000000111e-01 2.805312070646938327e+00
2.200000000000000011e-01 2.797688947355085443e+00
2.399999999999999911e-01 2.789924564712102928e+00
2.600000000000000089e-01 2.782021750637195812e+00
2.800000000000000266e-01 2.773983353170114796e+00
2.999999999999999889e-01 2.765812246152507203e+00
3.200000000000000067e-01 2.757511318719042759e+00
3.400000000000000244e-01 2.749083481381914940e+00
3.599999999999999867e-01 2.740531655209137885e+00
3.800000000000000044e-01 2.731858778313165370e+00
4.000000000000000222e-01 2.723067794723279089e+00
4.199999999999999845e-01 2.714161661281397908e+00
4.400000000000000022e-01 2.705143336238671647e+00
4.600000000000000200e-01 2.696015786560646887e+00
4.799999999999999822e-01 2.686781976253099558e+00
5.000000000000000000e-01 2.677444874079918158e+00
5.200000000000000178e-01 2.668007441642019195e+00
5.400000000000000355e-01 2.658472641509405765e+00
5.600000000000000533e-01 2.648843425058074796e+00
5.799999999999999600e-01 2.639122741018092633e+00
5.999999999999999778e-01 2.629313523087552174e+00
6.199999999999999956e-01 2.619418698896559317e+00
6.400000000000000133e-01 2.609441177402957557e+00
6.600000000000000311e-01 2.599383858271937964e+00
6.800000000000000488e-01 2.589249619068892727e+00
7.000000000000000666e-01 2.579041325052648936e+00
7.199999999999999734e-01 2.568761816169605083e+00
7.399999999999999911e-01 2.558413917258167469e+00
7.600000000000000089e-01 2.548000424856472712e+00
7.800000000000000266e-01 2.537524117814069502e+00
8.000000000000000444e-01 2.526987743916684792e+00
8.200000000000000622e-01 2.516394030900607426e+00
8.399999999999999689e-01 2.505745672904327481e+00
8.599999999999999867e-01 2.495045341879799761e+00
8.800000000000000044e-01 2.484295673873627930e+00
9.000000000000000222e-01 2.473499280828753477e+00
9.200000000000000400e-01 2.462658736703014384e+00
9.400000000000000577e-01 2.451776589653700711e+00
9.599999999999999645e-01 2.440855347995453339e+00
9.799999999999999822e-01 2.429897492759589994e+00
1.000000000000000000e+00 2.418905463497539987e+00
1.020000000000000018e+00 2.407881671205903906e+00
1.040000000000000036e+00 2.396828483976822355e+00
1.060000000000000053e+00 2.385748240279275123e+00
1.080000000000000071e+00 2.374643234461338626e+00
1.100000000000000089e+00 2.363515730377466983e+00
1.120000000000000107e+00 2.352367946743657789e+00
1.140000000000000124e+00 2.341202071100086712e+00
1.159999999999999920e+00 2.330020245023240122e+00
1.179999999999999938e+00 2.318824578412712167e+00
1.199999999999999956e+00 2.307617134561114280e+00
1.219999999999999973e+00 2.296399944753563016e+00
1.239999999999999991e+00 2.285174993198846316e+00
1.260000000000000009e+00 2.273944231929729387e+00
1.280000000000000027e+00 2.262709565596161099e+00
1.300000000000000044e+00 2.251472866654349758e+00
1.320000000000000062e+00 2.240235960025199535e+00
1.340000000000000080e+00 2.229000638559810010e+00
1.360000000000000098e+00 2.217768647564107631e+00
1.380000000000000115e+00 2.206541700528374506e+00
1.400000000000000133e+00 2.195321463521171523e+00
1.419999999999999929e+00 2.184109571170336217e+00
1.439999999999999947e+00 2.172907610927481858e+00
1.459999999999999964e+00 2.161717139287885558e+00
1.479999999999999982e+00 2.150539665928815847e+00
1.500000000000000000e+00 2.139376670155697102e+00
1.520000000000000018e+00 2.128229584915972250e+00
1.540000000000000036e+00 2.117099813458975799e+00
1.560000000000000053e+00 2.105988713228879927e+00
1.580000000000000071e+00 2.094897612725725722e+00
1.600000000000000089e+00 2.083827795279711292e+00
1.620000000000000107e+00 2.072780516100958259e+00
1.640000000000000124e+00 2.061756985939057873e+00
1.660000000000000142e+00 2.050758388309240843e+00
1.679999999999999938e+00 2.039785863040027625e+00
1.699999999999999956e+00 2.028840523663610895e+00
1.719999999999999973e+00 2.017923440856015826e+00
1.739999999999999991e+00 2.007035659979609310e+00
1.760000000000000009e+00 1.996178184419273194e+00
1.780000000000000027e+00 1.985351993265138004e+00
1.800000000000000044e+00 1.974558024549687651e+00
1.820000000000000062e+00 1.963797193058965940e+00
1.840000000000000080e+00 1.953070373474758537e+00
1.860000000000000098e+00 1.942378418302705967e+00
1.880000000000000115e+00 1.931722140925022035e+00
1.900000000000000133e+00 1.921102333634108206e+00
1.919999999999999929e+00 1.910519750600584432e+00
1.939999999999999947e+00 1.899975126001199444e+00
1.959999999999999964e+00 1.889469156908176295e+00
1.979999999999999982e+00 1.879002521500351186e+00
2.000000000000000000e+00 1.868575861879237410e+00
2.020000000000000018e+00 1.858189802352540720e+00
2.040000000000000036e+00 1.847844932183440703e+00
2.060000000000000053e+00 1.837541823935789020e+00
2.080000000000000071e+00 1.827281016162568994e+00
2.100000000000000089e+00 1.817063031802256923e+00
2.120000000000000107e+00 1.806888360813475813e+00
2.140000000000000124e+00 1.796757478612120762e+00
2.160000000000000142e+00 1.786670828658711185e+00
2.180000000000000160e+00 1.776628840926087305e+00
2.200000000000000178e+00 1.766631914446888496e+00
2.220000000000000195e+00 1.756680435801748708e+00
2.240000000000000213e+00 1.746774761633888673e+00
2.260000000000000231e+00 1.736915237147892421e+00
2.280000000000000249e+00 1.727102178599237092e+00
2.300000000000000266e+00 1.717335891793853042e+00
2.319999999999999840e+00 1.707616654559999780e+00
2.339999999999999858e+00 1.697944735238952063e+00
2.359999999999999876e+00 1.688320375147398522e+00
2.379999999999999893e+00 1.678743807049696057e+00
2.399999999999999911e+00 1.669215237618554948e+00
2.419999999999999929e+00 1.659734865879435528e+00
2.439999999999999947e+00 1.650302865678003883e+00
2.459999999999999964e+00 1.640919404087310518e+00
2.479999999999999982e+00 1.631584623890096841e+00
2.500000000000000000e+00 1.622298661939534759e+00
2.520000000000000018e+00 1.613061631665100970e+00
2.540000000000000036e+00 1.603873641377702164e+00
2.560000000000000053e+00 1.594734776807476884e+00
2.580000000000000071e+00 1.585645119344230913e+00
2.600000000000000089e+00 1.576604728616078921e+00
2.620000000000000107e+00 1.567613660656193231e+00
2.640000000000000124e+00 1.558671950530847727e+00
2.660000000000000142e+00 1.549779630423534060e+00
2.680000000000000160e+00 1.540936712321502977e+00
2.700000000000000178e+00 1.532143206008359515e+00
2.720000000000000195e+00 1.523399101817840773e+00
2.740000000000000213e+00 1.514704388526057599e+00
2.760000000000000231e+00 1.506059036181727651e+00
2.780000000000000249e+00 1.497463013889293260e+00
2.800000000000000266e+00 1.488916272724461143e+00
2.819999999999999840e+00 1.480418763399467652e+00
2.839999999999999858e+00 1.471970419273236352e+00
2.859999999999999876e+00 1.463571173890099386e+00
2.879999999999999893e+00 1.455220944093523316e+00
2.899999999999999911e+00 1.446919647429641520e+00
2.919999999999999929e+00 1.438667185373926793e+00
2.939999999999999947e+00 1.430463460590878144e+00
2.959999999999999964e+00 1.422308360282688477e+00
2.979999999999999982e+00 1.414201773296506426e+00
3.000000000000000000e+00 1.406143573604481167e+00
3.020000000000000018e+00 1.398133637250043471e+00
3.040000000000000036e+00 1.390171825968389951e+00
3.060000000000000053e+00 1.382258003963243054e+00
3.080000000000000071e+00 1.374392021677200981e+00
3.100000000000000089e+00 1.366573732390439222e+00
3.120000000000000107e+00 1.358802976150019992e+00
3.140000000000000124e+00 1.351079596182046760e+00
3.160000000000000142e+00 1.343403422989334350e+00
3.180000000000000160e+00 1.335774290568528144e+00
3.200000000000000178e+00 1.328192020685222907e+00
3.220000000000000195e+00 1.320656438887608752e+00
3.240000000000000213e+00 1.313167358968395870e+00
3.260000000000000231e+00 1.305724598766532685e+00
3.280000000000000249e+00 1.298327964825037428e+00
3.300000000000000266e+00 1.290977267972355236e+00
3.320000000000000284e+00 1.283672308185417110e+00
3.339999999999999858e+00 1.276412889942228679e+00
3.359999999999999876e+00 1.269198807299215304e+00
3.379999999999999893e+00 1.262029859006628563e+00
3.399999999999999911e+00 1.254905833809478288e+00
3.419999999999999929e+00 1.247826525317362822e+00
3.439999999999999947e+00 1.240791717537985006e+00
3.459999999999999964e+00 1.233801199493059109e+00
3.479999999999999982e+00 1.226854750993629395e+00
3.500000000000000000e+00 1.219952156993681536e+00
3.520000000000000018e+00 1.213093193616237908e+00
3.540000000000000036e+00 1.206277642236335490e+00
3.560000000000000053e+00 1.199505275767048573e+00
3.580000000000000071e+00 1.192775872463494480e+00
3.600000000000000089e+00 1.186089202477705662e+00
3.620000000000000107e+00 1.179445041375345671e+00
3.640000000000000124e+00 1.172843156968508271e+00
3.660000000000000142e+00 1.166283322536854294e+00
3.680000000000000160e+00 1.159765303947180470e+00
3.700000000000000178e+00 1.153288872570667367e+00
3.720000000000000195e+00 1.146853792698264041e+00
3.740000000000000213e+00 1.140459834145769236e+00
3.760000000000000231e+00 1.134106759973788181e+00
3.780000000000000249e+00 1.127794338772406313e+00
3.800000000000000266e+00 1.121522332694658841e+00
3.820000000000000284e+00 1.115290509412538267e+00
3.839999999999999858e+00 1.109098630472709957e+00
3.859999999999999876e+00 1.102946462915607384e+00
3.879999999999999893e+00 1.096833767962257067e+00
3.899999999999999911e+00 1.090760312288254319e+00
3.919999999999999929e+00 1.084725857050337972e+00
3.939999999999999947e+00 1.078730168807044754e+00
3.959999999999999964e+00 1.072773008893825653e+00
3.979999999999999982e+00 1.066854143982180148e+00
4.000000000000000000e+00 1.060973335811916440e+00
4.020000000000000462e+00 1.055130351380574538e+00
4.040000000000000036e+00 1.049324953041531172e+00
4.060000000000000497e+00 1.043556908315585563e+00
4.080000000000000071e+00 1.037825980363402678e+00
4.099999999999999645e+00 1.032131937411128630e+00
4.120000000000000107e+00 1.026474543605799150e+00
4.139999999999999680e+00 1.020853568046850235e+00
4.160000000000000142e+00 1.015268776032968834e+00
4.179999999999999716e+00 1.009719937691373026e+00
4.200000000000000178e+00 1.004206819624652525e+00
4.219999999999999751e+00 9.987291931297422876e-01
4.240000000000000213e+00 9.932868262531374670e-01
4.259999999999999787e+00 9.878794915914707042e-01
4.280000000000000249e+00 9.825069587635908430e-01
4.299999999999999822e+00 9.771690017846931253e-01
4.320000000000000284e+00 9.718653919635773519e-01
4.339999999999999858e+00 9.665959048422708699e-01
4.360000000000000320e+00 9.613603135269127575e-01
4.379999999999999893e+00 9.561583951848308116e-01
4.400000000000000355e+00 9.509899248172928310e-01
4.419999999999999929e+00 9.458546813060390024e-01
4.440000000000000391e+00 9.407524416362502695e-01
4.459999999999999964e+00 9.356829864845441769e-01
4.480000000000000426e+00 9.306460949003708683e-01
4.500000000000000000e+00 9.256415494274462530e-01
4.520000000000000462e+00 9.206691312519051928e-01
4.540000000000000036e+00 9.157286248492140235e-01
4.560000000000000497e+00 9.108198136072004347e-01
4.580000000000000071e+00 9.059424839904818283e-01
4.600000000000000533e+00 9.010964216466360588e-01
4.620000000000000107e+00 8.962814150801936552e-01
4.639999999999999680e+00 8.914972522500502761e-01
4.660000000000000142e+00 8.867437237450771503e-01
4.679999999999999716e+00 8.820206198809753539e-01
4.700000000000000178e+00 8.773277333695849167e-01
4.719999999999999751e+00 8.726648569232392516e-01
4.740000000000000213e+00 8.680317854098394958e-01
4.759999999999999787e+00 8.634283139728807788e-01
4.780000000000000249e+00 8.588542396643777943e-01
4.799999999999999822e+00 8.543093600885819372e-01
4.820000000000000284e+00 8.497934745048619787e-01
4.839999999999999858e+00 8.453063830032244708e-01
4.860000000000000320e+00 8.408478870692605023e-01
4.879999999999999893e+00 8.364177892994560937e-01
4.900000000000000355e+00 8.320158934203117918e-01
4.919999999999999929e+00 8.276420045515391344e-01
4.940000000000000391e+00 8.232959286714702785e-01
4.959999999999999964e+00 8.189774734360975028e-01
4.980000000000000426e+00 8.146864470828848459e-01
5.000000000000000000e+00 8.104226598137321824e-01
5.020000000000000462e+00 8.061859221293098399e-01
5.040000000000000036e+00 8.019760467838741302e-01
5.060000000000000497e+00 7.977928465422576831e-01
5.080000000000000071e+00 7.936361367145854384e-01
5.100000000000000533e+00 7.895057323280453287e-01
5.120000000000000107e+00 7.854014512494283951e-01
5.139999999999999680e+00 7.813231107637919060e-01
5.160000000000000142e+00 7.772705312928830379e-01
5.179999999999999716e+00 7.732435323728041876e-01
5.200000000000000178e+00 7.692419369762338865e-01
5.219999999999999751e+00 7.652655668812126111e-01
5.240000000000000213e+00 7.613142476052009444e-01
5.259999999999999787e+00 7.573878031570886460e-01
5.280000000000000249e+00 7.534860615910111692e-01
5.299999999999999822e+00 7.496088491336894144e-01
5.320000000000000284e+00 7.457559963660348457e-01
5.339999999999999858e+00 7.419273317179208016e-01
5.360000000000000320e+00 7.381226882855042026e-01
5.379999999999999893e+00 7.343418966854908803e-01
5.400000000000000355e+00 7.305847925162539669e-01
5.419999999999999929e+00 7.268512085636490427e-01
5.440000000000000391e+00 7.231409829138696344e-01
5.459999999999999964e+00 7.194539505028686444e-01
5.480000000000000426e+00 7.157899518890266100e-01
5.500000000000000000e+00 7.121488241382201156e-01
5.520000000000000462e+00 7.085304102642668855e-01
5.540000000000000036e+00 7.049345494416480173e-01
5.560000000000000497e+00 7.013610871218598497e-01
5.580000000000000071e+00 6.978098645657736521e-01
5.600000000000000533e+00 6.942807296438875397e-01
5.620000000000000107e+00 6.907735256803134716e-01
5.639999999999999680e+00 6.872881029450709223e-01
5.660000000000000142e+00 6.838243068016447435e-01
5.679999999999999716e+00 6.803819898993719306e-01
5.700000000000000178e+00 6.769609996164801524e-01
5.719999999999999751e+00 6.735611909607792658e-01
5.740000000000000213e+00 6.701824133000713335e-01
5.759999999999999787e+00 6.668245239792313095e-01
5.780000000000000249e+00 6.634873743298496107e-01
5.799999999999999822e+00 6.601708240119698035e-01
5.820000000000000284e+00 6.568747262947955967e-01
5.839999999999999858e+00 6.535989431312175801e-01
5.860000000000000320e+00 6.503433297013830883e-01
5.879999999999999893e+00 6.471077502283612004e-01
5.900000000000000355e+00 6.438920617763056464e-01
5.919999999999999929e+00 6.406961308154818235e-01
5.940000000000000391e+00 6.375198162667479185e-01
5.959999999999999964e+00 6.343629868243457759e-01
5.980000000000000426e+00 6.312255032383617959e-01
6.000000000000000000e+00 6.281072364035966693e-01
6.020000000000000462e+00 6.250080488716264204e-01
6.040000000000000036e+00 6.219278137142405516e-01
6.060000000000000497e+00 6.188663952566880733e-01
6.080000000000000071e+00 6.158236687240767893e-01
6.100000000000000533e+00 6.127995001873228764e-01
6.120000000000000107e+00 6.097937670011168709e-01
6.140000000000000568e+00 6.068063369540440677e-01
6.160000000000000142e+00 6.038370895066068611e-01
6.179999999999999716e+00 6.008858941369461526e-01
6.200000000000000178e+00 5.979526323876235283e-01
6.219999999999999751e+00 5.950371753982808265e-01
6.240000000000000213e+00 5.921394067698161345e-01
6.259999999999999787e+00 5.892591992752819197e-01
6.280000000000000249e+00 5.863964385502582477e-01
6.299999999999999822e+00 5.835509989732250435e-01
6.320000000000000284e+00 5.807227681908858630e-01
6.339999999999999858e+00 5.779116221591763525e-01
6.360000000000000320e+00 5.751174505124779790e-01
6.379999999999999893e+00 5.723401307563746876e-01
6.400000000000000355e+00 5.695795544896307128e-01
6.419999999999999929e+00 5.668356007397077345e-01
6.440000000000000391e+00 5.641081630466149299e-01
6.459999999999999964e+00 5.613971219321377548e-01
6.480000000000000426e+00 5.587023728545760237e-01
6.500000000000000000e+00 5.560237978025559524e-01
6.520000000000000462e+00 5.533612941299099752e-01
6.540000000000000036e+00 5.507147452648647468e-01
6.560000000000000497e+00 5.480840504342424646e-01
6.580000000000000071e+00 5.454690944787354834e-01
6.600000000000000533e+00 5.428697784758463873e-01
6.620000000000000107e+00 5.402859886518619481e-01
6.640000000000000568e+00 5.377176279128947911e-01
6.660000000000000142e+00 5.351645838440848291e-01
6.679999999999999716e+00 5.326267611583354045e-01
6.700000000000000178e+00 5.301040487731868422e-01
6.719999999999999751e+00 5.275963531867841061e-01
6.740000000000000213e+00 5.251035646227590892e-01
6.759999999999999787e+00 5.226255913432189537e-01
6.780000000000000249e+00 5.201623248518830733e-01
6.799999999999999822e+00 5.177136751538283788e-01
6.820000000000000284e+00 5.152795350070125124e-01
6.839999999999999858e+00 5.128598161387799559e-01
6.860000000000000320e+00 5.104544125357971529e-01
6.879999999999999893e+00 5.080632376272674611e-01
6.900000000000000355e+00 5.056861866032074104e-01
6.919999999999999929e+00 5.033231745745764263e-01
6.940000000000000391e+00 5.009740979097063729e-01
6.959999999999999964e+00 4.986388733815125818e-01
6.980000000000000426e+00 4.963173985117829146e-01
7.000000000000000000e+00 4.940095917159108008e-01
7.020000000000000462e+00 4.917153516446086114e-01
7.040000000000000036e+00 4.894345983365831487e-01
7.060000000000000497e+00 4.871672315471207715e-01
7.080000000000000071e+00 4.849131729193928431e-01
7.100000000000000533e+00 4.826723232892485838e-01
7.120000000000000107e+00 4.804446058858017343e-01
7.140000000000000568e+00 4.782299226016268889e-01
7.160000000000000142e+00 4.760281982335842765e-01
7.179999999999999716e+00 4.738393357074766055e-01
7.200000000000000178e+00 4.716632613700371679e-01
7.219999999999999751e+00 4.694998791569789942e-01
7.240000000000000213e+00 4.673491169473671936e-01
7.259999999999999787e+00 4.652108796638436128e-01
7.280000000000000249e+00 4.630850967005896712e-01
7.299999999999999822e+00 4.609716739443657785e-01
7.320000000000000284e+00 4.588705422875863360e-01
7.339999999999999858e+00 4.567816085586679509e-01
7.360000000000000320e+00 4.547048051317015838e-01
7.379999999999999893e+00 4.526400397544563803e-01
7.400000000000000355e+00 4.505872462664761713e-01
7.419999999999999929e+00 4.485463333129186547e-01
7.440000000000000391e+00 4.465172361828869674e-01
7.459999999999999964e+00 4.444998643971232455e-01
7.480000000000000426e+00 4.424941546787232172e-01
7.500000000000000000e+00 4.405000174025461290e-01
7.520000000000000462e+00 4.385173907104389368e-01
7.540000000000000036e+00 4.365461858100708747e-01
7.560000000000000497e+00 4.345863422471299420e-01
7.580000000000000071e+00 4.326377720410999883e-01
7.600000000000000533e+00 4.307004161269235021e-01
7.620000000000000107e+00 4.287741873150707206e-01
7.640000000000000568e+00 4.268590279154789169e-01
7.660000000000000142e+00 4.249548515090837419e-01
7.679999999999999716e+00 4.230616017668796802e-01
7.700000000000000178e+00 4.211791930198927059e-01
7.719999999999999751e+00 4.193075702865567966e-01
7.740000000000000213e+00 4.174466486279295174e-01
7.759999999999999787e+00 4.155963743965904733e-01
7.780000000000000249e+00 4.137566633636977076e-01
7.799999999999999822e+00 4.119274632029962246e-01
7.820000000000000284e+00 4.101086903761259617e-01
7.839999999999999858e+00 4.083002938653348957e-01
7.860000000000000320e+00 4.065021908032450670e-01
7.879999999999999893e+00 4.047143314682596915e-01
7.900000000000000355e+00 4.029366336447862684e-01
7.919999999999999929e+00 4.011690488953477129e-01
7.940000000000000391e+00 3.994114956370498071e-01
7.959999999999999964e+00 3.976639267048092119e-01
7.980000000000000426e+00 3.959262611296411327e-01
8.000000000000000000e+00 3.941984530074342796e-01
8.019999999999999574e+00 3.924804219644226766e-01
8.040000000000000924e+00 3.907721233463571364e-01
8.060000000000000497e+00 3.890734773562862236e-01
8.080000000000000071e+00 3.873844405790135004e-01
8.099999999999999645e+00 3.857049337760905527e-01
8.120000000000000995e+00 3.840349147608618230e-01
8.140000000000000568e+00 3.823743048353547280e-01
8.160000000000000142e+00 3.807230630312435360e-01
8.179999999999999716e+00 3.790811111730731930e-01
8.199999999999999289e+00 3.774484095009371654e-01
8.220000000000000639e+00 3.758248803442194030e-01
8.240000000000000213e+00 3.742104851418155409e-01
8.259999999999999787e+00 3.726051467103304593e-01
8.279999999999999361e+00 3.710088276781361438e-01
8.300000000000000711e+00 3.694214513317142790e-01
8.320000000000000284e+00 3.678429814798769293e-01
8.339999999999999858e+00 3.662733418616844205e-01
8.359999999999999432e+00 3.647124974576436696e-01
8.380000000000000782e+00 3.631603724423637103e-01
8.400000000000000355e+00 3.616169329595834148e-01
8.419999999999999929e+00 3.600821036024662303e-01
8.439999999999999503e+00 3.585558516698029163e-01
8.460000000000000853e+00 3.570381021565775526e-01
8.480000000000000426e+00 3.555288235087355475e-01
8.500000000000000000e+00 3.540279411063693149e-01
8.519999999999999574e+00 3.525354245349669458e-01
8.540000000000000924e+00 3.510511995432630261e-01
8.560000000000000497e+00 3.495752368489508100e-01
8.580000000000000071e+00 3.481074625529637645e-01
8.599999999999999645e+00 3.466478484981326269e-01
8.620000000000000995e+00 3.451963211213845972e-01
8.640000000000000568e+00 3.437528533838994926e-01
8.660000000000000142e+00 3.423173720423972055e-01
8.679999999999999716e+00 3.408898511698925105e-01
8.700000000000001066e+00 3.394702178269269344e-01
8.720000000000000639e+00 3.380584471921035949e-01
8.740000000000000213e+00 3.366544666138087116e-01
8.759999999999999787e+00 3.352582523702560269e-01
8.779999999999999361e+00 3.338697320819297154e-01
8.800000000000000711e+00 3.324888831209389939e-01
8.820000000000000284e+00 3.311156333640952742e-01
8.839999999999999858e+00 3.297499612719641537e-01
8.859999999999999432e+00 3.283917949621311672e-01
8.880000000000000782e+00 3.270411139784352716e-01
8.900000000000000355e+00 3.256978466636558656e-01
8.919999999999999929e+00 3.243619736399819820e-01
8.939999999999999503e+00 3.230334234600193422e-01
8.960000000000000853e+00 3.217121778196521675e-01
8.980000000000000426e+00 3.203981654658966671e-01
9.000000000000000000e+00 3.190913691639334915e-01
9.019999999999999574e+00 3.177917178399812248e-01
9.040000000000000924e+00 3.164991953243787015e-01
9.060000000000000497e+00 3.152137307072837569e-01
9.080000000000000071e+00 3.139353088803051306e-01
9.099999999999999645e+00 3.126638590824826758e-01
9.120000000000000995e+00 3.113993672630650522e-01
9.140000000000000568e+00 3.101417627948404587e-01
9.160000000000000142e+00 3.088910326813339435e-01
9.179999999999999716e+00 3.076471064141322875e-01
9.200000000000001066e+00 3.064099720479225852e-01
9.220000000000000639e+00 3.051795591780825934e-01
9.240000000000000213e+00 3.039558569075815342e-01
9.259999999999999787e+00 3.027387949207595574e-01
9.279999999999999361e+00 3.015283633662577678e-01
9.300000000000000711e+00 3.003244920024540354e-01
9.320000000000000284e+00 2.991271720213029006e-01
9.339999999999999858e+00 2.979363332404740272e-01
9.359999999999999432e+00 2.967519678931271887e-01
9.380000000000000782e+00 2.955740058413773852e-01
9.400000000000000355e+00 2.944024403577172877e-01
9.419999999999999929e+00 2.932372013340469041e-01
9.439999999999999503e+00 2.920782830805874197e-01
9.460000000000000853e+00 2.909256155042206915e-01
9.480000000000000426e+00 2.897791939515355630e-01
9.500000000000000000e+00 2.886389483297820968e-01
9.519999999999999574e+00 2.875048750208004100e-01
9.540000000000000924e+00 2.863769039174663966e-01
9.560000000000000497e+00 2.852550324359953704e-01
9.580000000000000071e+00 2.841391904403104407e-01
9.599999999999999645e+00 2.830293763803912177e-01
9.620000000000000995e+00 2.819255200764738678e-01
