# Electrodo circular de radio 6 mm y espesor 710.0 um.
# Volumen de simulacion (convencion z,y,x):
# N: 1024 x 1024 x 1024 | voxelSize:  0.02mm x 0.02mm x 0.02mm | FOV:  20.48mm x 20.48mm x 20.48mm
# 
# z [mm]		 delta[ppm]
0.000000000000000000e+00 3.327076212963199442e+00
2.000000000000000042e-02 3.315448135755118653e+00
4.000000000000000083e-02 3.303535265024572176e+00
5.999999999999999778e-02 3.291345109118710255e+00
8.000000000000000167e-02 3.278885313744263286e+00
1.000000000000000056e-01 3.266163611682235235e+00
1.199999999999999956e-01 3.253187805564420110e+00
1.400000000000000133e-01 3.239965759228701003e+00
1.600000000000000033e-01 3.226505381498243619e+00
1.799999999999999933e-01 3.212814623175297424e+00
2.000000000000000111e-01 3.198901458459053160e+00
2.200000000000000011e-01 3.184773883983204268e+00
2.399999999999999911e-01 3.170439899722204746e+00
2.600000000000000089e-01 3.155907509233686348e+00
2.800000000000000266e-01 3.141184700216972381e+00
2.999999999999999889e-01 3.126279445897485854e+00
3.200000000000000067e-01 3.111199685497182621e+00
3.400000000000000244e-01 3.095953326726867960e+00
3.599999999999999867e-01 3.080548226225679365e+00
3.800000000000000044e-01 3.064992193176296009e+00
4.000000000000000222e-01 3.049292969832378741e+00
4.199999999999999845e-01 3.033458236263221863e+00
4.400000000000000022e-01 3.017495591002288702e+00
4.600000000000000200e-01 3.001412556934812237e+00
4.799999999999999822e-01 2.985216562132262386e+00
5.000000000000000000e-01 2.968914946885968575e+00
5.200000000000000178e-01 2.952514944742217651e+00
5.400000000000000355e-01 2.936023690682296294e+00
5.600000000000000533e-01 2.919448202390567904e+00
5.799999999999999600e-01 2.902795389571431350e+00
5.999999999999999778e-01 2.886072035448870476e+00
6.199999999999999956e-01 2.869284807205644938e+00
6.400000000000000133e-01 2.852440237723524508e+00
6.600000000000000311e-01 2.835544737121535430e+00
6.800000000000000488e-01 2.818604574721704115e+00
7.000000000000000666e-01 2.801625891658058087e+00
7.199999999999999734e-01 2.784614683059988938e+00
7.399999999999999911e-01 2.767576811697053607e+00
7.600000000000000089e-01 2.750517990354180764e+00
7.800000000000000266e-01 2.733443796473202791e+00
8.000000000000000444e-01 2.716359654699991744e+00
8.200000000000000622e-01 2.699270852478942384e+00
8.399999999999999689e-01 2.682182522739077424e+00
8.599999999999999867e-01 2.665099660395097381e+00
8.800000000000000044e-01 2.648027105144864279e+00
9.000000000000000222e-01 2.630969558827779053e+00
9.200000000000000400e-01 2.613931568296910424e+00
9.400000000000000577e-01 2.596917543584278398e+00
9.599999999999999645e-01 2.579931740816295616e+00
9.799999999999999822e-01 2.562978281134406178e+00
1.000000000000000000e+00 2.546061133616343675e+00
1.020000000000000018e+00 2.529184134900698933e+00
1.040000000000000036e+00 2.512350972082113998e+00
1.060000000000000053e+00 2.495565202988608178e+00
1.080000000000000071e+00 2.478830239014938375e+00
1.100000000000000089e+00 2.462149366002751805e+00
1.120000000000000107e+00 2.445525726982118453e+00
1.140000000000000124e+00 2.428962343605804097e+00
1.159999999999999920e+00 2.412462098766871232e+00
1.179999999999999938e+00 2.396027758540367536e+00
1.199999999999999956e+00 2.379661954650661659e+00
1.219999999999999973e+00 2.363367206875798043e+00
1.239999999999999991e+00 2.347145905337332916e+00
1.260000000000000009e+00 2.331000333325042639e+00
1.280000000000000027e+00 2.314932649387691832e+00
1.300000000000000044e+00 2.298944910538144093e+00
1.320000000000000062e+00 2.283039054123362721e+00
1.340000000000000080e+00 2.267216921372606553e+00
1.360000000000000098e+00 2.251480239030380748e+00
1.380000000000000115e+00 2.235830643212898927e+00
1.400000000000000133e+00 2.220269660787979937e+00
1.419999999999999929e+00 2.204798733507641995e+00
1.439999999999999947e+00 2.189419199123955995e+00
1.459999999999999964e+00 2.174132315768043444e+00
1.479999999999999982e+00 2.158939242791425350e+00
1.500000000000000000e+00 2.143841065364215481e+00
1.520000000000000018e+00 2.128838775036026476e+00
1.540000000000000036e+00 2.113933294528372642e+00
1.560000000000000053e+00 2.099125458009765577e+00
1.580000000000000071e+00 2.084416036059594024e+00
1.600000000000000089e+00 2.069805715656037215e+00
1.620000000000000107e+00 2.055295125290693914e+00
1.640000000000000124e+00 2.040884814668380010e+00
1.660000000000000142e+00 2.026575279953716446e+00
1.679999999999999938e+00 2.012366943185386337e+00
1.699999999999999956e+00 1.998260177637554147e+00
1.719999999999999973e+00 1.984255286951494446e+00
1.739999999999999991e+00 1.970352530596293450e+00
1.760000000000000009e+00 1.956552102723744468e+00
1.780000000000000027e+00 1.942854157714182017e+00
1.800000000000000044e+00 1.929258788760645826e+00
1.820000000000000062e+00 1.915766053487002463e+00
1.840000000000000080e+00 1.902375952269911297e+00
1.860000000000000098e+00 1.889088453917419086e+00
1.880000000000000115e+00 1.875903473737245086e+00
1.900000000000000133e+00 1.862820899265044794e+00
1.919999999999999929e+00 1.849840568089590631e+00
1.939999999999999947e+00 1.836962293620736375e+00
1.959999999999999964e+00 1.824185842681872671e+00
1.979999999999999982e+00 1.811510961308328449e+00
2.000000000000000000e+00 1.798937352119222455e+00
2.020000000000000018e+00 1.786464700137638806e+00
2.040000000000000036e+00 1.774092649953640910e+00
2.060000000000000053e+00 1.761820831558046807e+00
2.080000000000000071e+00 1.749648837309817795e+00
2.100000000000000089e+00 1.737576247775658445e+00
2.120000000000000107e+00 1.725602608514507974e+00
2.140000000000000124e+00 1.713727455915547759e+00
2.160000000000000142e+00 1.701950293813678350e+00
2.180000000000000160e+00 1.690270619318735346e+00
2.200000000000000178e+00 1.678687899275308704e+00
2.220000000000000195e+00 1.667201596076172354e+00
2.240000000000000213e+00 1.655811143980740363e+00
2.260000000000000231e+00 1.644515974905830236e+00
2.280000000000000249e+00 1.633315494616434771e+00
2.300000000000000266e+00 1.622209108487051132e+00
2.319999999999999840e+00 1.611196197579210176e+00
2.339999999999999858e+00 1.600276144366630460e+00
2.359999999999999876e+00 1.589448308713318214e+00
2.379999999999999893e+00 1.578712053555797024e+00
2.399999999999999911e+00 1.568066720796224889e+00
2.419999999999999929e+00 1.557511656934947197e+00
2.439999999999999947e+00 1.547046188892392093e+00
2.459999999999999964e+00 1.536669649585136854e+00
2.479999999999999982e+00 1.526381353690895004e+00
2.500000000000000000e+00 1.516180623161216268e+00
2.520000000000000018e+00 1.506066762943179649e+00
2.540000000000000036e+00 1.496039086421780739e+00
2.560000000000000053e+00 1.486096891112403506e+00
2.580000000000000071e+00 1.476239484025840820e+00
2.600000000000000089e+00 1.466466157344921584e+00
2.620000000000000107e+00 1.456776213705057277e+00
2.640000000000000124e+00 1.447168941868762992e+00
2.660000000000000142e+00 1.437643641914489345e+00
2.680000000000000160e+00 1.428199600922152923e+00
2.700000000000000178e+00 1.418836118062893226e+00
2.720000000000000195e+00 1.409552480309044897e+00
2.740000000000000213e+00 1.400347987417355000e+00
2.760000000000000231e+00 1.391221927676193459e+00
2.780000000000000249e+00 1.382173602774674936e+00
2.800000000000000266e+00 1.373202303600161933e+00
2.819999999999999840e+00 1.364307334985630060e+00
2.839999999999999858e+00 1.355487991569922501e+00
2.859999999999999876e+00 1.346743582415599549e+00
2.879999999999999893e+00 1.338073406944634280e+00
2.899999999999999911e+00 1.329476779418897747e+00
2.919999999999999929e+00 1.320953004963423938e+00
2.939999999999999947e+00 1.312501403901548569e+00
2.959999999999999964e+00 1.304121287878109881e+00
2.979999999999999982e+00 1.295811984041213671e+00
3.000000000000000000e+00 1.287572811277128304e+00
3.020000000000000018e+00 1.279403104230586674e+00
3.040000000000000036e+00 1.271302189663356730e+00
3.060000000000000053e+00 1.263269410304894036e+00
3.080000000000000071e+00 1.255304101346048640e+00
3.100000000000000089e+00 1.247405614111818162e+00
3.120000000000000107e+00 1.239573292701842799e+00
3.140000000000000124e+00 1.231806497476952034e+00
3.160000000000000142e+00 1.224104581857581753e+00
3.180000000000000160e+00 1.216466915615779021e+00
3.200000000000000178e+00 1.208892861842840727e+00
3.220000000000000195e+00 1.201381800038394010e+00
3.240000000000000213e+00 1.193933103258080441e+00
3.260000000000000231e+00 1.186546160991283072e+00
3.280000000000000249e+00 1.179220356499870670e+00
3.300000000000000266e+00 1.171955089476105272e+00
3.320000000000000284e+00 1.164749753582979164e+00
3.339999999999999858e+00 1.157603758883836598e+00
3.359999999999999876e+00 1.150516509594998071e+00
3.379999999999999893e+00 1.143487426278606334e+00
3.399999999999999911e+00 1.136515923817799534e+00
3.419999999999999929e+00 1.129601433364261887e+00
3.439999999999999947e+00 1.122743380546380454e+00
3.459999999999999964e+00 1.115941207162994608e+00
3.479999999999999982e+00 1.109194349634514243e+00
3.500000000000000000e+00 1.102502260434373049e+00
3.520000000000000018e+00 1.095864386793253153e+00
3.540000000000000036e+00 1.089280191859744562e+00
3.560000000000000053e+00 1.082749133667421537e+00
3.580000000000000071e+00 1.076270686016199463e+00
3.600000000000000089e+00 1.069844317712173254e+00
3.620000000000000107e+00 1.063469513161208191e+00
3.640000000000000124e+00 1.057145751891017449e+00
3.660000000000000142e+00 1.050872528848548315e+00
3.680000000000000160e+00 1.044649334213949343e+00
3.700000000000000178e+00 1.038475673393309373e+00
3.720000000000000195e+00 1.032351047133801547e+00
3.740000000000000213e+00 1.026274971203380515e+00
3.760000000000000231e+00 1.020246956816499129e+00
3.780000000000000249e+00 1.014266529992406962e+00
3.800000000000000266e+00 1.008333212300500659e+00
3.820000000000000284e+00 1.002446539888873334e+00
3.839999999999999858e+00 9.966060445585102068e-01
3.859999999999999876e+00 9.908112724537935234e-01
3.879999999999999893e+00 9.850617654743708540e-01
3.899999999999999911e+00 9.793570796193746819e-01
3.919999999999999929e+00 9.736967667459470732e-01
3.939999999999999947e+00 9.680803925589611669e-01
3.959999999999999964e+00 9.625075187248487429e-01
3.979999999999999982e+00 9.569777204986406050e-01
4.000000000000000000e+00 9.514905692019057781e-01
4.020000000000000462e+00 9.460456494789896142e-01
4.040000000000000036e+00 9.406425421474899906e-01
4.060000000000000497e+00 9.352808410756381363e-01
4.080000000000000071e+00 9.299601364139147286e-01
4.099999999999999645e+00 9.246800310855549654e-01
4.120000000000000107e+00 9.194401244075531832e-01
4.139999999999999680e+00 9.142400281863095612e-01
4.160000000000000142e+00 9.090793507364819392e-01
4.179999999999999716e+00 9.039577125738422758e-01
4.200000000000000178e+00 8.988747308400333313e-01
4.219999999999999751e+00 8.938300345847984829e-01
4.240000000000000213e+00 8.888232496048907860e-01
4.259999999999999787e+00 8.838540133078517380e-01
4.280000000000000249e+00 8.789219599729972687e-01
4.299999999999999822e+00 8.740267351889831060e-01
4.320000000000000284e+00 8.691679815449575575e-01
4.339999999999999858e+00 8.643453526342088633e-01
4.360000000000000320e+00 8.595584991832390109e-01
4.379999999999999893e+00 8.548070826138616241e-01
4.400000000000000355e+00 8.500907616180968240e-01
4.419999999999999929e+00 8.454092052711379424e-01
4.440000000000000391e+00 8.407620800596813382e-01
4.459999999999999964e+00 8.361490625382100861e-01
4.480000000000000426e+00 8.315698268185552910e-01
4.500000000000000000e+00 8.270240567619944194e-01
4.520000000000000462e+00 8.225114339375036998e-01
4.540000000000000036e+00 8.180316493422630231e-01
4.560000000000000497e+00 8.135843918362174465e-01
4.580000000000000071e+00 8.091693593836123410e-01
4.600000000000000533e+00 8.047862479711977990e-01
4.620000000000000107e+00 8.004347623634618936e-01
4.639999999999999680e+00 7.961146055119874276e-01
4.660000000000000142e+00 7.918254888171164518e-01
4.679999999999999716e+00 7.875671220356387225e-01
4.700000000000000178e+00 7.833392230416785784e-01
4.719999999999999751e+00 7.791415082400966474e-01
4.740000000000000213e+00 7.749737018194222671e-01
4.759999999999999787e+00 7.708355266780443360e-01
4.780000000000000249e+00 7.667267131620661980e-01
4.799999999999999822e+00 7.626469905115507153e-01
4.820000000000000284e+00 7.585960950762320465e-01
4.839999999999999858e+00 7.545737622887630502e-01
4.860000000000000320e+00 7.505797343512657926e-01
4.879999999999999893e+00 7.466137527427277876e-01
4.900000000000000355e+00 7.426755653694160353e-01
4.919999999999999929e+00 7.387649196132842766e-01
4.940000000000000391e+00 7.348815689393038975e-01
4.959999999999999964e+00 7.310252664919394405e-01
4.980000000000000426e+00 7.271957711524952295e-01
5.000000000000000000e+00 7.233928416904286118e-01
5.020000000000000462e+00 7.196162422638684442e-01
5.040000000000000036e+00 7.158657371327017405e-01
5.060000000000000497e+00 7.121410955954663446e-01
5.080000000000000071e+00 7.084420872708867556e-01
5.100000000000000533e+00 7.047684864643521951e-01
5.120000000000000107e+00 7.011200680247906547e-01
5.139999999999999680e+00 6.974966111339836461e-01
5.160000000000000142e+00 6.938978957453784124e-01
5.179999999999999716e+00 6.903237057895340589e-01
5.200000000000000178e+00 6.867738262016702677e-01
5.219999999999999751e+00 6.832480455365687044e-01
5.240000000000000213e+00 6.797461535913923436e-01
5.259999999999999787e+00 6.762679434233892506e-01
5.280000000000000249e+00 6.728132095747213492e-01
5.299999999999999822e+00 6.693817494863590900e-01
5.320000000000000284e+00 6.659733623313780493e-01
5.339999999999999858e+00 6.625878498184626375e-01
5.360000000000000320e+00 6.592250156403476335e-01
5.379999999999999893e+00 6.558846656603499747e-01
5.400000000000000355e+00 6.525666079823994048e-01
5.419999999999999929e+00 6.492706525140320428e-01
5.440000000000000391e+00 6.459966116646488343e-01
5.459999999999999964e+00 6.427442992784442310e-01
5.480000000000000426e+00 6.395135319672756724e-01
5.500000000000000000e+00 6.363041274070078135e-01
5.520000000000000462e+00 6.331159063115984198e-01
5.540000000000000036e+00 6.299486900863523475e-01
5.560000000000000497e+00 6.268023034495876500e-01
5.580000000000000071e+00 6.236765714363015078e-01
5.600000000000000533e+00 6.205713226739947297e-01
5.620000000000000107e+00 6.174863857302660408e-01
5.639999999999999680e+00 6.144215930491431221e-01
5.660000000000000142e+00 6.113767766361178913e-01
5.679999999999999716e+00 6.083517726615498278e-01
5.700000000000000178e+00 6.053464164766710898e-01
5.719999999999999751e+00 6.023605478904000554e-01
5.740000000000000213e+00 5.993940055098342379e-01
5.759999999999999787e+00 5.964466326970392362e-01
5.780000000000000249e+00 5.935182712275507422e-01
5.799999999999999822e+00 5.906087679334867113e-01
5.820000000000000284e+00 5.877179676735756475e-01
5.839999999999999858e+00 5.848457206691497490e-01
5.860000000000000320e+00 5.819918747792170999e-01
5.879999999999999893e+00 5.791562835357074723e-01
5.900000000000000355e+00 5.763387977170709719e-01
5.919999999999999929e+00 5.735392740893713315e-01
5.940000000000000391e+00 5.707575662718971099e-01
5.959999999999999964e+00 5.679935341904956969e-01
5.980000000000000426e+00 5.652470342286552984e-01
6.000000000000000000e+00 5.625179293997121244e-01
6.020000000000000462e+00 5.598060787768537327e-01
6.040000000000000036e+00 5.571113483906189323e-01
6.060000000000000497e+00 5.544335999312477448e-01
6.080000000000000071e+00 5.517727023781585638e-01
6.100000000000000533e+00 5.491285199680346896e-01
6.120000000000000107e+00 5.465009245627568957e-01
6.140000000000000568e+00 5.438897828766002807e-01
6.160000000000000142e+00 5.412949695893525259e-01
6.179999999999999716e+00 5.387163538259647222e-01
6.200000000000000178e+00 5.361538130213961972e-01
6.219999999999999751e+00 5.336072186460096844e-01
6.240000000000000213e+00 5.310764508289644859e-01
6.259999999999999787e+00 5.285613833226219249e-01
6.280000000000000249e+00 5.260618988910927829e-01
6.299999999999999822e+00 5.235778735068765677e-01
6.320000000000000284e+00 5.211091925114644807e-01
6.339999999999999858e+00 5.186557340373899594e-01
6.360000000000000320e+00 5.162173859475830406e-01
6.379999999999999893e+00 5.137940284759712206e-01
6.400000000000000355e+00 5.113855519525773996e-01
6.419999999999999929e+00 5.089918386557450436e-01
6.440000000000000391e+00 5.066127813297855997e-01
6.459999999999999964e+00 5.042482642418594230e-01
6.480000000000000426e+00 5.018981824992750918e-01
6.500000000000000000e+00 4.995624223039867862e-01
6.520000000000000462e+00 4.972408810764669673e-01
6.540000000000000036e+00 4.949334469007335979e-01
6.560000000000000497e+00 4.926400194620202955e-01
6.580000000000000071e+00 4.903604886751743996e-01
6.600000000000000533e+00 4.880947564431764030e-01
6.620000000000000107e+00 4.858427144616797033e-01
6.640000000000000568e+00 4.836042668057460303e-01
6.660000000000000142e+00 4.813793069032252792e-01
6.679999999999999716e+00 4.791677409569061186e-01
6.700000000000000178e+00 4.769694640793662455e-01
6.719999999999999751e+00 4.747843845580446698e-01
6.740000000000000213e+00 4.726123991441198990e-01
6.759999999999999787e+00 4.704534181678454718e-01
6.780000000000000249e+00 4.683073399739287601e-01
6.799999999999999822e+00 4.661740768948172131e-01
6.820000000000000284e+00 4.640535288249463264e-01
6.839999999999999858e+00 4.619456100595124570e-01
6.860000000000000320e+00 4.598502219998671925e-01
6.879999999999999893e+00 4.577672808656447212e-01
6.900000000000000355e+00 4.556966895235185500e-01
6.919999999999999929e+00 4.536383660803691709e-01
6.940000000000000391e+00 4.515922148275027803e-01
6.959999999999999964e+00 4.495581557229317293e-01
6.980000000000000426e+00 4.475360944430598620e-01
7.000000000000000000e+00 4.455259527619775950e-01
7.020000000000000462e+00 4.435276377024972572e-01
7.040000000000000036e+00 4.415410728207479485e-01
7.060000000000000497e+00 4.395661664483575537e-01
7.080000000000000071e+00 4.376028438904526197e-01
7.100000000000000533e+00 4.356510147506663100e-01
7.120000000000000107e+00 4.337106060510542149e-01
7.140000000000000568e+00 4.317815286314796719e-01
7.160000000000000142e+00 4.298637111997985483e-01
7.179999999999999716e+00 4.279570657970593883e-01
7.200000000000000178e+00 4.260615227867055599e-01
7.219999999999999751e+00 4.241769953769060630e-01
7.240000000000000213e+00 4.223034155573765491e-01
7.259999999999999787e+00 4.204406976700158505e-01
7.280000000000000249e+00 4.185887753023586622e-01
7.299999999999999822e+00 4.167475638975714491e-01
7.320000000000000284e+00 4.149169986134033650e-01
7.339999999999999858e+00 4.130969959624557486e-01
7.360000000000000320e+00 4.112874926459098024e-01
7.379999999999999893e+00 4.094884062148429482e-01
7.400000000000000355e+00 4.076996748878887744e-01
7.419999999999999929e+00 4.059212172242172012e-01
7.440000000000000391e+00 4.041529729347118072e-01
7.459999999999999964e+00 4.023948615570898113e-01
7.480000000000000426e+00 4.006468242700442772e-01
7.500000000000000000e+00 3.989087815608201026e-01
7.520000000000000462e+00 3.971806760522130220e-01
7.540000000000000036e+00 3.954624291527767399e-01
7.560000000000000497e+00 3.937539849064318198e-01
7.580000000000000071e+00 3.920552656152883064e-01
7.600000000000000533e+00 3.903662167221067514e-01
7.620000000000000107e+00 3.886867613955730660e-01
7.640000000000000568e+00 3.870168464556955068e-01
7.660000000000000142e+00 3.853563959111823700e-01
7.679999999999999716e+00 3.837053579383572499e-01
7.700000000000000178e+00 3.820636573601179364e-01
7.719999999999999751e+00 3.804312436888264148e-01
7.740000000000000213e+00 3.788080425361335934e-01
7.759999999999999787e+00 3.771940047307944521e-01
7.780000000000000249e+00 3.755890566484620940e-01
7.799999999999999822e+00 3.739931504152539388e-01
7.820000000000000284e+00 3.724062131464340175e-01
7.839999999999999858e+00 3.708281982470565397e-01
7.860000000000000320e+00 3.692590335482497932e-01
7.879999999999999893e+00 3.676986737161717089e-01
7.900000000000000355e+00 3.661470472743921234e-01
7.919999999999999929e+00 3.646041101329092760e-01
7.940000000000000391e+00 3.630697914849307373e-01
7.959999999999999964e+00 3.615440484675935817e-01
7.980000000000000426e+00 3.600268109212279577e-01
8.000000000000000000e+00 3.585180371939514221e-01
8.019999999999999574e+00 3.570176577512890748e-01
8.040000000000000924e+00 3.555256321367237793e-01
8.060000000000000497e+00 3.540418914192963729e-01
8.080000000000000071e+00 3.525663963227575470e-01
8.099999999999999645e+00 3.510990784985548729e-01
8.120000000000000995e+00 3.496398998361146537e-01
8.140000000000000568e+00 3.481887925484062896e-01
8.160000000000000142e+00 3.467457196764417438e-01
8.179999999999999716e+00 3.453106139743498115e-01
8.199999999999999289e+00 3.438834396211346567e-01
8.220000000000000639e+00 3.424641298919181009e-01
8.240000000000000213e+00 3.410526500905761149e-01
8.259999999999999787e+00 3.396489339935669927e-01
8.279999999999999361e+00 3.382529480169846337e-01
8.300000000000000711e+00 3.368646264191356154e-01
8.320000000000000284e+00 3.354839367161303598e-01
8.339999999999999858e+00 3.341108136291170427e-01
8.359999999999999432e+00 3.327452257624818888e-01
8.380000000000000782e+00 3.313871082813382163e-01
8.400000000000000355e+00 3.300364308670415414e-01
8.419999999999999929e+00 3.286931291102655472e-01
8.439999999999999503e+00 3.273571737584544117e-01
8.460000000000000853e+00 3.260285008095475945e-01
8.480000000000000426e+00 3.247070820666214108e-01
8.500000000000000000e+00 3.233928539170252692e-01
8.519999999999999574e+00 3.220857892094330377e-01
8.540000000000000924e+00 3.207858247028239629e-01
8.560000000000000497e+00 3.194929342818396134e-01
8.580000000000000071e+00 3.182070550597465575e-01
8.599999999999999645e+00 3.169281619479163981e-01
8.620000000000000995e+00 3.156561923966076932e-01
8.640000000000000568e+00 3.143911223350827622e-01
8.660000000000000142e+00 3.131328895337103790e-01
8.679999999999999716e+00 3.118814709311945044e-01
8.700000000000001066e+00 3.106368046011538375e-01
8.720000000000000639e+00 3.093988684836591618e-01
8.740000000000000213e+00 3.081676009391164928e-01
8.759999999999999787e+00 3.069429809012664268e-01
8.779999999999999361e+00 3.057249470008442938e-01
8.800000000000000711e+00 3.045134791579247047e-01
8.820000000000000284e+00 3.033085162574911120e-01
8.839999999999999858e+00 3.021100391989887668e-01
8.859999999999999432e+00 3.009179871055455147e-01
8.880000000000000782e+00 2.997323418493644809e-01
8.900000000000000355e+00 2.985530427759806593e-01
8.919999999999999929e+00 2.973800727240953901e-01
8.939999999999999503e+00 2.962133712458685508e-01
8.960000000000000853e+00 2.950529221405922553e-01
8.980000000000000426e+00 2.938986651516153903e-01
9.000000000000000000e+00 2.927505850332540183e-01
9.019999999999999574e+00 2.916086217045483764e-01
9.040000000000000924e+00 2.904727608696105468e-01
9.060000000000000497e+00 2.893429426080072475e-01
9.080000000000000071e+00 2.882191535687549377e-01
9.099999999999999645e+00 2.871013339766991246e-01
9.120000000000000995e+00 2.859894714211968503e-01
9.140000000000000568e+00 2.848835062574398003e-01
9.160000000000000142e+00 2.837834270109051427e-01
9.179999999999999716e+00 2.826891741520832224e-01
9.200000000000001066e+00 2.816007371386666791e-01
9.220000000000000639e+00 2.805180565417241256e-01
9.240000000000000213e+00 2.794411227475728232e-01
9.259999999999999787e+00 2.783698764129999281e-01
9.279999999999999361e+00 2.773043088496876529e-01
9.300000000000000711e+00 2.762443607855779582e-01
9.320000000000000284e+00 2.751900244547758612e-01
9.339999999999999858e+00 2.741412406416647851e-01
9.359999999999999432e+00 2.730980025001458755e-01
9.380000000000000782e+00 2.720602508566140609e-01
9.400000000000000355e+00 2.710279797824469150e-01
9.419999999999999929e+00 2.700011301314581003e-01
9.439999999999999503e+00 2.689796968905038277e-01
9.460000000000000853e+00 2.679636209264822932e-01
9.480000000000000426e+00 2.669528981400346446e-01
9.500000000000000000e+00 2.659474693966313863e-01
9.519999999999999574e+00 2.649473315093171522e-01
9.540000000000000924e+00 2.639524253278837662e-01
9.560000000000000497e+00 2.629627485766987682e-01
9.580000000000000071e+00 2.619782420754091512e-01
9.599999999999999645e+00 2.609989044589455798e-01
9.620000000000000995e+00 2.600246765025923668e-01
