# Electrodo circular de radio 6 mm y espesor 710.0 um.
# Volumen de simulacion (convencion z,y,x):
# N: 1024 x 1024 x 1024 | voxelSize:  0.02mm x 0.02mm x 0.02mm | FOV:  20.48mm x 20.48mm x 20.48mm
# 
# z [mm]		 delta[ppm]
0.000000000000000000e+00 3.419755512635516137e+00
2.000000000000000042e-02 3.406663669142464101e+00
4.000000000000000083e-02 3.393260373384108242e+00
5.999999999999999778e-02 3.379554840575946351e+00
8.000000000000000167e-02 3.365556372718513156e+00
1.000000000000000056e-01 3.351274353465783395e+00
1.199999999999999956e-01 3.336718226453554870e+00
1.400000000000000133e-01 3.321897494559993280e+00
1.600000000000000033e-01 3.306821696073682038e+00
1.799999999999999933e-01 3.291500401779421825e+00
2.000000000000000111e-01 3.275943192361288503e+00
2.200000000000000011e-01 3.260159655939764978e+00
2.399999999999999911e-01 3.244159365222525349e+00
2.600000000000000089e-01 3.227951876266158315e+00
2.800000000000000266e-01 3.211546705829131820e+00
2.999999999999999889e-01 3.194953331360117055e+00
3.200000000000000067e-01 3.178181168472800078e+00
3.400000000000000244e-01 3.161239572245912122e+00
3.599999999999999867e-01 3.144137815042768125e+00
3.800000000000000044e-01 3.126885089149113561e+00
4.000000000000000222e-01 3.109490484915035324e+00
4.199999999999999845e-01 3.091962994777594620e+00
4.400000000000000022e-01 3.074311491846780431e+00
4.600000000000000200e-01 3.056544735328404983e+00
4.799999999999999822e-01 3.038671349535886801e+00
5.000000000000000000e-01 3.020699830729005164e+00
5.200000000000000178e-01 3.002638526615593939e+00
5.400000000000000355e-01 2.984495644599452380e+00
5.600000000000000533e-01 2.966279231743647937e+00
5.799999999999999600e-01 2.947997184415411365e+00
5.999999999999999778e-01 2.929657228734952490e+00
6.199999999999999956e-01 2.911266931588391227e+00
6.400000000000000133e-01 2.892833681520566191e+00
6.600000000000000311e-01 2.874364701080803997e+00
6.800000000000000488e-01 2.855867028154468468e+00
7.000000000000000666e-01 2.837347529594012041e+00
7.199999999999999734e-01 2.818812882936220010e+00
7.399999999999999911e-01 2.800269591265985625e+00
7.600000000000000089e-01 2.781723965293603218e+00
7.800000000000000266e-01 2.763182139390354841e+00
8.000000000000000444e-01 2.744650053964983627e+00
8.200000000000000622e-01 2.726133472607131125e+00
8.399999999999999689e-01 2.707637964724633584e+00
8.599999999999999867e-01 2.689168923725979266e+00
8.800000000000000044e-01 2.670731549854172382e+00
9.000000000000000222e-01 2.652330869338522579e+00
9.200000000000000400e-01 2.633971717380464650e+00
9.400000000000000577e-01 2.615658758203029510e+00
9.599999999999999645e-01 2.597396468125210856e+00
9.799999999999999822e-01 2.579189156438558950e+00
1.000000000000000000e+00 2.561040948524499594e+00
1.020000000000000018e+00 2.542955807487807363e+00
1.040000000000000036e+00 2.524937517257805908e+00
1.060000000000000053e+00 2.506989704911144035e+00
1.080000000000000071e+00 2.489115823714198150e+00
1.100000000000000089e+00 2.471319176069534329e+00
1.120000000000000107e+00 2.453602896447348858e+00
1.140000000000000124e+00 2.435969974893633427e+00
1.159999999999999920e+00 2.418423239813635384e+00
1.179999999999999938e+00 2.400965381982804292e+00
1.199999999999999956e+00 2.383598937138537099e+00
1.219999999999999973e+00 2.366326310439180958e+00
1.239999999999999991e+00 2.349149758834223167e+00
1.260000000000000009e+00 2.332071415920208057e+00
1.280000000000000027e+00 2.315093274054751404e+00
1.300000000000000044e+00 2.298217209562557262e+00
1.320000000000000062e+00 2.281444964571245126e+00
1.340000000000000080e+00 2.264778172524370969e+00
1.360000000000000098e+00 2.248218339713461855e+00
1.380000000000000115e+00 2.231766871059175816e+00
1.400000000000000133e+00 2.215425051325190520e+00
1.419999999999999929e+00 2.199194071132144490e+00
1.439999999999999947e+00 2.183075007836249970e+00
1.459999999999999964e+00 2.167068851744459401e+00
1.479999999999999982e+00 2.151176486650606900e+00
1.500000000000000000e+00 2.135398716223429361e+00
1.520000000000000018e+00 2.119736244190615793e+00
1.540000000000000036e+00 2.104189700874629310e+00
1.560000000000000053e+00 2.088759623023704659e+00
1.580000000000000071e+00 2.073446480473138287e+00
1.600000000000000089e+00 2.058250655620045944e+00
1.620000000000000107e+00 2.043172470190530277e+00
1.640000000000000124e+00 2.028212164362474201e+00
1.660000000000000142e+00 2.013369923621254554e+00
1.679999999999999938e+00 1.998645857532623360e+00
1.699999999999999956e+00 1.984040026671838763e+00
1.719999999999999973e+00 1.969552421055116298e+00
1.739999999999999991e+00 1.955182987128772920e+00
1.760000000000000009e+00 1.940931605865495957e+00
1.780000000000000027e+00 1.926798119801793829e+00
1.800000000000000044e+00 1.912782310810809072e+00
1.820000000000000062e+00 1.898883927177648978e+00
1.840000000000000080e+00 1.885102661058206674e+00
1.860000000000000098e+00 1.871438175583195473e+00
1.880000000000000115e+00 1.857890082017052302e+00
1.900000000000000133e+00 1.844457966882439459e+00
1.919999999999999929e+00 1.831141368830986993e+00
1.939999999999999947e+00 1.817939805780905083e+00
1.959999999999999964e+00 1.804852751515249487e+00
1.979999999999999982e+00 1.791879662825870634e+00
2.000000000000000000e+00 1.779019955852570112e+00
2.020000000000000018e+00 1.766273033227184985e+00
2.040000000000000036e+00 1.753638260170357066e+00
2.060000000000000053e+00 1.741114991629864717e+00
2.080000000000000071e+00 1.728702548149407159e+00
2.100000000000000089e+00 1.716400242995645753e+00
2.120000000000000107e+00 1.704207357816274415e+00
2.140000000000000124e+00 1.692123169750357814e+00
2.160000000000000142e+00 1.680146926890649484e+00
2.180000000000000160e+00 1.668277875371991570e+00
2.200000000000000178e+00 1.656515234655320912e+00
2.220000000000000195e+00 1.644858224588874984e+00
2.240000000000000213e+00 1.633306040529074910e+00
2.260000000000000231e+00 1.621857880369330651e+00
2.280000000000000249e+00 1.610512919515119989e+00
2.300000000000000266e+00 1.599270337875094095e+00
2.319999999999999840e+00 1.588129294705494798e+00
2.339999999999999858e+00 1.577088955558180849e+00
2.359999999999999876e+00 1.566148467011456047e+00
2.379999999999999893e+00 1.555306983569446411e+00
2.399999999999999911e+00 1.544563642294295214e+00
2.419999999999999929e+00 1.533917589651233149e+00
2.439999999999999947e+00 1.523367956058779837e+00
2.459999999999999964e+00 1.512913882673632138e+00
2.479999999999999982e+00 1.502554495873501983e+00
2.500000000000000000e+00 1.492288933975812970e+00
2.520000000000000018e+00 1.482116321669317172e+00
2.540000000000000036e+00 1.472035796660356111e+00
2.560000000000000053e+00 1.462046484067497598e+00
2.580000000000000071e+00 1.452147522988969541e+00
2.600000000000000089e+00 1.442338040875901228e+00
2.620000000000000107e+00 1.432617180014345237e+00
2.640000000000000124e+00 1.422984071890900371e+00
2.660000000000000142e+00 1.413437863582531095e+00
2.680000000000000160e+00 1.403977692129657395e+00
2.700000000000000178e+00 1.394602710826773340e+00
2.720000000000000195e+00 1.385312063616335854e+00
2.740000000000000213e+00 1.376104911273041465e+00
2.760000000000000231e+00 1.366980405833031487e+00
2.780000000000000249e+00 1.357937716664502581e+00
2.800000000000000266e+00 1.348976004945097840e+00
2.819999999999999840e+00 1.340094449611377581e+00
2.839999999999999858e+00 1.331292221898386474e+00
2.859999999999999876e+00 1.322568511160345794e+00
2.879999999999999893e+00 1.313922499484823758e+00
2.899999999999999911e+00 1.305353387376888552e+00
2.919999999999999929e+00 1.296860368461368207e+00
2.939999999999999947e+00 1.288442655022543626e+00
2.959999999999999964e+00 1.280099452806497506e+00
2.979999999999999982e+00 1.271829986408354873e+00
3.000000000000000000e+00 1.263633474187712658e+00
3.020000000000000018e+00 1.255509153495298680e+00
3.040000000000000036e+00 1.247456255713067508e+00
3.060000000000000053e+00 1.239474031312068236e+00
3.080000000000000071e+00 1.231561725029771681e+00
3.100000000000000089e+00 1.223718600750810959e+00
3.120000000000000107e+00 1.215943916832761484e+00
3.140000000000000124e+00 1.208236950801390819e+00
3.160000000000000142e+00 1.200596974837007558e+00
3.180000000000000160e+00 1.193023280275772535e+00
3.200000000000000178e+00 1.185515153267465926e+00
3.220000000000000195e+00 1.178071899074382589e+00
3.240000000000000213e+00 1.170692817912227790e+00
3.260000000000000231e+00 1.163377229038054850e+00
3.280000000000000249e+00 1.156124446784819959e+00
3.300000000000000266e+00 1.148933804429778105e+00
3.320000000000000284e+00 1.141804630434049894e+00
3.339999999999999858e+00 1.134736272082877528e+00
3.359999999999999876e+00 1.127728071940407695e+00
3.379999999999999893e+00 1.120779391253177604e+00
3.399999999999999911e+00 1.113889586631135797e+00
3.419999999999999929e+00 1.107058033205715830e+00
3.439999999999999947e+00 1.100284101547002180e+00
3.459999999999999964e+00 1.093567180567761588e+00
3.479999999999999982e+00 1.086906654687435747e+00
3.500000000000000000e+00 1.080301926473502538e+00
3.520000000000000018e+00 1.073752394061912030e+00
3.540000000000000036e+00 1.067257473527162936e+00
3.560000000000000053e+00 1.060816576569570957e+00
3.580000000000000071e+00 1.054429132605434694e+00
3.600000000000000089e+00 1.048094566730510380e+00
3.620000000000000107e+00 1.041812321521688345e+00
3.640000000000000124e+00 1.035581835286758956e+00
3.660000000000000142e+00 1.029402563569049800e+00
3.680000000000000160e+00 1.023273957692594882e+00
3.700000000000000178e+00 1.017195485961182477e+00
3.720000000000000195e+00 1.011166612508784590e+00
3.740000000000000213e+00 1.005186818184526931e+00
3.760000000000000231e+00 9.992555797172231191e-01
3.780000000000000249e+00 9.933723902778264225e-01
3.800000000000000266e+00 9.875367389676572571e-01
3.820000000000000284e+00 9.817481310499088787e-01
3.839999999999999858e+00 9.760060677702288023e-01
3.859999999999999876e+00 9.703100662489071437e-01
3.879999999999999893e+00 9.646596396431424969e-01
3.899999999999999911e+00 9.590543166916118967e-01
3.919999999999999929e+00 9.534936222268394213e-01
3.939999999999999947e+00 9.479770963638904924e-01
3.959999999999999964e+00 9.425042753719580224e-01
3.979999999999999982e+00 9.370747104989490817e-01
4.000000000000000000e+00 9.316879492105388794e-01
4.020000000000000462e+00 9.263435536424903249e-01
4.040000000000000036e+00 9.210410822160528532e-01
4.060000000000000497e+00 9.157801077099305687e-01
4.080000000000000071e+00 9.105601992600512729e-01
4.099999999999999645e+00 9.053809400431632737e-01
4.120000000000000107e+00 9.002419096696371303e-01
4.139999999999999680e+00 8.951427014706994090e-01
4.160000000000000142e+00 8.900829052921553908e-01
4.179999999999999716e+00 8.850621243773278968e-01
4.200000000000000178e+00 8.800799585701599703e-01
4.219999999999999751e+00 8.751360207860351403e-01
4.240000000000000213e+00 8.702299206319171754e-01
4.259999999999999787e+00 8.653612804572622386e-01
4.280000000000000249e+00 8.605297193994936311e-01
4.299999999999999822e+00 8.557348690072694719e-01
4.320000000000000284e+00 8.509763577187975381e-01
4.339999999999999858e+00 8.462538260497967091e-01
4.360000000000000320e+00 8.415669115127645261e-01
4.379999999999999893e+00 8.369152633620446924e-01
4.400000000000000355e+00 8.322985279613570597e-01
4.419999999999999929e+00 8.277163630784528658e-01
4.440000000000000391e+00 8.231684237088473521e-01
4.459999999999999964e+00 8.186543759125919362e-01
4.480000000000000426e+00 8.141738831013983768e-01
4.500000000000000000e+00 8.097266194101019332e-01
4.520000000000000462e+00 8.053122564549588525e-01
4.540000000000000036e+00 8.009304762324787053e-01
4.560000000000000497e+00 7.965809583559040341e-01
4.580000000000000071e+00 7.922633924741312450e-01
4.600000000000000533e+00 7.879774659940045334e-01
4.620000000000000107e+00 7.837228760121034421e-01
4.639999999999999680e+00 7.794993175297408872e-01
4.660000000000000142e+00 7.753064948904611065e-01
4.679999999999999716e+00 7.711441104952077019e-01
4.700000000000000178e+00 7.670118757384506436e-01
4.719999999999999751e+00 7.629095002302704875e-01
4.740000000000000213e+00 7.588367022240704030e-01
4.759999999999999787e+00 7.547931983529267974e-01
4.780000000000000249e+00 7.507787135419007329e-01
4.799999999999999822e+00 7.467929712652771057e-01
4.820000000000000284e+00 7.428357029365653119e-01
4.839999999999999858e+00 7.389066386938273334e-01
4.860000000000000320e+00 7.350055162604997028e-01
4.879999999999999893e+00 7.311320722653201765e-01
4.900000000000000355e+00 7.272860505671553399e-01
4.919999999999999929e+00 7.234671941166221920e-01
4.940000000000000391e+00 7.196752527381540254e-01
4.959999999999999964e+00 7.159099755397173581e-01
4.980000000000000426e+00 7.121711181453896922e-01
5.000000000000000000e+00 7.084584356601701938e-01
5.020000000000000462e+00 7.047716893464160970e-01
5.040000000000000036e+00 7.011106401500097896e-01
5.060000000000000497e+00 6.974750548140519202e-01
5.080000000000000071e+00 6.938646999732791532e-01
5.100000000000000533e+00 6.902793476984259158e-01
5.120000000000000107e+00 6.867187701650981912e-01
5.139999999999999680e+00 6.831827446222671352e-01
5.160000000000000142e+00 6.796710486424080155e-01
5.179999999999999716e+00 6.761834645076280070e-01
5.200000000000000178e+00 6.727197750471811677e-01
5.219999999999999751e+00 6.692797674347822356e-01
5.240000000000000213e+00 6.658632296202179335e-01
5.259999999999999787e+00 6.624699535314251264e-01
5.280000000000000249e+00 6.590997321062393999e-01
5.299999999999999822e+00 6.557523618928560172e-01
5.320000000000000284e+00 6.524276406883652291e-01
5.339999999999999858e+00 6.491253695312527716e-01
5.360000000000000320e+00 6.458453509526823622e-01
5.379999999999999893e+00 6.425873903547101307e-01
5.400000000000000355e+00 6.393512948809277896e-01
5.419999999999999929e+00 6.361368741740841548e-01
5.440000000000000391e+00 6.329439398720030363e-01
5.459999999999999964e+00 6.297723057383354250e-01
5.480000000000000426e+00 6.266217877903151878e-01
5.500000000000000000e+00 6.234922037963894770e-01
5.520000000000000462e+00 6.203833740416681009e-01
5.540000000000000036e+00 6.172951201862070247e-01
5.560000000000000497e+00 6.142272666746773080e-01
5.580000000000000071e+00 6.111796389490762316e-01
5.600000000000000533e+00 6.081520655084494686e-01
5.620000000000000107e+00 6.051443754698275779e-01
5.639999999999999680e+00 6.021564012844994318e-01
5.660000000000000142e+00 5.991879756409852487e-01
5.679999999999999716e+00 5.962389348436579750e-01
5.700000000000000178e+00 5.933091150515725776e-01
5.719999999999999751e+00 5.903983563259321832e-01
5.740000000000000213e+00 5.875064981985833601e-01
5.759999999999999787e+00 5.846333843941189379e-01
5.780000000000000249e+00 5.817788577218685475e-01
5.799999999999999822e+00 5.789427654791220457e-01
5.820000000000000284e+00 5.761249536604471366e-01
5.839999999999999858e+00 5.733252730478065606e-01
5.860000000000000320e+00 5.705435727310294025e-01
5.879999999999999893e+00 5.677797068913333911e-01
5.900000000000000355e+00 5.650335276267532958e-01
5.919999999999999929e+00 5.623048924348617028e-01
5.940000000000000391e+00 5.595936563369708905e-01
5.959999999999999964e+00 5.568996800665693137e-01
5.980000000000000426e+00 5.542228214860878133e-01
6.000000000000000000e+00 5.515629444868792586e-01
6.020000000000000462e+00 5.489199096923231824e-01
6.040000000000000036e+00 5.462935840759014505e-01
6.060000000000000497e+00 5.436838309444071982e-01
6.080000000000000071e+00 5.410905202799738412e-01
6.100000000000000533e+00 5.385135179971221042e-01
6.120000000000000107e+00 5.359526970153436487e-01
6.140000000000000568e+00 5.334079257837117671e-01
6.160000000000000142e+00 5.308790800899098050e-01
6.179999999999999716e+00 5.283660308460979005e-01
6.200000000000000178e+00 5.258686566410557539e-01
6.219999999999999751e+00 5.233868307809508291e-01
6.240000000000000213e+00 5.209204345905612543e-01
6.259999999999999787e+00 5.184693437025755802e-01
6.280000000000000249e+00 5.160334421146215433e-01
6.299999999999999822e+00 5.136126077206870644e-01
6.320000000000000284e+00 5.112067271299907123e-01
6.339999999999999858e+00 5.088156804340681072e-01
6.360000000000000320e+00 5.064393567943004104e-01
6.379999999999999893e+00 5.040776384381773223e-01
6.400000000000000355e+00 5.017304170216014825e-01
6.419999999999999929e+00 4.993975768477724175e-01
6.440000000000000391e+00 4.970790120111929222e-01
6.459999999999999964e+00 4.947746088325907232e-01
6.480000000000000426e+00 4.924842637908299903e-01
6.500000000000000000e+00 4.902078651672199805e-01
6.520000000000000462e+00 4.879453117723702715e-01
6.540000000000000036e+00 4.856964937931864679e-01
6.560000000000000497e+00 4.834613123209905994e-01
6.580000000000000071e+00 4.812396593944328060e-01
6.600000000000000533e+00 4.790314383360481654e-01
6.620000000000000107e+00 4.768365429842513215e-01
6.640000000000000568e+00 4.746548788447750855e-01
6.660000000000000142e+00 4.724863415048480841e-01
6.679999999999999716e+00 4.703308386068283387e-01
6.700000000000000178e+00 4.681882674375991704e-01
6.719999999999999751e+00 4.660585377309723332e-01
6.740000000000000213e+00 4.639415484252633060e-01
6.759999999999999787e+00 4.618372113019227898e-01
6.780000000000000249e+00 4.597454269041775232e-01
6.799999999999999822e+00 4.576661090186281422e-01
6.820000000000000284e+00 4.555991597477364041e-01
6.839999999999999858e+00 4.535444948420448985e-01
6.860000000000000320e+00 4.515020179192056338e-01
6.879999999999999893e+00 4.494716466537271304e-01
6.900000000000000355e+00 4.474532861351793733e-01
6.919999999999999929e+00 4.454468559232741542e-01
6.940000000000000391e+00 4.434522625377728677e-01
6.959999999999999964e+00 4.414694273859950946e-01
6.980000000000000426e+00 4.394982583768572981e-01
7.000000000000000000e+00 4.375386787288331192e-01
7.020000000000000462e+00 4.355905977004430052e-01
7.040000000000000036e+00 4.336539402859591608e-01
7.060000000000000497e+00 4.317286170545684976e-01
7.080000000000000071e+00 4.298145547420566537e-01
7.100000000000000533e+00 4.279116651907650115e-01
7.120000000000000107e+00 4.260198768447510664e-01
7.140000000000000568e+00 4.241391027825327509e-01
7.160000000000000142e+00 4.222692731242077557e-01
7.179999999999999716e+00 4.204103021488651004e-01
7.200000000000000178e+00 4.185621216213889495e-01
7.219999999999999751e+00 4.167246469862980196e-01
7.240000000000000213e+00 4.148978116229675162e-01
7.259999999999999787e+00 4.130815321075261282e-01
7.280000000000000249e+00 4.112757434044619909e-01
7.299999999999999822e+00 4.094803631880876704e-01
7.320000000000000284e+00 4.076953279795321738e-01
7.339999999999999858e+00 4.059205565191431608e-01
7.360000000000000320e+00 4.041559868570913649e-01
7.379999999999999893e+00 4.024015387679381606e-01
7.400000000000000355e+00 4.006571518041460167e-01
7.419999999999999929e+00 3.989227467438966057e-01
7.440000000000000391e+00 3.971982646160192032e-01
7.459999999999999964e+00 3.954836271719975871e-01
7.480000000000000426e+00 3.937787768919062681e-01
7.500000000000000000e+00 3.920836364713961575e-01
7.520000000000000462e+00 3.903981498174416420e-01
7.540000000000000036e+00 3.887222405409498927e-01
7.560000000000000497e+00 3.870558539522157004e-01
7.580000000000000071e+00 3.853989145496194979e-01
7.600000000000000533e+00 3.837513690239295339e-01
7.620000000000000107e+00 3.821131427333969710e-01
7.640000000000000568e+00 3.804841837271407123e-01
7.660000000000000142e+00 3.788644181967780189e-01
7.679999999999999716e+00 3.772537955283504774e-01
7.700000000000000178e+00 3.756522427204477266e-01
7.719999999999999751e+00 3.740597104752907964e-01
7.740000000000000213e+00 3.724761265731262316e-01
7.759999999999999787e+00 3.709014430122724582e-01
7.780000000000000249e+00 3.693355883293765740e-01
7.799999999999999822e+00 3.677785157994148957e-01
7.820000000000000284e+00 3.662301546912272165e-01
7.839999999999999858e+00 3.646904595376396219e-01
7.860000000000000320e+00 3.631593603154823491e-01
7.879999999999999893e+00 3.616368127972389712e-01
7.900000000000000355e+00 3.601227476445494347e-01
7.919999999999999929e+00 3.586171218519562665e-01
7.940000000000000391e+00 3.571198667426918050e-01
7.959999999999999964e+00 3.556309405163423087e-01
7.980000000000000426e+00 3.541502751355135592e-01
8.000000000000000000e+00 3.526778299883833179e-01
8.019999999999999574e+00 3.512135376546268728e-01
8.040000000000000924e+00 3.497573586951253644e-01
8.060000000000000497e+00 3.483092262852880983e-01
8.080000000000000071e+00 3.468691021433464861e-01
8.099999999999999645e+00 3.454369200189905120e-01
8.120000000000000995e+00 3.440126427729723879e-01
8.140000000000000568e+00 3.425962047087660611e-01
8.160000000000000142e+00 3.411875698153318814e-01
8.179999999999999716e+00 3.397866729292498000e-01
8.199999999999999289e+00 3.383934791538882880e-01
8.220000000000000639e+00 3.370079238391955334e-01
8.240000000000000213e+00 3.356299731896347227e-01
8.259999999999999787e+00 3.342595630485741820e-01
8.279999999999999361e+00 3.328966607087398000e-01
8.300000000000000711e+00 3.315412024878963693e-01
8.320000000000000284e+00 3.301931567546642077e-01
8.339999999999999858e+00 3.288524602819283271e-01
8.359999999999999432e+00 3.275190825023080454e-01
8.380000000000000782e+00 3.261929606254302949e-01
8.400000000000000355e+00 3.248740651364637744e-01
8.419999999999999929e+00 3.235623336631191505e-01
8.439999999999999503e+00 3.222577377321011460e-01
8.460000000000000853e+00 3.209602153714400941e-01
8.480000000000000426e+00 3.196697391387964271e-01
8.500000000000000000e+00 3.183862474444240642e-01
8.519999999999999574e+00 3.171097138667922088e-01
8.540000000000000924e+00 3.158400771811573637e-01
8.560000000000000497e+00 3.145773119770607362e-01
8.580000000000000071e+00 3.133213573771913008e-01
8.599999999999999645e+00 3.120721889728280685e-01
8.620000000000000995e+00 3.108297462173825743e-01
8.640000000000000568e+00 3.095940056949421648e-01
8.660000000000000142e+00 3.083649071725394486e-01
8.679999999999999716e+00 3.071424282185388210e-01
8.700000000000001066e+00 3.059265088973438518e-01
8.720000000000000639e+00 3.047171277534451717e-01
8.740000000000000213e+00 3.035142251319414286e-01
8.759999999999999787e+00 3.023177805456823686e-01
8.779999999999999361e+00 3.011277346046369319e-01
8.800000000000000711e+00 2.999440677826141766e-01
8.820000000000000284e+00 2.987667209381636435e-01
8.839999999999999858e+00 2.975956754990304876e-01
8.859999999999999432e+00 2.964308725568962632e-01
8.880000000000000782e+00 2.952722944867754440e-01
8.900000000000000355e+00 2.941198825975369080e-01
8.919999999999999929e+00 2.929736202051569927e-01
8.939999999999999503e+00 2.918334488205832633e-01
8.960000000000000853e+00 2.906993526948016826e-01
8.980000000000000426e+00 2.895712735251963488e-01
9.000000000000000000e+00 2.884491964921540585e-01
9.019999999999999574e+00 2.873330634646924509e-01
9.040000000000000924e+00 2.862228605473335907e-01
9.060000000000000497e+00 2.851185297653557327e-01
9.080000000000000071e+00 2.840200581424912607e-01
9.099999999999999645e+00 2.829273878457413405e-01
9.120000000000000995e+00 2.818405068134552383e-01
9.140000000000000568e+00 2.807593573392133668e-01
9.160000000000000142e+00 2.796839282717332731e-01
9.179999999999999716e+00 2.786141620168555155e-01
9.200000000000001066e+00 2.775500483297368426e-01
9.220000000000000639e+00 2.764915297135406291e-01
9.240000000000000213e+00 2.754385968262502149e-01
9.259999999999999787e+00 2.743911922542361381e-01
9.279999999999999361e+00 2.733493075550290086e-01
9.300000000000000711e+00 2.723128853834206886e-01
9.320000000000000284e+00 2.712819181935288704e-01
9.339999999999999858e+00 2.702563486946126803e-01
9.359999999999999432e+00 2.692361702347352281e-01
9.380000000000000782e+00 2.682213255629616322e-01
9.400000000000000355e+00 2.672118089189692292e-01
9.419999999999999929e+00 2.662075630778090729e-01
9.439999999999999503e+00 2.652085831687632234e-01
9.460000000000000853e+00 2.642148119782951055e-01
9.480000000000000426e+00 2.632262455235884757e-01
9.500000000000000000e+00 2.622428265887942200e-01
9.519999999999999574e+00 2.612645520776086250e-01
9.540000000000000924e+00 2.602913647573682487e-01
9.560000000000000497e+00 2.593232624171962764e-01
9.580000000000000071e+00 2.583601877939488700e-01
9.599999999999999645e+00 2.574021395614109475e-01
9.620000000000000995e+00 2.564490604114784134e-01
