0.000000000000000000e+00 7.363089225339493282e+00
1.499999999999999944e-02 7.256328031738078721e+00
2.999999999999999889e-02 7.147531248008156091e+00
4.499999999999999833e-02 7.036892191077479985e+00
5.999999999999999778e-02 6.924627802265170828e+00
7.499999999999999722e-02 6.810957928696399044e+00
8.999999999999999667e-02 6.696093579095829362e+00
1.049999999999999961e-01 6.580243502736196071e+00
1.199999999999999956e-01 6.463609919381087643e+00
1.350000000000000089e-01 6.346390629835502395e+00
1.499999999999999944e-01 6.228776426083345363e+00
1.649999999999999800e-01 6.110952580186533645e+00
1.799999999999999933e-01 5.993096281641203227e+00
1.950000000000000067e-01 5.875378319377585257e+00
2.099999999999999922e-01 5.757960609589093615e+00
2.249999999999999778e-01 5.640998072307685796e+00
2.399999999999999911e-01 5.524636195118763915e+00
2.550000000000000044e-01 5.409013111434514798e+00
2.700000000000000178e-01 5.294257227140527711e+00
2.849999999999999756e-01 5.180489479443620482e+00
2.999999999999999889e-01 5.067821007005532508e+00
3.150000000000000022e-01 4.956355572976498536e+00
3.299999999999999600e-01 4.846187279589946328e+00
3.449999999999999734e-01 4.737403131517798016e+00
3.599999999999999867e-01 4.630080779168181060e+00
3.750000000000000000e-01 4.524291199584030032e+00
3.900000000000000133e-01 4.420096461309283242e+00
4.049999999999999711e-01 4.317552498275960993e+00
4.199999999999999845e-01 4.216706882920449928e+00
4.349999999999999978e-01 4.117601670240190082e+00
4.499999999999999556e-01 4.020271171430818136e+00
4.649999999999999689e-01 3.924744846218481076e+00
4.799999999999999822e-01 3.831045067716365882e+00
4.949999999999999956e-01 3.739190043627691917e+00
5.100000000000000089e-01 3.649191567445813078e+00
5.250000000000000222e-01 3.561057951169557700e+00
5.400000000000000355e-01 3.474791758308131140e+00
5.549999999999999378e-01 3.390392733381420332e+00
5.699999999999999512e-01 3.307855515684164693e+00
5.849999999999999645e-01 3.227172553034766800e+00
5.999999999999999778e-01 3.148331796102557867e+00
6.149999999999999911e-01 3.071319586148161918e+00
6.300000000000000044e-01 2.996118332247999838e+00
6.450000000000000178e-01 2.922709364602848137e+00
6.599999999999999201e-01 2.851070597699372211e+00
6.749999999999999334e-01 2.781179342477919203e+00
6.899999999999999467e-01 2.713009960093878181e+00
7.049999999999999600e-01 2.646536627556319576e+00
7.199999999999999734e-01 2.581730987095514518e+00
7.349999999999999867e-01 2.518564861038663061e+00
7.500000000000000000e-01 2.457007902665087062e+00
7.650000000000000133e-01 2.397030256934835624e+00
7.800000000000000266e-01 2.338600218702723055e+00
7.949999999999999289e-01 2.281686836626038772e+00
8.099999999999999423e-01 2.226257584937035627e+00
8.249999999999999556e-01 2.172280908355601170e+00
8.399999999999999689e-01 2.119723913351251099e+00
8.549999999999999822e-01 2.068554852294977930e+00
8.699999999999999956e-01 2.018740840112252855e+00
8.850000000000000089e-01 1.970250276184931870e+00
8.999999999999999112e-01 1.923050591877941029e+00
9.149999999999999245e-01 1.877110608931390701e+00
9.299999999999999378e-01 1.832398323105229210e+00
9.449999999999999512e-01 1.788883197956747662e+00
9.599999999999999645e-01 1.746533989365638861e+00
9.749999999999999778e-01 1.705320973730610312e+00
9.899999999999999911e-01 1.665213817795061502e+00
1.004999999999999893e+00 1.626183740397854516e+00
1.020000000000000018e+00 1.588201431534169039e+00
1.034999999999999920e+00 1.551239146898252264e+00
1.050000000000000044e+00 1.515268679735120916e+00
1.064999999999999947e+00 1.480263387499936467e+00
1.080000000000000071e+00 1.446196219601464161e+00
1.094999999999999973e+00 1.413041675599165048e+00
1.109999999999999876e+00 1.380773891562982358e+00
1.125000000000000000e+00 1.349368529320146504e+00
1.139999999999999902e+00 1.318800923749220200e+00
1.155000000000000027e+00 1.289047902691026870e+00
1.169999999999999929e+00 1.260085997141779490e+00
1.185000000000000053e+00 1.231893191543385502e+00
1.199999999999999956e+00 1.204447198487927251e+00
1.214999999999999858e+00 1.177727139213350815e+00
1.229999999999999982e+00 1.151711884111027873e+00
1.244999999999999885e+00 1.126381663362398866e+00
1.260000000000000009e+00 1.101716474242657062e+00
1.274999999999999911e+00 1.077697621950264084e+00
1.290000000000000036e+00 1.054306194414723397e+00
1.304999999999999938e+00 1.031524533484892814e+00
1.319999999999999840e+00 1.009334777700567898e+00
1.334999999999999964e+00 9.877202641228434166e-01
1.349999999999999867e+00 9.666641392791623932e-01
1.364999999999999991e+00 9.461506920322543257e-01
1.379999999999999893e+00 9.261640327058883182e-01
1.395000000000000018e+00 9.066893575024744800e-01
1.409999999999999920e+00 8.877116955996035008e-01
1.425000000000000044e+00 8.692171057341387952e-01
1.439999999999999947e+00 8.511914908983301276e-01
1.454999999999999849e+00 8.336217278138337017e-01
1.469999999999999973e+00 8.164945486691959076e-01
1.484999999999999876e+00 7.997976043057145601e-01
1.500000000000000000e+00 7.835184123133678291e-01
1.514999999999999902e+00 7.676453548448620712e-01
1.530000000000000027e+00 7.521666922275312972e-01
1.544999999999999929e+00 7.370714964084119636e-01
1.560000000000000053e+00 7.223487291472803218e-01
1.574999999999999956e+00 7.079881121767507279e-01
1.589999999999999858e+00 6.939792689068298159e-01
1.604999999999999982e+00 6.803125324568716215e-01
1.619999999999999885e+00 6.669781497382966107e-01
1.635000000000000009e+00 6.539670285819436657e-01
1.649999999999999911e+00 6.412700029530719048e-01
1.665000000000000036e+00 6.288785204558731134e-01
1.679999999999999938e+00 6.167839673965944680e-01
1.694999999999999840e+00 6.049782979988693743e-01
1.709999999999999964e+00 5.934534179379934438e-01
1.724999999999999867e+00 5.822017566443240533e-01
1.739999999999999991e+00 5.712157079159860817e-01
1.754999999999999893e+00 5.604881467247256888e-01
1.770000000000000018e+00 5.500119254392179524e-01
1.784999999999999920e+00 5.397803365770262873e-01
1.799999999999999822e+00 5.297866631747449873e-01
1.814999999999999947e+00 5.200245889528447574e-01
1.829999999999999849e+00 5.104878013093239186e-01
1.844999999999999973e+00 5.011703503799335158e-01
1.859999999999999876e+00 4.920663031535987830e-01
1.875000000000000000e+00 4.831700529204740469e-01
1.889999999999999902e+00 4.744760229614842784e-01
1.905000000000000027e+00 4.659789278798434076e-01
1.919999999999999929e+00 4.576735253540075710e-01
1.934999999999999831e+00 4.495548308461835840e-01
1.949999999999999956e+00 4.416179158739754751e-01
1.964999999999999858e+00 4.338580775811927692e-01
1.979999999999999982e+00 4.262706820337974767e-01
1.994999999999999885e+00 4.188512901253733101e-01
2.009999999999999787e+00 4.115955443792451152e-01
2.024999999999999911e+00 4.044992526425304491e-01
2.040000000000000036e+00 3.975583169382950199e-01
2.054999999999999716e+00 3.907687763795140157e-01
2.069999999999999840e+00 3.841267766001594808e-01
2.084999999999999964e+00 3.776285732929758887e-01
2.100000000000000089e+00 3.712705408204432511e-01
2.114999999999999769e+00 3.650491377492677825e-01
2.129999999999999893e+00 3.589609532345947596e-01
2.145000000000000018e+00 3.530026358888339044e-01
2.160000000000000142e+00 3.471709766132553554e-01
2.174999999999999822e+00 3.414628021004290637e-01
2.189999999999999947e+00 3.358750927859942004e-01
2.205000000000000071e+00 3.304048422419394448e-01
2.219999999999999751e+00 3.250492090095526976e-01
2.234999999999999876e+00 3.198053430961426136e-01
2.250000000000000000e+00 3.146705704539670134e-01
2.265000000000000124e+00 3.096421877451775995e-01
2.279999999999999805e+00 3.047176783261484889e-01
2.294999999999999929e+00 2.998944763953871884e-01
2.310000000000000053e+00 2.951702133507340120e-01
2.324999999999999734e+00 2.905424523822505711e-01
2.339999999999999858e+00 2.860089641698647100e-01
2.354999999999999982e+00 2.815674329286306232e-01
2.370000000000000107e+00 2.772157604259298247e-01
2.384999999999999787e+00 2.729517444295274098e-01
2.399999999999999911e+00 2.687734101283136834e-01
2.415000000000000036e+00 2.646786618750728848e-01
2.429999999999999716e+00 2.606656411091537451e-01
2.444999999999999840e+00 2.567323522251707124e-01
2.459999999999999964e+00 2.528770462051463941e-01
2.475000000000000089e+00 2.490978213824844023e-01
2.489999999999999769e+00 2.453930320077834237e-01
2.504999999999999893e+00 2.417608646136636952e-01
2.520000000000000018e+00 2.381997708513461653e-01
2.534999999999999698e+00 2.347080200969307584e-01
2.549999999999999822e+00 2.312841559146688875e-01
2.564999999999999947e+00 2.279265254785733941e-01
2.580000000000000071e+00 2.246337591346661278e-01
2.594999999999999751e+00 2.214042771441836477e-01
2.609999999999999876e+00 2.182367918376315052e-01
2.625000000000000000e+00 2.151297921164356253e-01
2.639999999999999680e+00 2.120820678114327396e-01
2.654999999999999805e+00 2.090921723094635032e-01
2.669999999999999929e+00 2.061589687512676572e-01
2.685000000000000053e+00 2.032810710774725638e-01
2.699999999999999734e+00 2.004574118239341729e-01
2.714999999999999858e+00 1.976866618087036731e-01
2.729999999999999982e+00 1.949678193068676291e-01
2.745000000000000107e+00 1.922996085252990928e-01
2.759999999999999787e+00 1.896810900657351084e-01
2.774999999999999911e+00 1.871110382583116016e-01
2.790000000000000036e+00 1.845885728476422960e-01
2.804999999999999716e+00 1.821125151784925289e-01
2.819999999999999840e+00 1.796820411699365516e-01
2.834999999999999964e+00 1.772960162677589824e-01
2.850000000000000089e+00 1.749536697999912183e-01
2.864999999999999769e+00 1.726539085297036646e-01
2.879999999999999893e+00 1.703960126197319180e-01
2.895000000000000018e+00 1.681789275372637948e-01
2.909999999999999698e+00 1.660019818864556240e-01
2.924999999999999822e+00 1.638641573315951783e-01
2.939999999999999947e+00 1.617648286954253556e-01
2.955000000000000071e+00 1.597030114815017054e-01
2.969999999999999751e+00 1.576781246700613981e-01
2.984999999999999876e+00 1.556892153312756655e-01
3.000000000000000000e+00 1.537357446949899897e-01
3.014999999999999680e+00 1.518167892557400478e-01
3.029999999999999805e+00 1.499318507305167081e-01
3.044999999999999929e+00 1.480800329625680811e-01
3.060000000000000053e+00 1.462608765318894610e-01
3.074999999999999734e+00 1.444735106685712256e-01
3.089999999999999858e+00 1.427175133232232440e-01
3.104999999999999982e+00 1.409920372009091649e-01
3.120000000000000107e+00 1.392966962562320055e-01
3.134999999999999787e+00 1.376306648563742907e-01
3.149999999999999911e+00 1.359935917136253503e-01
3.165000000000000036e+00 1.343846710794469324e-01
3.179999999999999716e+00 1.328035852928719229e-01
3.194999999999999840e+00 1.312495467975634267e-01
3.209999999999999964e+00 1.297222705392311048e-01
3.225000000000000089e+00 1.282209854830367868e-01
3.239999999999999769e+00 1.267454382681462433e-01
3.254999999999999893e+00 1.252948727842537469e-01
3.270000000000000018e+00 1.238690665540226610e-01
3.284999999999999698e+00 1.224672768035126869e-01
3.299999999999999822e+00 1.210893112290149648e-01
3.314999999999999947e+00 1.197344388674727034e-01
3.330000000000000071e+00 1.184024969762310919e-01
3.344999999999999751e+00 1.170927648746821620e-01
3.359999999999999876e+00 1.158051088635680542e-01
3.375000000000000000e+00 1.145388170686892776e-01
3.389999999999999680e+00 1.132937844094260155e-01
3.404999999999999805e+00 1.120693063278148799e-01
3.419999999999999929e+00 1.108653060283687070e-01
3.435000000000000053e+00 1.096810848218158496e-01
3.449999999999999734e+00 1.085165939542607760e-01
3.464999999999999858e+00 1.073711391326609144e-01
