# Electrodo circular de radio 6 mm y espesor 710.0 um.
# Volumen de simulacion (convencion z,y,x):
# N: 1024 x 1024 x 1024 | voxelSize:  0.02mm x 0.02mm x 0.02mm | FOV:  20.48mm x 20.48mm x 20.48mm
# 
# z [mm]		 delta[ppm]
0.000000000000000000e+00 5.938448891507063898e+00
2.000000000000000042e-02 5.787528093097003890e+00
4.000000000000000083e-02 5.636765420202213939e+00
5.999999999999999778e-02 5.486753203184957073e+00
8.000000000000000167e-02 5.338052768890586997e+00
1.000000000000000056e-01 5.191186505952986252e+00
1.199999999999999956e-01 5.046629526140860911e+00
1.400000000000000133e-01 4.904804387029271240e+00
1.600000000000000033e-01 4.766077348774713229e+00
1.799999999999999933e-01 4.630757057731557325e+00
2.000000000000000111e-01 4.499094777385783672e+00
2.200000000000000011e-01 4.371286428649490574e+00
2.399999999999999911e-01 4.247475693900947036e+00
2.600000000000000089e-01 4.127758213760447603e+00
2.800000000000000266e-01 4.012186247837621345e+00
2.999999999999999889e-01 3.900773788331010294e+00
3.200000000000000067e-01 3.793501637540306781e+00
3.400000000000000244e-01 3.690322482724266884e+00
3.599999999999999867e-01 3.591165614675452478e+00
3.800000000000000044e-01 3.495941387699519787e+00
4.000000000000000222e-01 3.404545174264707263e+00
4.199999999999999845e-01 3.316860963477953117e+00
4.400000000000000022e-01 3.232764427951038577e+00
4.600000000000000200e-01 3.152125638574917676e+00
4.799999999999999822e-01 3.074811291960520165e+00
5.000000000000000000e-01 3.000686641894674711e+00
5.200000000000000178e-01 2.929617017729726047e+00
5.400000000000000355e-01 2.861469121120865822e+00
5.600000000000000533e-01 2.796111988756649680e+00
5.799999999999999600e-01 2.733417806439662368e+00
5.999999999999999778e-01 2.673262459900364707e+00
6.199999999999999956e-01 2.615525999792187584e+00
6.400000000000000133e-01 2.560092901003705457e+00
6.600000000000000311e-01 2.506852286073212976e+00
6.800000000000000488e-01 2.455697986854384229e+00
7.000000000000000666e-01 2.406528607999285807e+00
7.199999999999999734e-01 2.359247460707869060e+00
7.399999999999999911e-01 2.313762525680109317e+00
7.600000000000000089e-01 2.269986308707417688e+00
7.800000000000000266e-01 2.227835744835369169e+00
8.000000000000000444e-01 2.187232010242922797e+00
8.200000000000000622e-01 2.148100396036760618e+00
8.399999999999999689e-01 2.110370099454426995e+00
8.599999999999999867e-01 2.073974086036885822e+00
8.800000000000000044e-01 2.038848875108354886e+00
9.000000000000000222e-01 2.004934402238309765e+00
9.200000000000000400e-01 1.972173808243498305e+00
9.400000000000000577e-01 1.940513309142911647e+00
9.599999999999999645e-01 1.909901994106008694e+00
9.799999999999999822e-01 1.880291706929451800e+00
1.000000000000000000e+00 1.851636855754195787e+00
1.020000000000000018e+00 1.823894308006591025e+00
1.040000000000000036e+00 1.797023213073442482e+00
1.060000000000000053e+00 1.770984911313382870e+00
1.080000000000000071e+00 1.745742769805499695e+00
1.100000000000000089e+00 1.721262105214663496e+00
1.120000000000000107e+00 1.697510032129363244e+00
1.140000000000000124e+00 1.674455399083389473e+00
1.159999999999999920e+00 1.652068648624972935e+00
1.179999999999999938e+00 1.630321765543340184e+00
1.199999999999999956e+00 1.609188147665457702e+00
1.219999999999999973e+00 1.588642565225526937e+00
1.239999999999999991e+00 1.568661041309962201e+00
1.260000000000000009e+00 1.549220821289507555e+00
1.280000000000000027e+00 1.530300261868654976e+00
1.300000000000000044e+00 1.511878809534712431e+00
1.320000000000000062e+00 1.493936897205133674e+00
1.340000000000000080e+00 1.476455930714007270e+00
1.360000000000000098e+00 1.459418192145890192e+00
1.380000000000000115e+00 1.442806833460258842e+00
1.400000000000000133e+00 1.426605785670056914e+00
1.419999999999999929e+00 1.410799758790778125e+00
1.439999999999999947e+00 1.395374156125734677e+00
1.459999999999999964e+00 1.380315079810878753e+00
1.479999999999999982e+00 1.365609249538462411e+00
1.500000000000000000e+00 1.351244013049641257e+00
1.520000000000000018e+00 1.337207268721781528e+00
1.540000000000000036e+00 1.323487480435035613e+00
1.560000000000000053e+00 1.310073603507118101e+00
1.580000000000000071e+00 1.296955103427883227e+00
1.600000000000000089e+00 1.284121884703744998e+00
1.620000000000000107e+00 1.271564313014520886e+00
1.640000000000000124e+00 1.259273146574975133e+00
1.660000000000000142e+00 1.247239561322131207e+00
1.679999999999999938e+00 1.235455084464872844e+00
1.699999999999999956e+00 1.223911622357020557e+00
1.719999999999999973e+00 1.212601395939207016e+00
1.739999999999999991e+00 1.201516970994674693e+00
1.760000000000000009e+00 1.190651195238447313e+00
1.780000000000000027e+00 1.179997230688915488e+00
1.800000000000000044e+00 1.169548492182641564e+00
1.820000000000000062e+00 1.159298681626595995e+00
1.840000000000000080e+00 1.149241727757597697e+00
1.860000000000000098e+00 1.139371822067424267e+00
1.880000000000000115e+00 1.129683359641466378e+00
1.900000000000000133e+00 1.120170976573045207e+00
1.919999999999999929e+00 1.110829491748586140e+00
1.939999999999999947e+00 1.101653945588170869e+00
1.959999999999999964e+00 1.092639542654248785e+00
1.979999999999999982e+00 1.083781691573618922e+00
2.000000000000000000e+00 1.075075948373425350e+00
2.020000000000000018e+00 1.066518057455413837e+00
2.040000000000000036e+00 1.058103895568199615e+00
2.060000000000000053e+00 1.049829513718426366e+00
2.080000000000000071e+00 1.041691081710429012e+00
2.100000000000000089e+00 1.033684930890758746e+00
2.120000000000000107e+00 1.025807499188344574e+00
2.140000000000000124e+00 1.018055374599316831e+00
2.160000000000000142e+00 1.010425240679410530e+00
2.180000000000000160e+00 1.002913920685019944e+00
2.200000000000000178e+00 9.955183234691513672e-01
2.220000000000000195e+00 9.882354882026141984e-01
2.240000000000000213e+00 9.810625306408535806e-01
2.260000000000000231e+00 9.739966883560913224e-01
2.280000000000000249e+00 9.670352673400612886e-01
2.300000000000000266e+00 9.601756876840591426e-01
2.319999999999999840e+00 9.534154304966682147e-01
2.339999999999999858e+00 9.467520839739633765e-01
2.359999999999999876e+00 9.401832906076875718e-01
2.379999999999999893e+00 9.337067935925958961e-01
2.399999999999999911e+00 9.273203843130843893e-01
2.419999999999999929e+00 9.210219490387967500e-01
2.439999999999999947e+00 9.148094166730408316e-01
2.459999999999999964e+00 9.086808056914817966e-01
2.479999999999999982e+00 9.026341721470906299e-01
2.500000000000000000e+00 8.966676568099795075e-01
2.520000000000000018e+00 8.907794334182023155e-01
2.540000000000000036e+00 8.849677559796976789e-01
2.560000000000000053e+00 8.792309072688002658e-01
2.580000000000000071e+00 8.735672462538329741e-01
2.600000000000000089e+00 8.679751568331423028e-01
2.620000000000000107e+00 8.624530953542248746e-01
2.640000000000000124e+00 8.569995395929872473e-01
2.660000000000000142e+00 8.516130363323132224e-01
2.680000000000000160e+00 8.462921505818038481e-01
2.700000000000000178e+00 8.410355131855585809e-01
2.720000000000000195e+00 8.358417702890084122e-01
2.740000000000000213e+00 8.307096309473721574e-01
2.760000000000000231e+00 8.256378168393611050e-01
2.780000000000000249e+00 8.206251098492903795e-01
2.800000000000000266e+00 8.156703020364398649e-01
2.819999999999999840e+00 8.107722431651706030e-01
2.839999999999999858e+00 8.059297909316028852e-01
2.859999999999999876e+00 8.011418584173531920e-01
2.879999999999999893e+00 7.964073645839093718e-01
2.899999999999999911e+00 7.917252816267533744e-01
2.919999999999999929e+00 7.870945857404676449e-01
2.939999999999999947e+00 7.825143043510257579e-01
2.959999999999999964e+00 7.779834671631882248e-01
2.979999999999999982e+00 7.735011532497756415e-01
3.000000000000000000e+00 7.690664423853058596e-01
3.020000000000000018e+00 7.646784619719293463e-01
3.040000000000000036e+00 7.603363386716874839e-01
3.060000000000000053e+00 7.560392451496286137e-01
3.080000000000000071e+00 7.517863520093005514e-01
3.100000000000000089e+00 7.475768743343237377e-01
3.120000000000000107e+00 7.434100239400575072e-01
3.140000000000000124e+00 7.392850556956530594e-01
3.160000000000000142e+00 7.352012200968837119e-01
3.180000000000000160e+00 7.311578093513687593e-01
3.200000000000000178e+00 7.271541102858383177e-01
3.220000000000000195e+00 7.231894501778912687e-01
3.240000000000000213e+00 7.192631500028537905e-01
3.260000000000000231e+00 7.153745699960067927e-01
3.280000000000000249e+00 7.115230632525091359e-01
3.300000000000000266e+00 7.077080210046133857e-01
3.320000000000000284e+00 7.039288265798488986e-01
3.339999999999999858e+00 7.001849003782900649e-01
3.359999999999999876e+00 6.964756542025036801e-01
3.379999999999999893e+00 6.928005359204523206e-01
3.399999999999999911e+00 6.891589841723285703e-01
3.419999999999999929e+00 6.855504727051442426e-01
3.439999999999999947e+00 6.819744654699142483e-01
3.459999999999999964e+00 6.784304606145027394e-01
3.479999999999999982e+00 6.749179459760532573e-01
3.500000000000000000e+00 6.714364427190984141e-01
3.520000000000000018e+00 6.679854612365611066e-01
3.540000000000000036e+00 6.645645444205899866e-01
3.560000000000000053e+00 6.611732239767699193e-01
3.580000000000000071e+00 6.578110633155304088e-01
3.600000000000000089e+00 6.544776142927145601e-01
3.620000000000000107e+00 6.511724597098541567e-01
3.640000000000000124e+00 6.478951704853923577e-01
3.660000000000000142e+00 6.446453477525010411e-01
3.680000000000000160e+00 6.414225804738421521e-01
3.700000000000000178e+00 6.382264871259982764e-01
3.720000000000000195e+00 6.350566737617147073e-01
3.740000000000000213e+00 6.319127752703540546e-01
3.760000000000000231e+00 6.287944139002340505e-01
3.780000000000000249e+00 6.257012400849212286e-01
3.800000000000000266e+00 6.226328914291742178e-01
3.820000000000000284e+00 6.195890330912033894e-01
3.839999999999999858e+00 6.165693172445486647e-01
3.859999999999999876e+00 6.135734230068102812e-01
3.879999999999999893e+00 6.106010163805127844e-01
3.899999999999999911e+00 6.076517897191258122e-01
3.919999999999999929e+00 6.047254221589171141e-01
3.939999999999999947e+00 6.018216186134351942e-01
3.959999999999999964e+00 5.989400706989431722e-01
3.979999999999999982e+00 5.960804952487981367e-01
4.000000000000000000e+00 5.932425957441751496e-01
4.020000000000000462e+00 5.904261003401367613e-01
4.040000000000000036e+00 5.876307238037318248e-01
4.060000000000000497e+00 5.848562050438350646e-01
4.080000000000000071e+00 5.821022695679796133e-01
4.099999999999999645e+00 5.793686665083727094e-01
4.120000000000000107e+00 5.766551315990547932e-01
4.139999999999999680e+00 5.739614236907271128e-01
4.160000000000000142e+00 5.712872882593087454e-01
4.179999999999999716e+00 5.686324934025311917e-01
4.200000000000000178e+00 5.659967938809810084e-01
4.219999999999999751e+00 5.633799665896940256e-01
4.240000000000000213e+00 5.607817751423787023e-01
4.259999999999999787e+00 5.582020048115285960e-01
4.280000000000000249e+00 5.556404276564456124e-01
4.299999999999999822e+00 5.530968369255959693e-01
4.320000000000000284e+00 5.505710127388231401e-01
4.339999999999999858e+00 5.480627559459934073e-01
4.360000000000000320e+00 5.455718543635109663e-01
4.379999999999999893e+00 5.430981160835083310e-01
4.400000000000000355e+00 5.406413362747174434e-01
4.419999999999999929e+00 5.382013299367549575e-01
4.440000000000000391e+00 5.357778992649712135e-01
4.459999999999999964e+00 5.333708658445650563e-01
4.480000000000000426e+00 5.309800385891919605e-01
4.500000000000000000e+00 5.286052453699027209e-01
4.520000000000000462e+00 5.262463015266523048e-01
4.540000000000000036e+00 5.239030409272770195e-01
4.560000000000000497e+00 5.215752850613671887e-01
4.580000000000000071e+00 5.192628735247579730e-01
4.600000000000000533e+00 5.169656336944252750e-01
4.620000000000000107e+00 5.146834106341220405e-01
4.639999999999999680e+00 5.124160373595125773e-01
4.660000000000000142e+00 5.101633641608588343e-01
4.679999999999999716e+00 5.079252294565678172e-01
4.700000000000000178e+00 5.057014885289919937e-01
4.719999999999999751e+00 5.034919849753399790e-01
4.740000000000000213e+00 5.012965788529059052e-01
4.759999999999999787e+00 4.991151187250667531e-01
4.780000000000000249e+00 4.969474692123891368e-01
4.799999999999999822e+00 4.947934836424328076e-01
4.820000000000000284e+00 4.926530310034408777e-01
4.839999999999999858e+00 4.905259691952112422e-01
4.860000000000000320e+00 4.884121713822089927e-01
4.879999999999999893e+00 4.863114998539960210e-01
4.900000000000000355e+00 4.842238317748320808e-01
4.919999999999999929e+00 4.821490336505035446e-01
4.940000000000000391e+00 4.800869864716000857e-01
4.959999999999999964e+00 4.780375607950276828e-01
4.980000000000000426e+00 4.760006412783640006e-01
5.000000000000000000e+00 4.739761023724898270e-01
5.020000000000000462e+00 4.719638322445500189e-01
5.040000000000000036e+00 4.699637090897748615e-01
5.060000000000000497e+00 4.679756244408030952e-01
5.080000000000000071e+00 4.659994600947093280e-01
5.100000000000000533e+00 4.640351108065133845e-01
5.120000000000000107e+00 4.620824618393495342e-01
5.139999999999999680e+00 4.601414110401994551e-01
5.160000000000000142e+00 4.582118470088302753e-01
5.179999999999999716e+00 4.562936705538825910e-01
5.200000000000000178e+00 4.543867734883498821e-01
5.219999999999999751e+00 4.524910594643484774e-01
5.240000000000000213e+00 4.506064233903920857e-01
5.259999999999999787e+00 4.487327716432373270e-01
5.280000000000000249e+00 4.468700021146022050e-01
5.299999999999999822e+00 4.450180237986863796e-01
5.320000000000000284e+00 4.431767374632116785e-01
5.339999999999999858e+00 4.413460546112780714e-01
5.360000000000000320e+00 4.395258787842570292e-01
5.379999999999999893e+00 4.377161238968177437e-01
5.400000000000000355e+00 4.359166961662287454e-01
5.419999999999999929e+00 4.341275118194232174e-01
5.440000000000000391e+00 4.323484796561643528e-01
5.459999999999999964e+00 4.305795181272150107e-01
5.480000000000000426e+00 4.288205385255704494e-01
5.500000000000000000e+00 4.270714614348324889e-01
5.520000000000000462e+00 4.253322005558864416e-01
5.540000000000000036e+00 4.236026785247545834e-01
5.560000000000000497e+00 4.218828113686076686e-01
5.580000000000000071e+00 4.201725236923795626e-01
5.600000000000000533e+00 4.184717337714570773e-01
5.620000000000000107e+00 4.167803681065077037e-01
5.639999999999999680e+00 4.150983471464342878e-01
5.660000000000000142e+00 4.134255992108815669e-01
5.679999999999999716e+00 4.117620468507612874e-01
5.700000000000000178e+00 4.101076201380671749e-01
5.719999999999999751e+00 4.084622436572630244e-01
5.740000000000000213e+00 4.068258491620238559e-01
5.759999999999999787e+00 4.051983632047980732e-01
5.780000000000000249e+00 4.035797191602446543e-01
5.799999999999999822e+00 4.019698454859857994e-01
5.820000000000000284e+00 4.003686771125077870e-01
5.839999999999999858e+00 3.987761443424107100e-01
5.860000000000000320e+00 3.971921836066885647e-01
5.879999999999999893e+00 3.956167269952300392e-01
5.900000000000000355e+00 3.940497123793555989e-01
5.919999999999999929e+00 3.924910735809262752e-01
5.940000000000000391e+00 3.909407498611560117e-01
5.959999999999999964e+00 3.893986767208306721e-01
5.980000000000000426e+00 3.878647947553817144e-01
6.000000000000000000e+00 3.863390410936322628e-01
6.020000000000000462e+00 3.848213576192435204e-01
6.040000000000000036e+00 3.833116830402452657e-01
6.060000000000000497e+00 3.818099604769386590e-01
6.080000000000000071e+00 3.803161301696972307e-01
6.100000000000000533e+00 3.788301364335187604e-01
6.120000000000000107e+00 3.773519209961298526e-01
6.140000000000000568e+00 3.758814293193400435e-01
6.160000000000000142e+00 3.744186045750281244e-01
6.179999999999999716e+00 3.729633933335601004e-01
6.200000000000000178e+00 3.715157401694768602e-01
6.219999999999999751e+00 3.700755927171740511e-01
6.240000000000000213e+00 3.686428969139924350e-01
6.259999999999999787e+00 3.672176014234715402e-01
6.280000000000000249e+00 3.657996535074499178e-01
6.299999999999999822e+00 3.643890028171382633e-01
6.320000000000000284e+00 3.629855979020613077e-01
6.339999999999999858e+00 3.615893893692873617e-01
6.360000000000000320e+00 3.602003270206363683e-01
6.379999999999999893e+00 3.588183623803379296e-01
6.400000000000000355e+00 3.574434464684818069e-01
6.419999999999999929e+00 3.560755316974600349e-01
6.440000000000000391e+00 3.547145702729029848e-01
6.459999999999999964e+00 3.533605154591914488e-01
6.480000000000000426e+00 3.520133206160200312e-01
6.500000000000000000e+00 3.506729398333371384e-01
6.520000000000000462e+00 3.493393275946125032e-01
6.540000000000000036e+00 3.480124387814785836e-01
6.560000000000000497e+00 3.466922289720352213e-01
6.580000000000000071e+00 3.453786538155447783e-01
6.600000000000000533e+00 3.440716699566864767e-01
6.620000000000000107e+00 3.427712337805559062e-01
6.640000000000000568e+00 3.414773029714077146e-01
6.660000000000000142e+00 3.401898346282834495e-01
6.679999999999999716e+00 3.389087874490110397e-01
6.700000000000000178e+00 3.376341192166806282e-01
6.719999999999999751e+00 3.363657896176548978e-01
6.740000000000000213e+00 3.351037570991886039e-01
6.759999999999999787e+00 3.338479823120584222e-01
6.780000000000000249e+00 3.325984243395078699e-01
6.799999999999999822e+00 3.313550447735005844e-01
6.820000000000000284e+00 3.301178033152151192e-01
6.839999999999999858e+00 3.288866624754242518e-01
6.860000000000000320e+00 3.276615825466336895e-01
6.879999999999999893e+00 3.264425269368516624e-01
6.900000000000000355e+00 3.252294565135628868e-01
6.919999999999999929e+00 3.240223355612269485e-01
6.940000000000000391e+00 3.228211254971240507e-01
6.959999999999999964e+00 3.216257914621278302e-01
6.980000000000000426e+00 3.204362954085231419e-01
7.000000000000000000e+00 3.192526033142890074e-01
7.020000000000000462e+00 3.180746776428286515e-01
7.040000000000000036e+00 3.169024851906048212e-01
7.060000000000000497e+00 3.157359889187926760e-01
7.080000000000000071e+00 3.145751564243821630e-01
7.100000000000000533e+00 3.134199511436162044e-01
7.120000000000000107e+00 3.122703414567000735e-01
7.140000000000000568e+00 3.111262912629277344e-01
7.160000000000000142e+00 3.099877697090245299e-01
7.179999999999999716e+00 3.088547411356997174e-01
7.200000000000000178e+00 3.077271754400935366e-01
7.219999999999999751e+00 3.066050373935487738e-01
7.240000000000000213e+00 3.054882976280906548e-01
7.259999999999999787e+00 3.043769213250307470e-01
7.280000000000000249e+00 3.032708798362916958e-01
7.299999999999999822e+00 3.021701387435151709e-01
7.320000000000000284e+00 3.010746701040669659e-01
7.339999999999999858e+00 2.999844398801352896e-01
7.360000000000000320e+00 2.988994208205847380e-01
7.379999999999999893e+00 2.978195792595725866e-01
7.400000000000000355e+00 2.967448886240081629e-01
7.419999999999999929e+00 2.956753156010227257e-01
7.440000000000000391e+00 2.946108342825906057e-01
7.459999999999999964e+00 2.935514117012288926e-01
7.480000000000000426e+00 2.924970226014523833e-01
7.500000000000000000e+00 2.914476343428865079e-01
7.520000000000000462e+00 2.904032223104994759e-01
7.540000000000000036e+00 2.893637541843604444e-01
7.560000000000000497e+00 2.883292059782353589e-01
7.580000000000000071e+00 2.872995456749950494e-01
7.600000000000000533e+00 2.862747499059509759e-01
7.620000000000000107e+00 2.852547869509675649e-01
7.640000000000000568e+00 2.842396340480523587e-01
7.660000000000000142e+00 2.832292597570054693e-01
7.679999999999999716e+00 2.822236419120578987e-01
7.700000000000000178e+00 2.812227493479279028e-01
7.719999999999999751e+00 2.802265604849709657e-01
7.740000000000000213e+00 2.792350444162843282e-01
7.759999999999999787e+00 2.782481801386073594e-01
7.780000000000000249e+00 2.772659369991429257e-01
7.799999999999999822e+00 2.762882945616148000e-01
7.820000000000000284e+00 2.753152224112557223e-01
7.839999999999999858e+00 2.743467006697118959e-01
7.860000000000000320e+00 2.733826991566665199e-01
7.879999999999999893e+00 2.724231985429524938e-01
7.900000000000000355e+00 2.714681688670309567e-01
7.919999999999999929e+00 2.705175913404979093e-01
7.940000000000000391e+00 2.695714362176672707e-01
7.959999999999999964e+00 2.686296852427771942e-01
7.980000000000000426e+00 2.676923088706835152e-01
8.000000000000000000e+00 2.667592893704356927e-01
8.019999999999999574e+00 2.658305973951181622e-01
8.040000000000000924e+00 2.649062157310577148e-01
8.060000000000000497e+00 2.639861152145597800e-01
8.080000000000000071e+00 2.630702791419644027e-01
8.099999999999999645e+00 2.621586785310630052e-01
8.120000000000000995e+00 2.612512971812105400e-01
8.140000000000000568e+00 2.603481062769564813e-01
8.160000000000000142e+00 2.594490901139338557e-01
8.179999999999999716e+00 2.585542200422478731e-01
8.199999999999999289e+00 2.576634808473352578e-01
8.220000000000000639e+00 2.567768440303488386e-01
8.240000000000000213e+00 2.558942948602962453e-01
8.259999999999999787e+00 2.550158049886891432e-01
8.279999999999999361e+00 2.541413601621111962e-01
8.300000000000000711e+00 2.532709321681214099e-01
8.320000000000000284e+00 2.524045072251138722e-01
8.339999999999999858e+00 2.515420572564862622e-01
8.359999999999999432e+00 2.506835689469156248e-01
8.380000000000000782e+00 2.498290143414714226e-01
8.400000000000000355e+00 2.489783805858009069e-01
8.419999999999999929e+00 2.481316398468954576e-01
8.439999999999999503e+00 2.472887797262716125e-01
8.460000000000000853e+00 2.464497724988060356e-01
8.480000000000000426e+00 2.456146062169929922e-01
8.500000000000000000e+00 2.447832532642708891e-01
8.519999999999999574e+00 2.439557021394359593e-01
8.540000000000000924e+00 2.431319253205282971e-01
8.560000000000000497e+00 2.423119117481632723e-01
8.580000000000000071e+00 2.414956339960770693e-01
8.599999999999999645e+00 2.406830814424114895e-01
8.620000000000000995e+00 2.398742267427002306e-01
8.640000000000000568e+00 2.390690597085162739e-01
8.660000000000000142e+00 2.382675530786676765e-01
8.679999999999999716e+00 2.374696970942527519e-01
8.700000000000001066e+00 2.366754645634820964e-01
8.720000000000000639e+00 2.358848461532520591e-01
8.740000000000000213e+00 2.350978147430192455e-01
8.759999999999999787e+00 2.343143614219330706e-01
8.779999999999999361e+00 2.335344591268314618e-01
8.800000000000000711e+00 2.327580993657371589e-01
8.820000000000000284e+00 2.319852551350677083e-01
8.839999999999999858e+00 2.312159183585258959e-01
8.859999999999999432e+00 2.304500620782107267e-01
8.880000000000000782e+00 2.296876786304726248e-01
8.900000000000000355e+00 2.289287411056268318e-01
8.919999999999999929e+00 2.281732422498054802e-01
8.939999999999999503e+00 2.274211551875931492e-01
8.960000000000000853e+00 2.266724730722042003e-01
8.980000000000000426e+00 2.259271690653447129e-01
9.000000000000000000e+00 2.251852367247703102e-01
9.019999999999999574e+00 2.244466492352854559e-01
9.040000000000000924e+00 2.237114005568023034e-01
9.060000000000000497e+00 2.229794639003871981e-01
9.080000000000000071e+00 2.222508336258806338e-01
9.099999999999999645e+00 2.215254829564877737e-01
9.120000000000000995e+00 2.208034066498995029e-01
9.140000000000000568e+00 2.200845779449136230e-01
9.160000000000000142e+00 2.193689919951608280e-01
9.179999999999999716e+00 2.186566220407724359e-01
9.200000000000001066e+00 2.179474636295433421e-01
9.220000000000000639e+00 2.172414900066885757e-01
9.240000000000000213e+00 2.165386971125368432e-01
9.259999999999999787e+00 2.158390581829848776e-01
9.279999999999999361e+00 2.151425695494179890e-01
9.300000000000000711e+00 2.144492044424286536e-01
9.320000000000000284e+00 2.137589595831266565e-01
9.339999999999999858e+00 2.130718081822273180e-01
9.359999999999999432e+00 2.123877473493792911e-01
9.380000000000000782e+00 2.117067502796931011e-01
9.400000000000000355e+00 2.110288144703046098e-01
9.419999999999999929e+00 2.103539130859598538e-01
9.439999999999999503e+00 2.096820440103792649e-01
9.460000000000000853e+00 2.090131803824678280e-01
9.480000000000000426e+00 2.083473204717643246e-01
9.500000000000000000e+00 2.076844373763503948e-01
9.519999999999999574e+00 2.070245297509611948e-01
9.540000000000000924e+00 2.063675706576324764e-01
9.560000000000000497e+00 2.057135591358061621e-01
9.580000000000000071e+00 2.050624681962461004e-01
9.599999999999999645e+00 2.044142972627578936e-01
9.620000000000000995e+00 2.037690192998446170e-01
