# Electrodo circular de radio 6 mm y espesor 710.0 um.
# Volumen de simulacion (convencion z,y,x):
# N: 1024 x 1024 x 1024 | voxelSize:  0.02mm x 0.02mm x 0.02mm | FOV:  20.48mm x 20.48mm x 20.48mm
# 
# z [mm]		 delta[ppm]
0.000000000000000000e+00 2.736388305054919368e+00
2.000000000000000042e-02 2.731548056620211717e+00
4.000000000000000083e-02 2.726569935380628529e+00
5.999999999999999778e-02 2.721455497296728865e+00
8.000000000000000167e-02 2.716206392821694848e+00
1.000000000000000056e-01 2.710824319093091184e+00
1.199999999999999956e-01 2.705311000438318292e+00
1.400000000000000133e-01 2.699668195499483669e+00
1.600000000000000033e-01 2.693897689159369779e+00
1.799999999999999933e-01 2.688001297599228678e+00
2.000000000000000111e-01 2.681980860857678284e+00
2.200000000000000011e-01 2.675838247785509161e+00
2.399999999999999911e-01 2.669575348171381535e+00
2.600000000000000089e-01 2.663194078061299042e+00
2.800000000000000266e-01 2.656696371557310421e+00
2.999999999999999889e-01 2.650084186477889236e+00
3.200000000000000067e-01 2.643359495797413139e+00
3.400000000000000244e-01 2.636524293649642914e+00
3.599999999999999867e-01 2.629580586462412661e+00
3.800000000000000044e-01 2.622530399292259951e+00
4.000000000000000222e-01 2.615375766648946776e+00
4.199999999999999845e-01 2.608118739161110700e+00
4.400000000000000022e-01 2.600761374119993530e+00
4.600000000000000200e-01 2.593305742472116648e+00
4.799999999999999822e-01 2.585753919083077612e+00
5.000000000000000000e-01 2.578107990057199927e+00
5.200000000000000178e-01 2.570370042741357608e+00
5.400000000000000355e-01 2.562542173369556586e+00
5.600000000000000533e-01 2.554626476810075708e+00
5.799999999999999600e-01 2.546625054534449983e+00
5.999999999999999778e-01 2.538540004123203353e+00
6.199999999999999956e-01 2.530373427557357502e+00
6.400000000000000133e-01 2.522127420487091154e+00
6.600000000000000311e-01 2.513804080844377786e+00
6.800000000000000488e-01 2.505405497887108979e+00
7.000000000000000666e-01 2.496933761130414098e+00
7.199999999999999734e-01 2.488390949170987465e+00
7.399999999999999911e-01 2.479779138934719906e+00
7.600000000000000089e-01 2.471100394291840363e+00
7.800000000000000266e-01 2.462356775617601023e+00
8.000000000000000444e-01 2.453550328203040198e+00
8.200000000000000622e-01 2.444683092125318424e+00
8.399999999999999689e-01 2.435757090463281038e+00
8.599999999999999867e-01 2.426774339473270370e+00
8.800000000000000044e-01 2.417736836614204687e+00
9.000000000000000222e-01 2.408646571024406935e+00
9.200000000000000400e-01 2.399505511364292243e+00
9.400000000000000577e-01 2.390315616589117287e+00
9.599999999999999645e-01 2.381078823613767881e+00
9.799999999999999822e-01 2.371797058376042155e+00
1.000000000000000000e+00 2.362472223330742249e+00
1.020000000000000018e+00 2.353106208797486332e+00
1.040000000000000036e+00 2.343700880288417832e+00
1.060000000000000053e+00 2.334258090134276209e+00
1.080000000000000071e+00 2.324779664652205202e+00
1.100000000000000089e+00 2.315267416043288229e+00
1.120000000000000107e+00 2.305723129404597227e+00
1.140000000000000124e+00 2.296148574891124117e+00
1.159999999999999920e+00 2.286545494578013926e+00
1.179999999999999938e+00 2.276915614879392091e+00
1.199999999999999956e+00 2.267260633264795100e+00
1.219999999999999973e+00 2.257582230927145162e+00
1.239999999999999991e+00 2.247882059358925044e+00
1.260000000000000009e+00 2.238161753261194153e+00
1.280000000000000027e+00 2.228422916983451962e+00
1.300000000000000044e+00 2.218667137665388811e+00
1.320000000000000062e+00 2.208895971545707937e+00
1.340000000000000080e+00 2.199110957328012095e+00
1.360000000000000098e+00 2.189313602362532585e+00
1.380000000000000115e+00 2.179505396227382263e+00
1.400000000000000133e+00 2.169687796788306589e+00
1.419999999999999929e+00 2.159862243986318209e+00
1.439999999999999947e+00 2.150030145779484592e+00
1.459999999999999964e+00 2.140192892127816826e+00
1.479999999999999982e+00 2.130351840822164888e+00
1.500000000000000000e+00 2.120508331657068979e+00
1.520000000000000018e+00 2.110663672150923542e+00
1.540000000000000036e+00 2.100819151897393322e+00
1.560000000000000053e+00 2.090976028181951829e+00
1.580000000000000071e+00 2.081135540502372372e+00
1.600000000000000089e+00 2.071298896085977059e+00
1.620000000000000107e+00 2.061467284569636238e+00
1.640000000000000124e+00 2.051641863422949630e+00
1.660000000000000142e+00 2.041823772778118773e+00
1.679999999999999938e+00 2.032014120763624199e+00
1.699999999999999956e+00 2.022213998474321262e+00
1.719999999999999973e+00 2.012424465220991276e+00
1.739999999999999991e+00 2.002646563630952947e+00
1.760000000000000009e+00 1.992881304818340915e+00
1.780000000000000027e+00 1.983129683605506788e+00
1.800000000000000044e+00 1.973392663619630838e+00
1.820000000000000062e+00 1.963671192625197737e+00
1.840000000000000080e+00 1.953966187552082845e+00
1.860000000000000098e+00 1.944278549929376432e+00
1.880000000000000115e+00 1.934609150850800097e+00
1.900000000000000133e+00 1.924958846500196552e+00
1.919999999999999929e+00 1.915328463059696507e+00
1.939999999999999947e+00 1.905718812317227062e+00
1.959999999999999964e+00 1.896130676523548830e+00
1.979999999999999982e+00 1.886564824072110680e+00
2.000000000000000000e+00 1.877021994310737130e+00
2.020000000000000018e+00 1.867502913284253552e+00
2.040000000000000036e+00 1.858008278507182753e+00
2.060000000000000053e+00 1.848538774759582060e+00
2.080000000000000071e+00 1.839095058826835549e+00
2.100000000000000089e+00 1.829677775339186185e+00
2.120000000000000107e+00 1.820287541485296146e+00
2.140000000000000124e+00 1.810924962885994693e+00
2.160000000000000142e+00 1.801590618287998158e+00
2.180000000000000160e+00 1.792285075462456190e+00
2.200000000000000178e+00 1.783008875885767175e+00
2.220000000000000195e+00 1.773762550653555481e+00
2.240000000000000213e+00 1.764546605155261627e+00
2.260000000000000231e+00 1.755361534994251960e+00
2.280000000000000249e+00 1.746207810663356286e+00
2.300000000000000266e+00 1.737085893461837172e+00
2.319999999999999840e+00 1.727996220178867004e+00
2.339999999999999858e+00 1.718939218998138507e+00
2.359999999999999876e+00 1.709915294196693525e+00
2.379999999999999893e+00 1.700924842028034289e+00
2.399999999999999911e+00 1.691968235443510604e+00
2.419999999999999929e+00 1.683045839944827371e+00
2.439999999999999947e+00 1.674157998335658926e+00
2.459999999999999964e+00 1.665305046534459654e+00
2.479999999999999982e+00 1.656487298363773286e+00
2.500000000000000000e+00 1.647705061314355790e+00
2.520000000000000018e+00 1.638958621380002256e+00
2.540000000000000036e+00 1.630248258764021241e+00
2.560000000000000053e+00 1.621574232767262203e+00
2.580000000000000071e+00 1.612936797427998670e+00
2.600000000000000089e+00 1.604336186471183812e+00
2.620000000000000107e+00 1.595772628872881072e+00
2.640000000000000124e+00 1.587246333878588045e+00
2.660000000000000142e+00 1.578757506483366546e+00
2.680000000000000160e+00 1.570306332527438453e+00
2.700000000000000178e+00 1.561892994083206254e+00
2.720000000000000195e+00 1.553517654636122902e+00
2.740000000000000213e+00 1.545180474369837853e+00
2.760000000000000231e+00 1.536881595440688253e+00
2.780000000000000249e+00 1.528621157152215693e+00
2.800000000000000266e+00 1.520399281331423325e+00
2.819999999999999840e+00 1.512216087383985830e+00
2.839999999999999858e+00 1.504071677780696170e+00
2.859999999999999876e+00 1.495966152984700814e+00
2.879999999999999893e+00 1.487899597056405288e+00
2.899999999999999911e+00 1.479872092444087350e+00
2.919999999999999929e+00 1.471883705715820945e+00
2.939999999999999947e+00 1.463934502204806920e+00
2.959999999999999964e+00 1.456024531876704886e+00
2.979999999999999982e+00 1.448153843821109232e+00
3.000000000000000000e+00 1.440322472262872244e+00
3.020000000000000018e+00 1.432530450891160712e+00
3.040000000000000036e+00 1.424777799023228209e+00
3.060000000000000053e+00 1.417064535762496691e+00
3.080000000000000071e+00 1.409390666323454777e+00
3.100000000000000089e+00 1.401756196010227384e+00
3.120000000000000107e+00 1.394161116711114756e+00
3.140000000000000124e+00 1.386605420689142942e+00
3.160000000000000142e+00 1.379089087254971480e+00
3.180000000000000160e+00 1.371612096360905309e+00
3.200000000000000178e+00 1.364174415460741585e+00
3.220000000000000195e+00 1.356776012898796235e+00
3.240000000000000213e+00 1.349416844965397155e+00
3.260000000000000231e+00 1.342096869072468390e+00
3.280000000000000249e+00 1.334816031013289717e+00
3.300000000000000266e+00 1.327574277916184320e+00
3.320000000000000284e+00 1.320371545717303308e+00
3.339999999999999858e+00 1.313207771883975639e+00
3.359999999999999876e+00 1.306082883109155324e+00
3.379999999999999893e+00 1.298996807796008346e+00
3.399999999999999911e+00 1.291949463982798196e+00
3.419999999999999929e+00 1.284940771580294294e+00
3.439999999999999947e+00 1.277970640535718960e+00
3.459999999999999964e+00 1.271038982814617357e+00
3.479999999999999982e+00 1.264145700812618012e+00
3.500000000000000000e+00 1.257290699073354778e+00
3.520000000000000018e+00 1.250473872956708865e+00
3.540000000000000036e+00 1.243695120084424843e+00
3.560000000000000053e+00 1.236954329273562969e+00
3.580000000000000071e+00 1.230251391701433494e+00
3.600000000000000089e+00 1.223586190112933458e+00
3.620000000000000107e+00 1.216958609696447979e+00
3.640000000000000124e+00 1.210368527573776776e+00
3.660000000000000142e+00 1.203815823378685979e+00
3.680000000000000160e+00 1.197300369038057477e+00
3.700000000000000178e+00 1.190822039044728609e+00
3.720000000000000195e+00 1.184380700538615772e+00
3.740000000000000213e+00 1.177976223265515099e+00
3.760000000000000231e+00 1.171608469966785471e+00
3.780000000000000249e+00 1.165277306015829684e+00
3.800000000000000266e+00 1.158982590125015477e+00
3.820000000000000284e+00 1.152724183651520962e+00
3.839999999999999858e+00 1.146501941630113208e+00
3.859999999999999876e+00 1.140315721740048360e+00
3.879999999999999893e+00 1.134165375672368414e+00
3.899999999999999911e+00 1.128050757749569533e+00
3.919999999999999929e+00 1.121971716635993044e+00
3.939999999999999947e+00 1.115928103601985466e+00
3.959999999999999964e+00 1.109919764586010826e+00
3.979999999999999982e+00 1.103946548095025459e+00
4.000000000000000000e+00 1.098008297626883012e+00
4.020000000000000462e+00 1.092104859198638422e+00
4.040000000000000036e+00 1.086236074137840513e+00
4.060000000000000497e+00 1.080401786230534178e+00
4.080000000000000071e+00 1.074601834889946872e+00
4.099999999999999645e+00 1.068836061915949376e+00
4.120000000000000107e+00 1.063104305049695331e+00
4.139999999999999680e+00 1.057406404336290073e+00
4.160000000000000142e+00 1.051742196073905733e+00
4.179999999999999716e+00 1.046111518771413174e+00
4.200000000000000178e+00 1.040514207500493171e+00
4.219999999999999751e+00 1.034950099440013815e+00
4.240000000000000213e+00 1.029419028639622757e+00
4.259999999999999787e+00 1.023920831142627774e+00
4.280000000000000249e+00 1.018455340169568180e+00
4.299999999999999822e+00 1.013022390811405327e+00
4.320000000000000284e+00 1.007621815641512653e+00
4.339999999999999858e+00 1.002253448970937821e+00
4.360000000000000320e+00 9.969171228973296994e-01
4.379999999999999893e+00 9.916126711140416106e-01
4.400000000000000355e+00 9.863399254044012965e-01
4.419999999999999929e+00 9.810987189964863742e-01
4.440000000000000391e+00 9.758888835111524385e-01
4.459999999999999964e+00 9.707102518543008207e-01
4.480000000000000426e+00 9.655626556270857641e-01
4.500000000000000000e+00 9.604459275474162006e-01
4.520000000000000462e+00 9.553598993308101139e-01
4.540000000000000036e+00 9.503044036329577615e-01
4.560000000000000497e+00 9.452792724095563370e-01
4.580000000000000071e+00 9.402843383717500725e-01
4.600000000000000533e+00 9.353194338333723490e-01
4.620000000000000107e+00 9.303843916710575757e-01
4.639999999999999680e+00 9.254790446672576110e-01
4.660000000000000142e+00 9.206032259668295303e-01
4.679999999999999716e+00 9.157567689242175346e-01
4.700000000000000178e+00 9.109395070483213841e-01
4.719999999999999751e+00 9.061512743622082144e-01
4.740000000000000213e+00 9.013919048280444324e-01
4.759999999999999787e+00 8.966612332277283937e-01
4.780000000000000249e+00 8.919590940596865414e-01
4.799999999999999822e+00 8.872853229487790427e-01
4.820000000000000284e+00 8.826397550067448527e-01
4.839999999999999858e+00 8.780222267797491709e-01
4.860000000000000320e+00 8.734325740642926439e-01
4.879999999999999893e+00 8.688706344007207649e-01
4.900000000000000355e+00 8.643362443363814540e-01
4.919999999999999929e+00 8.598292424734886863e-01
4.940000000000000391e+00 8.553494661712941483e-01
4.959999999999999964e+00 8.508967551566458676e-01
4.980000000000000426e+00 8.464709476569464153e-01
5.000000000000000000e+00 8.420718845817859455e-01
5.020000000000000462e+00 8.376994050784540846e-01
5.040000000000000036e+00 8.333533512929878206e-01
5.060000000000000497e+00 8.290335633399826820e-01
5.080000000000000071e+00 8.247398846514536475e-01
5.100000000000000533e+00 8.204721563526866657e-01
5.120000000000000107e+00 8.162302232072685682e-01
5.139999999999999680e+00 8.120139273906914479e-01
5.160000000000000142e+00 8.078231150399749483e-01
5.179999999999999716e+00 8.036576294167367962e-01
5.200000000000000178e+00 7.995173180697729975e-01
5.219999999999999751e+00 7.954020253792910555e-01
5.240000000000000213e+00 7.913116003408835475e-01
5.259999999999999787e+00 7.872458884825945802e-01
5.280000000000000249e+00 7.832047402786921353e-01
5.299999999999999822e+00 7.791880024312362041e-01
5.320000000000000284e+00 7.751955269220899281e-01
5.339999999999999858e+00 7.712271616506412020e-01
5.360000000000000320e+00 7.672827601324904156e-01
5.379999999999999893e+00 7.633621714849173623e-01
5.400000000000000355e+00 7.594652507807666542e-01
5.419999999999999929e+00 7.555918483732453339e-01
5.440000000000000391e+00 7.517418209134749674e-01
5.459999999999999964e+00 7.479150200061897014e-01
5.480000000000000426e+00 7.441113038994905393e-01
5.500000000000000000e+00 7.403305254629897192e-01
5.520000000000000462e+00 7.365725445582836928e-01
5.540000000000000036e+00 7.328372153310456216e-01
5.560000000000000497e+00 7.291243992708295041e-01
5.580000000000000071e+00 7.254339518085766159e-01
5.600000000000000533e+00 7.217657360743107153e-01
5.620000000000000107e+00 7.181196087915365789e-01
5.639999999999999680e+00 7.144954347414618212e-01
5.660000000000000142e+00 7.108930719456906244e-01
5.679999999999999716e+00 7.073123868456243635e-01
5.700000000000000178e+00 7.037532387648114396e-01
5.719999999999999751e+00 7.002154958122596140e-01
5.740000000000000213e+00 6.966990186157830944e-01
5.759999999999999787e+00 6.932036769579134061e-01
5.780000000000000249e+00 6.897293327715432465e-01
5.799999999999999822e+00 6.862758575172543951e-01
5.820000000000000284e+00 6.828431144325031177e-01
5.839999999999999858e+00 6.794309766591323241e-01
5.860000000000000320e+00 6.760393087373207655e-01
5.879999999999999893e+00 6.726679854921728818e-01
5.900000000000000355e+00 6.693168727635852022e-01
5.919999999999999929e+00 6.659858470607787906e-01
5.940000000000000391e+00 6.626747755192038403e-01
5.959999999999999964e+00 6.593835363320020848e-01
5.980000000000000426e+00 6.561119979249958600e-01
6.000000000000000000e+00 6.528600401740566328e-01
6.020000000000000462e+00 6.496275327891929408e-01
6.040000000000000036e+00 6.464143573268958942e-01
6.060000000000000497e+00 6.432203847742934411e-01
6.080000000000000071e+00 6.400454983655439190e-01
6.100000000000000533e+00 6.368895703569296129e-01
6.120000000000000107e+00 6.337524856565353026e-01
6.140000000000000568e+00 6.306341177810969034e-01
6.160000000000000142e+00 6.275343533081371161e-01
6.179999999999999716e+00 6.244530670053705101e-01
6.200000000000000178e+00 6.213901471146120459e-01
6.219999999999999751e+00 6.183454696444212750e-01
6.240000000000000213e+00 6.153189244951298154e-01
6.259999999999999787e+00 6.123103889053617133e-01
6.280000000000000249e+00 6.093197544276177657e-01
6.299999999999999822e+00 6.063468995192362598e-01
6.320000000000000284e+00 6.033917173780142251e-01
6.339999999999999858e+00 6.004540876680980466e-01
6.360000000000000320e+00 5.975339052252203187e-01
6.379999999999999893e+00 5.946310509079567597e-01
6.400000000000000355e+00 5.917454211821856491e-01
6.419999999999999929e+00 5.888768980880323411e-01
6.440000000000000391e+00 5.860253797133277986e-01
6.459999999999999964e+00 5.831907492664932802e-01
6.480000000000000426e+00 5.803729064487508360e-01
6.500000000000000000e+00 5.775717356231366839e-01
6.520000000000000462e+00 5.747871380953811782e-01
6.540000000000000036e+00 5.720189993691308095e-01
6.560000000000000497e+00 5.692672223454429137e-01
6.580000000000000071e+00 5.665316936542190707e-01
6.600000000000000533e+00 5.638123177824053700e-01
6.620000000000000107e+00 5.611089824715338459e-01
6.640000000000000568e+00 5.584215937847641920e-01
6.660000000000000142e+00 5.557500405603426064e-01
6.679999999999999716e+00 5.530942304277556287e-01
6.700000000000000178e+00 5.504540533068353891e-01
6.719999999999999751e+00 5.478294183833376518e-01
6.740000000000000213e+00 5.452202166433000041e-01
6.759999999999999787e+00 5.426263588185320508e-01
6.780000000000000249e+00 5.400477369457351573e-01
6.799999999999999822e+00 5.374842632924260455e-01
6.820000000000000284e+00 5.349358309302187919e-01
6.839999999999999858e+00 5.324023536518800448e-01
6.860000000000000320e+00 5.298837255480688402e-01
6.879999999999999893e+00 5.273798619262549670e-01
6.900000000000000355e+00 5.248906578801012524e-01
6.919999999999999929e+00 5.224160302211674489e-01
6.940000000000000391e+00 5.199558750299974053e-01
6.959999999999999964e+00 5.175101106115640448e-01
6.980000000000000426e+00 5.150786340170356858e-01
7.000000000000000000e+00 5.126613650340998696e-01
7.020000000000000462e+00 5.102582016682302157e-01
7.040000000000000036e+00 5.078690651791114563e-01
7.060000000000000497e+00 5.054938545100968739e-01
7.080000000000000071e+00 5.031324923821411943e-01
7.100000000000000533e+00 5.007848786600326285e-01
7.120000000000000107e+00 4.984509375152820221e-01
7.140000000000000568e+00 4.961305697175767970e-01
7.160000000000000142e+00 4.938237008782986326e-01
7.179999999999999716e+00 4.915302326554968348e-01
7.200000000000000178e+00 4.892500920897680516e-01
7.219999999999999751e+00 4.869831817109314120e-01
7.240000000000000213e+00 4.847294299781927940e-01
7.259999999999999787e+00 4.824887402765597466e-01
7.280000000000000249e+00 4.802610424733029792e-01
7.299999999999999822e+00 4.780462407919909840e-01
7.320000000000000284e+00 4.758442664974834035e-01
7.339999999999999858e+00 4.736550246353283811e-01
7.360000000000000320e+00 4.714784478575754778e-01
7.379999999999999893e+00 4.693144420151350027e-01
7.400000000000000355e+00 4.671629411369322971e-01
7.419999999999999929e+00 4.650238518626762518e-01
7.440000000000000391e+00 4.628971095879614306e-01
7.459999999999999964e+00 4.607826217247069645e-01
7.480000000000000426e+00 4.586803250250666153e-01
7.500000000000000000e+00 4.565901276566540212e-01
7.520000000000000462e+00 4.545119677181826967e-01
7.540000000000000036e+00 4.524457541164455532e-01
7.560000000000000497e+00 4.503914262868330409e-01
7.580000000000000071e+00 4.483488938588595096e-01
7.600000000000000533e+00 4.463180975948382589e-01
7.620000000000000107e+00 4.442989478305702233e-01
7.640000000000000568e+00 4.422913866456691379e-01
7.660000000000000142e+00 4.402953250658488416e-01
7.679999999999999716e+00 4.383107064785379259e-01
7.700000000000000178e+00 4.363374425830179870e-01
7.719999999999999751e+00 4.343754780651770120e-01
7.740000000000000213e+00 4.324247252816052489e-01
7.759999999999999787e+00 4.304851302074562125e-01
7.780000000000000249e+00 4.285566058403780798e-01
7.799999999999999822e+00 4.266390994357395217e-01
7.820000000000000284e+00 4.247325246160968959e-01
7.839999999999999858e+00 4.228368299081379789e-01
7.860000000000000320e+00 4.209519295432013197e-01
7.879999999999999893e+00 4.190777733105545133e-01
7.900000000000000355e+00 4.172142760342883450e-01
7.919999999999999929e+00 4.153613887576791952e-01
7.940000000000000391e+00 4.135190268815626680e-01
7.959999999999999964e+00 4.116871426948149337e-01
7.980000000000000426e+00 4.098656521591106383e-01
8.000000000000000000e+00 4.080545088006869436e-01
8.019999999999999574e+00 4.062536291261824584e-01
8.040000000000000924e+00 4.044629678911236814e-01
8.060000000000000497e+00 4.026824421313405233e-01
8.080000000000000071e+00 4.009120078237559670e-01
8.099999999999999645e+00 3.991515825176453203e-01
8.120000000000000995e+00 3.974011234036068374e-01
8.140000000000000568e+00 3.956605485287233437e-01
8.160000000000000142e+00 3.939298162897298949e-01
8.179999999999999716e+00 3.922088452159017691e-01
8.199999999999999289e+00 3.904975949027491566e-01
8.220000000000000639e+00 3.887959843462379106e-01
8.240000000000000213e+00 3.871039743334778183e-01
8.259999999999999787e+00 3.854214843116403055e-01
8.279999999999999361e+00 3.837484762524438486e-01
8.300000000000000711e+00 3.820848700388923547e-01
8.320000000000000284e+00 3.804306288205110409e-01
8.339999999999999858e+00 3.787856729007785250e-01
8.359999999999999432e+00 3.771499666004075602e-01
8.380000000000000782e+00 3.755234306281186596e-01
8.400000000000000355e+00 3.739060304693782033e-01
8.419999999999999929e+00 3.722976872229232792e-01
8.439999999999999503e+00 3.706983675327332195e-01
8.460000000000000853e+00 3.691079928724473880e-01
8.480000000000000426e+00 3.675265310385105177e-01
8.500000000000000000e+00 3.659539038643653264e-01
8.519999999999999574e+00 3.643900802930680194e-01
8.540000000000000924e+00 3.628349825028682751e-01
8.560000000000000497e+00 3.612885805777725778e-01
8.580000000000000071e+00 3.597507970258594368e-01
8.599999999999999645e+00 3.582216030666102169e-01
8.620000000000000995e+00 3.567009215230627639e-01
8.640000000000000568e+00 3.551887247448978213e-01
8.660000000000000142e+00 3.536849358552449085e-01
8.679999999999999716e+00 3.521895283289084855e-01
8.700000000000001066e+00 3.507024255743457775e-01
8.720000000000000639e+00 3.492236021866009787e-01
8.740000000000000213e+00 3.477529818447006593e-01
8.759999999999999787e+00 3.462905402592387771e-01
8.779999999999999361e+00 3.448362013651598001e-01
8.800000000000000711e+00 3.433899419841138778e-01
8.820000000000000284e+00 3.419516862923035472e-01
8.839999999999999858e+00 3.405214122181499659e-01
8.859999999999999432e+00 3.390990441645510556e-01
8.880000000000000782e+00 3.376845611626039245e-01
8.900000000000000355e+00 3.362778878273410266e-01
8.919999999999999929e+00 3.348790042886292673e-01
8.939999999999999503e+00 3.334878353591745337e-01
8.960000000000000853e+00 3.321043622639193726e-01
8.980000000000000426e+00 3.307285099987589683e-01
9.000000000000000000e+00 3.293602608802149723e-01
9.019999999999999574e+00 3.279995400729832089e-01
9.040000000000000924e+00 3.266463309818680161e-01
9.060000000000000497e+00 3.253005589259660435e-01
9.080000000000000071e+00 3.239622083952522491e-01
9.099999999999999645e+00 3.226312048489247686e-01
9.120000000000000995e+00 3.213075338592252805e-01
9.140000000000000568e+00 3.199911210111157644e-01
9.160000000000000142e+00 3.186819529564137721e-01
9.179999999999999716e+00 3.173799553915856442e-01
9.200000000000001066e+00 3.160851160455290243e-01
9.220000000000000639e+00 3.147973607119546879e-01
9.240000000000000213e+00 3.135166781945168957e-01
9.259999999999999787e+00 3.122429943699889798e-01
9.279999999999999361e+00 3.109762991146838296e-01
9.300000000000000711e+00 3.097165183742114358e-01
9.320000000000000284e+00 3.084636430956471664e-01
9.339999999999999858e+00 3.072175992792912647e-01
9.359999999999999432e+00 3.059783789412829358e-01
9.380000000000000782e+00 3.047459081224348498e-01
9.400000000000000355e+00 3.035201799064298211e-01
9.419999999999999929e+00 3.023011203605071584e-01
9.439999999999999503e+00 3.010887236346046492e-01
9.460000000000000853e+00 2.998829158082138568e-01
9.480000000000000426e+00 2.986836920964333619e-01
9.500000000000000000e+00 2.974909785769424553e-01
9.519999999999999574e+00 2.963047715290928474e-01
9.540000000000000924e+00 2.951249970146305746e-01
9.560000000000000497e+00 2.939516523764474920e-01
9.580000000000000071e+00 2.927846636463161678e-01
9.599999999999999645e+00 2.916240292301731096e-01
9.620000000000000995e+00 2.904696751156893297e-01
