# Electrodo circular de radio 6 mm y espesor 710.0 um.
# Volumen de simulacion (convencion z,y,x):
# N: 1024 x 1024 x 1024 | voxelSize:  0.02mm x 0.02mm x 0.02mm | FOV:  20.48mm x 20.48mm x 20.48mm
# 
# z [mm]		 delta[ppm]
0.000000000000000000e+00 2.856329014105753128e+00
2.000000000000000042e-02 2.850427740374376295e+00
4.000000000000000083e-02 2.844362575873299992e+00
5.999999999999999778e-02 2.838135890169144915e+00
8.000000000000000167e-02 2.831750065738366295e+00
1.000000000000000056e-01 2.825207538715611921e+00
1.199999999999999956e-01 2.818510776860343015e+00
1.400000000000000133e-01 2.811662293362393150e+00
1.600000000000000033e-01 2.804664633094441140e+00
1.799999999999999933e-01 2.797520380577627197e+00
2.000000000000000111e-01 2.790232148583996707e+00
2.200000000000000011e-01 2.782802584815526892e+00
2.399999999999999911e-01 2.775234360959389690e+00
2.600000000000000089e-01 2.767530179160901493e+00
2.800000000000000266e-01 2.759692761140901229e+00
2.999999999999999889e-01 2.751724854723660130e+00
3.200000000000000067e-01 2.743629222887450148e+00
3.400000000000000244e-01 2.735408650474133285e+00
3.599999999999999867e-01 2.727065933078660187e+00
3.800000000000000044e-01 2.718603884012627869e+00
4.000000000000000222e-01 2.710025323019204624e+00
4.199999999999999845e-01 2.701333083533420609e+00
4.400000000000000022e-01 2.692530001187701583e+00
4.600000000000000200e-01 2.683618921399583357e+00
4.799999999999999822e-01 2.674602687676766788e+00
5.000000000000000000e-01 2.665484149551185400e+00
5.200000000000000178e-01 2.656266150669458703e+00
5.400000000000000355e-01 2.646951537088394701e+00
5.600000000000000533e-01 2.637543145164360947e+00
5.799999999999999600e-01 2.628043810219248044e+00
5.999999999999999778e-01 2.618456354223201110e+00
6.199999999999999956e-01 2.608783594838359754e+00
6.400000000000000133e-01 2.599028332908405403e+00
6.600000000000000311e-01 2.589193361883644240e+00
6.800000000000000488e-01 2.579281455115641108e+00
7.000000000000000666e-01 2.569295375666112768e+00
7.199999999999999734e-01 2.559237863418719172e+00
7.399999999999999911e-01 2.549111645271648019e+00
7.600000000000000089e-01 2.538919422066462595e+00
7.800000000000000266e-01 2.528663879163404626e+00
8.000000000000000444e-01 2.518347673197643299e+00
8.200000000000000622e-01 2.507973443034355210e+00
8.399999999999999689e-01 2.497543796352893697e+00
8.599999999999999867e-01 2.487061320977969281e+00
8.800000000000000044e-01 2.476528571300418591e+00
9.000000000000000222e-01 2.465948079979262353e+00
9.200000000000000400e-01 2.455322344199715623e+00
9.400000000000000577e-01 2.444653837740287106e+00
9.599999999999999645e-01 2.433944997075201844e+00
9.799999999999999822e-01 2.423198233799465751e+00
1.000000000000000000e+00 2.412415920576296724e+00
1.020000000000000018e+00 2.401600403912513393e+00
1.040000000000000036e+00 2.390753989956937442e+00
1.060000000000000053e+00 2.379878957617532986e+00
1.080000000000000071e+00 2.368977544211234854e+00
1.100000000000000089e+00 2.358051958913821355e+00
1.120000000000000107e+00 2.347104368266177854e+00
1.140000000000000124e+00 2.336136909947100104e+00
1.159999999999999920e+00 2.325151678136436750e+00
1.179999999999999938e+00 2.314150737600702445e+00
1.199999999999999956e+00 2.303136108917427372e+00
1.219999999999999973e+00 2.292109782862873590e+00
1.239999999999999991e+00 2.281073705498079640e+00
1.260000000000000009e+00 2.270029792847773287e+00
1.280000000000000027e+00 2.258979915851993869e+00
1.300000000000000044e+00 2.247925915324846979e+00
1.320000000000000062e+00 2.236869586772401775e+00
1.340000000000000080e+00 2.225812695619799442e+00
1.360000000000000098e+00 2.214756961899109200e+00
1.380000000000000115e+00 2.203704075733023515e+00
1.400000000000000133e+00 2.192655681893667552e+00
1.419999999999999929e+00 2.181613395531070587e+00
1.439999999999999947e+00 2.170578786606590871e+00
1.459999999999999964e+00 2.159553395854171498e+00
1.479999999999999982e+00 2.148538719089801319e+00
1.500000000000000000e+00 2.137536223393578627e+00
1.520000000000000018e+00 2.126547331299039723e+00
1.540000000000000036e+00 2.115573437183956962e+00
1.560000000000000053e+00 2.104615891341463207e+00
1.580000000000000071e+00 2.093676016567609821e+00
1.600000000000000089e+00 2.082755092118379281e+00
1.620000000000000107e+00 2.071854370482028251e+00
1.640000000000000124e+00 2.060975061224462390e+00
1.660000000000000142e+00 2.050118347934484664e+00
1.679999999999999938e+00 2.039285371962020754e+00
1.699999999999999956e+00 2.028477249524454518e+00
1.719999999999999973e+00 2.017695055340779753e+00
1.739999999999999991e+00 2.006939839887347699e+00
1.760000000000000009e+00 1.996212612932870334e+00
1.780000000000000027e+00 1.985514360931966982e+00
1.800000000000000044e+00 1.974846030464741276e+00
1.820000000000000062e+00 1.964208545756713553e+00
1.840000000000000080e+00 1.953602792028349189e+00
1.860000000000000098e+00 1.943029633130048506e+00
1.880000000000000115e+00 1.932489894805976327e+00
1.900000000000000133e+00 1.921984382432977201e+00
1.919999999999999929e+00 1.911513864204555269e+00
1.939999999999999947e+00 1.901079088962712937e+00
1.959999999999999964e+00 1.890680769307035769e+00
1.979999999999999982e+00 1.880319599508587070e+00
2.000000000000000000e+00 1.869996238550468481e+00
2.020000000000000018e+00 1.859711328113065720e+00
2.040000000000000036e+00 1.849465475551596683e+00
2.060000000000000053e+00 1.839259271942174756e+00
2.080000000000000071e+00 1.829093275003147001e+00
2.100000000000000089e+00 1.818968027191570247e+00
2.120000000000000107e+00 1.808884038574412267e+00
2.140000000000000124e+00 1.798841804965187308e+00
2.160000000000000142e+00 1.788841790752253580e+00
2.180000000000000160e+00 1.778884447065476770e+00
2.200000000000000178e+00 1.768970194568192822e+00
2.220000000000000195e+00 1.759099441643929840e+00
2.240000000000000213e+00 1.749272567159656733e+00
2.260000000000000231e+00 1.739489938662698520e+00
2.280000000000000249e+00 1.729751895122271232e+00
2.300000000000000266e+00 1.720058765126867728e+00
2.319999999999999840e+00 1.710410849612061801e+00
2.339999999999999858e+00 1.700808440048729775e+00
2.359999999999999876e+00 1.691251801164523449e+00
2.379999999999999893e+00 1.681741189113426183e+00
2.399999999999999911e+00 1.672276834199167173e+00
2.419999999999999929e+00 1.662858959016700222e+00
2.439999999999999947e+00 1.653487761185303828e+00
2.459999999999999964e+00 1.644163431452666302e+00
2.479999999999999982e+00 1.634886136446210392e+00
2.500000000000000000e+00 1.625656036730558807e+00
2.520000000000000018e+00 1.616473269585113393e+00
2.540000000000000036e+00 1.607337967005756152e+00
2.560000000000000053e+00 1.598250238517448851e+00
2.580000000000000071e+00 1.589210189111085025e+00
2.600000000000000089e+00 1.580217902099386729e+00
2.620000000000000107e+00 1.571273456979918270e+00
2.640000000000000124e+00 1.562376912343213187e+00
2.660000000000000142e+00 1.553528323653003085e+00
2.680000000000000160e+00 1.544727726215057384e+00
2.700000000000000178e+00 1.535975152865754811e+00
2.720000000000000195e+00 1.527270617010701326e+00
2.740000000000000213e+00 1.518614130212812441e+00
2.760000000000000231e+00 1.510005685309364853e+00
2.780000000000000249e+00 1.501445273890806176e+00
2.800000000000000266e+00 1.492932869505415372e+00
2.819999999999999840e+00 1.484468445020113991e+00
2.839999999999999858e+00 1.476051955921491077e+00
2.859999999999999876e+00 1.467683357549925738e+00
2.879999999999999893e+00 1.459362588506241565e+00
2.899999999999999911e+00 1.451089587750473253e+00
2.919999999999999929e+00 1.442864278123019428e+00
2.939999999999999947e+00 1.434686583299408902e+00
2.959999999999999964e+00 1.426556411435271787e+00
2.979999999999999982e+00 1.418473671968523142e+00
3.000000000000000000e+00 1.410438259397054361e+00
3.020000000000000018e+00 1.402450069919772391e+00
3.040000000000000036e+00 1.394508985356356146e+00
3.060000000000000053e+00 1.386614889618597024e+00
3.080000000000000071e+00 1.378767652781188513e+00
3.100000000000000089e+00 1.370967147374843043e+00
3.120000000000000107e+00 1.363213232617463300e+00
3.140000000000000124e+00 1.355505770520534892e+00
3.160000000000000142e+00 1.347844610289661516e+00
3.180000000000000160e+00 1.340229604235743999e+00
3.200000000000000178e+00 1.332660592354222295e+00
3.220000000000000195e+00 1.325137418032592329e+00
3.240000000000000213e+00 1.317659912817306989e+00
3.260000000000000231e+00 1.310227911909189968e+00
3.280000000000000249e+00 1.302841239127335182e+00
3.300000000000000266e+00 1.295499722183965474e+00
3.320000000000000284e+00 1.288203177854294612e+00
3.339999999999999858e+00 1.280951427022423816e+00
3.359999999999999876e+00 1.273744280066439138e+00
3.379999999999999893e+00 1.266581551666952743e+00
3.399999999999999911e+00 1.259463046416376741e+00
3.419999999999999929e+00 1.252388573381698400e+00
3.439999999999999947e+00 1.245357931947177255e+00
3.459999999999999964e+00 1.238370926123008697e+00
3.479999999999999982e+00 1.231427350630309281e+00
3.500000000000000000e+00 1.224527004947305819e+00
3.520000000000000018e+00 1.217669679645813519e+00
3.540000000000000036e+00 1.210855170166608596e+00
3.560000000000000053e+00 1.204083263416235727e+00
3.580000000000000071e+00 1.197353751263210642e+00
3.600000000000000089e+00 1.190666417404321331e+00
3.620000000000000107e+00 1.184021050573339506e+00
3.640000000000000124e+00 1.177417431685579219e+00
3.660000000000000142e+00 1.170855346750836024e+00
3.680000000000000160e+00 1.164334574305271097e+00
3.700000000000000178e+00 1.157854898020259649e+00
3.720000000000000195e+00 1.151416094430362635e+00
3.740000000000000213e+00 1.145017945229806600e+00
3.760000000000000231e+00 1.138660225305518692e+00
3.780000000000000249e+00 1.132342714712997411e+00
3.800000000000000266e+00 1.126065187023071790e+00
3.820000000000000284e+00 1.119827420968908971e+00
3.839999999999999858e+00 1.113629189115451723e+00
3.859999999999999876e+00 1.107470269169302357e+00
3.879999999999999893e+00 1.101350432979455896e+00
3.899999999999999911e+00 1.095269457501840460e+00
3.919999999999999929e+00 1.089227114140207453e+00
3.939999999999999947e+00 1.083223179357120758e+00
3.959999999999999964e+00 1.077257424363548433e+00
3.979999999999999982e+00 1.071329625368101945e+00
4.000000000000000000e+00 1.065439553624143665e+00
4.020000000000000462e+00 1.059586985309073581e+00
4.040000000000000036e+00 1.053771691937427590e+00
4.060000000000000497e+00 1.047993449862075988e+00
4.080000000000000071e+00 1.042252031062022022e+00
4.099999999999999645e+00 1.036547212257364015e+00
4.120000000000000107e+00 1.030878766080203679e+00
4.139999999999999680e+00 1.025246469795232818e+00
4.160000000000000142e+00 1.019650096862434241e+00
4.179999999999999716e+00 1.014089425255155996e+00
4.200000000000000178e+00 1.008564229422947101e+00
4.219999999999999751e+00 1.003074288199029107e+00
4.240000000000000213e+00 9.976193771718662173e-01
4.259999999999999787e+00 9.921992761739248934e-01
4.280000000000000249e+00 9.868137620702661650e-01
4.299999999999999822e+00 9.814626158205379536e-01
4.320000000000000284e+00 9.761456156931164196e-01
4.339999999999999858e+00 9.708625438922386941e-01
4.360000000000000320e+00 9.656131802059686464e-01
4.379999999999999893e+00 9.603973081904025877e-01
4.400000000000000355e+00 9.552147092599126976e-01
4.419999999999999929e+00 9.500651684204202141e-01
4.440000000000000391e+00 9.449484688100656671e-01
4.459999999999999964e+00 9.398643969735466230e-01
4.480000000000000426e+00 9.348127378616482019e-01
4.500000000000000000e+00 9.297932796385778298e-01
4.520000000000000462e+00 9.248058091485203969e-01
4.540000000000000036e+00 9.198501162479970628e-01
4.560000000000000497e+00 9.149259897477646231e-01
4.580000000000000071e+00 9.100332212622130879e-01
4.600000000000000533e+00 9.051716016347148841e-01
4.620000000000000107e+00 9.003409242960741521e-01
4.639999999999999680e+00 8.955409821816424643e-01
4.660000000000000142e+00 8.907715705908504367e-01
4.679999999999999716e+00 8.860324846041256475e-01
4.700000000000000178e+00 8.813235214355576996e-01
4.719999999999999751e+00 8.766444783579028233e-01
4.740000000000000213e+00 8.719951545403988868e-01
4.759999999999999787e+00 8.673753494898842620e-01
4.780000000000000249e+00 8.627848643658259098e-01
4.799999999999999822e+00 8.582235009457795938e-01
4.820000000000000284e+00 8.536910624096915035e-01
4.839999999999999858e+00 8.491873528376775448e-01
4.860000000000000320e+00 8.447121774556787255e-01
4.879999999999999893e+00 8.402653426737485276e-01
4.900000000000000355e+00 8.358466557851377265e-01
4.919999999999999929e+00 8.314559255530520332e-01
4.940000000000000391e+00 8.270929613552370219e-01
4.959999999999999964e+00 8.227575743273818354e-01
4.980000000000000426e+00 8.184495759452820041e-01
5.000000000000000000e+00 8.141687797328289733e-01
5.020000000000000462e+00 8.099149992738314818e-01
5.040000000000000036e+00 8.056880504927456110e-01
5.060000000000000497e+00 8.014877490882308386e-01
5.080000000000000071e+00 7.973139133945461587e-01
5.100000000000000533e+00 7.931663612289276966e-01
5.120000000000000107e+00 7.890449133417859473e-01
5.139999999999999680e+00 7.849493896699716311e-01
5.160000000000000142e+00 7.808796133837122566e-01
5.179999999999999716e+00 7.768354065378306750e-01
5.200000000000000178e+00 7.728165947235516864e-01
5.219999999999999751e+00 7.688230021097420819e-01
5.240000000000000213e+00 7.648544567075142853e-01
5.259999999999999787e+00 7.609107847935314695e-01
5.280000000000000249e+00 7.569918167955578259e-01
5.299999999999999822e+00 7.530973810898881071e-01
5.320000000000000284e+00 7.492273105157502000e-01
5.339999999999999858e+00 7.453814355389103419e-01
5.360000000000000320e+00 7.415595914030886915e-01
5.379999999999999893e+00 7.377616106517363992e-01
5.400000000000000355e+00 7.339873309244349109e-01
5.419999999999999929e+00 7.302365868288523965e-01
5.440000000000000391e+00 7.265092183902900347e-01
5.459999999999999964e+00 7.228050622658139801e-01
5.480000000000000426e+00 7.191239608549191420e-01
5.500000000000000000e+00 7.154657528478158834e-01
5.520000000000000462e+00 7.118302830054079600e-01
5.540000000000000036e+00 7.082173920336807260e-01
5.560000000000000497e+00 7.046269270410168151e-01
5.580000000000000071e+00 7.010587307306066496e-01
5.600000000000000533e+00 6.975126525433243962e-01
5.620000000000000107e+00 6.939885371600998942e-01
5.639999999999999680e+00 6.904862363383826862e-01
5.660000000000000142e+00 6.870055967163533062e-01
5.679999999999999716e+00 6.835464723512726382e-01
5.700000000000000178e+00 6.801087118173660961e-01
5.719999999999999751e+00 6.766921714541740407e-01
5.740000000000000213e+00 6.732967017499398299e-01
5.759999999999999787e+00 6.699221613082682047e-01
5.780000000000000249e+00 6.665684025088176590e-01
5.799999999999999822e+00 6.632352862004462501e-01
5.820000000000000284e+00 6.599226666309547795e-01
5.839999999999999858e+00 6.566304068750993261e-01
5.860000000000000320e+00 6.533583630251202923e-01
5.879999999999999893e+00 6.501064003618596265e-01
5.900000000000000355e+00 6.468743767977461756e-01
5.919999999999999929e+00 6.436621597994829358e-01
5.940000000000000391e+00 6.404696090751366144e-01
5.959999999999999964e+00 6.372965942567065945e-01
5.980000000000000426e+00 6.341429768229014385e-01
6.000000000000000000e+00 6.310086285501537162e-01
6.020000000000000462e+00 6.278934126626339873e-01
6.040000000000000036e+00 6.247972030600960069e-01
6.060000000000000497e+00 6.217198646866487488e-01
6.080000000000000071e+00 6.186612735440680799e-01
6.100000000000000533e+00 6.156212962707582337e-01
6.120000000000000107e+00 6.125998109490672361e-01
6.140000000000000568e+00 6.095966858858130610e-01
6.160000000000000142e+00 6.066118012223337130e-01
6.179999999999999716e+00 6.036450269079480790e-01
6.200000000000000178e+00 6.006962451213444520e-01
6.219999999999999751e+00 5.977653274282335172e-01
6.240000000000000213e+00 5.948521580229623185e-01
6.259999999999999787e+00 5.919566100615827331e-01
6.280000000000000249e+00 5.890785697324023573e-01
6.299999999999999822e+00 5.862179117556187702e-01
6.320000000000000284e+00 5.833745242918230156e-01
6.339999999999999858e+00 5.805482835992765711e-01
6.360000000000000320e+00 5.777390797892162366e-01
6.379999999999999893e+00 5.749467906318077581e-01
6.400000000000000355e+00 5.721713081673764911e-01
6.419999999999999929e+00 5.694125116519697105e-01
6.440000000000000391e+00 5.666702950335392730e-01
6.459999999999999964e+00 5.639445390279721471e-01
6.480000000000000426e+00 5.612351394694959916e-01
6.500000000000000000e+00 5.585419785079769328e-01
6.520000000000000462e+00 5.558649538427100634e-01
6.540000000000000036e+00 5.532039490316825736e-01
6.560000000000000497e+00 5.505588636181980577e-01
6.580000000000000071e+00 5.479295825427348277e-01
6.600000000000000533e+00 5.453160071717246815e-01
6.620000000000000107e+00 5.427180238025298697e-01
6.640000000000000568e+00 5.401355356040140610e-01
6.660000000000000142e+00 5.375684302050760532e-01
6.679999999999999716e+00 5.350166125565078978e-01
6.700000000000000178e+00 5.324799715934509514e-01
6.719999999999999751e+00 5.299584140283462030e-01
6.740000000000000213e+00 5.274518300775541402e-01
6.759999999999999787e+00 5.249601281951046250e-01
6.780000000000000249e+00 5.224831998536322297e-01
6.799999999999999822e+00 5.200209552289299930e-01
6.820000000000000284e+00 5.175732870252511830e-01
6.839999999999999858e+00 5.151401071205733428e-01
6.860000000000000320e+00 5.127213094262038640e-01
6.879999999999999893e+00 5.103168075029753670e-01
6.900000000000000355e+00 5.079264964449929920e-01
6.919999999999999929e+00 5.055502914768804645e-01
6.940000000000000391e+00 5.031880888513824424e-01
6.959999999999999964e+00 5.008398054381059117e-01
6.980000000000000426e+00 4.985053386246021678e-01
7.000000000000000000e+00 4.961846069069380527e-01
7.020000000000000462e+00 4.938775087837344868e-01
7.040000000000000036e+00 4.915839643592733732e-01
7.060000000000000497e+00 4.893038732198415341e-01
7.080000000000000071e+00 4.870371570599659194e-01
7.100000000000000533e+00 4.847837165303106599e-01
7.120000000000000107e+00 4.825434748979720578e-01
7.140000000000000568e+00 4.803163338550294759e-01
7.160000000000000142e+00 4.781022182237660845e-01
7.179999999999999716e+00 4.759010307148293650e-01
7.200000000000000178e+00 4.737126976885939755e-01
7.219999999999999751e+00 4.715371228517746260e-01
7.240000000000000213e+00 4.693742340860407869e-01
7.259999999999999787e+00 4.672239360717786449e-01
7.280000000000000249e+00 4.650861581954557900e-01
7.299999999999999822e+00 4.629608060890744170e-01
7.320000000000000284e+00 4.608478106277046349e-01
7.339999999999999858e+00 4.587470783730284718e-01
7.360000000000000320e+00 4.566585416728212721e-01
7.379999999999999893e+00 4.545821079968433986e-01
7.400000000000000355e+00 4.525177111499815163e-01
7.419999999999999929e+00 4.504652594885830696e-01
7.440000000000000391e+00 4.484246882593625472e-01
7.459999999999999964e+00 4.463959066840966217e-01
7.480000000000000426e+00 4.443788514363430364e-01
7.500000000000000000e+00 4.423734325822609725e-01
7.520000000000000462e+00 4.403795882075688950e-01
7.540000000000000036e+00 4.383972292021058315e-01
7.560000000000000497e+00 4.364262950493721926e-01
7.580000000000000071e+00 4.344666974422659034e-01
7.600000000000000533e+00 4.325183772479960775e-01
7.620000000000000107e+00 4.305812469422527489e-01
7.640000000000000568e+00 4.286552487621871910e-01
7.660000000000000142e+00 4.267402959460833700e-01
7.679999999999999716e+00 4.248363320875704896e-01
7.700000000000000178e+00 4.229432711676787693e-01
7.719999999999999751e+00 4.210610581233414362e-01
7.740000000000000213e+00 4.191896076585664432e-01
7.759999999999999787e+00 4.173288660407324380e-01
7.780000000000000249e+00 4.154787486773767191e-01
7.799999999999999822e+00 4.136392031537599601e-01
7.820000000000000284e+00 4.118101455615776896e-01
7.839999999999999858e+00 4.099915247917050309e-01
7.860000000000000320e+00 4.081832576009551961e-01
7.879999999999999893e+00 4.063852941738465563e-01
7.900000000000000355e+00 4.045975519133271914e-01
7.919999999999999929e+00 4.028199822858880563e-01
7.940000000000000391e+00 4.010525033219493052e-01
7.959999999999999964e+00 3.992950677585962449e-01
7.980000000000000426e+00 3.975475942351112679e-01
8.000000000000000000e+00 3.958100367480877346e-01
8.019999999999999574e+00 3.940823145273797956e-01
8.040000000000000924e+00 3.923643828182916682e-01
8.060000000000000497e+00 3.906561614229984714e-01
8.080000000000000071e+00 3.889576068250129026e-01
8.099999999999999645e+00 3.872686393808902339e-01
8.120000000000000995e+00 3.855892168021311517e-01
8.140000000000000568e+00 3.839192599817660145e-01
8.160000000000000142e+00 3.822587278493513874e-01
8.179999999999999716e+00 3.806075418167887414e-01
8.199999999999999289e+00 3.789656620220405725e-01
8.220000000000000639e+00 3.773330103783009704e-01
8.240000000000000213e+00 3.757095482225750183e-01
8.259999999999999787e+00 3.740951979520614756e-01
8.279999999999999361e+00 3.724899220937246680e-01
8.300000000000000711e+00 3.708936435114959518e-01
8.320000000000000284e+00 3.693063259134989895e-01
8.339999999999999858e+00 3.677278926134084358e-01
8.359999999999999432e+00 3.661583084919782793e-01
8.380000000000000782e+00 3.645974972956563254e-01
8.400000000000000355e+00 3.630454250695709373e-01
8.419999999999999929e+00 3.615020159762439289e-01
8.439999999999999503e+00 3.599672372171998092e-01
8.460000000000000853e+00 3.584410133543292631e-01
8.480000000000000426e+00 3.569233127378486081e-01
8.500000000000000000e+00 3.554140603125876541e-01
8.519999999999999574e+00 3.539132255700216945e-01
8.540000000000000924e+00 3.524207338214679353e-01
8.560000000000000497e+00 3.509365556924966545e-01
8.580000000000000071e+00 3.494606168447347838e-01
8.599999999999999645e+00 3.479928890309427758e-01
8.620000000000000995e+00 3.465332982468523615e-01
8.640000000000000568e+00 3.450818173657799748e-01
8.660000000000000142e+00 3.436383727016162903e-01
8.679999999999999716e+00 3.422029382418679266e-01
8.700000000000001066e+00 3.407754406025934046e-01
8.720000000000000639e+00 3.393558548793839114e-01
8.740000000000000213e+00 3.379441079747355081e-01
8.759999999999999787e+00 3.365401760864750735e-01
8.779999999999999361e+00 3.351439863877578862e-01
8.800000000000000711e+00 3.337555161730574316e-01
8.820000000000000284e+00 3.323746928706535764e-01
8.839999999999999858e+00 3.310014948663462797e-01
8.859999999999999432e+00 3.296358498279378657e-01
8.880000000000000782e+00 3.282777372274842120e-01
8.900000000000000355e+00 3.269270849569618775e-01
8.919999999999999929e+00 3.255838735698582398e-01
8.939999999999999503e+00 3.242480311669013182e-01
8.960000000000000853e+00 3.229195393784536905e-01
8.980000000000000426e+00 3.215983264988004353e-01
9.000000000000000000e+00 3.202843752308754954e-01
9.019999999999999574e+00 3.189776140472385113e-01
9.040000000000000924e+00 3.176780267193442531e-01
9.060000000000000497e+00 3.163855418829852328e-01
9.080000000000000071e+00 3.151001443743227659e-01
9.099999999999999645e+00 3.138217629772482864e-01
9.120000000000000995e+00 3.125503835890736104e-01
9.140000000000000568e+00 3.112859351268694730e-01
9.160000000000000142e+00 3.100284045458049365e-01
9.179999999999999716e+00 3.087777208810862928e-01
9.200000000000001066e+00 3.075338721426914002e-01
9.220000000000000639e+00 3.062967874691691073e-01
9.240000000000000213e+00 3.050664559224784411e-01
9.259999999999999787e+00 3.038428067295865787e-01
9.279999999999999361e+00 3.026258300018748737e-01
9.300000000000000711e+00 3.014154550400159338e-01
9.320000000000000284e+00 3.002116730025043978e-01
9.339999999999999858e+00 2.990144132488615214e-01
9.359999999999999432e+00 2.978236679826293254e-01
9.380000000000000782e+00 2.966393666075477498e-01
9.400000000000000355e+00 2.954615023703631715e-01
9.419999999999999929e+00 2.942900047042633083e-01
9.439999999999999503e+00 2.931248678976315913e-01
9.460000000000000853e+00 2.919660213985040276e-01
9.480000000000000426e+00 2.908134605355711111e-01
9.500000000000000000e+00 2.896671147569864768e-01
9.519999999999999574e+00 2.885269804306495045e-01
9.540000000000000924e+00 2.873929869903035228e-01
9.560000000000000497e+00 2.862651318421945978e-01
9.580000000000000071e+00 2.851433443909602850e-01
9.599999999999999645e+00 2.840276230805917623e-01
9.620000000000000995e+00 2.829178972720976515e-01
