# Electrodo circular de radio 6 mm y espesor 710.0 um.
# Volumen de simulacion (convencion z,y,x):
# N: 1024 x 1024 x 1024 | voxelSize:  0.02mm x 0.02mm x 0.02mm | FOV:  20.48mm x 20.48mm x 20.48mm
# 
# z [mm]		 delta[ppm]
0.000000000000000000e+00 2.471795498130174185e+00
2.000000000000000042e-02 2.468821962800051395e+00
4.000000000000000083e-02 2.465759354548461069e+00
5.999999999999999778e-02 2.462608245572704302e+00
8.000000000000000167e-02 2.459369271320249073e+00
1.000000000000000056e-01 2.456043091168925940e+00
1.199999999999999956e-01 2.452630374280702519e+00
1.400000000000000133e-01 2.449131807032256969e+00
1.600000000000000033e-01 2.445548087889433120e+00
1.799999999999999933e-01 2.441879931568826656e+00
2.000000000000000111e-01 2.438128064570694864e+00
2.200000000000000011e-01 2.434293229152854288e+00
2.399999999999999911e-01 2.430376178512820395e+00
2.600000000000000089e-01 2.426377681082139581e+00
2.800000000000000266e-01 2.422298515370222560e+00
2.999999999999999889e-01 2.418139474544154677e+00
3.200000000000000067e-01 2.413901361005381663e+00
3.400000000000000244e-01 2.409584991227670336e+00
3.599999999999999867e-01 2.405191190058161066e+00
3.800000000000000044e-01 2.400720795797897544e+00
4.000000000000000222e-01 2.396174654272919646e+00
4.199999999999999845e-01 2.391553624143716750e+00
4.400000000000000022e-01 2.386858570733205287e+00
4.600000000000000200e-01 2.382090371558934550e+00
4.799999999999999822e-01 2.377249909948300655e+00
5.000000000000000000e-01 2.372338080785613812e+00
5.200000000000000178e-01 2.367355783904534050e+00
5.400000000000000355e-01 2.362303930046198097e+00
5.600000000000000533e-01 2.357183434050935222e+00
5.799999999999999600e-01 2.351995221021923488e+00
5.999999999999999778e-01 2.346740219309425779e+00
6.199999999999999956e-01 2.341419366876833053e+00
6.400000000000000133e-01 2.336033604094598370e+00
6.600000000000000311e-01 2.330583880304098798e+00
6.800000000000000488e-01 2.325071146417150292e+00
7.000000000000000666e-01 2.319496361674569851e+00
7.199999999999999734e-01 2.313860486065412836e+00
7.399999999999999911e-01 2.308164487276037402e+00
7.600000000000000089e-01 2.302409332926908192e+00
7.800000000000000266e-01 2.296595997708893666e+00
8.000000000000000444e-01 2.290725455449752701e+00
8.200000000000000622e-01 2.284798686433556547e+00
8.399999999999999689e-01 2.278816669296174435e+00
8.599999999999999867e-01 2.272780388524314521e+00
8.800000000000000044e-01 2.266690826190745245e+00
9.000000000000000222e-01 2.260548969628736415e+00
9.200000000000000400e-01 2.254355803007500381e+00
9.400000000000000577e-01 2.248112315178255827e+00
9.599999999999999645e-01 2.241819491099587225e+00
9.799999999999999822e-01 2.235478319850785045e+00
1.000000000000000000e+00 2.229089785908515697e+00
1.020000000000000018e+00 2.222654877323314793e+00
1.040000000000000036e+00 2.216174576856571932e+00
1.060000000000000053e+00 2.209649870315632203e+00
1.080000000000000071e+00 2.203081737553160835e+00
1.100000000000000089e+00 2.196471160956460000e+00
1.120000000000000107e+00 2.189819116317674119e+00
1.140000000000000124e+00 2.183126581472521366e+00
1.159999999999999920e+00 2.176394527044013483e+00
1.179999999999999938e+00 2.169623925225883543e+00
1.199999999999999956e+00 2.162815740407887599e+00
1.219999999999999973e+00 2.155970938098897616e+00
1.239999999999999991e+00 2.149090475436896241e+00
1.260000000000000009e+00 2.142175310246759778e+00
1.280000000000000027e+00 2.135226391442703431e+00
1.300000000000000044e+00 2.128244668215454105e+00
1.320000000000000062e+00 2.121231080330684637e+00
1.340000000000000080e+00 2.114186567440309972e+00
1.360000000000000098e+00 2.107112059284435013e+00
1.380000000000000115e+00 2.100008485121231949e+00
1.400000000000000133e+00 2.092876763836286180e+00
1.419999999999999929e+00 2.085717813485524097e+00
1.439999999999999947e+00 2.078532541319300986e+00
1.459999999999999964e+00 2.071321853432605220e+00
1.479999999999999982e+00 2.064086644708075902e+00
1.500000000000000000e+00 2.056827808567702309e+00
1.520000000000000018e+00 2.049546226841997054e+00
1.540000000000000036e+00 2.042242779617159165e+00
1.560000000000000053e+00 2.034918335034888948e+00
1.580000000000000071e+00 2.027573759228995964e+00
1.600000000000000089e+00 2.020209906062971239e+00
1.620000000000000107e+00 2.012827627149823329e+00
1.640000000000000124e+00 2.005427761532126318e+00
1.660000000000000142e+00 1.998011145778830322e+00
1.679999999999999938e+00 1.990578603614854725e+00
1.699999999999999956e+00 1.983130956088466235e+00
1.719999999999999973e+00 1.975669011155349208e+00
1.739999999999999991e+00 1.968193573910086203e+00
1.760000000000000009e+00 1.960705436131768398e+00
1.780000000000000027e+00 1.953205386572957725e+00
1.800000000000000044e+00 1.945694200471984381e+00
1.820000000000000062e+00 1.938172649892747179e+00
1.840000000000000080e+00 1.930641493210753179e+00
1.860000000000000098e+00 1.923101485496950369e+00
1.880000000000000115e+00 1.915553367982856470e+00
1.900000000000000133e+00 1.907997878481626275e+00
1.919999999999999929e+00 1.900435740839294674e+00
1.939999999999999947e+00 1.892867675386142645e+00
1.959999999999999964e+00 1.885294388379606945e+00
1.979999999999999982e+00 1.877716582478931251e+00
2.000000000000000000e+00 1.870134946186839731e+00
2.020000000000000018e+00 1.862550164340390779e+00
2.040000000000000036e+00 1.854962907557111906e+00
2.060000000000000053e+00 1.847373842734937766e+00
2.080000000000000071e+00 1.839783622509917338e+00
2.100000000000000089e+00 1.832192895758011364e+00
2.120000000000000107e+00 1.824602297070276435e+00
2.140000000000000124e+00 1.817012457249244983e+00
2.160000000000000142e+00 1.809423992808752102e+00
2.180000000000000160e+00 1.801837516457561517e+00
2.200000000000000178e+00 1.794253626629880971e+00
2.220000000000000195e+00 1.786672917948859407e+00
2.240000000000000213e+00 1.779095970795020687e+00
2.260000000000000231e+00 1.771523361742168179e+00
2.280000000000000249e+00 1.763955653169948956e+00
2.300000000000000266e+00 1.756393403664676001e+00
2.319999999999999840e+00 1.748837157683322374e+00
2.339999999999999858e+00 1.741287455911705973e+00
2.359999999999999876e+00 1.733744824986267030e+00
2.379999999999999893e+00 1.726209787802044593e+00
2.399999999999999911e+00 1.718682853299587476e+00
2.419999999999999929e+00 1.711164526715076795e+00
2.439999999999999947e+00 1.703655299438893378e+00
2.459999999999999964e+00 1.696155659200208277e+00
2.479999999999999982e+00 1.688666080004631809e+00
2.500000000000000000e+00 1.681187032245559765e+00
2.520000000000000018e+00 1.673718972727550547e+00
2.540000000000000036e+00 1.666262354696680603e+00
2.560000000000000053e+00 1.658817617957154322e+00
2.580000000000000071e+00 1.651385198812867827e+00
2.600000000000000089e+00 1.643965520284041304e+00
2.620000000000000107e+00 1.636559001952179182e+00
2.640000000000000124e+00 1.629166050284294842e+00
2.660000000000000142e+00 1.621787068373412355e+00
2.680000000000000160e+00 1.614422446377305143e+00
2.700000000000000178e+00 1.607072571146650031e+00
2.720000000000000195e+00 1.599737816785929523e+00
2.740000000000000213e+00 1.592418554161322719e+00
2.760000000000000231e+00 1.585115141590817123e+00
2.780000000000000249e+00 1.577827934223904327e+00
2.800000000000000266e+00 1.570557274868604969e+00
2.819999999999999840e+00 1.563303503235017766e+00
2.839999999999999858e+00 1.556066946906403459e+00
2.859999999999999876e+00 1.548847930438607134e+00
2.879999999999999893e+00 1.541646766482998476e+00
2.899999999999999911e+00 1.534463764733733360e+00
2.919999999999999929e+00 1.527299223209846790e+00
2.939999999999999947e+00 1.520153437042295108e+00
2.959999999999999964e+00 1.513026689923064882e+00
2.979999999999999982e+00 1.505919262723957930e+00
3.000000000000000000e+00 1.498831425120073835e+00
3.020000000000000018e+00 1.491763444032269348e+00
3.040000000000000036e+00 1.484715575432935308e+00
3.060000000000000053e+00 1.477688072604032898e+00
3.080000000000000071e+00 1.470681178132653422e+00
3.100000000000000089e+00 1.463695131976498809e+00
3.120000000000000107e+00 1.456730163657219634e+00
3.140000000000000124e+00 1.449786500125216815e+00
3.160000000000000142e+00 1.442864358158324034e+00
3.180000000000000160e+00 1.435963952017760725e+00
3.200000000000000178e+00 1.429085486060228005e+00
3.220000000000000195e+00 1.422229162176867012e+00
3.240000000000000213e+00 1.415395172626381370e+00
3.260000000000000231e+00 1.408583707248824979e+00
3.280000000000000249e+00 1.401794946527899155e+00
3.300000000000000266e+00 1.395029068571341568e+00
3.320000000000000284e+00 1.388286242410138538e+00
3.339999999999999858e+00 1.381566634737298349e+00
3.359999999999999876e+00 1.374870403452153722e+00
3.379999999999999893e+00 1.368197704149294314e+00
3.399999999999999911e+00 1.361548683915775992e+00
3.419999999999999929e+00 1.354923487561946471e+00
3.439999999999999947e+00 1.348322251679788808e+00
3.459999999999999964e+00 1.341745110607424296e+00
3.479999999999999982e+00 1.335192190756437025e+00
3.500000000000000000e+00 1.328663616301757333e+00
3.520000000000000018e+00 1.322159503786296764e+00
3.540000000000000036e+00 1.315679967527922045e+00
3.560000000000000053e+00 1.309225114509323440e+00
3.580000000000000071e+00 1.302795049493759016e+00
3.600000000000000089e+00 1.296389870208542572e+00
3.620000000000000107e+00 1.290009672161233301e+00
3.640000000000000124e+00 1.283654544124714247e+00
3.660000000000000142e+00 1.277324572645524903e+00
3.680000000000000160e+00 1.271019837838929245e+00
3.700000000000000178e+00 1.264740417581012855e+00
3.720000000000000195e+00 1.258486383621834737e+00
3.740000000000000213e+00 1.252257805452932748e+00
3.760000000000000231e+00 1.246054746746969366e+00
3.780000000000000249e+00 1.239877268892301876e+00
3.800000000000000266e+00 1.233725427767232263e+00
3.820000000000000284e+00 1.227599276933239114e+00
3.839999999999999858e+00 1.221498864752354141e+00
3.859999999999999876e+00 1.215424237230630755e+00
3.879999999999999893e+00 1.209375435486818029e+00
3.899999999999999911e+00 1.203352498237655999e+00
3.919999999999999929e+00 1.197355459626386454e+00
3.939999999999999947e+00 1.191384351341437053e+00
3.959999999999999964e+00 1.185439200812992810e+00
3.979999999999999982e+00 1.179520032956625997e+00
4.000000000000000000e+00 1.173626868746518781e+00
4.020000000000000462e+00 1.167759726575552826e+00
4.040000000000000036e+00 1.161918621213464009e+00
4.060000000000000497e+00 1.156103564774937809e+00
4.080000000000000071e+00 1.150314566071297451e+00
4.099999999999999645e+00 1.144551631178118978e+00
4.120000000000000107e+00 1.138814763188771506e+00
4.139999999999999680e+00 1.133103962373038565e+00
4.160000000000000142e+00 1.127419226341202840e+00
4.179999999999999716e+00 1.121760549785123962e+00
4.200000000000000178e+00 1.116127925061235038e+00
4.219999999999999751e+00 1.110521341505552817e+00
4.240000000000000213e+00 1.104940786444297052e+00
4.259999999999999787e+00 1.099386244074260555e+00
4.280000000000000249e+00 1.093857696909458443e+00
4.299999999999999822e+00 1.088355124218307601e+00
4.320000000000000284e+00 1.082878503915062351e+00
4.339999999999999858e+00 1.077427810545162901e+00
4.360000000000000320e+00 1.072003017629977073e+00
4.379999999999999893e+00 1.066604095191690416e+00
4.400000000000000355e+00 1.061231012560117204e+00
4.419999999999999929e+00 1.055883735428537085e+00
4.440000000000000391e+00 1.050562229131068115e+00
4.459999999999999964e+00 1.045266455220807300e+00
4.480000000000000426e+00 1.039996375226629466e+00
4.500000000000000000e+00 1.034751946744897122e+00
4.520000000000000462e+00 1.029533127684290283e+00
4.540000000000000036e+00 1.024339871862421258e+00
4.560000000000000497e+00 1.019172133747529907e+00
4.580000000000000071e+00 1.014029863551286548e+00
4.600000000000000533e+00 1.008913012476004623e+00
4.620000000000000107e+00 1.003821527294874949e+00
4.639999999999999680e+00 9.987553561136341962e-01
4.660000000000000142e+00 9.937144424294565015e-01
4.679999999999999716e+00 9.886987314157547058e-01
4.700000000000000178e+00 9.837081634509480255e-01
4.719999999999999751e+00 9.787426809353849677e-01
4.740000000000000213e+00 9.738022212811444644e-01
4.759999999999999787e+00 9.688867242698343540e-01
4.780000000000000249e+00 9.639961244945878249e-01
4.799999999999999822e+00 9.591303592677675738e-01
4.820000000000000284e+00 9.542893605062811035e-01
4.839999999999999858e+00 9.494730631979901858e-01
4.860000000000000320e+00 9.446813967214593433e-01
4.879999999999999893e+00 9.399142938801424707e-01
4.900000000000000355e+00 9.351716816476400851e-01
4.919999999999999929e+00 9.304534907785381170e-01
4.940000000000000391e+00 9.257596459702032154e-01
4.959999999999999964e+00 9.210900760594232795e-01
4.980000000000000426e+00 9.164447035917531181e-01
5.000000000000000000e+00 9.118234556128854695e-01
5.020000000000000462e+00 9.072262526365284518e-01
5.040000000000000036e+00 9.026530200397154813e-01
5.060000000000000497e+00 8.981036764201538736e-01
5.080000000000000071e+00 8.935781456044729065e-01
5.100000000000000533e+00 8.890763443859666104e-01
5.120000000000000107e+00 8.845981951550510036e-01
5.139999999999999680e+00 8.801436130082596065e-01
5.160000000000000142e+00 8.757125190100010226e-01
5.179999999999999716e+00 8.713048266636477246e-01
5.200000000000000178e+00 8.669204558139320671e-01
5.219999999999999751e+00 8.625593184709253736e-01
5.240000000000000213e+00 8.582213333622326079e-01
5.259999999999999787e+00 8.539064111006180458e-01
5.280000000000000249e+00 8.496144693954179594e-01
5.299999999999999822e+00 8.453454175545480620e-01
5.320000000000000284e+00 8.410991723643508333e-01
5.339999999999999858e+00 8.368756419166691884e-01
5.360000000000000320e+00 8.326747421666438331e-01
5.379999999999999893e+00 8.284963800754641117e-01
5.400000000000000355e+00 8.243404708554541438e-01
5.419999999999999929e+00 8.202069204190932661e-01
5.440000000000000391e+00 8.160956433209749505e-01
5.459999999999999964e+00 8.120065445036436236e-01
5.480000000000000426e+00 8.079395379458329529e-01
5.500000000000000000e+00 8.038945276956289687e-01
5.520000000000000462e+00 7.998714272346658660e-01
5.540000000000000036e+00 7.958701397890486362e-01
5.560000000000000497e+00 7.918905784190457542e-01
5.580000000000000071e+00 7.879326455981582322e-01
5.600000000000000533e+00 7.839962540380642775e-01
5.620000000000000107e+00 7.800813055262224571e-01
5.639999999999999680e+00 7.761877124956652052e-01
5.660000000000000142e+00 7.723153761114169846e-01
5.679999999999999716e+00 7.684642085950402768e-01
5.700000000000000178e+00 7.646341105500913393e-01
5.719999999999999751e+00 7.608249940511531140e-01
5.740000000000000213e+00 7.570367591985205369e-01
5.759999999999999787e+00 7.532693179816893903e-01
5.780000000000000249e+00 7.495225700534001723e-01
5.799999999999999822e+00 7.457964273774427832e-01
5.820000000000000284e+00 7.420907892121189064e-01
5.839999999999999858e+00 7.384055675524496820e-01
5.860000000000000320e+00 7.347406613130716968e-01
5.879999999999999893e+00 7.310959825748232221e-01
5.900000000000000355e+00 7.274714299570103071e-01
5.919999999999999929e+00 7.238669156785849657e-01
5.940000000000000391e+00 7.202823381096717936e-01
5.959999999999999964e+00 7.167176096574349176e-01
5.980000000000000426e+00 7.131726284866639620e-01
6.000000000000000000e+00 7.096473072406956906e-01
6.020000000000000462e+00 7.061415439208017508e-01
6.040000000000000036e+00 7.026552514523825010e-01
6.060000000000000497e+00 6.991883277128519980e-01
6.080000000000000071e+00 6.957406859535830712e-01
6.100000000000000533e+00 6.923122239658751065e-01
6.120000000000000107e+00 6.889028553690602630e-01
6.140000000000000568e+00 6.855124779040645544e-01
6.160000000000000142e+00 6.821410055982893850e-01
6.179999999999999716e+00 6.787883361762524492e-01
6.200000000000000178e+00 6.754543841117591763e-01
6.219999999999999751e+00 6.721390471449794068e-01
6.240000000000000213e+00 6.688422402327164340e-01
6.259999999999999787e+00 6.655638611612284539e-01
6.280000000000000249e+00 6.623038254052442397e-01
6.299999999999999822e+00 6.590620308257467697e-01
6.320000000000000284e+00 6.558383934487105327e-01
6.339999999999999858e+00 6.526328112369741419e-01
6.360000000000000320e+00 6.494452007995181742e-01
6.379999999999999893e+00 6.462754602265001758e-01
6.400000000000000355e+00 6.431235067401804839e-01
6.419999999999999929e+00 6.399892385820764584e-01
6.440000000000000391e+00 6.368725736165625761e-01
6.459999999999999964e+00 6.337734102590140139e-01
6.480000000000000426e+00 6.306916670433606598e-01
6.500000000000000000e+00 6.276272425800207833e-01
6.520000000000000462e+00 6.245800560985920180e-01
6.540000000000000036e+00 6.215500064242660549e-01
6.560000000000000497e+00 6.185370135071318609e-01
6.580000000000000071e+00 6.155409764056812838e-01
6.600000000000000533e+00 6.125618158140914149e-01
6.620000000000000107e+00 6.095994310413151984e-01
6.640000000000000568e+00 6.066537435480214846e-01
6.660000000000000142e+00 6.037246529096808034e-01
6.679999999999999716e+00 6.008120813747117595e-01
6.700000000000000178e+00 5.979159287998856431e-01
6.719999999999999751e+00 5.950361182415419004e-01
6.740000000000000213e+00 5.921725498515075792e-01
6.759999999999999787e+00 5.893251475131551231e-01
6.780000000000000249e+00 5.864938116859460537e-01
6.799999999999999822e+00 5.836784670983862222e-01
6.820000000000000284e+00 5.808790145291964357e-01
6.839999999999999858e+00 5.780953795691522457e-01
6.860000000000000320e+00 5.753274633267609905e-01
6.879999999999999893e+00 5.725751922712674080e-01
6.900000000000000355e+00 5.698384678506248635e-01
6.919999999999999929e+00 5.671172174278584777e-01
6.940000000000000391e+00 5.644113427989997378e-01
6.959999999999999964e+00 5.617207722352992594e-01
6.980000000000000426e+00 5.590454078887052702e-01
7.000000000000000000e+00 5.563851789523337477e-01
7.020000000000000462e+00 5.537399879409209413e-01
7.040000000000000036e+00 5.511097649823003541e-01
7.060000000000000497e+00 5.484944129601446727e-01
7.080000000000000071e+00 5.458938629490988070e-01
7.100000000000000533e+00 5.433080182070301190e-01
7.120000000000000107e+00 5.407368107667765988e-01
7.140000000000000568e+00 5.381801442649880585e-01
7.160000000000000142e+00 5.356379517033923454e-01
7.179999999999999716e+00 5.331101371011762735e-01
7.200000000000000178e+00 5.305966344389914102e-01
7.219999999999999751e+00 5.280973481217206000e-01
7.240000000000000213e+00 5.256122131183472712e-01
7.259999999999999787e+00 5.231411342218231786e-01
7.280000000000000249e+00 5.206840473982754514e-01
7.299999999999999822e+00 5.182408578305480740e-01
7.320000000000000284e+00 5.158115024901518408e-01
7.339999999999999858e+00 5.133958869509309686e-01
7.360000000000000320e+00 5.109939491974726522e-01
7.379999999999999893e+00 5.086055951952258569e-01
7.400000000000000355e+00 5.062307639490252198e-01
7.419999999999999929e+00 5.038693618158553988e-01
7.440000000000000391e+00 5.015213288274851244e-01
7.459999999999999964e+00 4.991865717319095563e-01
7.480000000000000426e+00 4.968650315940425499e-01
7.500000000000000000e+00 4.945566155517404083e-01
7.520000000000000462e+00 4.922612657088212273e-01
7.540000000000000036e+00 4.899788895914603537e-01
7.560000000000000497e+00 4.877094303477154114e-01
7.580000000000000071e+00 4.854527958899276796e-01
7.600000000000000533e+00 4.832089304153266429e-01
7.620000000000000107e+00 4.809777422199309482e-01
7.640000000000000568e+00 4.787591765546955758e-01
7.660000000000000142e+00 4.765531420962484388e-01
7.679999999999999716e+00 4.743595851534602725e-01
7.700000000000000178e+00 4.721784147802028930e-01
7.719999999999999751e+00 4.700095783470985000e-01
7.740000000000000213e+00 4.678529852813743672e-01
7.759999999999999787e+00 4.657085840189271742e-01
7.780000000000000249e+00 4.635762843561655466e-01
7.799999999999999822e+00 4.614560357974713534e-01
7.820000000000000284e+00 4.593477485037770203e-01
7.839999999999999858e+00 4.572513730508681040e-01
7.860000000000000320e+00 4.551668199593031372e-01
7.879999999999999893e+00 4.530940408789170815e-01
7.900000000000000355e+00 4.510329466845341972e-01
7.919999999999999929e+00 4.489834901024296610e-01
7.940000000000000391e+00 4.469455823561236385e-01
7.959999999999999964e+00 4.449191772504778597e-01
7.980000000000000426e+00 4.429041863517059752e-01
8.000000000000000000e+00 4.409005645451754551e-01
8.019999999999999574e+00 4.389082237336145997e-01
8.040000000000000924e+00 4.369271198846011450e-01
8.060000000000000497e+00 4.349571652307913650e-01
8.080000000000000071e+00 4.329983168234797786e-01
8.099999999999999645e+00 4.310504872185146330e-01
8.120000000000000995e+00 4.291136345522228446e-01
8.140000000000000568e+00 4.271876716965261611e-01
8.160000000000000142e+00 4.252725578739298129e-01
8.179999999999999716e+00 4.233682062651826783e-01
8.199999999999999289e+00 4.214745771799478513e-01
8.220000000000000639e+00 4.195915841002008095e-01
8.240000000000000213e+00 4.177191884235956221e-01
8.259999999999999787e+00 4.158573039256228121e-01
8.279999999999999361e+00 4.140058930926224234e-01
8.300000000000000711e+00 4.121648699855529618e-01
8.320000000000000284e+00 4.103341981800088245e-01
8.339999999999999858e+00 4.085137920142829504e-01
8.359999999999999432e+00 4.067036161536701777e-01
8.380000000000000782e+00 4.049035852053620710e-01
8.400000000000000355e+00 4.031136649246857551e-01
8.419999999999999929e+00 4.013337701792224488e-01
8.439999999999999503e+00 3.995638678145714828e-01
8.460000000000000853e+00 3.978038729498938886e-01
8.480000000000000426e+00 3.960537535212104721e-01
8.500000000000000000e+00 3.943134248904145989e-01
8.519999999999999574e+00 3.925828560840179393e-01
8.540000000000000924e+00 3.908619626975041728e-01
8.560000000000000497e+00 3.891507148478730582e-01
8.580000000000000071e+00 3.874490283550424130e-01
8.599999999999999645e+00 3.857568744264232019e-01
8.620000000000000995e+00 3.840741690969393662e-01
8.640000000000000568e+00 3.824008846642827919e-01
8.660000000000000142e+00 3.807369373689479253e-01
8.679999999999999716e+00 3.790823005987314920e-01
8.700000000000001066e+00 3.774368907899994796e-01
8.720000000000000639e+00 3.758006824204294660e-01
8.740000000000000213e+00 3.741735921125767250e-01
8.759999999999999787e+00 3.725555954337342324e-01
8.779999999999999361e+00 3.709466091827183232e-01
8.800000000000000711e+00 3.693466100161435506e-01
8.820000000000000284e+00 3.677555148991799583e-01
8.839999999999999858e+00 3.661733015774510380e-01
8.859999999999999432e+00 3.645998871723352130e-01
8.880000000000000782e+00 3.630352505181260181e-01
8.900000000000000355e+00 3.614793088823146650e-01
8.919999999999999929e+00 3.599320421875010778e-01
8.939999999999999503e+00 3.583933678369666254e-01
8.960000000000000853e+00 3.568632668412585196e-01
8.980000000000000426e+00 3.553416567291736716e-01
9.000000000000000000e+00 3.538285195988388754e-01
9.019999999999999574e+00 3.523237730940718127e-01
9.040000000000000924e+00 3.508274004002128743e-01
9.060000000000000497e+00 3.493393192656836233e-01
9.080000000000000071e+00 3.478595139626586841e-01
9.099999999999999645e+00 3.463879023335418861e-01
9.120000000000000995e+00 3.449244697369791557e-01
9.140000000000000568e+00 3.434691340988068609e-01
9.160000000000000142e+00 3.420218818638011138e-01
9.179999999999999716e+00 3.405826310304629345e-01
9.200000000000001066e+00 3.391513691293688848e-01
9.220000000000000639e+00 3.377280142210431491e-01
9.240000000000000213e+00 3.363125549215192911e-01
9.259999999999999787e+00 3.349049093424981693e-01
9.279999999999999361e+00 3.335050671851719772e-01
9.300000000000000711e+00 3.321129466016716769e-01
9.320000000000000284e+00 3.307285383780741439e-01
9.339999999999999858e+00 3.293517606959975863e-01
9.359999999999999432e+00 3.279826054261498758e-01
9.380000000000000782e+00 3.266209907688271685e-01
9.400000000000000355e+00 3.252669096791171999e-01
9.419999999999999929e+00 3.239202803650098050e-01
9.439999999999999503e+00 3.225810968657820132e-01
9.460000000000000853e+00 3.212492773862256068e-01
9.480000000000000426e+00 3.199248170496397647e-01
9.500000000000000000e+00 3.186076340465764378e-01
9.519999999999999574e+00 3.172977245842060201e-01
9.540000000000000924e+00 3.159950068279454571e-01
9.560000000000000497e+00 3.146994780687087379e-01
9.580000000000000071e+00 3.134110564357120432e-01
9.599999999999999645e+00 3.121297403035381279e-01
9.620000000000000995e+00 3.108554477542653793e-01
