# Electrodo circular de radio 6 mm y espesor 710.0 um.
# Volumen de simulacion (convencion z,y,x):
# N: 1024 x 1024 x 1024 | voxelSize:  0.02mm x 0.02mm x 0.02mm | FOV:  20.48mm x 20.48mm x 20.48mm
# 
# z [mm]		 delta[ppm]
0.000000000000000000e+00 2.373539044578029333e+00
2.000000000000000042e-02 2.371110559243012617e+00
4.000000000000000083e-02 2.368608080172151631e+00
5.999999999999999778e-02 2.366032016684632477e+00
8.000000000000000167e-02 2.363382780017222018e+00
1.000000000000000056e-01 2.360660793638997834e+00
1.199999999999999956e-01 2.357866491263104880e+00
1.400000000000000133e-01 2.355000318693186934e+00
1.600000000000000033e-01 2.352062730261099244e+00
1.799999999999999933e-01 2.349054192337724611e+00
2.000000000000000111e-01 2.345975179168719116e+00
2.200000000000000011e-01 2.342826176760643087e+00
2.399999999999999911e-01 2.339607678578622174e+00
2.600000000000000089e-01 2.336320189576060358e+00
2.800000000000000266e-01 2.332964221728918819e+00
2.999999999999999889e-01 2.329540298222219974e+00
3.200000000000000067e-01 2.326048948816827444e+00
3.400000000000000244e-01 2.322490714196496331e+00
3.599999999999999867e-01 2.318866141164072747e+00
3.800000000000000044e-01 2.315175787152953468e+00
4.000000000000000222e-01 2.311420215249308630e+00
4.199999999999999845e-01 2.307599998868593349e+00
4.400000000000000022e-01 2.303715716607479091e+00
4.600000000000000200e-01 2.299767957084938530e+00
4.799999999999999822e-01 2.295757313622883267e+00
5.000000000000000000e-01 2.291684389250662868e+00
5.200000000000000178e-01 2.287549791219439133e+00
5.400000000000000355e-01 2.283354136168247006e+00
5.600000000000000533e-01 2.279098044472599227e+00
5.799999999999999600e-01 2.274782145570129366e+00
5.999999999999999778e-01 2.270407072148649785e+00
6.199999999999999956e-01 2.265973465628905004e+00
6.400000000000000133e-01 2.261481970193605306e+00
6.600000000000000311e-01 2.256933238424774668e+00
6.800000000000000488e-01 2.252327925179011370e+00
7.000000000000000666e-01 2.247666693376533242e+00
7.199999999999999734e-01 2.242950207724941691e+00
7.399999999999999911e-01 2.238179140657080346e+00
7.600000000000000089e-01 2.233354165908495670e+00
7.800000000000000266e-01 2.228475964600924009e+00
8.000000000000000444e-01 2.223545218676297175e+00
8.200000000000000622e-01 2.218562617122648017e+00
8.399999999999999689e-01 2.213528849269841725e+00
8.599999999999999867e-01 2.208444611154452897e+00
8.800000000000000044e-01 2.203310598680537691e+00
9.000000000000000222e-01 2.198127514119963433e+00
9.200000000000000400e-01 2.192896059143429444e+00
9.400000000000000577e-01 2.187616941452578789e+00
9.599999999999999645e-01 2.182290867684909319e+00
9.799999999999999822e-01 2.176918550173908784e+00
1.000000000000000000e+00 2.171500699733136308e+00
1.020000000000000018e+00 2.166038032540419156e+00
1.040000000000000036e+00 2.160531262805080566e+00
1.060000000000000053e+00 2.154981109772224901e+00
1.080000000000000071e+00 2.149388290278392954e+00
1.100000000000000089e+00 2.143753525871779253e+00
1.120000000000000107e+00 2.138077535260567874e+00
1.140000000000000124e+00 2.132361041544837299e+00
1.159999999999999920e+00 2.126604764562968874e+00
1.179999999999999938e+00 2.120809428230829852e+00
1.199999999999999956e+00 2.114975752790754004e+00
1.219999999999999973e+00 2.109104462253553525e+00
1.239999999999999991e+00 2.103196276555492794e+00
1.260000000000000009e+00 2.097251919098544359e+00
1.280000000000000027e+00 2.091272108820067199e+00
1.300000000000000044e+00 2.085257567826597214e+00
1.320000000000000062e+00 2.079209013381787319e+00
1.340000000000000080e+00 2.073127165628906532e+00
1.360000000000000098e+00 2.067012739501941088e+00
1.380000000000000115e+00 2.060866452531910031e+00
1.400000000000000133e+00 2.054689016686741976e+00
1.419999999999999929e+00 2.048481146256383667e+00
1.439999999999999947e+00 2.042243549626541643e+00
1.459999999999999964e+00 2.035976937237466977e+00
1.479999999999999982e+00 2.029682013297282150e+00
1.500000000000000000e+00 2.023359483809213266e+00
1.520000000000000018e+00 2.017010048229765040e+00
1.540000000000000036e+00 2.010634407559065195e+00
1.560000000000000053e+00 2.004233255949707804e+00
1.580000000000000071e+00 1.997807288854808405e+00
1.600000000000000089e+00 1.991357194592902724e+00
1.620000000000000107e+00 1.984883662548196703e+00
1.640000000000000124e+00 1.978387374697455847e+00
1.660000000000000142e+00 1.971869013856829778e+00
1.679999999999999938e+00 1.965329255176272882e+00
1.699999999999999956e+00 1.958768774427262160e+00
1.719999999999999973e+00 1.952188239470759923e+00
1.739999999999999991e+00 1.945588318580025122e+00
1.760000000000000009e+00 1.938969671887821100e+00
1.780000000000000027e+00 1.932332959738425782e+00
1.800000000000000044e+00 1.925678834120211569e+00
1.820000000000000062e+00 1.919007947040881845e+00
1.840000000000000080e+00 1.912320941951253905e+00
1.860000000000000098e+00 1.905618462137663505e+00
1.880000000000000115e+00 1.898901142143166298e+00
1.900000000000000133e+00 1.892169616170980451e+00
1.919999999999999929e+00 1.885424509509046942e+00
1.939999999999999947e+00 1.878666446938308088e+00
1.959999999999999964e+00 1.871896044166946105e+00
1.979999999999999982e+00 1.865113916237169711e+00
2.000000000000000000e+00 1.858320668975234735e+00
2.020000000000000018e+00 1.851516907390373223e+00
2.040000000000000036e+00 1.844703227146988533e+00
2.060000000000000053e+00 1.837880222949282993e+00
2.080000000000000071e+00 1.831048480041824300e+00
2.100000000000000089e+00 1.824208582573353166e+00
2.120000000000000107e+00 1.817361105132242471e+00
2.140000000000000124e+00 1.810506621082866641e+00
2.160000000000000142e+00 1.803645694142281597e+00
2.180000000000000160e+00 1.796778886682493193e+00
2.200000000000000178e+00 1.789906751354963355e+00
2.220000000000000195e+00 1.783029839352039181e+00
2.240000000000000213e+00 1.776148692085724123e+00
2.260000000000000231e+00 1.769263849401470301e+00
2.280000000000000249e+00 1.762375841317909142e+00
2.300000000000000266e+00 1.755485196186135077e+00
2.319999999999999840e+00 1.748592432496956839e+00
2.339999999999999858e+00 1.741698066978744075e+00
2.359999999999999876e+00 1.734802606478989206e+00
2.379999999999999893e+00 1.727906555993728555e+00
2.399999999999999911e+00 1.721010410630068321e+00
2.419999999999999929e+00 1.714114663560131646e+00
2.439999999999999947e+00 1.707219798071454742e+00
2.459999999999999964e+00 1.700326295438335356e+00
2.479999999999999982e+00 1.693434627066858322e+00
2.500000000000000000e+00 1.686545262276501589e+00
2.520000000000000018e+00 1.679658660546765159e+00
2.540000000000000036e+00 1.672775279201814902e+00
2.560000000000000053e+00 1.665895565765587616e+00
2.580000000000000071e+00 1.659019965542196440e+00
2.600000000000000089e+00 1.652148914086585707e+00
2.620000000000000107e+00 1.645282844673383815e+00
2.640000000000000124e+00 1.638422180890074742e+00
2.660000000000000142e+00 1.631567343986921603e+00
2.680000000000000160e+00 1.624718745599828873e+00
2.700000000000000178e+00 1.617876794973913679e+00
2.720000000000000195e+00 1.611041891823113970e+00
2.740000000000000213e+00 1.604214433419947738e+00
2.760000000000000231e+00 1.597394807599134881e+00
2.780000000000000249e+00 1.590583399706023249e+00
2.800000000000000266e+00 1.583780585751369596e+00
2.819999999999999840e+00 1.576986739210899380e+00
2.839999999999999858e+00 1.570202224338580255e+00
2.859999999999999876e+00 1.563427402809715705e+00
2.879999999999999893e+00 1.556662627199961513e+00
2.899999999999999911e+00 1.549908247464313549e+00
2.919999999999999929e+00 1.543164604589315925e+00
2.939999999999999947e+00 1.536432036900227782e+00
2.959999999999999964e+00 1.529710873893773249e+00
2.979999999999999982e+00 1.523001442365793379e+00
3.000000000000000000e+00 1.516304060432029699e+00
3.020000000000000018e+00 1.509619043468504618e+00
3.040000000000000036e+00 1.502946698327766617e+00
3.060000000000000053e+00 1.496287329084205142e+00
3.080000000000000071e+00 1.489641231453363801e+00
3.100000000000000089e+00 1.483008698334340458e+00
3.120000000000000107e+00 1.476390014439683096e+00
3.140000000000000124e+00 1.469785461627027612e+00
3.160000000000000142e+00 1.463195313747244430e+00
3.180000000000000160e+00 1.456619841757389899e+00
3.200000000000000178e+00 1.450059308794721114e+00
3.220000000000000195e+00 1.443513975063046351e+00
3.240000000000000213e+00 1.436984093140321495e+00
3.260000000000000231e+00 1.430469912630437657e+00
3.280000000000000249e+00 1.423971675712106144e+00
3.300000000000000266e+00 1.417489621548068124e+00
3.320000000000000284e+00 1.411023982083092099e+00
3.339999999999999858e+00 1.404574986202571596e+00
3.359999999999999876e+00 1.398142855787402938e+00
3.379999999999999893e+00 1.391727809613910072e+00
3.399999999999999911e+00 1.385330059673510528e+00
3.419999999999999929e+00 1.378949814805851659e+00
3.439999999999999947e+00 1.372587277291106078e+00
3.459999999999999964e+00 1.366242646208238876e+00
3.479999999999999982e+00 1.359916114307870627e+00
3.500000000000000000e+00 1.353607871087499914e+00
3.520000000000000018e+00 1.347318099952893311e+00
3.540000000000000036e+00 1.341046981002091965e+00
3.560000000000000053e+00 1.334794688483339264e+00
3.580000000000000071e+00 1.328561393279639846e+00
3.600000000000000089e+00 1.322347260671270508e+00
3.620000000000000107e+00 1.316152452512656446e+00
3.640000000000000124e+00 1.309977125307529189e+00
3.660000000000000142e+00 1.303821432069875552e+00
3.680000000000000160e+00 1.297685520719833230e+00
3.700000000000000178e+00 1.291569535620390452e+00
3.720000000000000195e+00 1.285473616302210909e+00
3.740000000000000213e+00 1.279397898667765876e+00
3.760000000000000231e+00 1.273342514053219299e+00
3.780000000000000249e+00 1.267307590091661940e+00
3.800000000000000266e+00 1.261293250120290921e+00
3.820000000000000284e+00 1.255299613694357719e+00
3.839999999999999858e+00 1.249326796347885793e+00
3.859999999999999876e+00 1.243374909749923596e+00
3.879999999999999893e+00 1.237444061827095876e+00
3.899999999999999911e+00 1.231534356553727561e+00
3.919999999999999929e+00 1.225645894444546968e+00
3.939999999999999947e+00 1.219778771970210007e+00
3.959999999999999964e+00 1.213933082428517274e+00
3.979999999999999982e+00 1.208108914976862014e+00
4.000000000000000000e+00 1.202306355890343070e+00
4.020000000000000462e+00 1.196525487202601434e+00
4.040000000000000036e+00 1.190766388359264738e+00
4.060000000000000497e+00 1.185029134458653433e+00
4.080000000000000071e+00 1.179313798308980088e+00
4.099999999999999645e+00 1.173620448260369598e+00
4.120000000000000107e+00 1.167949150674302938e+00
4.139999999999999680e+00 1.162299967338345175e+00
4.160000000000000142e+00 1.156672958356379066e+00
4.179999999999999716e+00 1.151068179137398895e+00
4.200000000000000178e+00 1.145485683715083525e+00
4.219999999999999751e+00 1.139925521302024514e+00
4.240000000000000213e+00 1.134387740047231530e+00
4.259999999999999787e+00 1.128872383147096370e+00
4.280000000000000249e+00 1.123379493049449840e+00
4.299999999999999822e+00 1.117909107112575517e+00
4.320000000000000284e+00 1.112461262264482720e+00
4.339999999999999858e+00 1.107035990201192366e+00
4.360000000000000320e+00 1.101633322509963486e+00
4.379999999999999893e+00 1.096253285398070876e+00
4.400000000000000355e+00 1.090895905288691292e+00
4.419999999999999929e+00 1.085561203071407910e+00
4.440000000000000391e+00 1.080249200179493663e+00
4.459999999999999964e+00 1.074959912353325997e+00
4.480000000000000426e+00 1.069693356207895629e+00
4.500000000000000000e+00 1.064449542500210955e+00
4.520000000000000462e+00 1.059228483195900683e+00
4.540000000000000036e+00 1.054030184231748990e+00
4.560000000000000497e+00 1.048854653090218747e+00
4.580000000000000071e+00 1.043701891048193664e+00
4.600000000000000533e+00 1.038571901268356301e+00
4.620000000000000107e+00 1.033464680525166157e+00
4.639999999999999680e+00 1.028380227822051962e+00
4.660000000000000142e+00 1.023318535585622913e+00
4.679999999999999716e+00 1.018279598817654064e+00
4.700000000000000178e+00 1.013263405748516810e+00
4.719999999999999751e+00 1.008269947532993038e+00
4.740000000000000213e+00 1.003299208353832128e+00
4.759999999999999787e+00 9.983511756704751550e-01
4.780000000000000249e+00 9.934258297636436863e-01
4.799999999999999822e+00 9.885231545460755331e-01
4.820000000000000284e+00 9.836431265390040979e-01
4.839999999999999858e+00 9.787857262540491377e-01
4.860000000000000320e+00 9.739509265924295445e-01
4.879999999999999893e+00 9.691387048071720134e-01
4.900000000000000355e+00 9.643490303158521737e-01
4.919999999999999929e+00 9.595818772523661000e-01
4.940000000000000391e+00 9.548372116839249912e-01
4.959999999999999964e+00 9.501150047616678807e-01
4.980000000000000426e+00 9.454152193326206266e-01
5.000000000000000000e+00 9.407378236984584863e-01
5.020000000000000462e+00 9.360827776131024347e-01
5.040000000000000036e+00 9.314500466589854533e-01
5.060000000000000497e+00 9.268395876209044593e-01
5.080000000000000071e+00 9.222513634891951195e-01
5.100000000000000533e+00 9.176853282004319157e-01
5.120000000000000107e+00 9.131414422769500439e-01
5.139999999999999680e+00 9.086196569249195276e-01
5.160000000000000142e+00 9.041199303197245962e-01
5.179999999999999716e+00 8.996422110519050053e-01
5.200000000000000178e+00 8.951864550679248245e-01
5.219999999999999751e+00 8.907526084544268308e-01
5.240000000000000213e+00 8.863406250439858081e-01
5.259999999999999787e+00 8.819504485280693640e-01
5.280000000000000249e+00 8.775820307374173623e-01
5.299999999999999822e+00 8.732353130740675429e-01
5.320000000000000284e+00 8.689102454760311289e-01
5.339999999999999858e+00 8.646067671587004400e-01
5.360000000000000320e+00 8.603248262735648799e-01
5.379999999999999893e+00 8.560643599492221423e-01
5.400000000000000355e+00 8.518253146539545018e-01
5.419999999999999929e+00 8.476076255265404535e-01
5.440000000000000391e+00 8.434112374525267741e-01
5.459999999999999964e+00 8.392360836749921393e-01
5.480000000000000426e+00 8.350821075944071525e-01
5.500000000000000000e+00 8.309492406494557448e-01
5.520000000000000462e+00 8.268374248504340995e-01
5.540000000000000036e+00 8.227465899201459321e-01
5.560000000000000497e+00 8.186766765708854976e-01
5.580000000000000071e+00 8.146276128953775508e-01
5.600000000000000533e+00 8.105993383973874034e-01
5.620000000000000107e+00 8.065917796226611536e-01
5.639999999999999680e+00 8.026048749532834758e-01
5.660000000000000142e+00 7.986385494684712372e-01
5.679999999999999716e+00 7.946927405128806354e-01
5.700000000000000178e+00 7.907673717770359323e-01
5.719999999999999751e+00 7.868623796498602774e-01
5.740000000000000213e+00 7.829776865084889792e-01
5.759999999999999787e+00 7.791132278653040144e-01
5.780000000000000249e+00 7.752689248568150893e-01
5.799999999999999822e+00 7.714447121956032882e-01
5.820000000000000284e+00 7.676405098478790157e-01
5.839999999999999858e+00 7.638562518007501190e-01
5.860000000000000320e+00 7.600918569180089568e-01
5.879999999999999893e+00 7.563472585332644549e-01
5.900000000000000355e+00 7.526223744734288346e-01
5.919999999999999929e+00 7.489171374882672705e-01
5.940000000000000391e+00 7.452314644310098490e-01
5.959999999999999964e+00 7.415652875349814099e-01
5.980000000000000426e+00 7.379185227406667158e-01
6.000000000000000000e+00 7.342911018301383486e-01
6.020000000000000462e+00 7.306829398898406769e-01
6.040000000000000036e+00 7.270939683136122822e-01
6.060000000000000497e+00 7.235241013904067930e-01
6.080000000000000071e+00 7.199732701867435081e-01
6.100000000000000533e+00 7.164413882484730323e-01
6.120000000000000107e+00 7.129283863736515237e-01
6.140000000000000568e+00 7.094341774173748005e-01
6.160000000000000142e+00 7.059586919660577609e-01
6.179999999999999716e+00 7.025018422343379809e-01
6.200000000000000178e+00 6.990635586518654243e-01
6.219999999999999751e+00 6.956437528411413274e-01
6.240000000000000213e+00 6.922423551280002529e-01
6.259999999999999787e+00 6.888592765892006531e-01
6.280000000000000249e+00 6.854944474978446056e-01
6.299999999999999822e+00 6.821477784294494029e-01
6.320000000000000284e+00 6.788191996536508954e-01
6.339999999999999858e+00 6.755086212873906426e-01
6.360000000000000320e+00 6.722159736443240607e-01
6.379999999999999893e+00 6.689411664237024935e-01
6.400000000000000355e+00 6.656841300289679797e-01
6.419999999999999929e+00 6.624447737807979131e-01
6.440000000000000391e+00 6.592230282165111310e-01
6.459999999999999964e+00 6.560188023156534598e-01
6.480000000000000426e+00 6.528320267918715780e-01
6.500000000000000000e+00 6.496626103193480217e-01
6.520000000000000462e+00 6.465104838289270628e-01
6.540000000000000036e+00 6.433755557235990574e-01
6.560000000000000497e+00 6.402577571907279719e-01
6.580000000000000071e+00 6.371569963947083526e-01
6.600000000000000533e+00 6.340732048172559310e-01
6.620000000000000107e+00 6.310062904152478058e-01
6.640000000000000568e+00 6.279561850011241564e-01
6.660000000000000142e+00 6.249227963538391828e-01
6.679999999999999716e+00 6.219060566515137722e-01
6.700000000000000178e+00 6.189058735233442521e-01
6.719999999999999751e+00 6.159221795467292315e-01
6.740000000000000213e+00 6.129548822278567677e-01
6.759999999999999787e+00 6.100039145756674941e-01
6.780000000000000249e+00 6.070691839987563121e-01
6.799999999999999822e+00 6.041506239685813240e-01
6.820000000000000284e+00 6.012481418202182404e-01
6.839999999999999858e+00 5.983616715173752931e-01
6.860000000000000320e+00 5.954911203444261947e-01
6.879999999999999893e+00 5.926364227858507139e-01
6.900000000000000355e+00 5.897974860968779875e-01
6.919999999999999929e+00 5.869742453101137736e-01
6.940000000000000391e+00 5.841666076720191114e-01
6.959999999999999964e+00 5.813745087895357821e-01
6.980000000000000426e+00 5.785978559195493753e-01
7.000000000000000000e+00 5.758365852684702579e-01
7.020000000000000462e+00 5.730906041216782265e-01
7.040000000000000036e+00 5.703598493091210919e-01
7.060000000000000497e+00 5.676442281616357333e-01
7.080000000000000071e+00 5.649436781557459764e-01
7.100000000000000533e+00 5.622581066836690455e-01
7.120000000000000107e+00 5.595874518905581407e-01
7.140000000000000568e+00 5.569316212448823800e-01
7.160000000000000142e+00 5.542905535815267903e-01
7.179999999999999716e+00 5.516641564591063807e-01
7.200000000000000178e+00 5.490523694224104245e-01
7.219999999999999751e+00 5.464551001331214852e-01
7.240000000000000213e+00 5.438722888652167686e-01
7.259999999999999787e+00 5.413038433954484585e-01
7.280000000000000249e+00 5.387497047454069543e-01
7.299999999999999822e+00 5.362097808179921987e-01
7.320000000000000284e+00 5.336840134000079283e-01
7.339999999999999858e+00 5.311723105307385451e-01
7.360000000000000320e+00 5.286746147789961325e-01
7.379999999999999893e+00 5.261908343298186130e-01
7.400000000000000355e+00 5.237209125500505991e-01
7.419999999999999929e+00 5.212647577790600062e-01
7.440000000000000391e+00 5.188223141970175201e-01
7.459999999999999964e+00 5.163934903053823966e-01
7.480000000000000426e+00 5.139782311122248482e-01
7.500000000000000000e+00 5.115764452881261803e-01
7.520000000000000462e+00 5.091880786829382499e-01
7.540000000000000036e+00 5.068130401426498288e-01
7.560000000000000497e+00 5.044512763721176185e-01
7.580000000000000071e+00 5.021026963983143965e-01
7.600000000000000533e+00 4.997672477936898616e-01
7.620000000000000107e+00 4.974448397710977687e-01
7.640000000000000568e+00 4.951354207825623965e-01
7.660000000000000142e+00 4.928389002310497591e-01
7.679999999999999716e+00 4.905552274595524898e-01
7.700000000000000178e+00 4.882843120647459845e-01
7.719999999999999751e+00 4.860261042914106322e-01
7.740000000000000213e+00 4.837805139329299786e-01
7.759999999999999787e+00 4.815474921461625479e-01
7.780000000000000249e+00 4.793269489235843506e-01
7.799999999999999822e+00 4.771188363438983449e-01
7.820000000000000284e+00 4.749230646005085377e-01
7.839999999999999858e+00 4.727395867032300747e-01
7.860000000000000320e+00 4.705683130476685516e-01
7.879999999999999893e+00 4.684091975835416033e-01
7.900000000000000355e+00 4.662621509094155847e-01
7.919999999999999929e+00 4.641271279232450642e-01
7.940000000000000391e+00 4.620040394267936890e-01
7.959999999999999964e+00 4.598928412741480343e-01
7.980000000000000426e+00 4.577934444700298422e-01
8.000000000000000000e+00 4.557058058321347693e-01
8.019999999999999574e+00 4.536298365674214517e-01
8.040000000000000924e+00 4.515654944642671920e-01
8.060000000000000497e+00 4.495126909307103347e-01
8.080000000000000071e+00 4.474713847325005878e-01
8.099999999999999645e+00 4.454414874771486232e-01
8.120000000000000995e+00 4.434229589140972760e-01
8.140000000000000568e+00 4.414157108483218739e-01
8.160000000000000142e+00 4.394197040189317671e-01
8.179999999999999716e+00 4.374348504259417125e-01
8.199999999999999289e+00 4.354611118037606809e-01
8.220000000000000639e+00 4.334984003446556433e-01
8.240000000000000213e+00 4.315466787836541585e-01
8.259999999999999787e+00 4.296058595020924575e-01
8.279999999999999361e+00 4.276759062406312317e-01
8.300000000000000711e+00 4.257567315661622276e-01
8.320000000000000284e+00 4.238483002297051550e-01
8.339999999999999858e+00 4.219505249798302104e-01
8.359999999999999432e+00 4.200633715823600678e-01
8.380000000000000782e+00 4.181867529633807035e-01
8.400000000000000355e+00 4.163206359076915830e-01
8.419999999999999929e+00 4.144649335143877344e-01
8.439999999999999503e+00 4.126196135911760488e-01
8.460000000000000853e+00 4.107845894053780977e-01
8.480000000000000426e+00 4.089598297912992453e-01
8.500000000000000000e+00 4.071452481794067269e-01
8.519999999999999574e+00 4.053408144340669983e-01
8.540000000000000924e+00 4.035464421435548399e-01
8.560000000000000497e+00 4.017621022055466451e-01
8.580000000000000071e+00 3.999877083605137829e-01
8.599999999999999645e+00 3.982232325424771568e-01
8.620000000000000995e+00 3.964685886382716129e-01
8.640000000000000568e+00 3.947237496211066232e-01
8.660000000000000142e+00 3.929886295180879952e-01
8.679999999999999716e+00 3.912632023442752516e-01
8.700000000000001066e+00 3.895473822607509740e-01
8.720000000000000639e+00 3.878411443269079717e-01
8.740000000000000213e+00 3.861444028312793764e-01
8.759999999999999787e+00 3.844571338799023796e-01
8.779999999999999361e+00 3.827792518820628542e-01
8.800000000000000711e+00 3.811107339925972615e-01
8.820000000000000284e+00 3.794514947346240286e-01
8.839999999999999858e+00 3.778015123137908327e-01
8.859999999999999432e+00 3.761607013599742033e-01
8.880000000000000782e+00 3.745290411314955992e-01
8.900000000000000355e+00 3.729064463577279609e-01
8.919999999999999929e+00 3.712928973513838771e-01
8.939999999999999503e+00 3.696883089339378370e-01
8.960000000000000853e+00 3.680926624740958886e-01
8.980000000000000426e+00 3.665058728778560759e-01
9.000000000000000000e+00 3.649279225713950581e-01
9.019999999999999574e+00 3.633587265375410880e-01
9.040000000000000924e+00 3.617982682613053447e-01
9.060000000000000497e+00 3.602464627945031195e-01
9.080000000000000071e+00 3.587032946822166224e-01
9.099999999999999645e+00 3.571686790373166387e-01
9.120000000000000995e+00 3.556426014660981627e-01
9.140000000000000568e+00 3.541249771344038288e-01
9.160000000000000142e+00 3.526157927107949064e-01
9.179999999999999716e+00 3.511149634059107516e-01
9.200000000000001066e+00 3.496224769515349218e-01
9.220000000000000639e+00 3.481382485948352756e-01
9.240000000000000213e+00 3.466622671316524351e-01
9.259999999999999787e+00 3.451944478373475400e-01
9.279999999999999361e+00 3.437347805725908811e-01
9.300000000000000711e+00 3.422831806324858062e-01
9.320000000000000284e+00 3.408396389432258311e-01
9.339999999999999858e+00 3.394040708111564775e-01
9.359999999999999432e+00 3.379764682286018895e-01
9.380000000000000782e+00 3.365567465045740114e-01
9.400000000000000355e+00 3.351448986980343214e-01
9.419999999999999929e+00 3.337408401120677270e-01
9.439999999999999503e+00 3.323445648727385571e-01
9.460000000000000853e+00 3.309559882684950383e-01
9.480000000000000426e+00 3.295751054928909296e-01
9.500000000000000000e+00 3.282018318110484500e-01
9.519999999999999574e+00 3.268361634843130470e-01
9.540000000000000924e+00 3.254780157457324297e-01
9.560000000000000497e+00 3.241273859246660005e-01
9.580000000000000071e+00 3.227841892133510582e-01
9.599999999999999645e+00 3.214484240093374856e-01
9.620000000000000995e+00 3.201200054552391649e-01
