0.000000000000000000e+00 8.629744497219759225e+00
1.499999999999999944e-02 8.158586801815333800e+00
2.999999999999999889e-02 7.701224821206501758e+00
4.499999999999999833e-02 7.263611109429439772e+00
5.999999999999999778e-02 6.850762601772883542e+00
7.499999999999999722e-02 6.465722245882384200e+00
8.999999999999999667e-02 6.109621144463823761e+00
1.049999999999999961e-01 5.782129413216901881e+00
1.199999999999999956e-01 5.481934333583582841e+00
1.350000000000000089e-01 5.207150168133630075e+00
1.499999999999999944e-01 4.955626153557282976e+00
1.649999999999999800e-01 4.725155903067535412e+00
1.799999999999999933e-01 4.513605972846367109e+00
1.950000000000000067e-01 4.318988562591679070e+00
2.099999999999999922e-01 4.139493084407920520e+00
2.249999999999999778e-01 3.973496822661109817e+00
2.399999999999999911e-01 3.819557830440486246e+00
2.550000000000000044e-01 3.676404536414042301e+00
2.700000000000000178e-01 3.542917443805080335e+00
2.849999999999999756e-01 3.418114859861208110e+00
2.999999999999999889e-01 3.301133915161969856e+00
3.150000000000000022e-01 3.191218239801887346e+00
3.299999999999999600e-01 3.087701457928747839e+00
3.449999999999999734e-01 2.989998133081328557e+00
3.599999999999999867e-01 2.897590181108782748e+00
3.750000000000000000e-01 2.810020869216030448e+00
3.900000000000000133e-01 2.726883741035299291e+00
4.049999999999999711e-01 2.647819067675501792e+00
4.199999999999999845e-01 2.572504724145339150e+00
4.349999999999999978e-01 2.500654490853190026e+00
4.499999999999999556e-01 2.432010388332149109e+00
4.649999999999999689e-01 2.366342337968267984e+00
4.799999999999999822e-01 2.303441565374523936e+00
4.949999999999999956e-01 2.243121245102756234e+00
5.100000000000000089e-01 2.185210695060514130e+00
5.250000000000000222e-01 2.129556728571168289e+00
5.400000000000000355e-01 2.076018431132462538e+00
5.549999999999999378e-01 2.024469016642116426e+00
5.699999999999999512e-01 1.974791050696093064e+00
5.849999999999999645e-01 1.926878662803131581e+00
5.999999999999999778e-01 1.880633108476311266e+00
6.149999999999999911e-01 1.835965227860368643e+00
6.300000000000000044e-01 1.792791284811172448e+00
6.450000000000000178e-01 1.751035590927717545e+00
6.599999999999999201e-01 1.710626564315552045e+00
6.749999999999999334e-01 1.671499457839299874e+00
6.899999999999999467e-01 1.633592612612231987e+00
7.049999999999999600e-01 1.596850244297439048e+00
7.199999999999999734e-01 1.561218858561597367e+00
7.349999999999999867e-01 1.526650059690227046e+00
7.500000000000000000e-01 1.493097121308261777e+00
7.650000000000000133e-01 1.460517789806968336e+00
7.800000000000000266e-01 1.428870989361499477e+00
7.949999999999999289e-01 1.398119598415602516e+00
8.099999999999999423e-01 1.368227291355730735e+00
8.249999999999999556e-01 1.339161271079964521e+00
8.399999999999999689e-01 1.310889231866689153e+00
8.549999999999999822e-01 1.283382034399403571e+00
8.699999999999999956e-01 1.256610796633681693e+00
8.850000000000000089e-01 1.230549500607777791e+00
8.999999999999999112e-01 1.205172198222579150e+00
9.149999999999999245e-01 1.180455541231648198e+00
9.299999999999999378e-01 1.156376110835351634e+00
9.449999999999999512e-01 1.132912864194013380e+00
9.599999999999999645e-01 1.110044575558851720e+00
9.749999999999999778e-01 1.087752193997584271e+00
9.899999999999999911e-01 1.066016405858984273e+00
1.004999999999999893e+00 1.044819899760594417e+00
1.020000000000000018e+00 1.024145038141016650e+00
1.034999999999999920e+00 1.003976026478321293e+00
1.050000000000000044e+00 9.842967040149752656e-01
1.064999999999999947e+00 9.650926151688656862e-01
1.080000000000000071e+00 9.463489068512129787e-01
1.094999999999999973e+00 9.280523006803967911e-01
1.109999999999999876e+00 9.101891069742651386e-01
1.125000000000000000e+00 8.927470971267420508e-01
1.139999999999999902e+00 8.757136212127722974e-01
1.155000000000000027e+00 8.590773803522601115e-01
1.169999999999999929e+00 8.428266578850147628e-01
1.185000000000000053e+00 8.269509921246456230e-01
1.199999999999999956e+00 8.114395075260316670e-01
1.214999999999999858e+00 7.962824885636993200e-01
1.229999999999999982e+00 7.814698206973442751e-01
1.244999999999999885e+00 7.669924665597834812e-01
1.260000000000000009e+00 7.528410026531883181e-01
1.274999999999999911e+00 7.390069992626564499e-01
1.290000000000000036e+00 7.254816625585234213e-01
1.304999999999999938e+00 7.122571200036247330e-01
1.319999999999999840e+00 6.993251533591618996e-01
1.334999999999999964e+00 6.866783915049455844e-01
1.349999999999999867e+00 6.743091439403713361e-01
1.364999999999999991e+00 6.622105032107857836e-01
1.379999999999999893e+00 6.503752640319514500e-01
1.395000000000000018e+00 6.387969376023528989e-01
1.409999999999999920e+00 6.274687659156447106e-01
1.425000000000000044e+00 6.163846504495493761e-01
1.439999999999999947e+00 6.055382464933322106e-01
1.454999999999999849e+00 5.949238087376286233e-01
1.469999999999999973e+00 5.845353752132836922e-01
1.484999999999999876e+00 5.743675324662885773e-01
1.500000000000000000e+00 5.644146736974966494e-01
1.514999999999999902e+00 5.546716861968437051e-01
1.530000000000000027e+00 5.451332933684142068e-01
1.544999999999999929e+00 5.357946672167290814e-01
1.560000000000000053e+00 5.266508386661988839e-01
1.574999999999999956e+00 5.176972378462364466e-01
1.589999999999999858e+00 5.089291825289071758e-01
1.604999999999999982e+00 5.003423490452652000e-01
1.619999999999999885e+00 4.919323231186263912e-01
1.635000000000000009e+00 4.836950041690211699e-01
1.649999999999999911e+00 4.756262285500893472e-01
1.665000000000000036e+00 4.677221100580686297e-01
1.679999999999999938e+00 4.599787197586538978e-01
1.694999999999999840e+00 4.523923654175309172e-01
1.709999999999999964e+00 4.449593381475588916e-01
1.724999999999999867e+00 4.376761335173169343e-01
1.739999999999999991e+00 4.305392491460000026e-01
1.754999999999999893e+00 4.235453501277999799e-01
1.770000000000000018e+00 4.166911280590079314e-01
1.784999999999999920e+00 4.099734134404431907e-01
1.799999999999999822e+00 4.033890802297381284e-01
1.814999999999999947e+00 3.969351077501958591e-01
1.829999999999999849e+00 3.906085415326157606e-01
1.844999999999999973e+00 3.844065072726226551e-01
1.859999999999999876e+00 3.783262120381367666e-01
1.875000000000000000e+00 3.723649126715480873e-01
1.889999999999999902e+00 3.665199684274565439e-01
1.905000000000000027e+00 3.607887662226165748e-01
1.919999999999999929e+00 3.551688087746295852e-01
1.934999999999999831e+00 3.496575989478246105e-01
1.949999999999999956e+00 3.442527747736529031e-01
1.964999999999999858e+00 3.389519551431313671e-01
1.979999999999999982e+00 3.337529057803952370e-01
1.994999999999999885e+00 3.286533483707820280e-01
2.009999999999999787e+00 3.236511691963457893e-01
2.024999999999999911e+00 3.187441937895694188e-01
2.040000000000000036e+00 3.139304223047717501e-01
2.054999999999999716e+00 3.092077716208489480e-01
2.069999999999999840e+00 3.045743494942889096e-01
2.084999999999999964e+00 3.000281660357112523e-01
2.100000000000000089e+00 2.955674307189498640e-01
2.114999999999999769e+00 2.911902349859716854e-01
2.129999999999999893e+00 2.868948845009917092e-01
2.145000000000000018e+00 2.826795546418768290e-01
2.160000000000000142e+00 2.785426420692404537e-01
2.174999999999999822e+00 2.744823946896379208e-01
2.189999999999999947e+00 2.704972952764156391e-01
2.205000000000000071e+00 2.665856674969402929e-01
2.219999999999999751e+00 2.627460756432632993e-01
2.234999999999999876e+00 2.589769081409992735e-01
2.250000000000000000e+00 2.552768064775715051e-01
2.265000000000000124e+00 2.516442276217625840e-01
2.279999999999999805e+00 2.480778861863834894e-01
2.294999999999999929e+00 2.445762970115214485e-01
2.310000000000000053e+00 2.411382440027473872e-01
2.324999999999999734e+00 2.377623041477173182e-01
2.339999999999999858e+00 2.344473270348274019e-01
2.354999999999999982e+00 2.311919413956801672e-01
2.370000000000000107e+00 2.279950591006235927e-01
2.384999999999999787e+00 2.248553653420395371e-01
2.399999999999999911e+00 2.217718310679132332e-01
2.415000000000000036e+00 2.187431877427241100e-01
2.429999999999999716e+00 2.157684623726940643e-01
2.444999999999999840e+00 2.128464378095903942e-01
2.459999999999999964e+00 2.099761942726119657e-01
2.475000000000000089e+00 2.071565559811212320e-01
2.489999999999999769e+00 2.043866536861329852e-01
2.504999999999999893e+00 2.016653584530299637e-01
2.520000000000000018e+00 1.989918490383087157e-01
2.534999999999999698e+00 1.963650334626516059e-01
2.549999999999999822e+00 1.937841361078546931e-01
2.564999999999999947e+00 1.912481077621300540e-01
2.580000000000000071e+00 1.887562161904769720e-01
2.594999999999999751e+00 1.863074451517160723e-01
2.609999999999999876e+00 1.839011036825027590e-01
2.625000000000000000e+00 1.815362146337431704e-01
2.639999999999999680e+00 1.792121263257559494e-01
2.654999999999999805e+00 1.769278909671708200e-01
2.669999999999999929e+00 1.746828942909648408e-01
2.685000000000000053e+00 1.724762242736503082e-01
2.699999999999999734e+00 1.703073023007471432e-01
2.714999999999999858e+00 1.681752424168500015e-01
2.729999999999999982e+00 1.660795000050790948e-01
2.745000000000000107e+00 1.640192218597992524e-01
2.759999999999999787e+00 1.619938958066433621e-01
2.774999999999999911e+00 1.600026916991570125e-01
2.790000000000000036e+00 1.580451283452616318e-01
2.804999999999999716e+00 1.561204055966300963e-01
2.819999999999999840e+00 1.542280718734872769e-01
2.834999999999999964e+00 1.523673473210703233e-01
2.850000000000000089e+00 1.505378086878121913e-01
2.864999999999999769e+00 1.487387035969278959e-01
2.879999999999999893e+00 1.469696359228189197e-01
2.895000000000000018e+00 1.452298710267222182e-01
2.909999999999999698e+00 1.435190387848537252e-01
2.924999999999999822e+00 1.418364297166892496e-01
2.939999999999999947e+00 1.401816986506757845e-01
2.955000000000000071e+00 1.385541514691931986e-01
2.969999999999999751e+00 1.369534669746646782e-01
2.984999999999999876e+00 1.353789740605557401e-01
3.000000000000000000e+00 1.338303745932964139e-01
3.014999999999999680e+00 1.323070106078534924e-01
3.029999999999999805e+00 1.308086061901654884e-01
3.044999999999999929e+00 1.293345243866392824e-01
3.060000000000000053e+00 1.278845107211102894e-01
3.074999999999999734e+00 1.264579392895912591e-01
3.089999999999999858e+00 1.250545763326816329e-01
3.104999999999999982e+00 1.236738150828616822e-01
3.120000000000000107e+00 1.223154418346414224e-01
3.134999999999999787e+00 1.209788588855422453e-01
3.149999999999999911e+00 1.196638719773775450e-01
3.165000000000000036e+00 1.183699007728726271e-01
3.179999999999999716e+00 1.170967699089385805e-01
3.194999999999999840e+00 1.158439062156052940e-01
3.209999999999999964e+00 1.146111527253958762e-01
3.225000000000000089e+00 1.133979519465646985e-01
3.239999999999999769e+00 1.122041648589643670e-01
3.254999999999999893e+00 1.110292393080518497e-01
3.270000000000000018e+00 1.098730538225872050e-01
3.284999999999999698e+00 1.087350703052856749e-01
3.299999999999999822e+00 1.076151844840150390e-01
3.314999999999999947e+00 1.065128618180845588e-01
3.330000000000000071e+00 1.054280149322535248e-01
3.344999999999999751e+00 1.043601217708319956e-01
3.359999999999999876e+00 1.033091115999254794e-01
3.375000000000000000e+00 1.022744641719151998e-01
3.389999999999999680e+00 1.012561251845977284e-01
3.404999999999999805e+00 1.002535853351147616e-01
3.419999999999999929e+00 9.926680658854969419e-02
3.435000000000000053e+00 9.829527971679953569e-02
3.449999999999999734e+00 9.733898283260478124e-02
3.464999999999999858e+00 9.639741612812367799e-02
