# Electrodo circular de radio 6 mm y espesor 710.0 um.
# Volumen de simulacion (convencion z,y,x):
# N: 1024 x 1024 x 1024 | voxelSize:  0.02mm x 0.02mm x 0.02mm | FOV:  20.48mm x 20.48mm x 20.48mm
# 
# z [mm]		 delta[ppm]
0.000000000000000000e+00 6.040420195766941447e+00
2.000000000000000042e-02 5.873088231247825419e+00
4.000000000000000083e-02 5.706201274851125937e+00
5.999999999999999778e-02 5.540506918652912560e+00
8.000000000000000167e-02 5.376710694155996784e+00
1.000000000000000056e-01 5.215459338643536391e+00
1.199999999999999956e-01 5.057330096623106286e+00
1.400000000000000133e-01 4.902823326997546083e+00
1.600000000000000033e-01 4.752358925433214587e+00
1.799999999999999933e-01 4.606275792509659794e+00
2.000000000000000111e-01 4.464834238270931621e+00
2.200000000000000011e-01 4.328220529419325224e+00
2.399999999999999911e-01 4.196553134719698264e+00
2.600000000000000089e-01 4.069889971836446740e+00
2.800000000000000266e-01 3.948236206165653961e+00
2.999999999999999889e-01 3.831552121622253004e+00
3.200000000000000067e-01 3.719760749819872814e+00
3.400000000000000244e-01 3.612755012683748213e+00
3.599999999999999867e-01 3.510404213860626399e+00
3.800000000000000044e-01 3.412559818967072278e+00
4.000000000000000222e-01 3.319060464519333120e+00
4.199999999999999845e-01 3.229736252708458544e+00
4.400000000000000022e-01 3.144412323696452294e+00
4.600000000000000200e-01 3.062911822981408072e+00
4.799999999999999822e-01 2.985058268139375581e+00
5.000000000000000000e-01 2.910677456260648110e+00
5.200000000000000178e-01 2.839598906625241170e+00
5.400000000000000355e-01 2.771656984089777787e+00
5.600000000000000533e-01 2.706691678414312907e+00
5.799999999999999600e-01 2.644549181077507694e+00
5.999999999999999778e-01 2.585082213543529850e+00
6.199999999999999956e-01 2.528150242626542088e+00
6.400000000000000133e-01 2.473619517394925360e+00
6.600000000000000311e-01 2.421363058344069952e+00
6.800000000000000488e-01 2.371260516767392801e+00
7.000000000000000666e-01 2.323198031943994213e+00
7.199999999999999734e-01 2.277067990649967122e+00
7.399999999999999911e-01 2.232768815425243858e+00
7.600000000000000089e-01 2.190204675329112227e+00
7.800000000000000266e-01 2.149285245937868183e+00
8.000000000000000444e-01 2.109925403647352926e+00
8.200000000000000622e-01 2.072044982536364266e+00
8.399999999999999689e-01 2.035568471764556353e+00
8.599999999999999867e-01 2.000424784013703938e+00
8.800000000000000044e-01 1.966546967026661097e+00
9.000000000000000222e-01 1.933871991532737367e+00
9.200000000000000400e-01 1.902340482541049038e+00
9.400000000000000577e-01 1.871896530332628483e+00
9.599999999999999645e-01 1.842487443680665526e+00
9.799999999999999822e-01 1.814063584838890630e+00
1.000000000000000000e+00 1.786578144827789094e+00
1.020000000000000018e+00 1.759987001790365824e+00
1.040000000000000036e+00 1.734248517289877389e+00
1.060000000000000053e+00 1.709323416554011432e+00
1.080000000000000071e+00 1.685174604140968757e+00
1.100000000000000089e+00 1.661767064186285170e+00
1.120000000000000107e+00 1.639067693518359681e+00
1.140000000000000124e+00 1.617045219889009733e+00
1.159999999999999920e+00 1.595670050589908850e+00
1.179999999999999938e+00 1.574914206673982298e+00
1.199999999999999956e+00 1.554751185183064210e+00
1.219999999999999973e+00 1.535155907482907756e+00
1.239999999999999991e+00 1.516104593365674269e+00
1.260000000000000009e+00 1.497574721779675322e+00
1.280000000000000027e+00 1.479544915223819368e+00
1.300000000000000044e+00 1.461994911328585056e+00
1.320000000000000062e+00 1.444905456147000722e+00
1.340000000000000080e+00 1.428258285217859802e+00
1.360000000000000098e+00 1.412036024515156196e+00
1.380000000000000115e+00 1.396222179790600260e+00
1.400000000000000133e+00 1.380801044112821341e+00
1.419999999999999929e+00 1.365757694437958136e+00
1.439999999999999947e+00 1.351077904802197249e+00
1.459999999999999964e+00 1.336748149205915448e+00
1.479999999999999982e+00 1.322755519661076740e+00
1.500000000000000000e+00 1.309087734594854169e+00
1.520000000000000018e+00 1.295733061055744040e+00
1.540000000000000036e+00 1.282680327948543475e+00
1.560000000000000053e+00 1.269918851810346361e+00
1.580000000000000071e+00 1.257438454280478846e+00
1.600000000000000089e+00 1.245229390933378699e+00
1.620000000000000107e+00 1.233282372466741661e+00
1.640000000000000124e+00 1.221588496160202375e+00
1.660000000000000142e+00 1.210139270333367767e+00
1.679999999999999938e+00 1.198926548053873553e+00
1.699999999999999956e+00 1.187942554476058676e+00
1.719999999999999973e+00 1.177179822484178517e+00
1.739999999999999991e+00 1.166631222572965143e+00
1.760000000000000009e+00 1.156289900150434313e+00
1.780000000000000027e+00 1.146149307665124351e+00
1.800000000000000044e+00 1.136203143340277721e+00
1.820000000000000062e+00 1.126445385289747581e+00
1.840000000000000080e+00 1.116870231482120834e+00
1.860000000000000098e+00 1.107472135619360198e+00
1.880000000000000115e+00 1.098245748165790348e+00
1.900000000000000133e+00 1.089185953790944072e+00
1.919999999999999929e+00 1.080287813316459289e+00
1.939999999999999947e+00 1.071546602548305138e+00
1.959999999999999964e+00 1.062957755022912787e+00
1.979999999999999982e+00 1.054516902074177587e+00
2.000000000000000000e+00 1.046219816272017322e+00
2.020000000000000018e+00 1.038062452587152684e+00
2.040000000000000036e+00 1.030040892437589672e+00
2.060000000000000053e+00 1.022151385829208392e+00
2.080000000000000071e+00 1.014390295933004893e+00
2.100000000000000089e+00 1.006754142092632476e+00
2.120000000000000107e+00 9.992395448731987706e-01
2.140000000000000124e+00 9.918432698381515200e-01
2.160000000000000142e+00 9.845621730144256123e-01
2.180000000000000160e+00 9.773932453509297513e-01
2.200000000000000178e+00 9.703335585595888046e-01
2.220000000000000195e+00 9.633803101761551080e-01
2.240000000000000213e+00 9.565307697383009788e-01
2.260000000000000231e+00 9.497823243769409896e-01
2.280000000000000249e+00 9.431324253048712913e-01
2.300000000000000266e+00 9.365786338732499106e-01
2.319999999999999840e+00 9.301185683441228758e-01
2.339999999999999858e+00 9.237499503523932676e-01
2.359999999999999876e+00 9.174705519461786585e-01
2.379999999999999893e+00 9.112782423995274828e-01
2.399999999999999911e+00 9.051709355030828075e-01
2.419999999999999929e+00 8.991466366772300489e-01
2.439999999999999947e+00 8.932033905047921385e-01
2.459999999999999964e+00 8.873393280981025644e-01
2.479999999999999982e+00 8.815526148630471459e-01
2.500000000000000000e+00 8.758414980769869684e-01
2.520000000000000018e+00 8.702042548817180423e-01
2.540000000000000036e+00 8.646392400321747385e-01
2.560000000000000053e+00 8.591448341127271293e-01
2.580000000000000071e+00 8.537194914192951511e-01
2.600000000000000089e+00 8.483616884009121950e-01
2.620000000000000107e+00 8.430699716402749733e-01
2.640000000000000124e+00 8.378429065188053304e-01
2.660000000000000142e+00 8.326791252627904205e-01
2.680000000000000160e+00 8.275772758371500171e-01
2.700000000000000178e+00 8.225360700262334124e-01
2.720000000000000195e+00 8.175542325573577074e-01
2.740000000000000213e+00 8.126305491870906561e-01
2.760000000000000231e+00 8.077638160621484209e-01
2.780000000000000249e+00 8.029528877835439005e-01
2.800000000000000266e+00 7.981966270079967618e-01
2.819999999999999840e+00 7.934939524637355523e-01
2.839999999999999858e+00 7.888437888017851840e-01
2.859999999999999876e+00 7.842451145385251898e-01
2.879999999999999893e+00 7.796969121614770737e-01
2.899999999999999911e+00 7.751982159749104540e-01
2.919999999999999929e+00 7.707480624707612193e-01
2.939999999999999947e+00 7.663455380546158047e-01
2.959999999999999964e+00 7.619897296874665882e-01
2.979999999999999982e+00 7.576797724704457115e-01
3.000000000000000000e+00 7.534148005688996452e-01
3.020000000000000018e+00 7.491939946351732216e-01
3.040000000000000036e+00 7.450165330213786019e-01
3.060000000000000053e+00 7.408816390203677438e-01
3.080000000000000071e+00 7.367885323792978669e-01
3.100000000000000089e+00 7.327364763397076208e-01
3.120000000000000107e+00 7.287247294587088087e-01
3.140000000000000124e+00 7.247525924298471312e-01
3.160000000000000142e+00 7.208193602243467835e-01
3.180000000000000160e+00 7.169243686751533007e-01
3.200000000000000178e+00 7.130669469452473042e-01
3.220000000000000195e+00 7.092464638579242253e-01
3.240000000000000213e+00 7.054622807047641331e-01
3.260000000000000231e+00 7.017137973058177325e-01
3.280000000000000249e+00 6.980004051643263763e-01
3.300000000000000266e+00 6.943215332410537233e-01
3.320000000000000284e+00 6.906766014683757282e-01
3.339999999999999858e+00 6.870650662235876505e-01
3.359999999999999876e+00 6.834863742093627570e-01
3.379999999999999893e+00 6.799400076113719660e-01
3.399999999999999911e+00 6.764254383576568941e-01
3.419999999999999929e+00 6.729421729464233337e-01
3.439999999999999947e+00 6.694897070911450809e-01
3.459999999999999964e+00 6.660675702048775015e-01
3.479999999999999982e+00 6.626752804434520305e-01
3.500000000000000000e+00 6.593123888331487992e-01
3.520000000000000018e+00 6.559784347185233511e-01
3.540000000000000036e+00 6.526729895206972998e-01
3.560000000000000053e+00 6.493956126019604369e-01
3.580000000000000071e+00 6.461458946423943583e-01
3.600000000000000089e+00 6.429234139274629944e-01
3.620000000000000107e+00 6.397277793310897076e-01
3.640000000000000124e+00 6.365585870380899847e-01
3.660000000000000142e+00 6.334154631222634890e-01
3.680000000000000160e+00 6.302980207094841525e-01
3.700000000000000178e+00 6.272059021397218270e-01
3.720000000000000195e+00 6.241387365823487521e-01
3.740000000000000213e+00 6.210961817714252264e-01
3.760000000000000231e+00 6.180778820786048122e-01
3.780000000000000249e+00 6.150835098113719424e-01
3.800000000000000266e+00 6.121127237547546729e-01
3.820000000000000284e+00 6.091652100225670718e-01
3.839999999999999858e+00 6.062406410728943262e-01
3.859999999999999876e+00 6.033387161027350398e-01
3.879999999999999893e+00 6.004591205480789284e-01
3.899999999999999911e+00 5.976015660127331763e-01
3.919999999999999929e+00 5.947657502574686950e-01
3.939999999999999947e+00 5.919513966541104510e-01
3.959999999999999964e+00 5.891582146742126991e-01
3.979999999999999982e+00 5.863859388598259281e-01
4.000000000000000000e+00 5.836342898157290682e-01
4.020000000000000462e+00 5.809030126885980083e-01
4.040000000000000036e+00 5.781918386728417403e-01
4.060000000000000497e+00 5.755005229902492303e-01
4.080000000000000071e+00 5.728288069129570115e-01
4.099999999999999645e+00 5.701764552359175342e-01
4.120000000000000107e+00 5.675432188266684719e-01
4.139999999999999680e+00 5.649288715832750940e-01
4.160000000000000142e+00 5.623331735139687204e-01
4.179999999999999716e+00 5.597559071734854452e-01
4.200000000000000178e+00 5.571968412818445460e-01
4.219999999999999751e+00 5.546557666323487235e-01
4.240000000000000213e+00 5.521324602520404357e-01
4.259999999999999787e+00 5.496267207748565253e-01
4.280000000000000249e+00 5.471383331526814553e-01
4.299999999999999822e+00 5.446671034874395190e-01
4.320000000000000284e+00 5.422128242948077714e-01
4.339999999999999858e+00 5.397753087892784851e-01
4.360000000000000320e+00 5.373543567090759421e-01
4.379999999999999893e+00 5.349497880485126755e-01
4.400000000000000355e+00 5.325614094456676550e-01
4.419999999999999929e+00 5.301890473565905593e-01
4.440000000000000391e+00 5.278325150139265842e-01
4.459999999999999964e+00 5.254916450377845605e-01
4.480000000000000426e+00 5.231662569664232709e-01
4.500000000000000000e+00 5.208561892987896291e-01
4.520000000000000462e+00 5.185612676051165604e-01
4.540000000000000036e+00 5.162813359964414373e-01
4.560000000000000497e+00 5.140162258157303654e-01
4.580000000000000071e+00 5.117657865298804731e-01
4.600000000000000533e+00 5.095298550088811496e-01
4.620000000000000107e+00 5.073082858360433711e-01
4.639999999999999680e+00 5.051009211753855199e-01
4.660000000000000142e+00 5.029076204960295504e-01
4.679999999999999716e+00 5.007282310349921994e-01
4.700000000000000178e+00 4.985626169319367085e-01
4.719999999999999751e+00 4.964106302871085230e-01
4.740000000000000213e+00 4.942721397027983743e-01
4.759999999999999787e+00 4.921470019433145104e-01
4.780000000000000249e+00 4.900350898797437016e-01
4.799999999999999822e+00 4.879362647512731077e-01
4.820000000000000284e+00 4.858504035100141838e-01
4.839999999999999858e+00 4.837773716902663002e-01
4.860000000000000320e+00 4.817170501503855728e-01
4.879999999999999893e+00 4.796693085488932806e-01
4.900000000000000355e+00 4.776340314805145315e-01
4.919999999999999929e+00 4.756110925654745691e-01
4.940000000000000391e+00 4.736003799770548417e-01
4.959999999999999964e+00 4.716017711425708470e-01
4.980000000000000426e+00 4.696151576599212896e-01
5.000000000000000000e+00 4.676404206163573551e-01
5.020000000000000462e+00 4.656774548917171908e-01
5.040000000000000036e+00 4.637261450930790785e-01
5.060000000000000497e+00 4.617863892425083661e-01
5.080000000000000071e+00 4.598580753334697291e-01
5.100000000000000533e+00 4.579411044010883725e-01
5.120000000000000107e+00 4.560353676980680726e-01
5.139999999999999680e+00 4.541407691455905948e-01
5.160000000000000142e+00 4.522572031344098131e-01
5.179999999999999716e+00 4.503845763546989178e-01
5.200000000000000178e+00 4.485227862197053161e-01
5.219999999999999751e+00 4.466717420729667820e-01
5.240000000000000213e+00 4.448313442400090301e-01
5.259999999999999787e+00 4.430015046115146071e-01
5.280000000000000249e+00 4.411821263201174403e-01
5.299999999999999822e+00 4.393731236982161836e-01
5.320000000000000284e+00 4.375744025851703300e-01
5.339999999999999858e+00 4.357858796586239203e-01
5.360000000000000320e+00 4.340074633688170702e-01
5.379999999999999893e+00 4.322390726423534502e-01
5.400000000000000355e+00 4.304806184488170206e-01
5.419999999999999929e+00 4.287320218760583557e-01
5.440000000000000391e+00 4.269931963255394480e-01
5.459999999999999964e+00 4.252640649583042110e-01
5.480000000000000426e+00 4.235445435241018686e-01
5.500000000000000000e+00 4.218345571773528535e-01
5.520000000000000462e+00 4.201340239361692763e-01
5.540000000000000036e+00 4.184428708677023767e-01
5.560000000000000497e+00 4.167610181820015081e-01
5.580000000000000071e+00 4.150883947862455403e-01
5.600000000000000533e+00 4.134249230093052230e-01
5.620000000000000107e+00 4.117705335244156717e-01
5.639999999999999680e+00 4.101251507093015558e-01
5.660000000000000142e+00 4.084887069369894652e-01
5.679999999999999716e+00 4.068611285670829525e-01
5.700000000000000178e+00 4.052423496044494922e-01
5.719999999999999751e+00 4.036322983264465369e-01
5.740000000000000213e+00 4.020309103093351877e-01
5.759999999999999787e+00 4.004381156868058733e-01
5.780000000000000249e+00 3.988538515440065435e-01
5.799999999999999822e+00 3.972780498121180615e-01
5.820000000000000284e+00 3.957106490300034696e-01
5.839999999999999858e+00 3.941515828699392321e-01
5.860000000000000320e+00 3.926007912669152722e-01
5.879999999999999893e+00 3.910582095802538349e-01
5.900000000000000355e+00 3.895237790906788677e-01
5.919999999999999929e+00 3.879974367927261358e-01
5.940000000000000391e+00 3.864791252597233884e-01
5.959999999999999964e+00 3.849687830717132830e-01
5.980000000000000426e+00 3.834663540485724886e-01
6.000000000000000000e+00 3.819717783081607587e-01
6.020000000000000462e+00 3.804850008678180573e-01
6.040000000000000036e+00 3.790059633374572856e-01
6.060000000000000497e+00 3.775346118897744963e-01
6.080000000000000071e+00 3.760708895828132059e-01
6.100000000000000533e+00 3.746147436992012802e-01
6.120000000000000107e+00 3.731661187029409743e-01
6.140000000000000568e+00 3.717249629480816053e-01
6.160000000000000142e+00 3.702912222640861173e-01
6.179999999999999716e+00 3.688648460343270097e-01
6.200000000000000178e+00 3.674457814148308077e-01
6.219999999999999751e+00 3.660339787830548808e-01
6.240000000000000213e+00 3.646293865842156756e-01
6.259999999999999787e+00 3.632319561507817429e-01
6.280000000000000249e+00 3.618416371812432364e-01
6.299999999999999822e+00 3.604583819308345705e-01
6.320000000000000284e+00 3.590821413167988863e-01
6.339999999999999858e+00 3.577128684808058567e-01
6.360000000000000320e+00 3.563505155256597723e-01
6.379999999999999893e+00 3.549950364499528388e-01
6.400000000000000355e+00 3.536463845101370240e-01
6.419999999999999929e+00 3.523045145278949075e-01
6.440000000000000391e+00 3.509693808826240269e-01
6.459999999999999964e+00 3.496409391920858312e-01
6.480000000000000426e+00 3.483191449290942709e-01
6.500000000000000000e+00 3.470039544759301875e-01
6.520000000000000462e+00 3.456953243704045664e-01
6.540000000000000036e+00 3.443932117345921418e-01
6.560000000000000497e+00 3.430975741439535320e-01
6.580000000000000071e+00 3.418083694308682863e-01
6.600000000000000533e+00 3.405255561821233234e-01
6.620000000000000107e+00 3.392490929177760517e-01
6.640000000000000568e+00 3.379789392105945200e-01
6.660000000000000142e+00 3.367150542407080782e-01
6.679999999999999716e+00 3.354573985424587623e-01
6.700000000000000178e+00 3.342059319353462565e-01
6.719999999999999751e+00 3.329606158917813863e-01
6.740000000000000213e+00 3.317214108447523735e-01
6.759999999999999787e+00 3.304882791820933918e-01
6.780000000000000249e+00 3.292611819313422949e-01
6.799999999999999822e+00 3.280400823739462179e-01
6.820000000000000284e+00 3.268249421076709349e-01
6.839999999999999858e+00 3.256157252865625185e-01
6.860000000000000320e+00 3.244123940612971824e-01
6.879999999999999893e+00 3.232149134382576450e-01
6.900000000000000355e+00 3.220232460981480305e-01
6.919999999999999929e+00 3.208373578801653192e-01
6.940000000000000391e+00 3.196572119792159272e-01
6.959999999999999964e+00 3.184827750484875430e-01
6.980000000000000426e+00 3.173140107755019756e-01
7.000000000000000000e+00 3.161508866092964110e-01
7.020000000000000462e+00 3.149933667155591643e-01
7.040000000000000036e+00 3.138414193216785830e-01
7.060000000000000497e+00 3.126950090511095293e-01
7.080000000000000071e+00 3.115541048927163437e-01
7.100000000000000533e+00 3.104186719145432538e-01
7.120000000000000107e+00 3.092886798506613300e-01
7.140000000000000568e+00 3.081640941943763479e-01
7.160000000000000142e+00 3.070448854092721613e-01
7.179999999999999716e+00 3.059310194019118634e-01
7.200000000000000178e+00 3.048224673502504256e-01
7.219999999999999751e+00 3.037191955557631551e-01
7.240000000000000213e+00 3.026211758961745435e-01
7.259999999999999787e+00 3.015283750569500709e-01
7.280000000000000249e+00 3.004407656014906891e-01
7.299999999999999822e+00 2.993583145817965696e-01
7.320000000000000284e+00 2.982809952333512205e-01
7.339999999999999858e+00 2.972087749647721044e-01
7.360000000000000320e+00 2.961416276705094441e-01
7.379999999999999893e+00 2.950795210991523088e-01
7.400000000000000355e+00 2.940224297914622031e-01
7.419999999999999929e+00 2.929703218270026666e-01
7.440000000000000391e+00 2.919231723806344769e-01
7.459999999999999964e+00 2.908809498469882016e-01
7.480000000000000426e+00 2.898436300232399288e-01
7.500000000000000000e+00 2.888111816109500962e-01
7.520000000000000462e+00 2.877835810182334253e-01
7.540000000000000036e+00 2.867607972383464654e-01
7.560000000000000497e+00 2.857428072793740670e-01
7.580000000000000071e+00 2.847295804189151625e-01
7.600000000000000533e+00 2.837210942544333148e-01
7.620000000000000107e+00 2.827173183332398754e-01
7.640000000000000568e+00 2.817182308319639561e-01
7.660000000000000142e+00 2.807238015610221127e-01
7.679999999999999716e+00 2.797340092663467281e-01
7.700000000000000178e+00 2.787488240073666690e-01
7.719999999999999751e+00 2.777682250898101390e-01
7.740000000000000213e+00 2.767921828161962194e-01
7.759999999999999787e+00 2.758206770428757171e-01
7.780000000000000249e+00 2.748536783018537544e-01
7.799999999999999822e+00 2.738911669912509894e-01
7.820000000000000284e+00 2.729331138672792534e-01
7.839999999999999858e+00 2.719794998612918846e-01
7.860000000000000320e+00 2.710302959405392897e-01
7.879999999999999893e+00 2.700854835613789584e-01
7.900000000000000355e+00 2.691450338974091805e-01
7.919999999999999929e+00 2.682089289220549455e-01
7.940000000000000391e+00 2.672771400024875899e-01
7.959999999999999964e+00 2.663496496215474463e-01
7.980000000000000426e+00 2.654264293358458149e-01
8.000000000000000000e+00 2.645074621302582196e-01
8.019999999999999574e+00 2.635927197384092535e-01
8.040000000000000924e+00 2.626821856401084787e-01
8.060000000000000497e+00 2.617758317423680148e-01
8.080000000000000071e+00 2.608736420130854383e-01
8.099999999999999645e+00 2.599755885205430883e-01
8.120000000000000995e+00 2.590816557141280563e-01
8.140000000000000568e+00 2.581918158202611280e-01
8.160000000000000142e+00 2.573060537634674350e-01
8.179999999999999716e+00 2.564243419164485838e-01
8.199999999999999289e+00 2.555466656727639063e-01
8.220000000000000639e+00 2.546729975487057596e-01
8.240000000000000213e+00 2.538033234009889338e-01
8.259999999999999787e+00 2.529376158778776085e-01
8.279999999999999361e+00 2.520758612935894982e-01
8.300000000000000711e+00 2.512180324260948616e-01
8.320000000000000284e+00 2.503641160416761324e-01
8.339999999999999858e+00 2.495140850365916430e-01
8.359999999999999432e+00 2.486679266239734121e-01
8.380000000000000782e+00 2.478256138164873223e-01
8.400000000000000355e+00 2.469871342691039584e-01
8.419999999999999929e+00 2.461524610996495832e-01
8.439999999999999503e+00 2.453215824001206968e-01
8.460000000000000853e+00 2.444944713920018386e-01
8.480000000000000426e+00 2.436711165996996165e-01
8.500000000000000000e+00 2.428514913372456230e-01
8.519999999999999574e+00 2.420355845570443531e-01
8.540000000000000924e+00 2.412233696645059711e-01
8.560000000000000497e+00 2.404148360358036862e-01
8.580000000000000071e+00 2.396099571567335551e-01
8.599999999999999645e+00 2.388087228231853543e-01
8.620000000000000995e+00 2.380111066005030362e-01
8.640000000000000568e+00 2.372170987004267040e-01
8.660000000000000142e+00 2.364266727569355464e-01
8.679999999999999716e+00 2.356398193939333308e-01
8.700000000000001066e+00 2.348565123134974952e-01
8.720000000000000639e+00 2.340767425481773412e-01
8.740000000000000213e+00 2.333004838572925732e-01
8.759999999999999787e+00 2.325277276786906211e-01
8.779999999999999361e+00 2.317584478286889293e-01
8.800000000000000711e+00 2.309926361472434408e-01
8.820000000000000284e+00 2.302302664968503554e-01
8.839999999999999858e+00 2.294713311165580139e-01
8.859999999999999432e+00 2.287158039150614663e-01
8.880000000000000782e+00 2.279636775276376870e-01
8.900000000000000355e+00 2.272149258983724995e-01
8.919999999999999929e+00 2.264695420560657035e-01
8.939999999999999503e+00 2.257274999804707860e-01
8.960000000000000853e+00 2.249887930913604395e-01
8.980000000000000426e+00 2.242533953933331381e-01
9.000000000000000000e+00 2.235213006947350534e-01
9.019999999999999574e+00 2.227924830255265942e-01
9.040000000000000924e+00 2.220669365803748241e-01
9.060000000000000497e+00 2.213446354037494901e-01
9.080000000000000071e+00 2.206255740745341476e-01
9.099999999999999645e+00 2.199097266524527583e-01
9.120000000000000995e+00 2.191970880986421066e-01
9.140000000000000568e+00 2.184876324771689027e-01
9.160000000000000142e+00 2.177813551296188810e-01
9.179999999999999716e+00 2.170782301253486035e-01
9.200000000000001066e+00 2.163782531847151802e-01
9.220000000000000639e+00 2.156813983713913307e-01
9.240000000000000213e+00 2.149876617829655223e-01
9.259999999999999787e+00 2.142970174785803206e-01
9.279999999999999361e+00 2.136094619316592780e-01
9.300000000000000711e+00 2.129249691857384719e-01
9.320000000000000284e+00 2.122435360888180744e-01
9.339999999999999858e+00 2.115651366701710723e-01
9.359999999999999432e+00 2.108897681512549860e-01
9.380000000000000782e+00 2.102174045358830290e-01
9.400000000000000355e+00 2.095480434179759210e-01
9.419999999999999929e+00 2.088816587774187106e-01
9.439999999999999503e+00 2.082182485797428872e-01
9.460000000000000853e+00 2.075577867695713452e-01
9.480000000000000426e+00 2.069002716833219513e-01
9.500000000000000000e+00 2.062456772320510612e-01
9.519999999999999574e+00 2.055940021224750558e-01
9.540000000000000924e+00 2.049452202206056284e-01
9.560000000000000497e+00 2.042993306029946832e-01
9.580000000000000071e+00 2.036563070924596042e-01
9.599999999999999645e+00 2.030161491350646330e-01
9.620000000000000995e+00 2.023788304987771125e-01
