# Electrodo circular de radio 6 mm y espesor 710.0 um.
# Volumen de simulacion (convencion z,y,x):
# N: 1024 x 1024 x 1024 | voxelSize:  0.02mm x 0.02mm x 0.02mm | FOV:  20.48mm x 20.48mm x 20.48mm
# 
# z [mm]		 delta[ppm]
0.000000000000000000e+00 2.639254134801688689e+00
2.000000000000000042e-02 2.635171318604246249e+00
4.000000000000000083e-02 2.630969820749045507e+00
5.999999999999999778e-02 2.626650832302961369e+00
8.000000000000000167e-02 2.622215555113026841e+00
1.000000000000000056e-01 2.617665221671693132e+00
1.199999999999999956e-01 2.613001084969579946e+00
1.400000000000000133e-01 2.608224426471028146e+00
1.600000000000000033e-01 2.603336547534927714e+00
1.799999999999999933e-01 2.598338775575470549e+00
2.000000000000000111e-01 2.593232456776368267e+00
2.200000000000000011e-01 2.588018961709481758e+00
2.399999999999999911e-01 2.582699677877153821e+00
2.600000000000000089e-01 2.577276015410704169e+00
2.800000000000000266e-01 2.571749399611474640e+00
2.999999999999999889e-01 2.566121276778141169e+00
3.200000000000000067e-01 2.560393106475675307e+00
3.400000000000000244e-01 2.554566367571427854e+00
3.599999999999999867e-01 2.548642550351800651e+00
3.800000000000000044e-01 2.542623162773064660e+00
4.000000000000000222e-01 2.536509722306098169e+00
4.199999999999999845e-01 2.530303762429533698e+00
4.400000000000000022e-01 2.524006824279904304e+00
4.600000000000000200e-01 2.517620463387774343e+00
4.799999999999999822e-01 2.511146241067572671e+00
5.000000000000000000e-01 2.504585731408651483e+00
5.200000000000000178e-01 2.497940512459107865e+00
5.400000000000000355e-01 2.491212173470708890e+00
5.600000000000000533e-01 2.484402305836518998e+00
5.799999999999999600e-01 2.477512510595178963e+00
5.999999999999999778e-01 2.470544389162820043e+00
6.199999999999999956e-01 2.463499551094771700e+00
6.400000000000000133e-01 2.456379604585693599e+00
6.600000000000000311e-01 2.449186164490789075e+00
6.800000000000000488e-01 2.441920842625802557e+00
7.000000000000000666e-01 2.434585256045124879e+00
7.199999999999999734e-01 2.427181017124151907e+00
7.399999999999999911e-01 2.419709742094266591e+00
7.600000000000000089e-01 2.412173040933138779e+00
7.800000000000000266e-01 2.404572526153372802e+00
8.000000000000000444e-01 2.396909802488782049e+00
8.200000000000000622e-01 2.389186475935182408e+00
8.399999999999999689e-01 2.381404143253932126e+00
8.599999999999999867e-01 2.373564401261028411e+00
8.800000000000000044e-01 2.365668836139748432e+00
9.000000000000000222e-01 2.357719032975313933e+00
9.200000000000000400e-01 2.349716564894766879e+00
9.400000000000000577e-01 2.341663002842799379e+00
9.599999999999999645e-01 2.333559904543272889e+00
9.799999999999999822e-01 2.325408824512558148e+00
1.000000000000000000e+00 2.317211302858462663e+00
1.020000000000000018e+00 2.308968875526016262e+00
1.040000000000000036e+00 2.300683062930195533e+00
1.060000000000000053e+00 2.292355380429683898e+00
1.080000000000000071e+00 2.283987326807258356e+00
1.100000000000000089e+00 2.275580394965941444e+00
1.120000000000000107e+00 2.267136060254884455e+00
1.140000000000000124e+00 2.258655791382705669e+00
1.159999999999999920e+00 2.250141038601305876e+00
1.179999999999999938e+00 2.241593244830280440e+00
1.199999999999999956e+00 2.233013833697640838e+00
1.219999999999999973e+00 2.224404220869465654e+00
1.239999999999999991e+00 2.215765801958798686e+00
1.260000000000000009e+00 2.207099964054002772e+00
1.280000000000000027e+00 2.198408073495682569e+00
1.300000000000000044e+00 2.189691487597341002e+00
1.320000000000000062e+00 2.180951542300756163e+00
1.340000000000000080e+00 2.172189564081952184e+00
1.360000000000000098e+00 2.163406857485614676e+00
1.380000000000000115e+00 2.154604717209541942e+00
1.400000000000000133e+00 2.145784415527796085e+00
1.419999999999999929e+00 2.136947214546290219e+00
1.439999999999999947e+00 2.128094353515913362e+00
1.459999999999999964e+00 2.119227061251999444e+00
1.479999999999999982e+00 2.110346543346597326e+00
1.500000000000000000e+00 2.101453994744159726e+00
1.520000000000000018e+00 2.092550586854756922e+00
1.540000000000000036e+00 2.083637480278401899e+00
1.560000000000000053e+00 2.074715811827959833e+00
1.580000000000000071e+00 2.065786707394202448e+00
1.600000000000000089e+00 2.056851268880700800e+00
1.620000000000000107e+00 2.047910587201764443e+00
1.640000000000000124e+00 2.038965729137773408e+00
1.660000000000000142e+00 2.030017750457858927e+00
1.679999999999999938e+00 2.021067682698443058e+00
1.699999999999999956e+00 2.012116546402602957e+00
1.719999999999999973e+00 2.003165337830048909e+00
1.739999999999999991e+00 1.994215042304867014e+00
1.760000000000000009e+00 1.985266620860150377e+00
1.780000000000000027e+00 1.976321023685858380e+00
1.800000000000000044e+00 1.967379176716215650e+00
1.820000000000000062e+00 1.958441995169255101e+00
1.840000000000000080e+00 1.949510370080600907e+00
1.860000000000000098e+00 1.940585181926309355e+00
1.880000000000000115e+00 1.931667287111067388e+00
1.900000000000000133e+00 1.922757531665806763e+00
1.919999999999999929e+00 1.913856737694304977e+00
1.939999999999999947e+00 1.904965717137114822e+00
1.959999999999999964e+00 1.896085258184574407e+00
1.979999999999999982e+00 1.887216139098413681e+00
2.000000000000000000e+00 1.878359114595582691e+00
2.020000000000000018e+00 1.869514929718997465e+00
2.040000000000000036e+00 1.860684306200167226e+00
2.060000000000000053e+00 1.851867956370449875e+00
2.080000000000000071e+00 1.843066569507204377e+00
2.100000000000000089e+00 1.834280825776964274e+00
2.120000000000000107e+00 1.825511382573171693e+00
2.140000000000000124e+00 1.816758888482590928e+00
2.160000000000000142e+00 1.808023969619684035e+00
2.180000000000000160e+00 1.799307243607654705e+00
2.200000000000000178e+00 1.790609305917570948e+00
2.220000000000000195e+00 1.781930743855354216e+00
2.240000000000000213e+00 1.773272122911032200e+00
2.260000000000000231e+00 1.764634000743064757e+00
2.280000000000000249e+00 1.756016913545871416e+00
2.300000000000000266e+00 1.747421390022820820e+00
2.319999999999999840e+00 1.738847937777734387e+00
2.339999999999999858e+00 1.730297057267905281e+00
2.359999999999999876e+00 1.721769228227827631e+00
2.379999999999999893e+00 1.713264923593576183e+00
2.399999999999999911e+00 1.704784595964716321e+00
2.419999999999999929e+00 1.696328691491450602e+00
2.439999999999999947e+00 1.687897636383024924e+00
2.459999999999999964e+00 1.679491850748992432e+00
2.479999999999999982e+00 1.671111735160344391e+00
2.500000000000000000e+00 1.662757684436294126e+00
2.520000000000000018e+00 1.654430074266536765e+00
2.540000000000000036e+00 1.646129274934933884e+00
2.560000000000000053e+00 1.637855638009358294e+00
2.580000000000000071e+00 1.629609509993706462e+00
2.600000000000000089e+00 1.621391219093807790e+00
2.620000000000000107e+00 1.613201088789180337e+00
2.640000000000000124e+00 1.605039424681669491e+00
2.660000000000000142e+00 1.596906527978392498e+00
2.680000000000000160e+00 1.588802682431683877e+00
2.700000000000000178e+00 1.580728167724646527e+00
2.720000000000000195e+00 1.572683246509272159e+00
2.740000000000000213e+00 1.564668177686072248e+00
2.760000000000000231e+00 1.556683203549012351e+00
2.780000000000000249e+00 1.548728562950680621e+00
2.800000000000000266e+00 1.540804478561067725e+00
2.819999999999999840e+00 1.532911169909783711e+00
2.839999999999999858e+00 1.525048840767377234e+00
2.859999999999999876e+00 1.517217692056070488e+00
2.879999999999999893e+00 1.509417909360835530e+00
2.899999999999999911e+00 1.501649675700164943e+00
2.919999999999999929e+00 1.493913159175662919e+00
2.939999999999999947e+00 1.486208525594331142e+00
2.959999999999999964e+00 1.478535926264037847e+00
2.979999999999999982e+00 1.470895510458875899e+00
3.000000000000000000e+00 1.463287413369285472e+00
3.020000000000000018e+00 1.455711768402019990e+00
3.040000000000000036e+00 1.448168695292399555e+00
3.060000000000000053e+00 1.440658312230429283e+00
3.080000000000000071e+00 1.433180724144046403e+00
3.100000000000000089e+00 1.425736034642921313e+00
3.120000000000000107e+00 1.418324334480281612e+00
3.140000000000000124e+00 1.410945713305983729e+00
3.160000000000000142e+00 1.403600248315787002e+00
3.180000000000000160e+00 1.396288015805242200e+00
3.200000000000000178e+00 1.389009080014111497e+00
3.220000000000000195e+00 1.381763504472685034e+00
3.240000000000000213e+00 1.374551341050208819e+00
3.260000000000000231e+00 1.367372641085213392e+00
3.280000000000000249e+00 1.360227444645749406e+00
3.300000000000000266e+00 1.353115791435314241e+00
3.320000000000000284e+00 1.346037710273805921e+00
3.339999999999999858e+00 1.338993229770645055e+00
3.359999999999999876e+00 1.331982368034294151e+00
3.379999999999999893e+00 1.325005143104189376e+00
3.399999999999999911e+00 1.318061562897767214e+00
3.419999999999999929e+00 1.311151635392785231e+00
3.439999999999999947e+00 1.304275358819762642e+00
3.459999999999999964e+00 1.297432731586365628e+00
3.479999999999999982e+00 1.290623742724151368e+00
3.500000000000000000e+00 1.283848381546619954e+00
3.520000000000000018e+00 1.277106628358266827e+00
3.540000000000000036e+00 1.270398463837936642e+00
3.560000000000000053e+00 1.263723860019089207e+00
3.580000000000000071e+00 1.257082789390069788e+00
3.600000000000000089e+00 1.250475216153641878e+00
3.620000000000000107e+00 1.243901105035816190e+00
3.640000000000000124e+00 1.237360412833534262e+00
3.660000000000000142e+00 1.230853096923722356e+00
3.680000000000000160e+00 1.224379107107184783e+00
3.700000000000000178e+00 1.217938393809501418e+00
3.720000000000000195e+00 1.211530900230078478e+00
3.740000000000000213e+00 1.205156570226530333e+00
3.760000000000000231e+00 1.198815340776948624e+00
3.780000000000000249e+00 1.192507149539450140e+00
3.800000000000000266e+00 1.186231927636559380e+00
3.820000000000000284e+00 1.179989606881566955e+00
3.839999999999999858e+00 1.173780112893156868e+00
3.859999999999999876e+00 1.167603371980219684e+00
3.879999999999999893e+00 1.161459304595618747e+00
3.899999999999999911e+00 1.155347831871119446e+00
3.919999999999999929e+00 1.149268869418429651e+00
3.939999999999999947e+00 1.143222333505900190e+00
3.959999999999999964e+00 1.137208135215726168e+00
3.979999999999999982e+00 1.131226186254077781e+00
4.000000000000000000e+00 1.125276393472624870e+00
4.020000000000000462e+00 1.119358664303739648e+00
4.040000000000000036e+00 1.113472901655218505e+00
4.060000000000000497e+00 1.107619008962238638e+00
4.080000000000000071e+00 1.101796885463423026e+00
4.099999999999999645e+00 1.096006430861229841e+00
4.120000000000000107e+00 1.090247540988204644e+00
4.139999999999999680e+00 1.084520112067452358e+00
4.160000000000000142e+00 1.078824036777291884e+00
4.179999999999999716e+00 1.073159208103454443e+00
4.200000000000000178e+00 1.067525515810970438e+00
4.219999999999999751e+00 1.061922849879769704e+00
4.240000000000000213e+00 1.056351097392000504e+00
4.259999999999999787e+00 1.050810145542677487e+00
4.280000000000000249e+00 1.045299878951253314e+00
4.299999999999999822e+00 1.039820182238996082e+00
4.320000000000000284e+00 1.034370937773011701e+00
4.339999999999999858e+00 1.028952027801977032e+00
4.360000000000000320e+00 1.023563332641481693e+00
4.379999999999999893e+00 1.018204732359739406e+00
4.400000000000000355e+00 1.012876105412452210e+00
4.419999999999999929e+00 1.007577329870174010e+00
4.440000000000000391e+00 1.002308282511487070e+00
4.459999999999999964e+00 9.970688395836795337e-01
4.480000000000000426e+00 9.918588763624726079e-01
4.500000000000000000e+00 9.866782674375931261e-01
4.520000000000000462e+00 9.815268867479062243e-01
4.540000000000000036e+00 9.764046073835347395e-01
4.560000000000000497e+00 9.713113021045880480e-01
4.580000000000000071e+00 9.662468426514604358e-01
4.600000000000000533e+00 9.612111007559851483e-01
4.620000000000000107e+00 9.562039469515229984e-01
4.639999999999999680e+00 9.512252520847938042e-01
4.660000000000000142e+00 9.462748856173531786e-01
4.679999999999999716e+00 9.413527176469246305e-01
4.700000000000000178e+00 9.364586166918617005e-01
4.719999999999999751e+00 9.315924522302582167e-01
4.740000000000000213e+00 9.267540919589590809e-01
4.759999999999999787e+00 9.219434048592901609e-01
4.780000000000000249e+00 9.171602579221949103e-01
4.799999999999999822e+00 9.124045197488690473e-01
4.820000000000000284e+00 9.076760567335844243e-01
4.839999999999999858e+00 9.029747372080619838e-01
4.860000000000000320e+00 8.983004270735447383e-01
4.879999999999999893e+00 8.936529944972076978e-01
4.900000000000000355e+00 8.890323049850157311e-01
4.919999999999999929e+00 8.844382266390391489e-01
4.940000000000000391e+00 8.798706246626052385e-01
4.959999999999999964e+00 8.753293671868558334e-01
4.980000000000000426e+00 8.708143191996965404e-01
5.000000000000000000e+00 8.663253489504778582e-01
5.020000000000000462e+00 8.618623212942323475e-01
5.040000000000000036e+00 8.574251046828407219e-01
5.060000000000000497e+00 8.530135639160152383e-01
5.080000000000000071e+00 8.486275677278668494e-01
5.100000000000000533e+00 8.442669809360906497e-01
5.120000000000000107e+00 8.399316726323212690e-01
5.139999999999999680e+00 8.356215077209395714e-01
5.160000000000000142e+00 8.313363557221777889e-01
5.179999999999999716e+00 8.270760816919427993e-01
5.200000000000000178e+00 8.228405556461043657e-01
5.219999999999999751e+00 8.186296428527191082e-01
5.240000000000000213e+00 8.144432138864861059e-01
5.259999999999999787e+00 8.102811342847141551e-01
5.280000000000000249e+00 8.061432752404383839e-01
5.299999999999999822e+00 8.020295026134700578e-01
5.320000000000000284e+00 7.979396882711765615e-01
5.339999999999999858e+00 7.938736984459227042e-01
5.360000000000000320e+00 7.898314057320644510e-01
5.379999999999999893e+00 7.858126767810255098e-01
5.400000000000000355e+00 7.818173849636016470e-01
5.419999999999999929e+00 7.778453973939035704e-01
5.440000000000000391e+00 7.738965882655716166e-01
5.459999999999999964e+00 7.699708251957910754e-01
5.480000000000000426e+00 7.660679832445402848e-01
5.500000000000000000e+00 7.621879305698598950e-01
5.520000000000000462e+00 7.583305431388018825e-01
5.540000000000000036e+00 7.544956896850636419e-01
5.560000000000000497e+00 7.506832471208652047e-01
5.580000000000000071e+00 7.468930847880376200e-01
5.600000000000000533e+00 7.431250805795379666e-01
5.620000000000000107e+00 7.393791044750815944e-01
5.639999999999999680e+00 7.356550353815591858e-01
5.660000000000000142e+00 7.319527439442121697e-01
5.679999999999999716e+00 7.282721101147845433e-01
5.700000000000000178e+00 7.246130052291933632e-01
5.719999999999999751e+00 7.209753103127882756e-01
5.740000000000000213e+00 7.173588974154471165e-01
5.759999999999999787e+00 7.137636486628192722e-01
5.780000000000000249e+00 7.101894368397293489e-01
5.799999999999999822e+00 7.066361451968715679e-01
5.820000000000000284e+00 7.031036472733440679e-01
5.839999999999999858e+00 6.995918274677686011e-01
5.860000000000000320e+00 6.961005600907382851e-01
5.879999999999999893e+00 6.926297307099291700e-01
5.900000000000000355e+00 6.891792144231734252e-01
5.919999999999999929e+00 6.857488979866466217e-01
5.940000000000000391e+00 6.823386572992454768e-01
5.959999999999999964e+00 6.789483803235109027e-01
5.980000000000000426e+00 6.755779437719101610e-01
6.000000000000000000e+00 6.722272368297047551e-01
6.020000000000000462e+00 6.688961370336904411e-01
6.040000000000000036e+00 6.655845348067723766e-01
6.060000000000000497e+00 6.622923085196747994e-01
6.080000000000000071e+00 6.590193498465282129e-01
6.100000000000000533e+00 6.557655379999560719e-01
6.120000000000000107e+00 6.525307659176187158e-01
6.140000000000000568e+00 6.493149136610173455e-01
6.160000000000000142e+00 6.461178754424151682e-01
6.179999999999999716e+00 6.429395321776857353e-01
6.200000000000000178e+00 6.397797793636427199e-01
6.219999999999999751e+00 6.366384987751293467e-01
6.240000000000000213e+00 6.335155872023643386e-01
6.259999999999999787e+00 6.304109272824255372e-01
6.280000000000000249e+00 6.273244171067677843e-01
6.299999999999999822e+00 6.242559401771788918e-01
6.320000000000000284e+00 6.212053958932169939e-01
6.339999999999999858e+00 6.181726686226303169e-01
6.360000000000000320e+00 6.151576590790296395e-01
6.379999999999999893e+00 6.121602524967060255e-01
6.400000000000000355e+00 6.091803509084207091e-01
6.419999999999999929e+00 6.062178404144423771e-01
6.440000000000000391e+00 6.032726243709679581e-01
6.459999999999999964e+00 6.003445897431272105e-01
6.480000000000000426e+00 5.974336412140712760e-01
6.500000000000000000e+00 5.945396666116197215e-01
6.520000000000000462e+00 5.916625719486828805e-01
6.540000000000000036e+00 5.888022459131235786e-01
6.560000000000000497e+00 5.859585958497386393e-01
6.580000000000000071e+00 5.831315113028250341e-01
6.600000000000000533e+00 5.803209009505687632e-01
6.620000000000000107e+00 5.775266551896911515e-01
6.640000000000000568e+00 5.747486840326706536e-01
6.660000000000000142e+00 5.719868787237609720e-01
6.679999999999999716e+00 5.692411506100770735e-01
6.700000000000000178e+00 5.665113917781881003e-01
6.719999999999999751e+00 5.637975149096775551e-01
6.740000000000000213e+00 5.610994129273904063e-01
6.759999999999999787e+00 5.584169998467177765e-01
6.780000000000000249e+00 5.557501694204914910e-01
6.799999999999999822e+00 5.530988369967999585e-01
6.820000000000000284e+00 5.504628971514010649e-01
6.839999999999999858e+00 5.478422665635476196e-01
6.860000000000000320e+00 5.452368406246814736e-01
6.879999999999999893e+00 5.426465373432900474e-01
6.900000000000000355e+00 5.400712529185422994e-01
6.919999999999999929e+00 5.375109066858710927e-01
6.940000000000000391e+00 5.349653956440856284e-01
6.959999999999999964e+00 5.324346404529245458e-01
6.980000000000000426e+00 5.299185389020876213e-01
7.000000000000000000e+00 5.274170129726820644e-01
7.020000000000000462e+00 5.249299612364609624e-01
7.040000000000000036e+00 5.224573069926699009e-01
7.060000000000000497e+00 5.199989495856590649e-01
7.080000000000000071e+00 5.175548136293134371e-01
7.100000000000000533e+00 5.151247992310949986e-01
7.120000000000000107e+00 5.127088323157876770e-01
7.140000000000000568e+00 5.103068137438923069e-01
7.160000000000000142e+00 5.079186707471334827e-01
7.179999999999999716e+00 5.055443049289827240e-01
7.200000000000000178e+00 5.031836448239400683e-01
7.219999999999999751e+00 5.008365927678402052e-01
7.240000000000000213e+00 4.985030785936113151e-01
7.259999999999999787e+00 4.961830053588809353e-01
7.280000000000000249e+00 4.938763041904949969e-01
7.299999999999999822e+00 4.915828788567854213e-01
7.320000000000000284e+00 4.893026617738552853e-01
7.339999999999999858e+00 4.870355574097434692e-01
7.360000000000000320e+00 4.847814994650175846e-01
7.379999999999999893e+00 4.825403930959240029e-01
7.400000000000000355e+00 4.803121732825855195e-01
7.419999999999999929e+00 4.780967458580726026e-01
7.440000000000000391e+00 4.758940470770617881e-01
7.459999999999999964e+00 4.737039834375881275e-01
7.480000000000000426e+00 4.715264924637854183e-01
7.500000000000000000e+00 4.693614813069439951e-01
7.520000000000000462e+00 4.672088887554858294e-01
7.540000000000000036e+00 4.650686226018014846e-01
7.560000000000000497e+00 4.629406228933701795e-01
7.580000000000000071e+00 4.608247980516808617e-01
7.600000000000000533e+00 4.587210893779920529e-01
7.620000000000000107e+00 4.566294059104770153e-01
7.640000000000000568e+00 4.545496901988613225e-01
7.660000000000000142e+00 4.524818518857568472e-01
7.679999999999999716e+00 4.504258347640194282e-01
7.700000000000000178e+00 4.483815490680547744e-01
7.719999999999999751e+00 4.463489398284837817e-01
7.740000000000000213e+00 4.443279178590732736e-01
7.759999999999999787e+00 4.423184294228526547e-01
7.780000000000000249e+00 4.403203859001033060e-01
7.799999999999999822e+00 4.383337347809047047e-01
7.820000000000000284e+00 4.363583879994450410e-01
7.839999999999999858e+00 4.343942942675073082e-01
7.860000000000000320e+00 4.324413660601880149e-01
7.879999999999999893e+00 4.304995533056462098e-01
7.900000000000000355e+00 4.285687690071361966e-01
7.919999999999999929e+00 4.266489643038997026e-01
7.940000000000000391e+00 4.247400527142125015e-01
7.959999999999999964e+00 4.228419865831390956e-01
7.980000000000000426e+00 4.209546799311087995e-01
8.000000000000000000e+00 4.190780863037941728e-01
8.019999999999999574e+00 4.172121202105325555e-01
8.040000000000000924e+00 4.153567363924383637e-01
8.060000000000000497e+00 4.135118498347958860e-01
8.080000000000000071e+00 4.116774164690549243e-01
8.099999999999999645e+00 4.098533517431112716e-01
8.120000000000000995e+00 4.080396127737032086e-01
8.140000000000000568e+00 4.062361154583025713e-01
8.160000000000000142e+00 4.044428180939614315e-01
8.179999999999999716e+00 4.026596370143190051e-01
8.199999999999999289e+00 4.008865316918373556e-01
8.220000000000000639e+00 3.991234188832323837e-01
8.240000000000000213e+00 3.973702592315567217e-01
8.259999999999999787e+00 3.956269699031325082e-01
8.279999999999999361e+00 3.938935127068693975e-01
8.300000000000000711e+00 3.921698052055569428e-01
8.320000000000000284e+00 3.904558103693195337e-01
8.339999999999999858e+00 3.887514461438964508e-01
8.359999999999999432e+00 3.870566766560753491e-01
8.380000000000000782e+00 3.853714202213857631e-01
8.400000000000000355e+00 3.836956421188192912e-01
8.419999999999999929e+00 3.820292610201488359e-01
8.439999999999999503e+00 3.803722433522209734e-01
8.460000000000000853e+00 3.787245081298600824e-01
8.480000000000000426e+00 3.770860229235231675e-01
8.500000000000000000e+00 3.754567070775196580e-01
8.519999999999999574e+00 3.738365293017843483e-01
8.540000000000000924e+00 3.722254092569032280e-01
8.560000000000000497e+00 3.706233167882694302e-01
8.580000000000000071e+00 3.690301718591625924e-01
8.599999999999999645e+00 3.674459454465243136e-01
8.620000000000000995e+00 3.658705578031213879e-01
8.640000000000000568e+00 3.643039810336570761e-01
8.660000000000000142e+00 3.627461356667910364e-01
8.679999999999999716e+00 3.611969949313275641e-01
8.700000000000001066e+00 3.596564796186070834e-01
8.720000000000000639e+00 3.581245640779962547e-01
8.740000000000000213e+00 3.566011693499175905e-01
8.759999999999999787e+00 3.550862709008850704e-01
8.779999999999999361e+00 3.535797900072032429e-01
8.800000000000000711e+00 3.520817032492483678e-01
8.820000000000000284e+00 3.505919321256056320e-01
8.839999999999999858e+00 3.491104543273703120e-01
8.859999999999999432e+00 3.476371915622061270e-01
8.880000000000000782e+00 3.461721226289119491e-01
8.900000000000000355e+00 3.447151694306359593e-01
8.919999999999999929e+00 3.432663118709897709e-01
8.939999999999999503e+00 3.418254720354265697e-01
8.960000000000000853e+00 3.403926309296325114e-01
8.980000000000000426e+00 3.389677108077658874e-01
9.000000000000000000e+00 3.375506937749864766e-01
9.019999999999999574e+00 3.361415022409811604e-01
9.040000000000000924e+00 3.347401194079245301e-01
9.060000000000000497e+00 3.333464678274439263e-01
9.080000000000000071e+00 3.319605317963981173e-01
9.099999999999999645e+00 3.305822339952062539e-01
9.120000000000000995e+00 3.292115598132320797e-01
9.140000000000000568e+00 3.278484320460985924e-01
9.160000000000000142e+00 3.264928371736536827e-01
9.179999999999999716e+00 3.251446980935630005e-01
9.200000000000001066e+00 3.238040023742814189e-01
9.220000000000000639e+00 3.224706730019504808e-01
9.240000000000000213e+00 3.211446986318720609e-01
9.259999999999999787e+00 3.198260023255389273e-01
9.279999999999999361e+00 3.185145738235142798e-01
9.300000000000000711e+00 3.172103362490629741e-01
9.320000000000000284e+00 3.159132804265752381e-01
9.339999999999999858e+00 3.146233295279635134e-01
9.359999999999999432e+00 3.133404754601572528e-01
9.380000000000000782e+00 3.120646414301488369e-01
9.400000000000000355e+00 3.107958204262462054e-01
9.419999999999999929e+00 3.095339356774317596e-01
9.439999999999999503e+00 3.082789812524168727e-01
9.460000000000000853e+00 3.070308803885781201e-01
9.480000000000000426e+00 3.057896282341987515e-01
9.500000000000000000e+00 3.045551480219627627e-01
9.519999999999999574e+00 3.033274359790328889e-01
9.540000000000000924e+00 3.021064153198370628e-01
9.560000000000000497e+00 3.008920833498696101e-01
9.580000000000000071e+00 2.996843632522316891e-01
9.599999999999999645e+00 2.984832534103734059e-01
9.620000000000000995e+00 2.972886769624814018e-01
