# Electrodo circular de radio 6 mm y espesor 710.0 um.
# Volumen de simulacion (convencion z,y,x):
# N: 1024 x 1024 x 1024 | voxelSize:  0.02mm x 0.02mm x 0.02mm | FOV:  20.48mm x 20.48mm x 20.48mm
# 
# z [mm]		 delta[ppm]
0.000000000000000000e+00 4.034092440155341741e+00
2.000000000000000042e-02 4.007774470337528427e+00
4.000000000000000083e-02 3.980966514918723664e+00
5.999999999999999778e-02 3.953696237500786026e+00
8.000000000000000167e-02 3.925991548122510721e+00
1.000000000000000056e-01 3.897880293360562298e+00
1.199999999999999956e-01 3.869390209116448709e+00
1.400000000000000133e-01 3.840548844293767861e+00
1.600000000000000033e-01 3.811383511383769296e+00
1.799999999999999933e-01 3.781921233834805829e+00
2.000000000000000111e-01 3.752188691276575838e+00
2.200000000000000011e-01 3.722212178125246407e+00
2.399999999999999911e-01 3.692017550200060061e+00
2.600000000000000089e-01 3.661630191727718753e+00
2.800000000000000266e-01 3.631074965278593858e+00
2.999999999999999889e-01 3.600376186627052721e+00
3.200000000000000067e-01 3.569557579130027136e+00
3.400000000000000244e-01 3.538642256196435021e+00
3.599999999999999867e-01 3.507652680628718933e+00
3.800000000000000044e-01 3.476610654528092592e+00
4.000000000000000222e-01 3.445537283843995713e+00
4.199999999999999845e-01 3.414452975474162599e+00
4.400000000000000022e-01 3.383377407006749493e+00
4.600000000000000200e-01 3.352329530689935222e+00
4.799999999999999822e-01 3.321327548180131206e+00
5.000000000000000000e-01 3.290388920959412822e+00
5.200000000000000178e-01 3.259530349754172995e+00
5.400000000000000355e-01 3.228767790898034118e+00
5.600000000000000533e-01 3.198116439981440351e+00
5.799999999999999600e-01 3.167590753592949504e+00
5.999999999999999778e-01 3.137204436683813213e+00
6.199999999999999956e-01 3.106970469078833119e+00
6.400000000000000133e-01 3.076901095994521995e+00
6.600000000000000311e-01 3.047007858689874560e+00
6.800000000000000488e-01 3.017301587556946441e+00
7.000000000000000666e-01 2.987792436282010744e+00
7.199999999999999734e-01 2.958489876928967810e+00
7.399999999999999911e-01 2.929402736998992118e+00
7.600000000000000089e-01 2.900539195948408810e+00
7.800000000000000266e-01 2.871906824567336702e+00
8.000000000000000444e-01 2.843512582407551559e+00
8.200000000000000622e-01 2.815362858944105096e+00
8.399999999999999689e-01 2.787463471434740825e+00
8.599999999999999867e-01 2.759819707379806086e+00
8.800000000000000044e-01 2.732436322385884964e+00
9.000000000000000222e-01 2.705317583495123301e+00
9.200000000000000400e-01 2.678467266682412973e+00
9.400000000000000577e-01 2.651888700683010747e+00
9.599999999999999645e-01 2.625584763808368471e+00
9.799999999999999822e-01 2.599557927958225267e+00
1.000000000000000000e+00 2.573810254496622818e+00
1.020000000000000018e+00 2.548343438189593968e+00
1.040000000000000036e+00 2.523158801934862971e+00
1.060000000000000053e+00 2.498257340417641359e+00
1.080000000000000071e+00 2.473639713537033380e+00
1.100000000000000089e+00 2.449306289619271215e+00
1.120000000000000107e+00 2.425257137427155651e+00
1.140000000000000124e+00 2.401492068811767577e+00
1.159999999999999920e+00 2.378010629230861372e+00
1.179999999999999938e+00 2.354812139756494282e+00
1.199999999999999956e+00 2.331895686061244533e+00
1.219999999999999973e+00 2.309260159730298856e+00
1.239999999999999991e+00 2.286904245703447192e+00
1.260000000000000009e+00 2.264826462866159851e+00
1.280000000000000027e+00 2.243025149958284281e+00
1.300000000000000044e+00 2.221498505439909454e+00
1.320000000000000062e+00 2.200244571897285617e+00
1.340000000000000080e+00 2.179261275196161751e+00
1.360000000000000098e+00 2.158546407429897673e+00
1.380000000000000115e+00 2.138097665386063717e+00
1.400000000000000133e+00 2.117912632093543746e+00
1.419999999999999929e+00 2.097988814637860244e+00
1.439999999999999947e+00 2.078323624371887668e+00
1.459999999999999964e+00 2.058914414122166470e+00
1.479999999999999982e+00 2.039758457133876490e+00
1.500000000000000000e+00 2.020852983714764850e+00
1.520000000000000018e+00 2.002195158988021362e+00
1.540000000000000036e+00 1.983782119022824419e+00
1.560000000000000053e+00 1.965610947470694869e+00
1.580000000000000071e+00 1.947678711232404103e+00
1.600000000000000089e+00 1.929982436053162997e+00
1.620000000000000107e+00 1.912519141775074871e+00
1.640000000000000124e+00 1.895285816965826209e+00
1.660000000000000142e+00 1.878279453804342580e+00
1.679999999999999938e+00 1.861497021815423869e+00
1.699999999999999956e+00 1.844935502433967756e+00
1.719999999999999973e+00 1.828591861915798811e+00
1.739999999999999991e+00 1.812463085622969095e+00
1.760000000000000009e+00 1.796546150177774637e+00
1.780000000000000027e+00 1.780838057508478345e+00
1.800000000000000044e+00 1.765335806310513123e+00
1.820000000000000062e+00 1.750036425888569225e+00
1.840000000000000080e+00 1.734936946985311312e+00
1.860000000000000098e+00 1.720034435452282295e+00
1.880000000000000115e+00 1.705325962503210002e+00
1.900000000000000133e+00 1.690808638242697004e+00
1.919999999999999929e+00 1.676479581397473106e+00
1.939999999999999947e+00 1.662335952728399402e+00
1.959999999999999964e+00 1.648374924289897292e+00
1.979999999999999982e+00 1.634593712747424155e+00
2.000000000000000000e+00 1.620989548211822839e+00
2.020000000000000018e+00 1.607559707481299727e+00
2.040000000000000036e+00 1.594301482494495659e+00
2.060000000000000053e+00 1.581212213512973808e+00
2.080000000000000071e+00 1.568289257233706824e+00
2.100000000000000089e+00 1.555530019925260188e+00
2.120000000000000107e+00 1.542931925237838175e+00
2.140000000000000124e+00 1.530492447303711812e+00
2.160000000000000142e+00 1.518209078280215341e+00
2.180000000000000160e+00 1.506079361422570484e+00
2.200000000000000178e+00 1.494100858393031750e+00
2.220000000000000195e+00 1.482271182312030033e+00
2.240000000000000213e+00 1.470587964864309205e+00
2.260000000000000231e+00 1.459048889332310139e+00
2.280000000000000249e+00 1.447651657528279179e+00
2.300000000000000266e+00 1.436394022811970705e+00
2.319999999999999840e+00 1.425273756875741205e+00
2.339999999999999858e+00 1.414288682746987824e+00
2.359999999999999876e+00 1.403436641451715206e+00
2.379999999999999893e+00 1.392715525000622456e+00
2.399999999999999911e+00 1.382123242954975240e+00
2.419999999999999929e+00 1.371657755393938194e+00
2.439999999999999947e+00 1.361317039405326224e+00
2.459999999999999964e+00 1.351099122030572142e+00
2.479999999999999982e+00 1.341002046701572858e+00
2.500000000000000000e+00 1.331023906158624648e+00
2.520000000000000018e+00 1.321162808853568960e+00
2.540000000000000036e+00 1.311416911835085353e+00
2.560000000000000053e+00 1.301784387137205679e+00
2.580000000000000071e+00 1.292263454625543373e+00
2.600000000000000089e+00 1.282852348389416308e+00
2.620000000000000107e+00 1.273549349541874154e+00
2.640000000000000124e+00 1.264352752632744048e+00
2.660000000000000142e+00 1.255260898394670921e+00
2.680000000000000160e+00 1.246272140193764200e+00
2.700000000000000178e+00 1.237384876713315762e+00
2.720000000000000195e+00 1.228597518457934523e+00
2.740000000000000213e+00 1.219908520366151494e+00
2.760000000000000231e+00 1.211316348383414176e+00
2.780000000000000249e+00 1.202819511994384971e+00
2.800000000000000266e+00 1.194416530879511384e+00
2.819999999999999840e+00 1.186105967357477642e+00
2.839999999999999858e+00 1.177886393139662147e+00
2.859999999999999876e+00 1.169756421672932589e+00
2.879999999999999893e+00 1.161714675005739217e+00
2.899999999999999911e+00 1.153759816021198148e+00
2.919999999999999929e+00 1.145890515428268364e+00
2.939999999999999947e+00 1.138105483874857216e+00
2.959999999999999964e+00 1.130403439077042771e+00
2.979999999999999982e+00 1.122783137801834252e+00
3.000000000000000000e+00 1.115243343147117594e+00
3.020000000000000018e+00 1.107782856383565218e+00
3.040000000000000036e+00 1.100400484397599854e+00
3.060000000000000053e+00 1.093095071381863681e+00
3.080000000000000071e+00 1.085865466453282302e+00
3.100000000000000089e+00 1.078710555181437769e+00
3.120000000000000107e+00 1.071629227393463335e+00
3.140000000000000124e+00 1.064620408529654894e+00
3.160000000000000142e+00 1.057683027646726392e+00
3.180000000000000160e+00 1.050816048589988227e+00
3.200000000000000178e+00 1.044018438206191668e+00
3.220000000000000195e+00 1.037289197321615841e+00
3.240000000000000213e+00 1.030627329175565654e+00
3.260000000000000231e+00 1.024031870193733651e+00
3.280000000000000249e+00 1.017501858653161451e+00
3.300000000000000266e+00 1.011036365240279844e+00
3.320000000000000284e+00 1.004634461957988556e+00
3.339999999999999858e+00 9.982952524578524445e-01
3.359999999999999876e+00 9.920178411997125911e-01
3.379999999999999893e+00 9.858013635475739722e-01
3.399999999999999911e+00 9.796449551920367593e-01
3.419999999999999929e+00 9.735477819994924342e-01
3.439999999999999947e+00 9.675090097074426909e-01
3.459999999999999964e+00 9.615278335167213308e-01
3.479999999999999982e+00 9.556034480696227185e-01
3.500000000000000000e+00 9.497350767749779266e-01
3.520000000000000018e+00 9.439219420788202974e-01
3.540000000000000036e+00 9.381632945122361233e-01
3.560000000000000053e+00 9.324583832641878400e-01
3.580000000000000071e+00 9.268064849421541185e-01
3.600000000000000089e+00 9.212068744565475864e-01
3.620000000000000107e+00 9.156588534843050908e-01
3.640000000000000124e+00 9.101617216741855199e-01
3.660000000000000142e+00 9.047148048036015577e-01
3.680000000000000160e+00 8.993174263139231961e-01
3.700000000000000178e+00 8.939689351509292337e-01
3.720000000000000195e+00 8.886686776391590215e-01
3.740000000000000213e+00 8.834160249965127276e-01
3.760000000000000231e+00 8.782103455564781447e-01
3.780000000000000249e+00 8.730510319475441872e-01
3.800000000000000266e+00 8.679374736720479877e-01
3.820000000000000284e+00 8.628690839411874425e-01
3.839999999999999858e+00 8.578452726190652911e-01
3.859999999999999876e+00 8.528654727042246364e-01
3.879999999999999893e+00 8.479291136473513513e-01
3.899999999999999911e+00 8.430356474704051584e-01
3.919999999999999929e+00 8.381845224662796134e-01
3.939999999999999947e+00 8.333752089467321156e-01
3.959999999999999964e+00 8.286071733322092348e-01
3.979999999999999982e+00 8.238799035198910437e-01
4.000000000000000000e+00 8.191928833717538883e-01
4.020000000000000462e+00 8.145456176942076354e-01
4.040000000000000036e+00 8.099376071323084458e-01
4.060000000000000497e+00 8.053683727526192992e-01
4.080000000000000071e+00 8.008374313513788589e-01
4.099999999999999645e+00 7.963443196323330975e-01
4.120000000000000107e+00 7.918885699365347808e-01
4.139999999999999680e+00 7.874697340070234697e-01
4.160000000000000142e+00 7.830873591478455520e-01
4.179999999999999716e+00 7.787410115675891253e-01
4.200000000000000178e+00 7.744302529750420883e-01
4.219999999999999751e+00 7.701546634937660452e-01
4.240000000000000213e+00 7.659138187016972799e-01
4.259999999999999787e+00 7.617073121090497390e-01
4.280000000000000249e+00 7.575347326490643463e-01
4.299999999999999822e+00 7.533956867116500256e-01
4.320000000000000284e+00 7.492897760923682426e-01
4.339999999999999858e+00 7.452166195743744614e-01
4.360000000000000320e+00 7.411758313425954592e-01
4.379999999999999893e+00 7.371670421066590650e-01
4.400000000000000355e+00 7.331898779871042215e-01
4.419999999999999929e+00 7.292439811721207477e-01
4.440000000000000391e+00 7.253289892825242058e-01
4.459999999999999964e+00 7.214445555552411182e-01
4.480000000000000426e+00 7.175903286936955450e-01
4.500000000000000000e+00 7.137659725710795433e-01
4.520000000000000462e+00 7.099711465726663562e-01
4.540000000000000036e+00 7.062055248120689965e-01
4.560000000000000497e+00 7.024687769718822583e-01
4.580000000000000071e+00 6.987605870262314500e-01
4.600000000000000533e+00 6.950806345860460755e-01
4.620000000000000107e+00 6.914286131213156494e-01
4.639999999999999680e+00 6.878042118172142949e-01
4.660000000000000142e+00 6.842071332895979241e-01
4.679999999999999716e+00 6.806370759580571139e-01
4.700000000000000178e+00 6.770937512483199416e-01
4.719999999999999751e+00 6.735768664882428869e-01
4.740000000000000213e+00 6.700861415908742069e-01
4.759999999999999787e+00 6.666212924792790373e-01
4.780000000000000249e+00 6.631820472441243286e-01
4.799999999999999822e+00 6.597681301031649292e-01
4.820000000000000284e+00 6.563792770273341182e-01
4.839999999999999858e+00 6.530152202405754558e-01
4.860000000000000320e+00 6.496757033085173161e-01
4.879999999999999893e+00 6.463604661842971000e-01
4.900000000000000355e+00 6.430692597539970912e-01
4.919999999999999929e+00 6.398018314339783963e-01
4.940000000000000391e+00 6.365579391673489296e-01
4.959999999999999964e+00 6.333373375782809234e-01
4.980000000000000426e+00 6.301397914138699985e-01
5.000000000000000000e+00 6.269650622607948476e-01
5.020000000000000462e+00 6.238129214270349276e-01
5.040000000000000036e+00 6.206831372261543134e-01
5.060000000000000497e+00 6.175754872934426931e-01
5.080000000000000071e+00 6.144897464430149059e-01
5.100000000000000533e+00 6.114256984129978756e-01
5.120000000000000107e+00 6.083831243006069256e-01
5.139999999999999680e+00 6.053618137310892156e-01
5.160000000000000142e+00 6.023615538758234633e-01
5.179999999999999716e+00 5.993821400398171573e-01
5.200000000000000178e+00 5.964233652678304631e-01
5.219999999999999751e+00 5.934850303453054199e-01
5.240000000000000213e+00 5.905669339974214394e-01
5.259999999999999787e+00 5.876688822983940907e-01
5.280000000000000249e+00 5.847906794683415121e-01
5.299999999999999822e+00 5.819321366859759870e-01
5.320000000000000284e+00 5.790930634880503414e-01
5.339999999999999858e+00 5.762732759805340166e-01
5.360000000000000320e+00 5.734725888453884313e-01
5.379999999999999893e+00 5.706908229453707682e-01
5.400000000000000355e+00 5.679277979428172252e-01
5.419999999999999929e+00 5.651833392932734679e-01
5.440000000000000391e+00 5.624572714809279450e-01
5.459999999999999964e+00 5.597494243963375693e-01
5.480000000000000426e+00 5.570596271930782217e-01
5.500000000000000000e+00 5.543877140448837393e-01
5.520000000000000462e+00 5.517335186280505344e-01
5.540000000000000036e+00 5.490968792533740261e-01
5.560000000000000497e+00 5.464776339787759118e-01
5.580000000000000071e+00 5.438756251114512663e-01
5.600000000000000533e+00 5.412906949551868907e-01
5.620000000000000107e+00 5.387226896781754926e-01
5.639999999999999680e+00 5.361714556994261471e-01
5.660000000000000142e+00 5.336368429177472672e-01
5.679999999999999716e+00 5.311187017416307832e-01
5.700000000000000178e+00 5.286168856749507983e-01
5.719999999999999751e+00 5.261312489946573523e-01
5.740000000000000213e+00 5.236616486887566424e-01
5.759999999999999787e+00 5.212079427861412428e-01
5.780000000000000249e+00 5.187699916424637347e-01
5.799999999999999822e+00 5.163476569263801830e-01
5.820000000000000284e+00 5.139408022489549976e-01
5.839999999999999858e+00 5.115492928105805914e-01
5.860000000000000320e+00 5.091729953695823818e-01
5.879999999999999893e+00 5.068117785540641185e-01
5.900000000000000355e+00 5.044655121653738306e-01
5.919999999999999929e+00 5.021340681591216493e-01
5.940000000000000391e+00 4.998173192792096931e-01
5.959999999999999964e+00 4.975151407122304081e-01
5.980000000000000426e+00 4.952274080477654938e-01
6.000000000000000000e+00 4.929539996103950994e-01
6.020000000000000462e+00 4.906947937419846584e-01
6.040000000000000036e+00 4.884496718154940353e-01
6.060000000000000497e+00 4.862185148349820740e-01
6.080000000000000071e+00 4.840012071354409251e-01
6.100000000000000533e+00 4.817976322962385649e-01
6.120000000000000107e+00 4.796076775311736706e-01
6.140000000000000568e+00 4.774312289110898555e-01
6.160000000000000142e+00 4.752681764483693838e-01
6.179999999999999716e+00 4.731184086244510367e-01
6.200000000000000178e+00 4.709818181729702458e-01
6.219999999999999751e+00 4.688582959078836931e-01
6.240000000000000213e+00 4.667477372095176213e-01
6.259999999999999787e+00 4.646500351490069902e-01
6.280000000000000249e+00 4.625650876814711432e-01
6.299999999999999822e+00 4.604927900624645742e-01
6.320000000000000284e+00 4.584330427525671325e-01
6.339999999999999858e+00 4.563857431215140870e-01
6.360000000000000320e+00 4.543507940684723967e-01
6.379999999999999893e+00 4.523280950095069364e-01
6.400000000000000355e+00 4.503175512178710926e-01
6.419999999999999929e+00 4.483190640904303748e-01
6.440000000000000391e+00 4.463325412122959857e-01
6.459999999999999964e+00 4.443578858978114443e-01
6.480000000000000426e+00 4.423950079839144012e-01
6.500000000000000000e+00 4.404438126412466015e-01
6.520000000000000462e+00 4.385042119006423156e-01
6.540000000000000036e+00 4.365761127298953270e-01
6.560000000000000497e+00 4.346594292978386842e-01
6.580000000000000071e+00 4.327540703122553234e-01
6.600000000000000533e+00 4.308599520260326665e-01
6.620000000000000107e+00 4.289769848316581369e-01
6.640000000000000568e+00 4.271050870140033484e-01
6.660000000000000142e+00 4.252441705968048602e-01
6.679999999999999716e+00 4.233941558466584598e-01
6.700000000000000178e+00 4.215549563668327671e-01
6.719999999999999751e+00 4.197264943571288320e-01
6.740000000000000213e+00 4.179086849503263479e-01
6.759999999999999787e+00 4.161014522325867659e-01
6.780000000000000249e+00 4.143047128177752558e-01
6.799999999999999822e+00 4.125183926331922879e-01
6.820000000000000284e+00 4.107424097269304908e-01
6.839999999999999858e+00 4.089766918237631166e-01
6.860000000000000320e+00 4.072211583606317742e-01
6.879999999999999893e+00 4.054757388176065125e-01
6.900000000000000355e+00 4.037403539765618277e-01
6.919999999999999929e+00 4.020149350321424175e-01
6.940000000000000391e+00 4.002994040685901589e-01
6.959999999999999964e+00 3.985936939557906400e-01
6.980000000000000426e+00 3.968977280391437490e-01
7.000000000000000000e+00 3.952114408257930145e-01
7.020000000000000462e+00 3.935347568823360231e-01
7.040000000000000036e+00 3.918676123164809844e-01
7.060000000000000497e+00 3.902099328773236397e-01
7.080000000000000071e+00 3.885616562376907890e-01
7.100000000000000533e+00 3.869227092916305288e-01
7.120000000000000107e+00 3.852930312428550219e-01
7.140000000000000568e+00 3.836725500939784927e-01
7.160000000000000142e+00 3.820612065465265883e-01
7.179999999999999716e+00 3.804589296763651318e-01
7.200000000000000178e+00 3.788656616508822017e-01
7.219999999999999751e+00 3.772813325849557753e-01
7.240000000000000213e+00 3.757058860809756040e-01
7.259999999999999787e+00 3.741392532595812503e-01
7.280000000000000249e+00 3.725813791283428267e-01
7.299999999999999822e+00 3.710321957814069482e-01
7.320000000000000284e+00 3.694916496027182418e-01
7.339999999999999858e+00 3.679596736285941638e-01
7.360000000000000320e+00 3.664362155915261154e-01
7.379999999999999893e+00 3.649212094395835049e-01
7.400000000000000355e+00 3.634146042269219556e-01
7.419999999999999929e+00 3.619163347837880407e-01
7.440000000000000391e+00 3.604263514600298257e-01
7.459999999999999964e+00 3.589445899393576278e-01
7.480000000000000426e+00 3.574710018422234126e-01
7.500000000000000000e+00 3.560055236778639776e-01
7.520000000000000462e+00 3.545481083130965216e-01
7.540000000000000036e+00 3.530986930555490844e-01
7.560000000000000497e+00 3.516572319949986536e-01
7.580000000000000071e+00 3.502236632110318215e-01
7.600000000000000533e+00 3.487979419937708436e-01
7.620000000000000107e+00 3.473800071690836822e-01
7.640000000000000568e+00 3.459698152056053799e-01
7.660000000000000142e+00 3.445673056504579002e-01
7.679999999999999716e+00 3.431724361296984438e-01
7.700000000000000178e+00 3.417851468873643328e-01
7.719999999999999751e+00 3.404053966865750458e-01
7.740000000000000213e+00 3.390331264445531345e-01
7.759999999999999787e+00 3.376682960418215806e-01
7.780000000000000249e+00 3.363108470456946941e-01
7.799999999999999822e+00 3.349607404351192530e-01
7.820000000000000284e+00 3.336179184049699042e-01
7.839999999999999858e+00 3.322823430142993195e-01
7.860000000000000320e+00 3.309539570635972594e-01
7.879999999999999893e+00 3.296327236743474831e-01
7.900000000000000355e+00 3.283185862312256731e-01
7.919999999999999929e+00 3.270115089010917631e-01
7.940000000000000391e+00 3.257114356319258386e-01
7.959999999999999964e+00 3.244183316195107247e-01
7.980000000000000426e+00 3.231321413547262322e-01
8.000000000000000000e+00 3.218528310464067732e-01
8.019999999999999574e+00 3.205803457084300256e-01
8.040000000000000924e+00 3.193146525473893327e-01
8.060000000000000497e+00 3.180556970806891481e-01
8.080000000000000071e+00 3.168034474979354864e-01
8.099999999999999645e+00 3.155578498010648270e-01
8.120000000000000995e+00 3.143188731484818366e-01
8.140000000000000568e+00 3.130864640080642247e-01
8.160000000000000142e+00 3.118605924933250395e-01
8.179999999999999716e+00 3.106412055199102018e-01
8.199999999999999289e+00 3.094282741432691219e-01
8.220000000000000639e+00 3.082217457090140056e-01
8.240000000000000213e+00 3.070215922018463273e-01
8.259999999999999787e+00 3.058277613799419425e-01
8.279999999999999361e+00 3.046402261450515403e-01
8.300000000000000711e+00 3.034589346508512198e-01
8.320000000000000284e+00 3.022838607044013304e-01
8.339999999999999858e+00 3.011149528381777407e-01
8.359999999999999432e+00 2.999521857532801983e-01
8.380000000000000782e+00 2.987955083445838489e-01
8.400000000000000355e+00 2.976448961963969464e-01
8.419999999999999929e+00 2.965002985499404220e-01
8.439999999999999503e+00 2.953616918623307441e-01
8.460000000000000853e+00 2.942290257053584712e-01
8.480000000000000426e+00 2.931022773989727104e-01
8.500000000000000000e+00 2.919813968300646878e-01
8.519999999999999574e+00 2.908663621718643455e-01
8.540000000000000924e+00 2.897571236111365356e-01
8.560000000000000497e+00 2.886536601652409662e-01
8.580000000000000071e+00 2.875559223058907765e-01
8.599999999999999645e+00 2.864638898858130056e-01
8.620000000000000995e+00 2.853775136469560714e-01
8.640000000000000568e+00 2.842967742690461486e-01
8.660000000000000142e+00 2.832216227498242089e-01
8.679999999999999716e+00 2.821520405880291738e-01
8.700000000000001066e+00 2.810879790229405817e-01
8.720000000000000639e+00 2.800294203646911950e-01
8.740000000000000213e+00 2.789763160800927677e-01
8.759999999999999787e+00 2.779286492834204814e-01
8.779999999999999361e+00 2.768863716551860921e-01
8.800000000000000711e+00 2.758494671069044446e-01
8.820000000000000284e+00 2.748178875191774062e-01
8.839999999999999858e+00 2.737916175942184949e-01
8.859999999999999432e+00 2.727706093992559588e-01
8.880000000000000782e+00 2.717548484209980075e-01
8.900000000000000355e+00 2.707442869000417085e-01
8.919999999999999929e+00 2.697389111017267083e-01
8.939999999999999503e+00 2.687386734268868427e-01
8.960000000000000853e+00 2.677435609139648953e-01
8.980000000000000426e+00 2.667535261110833278e-01
9.000000000000000000e+00 2.657685568245848895e-01
9.019999999999999574e+00 2.647886057370420487e-01
9.040000000000000924e+00 2.638136614178162032e-01
9.060000000000000497e+00 2.628436766712556327e-01
9.080000000000000071e+00 2.618786408251783659e-01
9.099999999999999645e+00 2.609185067931255597e-01
9.120000000000000995e+00 2.599632646571193861e-01
9.140000000000000568e+00 2.590128674274519982e-01
9.160000000000000142e+00 2.580673059364216315e-01
9.179999999999999716e+00 2.571265332786935587e-01
9.200000000000001066e+00 2.561905410332100952e-01
9.220000000000000639e+00 2.552592823667781952e-01
9.240000000000000213e+00 2.543327496016465905e-01
9.259999999999999787e+00 2.534108959645752224e-01
9.279999999999999361e+00 2.524937145180920495e-01
9.300000000000000711e+00 2.515811585368338266e-01
9.320000000000000284e+00 2.506732218208752028e-01
9.339999999999999858e+00 2.497698576806879067e-01
9.359999999999999432e+00 2.488710606514592805e-01
9.380000000000000782e+00 2.479767840675450030e-01
9.400000000000000355e+00 2.470870231970949404e-01
9.419999999999999929e+00 2.462017313864275081e-01
9.439999999999999503e+00 2.453209046348026334e-01
9.460000000000000853e+00 2.444444962886435646e-01
9.480000000000000426e+00 2.435725030767507404e-01
9.500000000000000000e+00 2.427048783338080773e-01
9.519999999999999574e+00 2.418416195168776872e-01
9.540000000000000924e+00 2.409826799371213579e-01
9.560000000000000497e+00 2.401280577788624249e-01
9.580000000000000071e+00 2.392777063179387653e-01
9.599999999999999645e+00 2.384316244652307237e-01
9.620000000000000995e+00 2.375897654494951716e-01
