# Electrodo circular de radio 6 mm y espesor 710.0 um.
# Volumen de simulacion (convencion z,y,x):
# N: 1024 x 1024 x 1024 | voxelSize:  0.02mm x 0.02mm x 0.02mm | FOV:  20.48mm x 20.48mm x 20.48mm
# 
# z [mm]		 delta[ppm]
0.000000000000000000e+00 3.797040853584311648e+00
2.000000000000000042e-02 3.776619769776197177e+00
4.000000000000000083e-02 3.755775932316182342e+00
5.999999999999999778e-02 3.734528097870920771e+00
8.000000000000000167e-02 3.712895147182468492e+00
1.000000000000000056e-01 3.690895987845161041e+00
1.199999999999999956e-01 3.668549523739838669e+00
1.400000000000000133e-01 3.645874628693912989e+00
1.600000000000000033e-01 3.622890107645523550e+00
1.799999999999999933e-01 3.599614672115881486e+00
2.000000000000000111e-01 3.576066901205944948e+00
2.200000000000000011e-01 3.552265221082148816e+00
2.399999999999999911e-01 3.528227866331245632e+00
2.600000000000000089e-01 3.503972863588900033e+00
2.800000000000000266e-01 3.479517994194441410e+00
2.999999999999999889e-01 3.454880781763495001e+00
3.200000000000000067e-01 3.430078456695722977e+00
3.400000000000000244e-01 3.405127947649022158e+00
3.599999999999999867e-01 3.380045848193355962e+00
3.800000000000000044e-01 3.354848412169945782e+00
4.000000000000000222e-01 3.329551522699325083e+00
4.199999999999999845e-01 3.304170691390266867e+00
4.400000000000000022e-01 3.278721029756508365e+00
4.600000000000000200e-01 3.253217252205996335e+00
4.799999999999999822e-01 3.227673649884351459e+00
5.000000000000000000e-01 3.202104097328770216e+00
5.200000000000000178e-01 3.176522028649658491e+00
5.400000000000000355e-01 3.150940447693819646e+00
5.600000000000000533e-01 3.125371906454484705e+00
5.799999999999999600e-01 3.099828518548303435e+00
5.999999999999999778e-01 3.074321939670381809e+00
6.199999999999999956e-01 3.048863384160308776e+00
6.400000000000000133e-01 3.023463607310677315e+00
6.600000000000000311e-01 2.998132924772079821e+00
6.800000000000000488e-01 2.972881196477338062e+00
7.000000000000000666e-01 2.947717848621013825e+00
7.199999999999999734e-01 2.922651858966396787e+00
7.399999999999999911e-01 2.897691781125782740e+00
7.600000000000000089e-01 2.872845730993369706e+00
7.800000000000000266e-01 2.848121413052435713e+00
8.000000000000000444e-01 2.823526107693413500e+00
8.200000000000000622e-01 2.799066699278291104e+00
8.399999999999999689e-01 2.774749664096296087e+00
8.599999999999999867e-01 2.750581099926873385e+00
8.800000000000000044e-01 2.726566714409556447e+00
9.000000000000000222e-01 2.702711855860733259e+00
9.200000000000000400e-01 2.679021501838995789e+00
9.400000000000000577e-01 2.655500290989055934e+00
9.599999999999999645e-01 2.632152511612406265e+00
9.799999999999999822e-01 2.608982134331132574e+00
1.000000000000000000e+00 2.585992800485003684e+00
1.020000000000000018e+00 2.563187855429358120e+00
1.040000000000000036e+00 2.540570336609410340e+00
1.060000000000000053e+00 2.518143007327585448e+00
1.080000000000000071e+00 2.495908344359771824e+00
1.100000000000000089e+00 2.473868572049215953e+00
1.120000000000000107e+00 2.452025649357527204e+00
1.140000000000000124e+00 2.430381304162608558e+00
1.159999999999999920e+00 2.408937019651110401e+00
1.179999999999999938e+00 2.387694068717722828e+00
1.199999999999999956e+00 2.366653499630623880e+00
1.219999999999999973e+00 2.345816170447355020e+00
1.239999999999999991e+00 2.325182733896907994e+00
1.260000000000000009e+00 2.304753671744166788e+00
1.280000000000000027e+00 2.284529278853095313e+00
1.300000000000000044e+00 2.264509697446390302e+00
1.320000000000000062e+00 2.244694900323686237e+00
1.340000000000000080e+00 2.225084724976271300e+00
1.360000000000000098e+00 2.205678855950931272e+00
1.380000000000000115e+00 2.186476858790793454e+00
1.400000000000000133e+00 2.167478161542011339e+00
1.419999999999999929e+00 2.148682088501635334e+00
1.439999999999999947e+00 2.130087840877149752e+00
1.459999999999999964e+00 2.111694530330288089e+00
1.479999999999999982e+00 2.093501158803401818e+00
1.500000000000000000e+00 2.075506651854911677e+00
1.520000000000000018e+00 2.057709837676010789e+00
1.540000000000000036e+00 2.040109480218674776e+00
1.560000000000000053e+00 2.022704257427974994e+00
1.580000000000000071e+00 2.005492794167900161e+00
1.600000000000000089e+00 1.988473639701276774e+00
1.620000000000000107e+00 1.971645300421771108e+00
1.640000000000000124e+00 1.955006216613451864e+00
1.660000000000000142e+00 1.938554794999716169e+00
1.679999999999999938e+00 1.922289384819159119e+00
1.699999999999999956e+00 1.906208310203624468e+00
1.719999999999999973e+00 1.890309845605865569e+00
1.739999999999999991e+00 1.874592248019855800e+00
1.760000000000000009e+00 1.859053731798806286e+00
1.780000000000000027e+00 1.843692500731143546e+00
1.800000000000000044e+00 1.828506722285412334e+00
1.820000000000000062e+00 1.813494559555347996e+00
1.840000000000000080e+00 1.798654144970114777e+00
1.860000000000000098e+00 1.783983612121405882e+00
1.880000000000000115e+00 1.769481068974934290e+00
1.900000000000000133e+00 1.755144629591873340e+00
1.919999999999999929e+00 1.740972386878671507e+00
1.939999999999999947e+00 1.726962444214199976e+00
1.959999999999999964e+00 1.713112887772206827e+00
1.979999999999999982e+00 1.699421818064497325e+00
2.000000000000000000e+00 1.685887321871023525e+00
2.020000000000000018e+00 1.672507503708265286e+00
2.040000000000000036e+00 1.659280457399084918e+00
2.060000000000000053e+00 1.646204297474284539e+00
2.080000000000000071e+00 1.633277130414744871e+00
2.100000000000000089e+00 1.620497085992855357e+00
2.120000000000000107e+00 1.607862288216679980e+00
2.140000000000000124e+00 1.595370886616733097e+00
2.160000000000000142e+00 1.583021026922105667e+00
2.180000000000000160e+00 1.570810882296803879e+00
2.200000000000000178e+00 1.558738623775137722e+00
2.220000000000000195e+00 1.546802451450654869e+00
2.240000000000000213e+00 1.535000564698224546e+00
2.260000000000000231e+00 1.523331193317419618e+00
2.280000000000000249e+00 1.511792567566244028e+00
2.300000000000000266e+00 1.500382949259752241e+00
2.319999999999999840e+00 1.489100601640482413e+00
2.339999999999999858e+00 1.477943820432022548e+00
2.359999999999999876e+00 1.466910903568967806e+00
2.379999999999999893e+00 1.456000182204150617e+00
2.399999999999999911e+00 1.445209990321062898e+00
2.419999999999999929e+00 1.434538695692576304e+00
2.439999999999999947e+00 1.423984669396680669e+00
2.459999999999999964e+00 1.413546316723654828e+00
2.479999999999999982e+00 1.403222046616171115e+00
2.500000000000000000e+00 1.393010302521081600e+00
2.520000000000000018e+00 1.382909531773033107e+00
2.540000000000000036e+00 1.372918216386338264e+00
2.560000000000000053e+00 1.363034842401461999e+00
2.580000000000000071e+00 1.353257930611765136e+00
2.600000000000000089e+00 1.343586005890508028e+00
2.620000000000000107e+00 1.334017627846690868e+00
2.640000000000000124e+00 1.324551360150464152e+00
2.660000000000000142e+00 1.315185801111725228e+00
2.680000000000000160e+00 1.305919553020292057e+00
2.700000000000000178e+00 1.296751252640430341e+00
2.720000000000000195e+00 1.287679540582439719e+00
2.740000000000000213e+00 1.278703091705845951e+00
2.760000000000000231e+00 1.269820584537630470e+00
2.780000000000000249e+00 1.261030731576450625e+00
2.800000000000000266e+00 1.252332248773070589e+00
2.819999999999999840e+00 1.243723885727614942e+00
2.839999999999999858e+00 1.235204395246472631e+00
2.859999999999999876e+00 1.226772563424299411e+00
2.879999999999999893e+00 1.218427179292015605e+00
2.899999999999999911e+00 1.210167064775010459e+00
2.919999999999999929e+00 1.201991044445679391e+00
2.939999999999999947e+00 1.193897975349032636e+00
2.959999999999999964e+00 1.185886716873602476e+00
2.979999999999999982e+00 1.177956160435496225e+00
3.000000000000000000e+00 1.170105199480373059e+00
3.020000000000000018e+00 1.162332759016831973e+00
3.040000000000000036e+00 1.154637765762559276e+00
3.060000000000000053e+00 1.147019177517779376e+00
3.080000000000000071e+00 1.139475953467689262e+00
3.100000000000000089e+00 1.132007083386577628e+00
3.120000000000000107e+00 1.124611558109049225e+00
3.140000000000000124e+00 1.117288398555361439e+00
3.160000000000000142e+00 1.110036626382981950e+00
3.180000000000000160e+00 1.102855292823605504e+00
3.200000000000000178e+00 1.095743449527015079e+00
3.220000000000000195e+00 1.088700177200216057e+00
3.240000000000000213e+00 1.081724556654640290e+00
3.260000000000000231e+00 1.074815697237803569e+00
3.280000000000000249e+00 1.067972708095348944e+00
3.300000000000000266e+00 1.061194726385603859e+00
3.320000000000000284e+00 1.054480888767081348e+00
3.339999999999999858e+00 1.047830359386333621e+00
3.359999999999999876e+00 1.041242301601969622e+00
3.379999999999999893e+00 1.034715905736194763e+00
3.399999999999999911e+00 1.028250361045586869e+00
3.419999999999999929e+00 1.021844883226747269e+00
3.439999999999999947e+00 1.015498686644499049e+00
3.459999999999999964e+00 1.009211011582115125e+00
3.479999999999999982e+00 1.002981096736812239e+00
3.500000000000000000e+00 9.968082062050723779e-01
3.520000000000000018e+00 9.906916022557317181e-01
3.540000000000000036e+00 9.846305720409641582e-01
3.560000000000000053e+00 9.786244006565106845e-01
3.580000000000000071e+00 9.726723975689485213e-01
3.600000000000000089e+00 9.667738699730362706e-01
3.620000000000000107e+00 9.609281489259705600e-01
3.640000000000000124e+00 9.551345630110734675e-01
3.660000000000000142e+00 9.493924641698211486e-01
3.680000000000000160e+00 9.437012016815259363e-01
3.700000000000000178e+00 9.380601476839827146e-01
3.720000000000000195e+00 9.324686714781021957e-01
3.740000000000000213e+00 9.269261647281221705e-01
3.760000000000000231e+00 9.214320161005389309e-01
3.780000000000000249e+00 9.159856361349116849e-01
3.800000000000000266e+00 9.105864322257759547e-01
3.820000000000000284e+00 9.052338331551547101e-01
3.839999999999999858e+00 8.999272644265364773e-01
3.859999999999999876e+00 8.946661724503155444e-01
3.879999999999999893e+00 8.894500002382330628e-01
3.899999999999999911e+00 8.842782112330700439e-01
3.919999999999999929e+00 8.791502653723592964e-01
3.939999999999999947e+00 8.740656425537600693e-01
3.959999999999999964e+00 8.690238190761885306e-01
3.979999999999999982e+00 8.640242907323787414e-01
4.000000000000000000e+00 8.590665496360163633e-01
4.020000000000000462e+00 8.541501069331046692e-01
4.040000000000000036e+00 8.492744700229863941e-01
4.060000000000000497e+00 8.444391648802643813e-01
4.080000000000000071e+00 8.396437136780247057e-01
4.099999999999999645e+00 8.348876567121527037e-01
4.120000000000000107e+00 8.301705304344140224e-01
4.139999999999999680e+00 8.254918889710898267e-01
4.160000000000000142e+00 8.208512825740377217e-01
4.179999999999999716e+00 8.162482787256870598e-01
4.200000000000000178e+00 8.116824410154797054e-01
4.219999999999999751e+00 8.071533498234136905e-01
4.240000000000000213e+00 8.026605816297145424e-01
4.259999999999999787e+00 7.982037292691825936e-01
4.280000000000000249e+00 7.937823816813152078e-01
4.299999999999999822e+00 7.893961437278121940e-01
4.320000000000000284e+00 7.850446163907954800e-01
4.339999999999999858e+00 7.807274161459493156e-01
4.360000000000000320e+00 7.764441556158298008e-01
4.379999999999999893e+00 7.721944624912292499e-01
4.400000000000000355e+00 7.679779606469794295e-01
4.419999999999999929e+00 7.637942886042347057e-01
4.440000000000000391e+00 7.596430811155645557e-01
4.459999999999999964e+00 7.555239871609306102e-01
4.480000000000000426e+00 7.514366520093068713e-01
4.500000000000000000e+00 7.473807347412178004e-01
4.520000000000000462e+00 7.433558907934783022e-01
4.540000000000000036e+00 7.393617890013020055e-01
4.560000000000000497e+00 7.353980946331701851e-01
4.580000000000000071e+00 7.314644859455919912e-01
4.600000000000000533e+00 7.275606377145099612e-01
4.620000000000000107e+00 7.236862372958945411e-01
4.639999999999999680e+00 7.198409686605271585e-01
4.660000000000000142e+00 7.160245279537064134e-01
4.679999999999999716e+00 7.122366080396163035e-01
4.700000000000000178e+00 7.084769135535264883e-01
4.719999999999999751e+00 7.047451459624061165e-01
4.740000000000000213e+00 7.010410181030736210e-01
4.759999999999999787e+00 6.973642397651031999e-01
4.780000000000000249e+00 6.937145317084755236e-01
4.799999999999999822e+00 6.900916117752646795e-01
4.820000000000000284e+00 6.864952083804430893e-01
4.839999999999999858e+00 6.829250471582088977e-01
4.860000000000000320e+00 6.793808639196763366e-01
4.879999999999999893e+00 6.758623918401723829e-01
4.900000000000000355e+00 6.723693738776275186e-01
4.919999999999999929e+00 6.689015505065565304e-01
4.940000000000000391e+00 6.654586715910332240e-01
4.959999999999999964e+00 6.620404846715433056e-01
4.980000000000000426e+00 6.586467462865028821e-01
5.000000000000000000e+00 6.552772108175575205e-01
5.020000000000000462e+00 6.519316412536999561e-01
5.040000000000000036e+00 6.486097986010305183e-01
5.060000000000000497e+00 6.453114520836070733e-01
5.080000000000000071e+00 6.420363691230969172e-01
5.100000000000000533e+00 6.387843249705421611e-01
5.120000000000000107e+00 6.355550932618114768e-01
5.139999999999999680e+00 6.323484550745408495e-01
5.160000000000000142e+00 6.291641900646868235e-01
5.179999999999999716e+00 6.260020849429646095e-01
5.200000000000000178e+00 6.228619251982867588e-01
5.219999999999999751e+00 6.197435029880882240e-01
5.240000000000000213e+00 6.166466094538336495e-01
5.259999999999999787e+00 6.135710420196736070e-01
5.280000000000000249e+00 6.105165973056914108e-01
5.299999999999999822e+00 6.074830778294080247e-01
5.320000000000000284e+00 6.044702855218305748e-01
5.339999999999999858e+00 6.014780278263788249e-01
5.360000000000000320e+00 5.985061118232954946e-01
5.379999999999999893e+00 5.955543497206070569e-01
5.400000000000000355e+00 5.926225535918908660e-01
5.419999999999999929e+00 5.897105402539161156e-01
5.440000000000000391e+00 5.868181266232533888e-01
5.459999999999999964e+00 5.839451339753073400e-01
5.480000000000000426e+00 5.810913839246616419e-01
5.500000000000000000e+00 5.782567020602549235e-01
5.520000000000000462e+00 5.754409145548594617e-01
5.540000000000000036e+00 5.726438511711994250e-01
5.560000000000000497e+00 5.698653425053828991e-01
5.580000000000000071e+00 5.671052223587856878e-01
5.600000000000000533e+00 5.643633256207765125e-01
5.620000000000000107e+00 5.616394900012298130e-01
5.639999999999999680e+00 5.589335545573074215e-01
5.660000000000000142e+00 5.562453607814870082e-01
5.679999999999999716e+00 5.535747517776801185e-01
5.700000000000000178e+00 5.509215726997062079e-01
5.719999999999999751e+00 5.482856705814571630e-01
5.740000000000000213e+00 5.456668941207517554e-01
5.759999999999999787e+00 5.430650941687942268e-01
5.780000000000000249e+00 5.404801228543792968e-01
5.799999999999999822e+00 5.379118347373116338e-01
5.820000000000000284e+00 5.353600852679518685e-01
5.839999999999999858e+00 5.328247326097957925e-01
5.860000000000000320e+00 5.303056354293715913e-01
5.879999999999999893e+00 5.278026553926340458e-01
5.900000000000000355e+00 5.253156542802058793e-01
5.919999999999999929e+00 5.228444971627899118e-01
5.940000000000000391e+00 5.203890488367794998e-01
5.959999999999999964e+00 5.179491776833168304e-01
5.980000000000000426e+00 5.155247514192924374e-01
6.000000000000000000e+00 5.131156416452531399e-01
6.020000000000000462e+00 5.107217189068153917e-01
6.040000000000000036e+00 5.083428579360445010e-01
6.060000000000000497e+00 5.059789320183103456e-01
6.080000000000000071e+00 5.036298189323541452e-01
6.100000000000000533e+00 5.012953946175970898e-01
6.120000000000000107e+00 4.989755398175306222e-01
6.140000000000000568e+00 4.966701330424971861e-01
6.160000000000000142e+00 4.943790579216341685e-01
6.179999999999999716e+00 4.921021954561273781e-01
6.200000000000000178e+00 4.898394320843743044e-01
6.219999999999999751e+00 4.875906512206786836e-01
6.240000000000000213e+00 4.853557420389216226e-01
6.259999999999999787e+00 4.831345902916681090e-01
6.280000000000000249e+00 4.809270878170283092e-01
6.299999999999999822e+00 4.787331226331192902e-01
6.320000000000000284e+00 4.765525891734567199e-01
6.339999999999999858e+00 4.743853776516813170e-01
6.360000000000000320e+00 4.722313850302267690e-01
6.379999999999999893e+00 4.700905036502023848e-01
6.400000000000000355e+00 4.679626329387329142e-01
6.419999999999999929e+00 4.658476672988478562e-01
6.440000000000000391e+00 4.637455085603056082e-01
6.459999999999999964e+00 4.616560531243137921e-01
6.480000000000000426e+00 4.595792051633094677e-01
6.500000000000000000e+00 4.575148630152847673e-01
6.520000000000000462e+00 4.554629331374170365e-01
6.540000000000000036e+00 4.534233157447367657e-01
6.560000000000000497e+00 4.513959195231756483e-01
6.580000000000000071e+00 4.493806465072636147e-01
6.600000000000000533e+00 4.473774075575832065e-01
6.620000000000000107e+00 4.453861064721265084e-01
6.640000000000000568e+00 4.434066562338332962e-01
6.660000000000000142e+00 4.414389623501913662e-01
6.679999999999999716e+00 4.394829398759548811e-01
6.700000000000000178e+00 4.375384959755109771e-01
6.719999999999999751e+00 4.356055477265731724e-01
6.740000000000000213e+00 4.336840038997845648e-01
6.759999999999999787e+00 4.317737835485887521e-01
6.780000000000000249e+00 4.298747970004755392e-01
6.799999999999999822e+00 4.279869652389689527e-01
6.820000000000000284e+00 4.261102001008335582e-01
6.839999999999999858e+00 4.242444244555438337e-01
6.860000000000000320e+00 4.223895516026864860e-01
6.879999999999999893e+00 4.205455062550106926e-01
6.900000000000000355e+00 4.187122031302227820e-01
6.919999999999999929e+00 4.168895687430939079e-01
6.940000000000000391e+00 4.150775191857403734e-01
6.959999999999999964e+00 4.132759827350627746e-01
6.980000000000000426e+00 4.114848768155335845e-01
7.000000000000000000e+00 4.097041314276182455e-01
7.020000000000000462e+00 4.079336652869843260e-01
7.040000000000000036e+00 4.061734100803666703e-01
7.060000000000000497e+00 4.044232857750352239e-01
7.080000000000000071e+00 4.026832257079294708e-01
7.100000000000000533e+00 4.009531510591295977e-01
7.120000000000000107e+00 3.992329967809103985e-01
7.140000000000000568e+00 3.975226852288488710e-01
7.160000000000000142e+00 3.958221529368368130e-01
7.179999999999999716e+00 3.941313233993505860e-01
7.200000000000000178e+00 3.924501346992888551e-01
7.219999999999999751e+00 3.907785114348361621e-01
7.240000000000000213e+00 3.891163932063707032e-01
7.259999999999999787e+00 3.874637056812240687e-01
7.280000000000000249e+00 3.858203899467598785e-01
7.299999999999999822e+00 3.841863727062316825e-01
7.320000000000000284e+00 3.825615965045055522e-01
7.339999999999999858e+00 3.809459890480909605e-01
7.360000000000000320e+00 3.793394943108472361e-01
7.379999999999999893e+00 3.777420409711391147e-01
7.400000000000000355e+00 3.761535744042557305e-01
7.419999999999999929e+00 3.745740242294972044e-01
7.440000000000000391e+00 3.730033371969287415e-01
7.459999999999999964e+00 3.714414438370854388e-01
7.480000000000000426e+00 3.698882922490392411e-01
7.500000000000000000e+00 3.683438138452688748e-01
7.520000000000000462e+00 3.668079580489367886e-01
7.540000000000000036e+00 3.652806571263428337e-01
7.560000000000000497e+00 3.637618618006590587e-01
7.580000000000000071e+00 3.622515051642142270e-01
7.600000000000000533e+00 3.607495392169063342e-01
7.620000000000000107e+00 3.592558978504316602e-01
7.640000000000000568e+00 3.577705343189168663e-01
7.660000000000000142e+00 3.562933832870379125e-01
7.679999999999999716e+00 3.548243992414009118e-01
7.700000000000000178e+00 3.533635175943456996e-01
7.719999999999999751e+00 3.519106940439469811e-01
7.740000000000000213e+00 3.504658647251183146e-01
7.759999999999999787e+00 3.490289865271004599e-01
7.780000000000000249e+00 3.475999962833207779e-01
7.799999999999999822e+00 3.461788520545716619e-01
7.820000000000000284e+00 3.447654913489049955e-01
7.839999999999999858e+00 3.433598733797217917e-01
7.860000000000000320e+00 3.419619363067980533e-01
7.879999999999999893e+00 3.405716404778521000e-01
7.900000000000000355e+00 3.391889246816033876e-01
7.919999999999999929e+00 3.378137503824265031e-01
7.940000000000000391e+00 3.364460569761610897e-01
7.959999999999999964e+00 3.350858070267894173e-01
7.980000000000000426e+00 3.337329405155219364e-01
8.000000000000000000e+00 3.323874210894920411e-01
8.019999999999999574e+00 3.310491892944523729e-01
8.040000000000000924e+00 3.297182098448221965e-01
8.060000000000000497e+00 3.283944238300875451e-01
8.080000000000000071e+00 3.270777970166460769e-01
8.099999999999999645e+00 3.257682710178114172e-01
8.120000000000000995e+00 3.244658126371965934e-01
8.140000000000000568e+00 3.231703639920223692e-01
8.160000000000000142e+00 3.218818929088898551e-01
8.179999999999999716e+00 3.206003419898607598e-01
8.199999999999999289e+00 3.193256800708269005e-01
8.220000000000000639e+00 3.180578502195682278e-01
8.240000000000000213e+00 3.167968222680718759e-01
8.259999999999999787e+00 3.155425397315573810e-01
8.279999999999999361e+00 3.142949734254046890e-01
8.300000000000000711e+00 3.130540672938977309e-01
8.320000000000000284e+00 3.118197931235840437e-01
8.339999999999999858e+00 3.105920952702536098e-01
8.359999999999999432e+00 3.093709464798788944e-01
8.380000000000000782e+00 3.081562915020518156e-01
8.400000000000000355e+00 3.069481040308800202e-01
8.419999999999999929e+00 3.057463291928640969e-01
8.439999999999999503e+00 3.045509416194005503e-01
8.460000000000000853e+00 3.033618867968281285e-01
8.480000000000000426e+00 3.021791402834255180e-01
8.500000000000000000e+00 3.010026479090775475e-01
8.519999999999999574e+00 2.998323861489760045e-01
8.540000000000000924e+00 2.986683011600387294e-01
8.560000000000000497e+00 2.975103703248146991e-01
8.580000000000000071e+00 2.963585401115259588e-01
8.599999999999999645e+00 2.952127888009257739e-01
8.620000000000000995e+00 2.940730631565491859e-01
8.640000000000000568e+00 2.929393423486086889e-01
8.660000000000000142e+00 2.918115734207236134e-01
8.679999999999999716e+00 2.906897364242178594e-01
8.700000000000001066e+00 2.895737786672696323e-01
8.720000000000000639e+00 2.884636810743468893e-01
8.740000000000000213e+00 2.873593912034115849e-01
8.759999999999999787e+00 2.862608908444901346e-01
8.779999999999999361e+00 2.851681277902313738e-01
8.800000000000000711e+00 2.840810846889988972e-01
8.820000000000000284e+00 2.829997095537663543e-01
8.839999999999999858e+00 2.819239858843867741e-01
8.859999999999999432e+00 2.808538618994373404e-01
8.880000000000000782e+00 2.797893219437644907e-01
8.900000000000000355e+00 2.787303144275564137e-01
8.919999999999999929e+00 2.776768245345130892e-01
8.939999999999999503e+00 2.766288008520477182e-01
8.960000000000000853e+00 2.755862293969222332e-01
8.980000000000000426e+00 2.745490589201076692e-01
9.000000000000000000e+00 2.735172762659767720e-01
9.019999999999999574e+00 2.724908303349700689e-01
9.040000000000000924e+00 2.714697087939543230e-01
9.060000000000000497e+00 2.704538606794626987e-01
9.080000000000000071e+00 2.694432744760744680e-01
9.099999999999999645e+00 2.684378993425856619e-01
9.120000000000000995e+00 2.674377245768286282e-01
9.140000000000000568e+00 2.664426994467329335e-01
9.160000000000000142e+00 2.654528140592645746e-01
9.179999999999999716e+00 2.644680177778644947e-01
9.200000000000001066e+00 2.634883015148218877e-01
9.220000000000000639e+00 2.625136147161839517e-01
9.240000000000000213e+00 2.615439490960631552e-01
9.259999999999999787e+00 2.605792541696813069e-01
9.279999999999999361e+00 2.596195224497968024e-01
9.300000000000000711e+00 2.586647035080695267e-01
9.320000000000000284e+00 2.577147906530384280e-01
9.339999999999999858e+00 2.567697334995159286e-01
9.359999999999999432e+00 2.558295261492649075e-01
9.380000000000000782e+00 2.548941182476548439e-01
9.400000000000000355e+00 2.539635046874159086e-01
9.419999999999999929e+00 2.530376351313086691e-01
9.439999999999999503e+00 2.521165052610860879e-01
9.460000000000000853e+00 2.512000647444072587e-01
9.480000000000000426e+00 2.502883100504009750e-01
9.500000000000000000e+00 2.493811908385350218e-01
9.519999999999999574e+00 2.484787043639706261e-01
9.540000000000000924e+00 2.475808002655789930e-01
9.560000000000000497e+00 2.466874765835040673e-01
9.580000000000000071e+00 2.457986829229696357e-01
9.599999999999999645e+00 2.449144181083629801e-01
9.620000000000000995e+00 2.440346316988916964e-01
