# Electrodo circular de radio 6 mm y espesor 710.0 um.
# Volumen de simulacion (convencion z,y,x):
# N: 1024 x 1024 x 1024 | voxelSize:  0.02mm x 0.02mm x 0.02mm | FOV:  20.48mm x 20.48mm x 20.48mm
# 
# z [mm]		 delta[ppm]
0.000000000000000000e+00 5.545071525867997231e+00
2.000000000000000042e-02 5.440302232928679871e+00
4.000000000000000083e-02 5.335130829177941791e+00
5.999999999999999778e-02 5.229829350739372273e+00
8.000000000000000167e-02 5.124662661773307093e+00
1.000000000000000056e-01 5.019885218233256730e+00
1.199999999999999956e-01 4.915738574600246658e+00
1.400000000000000133e-01 4.812449483315298870e+00
1.600000000000000033e-01 4.710228274882402033e+00
1.799999999999999933e-01 4.609267670080081203e+00
2.000000000000000111e-01 4.509741925518246930e+00
2.200000000000000011e-01 4.411806393481281674e+00
2.399999999999999911e-01 4.315597388434537329e+00
2.600000000000000089e-01 4.221232413051851040e+00
2.800000000000000266e-01 4.128810620142722598e+00
2.999999999999999889e-01 4.038413552613004498e+00
3.200000000000000067e-01 3.950106030075492658e+00
3.400000000000000244e-01 3.863937224987052499e+00
3.599999999999999867e-01 3.779941796997066561e+00
3.800000000000000044e-01 3.698141136918374983e+00
4.000000000000000222e-01 3.618544594055971064e+00
4.199999999999999845e-01 3.541150750590672303e+00
4.400000000000000022e-01 3.465948623685149332e+00
4.600000000000000200e-01 3.392918872196245772e+00
4.799999999999999822e-01 3.322034895125753895e+00
5.000000000000000000e-01 3.253263910664861758e+00
5.200000000000000178e-01 3.186567907695039281e+00
5.400000000000000355e-01 3.121904568616563402e+00
5.600000000000000533e-01 3.059228057920791333e+00
5.799999999999999600e-01 2.998489783159266064e+00
5.999999999999999778e-01 2.939639023255489203e+00
6.199999999999999956e-01 2.882623536749435722e+00
6.400000000000000133e-01 2.827390043816229159e+00
6.600000000000000311e-01 2.773884699079416372e+00
6.800000000000000488e-01 2.722053446804879151e+00
7.000000000000000666e-01 2.671842378950401109e+00
7.199999999999999734e-01 2.623197984664034088e+00
7.399999999999999911e-01 2.576067414479117801e+00
7.600000000000000089e-01 2.530398644409948883e+00
7.800000000000000266e-01 2.486140665630795166e+00
8.000000000000000444e-01 2.443243581385049712e+00
8.200000000000000622e-01 2.401658739029351342e+00
8.399999999999999689e-01 2.361338775293881476e+00
8.599999999999999867e-01 2.322237704841949579e+00
8.800000000000000044e-01 2.284310926721442758e+00
9.000000000000000222e-01 2.247515280939603066e+00
9.200000000000000400e-01 2.211809026394469413e+00
9.400000000000000577e-01 2.177151874585406599e+00
9.599999999999999645e-01 2.143504947121972926e+00
9.799999999999999822e-01 2.110830793654325355e+00
1.000000000000000000e+00 2.079093335182449209e+00
1.020000000000000018e+00 2.048257871609774128e+00
1.040000000000000036e+00 2.018291015580117254e+00
1.060000000000000053e+00 1.989160693703563521e+00
1.080000000000000071e+00 1.960836074428696785e+00
1.100000000000000089e+00 1.933287565922625628e+00
1.120000000000000107e+00 1.906486740558461790e+00
1.140000000000000124e+00 1.880406331602418879e+00
1.159999999999999920e+00 1.855020156158246891e+00
1.179999999999999938e+00 1.830303112181252745e+00
1.199999999999999956e+00 1.806231101182603327e+00
1.219999999999999973e+00 1.782781026611403252e+00
1.239999999999999991e+00 1.759930717197237371e+00
1.260000000000000009e+00 1.737658927385207885e+00
1.280000000000000027e+00 1.715945261899484375e+00
1.300000000000000044e+00 1.694770178653277837e+00
1.320000000000000062e+00 1.674114914882545380e+00
1.340000000000000080e+00 1.653961492762578089e+00
1.360000000000000098e+00 1.634292647309007585e+00
1.380000000000000115e+00 1.615091834796208881e+00
1.400000000000000133e+00 1.596343162500067692e+00
1.419999999999999929e+00 1.578031399918264688e+00
1.439999999999999947e+00 1.560141910358562756e+00
1.459999999999999964e+00 1.542660664895714184e+00
1.479999999999999982e+00 1.525574175748520611e+00
1.500000000000000000e+00 1.508869512865571583e+00
1.520000000000000018e+00 1.492534239007765162e+00
1.540000000000000036e+00 1.476556428828377232e+00
1.560000000000000053e+00 1.460924605550821598e+00
1.580000000000000071e+00 1.445627762393891791e+00
1.600000000000000089e+00 1.430655300730892865e+00
1.620000000000000107e+00 1.415997053704183939e+00
1.640000000000000124e+00 1.401643225742234211e+00
1.660000000000000142e+00 1.387584418206980752e+00
1.679999999999999938e+00 1.373811570152731809e+00
1.699999999999999956e+00 1.360315985852792897e+00
1.719999999999999973e+00 1.347089276683024250e+00
1.739999999999999991e+00 1.334123390379915897e+00
1.760000000000000009e+00 1.321410553943614952e+00
1.780000000000000027e+00 1.308943304486718917e+00
1.800000000000000044e+00 1.296714433054004356e+00
1.820000000000000062e+00 1.284717016929360911e+00
1.840000000000000080e+00 1.272944364282767138e+00
1.860000000000000098e+00 1.261390047811071780e+00
1.880000000000000115e+00 1.250047850126289495e+00
1.900000000000000133e+00 1.238911798614468651e+00
1.919999999999999929e+00 1.227976111492330213e+00
1.939999999999999947e+00 1.217235233776594372e+00
1.959999999999999964e+00 1.206683783939414889e+00
1.979999999999999982e+00 1.196316590888447884e+00
2.000000000000000000e+00 1.186128641163461062e+00
2.020000000000000018e+00 1.176115116834793639e+00
2.040000000000000036e+00 1.166271343186275455e+00
2.060000000000000053e+00 1.156592827446701666e+00
2.080000000000000071e+00 1.147075206914864864e+00
2.100000000000000089e+00 1.137714288445011990e+00
2.120000000000000107e+00 1.128505996971756131e+00
2.140000000000000124e+00 1.119446415676444984e+00
2.160000000000000142e+00 1.110531734879085519e+00
2.180000000000000160e+00 1.101758292817917928e+00
2.200000000000000178e+00 1.093122524876642299e+00
2.220000000000000195e+00 1.084621004914476883e+00
2.240000000000000213e+00 1.076250394805201571e+00
2.260000000000000231e+00 1.068007486259446859e+00
2.280000000000000249e+00 1.059889150652451484e+00
2.300000000000000266e+00 1.051892381284487588e+00
2.319999999999999840e+00 1.044014243481450110e+00
2.339999999999999858e+00 1.036251917242994036e+00
2.359999999999999876e+00 1.028602647599867304e+00
2.379999999999999893e+00 1.021063787602733308e+00
2.399999999999999911e+00 1.013632748926503124e+00
2.419999999999999929e+00 1.006307045155896640e+00
2.439999999999999947e+00 9.990842426262640519e-01
2.459999999999999964e+00 9.919620039647142340e-01
2.479999999999999982e+00 9.849380391625941478e-01
2.500000000000000000e+00 9.780101493335371377e-01
2.520000000000000018e+00 9.711761780115446552e-01
2.540000000000000036e+00 9.644340550896323139e-01
2.560000000000000053e+00 9.577817483425411504e-01
2.580000000000000071e+00 9.512173075117268395e-01
2.600000000000000089e+00 9.447388160501627441e-01
2.620000000000000107e+00 9.383444353213655775e-01
2.640000000000000124e+00 9.320323565683338307e-01
2.660000000000000142e+00 9.258008451960094698e-01
2.680000000000000160e+00 9.196481929645893283e-01
2.700000000000000178e+00 9.135727623264169317e-01
2.720000000000000195e+00 9.075729388480892057e-01
2.740000000000000213e+00 9.016471755742266891e-01
2.760000000000000231e+00 8.957939456807404444e-01
2.780000000000000249e+00 8.900117868392699583e-01
2.800000000000000266e+00 8.842992541078549262e-01
2.819999999999999840e+00 8.786549642710587138e-01
2.839999999999999858e+00 8.730775489720312699e-01
2.859999999999999876e+00 8.675656990044779970e-01
2.879999999999999893e+00 8.621181176937362522e-01
2.899999999999999911e+00 8.567335651177808709e-01
2.919999999999999929e+00 8.514108117425518429e-01
2.939999999999999947e+00 8.461486825501433051e-01
2.959999999999999964e+00 8.409460109370376912e-01
2.979999999999999982e+00 8.358016827285593697e-01
3.000000000000000000e+00 8.307145903461208292e-01
3.020000000000000018e+00 8.256836766878634659e-01
3.040000000000000036e+00 8.207078895742965230e-01
3.060000000000000053e+00 8.157862254758070364e-01
3.080000000000000071e+00 8.109176842434715482e-01
3.100000000000000089e+00 8.061013126648389759e-01
3.120000000000000107e+00 8.013361594898262830e-01
3.140000000000000124e+00 7.966213187968783638e-01
3.160000000000000142e+00 7.919558853211379201e-01
3.180000000000000160e+00 7.873389976137414870e-01
3.200000000000000178e+00 7.827697936824791203e-01
3.220000000000000195e+00 7.782474539276094117e-01
3.240000000000000213e+00 7.737711571024347146e-01
3.260000000000000231e+00 7.693401230095862076e-01
3.280000000000000249e+00 7.649535687919246651e-01
3.300000000000000266e+00 7.606107513737823123e-01
3.320000000000000284e+00 7.563109240897373242e-01
3.339999999999999858e+00 7.520533788558442234e-01
3.359999999999999876e+00 7.478374031467338590e-01
3.379999999999999893e+00 7.436623218823406045e-01
3.399999999999999911e+00 7.395274547608884363e-01
3.419999999999999929e+00 7.354321578471090248e-01
3.439999999999999947e+00 7.313757812715210305e-01
3.459999999999999964e+00 7.273577105066012516e-01
3.479999999999999982e+00 7.233773244398048474e-01
3.500000000000000000e+00 7.194340363245850245e-01
3.520000000000000018e+00 7.155272522374476196e-01
3.540000000000000036e+00 7.116564116911323623e-01
3.560000000000000053e+00 7.078209464829980924e-01
3.580000000000000071e+00 7.040203209580735422e-01
3.600000000000000089e+00 7.002539912588926496e-01
3.620000000000000107e+00 6.965214452265350298e-01
3.640000000000000124e+00 6.928221620589666285e-01
3.660000000000000142e+00 6.891556518385729690e-01
3.680000000000000160e+00 6.855214156088825783e-01
3.700000000000000178e+00 6.819189845174443709e-01
3.720000000000000195e+00 6.783478803177453997e-01
3.740000000000000213e+00 6.748076541166547759e-01
3.760000000000000231e+00 6.712978473111336220e-01
3.780000000000000249e+00 6.678180299298090983e-01
3.800000000000000266e+00 6.643677620109859072e-01
3.820000000000000284e+00 6.609466315282344073e-01
3.839999999999999858e+00 6.575542162190280981e-01
3.859999999999999876e+00 6.541901210845770809e-01
3.879999999999999893e+00 6.508539406752389400e-01
3.899999999999999911e+00 6.475452961551509956e-01
3.919999999999999929e+00 6.442637980534102748e-01
3.939999999999999947e+00 6.410090828843695299e-01
3.959999999999999964e+00 6.377807763703901012e-01
3.979999999999999982e+00 6.345785296089341276e-01
4.000000000000000000e+00 6.314019827755944503e-01
4.020000000000000462e+00 6.282508008294326318e-01
4.040000000000000036e+00 6.251246377016930200e-01
4.060000000000000497e+00 6.220231715311420606e-01
4.080000000000000071e+00 6.189460693468045172e-01
4.099999999999999645e+00 6.158930218253295674e-01
4.120000000000000107e+00 6.128637084727912576e-01
4.139999999999999680e+00 6.098578318963528977e-01
4.160000000000000142e+00 6.068750834931622151e-01
4.179999999999999716e+00 6.039151772288755549e-01
4.200000000000000178e+00 6.009778158382806934e-01
4.219999999999999751e+00 5.980627241035182395e-01
4.240000000000000213e+00 5.951696155740877625e-01
4.259999999999999787e+00 5.922982253378421547e-01
4.280000000000000249e+00 5.894482772646529867e-01
4.299999999999999822e+00 5.866195162634922911e-01
4.320000000000000284e+00 5.838116760570725150e-01
4.339999999999999858e+00 5.810245109185934176e-01
4.360000000000000320e+00 5.782577639812415127e-01
4.379999999999999893e+00 5.755111984484104770e-01
4.400000000000000355e+00 5.727845664450130769e-01
4.419999999999999929e+00 5.700776396952345060e-01
4.440000000000000391e+00 5.673901789191597711e-01
4.459999999999999964e+00 5.647219639723120022e-01
4.480000000000000426e+00 5.620727637942540822e-01
4.500000000000000000e+00 5.594423660043859048e-01
4.520000000000000462e+00 5.568305474056469695e-01
4.540000000000000036e+00 5.542371030312863711e-01
4.560000000000000497e+00 5.516618172099675421e-01
4.580000000000000071e+00 5.491044920584364775e-01
4.600000000000000533e+00 5.465649191107871951e-01
4.620000000000000107e+00 5.440429072521317799e-01
4.639999999999999680e+00 5.415382549180401961e-01
4.660000000000000142e+00 5.390507774645432182e-01
4.679999999999999716e+00 5.365802799401238055e-01
4.700000000000000178e+00 5.341265838875713934e-01
4.719999999999999751e+00 5.316895006942295998e-01
4.740000000000000213e+00 5.292688578214111983e-01
4.759999999999999787e+00 5.268644727349467427e-01
4.780000000000000249e+00 5.244761785580316360e-01
4.799999999999999822e+00 5.221037985875024434e-01
4.820000000000000284e+00 5.197471713662060733e-01
4.839999999999999858e+00 5.174061257866801045e-01
4.860000000000000320e+00 5.150805055792877507e-01
4.879999999999999893e+00 5.127701450084536372e-01
4.900000000000000355e+00 5.104748927729877428e-01
4.919999999999999929e+00 5.081945882962409788e-01
4.940000000000000391e+00 5.059290850351902957e-01
4.959999999999999964e+00 5.036782273694088152e-01
4.980000000000000426e+00 5.014418733156454921e-01
5.000000000000000000e+00 4.992198720166754478e-01
5.020000000000000462e+00 4.970120858582720014e-01
5.040000000000000036e+00 4.948183685625535677e-01
5.060000000000000497e+00 4.926385867044193456e-01
5.080000000000000071e+00 4.904725984101507286e-01
5.100000000000000533e+00 4.883202742704797483e-01
5.120000000000000107e+00 4.861814766488657957e-01
5.139999999999999680e+00 4.840560799885380572e-01
5.160000000000000142e+00 4.819439507309177806e-01
5.179999999999999716e+00 4.798449670140902956e-01
5.200000000000000178e+00 4.777589992055725765e-01
5.219999999999999751e+00 4.756859289898265897e-01
5.240000000000000213e+00 4.736256305155712720e-01
5.259999999999999787e+00 4.715779888700463718e-01
5.280000000000000249e+00 4.695428818448746378e-01
5.299999999999999822e+00 4.675201977949411392e-01
5.320000000000000284e+00 4.655098180227364435e-01
5.339999999999999858e+00 4.635116340198158769e-01
5.360000000000000320e+00 4.615255304734417474e-01
5.379999999999999893e+00 4.595514018887038588e-01
5.400000000000000355e+00 4.575891362171767285e-01
5.419999999999999929e+00 4.556386308578639355e-01
5.440000000000000391e+00 4.536997769115334589e-01
5.459999999999999964e+00 4.517724745587855528e-01
5.480000000000000426e+00 4.498566179395431797e-01
5.500000000000000000e+00 4.479521099066162693e-01
5.520000000000000462e+00 4.460588475338599368e-01
5.540000000000000036e+00 4.441767362437333277e-01
5.560000000000000497e+00 4.423056759433890428e-01
5.580000000000000071e+00 4.404455745247784493e-01
5.600000000000000533e+00 4.385963346320662093e-01
5.620000000000000107e+00 4.367578665329462928e-01
5.639999999999999680e+00 4.349300755164515198e-01
5.660000000000000142e+00 4.331128741342056276e-01
5.679999999999999716e+00 4.313061702318990442e-01
5.700000000000000178e+00 4.295098785593036705e-01
5.719999999999999751e+00 4.277239094343096570e-01
5.740000000000000213e+00 4.259481797205630915e-01
5.759999999999999787e+00 4.241826021272554481e-01
5.780000000000000249e+00 4.224270955533435679e-01
5.799999999999999822e+00 4.206815750218161343e-01
5.820000000000000284e+00 4.189459613895038514e-01
5.839999999999999858e+00 4.172201719189163605e-01
5.860000000000000320e+00 4.155041293527337309e-01
5.879999999999999893e+00 4.137977531217964522e-01
5.900000000000000355e+00 4.121009677833853413e-01
5.919999999999999929e+00 4.104136948684095065e-01
5.940000000000000391e+00 4.087358606826686502e-01
5.959999999999999964e+00 4.070673887916791411e-01
5.980000000000000426e+00 4.054082071841213497e-01
6.000000000000000000e+00 4.037582413973228590e-01
6.020000000000000462e+00 4.021174210421651907e-01
6.040000000000000036e+00 4.004856735675302870e-01
6.060000000000000497e+00 3.988629301459656884e-01
6.080000000000000071e+00 3.972491200800828404e-01
6.100000000000000533e+00 3.956441760483225822e-01
6.120000000000000107e+00 3.940480291515125466e-01
6.140000000000000568e+00 3.924606135180938593e-01
6.160000000000000142e+00 3.908818619938073113e-01
6.179999999999999716e+00 3.893117101057929075e-01
6.200000000000000178e+00 3.877500923935188193e-01
6.219999999999999751e+00 3.861969457311448806e-01
6.240000000000000213e+00 3.846522063026929228e-01
6.259999999999999787e+00 3.831158122821212708e-01
6.280000000000000249e+00 3.815877014507586540e-01
6.299999999999999822e+00 3.800678132345306492e-01
6.320000000000000284e+00 3.785560869666699801e-01
6.339999999999999858e+00 3.770524632815626664e-01
6.360000000000000320e+00 3.755568830207008935e-01
6.379999999999999893e+00 3.740692879826056916e-01
6.400000000000000355e+00 3.725896204750719920e-01
6.419999999999999929e+00 3.711178234206460314e-01
6.440000000000000391e+00 3.696538405530742089e-01
6.459999999999999964e+00 3.681976158777994779e-01
6.480000000000000426e+00 3.667490945157174664e-01
6.500000000000000000e+00 3.653082215181629455e-01
6.520000000000000462e+00 3.638749433558472468e-01
6.540000000000000036e+00 3.624492060877841926e-01
6.560000000000000497e+00 3.610309574985854919e-01
6.580000000000000071e+00 3.596201446207798469e-01
6.600000000000000533e+00 3.582167165183167690e-01
6.620000000000000107e+00 3.568206211616948842e-01
6.640000000000000568e+00 3.554318088609333404e-01
6.660000000000000142e+00 3.540502284929347709e-01
6.679999999999999716e+00 3.526758315817634104e-01
6.700000000000000178e+00 3.513085678776167731e-01
6.719999999999999751e+00 3.499483900877696785e-01
6.740000000000000213e+00 3.485952488065404697e-01
6.759999999999999787e+00 3.472490978947180285e-01
6.780000000000000249e+00 3.459098887598560657e-01
6.799999999999999822e+00 3.445775763876656184e-01
6.820000000000000284e+00 3.432521129719408037e-01
6.839999999999999858e+00 3.419334545957735672e-01
6.860000000000000320e+00 3.406215542103481764e-01
6.879999999999999893e+00 3.393163689695945506e-01
6.900000000000000355e+00 3.380178525571119197e-01
6.919999999999999929e+00 3.367259631721016278e-01
6.940000000000000391e+00 3.354406552035878453e-01
6.959999999999999964e+00 3.341618878714012197e-01
6.980000000000000426e+00 3.328896162468565345e-01
7.000000000000000000e+00 3.316238005466703997e-01
7.020000000000000462e+00 3.303643964991658244e-01
7.040000000000000036e+00 3.291113652950551915e-01
7.060000000000000497e+00 3.278646632982307185e-01
7.080000000000000071e+00 3.266242526513338795e-01
7.100000000000000533e+00 3.253900903301080172e-01
7.120000000000000107e+00 3.241621394078555984e-01
7.140000000000000568e+00 3.229403574522857756e-01
7.160000000000000142e+00 3.217247084468524143e-01
7.179999999999999716e+00 3.205151505289454694e-01
7.200000000000000178e+00 3.193116485723939135e-01
7.219999999999999751e+00 3.181141612658167084e-01
7.240000000000000213e+00 3.169226543543505747e-01
7.259999999999999787e+00 3.157370870568699250e-01
7.280000000000000249e+00 3.145574259714251641e-01
7.299999999999999822e+00 3.133836308300124163e-01
7.320000000000000284e+00 3.122156690658604572e-01
7.339999999999999858e+00 3.110535009043162158e-01
7.360000000000000320e+00 3.098970945966808554e-01
7.379999999999999893e+00 3.087464108457340650e-01
7.400000000000000355e+00 3.076014187043507597e-01
7.419999999999999929e+00 3.064620793340652183e-01
7.440000000000000391e+00 3.053283625734122264e-01
7.459999999999999964e+00 3.042002300278865978e-01
7.480000000000000426e+00 3.030776523063315464e-01
7.500000000000000000e+00 3.019605914405321667e-01
7.520000000000000462e+00 3.008490187948301142e-01
7.540000000000000036e+00 2.997428968135449345e-01
7.560000000000000497e+00 2.986421976022380909e-01
7.580000000000000071e+00 2.975468840010032645e-01
7.600000000000000533e+00 2.964569288428425820e-01
7.620000000000000107e+00 2.953722953508224891e-01
7.640000000000000568e+00 2.942929570721023458e-01
7.660000000000000142e+00 2.932188775968093131e-01
7.679999999999999716e+00 2.921500311734413491e-01
7.700000000000000178e+00 2.910863817472564286e-01
7.719999999999999751e+00 2.900279042557350473e-01
7.740000000000000213e+00 2.889745629841229957e-01
7.759999999999999787e+00 2.879263335469667284e-01
7.780000000000000249e+00 2.868831805583813566e-01
7.799999999999999822e+00 2.858450802984853767e-01
7.820000000000000284e+00 2.848119976958249921e-01
7.839999999999999858e+00 2.837839096850112153e-01
7.860000000000000320e+00 2.827607814986476953e-01
7.879999999999999893e+00 2.817425907151615561e-01
7.900000000000000355e+00 2.807293028574102123e-01
7.919999999999999929e+00 2.797208961373433000e-01
7.940000000000000391e+00 2.787173363583921315e-01
7.959999999999999964e+00 2.777186023561082906e-01
7.980000000000000426e+00 2.767246602012788936e-01
8.000000000000000000e+00 2.757354893434951770e-01
8.019999999999999574e+00 2.747510561118571282e-01
8.040000000000000924e+00 2.737713405607957173e-01
8.060000000000000497e+00 2.727963092650245169e-01
8.080000000000000071e+00 2.718259428749488227e-01
8.099999999999999645e+00 2.708602082024441082e-01
8.120000000000000995e+00 2.698990864853498817e-01
8.140000000000000568e+00 2.689425447604956165e-01
8.160000000000000142e+00 2.679905648449370514e-01
8.179999999999999716e+00 2.670431139925382169e-01
8.199999999999999289e+00 2.661001745916750094e-01
8.220000000000000639e+00 2.651617141014612766e-01
8.240000000000000213e+00 2.642277154739910983e-01
8.259999999999999787e+00 2.632981463662154575e-01
8.279999999999999361e+00 2.623729902866400732e-01
8.300000000000000711e+00 2.614522150786606214e-01
8.320000000000000284e+00 2.605358048001695792e-01
8.339999999999999858e+00 2.596237274740552103e-01
8.359999999999999432e+00 2.587159677008585845e-01
8.380000000000000782e+00 2.578124936719093374e-01
8.400000000000000355e+00 2.569132905239263076e-01
8.419999999999999929e+00 2.560183266101545563e-01
8.439999999999999503e+00 2.551275875972799367e-01
8.460000000000000853e+00 2.542410419897309648e-01
8.480000000000000426e+00 2.533586759782053277e-01
8.500000000000000000e+00 2.524804582121771279e-01
8.519999999999999574e+00 2.516063754006622188e-01
8.540000000000000924e+00 2.507363963277113861e-01
8.560000000000000497e+00 2.498705082152035961e-01
8.580000000000000071e+00 2.490086799759960445e-01
8.599999999999999645e+00 2.481508993396085716e-01
8.620000000000000995e+00 2.472971353374812664e-01
8.640000000000000568e+00 2.464473762017923841e-01
8.660000000000000142e+00 2.456015910771192079e-01
8.679999999999999716e+00 2.447597686935466532e-01
8.700000000000001066e+00 2.439218782987732925e-01
8.720000000000000639e+00 2.430879091162586603e-01
8.740000000000000213e+00 2.422578304916754577e-01
8.759999999999999787e+00 2.414316321375465646e-01
8.779999999999999361e+00 2.406092834876885356e-01
8.800000000000000711e+00 2.397907747395831013e-01
8.820000000000000284e+00 2.389760754103205376e-01
8.839999999999999858e+00 2.381651761784572552e-01
8.859999999999999432e+00 2.373580466346741358e-01
8.880000000000000782e+00 2.365546779349166628e-01
8.900000000000000355e+00 2.357550397388376018e-01
8.919999999999999929e+00 2.349591236762908764e-01
8.939999999999999503e+00 2.341668994663427816e-01
8.960000000000000853e+00 2.333783592094753057e-01
8.980000000000000426e+00 2.325934726797737884e-01
9.000000000000000000e+00 2.318122324452628613e-01
9.019999999999999574e+00 2.310346083255875593e-01
9.040000000000000924e+00 2.302605933534191962e-01
9.060000000000000497e+00 2.294901573897763225e-01
9.080000000000000071e+00 2.287232939292717926e-01
9.099999999999999645e+00 2.279599728649149837e-01
9.120000000000000995e+00 2.272001881507370036e-01
9.140000000000000568e+00 2.264439097077316498e-01
9.160000000000000142e+00 2.256911319470267796e-01
9.179999999999999716e+00 2.249418248082552252e-01
9.200000000000001066e+00 2.241959831574874551e-01
9.220000000000000639e+00 2.234535769491655111e-01
9.240000000000000213e+00 2.227146015023242220e-01
9.259999999999999787e+00 2.219790267769027325e-01
9.279999999999999361e+00 2.212468485431068055e-01
9.300000000000000711e+00 2.205180367626792259e-01
9.320000000000000284e+00 2.197925876553800673e-01
9.339999999999999858e+00 2.190704711754465628e-01
9.359999999999999432e+00 2.183516839907539975e-01
9.380000000000000782e+00 2.176361960444626042e-01
9.400000000000000355e+00 2.169240044512873444e-01
9.419999999999999929e+00 2.162150791339924605e-01
9.439999999999999503e+00 2.155094176530372163e-01
9.460000000000000853e+00 2.148069899073232203e-01
9.480000000000000426e+00 2.141077939021248377e-01
9.500000000000000000e+00 2.134117995031171167e-01
9.519999999999999574e+00 2.127190051596336284e-01
9.540000000000000924e+00 2.120293807007576081e-01
9.560000000000000497e+00 2.113429250192891129e-01
9.580000000000000071e+00 2.106596078982881648e-01
9.599999999999999645e+00 2.099794286736051396e-01
9.620000000000000995e+00 2.093023570789824261e-01
