# Electrodo circular de radio 6 mm y espesor 710.0 um.
# Volumen de simulacion (convencion z,y,x):
# N: 1024 x 1024 x 1024 | voxelSize:  0.02mm x 0.02mm x 0.02mm | FOV:  20.48mm x 20.48mm x 20.48mm
# 
# z [mm]		 delta[ppm]
0.000000000000000000e+00 2.808494136213064873e+00
2.000000000000000042e-02 2.803033374611992201e+00
4.000000000000000083e-02 2.797419329388141307e+00
5.999999999999999778e-02 2.791654060903697054e+00
8.000000000000000167e-02 2.785739647402404540e+00
1.000000000000000056e-01 2.779678198729329086e+00
1.199999999999999956e-01 2.773471864260561137e+00
1.400000000000000133e-01 2.767122830569600289e+00
1.600000000000000033e-01 2.760633316678420712e+00
1.799999999999999933e-01 2.754005576645207398e+00
2.000000000000000111e-01 2.747241892151047526e+00
2.200000000000000011e-01 2.740344576674052846e+00
2.399999999999999911e-01 2.733315967311906736e+00
2.600000000000000089e-01 2.726158429629975899e+00
2.800000000000000266e-01 2.718874348847470035e+00
2.999999999999999889e-01 2.711466135226153984e+00
3.200000000000000067e-01 2.703936214830624518e+00
3.400000000000000244e-01 2.696287035372006091e+00
3.599999999999999867e-01 2.688521056550127852e+00
3.800000000000000044e-01 2.680640756326783336e+00
4.000000000000000222e-01 2.672648620931664887e+00
4.199999999999999845e-01 2.664547151541011960e+00
4.400000000000000022e-01 2.656338853948284839e+00
4.600000000000000200e-01 2.648026245640584087e+00
4.799999999999999822e-01 2.639611845179595129e+00
5.000000000000000000e-01 2.631098179666548909e+00
5.200000000000000178e-01 2.622487773834759395e+00
5.400000000000000355e-01 2.613783157900131826e+00
5.600000000000000533e-01 2.604986856395600903e+00
5.799999999999999600e-01 2.596101396402374917e+00
5.999999999999999778e-01 2.587129296128423128e+00
6.199999999999999956e-01 2.578073073518324154e+00
6.400000000000000133e-01 2.568935234598011430e+00
6.600000000000000311e-01 2.559718282459419125e+00
6.800000000000000488e-01 2.550424705374162659e+00
7.000000000000000666e-01 2.541056986150278973e+00
7.199999999999999734e-01 2.531617590032079423e+00
7.399999999999999911e-01 2.522108974424838834e+00
7.600000000000000089e-01 2.512533576583643402e+00
7.800000000000000266e-01 2.502893823702283971e+00
8.000000000000000444e-01 2.493192120404872814e+00
8.200000000000000622e-01 2.483430859193942908e+00
8.399999999999999689e-01 2.473612407747575404e+00
8.599999999999999867e-01 2.463739119721713777e+00
8.800000000000000044e-01 2.453813321864065866e+00
9.000000000000000222e-01 2.443837325164574636e+00
9.200000000000000400e-01 2.433813411788606107e+00
9.400000000000000577e-01 2.423743846569403004e+00
9.599999999999999645e-01 2.413630863769860913e+00
9.799999999999999822e-01 2.403476678909836739e+00
1.000000000000000000e+00 2.393283475358825463e+00
1.020000000000000018e+00 2.383053416490777288e+00
1.040000000000000036e+00 2.372788632115501173e+00
1.060000000000000053e+00 2.362491230952893151e+00
1.080000000000000071e+00 2.352163286905158301e+00
1.100000000000000089e+00 2.341806851842111570e+00
1.120000000000000107e+00 2.331423941720930593e+00
1.140000000000000124e+00 2.321016549673553531e+00
1.159999999999999920e+00 2.310586631975933614e+00
1.179999999999999938e+00 2.300136121428370650e+00
1.199999999999999956e+00 2.289666913180139929e+00
1.219999999999999973e+00 2.279180878393085141e+00
1.239999999999999991e+00 2.268679849923545877e+00
1.260000000000000009e+00 2.258165636259391373e+00
1.280000000000000027e+00 2.247640007064559686e+00
1.300000000000000044e+00 2.237104707379280910e+00
1.320000000000000062e+00 2.226561443029256626e+00
1.340000000000000080e+00 2.216011895078736860e+00
1.360000000000000098e+00 2.205457705109289623e+00
1.380000000000000115e+00 2.194900489915110331e+00
1.400000000000000133e+00 2.184341826653560137e+00
1.419999999999999929e+00 2.173783267772030126e+00
1.439999999999999947e+00 2.163226326035041502e+00
1.459999999999999964e+00 2.152672489671773270e+00
1.479999999999999982e+00 2.142123207282184971e+00
1.500000000000000000e+00 2.131579903194298353e+00
1.520000000000000018e+00 2.121043962254145043e+00
1.540000000000000036e+00 2.110516745381764370e+00
1.560000000000000053e+00 2.099999574247776835e+00
1.580000000000000071e+00 2.089493747017112657e+00
1.600000000000000089e+00 2.079000522917101801e+00
1.620000000000000107e+00 2.068521138157880745e+00
1.640000000000000124e+00 2.058056790395206281e+00
1.660000000000000142e+00 2.047608654816548412e+00
1.679999999999999938e+00 2.037177868503722511e+00
1.699999999999999956e+00 2.026765546673683360e+00
1.719999999999999973e+00 2.016372766944627415e+00
1.739999999999999991e+00 2.006000585720552287e+00
1.760000000000000009e+00 1.995650022366248111e+00
1.780000000000000027e+00 1.985322075724708091e+00
1.800000000000000044e+00 1.975017708205139666e+00
1.820000000000000062e+00 1.964737862422460513e+00
1.840000000000000080e+00 1.954483445204042047e+00
1.860000000000000098e+00 1.944255344340545699e+00
1.880000000000000115e+00 1.934054412516025723e+00
1.900000000000000133e+00 1.923881484159504662e+00
1.919999999999999929e+00 1.913737359304486407e+00
1.939999999999999947e+00 1.903622820530741278e+00
1.959999999999999964e+00 1.893538616758347892e+00
1.979999999999999982e+00 1.883485480269239121e+00
2.000000000000000000e+00 1.873464110442223385e+00
2.020000000000000018e+00 1.863475190843979945e+00
2.040000000000000036e+00 1.853519372910606089e+00
2.060000000000000053e+00 1.843597293097863465e+00
2.080000000000000071e+00 1.833709556516046169e+00
2.100000000000000089e+00 1.823856754129352220e+00
2.120000000000000107e+00 1.814039446350113050e+00
2.140000000000000124e+00 1.804258180277286794e+00
2.160000000000000142e+00 1.794513473257176139e+00
2.180000000000000160e+00 1.784805830151140249e+00
2.200000000000000178e+00 1.775135726869254915e+00
2.220000000000000195e+00 1.765503627657440067e+00
2.240000000000000213e+00 1.755909968611533589e+00
2.260000000000000231e+00 1.746355174974121738e+00
2.280000000000000249e+00 1.736839644635844504e+00
2.300000000000000266e+00 1.727363765432346820e+00
2.319999999999999840e+00 1.717927898640573048e+00
2.339999999999999858e+00 1.708532396266304376e+00
2.359999999999999876e+00 1.699177584542636898e+00
2.379999999999999893e+00 1.689863781198678305e+00
2.399999999999999911e+00 1.680591278968222912e+00
2.419999999999999929e+00 1.671360362830269120e+00
2.439999999999999947e+00 1.662171293535388727e+00
2.459999999999999964e+00 1.653024324808790357e+00
2.479999999999999982e+00 1.643919686902638677e+00
2.500000000000000000e+00 1.634857603752478239e+00
2.520000000000000018e+00 1.625838276563264406e+00
2.540000000000000036e+00 1.616861900910021355e+00
2.560000000000000053e+00 1.607928650366056145e+00
2.580000000000000071e+00 1.599038693538778588e+00
2.600000000000000089e+00 1.590192177748094293e+00
2.620000000000000107e+00 1.581389245988400916e+00
2.640000000000000124e+00 1.572630020665791939e+00
2.660000000000000142e+00 1.563914620477284023e+00
2.680000000000000160e+00 1.555243144215023854e+00
2.700000000000000178e+00 1.546615687553861918e+00
2.720000000000000195e+00 1.538032326931337845e+00
2.740000000000000213e+00 1.529493136234753914e+00
2.760000000000000231e+00 1.520998170765306412e+00
2.780000000000000249e+00 1.512547483815863236e+00
2.800000000000000266e+00 1.504141110728121955e+00
2.819999999999999840e+00 1.495779085352344717e+00
2.839999999999999858e+00 1.487461424206034444e+00
2.859999999999999876e+00 1.479188142806907802e+00
2.879999999999999893e+00 1.470959239942068564e+00
2.899999999999999911e+00 1.462774713865541809e+00
2.919999999999999929e+00 1.454634546686542906e+00
2.939999999999999947e+00 1.446538720422909208e+00
2.959999999999999964e+00 1.438487201517519631e+00
2.979999999999999982e+00 1.430479956739008518e+00
3.000000000000000000e+00 1.422516937835005102e+00
3.020000000000000018e+00 1.414598097271545063e+00
3.040000000000000036e+00 1.406723373032208180e+00
3.060000000000000053e+00 1.398892704187664870e+00
3.080000000000000071e+00 1.391106015849453481e+00
3.100000000000000089e+00 1.383363234561107769e+00
3.120000000000000107e+00 1.375664273415691419e+00
3.140000000000000124e+00 1.368009047259986843e+00
3.160000000000000142e+00 1.360397457984561465e+00
3.180000000000000160e+00 1.352829409532509519e+00
3.200000000000000178e+00 1.345304793371170815e+00
3.220000000000000195e+00 1.337823503296968086e+00
3.240000000000000213e+00 1.330385421097537657e+00
3.260000000000000231e+00 1.322990431144199786e+00
3.280000000000000249e+00 1.315638406253653026e+00
3.300000000000000266e+00 1.308329222059605002e+00
3.320000000000000284e+00 1.301062743082822104e+00
3.339999999999999858e+00 1.293838836873504095e+00
3.359999999999999876e+00 1.286657360298783193e+00
3.379999999999999893e+00 1.279518173447429241e+00
3.399999999999999911e+00 1.272421126143600256e+00
3.419999999999999929e+00 1.265366071605448894e+00
3.439999999999999947e+00 1.258352853194204757e+00
3.459999999999999964e+00 1.251381317818334837e+00
3.479999999999999982e+00 1.244451302926693703e+00
3.500000000000000000e+00 1.237562649649846636e+00
3.520000000000000018e+00 1.230715190046365537e+00
3.540000000000000036e+00 1.223908759972962557e+00
3.560000000000000053e+00 1.217143186592646531e+00
3.580000000000000071e+00 1.210418300965306226e+00
3.600000000000000089e+00 1.203733925826765860e+00
3.620000000000000107e+00 1.197089887891493287e+00
3.640000000000000124e+00 1.190486005911221667e+00
3.660000000000000142e+00 1.183922102681470134e+00
3.680000000000000160e+00 1.177397993388722641e+00
3.700000000000000178e+00 1.170913497312418894e+00
3.720000000000000195e+00 1.164468426469366991e+00
3.740000000000000213e+00 1.158062597002919691e+00
3.760000000000000231e+00 1.151695818133511073e+00
3.780000000000000249e+00 1.145367903226757411e+00
3.800000000000000266e+00 1.139078659058726295e+00
3.820000000000000284e+00 1.132827896554676084e+00
3.839999999999999858e+00 1.126615420377953258e+00
3.859999999999999876e+00 1.120441039331093513e+00
3.879999999999999893e+00 1.114304556276915381e+00
3.899999999999999911e+00 1.108205778193733337e+00
3.919999999999999929e+00 1.102144506437469307e+00
3.939999999999999947e+00 1.096120546442745924e+00
3.959999999999999964e+00 1.090133698334524004e+00
3.979999999999999982e+00 1.084183766266855864e+00
4.000000000000000000e+00 1.078270549392827737e+00
4.020000000000000462e+00 1.072393850832734419e+00
4.040000000000000036e+00 1.066553469010801392e+00
4.060000000000000497e+00 1.060749206244603338e+00
4.080000000000000071e+00 1.054980860457256364e+00
4.099999999999999645e+00 1.049248233379898032e+00
4.120000000000000107e+00 1.043551122647762730e+00
4.139999999999999680e+00 1.037889329607543987e+00
4.160000000000000142e+00 1.032262651806034270e+00
4.179999999999999716e+00 1.026670890394183022e+00
4.200000000000000178e+00 1.021113843016665745e+00
4.219999999999999751e+00 1.015591310804501157e+00
4.240000000000000213e+00 1.010103091674156683e+00
4.259999999999999787e+00 1.004648986900569474e+00
4.280000000000000249e+00 9.992287948341035397e-01
4.299999999999999822e+00 9.938423170458648981e-01
4.320000000000000284e+00 9.884893524710673951e-01
4.339999999999999858e+00 9.831697031184858382e-01
4.360000000000000320e+00 9.778831686485521812e-01
4.379999999999999893e+00 9.726295516388201445e-01
4.400000000000000355e+00 9.674086526052776414e-01
4.419999999999999929e+00 9.622202748157578922e-01
4.440000000000000391e+00 9.570642197626705316e-01
4.459999999999999964e+00 9.519402915162855638e-01
4.480000000000000426e+00 9.468482926573732472e-01
4.500000000000000000e+00 9.417880281622121874e-01
4.520000000000000462e+00 9.367593018033733010e-01
4.540000000000000036e+00 9.317619195584093683e-01
4.560000000000000497e+00 9.267956864871554901e-01
4.580000000000000071e+00 9.218604096560356620e-01
4.600000000000000533e+00 9.169558955000680633e-01
4.620000000000000107e+00 9.120819522547152225e-01
4.639999999999999680e+00 9.072383878109844257e-01
4.660000000000000142e+00 9.024250116467606997e-01
4.679999999999999716e+00 8.976416331831329476e-01
4.700000000000000178e+00 8.928880632071675150e-01
4.719999999999999751e+00 8.881641127378223644e-01
4.740000000000000213e+00 8.834695939320876823e-01
4.759999999999999787e+00 8.788043194686150361e-01
4.780000000000000249e+00 8.741681029291841210e-01
4.799999999999999822e+00 8.695607587083731271e-01
4.820000000000000284e+00 8.649821018623045088e-01
4.839999999999999858e+00 8.604319485524420941e-01
4.860000000000000320e+00 8.559101153535952911e-01
4.879999999999999893e+00 8.514164202401309778e-01
4.900000000000000355e+00 8.469506813451932459e-01
4.919999999999999929e+00 8.425127184974235961e-01
4.940000000000000391e+00 8.381023514233481020e-01
4.959999999999999964e+00 8.337194018428871756e-01
4.980000000000000426e+00 8.293636911068726913e-01
5.000000000000000000e+00 8.250350428594204200e-01
5.020000000000000462e+00 8.207332801025276625e-01
5.040000000000000036e+00 8.164582284335849538e-01
5.060000000000000497e+00 8.122097125290039799e-01
5.080000000000000071e+00 8.079875599649349871e-01
5.100000000000000533e+00 8.037915971118763103e-01
5.120000000000000107e+00 7.996216535468640974e-01
5.139999999999999680e+00 7.954775573509926812e-01
5.160000000000000142e+00 7.913591401211644838e-01
5.179999999999999716e+00 7.872662316624441381e-01
5.200000000000000178e+00 7.831986656076409536e-01
5.219999999999999751e+00 7.791562734964164738e-01
5.240000000000000213e+00 7.751388910107843699e-01
5.259999999999999787e+00 7.711463514328734670e-01
5.280000000000000249e+00 7.671784925046332138e-01
5.299999999999999822e+00 7.632351492561602058e-01
5.320000000000000284e+00 7.593161614976874363e-01
5.339999999999999858e+00 7.554213660103628047e-01
5.360000000000000320e+00 7.515506046788391625e-01
5.379999999999999893e+00 7.477037160363415591e-01
5.400000000000000355e+00 7.438805440460024565e-01
5.419999999999999929e+00 7.400809289920620149e-01
5.440000000000000391e+00 7.363047169182737051e-01
5.459999999999999964e+00 7.325517498570672803e-01
5.480000000000000426e+00 7.288218759331748231e-01
5.500000000000000000e+00 7.251149389225651776e-01
5.520000000000000462e+00 7.214307890296588477e-01
5.540000000000000036e+00 7.177692717678041401e-01
5.560000000000000497e+00 7.141302394182924562e-01
5.580000000000000071e+00 7.105135392241213044e-01
5.600000000000000533e+00 7.069190255392099331e-01
5.620000000000000107e+00 7.033465473272006996e-01
5.639999999999999680e+00 6.997959610091051275e-01
5.660000000000000142e+00 6.962671172588373869e-01
5.679999999999999716e+00 6.927598745577647765e-01
5.700000000000000178e+00 6.892740852786208849e-01
5.719999999999999751e+00 6.858096099552846159e-01
5.740000000000000213e+00 6.823663026467070569e-01
5.759999999999999787e+00 6.789440259304158065e-01
5.780000000000000249e+00 6.755426355380619308e-01
5.799999999999999822e+00 6.721619960810377714e-01
5.820000000000000284e+00 6.688019649491956375e-01
5.839999999999999858e+00 6.654624087771536800e-01
5.860000000000000320e+00 6.621431865977133180e-01
5.879999999999999893e+00 6.588441670573126352e-01
5.900000000000000355e+00 6.555652108156131419e-01
5.919999999999999929e+00 6.523061885187598774e-01
5.940000000000000391e+00 6.490669624365769108e-01
5.959999999999999964e+00 6.458474052021763168e-01
5.980000000000000426e+00 6.426473806781325404e-01
6.000000000000000000e+00 6.394667634712046800e-01
6.020000000000000462e+00 6.363054190188314196e-01
6.040000000000000036e+00 6.331632238875828378e-01
6.060000000000000497e+00 6.300400450712755340e-01
6.080000000000000071e+00 6.269357610820041060e-01
6.100000000000000533e+00 6.238502404510883892e-01
6.120000000000000107e+00 6.207833636214550310e-01
6.140000000000000568e+00 6.177350006425744722e-01
6.160000000000000142e+00 6.147050338731375740e-01
6.179999999999999716e+00 6.116933348611247601e-01
6.200000000000000178e+00 6.086997878656268401e-01
6.219999999999999751e+00 6.057242659130758211e-01
6.240000000000000213e+00 6.027666551473173095e-01
6.259999999999999787e+00 5.998268300529949748e-01
6.280000000000000249e+00 5.969046786428331419e-01
6.299999999999999822e+00 5.940000768390960584e-01
6.320000000000000284e+00 5.911129145073171776e-01
6.339999999999999858e+00 5.882430689866781082e-01
6.360000000000000320e+00 5.853904319792845312e-01
6.379999999999999893e+00 5.825548822202600840e-01
6.400000000000000355e+00 5.797363132319246493e-01
6.419999999999999929e+00 5.769346051242961737e-01
6.440000000000000391e+00 5.741496532234523498e-01
6.459999999999999964e+00 5.713813389930576525e-01
6.480000000000000426e+00 5.686295595464136987e-01
6.500000000000000000e+00 5.658941976795702766e-01
6.520000000000000462e+00 5.631751522764806284e-01
6.540000000000000036e+00 5.604723074441514408e-01
6.560000000000000497e+00 5.577855638205909683e-01
6.580000000000000071e+00 5.551148068023785687e-01
6.600000000000000533e+00 5.524599387649909987e-01
6.620000000000000107e+00 5.498208463730636097e-01
6.640000000000000568e+00 5.471974337229745800e-01
6.660000000000000142e+00 5.445895887259883938e-01
6.679999999999999716e+00 5.419972171828536522e-01
6.700000000000000178e+00 5.394202082299440759e-01
6.719999999999999751e+00 5.368584693559206311e-01
6.740000000000000213e+00 5.343118909008570672e-01
6.759999999999999787e+00 5.317803820249413782e-01
6.780000000000000249e+00 5.292638342504845106e-01
6.799999999999999822e+00 5.267621583929095186e-01
6.820000000000000284e+00 5.242752471354370503e-01
6.839999999999999858e+00 5.218030129325454958e-01
6.860000000000000320e+00 5.193453496070108422e-01
6.879999999999999893e+00 5.169021712363025545e-01
6.900000000000000355e+00 5.144733727615606877e-01
6.919999999999999929e+00 5.120588698673221861e-01
6.940000000000000391e+00 5.096585585918893546e-01
6.959999999999999964e+00 5.072723562110764695e-01
6.980000000000000426e+00 5.049001598393343393e-01
7.000000000000000000e+00 5.025418883281334015e-01
7.020000000000000462e+00 5.001974398470557803e-01
7.040000000000000036e+00 4.978667348077695509e-01
7.060000000000000497e+00 4.955496724141775777e-01
7.080000000000000071e+00 4.932461746228548050e-01
7.100000000000000533e+00 4.909561416512374099e-01
7.120000000000000107e+00 4.886794969857033433e-01
7.140000000000000568e+00 4.864161418366427792e-01
7.160000000000000142e+00 4.841660012053268791e-01
7.179999999999999716e+00 4.819289772745495304e-01
7.200000000000000178e+00 4.797049965457544918e-01
7.219999999999999751e+00 4.774939621538261680e-01
7.240000000000000213e+00 4.752958020858632504e-01
7.259999999999999787e+00 4.731104204085548326e-01
7.280000000000000249e+00 4.709377465803490370e-01
7.299999999999999822e+00 4.687776855796891295e-01
7.320000000000000284e+00 4.666301683222783270e-01
7.339999999999999858e+00 4.644951006783141767e-01
7.360000000000000320e+00 4.623724150068783123e-01
7.379999999999999893e+00 4.602620180501575398e-01
7.400000000000000355e+00 4.581638435969545009e-01
7.419999999999999929e+00 4.560777992417300863e-01
7.440000000000000391e+00 4.540038201895843506e-01
7.459999999999999964e+00 4.519418148677762370e-01
7.480000000000000426e+00 4.498917198845041043e-01
7.500000000000000000e+00 4.478534444804028736e-01
7.520000000000000462e+00 4.458269266537995823e-01
7.540000000000000036e+00 4.438120764395423468e-01
7.560000000000000497e+00 4.418088332133507934e-01
7.580000000000000071e+00 4.398171077851517619e-01
7.600000000000000533e+00 4.378368408955610747e-01
7.620000000000000107e+00 4.358679441107240482e-01
7.640000000000000568e+00 4.339103595238984479e-01
7.660000000000000142e+00 4.319639994386086368e-01
7.679999999999999716e+00 4.300288072887401003e-01
7.700000000000000178e+00 4.281046960966332082e-01
7.719999999999999751e+00 4.261916106250163150e-01
7.740000000000000213e+00 4.242894645965190059e-01
7.759999999999999787e+00 4.223982040911880009e-01
7.780000000000000249e+00 4.205177435136636110e-01
7.799999999999999822e+00 4.186480302500242834e-01
7.820000000000000284e+00 4.167889793686833100e-01
7.839999999999999858e+00 4.149405395507083094e-01
7.860000000000000320e+00 4.131026265103105999e-01
7.879999999999999893e+00 4.112751902127474990e-01
7.900000000000000355e+00 4.094581470000798196e-01
7.919999999999999929e+00 4.076514481112075150e-01
7.940000000000000391e+00 4.058550104983474349e-01
7.959999999999999964e+00 4.040687866637401315e-01
7.980000000000000426e+00 4.022926941520884037e-01
8.000000000000000000e+00 4.005266867189182234e-01
8.019999999999999574e+00 3.987706824840089870e-01
8.040000000000000924e+00 3.970246364463599908e-01
8.060000000000000497e+00 3.952884672834341417e-01
8.080000000000000071e+00 3.935621312281440964e-01
8.099999999999999645e+00 3.918455474984950393e-01
8.120000000000000995e+00 3.901386735519949411e-01
8.140000000000000568e+00 3.884414291300640198e-01
8.160000000000000142e+00 3.867537729057382023e-01
8.179999999999999716e+00 3.850756251269722985e-01
8.199999999999999289e+00 3.834069456735043624e-01
8.220000000000000639e+00 3.817476552829541236e-01
8.240000000000000213e+00 3.800977150331866228e-01
8.259999999999999787e+00 3.784570461348533144e-01
8.279999999999999361e+00 3.768256108556160000e-01
8.300000000000000711e+00 3.752033308625284946e-01
8.320000000000000284e+00 3.735901696049685472e-01
8.339999999999999858e+00 3.719860491899940613e-01
8.359999999999999432e+00 3.703909342408573391e-01
8.380000000000000782e+00 3.688047472882332589e-01
8.400000000000000355e+00 3.672274541216459798e-01
8.419999999999999929e+00 3.656589776792237290e-01
8.439999999999999503e+00 3.640992849094080719e-01
8.460000000000000853e+00 3.625482991416029144e-01
8.480000000000000426e+00 3.610059884760573601e-01
8.500000000000000000e+00 3.594722766175052486e-01
8.519999999999999574e+00 3.579471328111359929e-01
8.540000000000000924e+00 3.564304811210384227e-01
8.560000000000000497e+00 3.549222919307175039e-01
8.580000000000000071e+00 3.534224896478750932e-01
8.599999999999999645e+00 3.519310457879378795e-01
8.620000000000000995e+00 3.504478850864494177e-01
8.640000000000000568e+00 3.489729801846109813e-01
8.660000000000000142e+00 3.475062561302528219e-01
8.679999999999999716e+00 3.460476866844452437e-01
8.700000000000001066e+00 3.445971971917082821e-01
8.720000000000000639e+00 3.431547625273134172e-01
8.740000000000000213e+00 3.417203083170918254e-01
8.759999999999999787e+00 3.402938105450811213e-01
8.779999999999999361e+00 3.388751951030022358e-01
8.800000000000000711e+00 3.374644390784607428e-01
8.820000000000000284e+00 3.360614686138502227e-01
8.839999999999999858e+00 3.346662618953941681e-01
8.859999999999999432e+00 3.332787453008802525e-01
8.880000000000000782e+00 3.318988981104263880e-01
8.900000000000000355e+00 3.305266469221537773e-01
8.919999999999999929e+00 3.291619721055777936e-01
8.939999999999999503e+00 3.278048004640242707e-01
8.960000000000000853e+00 3.264551134521572751e-01
8.980000000000000426e+00 3.251128380635725512e-01
9.000000000000000000e+00 3.237779568340661829e-01
9.019999999999999574e+00 3.224503969324910568e-01
9.040000000000000924e+00 3.211301419719930217e-01
9.060000000000000497e+00 3.198171192818749509e-01
9.080000000000000071e+00 3.185113135490688085e-01
9.099999999999999645e+00 3.172126522484403077e-01
9.120000000000000995e+00 3.159211211373834094e-01
9.140000000000000568e+00 3.146366478216210405e-01
9.160000000000000142e+00 3.133592191259303994e-01
9.179999999999999716e+00 3.120887627720764224e-01
9.200000000000001066e+00 3.108252666493667160e-01
9.220000000000000639e+00 3.095686585810120683e-01
9.240000000000000213e+00 3.083189275182020017e-01
9.259999999999999787e+00 3.070760013708819236e-01
9.279999999999999361e+00 3.058398701497284100e-01
9.300000000000000711e+00 3.046104618368877803e-01
9.320000000000000284e+00 3.033877675003627261e-01
9.339999999999999858e+00 3.021717151798437584e-01
9.359999999999999432e+00 3.009622969987236218e-01
9.380000000000000782e+00 2.997594410397758646e-01
9.400000000000000355e+00 2.985631404800542787e-01
9.419999999999999929e+00 2.973733234308360007e-01
9.439999999999999503e+00 2.961899841213673223e-01
9.460000000000000853e+00 2.950130506769885752e-01
9.480000000000000426e+00 2.938425183778924366e-01
9.500000000000000000e+00 2.926783153489350697e-01
9.519999999999999574e+00 2.915204379202244178e-01
9.540000000000000924e+00 2.903688142017577523e-01
9.560000000000000497e+00 2.892234415727500396e-01
9.580000000000000071e+00 2.880842481138220501e-01
9.599999999999999645e+00 2.869512322527313919e-01
9.620000000000000995e+00 2.858243220263504969e-01
