# Electrodo circular de radio 6 mm y espesor 710.0 um.
# Volumen de simulacion (convencion z,y,x):
# N: 1024 x 1024 x 1024 | voxelSize:  0.02mm x 0.02mm x 0.02mm | FOV:  20.48mm x 20.48mm x 20.48mm
# 
# z [mm]		 delta[ppm]
0.000000000000000000e+00 2.505027359501887041e+00
2.000000000000000042e-02 2.501852460368824804e+00
4.000000000000000083e-02 2.498582892644956033e+00
5.999999999999999778e-02 2.495219429587228976e+00
8.000000000000000167e-02 2.491762806661576235e+00
1.000000000000000056e-01 2.488213770088655075e+00
1.199999999999999956e-01 2.484573084727916381e+00
1.400000000000000133e-01 2.480841533768998630e+00
1.600000000000000033e-01 2.477019914875773665e+00
1.799999999999999933e-01 2.473109044009805135e+00
2.000000000000000111e-01 2.469109750020343164e+00
2.200000000000000011e-01 2.465022879309884729e+00
2.399999999999999911e-01 2.460849290228055875e+00
2.600000000000000089e-01 2.456589857925671971e+00
2.800000000000000266e-01 2.452245468535408257e+00
2.999999999999999889e-01 2.447817024222615601e+00
3.200000000000000067e-01 2.443305437157959226e+00
3.400000000000000244e-01 2.438711634766447478e+00
3.599999999999999867e-01 2.434036553488851506e+00
3.800000000000000044e-01 2.429281144236789647e+00
4.000000000000000222e-01 2.424446365935824410e+00
4.199999999999999845e-01 2.419533191189058741e+00
4.400000000000000022e-01 2.414542599609677875e+00
4.600000000000000200e-01 2.409475583694209888e+00
4.799999999999999822e-01 2.404333141940071972e+00
5.000000000000000000e-01 2.399116284928811460e+00
5.200000000000000178e-01 2.393826028237973969e+00
5.400000000000000355e-01 2.388463398733336795e+00
5.600000000000000533e-01 2.383029427273187562e+00
5.799999999999999600e-01 2.377525155208620511e+00
5.999999999999999778e-01 2.371951626889248210e+00
6.199999999999999956e-01 2.366309896369628962e+00
6.400000000000000133e-01 2.360601019716329407e+00
6.600000000000000311e-01 2.354826061918684488e+00
6.800000000000000488e-01 2.348986089005733024e+00
7.000000000000000666e-01 2.343082175158762936e+00
7.199999999999999734e-01 2.337115394639304178e+00
7.399999999999999911e-01 2.331086829101069569e+00
7.600000000000000089e-01 2.324997559336993813e+00
7.800000000000000266e-01 2.318848672787542586e+00
8.000000000000000444e-01 2.312641255108950133e+00
8.200000000000000622e-01 2.306376397874958961e+00
8.399999999999999689e-01 2.300055189973822412e+00
8.599999999999999867e-01 2.293678725500037263e+00
8.800000000000000044e-01 2.287248094982978763e+00
9.000000000000000222e-01 2.280764393465187556e+00
9.200000000000000400e-01 2.274228711569875827e+00
9.400000000000000577e-01 2.267642143761991580e+00
9.599999999999999645e-01 2.261005779257916348e+00
9.799999999999999822e-01 2.254320710465472555e+00
1.000000000000000000e+00 2.247588023742834284e+00
1.020000000000000018e+00 2.240808808013261988e+00
1.040000000000000036e+00 2.233984145376985975e+00
1.060000000000000053e+00 2.227115119896458939e+00
1.080000000000000071e+00 2.220202808067987643e+00
1.100000000000000089e+00 2.213248287772954459e+00
1.120000000000000107e+00 2.206252628613305511e+00
1.140000000000000124e+00 2.199216901024112492e+00
1.159999999999999920e+00 2.192142166479566168e+00
1.179999999999999938e+00 2.185029486761997930e+00
1.199999999999999956e+00 2.177879914042732956e+00
1.219999999999999973e+00 2.170694500302604801e+00
1.239999999999999991e+00 2.163474287294195442e+00
1.260000000000000009e+00 2.156220316108644841e+00
1.280000000000000027e+00 2.148933617023856435e+00
1.300000000000000044e+00 2.141615219212292587e+00
1.320000000000000062e+00 2.134266140481622109e+00
1.340000000000000080e+00 2.126887397117971368e+00
1.360000000000000098e+00 2.119479993523794459e+00
1.380000000000000115e+00 2.112044932190976443e+00
1.400000000000000133e+00 2.104583203242325506e+00
1.419999999999999929e+00 2.097095794528732071e+00
1.439999999999999947e+00 2.089583681079244748e+00
1.459999999999999964e+00 2.082047835316367834e+00
1.479999999999999982e+00 2.074489216421120386e+00
1.500000000000000000e+00 2.066908780660404954e+00
1.520000000000000018e+00 2.059307470672166573e+00
1.540000000000000036e+00 2.051686225898648352e+00
1.560000000000000053e+00 2.044045971798059025e+00
1.580000000000000071e+00 2.036387630377395119e+00
1.600000000000000089e+00 2.028712109335877312e+00
1.620000000000000107e+00 2.021020312690937626e+00
1.640000000000000124e+00 2.013313129859834127e+00
1.660000000000000142e+00 2.005591446372246622e+00
1.679999999999999938e+00 1.997856132895498016e+00
1.699999999999999956e+00 1.990108056027123373e+00
1.719999999999999973e+00 1.982348067270149228e+00
1.739999999999999991e+00 1.974577013898870081e+00
1.760000000000000009e+00 1.966795727889765422e+00
1.780000000000000027e+00 1.959005036853637138e+00
1.800000000000000044e+00 1.951205752928666604e+00
1.820000000000000062e+00 1.943398683771967450e+00
1.840000000000000080e+00 1.935584621420510132e+00
1.860000000000000098e+00 1.927764353335053027e+00
1.880000000000000115e+00 1.919938651235507887e+00
1.900000000000000133e+00 1.912108282190134068e+00
1.919999999999999929e+00 1.904273997431194188e+00
1.939999999999999947e+00 1.896436543482251214e+00
1.959999999999999964e+00 1.888596650960749912e+00
1.979999999999999982e+00 1.880755045736115738e+00
2.000000000000000000e+00 1.872912437725300361e+00
2.020000000000000018e+00 1.865069532074367764e+00
2.040000000000000036e+00 1.857227017953697379e+00
2.060000000000000053e+00 1.849385579755657982e+00
2.080000000000000071e+00 1.841545885895626178e+00
2.100000000000000089e+00 1.833708600018293389e+00
2.120000000000000107e+00 1.825874369811320230e+00
2.140000000000000124e+00 1.818043838212738184e+00
2.160000000000000142e+00 1.810217632243536157e+00
2.180000000000000160e+00 1.802396374208594221e+00
2.200000000000000178e+00 1.794580670555114166e+00
2.220000000000000195e+00 1.786771123059445410e+00
2.240000000000000213e+00 1.778968317717797509e+00
2.260000000000000231e+00 1.771172835911305476e+00
2.280000000000000249e+00 1.763385243336012653e+00
2.300000000000000266e+00 1.755606101138447839e+00
2.319999999999999840e+00 1.747835954891475918e+00
2.339999999999999858e+00 1.740075345692622566e+00
2.359999999999999876e+00 1.732324799192892284e+00
2.379999999999999893e+00 1.724584836650043362e+00
2.399999999999999911e+00 1.716855964017079739e+00
2.419999999999999929e+00 1.709138682942655141e+00
2.439999999999999947e+00 1.701433479926436343e+00
2.459999999999999964e+00 1.693740837258758347e+00
2.479999999999999982e+00 1.686061222249715552e+00
2.500000000000000000e+00 1.678395098100164073e+00
2.520000000000000018e+00 1.670742913211840541e+00
2.540000000000000036e+00 1.663105111981785234e+00
2.560000000000000053e+00 1.655482124200461813e+00
2.580000000000000071e+00 1.647874375761634536e+00
2.600000000000000089e+00 1.640282278155890117e+00
2.620000000000000107e+00 1.632706239087996281e+00
2.640000000000000124e+00 1.625146652072912312e+00
2.660000000000000142e+00 1.617603906952617576e+00
2.680000000000000160e+00 1.610078379602114307e+00
2.700000000000000178e+00 1.602570442337689638e+00
2.720000000000000195e+00 1.595080453740123305e+00
2.740000000000000213e+00 1.587608768946321858e+00
2.760000000000000231e+00 1.580155729597334746e+00
2.780000000000000249e+00 1.572721674005289172e+00
2.800000000000000266e+00 1.565306927233510725e+00
2.819999999999999840e+00 1.557911811130696877e+00
2.839999999999999858e+00 1.550536634550807813e+00
2.859999999999999876e+00 1.543181703246365499e+00
2.879999999999999893e+00 1.535847310235548324e+00
2.899999999999999911e+00 1.528533745546482692e+00
2.919999999999999929e+00 1.521241286739324350e+00
2.939999999999999947e+00 1.513970208493369496e+00
2.959999999999999964e+00 1.506720773291658988e+00
2.979999999999999982e+00 1.499493240842773911e+00
3.000000000000000000e+00 1.492287858935784417e+00
3.020000000000000018e+00 1.485104872688562061e+00
3.040000000000000036e+00 1.477944515580696505e+00
3.060000000000000053e+00 1.470807018520133846e+00
3.080000000000000071e+00 1.463692601061991949e+00
3.100000000000000089e+00 1.456601480285316441e+00
3.120000000000000107e+00 1.449533862205497847e+00
3.140000000000000124e+00 1.442489950452950254e+00
3.160000000000000142e+00 1.435469937887117187e+00
3.180000000000000160e+00 1.428474015068834868e+00
3.200000000000000178e+00 1.421502362083726378e+00
3.220000000000000195e+00 1.414555156800036739e+00
3.240000000000000213e+00 1.407632566909436056e+00
3.260000000000000231e+00 1.400734757962086130e+00
3.280000000000000249e+00 1.393861885632750042e+00
3.300000000000000266e+00 1.387014103524812914e+00
3.320000000000000284e+00 1.380191555669807890e+00
3.339999999999999858e+00 1.373394384092134990e+00
3.359999999999999876e+00 1.366622721549944908e+00
3.379999999999999893e+00 1.359876698852270360e+00
3.399999999999999911e+00 1.353156437849457383e+00
3.419999999999999929e+00 1.346462058494403369e+00
3.439999999999999947e+00 1.339793672090533683e+00
3.459999999999999964e+00 1.333151388088893885e+00
3.479999999999999982e+00 1.326535307601866664e+00
3.500000000000000000e+00 1.319945529927788241e+00
3.520000000000000018e+00 1.313382146338510248e+00
3.540000000000000036e+00 1.306845246323238285e+00
3.560000000000000053e+00 1.300334911658174164e+00
3.580000000000000071e+00 1.293851222361241948e+00
3.600000000000000089e+00 1.287394251051982241e+00
3.620000000000000107e+00 1.280964068608819284e+00
3.640000000000000124e+00 1.274560738827495987e+00
3.660000000000000142e+00 1.268184323772557631e+00
3.680000000000000160e+00 1.261834878742520427e+00
3.700000000000000178e+00 1.255512457307189411e+00
3.720000000000000195e+00 1.249217106587941384e+00
3.740000000000000213e+00 1.242948871972515246e+00
3.760000000000000231e+00 1.236707792718616750e+00
3.780000000000000249e+00 1.230493906337834176e+00
3.800000000000000266e+00 1.224307244530953742e+00
3.820000000000000284e+00 1.218147837232602670e+00
3.839999999999999858e+00 1.212015708886582388e+00
3.859999999999999876e+00 1.205910882142830154e+00
3.879999999999999893e+00 1.199833374481201531e+00
3.899999999999999911e+00 1.193783201552343742e+00
3.919999999999999929e+00 1.187760374158268295e+00
3.939999999999999947e+00 1.181764901228715914e+00
3.959999999999999964e+00 1.175796787166979662e+00
3.979999999999999982e+00 1.169856034453335081e+00
4.000000000000000000e+00 1.163942641364505537e+00
4.020000000000000462e+00 1.158056604195700556e+00
4.040000000000000036e+00 1.152197915362220604e+00
4.060000000000000497e+00 1.146366565231670576e+00
4.080000000000000071e+00 1.140562540616111953e+00
4.099999999999999645e+00 1.134785826205996884e+00
4.120000000000000107e+00 1.129036403461392890e+00
4.139999999999999680e+00 1.123314251639148775e+00
4.160000000000000142e+00 1.117619347091685311e+00
4.179999999999999716e+00 1.111951663878889107e+00
4.200000000000000178e+00 1.106311173483021326e+00
4.219999999999999751e+00 1.100697844996852304e+00
4.240000000000000213e+00 1.095111645263199929e+00
4.259999999999999787e+00 1.089552538630775835e+00
4.280000000000000249e+00 1.084020487526938359e+00
4.299999999999999822e+00 1.078515451772743994e+00
4.320000000000000284e+00 1.073037389597464752e+00
4.339999999999999858e+00 1.067586256504259312e+00
4.360000000000000320e+00 1.062162006735132058e+00
4.379999999999999893e+00 1.056764591678652776e+00
4.400000000000000355e+00 1.051393961793912091e+00
4.419999999999999929e+00 1.046050064551748759e+00
4.440000000000000391e+00 1.040732846826346147e+00
4.459999999999999964e+00 1.035442252361381099e+00
4.480000000000000426e+00 1.030178224637917639e+00
4.500000000000000000e+00 1.024940703856802138e+00
4.520000000000000462e+00 1.019729630291595024e+00
4.540000000000000036e+00 1.014544940778616899e+00
4.560000000000000497e+00 1.009386572563534923e+00
4.580000000000000071e+00 1.004254459290415458e+00
4.600000000000000533e+00 9.991485353507343348e-01
4.620000000000000107e+00 9.940687313627571964e-01
4.639999999999999680e+00 9.890149790316909995e-01
4.660000000000000142e+00 9.839872061106924583e-01
4.679999999999999716e+00 9.789853417809495362e-01
4.700000000000000178e+00 9.740093110856161696e-01
4.719999999999999751e+00 9.690590408385874044e-01
4.740000000000000213e+00 9.641344535225995216e-01
4.759999999999999787e+00 9.592354737355553995e-01
4.780000000000000249e+00 9.543620215440320464e-01
4.799999999999999822e+00 9.495140194759585928e-01
4.820000000000000284e+00 9.446913853207472567e-01
4.839999999999999858e+00 9.398940396772061945e-01
4.860000000000000320e+00 9.351218981915031536e-01
4.879999999999999893e+00 9.303748796691502232e-01
4.900000000000000355e+00 9.256528977419681281e-01
4.919999999999999929e+00 9.209558695530976058e-01
4.940000000000000391e+00 9.162837068440911059e-01
4.959999999999999964e+00 9.116363252218614432e-01
4.980000000000000426e+00 9.070136346570119024e-01
5.000000000000000000e+00 9.024155493417177487e-01
5.020000000000000462e+00 8.978419775903838662e-01
5.040000000000000036e+00 8.932928322974192925e-01
5.060000000000000497e+00 8.887680202312683297e-01
5.080000000000000071e+00 8.842674531011389671e-01
5.100000000000000533e+00 8.797910362354354197e-01
5.120000000000000107e+00 8.753386802664605559e-01
5.139999999999999680e+00 8.709102891842263050e-01
5.160000000000000142e+00 8.665057726482684464e-01
5.179999999999999716e+00 8.621250334077863453e-01
5.200000000000000178e+00 8.577679802496549488e-01
5.219999999999999751e+00 8.534345147758130024e-01
5.240000000000000213e+00 8.491245449966685621e-01
5.259999999999999787e+00 8.448379714566091048e-01
5.280000000000000249e+00 8.405747014819673346e-01
5.299999999999999822e+00 8.363346346455102776e-01
5.320000000000000284e+00 8.321176776782063245e-01
5.339999999999999858e+00 8.279237292635117651e-01
5.360000000000000320e+00 8.237526956221885577e-01
5.379999999999999893e+00 8.196044746271226034e-01
5.400000000000000355e+00 8.154789720705595268e-01
5.419999999999999929e+00 8.113760850901767796e-01
5.440000000000000391e+00 8.072957191280514255e-01
5.459999999999999964e+00 8.032377706586683042e-01
5.480000000000000426e+00 7.992021448490396196e-01
5.500000000000000000e+00 7.951887375792959789e-01
5.520000000000000462e+00 7.911974538133644819e-01
5.540000000000000036e+00 7.872281889027124002e-01
5.560000000000000497e+00 7.832808476771316863e-01
5.580000000000000071e+00 7.793553250221612050e-01
5.600000000000000533e+00 7.754515256994587435e-01
5.620000000000000107e+00 7.715693441884314829e-01
5.639999999999999680e+00 7.677086852457913890e-01
5.660000000000000142e+00 7.638694430018243553e-01
5.679999999999999716e+00 7.600515222687486139e-01
5.700000000000000178e+00 7.562548168819885896e-01
5.719999999999999751e+00 7.524792317670733199e-01
5.740000000000000213e+00 7.487246605162559687e-01
5.759999999999999787e+00 7.449910082236281816e-01
5.780000000000000249e+00 7.412781682873731404e-01
5.799999999999999822e+00 7.375860460229441973e-01
5.820000000000000284e+00 7.339145346811606352e-01
5.839999999999999858e+00 7.302635398492548502e-01
5.860000000000000320e+00 7.266329546749772383e-01
5.879999999999999893e+00 7.230226850654716264e-01
5.900000000000000355e+00 7.194326241074850969e-01
5.919999999999999929e+00 7.158626780739923978e-01
5.940000000000000391e+00 7.123127400305570012e-01
5.959999999999999964e+00 7.087827166597844286e-01
5.980000000000000426e+00 7.052725010437949082e-01
6.000000000000000000e+00 7.017820003165691212e-01
6.020000000000000462e+00 6.983111076124417504e-01
6.040000000000000036e+00 6.948597305565369364e-01
6.060000000000000497e+00 6.914277623691341690e-01
6.080000000000000071e+00 6.880151112043753070e-01
6.100000000000000533e+00 6.846216704002562325e-01
6.120000000000000107e+00 6.812473486759860197e-01
6.140000000000000568e+00 6.778920395172809421e-01
6.160000000000000142e+00 6.745556522426870982e-01
6.179999999999999716e+00 6.712380805138334905e-01
6.200000000000000178e+00 6.679392342812001671e-01
6.219999999999999751e+00 6.646590074088530864e-01
6.240000000000000213e+00 6.613973105101681460e-01
6.259999999999999787e+00 6.581540376765150357e-01
6.280000000000000249e+00 6.549291002135619877e-01
6.299999999999999822e+00 6.517223924632986609e-01
6.320000000000000284e+00 6.485338264515805307e-01
6.339999999999999858e+00 6.453632967927938058e-01
6.360000000000000320e+00 6.422107162594253849e-01
6.379999999999999893e+00 6.390759797586139657e-01
6.400000000000000355e+00 6.359590008345449297e-01
6.419999999999999929e+00 6.328596747060115657e-01
6.440000000000000391e+00 6.297779157126333072e-01
6.459999999999999964e+00 6.267136194024687246e-01
6.480000000000000426e+00 6.236667009330219003e-01
6.500000000000000000e+00 6.206370561978844513e-01
6.520000000000000462e+00 6.176246011936786795e-01
6.540000000000000036e+00 6.146292321745884246e-01
6.560000000000000497e+00 6.116508659964083883e-01
6.580000000000000071e+00 6.086893992877432380e-01
6.600000000000000533e+00 6.057447497824948179e-01
6.620000000000000107e+00 6.028168144963996777e-01
6.640000000000000568e+00 5.999055120593195234e-01
6.660000000000000142e+00 5.970107398856967507e-01
6.679999999999999716e+00 5.941324175181670331e-01
6.700000000000000178e+00 5.912704427804296170e-01
6.719999999999999751e+00 5.884247361437292545e-01
6.740000000000000213e+00 5.855951958505100086e-01
6.759999999999999787e+00 5.827817433155105808e-01
6.780000000000000249e+00 5.799842772084751186e-01
6.799999999999999822e+00 5.772027199016166454e-01
6.820000000000000284e+00 5.744369704995500037e-01
6.839999999999999858e+00 5.716869523450780477e-01
6.860000000000000320e+00 5.689525649844037192e-01
6.879999999999999893e+00 5.662337327432068745e-01
6.900000000000000355e+00 5.635303556150865756e-01
6.919999999999999929e+00 5.608423589201001480e-01
6.940000000000000391e+00 5.581696431042687534e-01
6.959999999999999964e+00 5.555121344927634874e-01
6.980000000000000426e+00 5.528697339882150397e-01
7.000000000000000000e+00 5.502423689309386967e-01
7.020000000000000462e+00 5.476299406836397932e-01
7.040000000000000036e+00 5.450323776111174467e-01
7.060000000000000497e+00 5.424495815388438169e-01
7.080000000000000071e+00 5.398814818647831304e-01
7.100000000000000533e+00 5.373279808792175150e-01
7.120000000000000107e+00 5.347890090213393011e-01
7.140000000000000568e+00 5.322644690475597518e-01
7.160000000000000142e+00 5.297542924457716573e-01
7.179999999999999716e+00 5.272583824392407248e-01
7.200000000000000178e+00 5.247766715714621277e-01
7.219999999999999751e+00 5.223090635326276265e-01
7.240000000000000213e+00 5.198554919282013520e-01
7.259999999999999787e+00 5.174158609148239441e-01
7.280000000000000249e+00 5.149901051657873596e-01
7.299999999999999822e+00 5.125781293030909902e-01
7.320000000000000284e+00 5.101798690732294306e-01
7.339999999999999858e+00 5.077952295619900802e-01
7.360000000000000320e+00 5.054241475939836858e-01
7.379999999999999893e+00 5.030665287166430355e-01
7.400000000000000355e+00 5.007223108371701148e-01
7.419999999999999929e+00 4.983913999620599444e-01
7.440000000000000391e+00 4.960737350851793792e-01
7.459999999999999964e+00 4.937692226689718300e-01
7.480000000000000426e+00 4.914778027976472452e-01
7.500000000000000000e+00 4.891993823860914525e-01
7.520000000000000462e+00 4.869339026121625169e-01
7.540000000000000036e+00 4.846812708392099767e-01
7.560000000000000497e+00 4.824414293416986466e-01
7.580000000000000071e+00 4.802142859270803754e-01
7.600000000000000533e+00 4.779997839690581785e-01
7.620000000000000107e+00 4.757978317144060387e-01
7.640000000000000568e+00 4.736083736383905340e-01
7.660000000000000142e+00 4.714313184219740549e-01
7.679999999999999716e+00 4.692666116440225021e-01
7.700000000000000178e+00 4.671141624141661453e-01
7.719999999999999751e+00 4.649739174166191980e-01
7.740000000000000213e+00 4.628457861838620735e-01
7.759999999999999787e+00 4.607297165069657585e-01
7.780000000000000249e+00 4.586256183350584936e-01
7.799999999999999822e+00 4.565334405673304174e-01
7.820000000000000284e+00 4.544530935630994861e-01
7.839999999999999858e+00 4.523845273307084969e-01
7.860000000000000320e+00 4.503276526328638951e-01
7.879999999999999893e+00 4.482824205878889745e-01
7.900000000000000355e+00 4.462487423548364696e-01
7.919999999999999929e+00 4.442265701626444407e-01
7.940000000000000391e+00 4.422158155593533535e-01
7.959999999999999964e+00 4.402164318849674518e-01
7.980000000000000426e+00 4.382283310689452094e-01
8.000000000000000000e+00 4.362514675626411598e-01
8.019999999999999574e+00 4.342857536690722386e-01
8.040000000000000924e+00 4.323311449510696680e-01
8.060000000000000497e+00 4.303875540771632813e-01
8.080000000000000071e+00 4.284549377216473887e-01
8.099999999999999645e+00 4.265332089102484847e-01
8.120000000000000995e+00 4.246223254285749205e-01
8.140000000000000568e+00 4.227222006510730212e-01
8.160000000000000142e+00 4.208327934743995580e-01
8.179999999999999716e+00 4.189540176129900595e-01
8.199999999999999289e+00 4.170858330741715747e-01
8.220000000000000639e+00 4.152281539035037605e-01
8.240000000000000213e+00 4.133809412185094345e-01
8.259999999999999787e+00 4.115441093867658329e-01
8.279999999999999361e+00 4.097176206354301575e-01
8.300000000000000711e+00 4.079013896448735466e-01
8.320000000000000284e+00 4.060953797512488750e-01
8.339999999999999858e+00 4.042995059382739620e-01
8.359999999999999432e+00 4.025137326503839819e-01
8.380000000000000782e+00 4.007379751651135580e-01
8.400000000000000355e+00 3.989721990343991775e-01
8.419999999999999929e+00 3.972163198198457867e-01
8.439999999999999503e+00 3.954703041800639030e-01
8.460000000000000853e+00 3.937340679509019892e-01
8.480000000000000426e+00 3.920075788967712360e-01
8.500000000000000000e+00 3.902907531177481348e-01
8.519999999999999574e+00 3.885835594831351658e-01
8.540000000000000924e+00 3.868859143471491402e-01
8.560000000000000497e+00 3.851977876830429692e-01
8.580000000000000071e+00 3.835190960889158784e-01
8.599999999999999645e+00 3.818498106409990434e-01
8.620000000000000995e+00 3.801898481709646838e-01
8.640000000000000568e+00 3.785391808570380268e-01
8.660000000000000142e+00 3.768977257539850578e-01
8.679999999999999716e+00 3.752654561410335710e-01
8.700000000000001066e+00 3.736422892855238986e-01
8.720000000000000639e+00 3.720281995666863128e-01
8.740000000000000213e+00 3.704231044537631412e-01
8.759999999999999787e+00 3.688269794249839362e-01
8.779999999999999361e+00 3.672397421407994078e-01
8.800000000000000711e+00 3.656613691774425745e-01
8.820000000000000284e+00 3.640917783757250947e-01
8.839999999999999858e+00 3.625309474089061790e-01
8.859999999999999432e+00 3.609787942872972888e-01
8.880000000000000782e+00 3.594352977802154903e-01
8.900000000000000355e+00 3.579003760564792858e-01
8.919999999999999929e+00 3.563740089805070288e-01
8.939999999999999503e+00 3.548561148686310007e-01
8.960000000000000853e+00 3.533466746794511892e-01
8.980000000000000426e+00 3.518456068656808378e-01
9.000000000000000000e+00 3.503528934792092264e-01
9.019999999999999574e+00 3.488684530980050158e-01
9.040000000000000924e+00 3.473922688663874103e-01
9.060000000000000497e+00 3.459242594763398682e-01
9.080000000000000071e+00 3.444644091637724115e-01
9.099999999999999645e+00 3.430126367234677676e-01
9.120000000000000995e+00 3.415689274821352983e-01
9.140000000000000568e+00 3.401332003260120751e-01
9.160000000000000142e+00 3.387054416718697780e-01
9.179999999999999716e+00 3.372855704860694415e-01
9.200000000000001066e+00 3.358735742747493980e-01
9.220000000000000639e+00 3.344693720729831621e-01
9.240000000000000213e+00 3.330729524755987048e-01
9.259999999999999787e+00 3.316842345749994037e-01
9.279999999999999361e+00 3.303032080540996285e-01
9.300000000000000711e+00 3.289297920511367046e-01
9.320000000000000284e+00 3.275639773365642271e-01
9.339999999999999858e+00 3.262056830829969112e-01
9.359999999999999432e+00 3.248549011479287540e-01
9.380000000000000782e+00 3.235115507268103707e-01
9.400000000000000355e+00 3.221756247637093673e-01
9.419999999999999929e+00 3.208470424654329411e-01
9.439999999999999503e+00 3.195257978622464412e-01
9.460000000000000853e+00 3.182118101606999927e-01
9.480000000000000426e+00 3.169050744769331684e-01
9.500000000000000000e+00 3.156055100057160168e-01
9.519999999999999574e+00 3.143131129487832243e-01
9.540000000000000924e+00 3.130278024775158818e-01
9.560000000000000497e+00 3.117495758790165827e-01
9.580000000000000071e+00 3.104783522897415771e-01
9.599999999999999645e+00 3.092141300820150374e-01
9.620000000000000995e+00 3.079568283457202460e-01
