# Electrodo circular de radio 6 mm y espesor 710.0 um.
# Volumen de simulacion (convencion z,y,x):
# N: 1024 x 1024 x 1024 | voxelSize:  0.02mm x 0.02mm x 0.02mm | FOV:  20.48mm x 20.48mm x 20.48mm
# 
# z [mm]		 delta[ppm]
0.000000000000000000e+00 2.400362532132819915e+00
2.000000000000000042e-02 2.397792597128897363e+00
4.000000000000000083e-02 2.395144673895211795e+00
5.999999999999999778e-02 2.392419247710224184e+00
8.000000000000000167e-02 2.389616787979581325e+00
1.000000000000000056e-01 2.386737774079873642e+00
1.199999999999999956e-01 2.383782697146436647e+00
1.400000000000000133e-01 2.380752061497507288e+00
1.600000000000000033e-01 2.377646381111707008e+00
1.799999999999999933e-01 2.374466183196799030e+00
2.000000000000000111e-01 2.371212003749102237e+00
2.200000000000000011e-01 2.367884391630500129e+00
2.399999999999999911e-01 2.364483904006648540e+00
2.600000000000000089e-01 2.361011110570774285e+00
2.800000000000000266e-01 2.357466588790207318e+00
2.999999999999999889e-01 2.353850928296303824e+00
3.200000000000000067e-01 2.350164725970476542e+00
3.400000000000000244e-01 2.346408590498835434e+00
3.599999999999999867e-01 2.342583137270490390e+00
3.800000000000000044e-01 2.338688993105003000e+00
4.000000000000000222e-01 2.334726790975863775e+00
4.199999999999999845e-01 2.330697174910037806e+00
4.400000000000000022e-01 2.326600794527290628e+00
4.600000000000000200e-01 2.322438310113263071e+00
4.799999999999999822e-01 2.318210386983398763e+00
5.000000000000000000e-01 2.313917700727803783e+00
5.200000000000000178e-01 2.309560931396779093e+00
5.400000000000000355e-01 2.305140768916624339e+00
5.600000000000000533e-01 2.300657907103815347e+00
5.799999999999999600e-01 2.296113049249461024e+00
5.999999999999999778e-01 2.291506901961955389e+00
6.199999999999999956e-01 2.286840180918222831e+00
6.400000000000000133e-01 2.282113604541067264e+00
6.600000000000000311e-01 2.277327899914488807e+00
6.800000000000000488e-01 2.272483796297162240e+00
7.000000000000000666e-01 2.267582031199310677e+00
7.199999999999999734e-01 2.262623343738120241e+00
7.399999999999999911e-01 2.257608480873156687e+00
7.600000000000000089e-01 2.252538190606083734e+00
7.800000000000000266e-01 2.247413228371674787e+00
8.000000000000000444e-01 2.242234350087444650e+00
8.200000000000000622e-01 2.237002318696942105e+00
8.399999999999999689e-01 2.231717897072320156e+00
8.599999999999999867e-01 2.226381854706611207e+00
8.800000000000000044e-01 2.220994960474760749e+00
9.000000000000000222e-01 2.215557989471275580e+00
9.200000000000000400e-01 2.210071715633235012e+00
9.400000000000000577e-01 2.204536918719737670e+00
9.599999999999999645e-01 2.198954376802334298e+00
9.799999999999999822e-01 2.193324873382418883e+00
1.000000000000000000e+00 2.187649189753015033e+00
1.020000000000000018e+00 2.181928112250199892e+00
1.040000000000000036e+00 2.176162424491711267e+00
1.060000000000000053e+00 2.170352914758329810e+00
1.080000000000000071e+00 2.164500368113503992e+00
1.100000000000000089e+00 2.158605573910527209e+00
1.120000000000000107e+00 2.152669317798698856e+00
1.140000000000000124e+00 2.146692389351954500e+00
1.159999999999999920e+00 2.140675573966027923e+00
1.179999999999999938e+00 2.134619660604115232e+00
1.199999999999999956e+00 2.128525433590618743e+00
1.219999999999999973e+00 2.122393680469250921e+00
1.239999999999999991e+00 2.116225183698044798e+00
1.260000000000000009e+00 2.110020728615259689e+00
1.280000000000000027e+00 2.103781095041272309e+00
1.300000000000000044e+00 2.097507065347468558e+00
1.320000000000000062e+00 2.091199415969918984e+00
1.340000000000000080e+00 2.084858925576354771e+00
1.360000000000000098e+00 2.078486366497329207e+00
1.380000000000000115e+00 2.072082512986235692e+00
1.400000000000000133e+00 2.065648132573030260e+00
1.419999999999999929e+00 2.059183994412173480e+00
1.439999999999999947e+00 2.052690860564687636e+00
1.459999999999999964e+00 2.046169494428762281e+00
1.479999999999999982e+00 2.039620651955391661e+00
1.500000000000000000e+00 2.033045090156300638e+00
1.520000000000000018e+00 2.026443558259034550e+00
1.540000000000000036e+00 2.019816806286708566e+00
1.560000000000000053e+00 2.013165576157961212e+00
1.580000000000000071e+00 2.006490610332997360e+00
1.600000000000000089e+00 1.999792642864318903e+00
1.620000000000000107e+00 1.993072408103399251e+00
1.640000000000000124e+00 1.986330631707749594e+00
1.660000000000000142e+00 1.979568039402458623e+00
1.679999999999999938e+00 1.972785347949626900e+00
1.699999999999999956e+00 1.965983273958909372e+00
1.719999999999999973e+00 1.959162524825007745e+00
1.739999999999999991e+00 1.952323807581272552e+00
1.760000000000000009e+00 1.945467819811373733e+00
1.780000000000000027e+00 1.938595258539896449e+00
1.800000000000000044e+00 1.931706811124029421e+00
1.820000000000000062e+00 1.924803164175024728e+00
1.840000000000000080e+00 1.917884994436122703e+00
1.860000000000000098e+00 1.910952977728635149e+00
1.880000000000000115e+00 1.904007779822058266e+00
1.900000000000000133e+00 1.897050065398502738e+00
1.919999999999999929e+00 1.890080488921275448e+00
1.939999999999999947e+00 1.883099703611269549e+00
1.959999999999999964e+00 1.876108352320108308e+00
1.979999999999999982e+00 1.869107076512010357e+00
2.000000000000000000e+00 1.862096507147906310e+00
2.020000000000000018e+00 1.855077273666231319e+00
2.040000000000000036e+00 1.848049994884211733e+00
2.060000000000000053e+00 1.841015287970972247e+00
2.080000000000000071e+00 1.833973759372472978e+00
2.100000000000000089e+00 1.826926013770239665e+00
2.120000000000000107e+00 1.819872645036286762e+00
2.140000000000000124e+00 1.812814245170696337e+00
2.160000000000000142e+00 1.805751395293107464e+00
2.180000000000000160e+00 1.798684674552308849e+00
2.200000000000000178e+00 1.791614651160746696e+00
2.220000000000000195e+00 1.784541891269226133e+00
2.240000000000000213e+00 1.777466950051111994e+00
2.260000000000000231e+00 1.770390380535181940e+00
2.280000000000000249e+00 1.763312724746067373e+00
2.300000000000000266e+00 1.756234522488224536e+00
2.319999999999999840e+00 1.749156302549407016e+00
2.339999999999999858e+00 1.742078591428660728e+00
2.359999999999999876e+00 1.735001904609486223e+00
2.379999999999999893e+00 1.727926755224722832e+00
2.399999999999999911e+00 1.720853645406258625e+00
2.419999999999999929e+00 1.713783074879604351e+00
2.439999999999999947e+00 1.706715532396933854e+00
2.459999999999999964e+00 1.699651504254080514e+00
2.479999999999999982e+00 1.692591465813873874e+00
2.500000000000000000e+00 1.685535889938249987e+00
2.520000000000000018e+00 1.678485238608761865e+00
2.540000000000000036e+00 1.671439971266451607e+00
2.560000000000000053e+00 1.664400536536583708e+00
2.580000000000000071e+00 1.657367380468864893e+00
2.600000000000000089e+00 1.650340938373386912e+00
2.620000000000000107e+00 1.643321642953742501e+00
2.640000000000000124e+00 1.636309916261320607e+00
2.660000000000000142e+00 1.629306177713814918e+00
2.680000000000000160e+00 1.622310836174957860e+00
2.700000000000000178e+00 1.615324297850878166e+00
2.720000000000000195e+00 1.608346958502499646e+00
2.740000000000000213e+00 1.601379211212158316e+00
2.760000000000000231e+00 1.594421438735863727e+00
2.780000000000000249e+00 1.587474021132538438e+00
2.800000000000000266e+00 1.580537328263449837e+00
2.819999999999999840e+00 1.573611727276424288e+00
2.839999999999999858e+00 1.566697575259711872e+00
2.859999999999999876e+00 1.559795226573475135e+00
2.879999999999999893e+00 1.552905025665491046e+00
2.899999999999999911e+00 1.546027314242162998e+00
2.919999999999999929e+00 1.539162424253454287e+00
2.939999999999999947e+00 1.532310684895610509e+00
2.959999999999999964e+00 1.525472415772821000e+00
2.979999999999999982e+00 1.518647933723860755e+00
3.000000000000000000e+00 1.511837546167918322e+00
3.020000000000000018e+00 1.505041557747315961e+00
3.040000000000000036e+00 1.498260263865065722e+00
3.060000000000000053e+00 1.491493957135788362e+00
3.080000000000000071e+00 1.484742921122560899e+00
3.100000000000000089e+00 1.478007436588103074e+00
3.120000000000000107e+00 1.471287775438563594e+00
3.140000000000000124e+00 1.464584206767042929e+00
3.160000000000000142e+00 1.457896991011951027e+00
3.180000000000000160e+00 1.451226385784872397e+00
3.200000000000000178e+00 1.444572640251233109e+00
3.220000000000000195e+00 1.437936000734526099e+00
3.240000000000000213e+00 1.431316705326963978e+00
3.260000000000000231e+00 1.424714989262038101e+00
3.280000000000000249e+00 1.418131079762983360e+00
3.300000000000000266e+00 1.411565201175601247e+00
3.320000000000000284e+00 1.405017570062314425e+00
3.339999999999999858e+00 1.398488400087168904e+00
3.359999999999999876e+00 1.391977897363368966e+00
3.379999999999999893e+00 1.385486265082332080e+00
3.399999999999999911e+00 1.379013699122582315e+00
3.419999999999999929e+00 1.372560392414702513e+00
3.439999999999999947e+00 1.366126530819523843e+00
3.459999999999999964e+00 1.359712297220858623e+00
3.479999999999999982e+00 1.353317867680888353e+00
3.500000000000000000e+00 1.346943415252461973e+00
3.520000000000000018e+00 1.340589106419745047e+00
3.540000000000000036e+00 1.334255104621874688e+00
3.560000000000000053e+00 1.327941566986844846e+00
3.580000000000000071e+00 1.321648647558261613e+00
3.600000000000000089e+00 1.315376494330600332e+00
3.620000000000000107e+00 1.309125252170799225e+00
3.640000000000000124e+00 1.302895060162917229e+00
3.660000000000000142e+00 1.296686054216300565e+00
3.680000000000000160e+00 1.290498364727816982e+00
3.700000000000000178e+00 1.284332118868253270e+00
3.720000000000000195e+00 1.278187438570284717e+00
3.740000000000000213e+00 1.272064442484769797e+00
3.760000000000000231e+00 1.265963244302661384e+00
3.780000000000000249e+00 1.259883954372862380e+00
3.800000000000000266e+00 1.253826678366270819e+00
3.820000000000000284e+00 1.247791518546801148e+00
3.839999999999999858e+00 1.241778572785882107e+00
3.859999999999999876e+00 1.235787935478227517e+00
3.879999999999999893e+00 1.229819696915044558e+00
3.899999999999999911e+00 1.223873943836121247e+00
3.919999999999999929e+00 1.217950759170117969e+00
3.939999999999999947e+00 1.212050222214519080e+00
3.959999999999999964e+00 1.206172408751319036e+00
3.979999999999999982e+00 1.200317390846362686e+00
4.000000000000000000e+00 1.194485237348877904e+00
4.020000000000000462e+00 1.188676013301672940e+00
4.040000000000000036e+00 1.182889780832897753e+00
4.060000000000000497e+00 1.177126598168606320e+00
4.080000000000000071e+00 1.171386520925214558e+00
4.099999999999999645e+00 1.165669600715883547e+00
4.120000000000000107e+00 1.159975886852119942e+00
4.139999999999999680e+00 1.154305424535392977e+00
4.160000000000000142e+00 1.148658256976462066e+00
4.179999999999999716e+00 1.143034423163615143e+00
4.200000000000000178e+00 1.137433960408211542e+00
4.219999999999999751e+00 1.131856901680941219e+00
4.240000000000000213e+00 1.126303278592210244e+00
4.259999999999999787e+00 1.120773118287751391e+00
4.280000000000000249e+00 1.115266446872413608e+00
4.299999999999999822e+00 1.109783285856472235e+00
4.320000000000000284e+00 1.104323656031509282e+00
4.339999999999999858e+00 1.098887573458687816e+00
4.360000000000000320e+00 1.093475053805394337e+00
4.379999999999999893e+00 1.088086107866735874e+00
4.400000000000000355e+00 1.082720746371671261e+00
4.419999999999999929e+00 1.077378975029009256e+00
4.440000000000000391e+00 1.072060799811696663e+00
4.459999999999999964e+00 1.066766221518545832e+00
4.480000000000000426e+00 1.061495241545519885e+00
4.500000000000000000e+00 1.056247855954322468e+00
4.520000000000000462e+00 1.051024061739467719e+00
4.540000000000000036e+00 1.045823850394927756e+00
4.560000000000000497e+00 1.040647214685821220e+00
4.580000000000000071e+00 1.035494141704248694e+00
4.600000000000000533e+00 1.030364620154450517e+00
4.620000000000000107e+00 1.025258632888921273e+00
4.639999999999999680e+00 1.020176164715992151e+00
4.660000000000000142e+00 1.015117194407282764e+00
4.679999999999999716e+00 1.010081703036601386e+00
4.700000000000000178e+00 1.005069665449783267e+00
4.719999999999999751e+00 1.000081059143936413e+00
4.740000000000000213e+00 9.951158551906398309e-01
4.759999999999999787e+00 9.901740276645212280e-01
4.780000000000000249e+00 9.852555440107942930e-01
4.799999999999999822e+00 9.803603750322534838e-01
4.820000000000000284e+00 9.754884846920788277e-01
4.839999999999999858e+00 9.706398406682931190e-01
4.860000000000000320e+00 9.658144035827549434e-01
4.879999999999999893e+00 9.610121381322187517e-01
4.900000000000000355e+00 9.562330017343834143e-01
4.919999999999999929e+00 9.514769562446997453e-01
4.940000000000000391e+00 9.467439560102872687e-01
4.959999999999999964e+00 9.420339601817256936e-01
4.980000000000000426e+00 9.373469201656370320e-01
5.000000000000000000e+00 9.326827925406681041e-01
5.020000000000000462e+00 9.280415258994904049e-01
5.040000000000000036e+00 9.234230743782904094e-01
5.060000000000000497e+00 9.188273838788961756e-01
5.080000000000000071e+00 9.142544062210650191e-01
5.100000000000000533e+00 9.097040847354213033e-01
5.120000000000000107e+00 9.051763690479357471e-01
5.139999999999999680e+00 9.006712000342913527e-01
5.160000000000000142e+00 8.961885252459504958e-01
5.179999999999999716e+00 8.917282832165344120e-01
5.200000000000000178e+00 8.872904195389621496e-01
5.219999999999999751e+00 8.828748705143829589e-01
5.240000000000000213e+00 8.784815798898636396e-01
5.259999999999999787e+00 8.741104818403673260e-01
5.280000000000000249e+00 8.697615183765686764e-01
5.299999999999999822e+00 8.654346216503466804e-01
5.320000000000000284e+00 8.611297320422670598e-01
5.339999999999999858e+00 8.568467797810086495e-01
5.360000000000000320e+00 8.525857037201987065e-01
5.379999999999999893e+00 8.483464322620992704e-01
5.400000000000000355e+00 8.441289028334829636e-01
5.419999999999999929e+00 8.399330421038839756e-01
5.440000000000000391e+00 8.357587861702845400e-01
5.459999999999999964e+00 8.316060600601895558e-01
5.480000000000000426e+00 8.274747986348838236e-01
5.500000000000000000e+00 8.233649253675443536e-01
5.520000000000000462e+00 8.192763739749460150e-01
5.540000000000000036e+00 8.152090664607466453e-01
5.560000000000000497e+00 8.111629354855440788e-01
5.580000000000000071e+00 8.071379016654179894e-01
5.600000000000000533e+00 8.031338966903055487e-01
5.620000000000000107e+00 7.991508398678741631e-01
5.639999999999999680e+00 7.951886620001938910e-01
5.660000000000000142e+00 7.912472811629077674e-01
5.679999999999999716e+00 7.873266273503263246e-01
5.700000000000000178e+00 7.834266174797973603e-01
5.719999999999999751e+00 7.795471808153464632e-01
5.740000000000000213e+00 7.756882331871196579e-01
5.759999999999999787e+00 7.718497032037657801e-01
5.780000000000000249e+00 7.680315056767561543e-01
5.799999999999999822e+00 7.642335686317660581e-01
5.820000000000000284e+00 7.604558059276035342e-01
5.839999999999999858e+00 7.566981450769176831e-01
5.860000000000000320e+00 7.529604990494136452e-01
5.879999999999999893e+00 7.492427949122753006e-01
5.900000000000000355e+00 7.455449448072627439e-01
5.919999999999999929e+00 7.418668754213115779e-01
5.940000000000000391e+00 7.382084981270680135e-01
5.959999999999999964e+00 7.345697392941694659e-01
5.980000000000000426e+00 7.309505095826731580e-01
6.000000000000000000e+00 7.273507351056470727e-01
6.020000000000000462e+00 7.237703258648824356e-01
6.040000000000000036e+00 7.202092077754334021e-01
6.060000000000000497e+00 7.166672902329654926e-01
6.080000000000000071e+00 7.131444990109800930e-01
6.100000000000000533e+00 7.096407429490364516e-01
6.120000000000000107e+00 7.061559477334984347e-01
6.140000000000000568e+00 7.026900216957842060e-01
6.160000000000000142e+00 6.992428904875211959e-01
6.179999999999999716e+00 6.958144619779529361e-01
6.200000000000000178e+00 6.924046618344495974e-01
6.219999999999999751e+00 6.890133975080705575e-01
6.240000000000000213e+00 6.856405947305115323e-01
6.259999999999999787e+00 6.822861605767716053e-01
6.280000000000000249e+00 6.789500208896228628e-01
6.299999999999999822e+00 6.756320824082436838e-01
6.320000000000000284e+00 6.723322711314556610e-01
6.339999999999999858e+00 6.690504935010914700e-01
6.360000000000000320e+00 6.657866757152585135e-01
6.379999999999999893e+00 6.625407239551514005e-01
6.400000000000000355e+00 6.593125646597282064e-01
6.419999999999999929e+00 6.561021037845653492e-01
6.440000000000000391e+00 6.529092680494088530e-01
6.459999999999999964e+00 6.497339632175818114e-01
6.480000000000000426e+00 6.465761163279699630e-01
6.500000000000000000e+00 6.434356329834206578e-01
6.520000000000000462e+00 6.403124405787854467e-01
6.540000000000000036e+00 6.372064445866412186e-01
6.560000000000000497e+00 6.341175727931418482e-01
6.580000000000000071e+00 6.310457305693143448e-01
6.600000000000000533e+00 6.279908461265243380e-01
6.620000000000000107e+00 6.249528247614810628e-01
6.640000000000000568e+00 6.219315951432710099e-01
6.660000000000000142e+00 6.189270625201303000e-01
6.679999999999999716e+00 6.159391560500248053e-01
6.700000000000000178e+00 6.129677809571624225e-01
6.719999999999999751e+00 6.100128669182532937e-01
6.740000000000000213e+00 6.070743191566074781e-01
6.759999999999999787e+00 6.041520678962777335e-01
6.780000000000000249e+00 6.012460183815031556e-01
6.799999999999999822e+00 5.983561014110583276e-01
6.820000000000000284e+00 5.954822222706988022e-01
6.839999999999999858e+00 5.926243123601256935e-01
6.860000000000000320e+00 5.897822770259765202e-01
6.879999999999999893e+00 5.869560482939413237e-01
6.900000000000000355e+00 5.841455315897486900e-01
6.919999999999999929e+00 5.813506595890430839e-01
6.940000000000000391e+00 5.785713378137066210e-01
6.959999999999999964e+00 5.758074996122324318e-01
6.980000000000000426e+00 5.730590506186373778e-01
7.000000000000000000e+00 5.703259248761474165e-01
7.020000000000000462e+00 5.676080281458113497e-01
7.040000000000000036e+00 5.649052951864814709e-01
7.060000000000000497e+00 5.622176319001283007e-01
7.080000000000000071e+00 5.595449737811646340e-01
7.100000000000000533e+00 5.568872268853712892e-01
7.120000000000000107e+00 5.542443274617416815e-01
7.140000000000000568e+00 5.516161817318048222e-01
7.160000000000000142e+00 5.490027267172740144e-01
7.179999999999999716e+00 5.464038688164235547e-01
7.200000000000000178e+00 5.438195458409669225e-01
7.219999999999999751e+00 5.412496643760490445e-01
7.240000000000000213e+00 5.386941630398460745e-01
7.259999999999999787e+00 5.361529486136130673e-01
7.280000000000000249e+00 5.336259605376616477e-01
7.299999999999999822e+00 5.311131057977761527e-01
7.320000000000000284e+00 5.286143246713197463e-01
7.339999999999999858e+00 5.261295243562136292e-01
7.360000000000000320e+00 5.236586459810540495e-01
7.379999999999999893e+00 5.212015969627402656e-01
7.400000000000000355e+00 5.187583192945789401e-01
7.419999999999999929e+00 5.163287206185249723e-01
7.440000000000000391e+00 5.139127438054111874e-01
7.459999999999999964e+00 5.115102967276106138e-01
7.480000000000000426e+00 5.091213231456416244e-01
7.500000000000000000e+00 5.067457311669557596e-01
7.520000000000000462e+00 5.043834654532932671e-01
7.540000000000000036e+00 5.020344343511943253e-01
7.560000000000000497e+00 4.996985834345630817e-01
7.580000000000000071e+00 4.973758212923563571e-01
7.600000000000000533e+00 4.950660944210123482e-01
7.620000000000000107e+00 4.927693116546502106e-01
7.640000000000000568e+00 4.904854204220689962e-01
7.660000000000000142e+00 4.882143298046507374e-01
7.679999999999999716e+00 4.859559881728574560e-01
7.700000000000000178e+00 4.837103048568957564e-01
7.719999999999999751e+00 4.814772291776794888e-01
7.740000000000000213e+00 4.792566707152227101e-01
7.759999999999999787e+00 4.770485797492108326e-01
7.780000000000000249e+00 4.748528661099269410e-01
7.799999999999999822e+00 4.726694810436835037e-01
7.820000000000000284e+00 4.704983346309614678e-01
7.839999999999999858e+00 4.683393790921157041e-01
7.860000000000000320e+00 4.661925247572832887e-01
7.879999999999999893e+00 4.640577248278572875e-01
7.900000000000000355e+00 4.619348898825878513e-01
7.919999999999999929e+00 4.598239741105023537e-01
7.940000000000000391e+00 4.577248883374876454e-01
7.959999999999999964e+00 4.556375877464176050e-01
7.980000000000000426e+00 4.535619834083755020e-01
8.000000000000000000e+00 4.514980315059297089e-01
8.019999999999999574e+00 4.494456433530231165e-01
8.040000000000000924e+00 4.474047761374171372e-01
8.060000000000000497e+00 4.453753414131500499e-01
8.080000000000000071e+00 4.433572973783444504e-01
8.099999999999999645e+00 4.413505558240039539e-01
8.120000000000000995e+00 4.393550759634629599e-01
8.140000000000000568e+00 4.373707698211660722e-01
8.160000000000000142e+00 4.353975976302116857e-01
8.179999999999999716e+00 4.334354716446249811e-01
8.199999999999999289e+00 4.314843531215323824e-01
8.220000000000000639e+00 4.295441545403201888e-01
8.240000000000000213e+00 4.276148381861389902e-01
8.259999999999999787e+00 4.256963167592011654e-01
8.279999999999999361e+00 4.237885535764230882e-01
8.300000000000000711e+00 4.218914615539762769e-01
8.320000000000000284e+00 4.200050050440419236e-01
8.339999999999999858e+00 4.181290971735991957e-01
8.359999999999999432e+00 4.162637033333569381e-01
8.380000000000000782e+00 4.144087368556614859e-01
8.400000000000000355e+00 4.125641641727872955e-01
8.419999999999999929e+00 4.107298988167389364e-01
8.439999999999999503e+00 4.089059082641960940e-01
8.460000000000000853e+00 4.070921062408314750e-01
8.480000000000000426e+00 4.052884612703720468e-01
8.500000000000000000e+00 4.034948872659432917e-01
8.519999999999999574e+00 4.017113538007777152e-01
8.540000000000000924e+00 3.999377749689721484e-01
8.560000000000000497e+00 3.981741213955486969e-01
8.580000000000000071e+00 3.964203073488943851e-01
8.599999999999999645e+00 3.946763045079331733e-01
8.620000000000000995e+00 3.929420273084252568e-01
8.640000000000000568e+00 3.912174484851578260e-01
8.660000000000000142e+00 3.895024826341596524e-01
8.679999999999999716e+00 3.877971035479004236e-01
8.700000000000001066e+00 3.861012259753540676e-01
8.720000000000000639e+00 3.844148247683512598e-01
8.740000000000000213e+00 3.827378148213279596e-01
8.759999999999999787e+00 3.810701720470206499e-01
8.779999999999999361e+00 3.794118114776501849e-01
8.800000000000000711e+00 3.777627100882863243e-01
8.820000000000000284e+00 3.761227830411058015e-01
8.839999999999999858e+00 3.744920083748310979e-01
8.859999999999999432e+00 3.728703013735882865e-01
8.880000000000000782e+00 3.712576411409601040e-01
8.900000000000000355e+00 3.696539430748954080e-01
8.919999999999999929e+00 3.680591873449344797e-01
8.939999999999999503e+00 3.664732894545638664e-01
8.960000000000000853e+00 3.648962306402990796e-01
8.980000000000000426e+00 3.633279265027610783e-01
9.000000000000000000e+00 3.617683593463686398e-01
9.019999999999999574e+00 3.602174448603292500e-01
9.040000000000000924e+00 3.586751664178126076e-01
9.060000000000000497e+00 3.571414397879813518e-01
9.080000000000000071e+00 3.556162494135103325e-01
9.099999999999999645e+00 3.540995111347636781e-01
9.120000000000000995e+00 3.525912104646143908e-01
9.140000000000000568e+00 3.510912633057867160e-01
9.160000000000000142e+00 3.495996562419891873e-01
9.179999999999999716e+00 3.481163052293372862e-01
9.200000000000001066e+00 3.466411979229476192e-01
9.220000000000000639e+00 3.451742503233278803e-01
9.240000000000000213e+00 3.437154511574850302e-01
9.259999999999999787e+00 3.422647164612151460e-01
9.279999999999999361e+00 3.408220360338679589e-01
9.300000000000000711e+00 3.393873259373682005e-01
9.320000000000000284e+00 3.379605770438131040e-01
9.339999999999999858e+00 3.365417054320068990e-01
9.359999999999999432e+00 3.351307030471437631e-01
9.380000000000000782e+00 3.337274859756418910e-01
9.400000000000000355e+00 3.323320472360734579e-01
9.419999999999999929e+00 3.309443029131413083e-01
9.439999999999999503e+00 3.295642470990654549e-01
9.460000000000000853e+00 3.281917958674497870e-01
9.480000000000000426e+00 3.268269443843819788e-01
9.500000000000000000e+00 3.254696087029547158e-01
9.519999999999999574e+00 3.241197850632908661e-01
9.540000000000000924e+00 3.227773894885578310e-01
9.560000000000000497e+00 3.214424192930316893e-01
9.580000000000000071e+00 3.201147904605029515e-01
9.599999999999999645e+00 3.187945013795006055e-01
9.620000000000000995e+00 3.174814679849677912e-01
