# Electrodo circular de radio 6 mm y espesor 710.0 um.
# Volumen de simulacion (convencion z,y,x):
# N: 1024 x 1024 x 1024 | voxelSize:  0.02mm x 0.02mm x 0.02mm | FOV:  20.48mm x 20.48mm x 20.48mm
# 
# z [mm]		 delta[ppm]
0.000000000000000000e+00 2.497973287163571587e+00
2.000000000000000042e-02 2.494841823369915446e+00
4.000000000000000083e-02 2.491616963499450499e+00
5.999999999999999778e-02 2.488299364130725166e+00
8.000000000000000167e-02 2.484889735644417730e+00
1.000000000000000056e-01 2.481388810958447877e+00
1.199999999999999956e-01 2.477797334245470218e+00
1.400000000000000133e-01 2.474116068228507714e+00
1.600000000000000033e-01 2.470345788957155175e+00
1.799999999999999933e-01 2.466487289987040477e+00
2.000000000000000111e-01 2.462541377789906338e+00
2.200000000000000011e-01 2.458508875779890523e+00
2.399999999999999911e-01 2.454390619283146169e+00
2.600000000000000089e-01 2.450187459927877676e+00
2.800000000000000266e-01 2.445900260269627591e+00
2.999999999999999889e-01 2.441529898486883621e+00
3.200000000000000067e-01 2.437077262701549341e+00
3.400000000000000244e-01 2.432543255952962280e+00
3.599999999999999867e-01 2.427928790238621737e+00
3.800000000000000044e-01 2.423234791744292682e+00
4.000000000000000222e-01 2.418462194632052586e+00
4.199999999999999845e-01 2.413611946513652295e+00
4.400000000000000022e-01 2.408685001990896968e+00
4.600000000000000200e-01 2.403682328363455412e+00
4.799999999999999822e-01 2.398604898940092323e+00
5.000000000000000000e-01 2.393453698973713184e+00
5.200000000000000178e-01 2.388229718744896868e+00
5.400000000000000355e-01 2.382933959719125916e+00
5.600000000000000533e-01 2.377567427416642953e+00
5.799999999999999600e-01 2.372131137786821498e+00
5.999999999999999778e-01 2.366626109865495486e+00
6.199999999999999956e-01 2.361053372362658553e+00
6.400000000000000133e-01 2.355413956118691310e+00
6.600000000000000311e-01 2.349708900901172903e+00
6.800000000000000488e-01 2.343939247661679381e+00
7.000000000000000666e-01 2.338106045538162814e+00
7.199999999999999734e-01 2.332210343922188400e+00
7.399999999999999911e-01 2.326253199662955851e+00
7.600000000000000089e-01 2.320235668947183250e+00
7.800000000000000266e-01 2.314158814701228195e+00
8.000000000000000444e-01 2.308023698292466896e+00
8.200000000000000622e-01 2.301831387125571116e+00
8.399999999999999689e-01 2.295582946168120309e+00
8.599999999999999867e-01 2.289279445737316898e+00
8.800000000000000044e-01 2.282921952858004033e+00
9.000000000000000222e-01 2.276511539235678505e+00
9.200000000000000400e-01 2.270049272450145761e+00
9.400000000000000577e-01 2.263536224110878070e+00
9.599999999999999645e-01 2.256973460893913153e+00
9.799999999999999822e-01 2.250362052875255259e+00
1.000000000000000000e+00 2.243703064414639403e+00
1.020000000000000018e+00 2.236997562662682792e+00
1.040000000000000036e+00 2.230246608298799060e+00
1.060000000000000053e+00 2.223451264207545464e+00
1.080000000000000071e+00 2.216612586074599989e+00
1.100000000000000089e+00 2.209731631227717319e+00
1.120000000000000107e+00 2.202809449097816952e+00
1.140000000000000124e+00 2.195847090219682496e+00
1.159999999999999920e+00 2.188845596562360551e+00
1.179999999999999938e+00 2.181806010684714803e+00
1.199999999999999956e+00 2.174729365941978632e+00
1.219999999999999973e+00 2.167616695791031667e+00
1.239999999999999991e+00 2.160469023877521710e+00
1.260000000000000009e+00 2.153287373485692324e+00
1.280000000000000027e+00 2.146072757512769158e+00
1.300000000000000044e+00 2.138826188057917133e+00
1.320000000000000062e+00 2.131548666288543004e+00
1.340000000000000080e+00 2.124241192162890979e+00
1.360000000000000098e+00 2.116904754194868676e+00
1.380000000000000115e+00 2.109540339304606160e+00
1.400000000000000133e+00 2.102148922486616112e+00
1.419999999999999929e+00 2.094731476782557333e+00
1.439999999999999947e+00 2.087288962859294106e+00
1.459999999999999964e+00 2.079822339097900041e+00
1.479999999999999982e+00 2.072332551086618846e+00
1.500000000000000000e+00 2.064820541820094668e+00
1.520000000000000018e+00 2.057287241113749943e+00
1.540000000000000036e+00 2.049733575907040084e+00
1.560000000000000053e+00 2.042160459604416722e+00
1.580000000000000071e+00 2.034568802476349969e+00
1.600000000000000089e+00 2.026959500933374514e+00
1.620000000000000107e+00 2.019333448018466814e+00
1.640000000000000124e+00 2.011691522619490691e+00
1.660000000000000142e+00 2.004034600046441739e+00
1.679999999999999938e+00 1.996363541188811430e+00
1.699999999999999956e+00 1.988679203171067611e+00
1.719999999999999973e+00 1.980982428460417166e+00
1.739999999999999991e+00 1.973274055593824849e+00
1.760000000000000009e+00 1.965554908242720389e+00
1.780000000000000027e+00 1.957825806004729108e+00
1.800000000000000044e+00 1.950087553430962517e+00
1.820000000000000062e+00 1.942340950875566241e+00
1.840000000000000080e+00 1.934586783492196815e+00
1.860000000000000098e+00 1.926825832134379857e+00
1.880000000000000115e+00 1.919058862326953108e+00
1.900000000000000133e+00 1.911286635210191376e+00
1.919999999999999929e+00 1.903509896492839859e+00
1.939999999999999947e+00 1.895729387432876223e+00
1.959999999999999964e+00 1.887945833778063465e+00
1.979999999999999982e+00 1.880159956776107144e+00
2.000000000000000000e+00 1.872372462109470614e+00
2.020000000000000018e+00 1.864584050927644121e+00
2.040000000000000036e+00 1.856795408782271561e+00
2.060000000000000053e+00 1.849007216674190879e+00
2.080000000000000071e+00 1.841220139995667360e+00
2.100000000000000089e+00 1.833434839584787479e+00
2.120000000000000107e+00 1.825651960681024866e+00
2.140000000000000124e+00 1.817872143979503141e+00
2.160000000000000142e+00 1.810096014606777937e+00
2.180000000000000160e+00 1.802324193167437860e+00
2.200000000000000178e+00 1.794557284746462589e+00
2.220000000000000195e+00 1.786795889940586246e+00
2.240000000000000213e+00 1.779040593894199995e+00
2.260000000000000231e+00 1.771291977307846821e+00
2.280000000000000249e+00 1.763550605514160319e+00
2.300000000000000266e+00 1.755817039455819240e+00
2.319999999999999840e+00 1.748091824808595263e+00
2.339999999999999858e+00 1.740375502921041040e+00
2.359999999999999876e+00 1.732668599991280978e+00
2.379999999999999893e+00 1.724971637960675874e+00
2.399999999999999911e+00 1.717285123751513654e+00
2.419999999999999929e+00 1.709609560106858162e+00
2.439999999999999947e+00 1.701945434895905107e+00
2.459999999999999964e+00 1.694293231892179064e+00
2.479999999999999982e+00 1.686653420153816141e+00
2.500000000000000000e+00 1.679026464732239043e+00
2.520000000000000018e+00 1.671412816134260959e+00
2.540000000000000036e+00 1.663812920953353869e+00
2.560000000000000053e+00 1.656227211420912893e+00
2.580000000000000071e+00 1.648656115952185308e+00
2.600000000000000089e+00 1.641100048793729060e+00
2.620000000000000107e+00 1.633559420476048851e+00
2.640000000000000124e+00 1.626034627564682644e+00
2.660000000000000142e+00 1.618526063011568317e+00
2.680000000000000160e+00 1.611034106016906220e+00
2.700000000000000178e+00 1.603559132271251686e+00
2.720000000000000195e+00 1.596101503935676291e+00
2.740000000000000213e+00 1.588661579766557530e+00
2.760000000000000231e+00 1.581239705221313852e+00
2.780000000000000249e+00 1.573836222457843048e+00
2.800000000000000266e+00 1.566451460573422105e+00
2.819999999999999840e+00 1.559085745470752515e+00
2.839999999999999858e+00 1.551739390237386607e+00
2.859999999999999876e+00 1.544412704870284925e+00
2.879999999999999893e+00 1.537105986803483981e+00
2.899999999999999911e+00 1.529819530483045309e+00
2.919999999999999929e+00 1.522553618050450641e+00
2.939999999999999947e+00 1.515308528759806483e+00
2.959999999999999964e+00 1.508084529824750275e+00
2.979999999999999982e+00 1.500881885669785865e+00
3.000000000000000000e+00 1.493700848948253279e+00
3.020000000000000018e+00 1.486541669619655615e+00
3.040000000000000036e+00 1.479404586146535472e+00
3.060000000000000053e+00 1.472289834389625351e+00
3.080000000000000071e+00 1.465197638991309947e+00
3.100000000000000089e+00 1.458128222080395942e+00
3.120000000000000107e+00 1.451081794850093365e+00
3.140000000000000124e+00 1.444058566064219118e+00
3.160000000000000142e+00 1.437058733837439650e+00
3.180000000000000160e+00 1.430082493934686783e+00
3.200000000000000178e+00 1.423130031761668413e+00
3.220000000000000195e+00 1.416201530449293644e+00
3.240000000000000213e+00 1.409297163062240843e+00
3.260000000000000231e+00 1.402417100460166210e+00
3.280000000000000249e+00 1.395561503732418496e+00
3.300000000000000266e+00 1.388730531827768067e+00
3.320000000000000284e+00 1.381924334223157302e+00
3.339999999999999858e+00 1.375143058313700317e+00
3.359999999999999876e+00 1.368386842323599195e+00
3.379999999999999893e+00 1.361655822448135433e+00
3.399999999999999911e+00 1.354950126014736078e+00
3.419999999999999929e+00 1.348269878368656416e+00
3.439999999999999947e+00 1.341615196292370360e+00
3.459999999999999964e+00 1.334986194626696543e+00
3.479999999999999982e+00 1.328382979956510113e+00
3.500000000000000000e+00 1.321805656958995767e+00
3.520000000000000018e+00 1.315254322363945905e+00
3.540000000000000036e+00 1.308729071020838575e+00
3.560000000000000053e+00 1.302229990141783311e+00
3.580000000000000071e+00 1.295757165079084450e+00
3.600000000000000089e+00 1.289310673859161538e+00
3.620000000000000107e+00 1.282890592662267126e+00
3.640000000000000124e+00 1.276496990655490826e+00
3.660000000000000142e+00 1.270129935166296242e+00
3.680000000000000160e+00 1.263789486822963770e+00
3.700000000000000178e+00 1.257475704413573814e+00
3.720000000000000195e+00 1.251188640342087321e+00
3.740000000000000213e+00 1.244928345164413752e+00
3.760000000000000231e+00 1.238694863368496657e+00
3.780000000000000249e+00 1.232488237579113299e+00
3.800000000000000266e+00 1.226308504670188704e+00
3.820000000000000284e+00 1.220155699629928092e+00
3.839999999999999858e+00 1.214029852013814859e+00
3.859999999999999876e+00 1.207930989461670768e+00
3.879999999999999893e+00 1.201859134499601689e+00
3.899999999999999911e+00 1.195814307700581169e+00
3.919999999999999929e+00 1.189796524843832692e+00
3.939999999999999947e+00 1.183805799710501372e+00
3.959999999999999964e+00 1.177842141608793636e+00
3.979999999999999982e+00 1.171905557796303565e+00
4.000000000000000000e+00 1.165996051379441623e+00
4.020000000000000462e+00 1.160113623353951073e+00
4.040000000000000036e+00 1.154258270886977300e+00
4.060000000000000497e+00 1.148429988967346826e+00
4.080000000000000071e+00 1.142628769078814610e+00
4.099999999999999645e+00 1.136854600451639330e+00
4.120000000000000107e+00 1.131107469135403720e+00
4.139999999999999680e+00 1.125387358843393137e+00
4.160000000000000142e+00 1.119694250433609817e+00
4.179999999999999716e+00 1.114028122337444859e+00
4.200000000000000178e+00 1.108388950457309230e+00
4.219999999999999751e+00 1.102776708171099962e+00
4.240000000000000213e+00 1.097191366655098532e+00
4.259999999999999787e+00 1.091632894455684566e+00
4.280000000000000249e+00 1.086101258245963264e+00
4.299999999999999822e+00 1.080596421956216080e+00
4.320000000000000284e+00 1.075118347972931154e+00
4.339999999999999858e+00 1.069666995819395616e+00
4.360000000000000320e+00 1.064242323805689949e+00
4.379999999999999893e+00 1.058844287250831906e+00
4.400000000000000355e+00 1.053472840592425186e+00
4.419999999999999929e+00 1.048127935141801137e+00
4.440000000000000391e+00 1.042809521661847372e+00
4.459999999999999964e+00 1.037517547646555682e+00
4.480000000000000426e+00 1.032251960375803801e+00
4.500000000000000000e+00 1.027012703710626695e+00
4.520000000000000462e+00 1.021799721633585234e+00
4.540000000000000036e+00 1.016612954551147308e+00
4.560000000000000497e+00 1.011452343328388848e+00
4.580000000000000071e+00 1.006317825089816820e+00
4.600000000000000533e+00 1.001209337757077433e+00
4.620000000000000107e+00 9.961268153395261837e-01
4.639999999999999680e+00 9.910701929837768542e-01
4.660000000000000142e+00 9.860394017453100179e-01
4.679999999999999716e+00 9.810343741585483279e-01
4.700000000000000178e+00 9.760550384807846758e-01
4.719999999999999751e+00 9.711013247916748803e-01
4.740000000000000213e+00 9.661731587007015287e-01
4.759999999999999787e+00 9.612704679848471656e-01
4.780000000000000249e+00 9.563931757508202791e-01
4.799999999999999822e+00 9.515412076198300761e-01
4.820000000000000284e+00 9.467144843357732098e-01
4.839999999999999858e+00 9.419129295059023299e-01
4.860000000000000320e+00 9.371364616461617114e-01
4.879999999999999893e+00 9.323850024867074149e-01
4.900000000000000355e+00 9.276584684455422281e-01
4.919999999999999929e+00 9.229567795077552317e-01
4.940000000000000391e+00 9.182798501185576168e-01
4.959999999999999964e+00 9.136275986452770947e-01
4.980000000000000426e+00 9.089999376808844955e-01
5.000000000000000000e+00 9.043967840976535610e-01
5.020000000000000462e+00 8.998180487522449145e-01
5.040000000000000036e+00 8.952636471401131946e-01
5.060000000000000497e+00 8.907334884931727981e-01
5.080000000000000071e+00 8.862274870439302843e-01
5.100000000000000533e+00 8.817455505067373078e-01
5.120000000000000107e+00 8.772875919607919792e-01
5.139999999999999680e+00 8.728535177059296712e-01
5.160000000000000142e+00 8.684432397735519782e-01
5.179999999999999716e+00 8.640566631478839854e-01
5.200000000000000178e+00 8.596936989140404606e-01
5.219999999999999751e+00 8.553542508356387630e-01
5.240000000000000213e+00 8.510382291491246365e-01
5.259999999999999787e+00 8.467455364885907443e-01
5.280000000000000249e+00 8.424760823356480799e-01
5.299999999999999822e+00 8.382297682822826834e-01
5.320000000000000284e+00 8.340065031454403366e-01
5.339999999999999858e+00 8.298061875587129377e-01
5.360000000000000320e+00 8.256287297610069853e-01
5.379999999999999893e+00 8.214740295077688215e-01
5.400000000000000355e+00 8.173419945430349109e-01
5.419999999999999929e+00 8.132325238208855112e-01
5.440000000000000391e+00 8.091455246703156412e-01
5.459999999999999964e+00 8.050808953175732086e-01
5.480000000000000426e+00 8.010385427531999669e-01
5.500000000000000000e+00 7.970183645458711608e-01
5.520000000000000462e+00 7.930202674211374037e-01
5.540000000000000036e+00 7.890441483573079617e-01
5.560000000000000497e+00 7.850899138853714154e-01
5.580000000000000071e+00 7.811574604574207381e-01
5.600000000000000533e+00 7.772466944773588349e-01
5.620000000000000107e+00 7.733575119323613523e-01
5.639999999999999680e+00 7.694898191638999130e-01
5.660000000000000142e+00 7.656435117526432244e-01
5.679999999999999716e+00 7.618184960395405492e-01
5.700000000000000178e+00 7.580146672544956221e-01
5.719999999999999751e+00 7.542319317971866166e-01
5.740000000000000213e+00 7.504701845998186238e-01
5.759999999999999787e+00 7.467293321774834958e-01
5.780000000000000249e+00 7.430092692152445721e-01
5.799999999999999822e+00 7.393099023978229045e-01
5.820000000000000284e+00 7.356311262111957516e-01
5.839999999999999858e+00 7.319728475615336905e-01
5.860000000000000320e+00 7.283349607814446625e-01
5.879999999999999893e+00 7.247173730480661602e-01
5.900000000000000355e+00 7.211199785840171073e-01
5.919999999999999929e+00 7.175426848846871986e-01
5.940000000000000391e+00 7.139853861039134886e-01
5.959999999999999964e+00 7.104479901004864262e-01
5.980000000000000426e+00 7.069303909984744339e-01
6.000000000000000000e+00 7.034324970631428142e-01
6.020000000000000462e+00 6.999542024257954242e-01
6.040000000000000036e+00 6.964954157992463424e-01
6.060000000000000497e+00 6.930560313569996689e-01
6.080000000000000071e+00 6.896359582985784886e-01
6.100000000000000533e+00 6.862350908727617993e-01
6.120000000000000107e+00 6.828533388030942897e-01
6.140000000000000568e+00 6.794905964448227920e-01
6.160000000000000142e+00 6.761467740810265248e-01
6.179999999999999716e+00 6.728217662028690427e-01
6.200000000000000178e+00 6.695154836867784898e-01
6.219999999999999751e+00 6.662278211875047873e-01
6.240000000000000213e+00 6.629586902069803944e-01
6.259999999999999787e+00 6.597079855896198497e-01
6.280000000000000249e+00 6.564756194934285860e-01
6.299999999999999822e+00 6.532614869768965660e-01
6.320000000000000284e+00 6.500655008831469628e-01
6.339999999999999858e+00 6.468875565076834810e-01
6.360000000000000320e+00 6.437275674063153152e-01
6.379999999999999893e+00 6.405854291329654560e-01
6.400000000000000355e+00 6.374610559822939670e-01
6.419999999999999929e+00 6.343543437866617785e-01
6.440000000000000391e+00 6.312652076043917537e-01
6.459999999999999964e+00 6.281935435648914323e-01
6.480000000000000426e+00 6.251392675136502319e-01
6.500000000000000000e+00 6.221022758944576569e-01
6.520000000000000462e+00 6.190824853622295398e-01
6.540000000000000036e+00 6.160797926911485423e-01
6.560000000000000497e+00 6.130941153666155108e-01
6.580000000000000071e+00 6.101253505080538320e-01
6.600000000000000533e+00 6.071734164512648801e-01
6.620000000000000107e+00 6.042382106745263215e-01
6.640000000000000568e+00 6.013196523828482354e-01
6.660000000000000142e+00 5.984176394259107523e-01
6.679999999999999716e+00 5.955320918956795717e-01
6.700000000000000178e+00 5.926629080246428316e-01
6.719999999999999751e+00 5.898100088084673454e-01
6.740000000000000213e+00 5.869732928728634835e-01
6.759999999999999787e+00 5.841526821329693364e-01
6.780000000000000249e+00 5.813480756170845698e-01
6.799999999999999822e+00 5.785593961746610114e-01
6.820000000000000284e+00 5.757865432450381959e-01
6.839999999999999858e+00 5.730294406259400786e-01
6.860000000000000320e+00 5.702879881752266344e-01
6.879999999999999893e+00 5.675621106519993520e-01
6.900000000000000355e+00 5.648517083392849969e-01
6.919999999999999929e+00 5.621567069698595320e-01
6.940000000000000391e+00 5.594770072576614739e-01
6.959999999999999964e+00 5.568125359206522740e-01
6.980000000000000426e+00 5.541631941086659907e-01
7.000000000000000000e+00 5.515289095356321614e-01
7.020000000000000462e+00 5.489095837914218512e-01
7.040000000000000036e+00 5.463051455960066249e-01
7.060000000000000497e+00 5.437154969827397988e-01
7.080000000000000071e+00 5.411405676870276737e-01
7.100000000000000533e+00 5.385802601883847851e-01
7.120000000000000107e+00 5.360345052464058346e-01
7.140000000000000568e+00 5.335032057888008383e-01
7.160000000000000142e+00 5.309862936074969397e-01
7.179999999999999716e+00 5.284836720797195797e-01
7.200000000000000178e+00 5.259952740372826341e-01
7.219999999999999751e+00 5.235210033076752589e-01
7.240000000000000213e+00 5.210607937695964642e-01
7.259999999999999787e+00 5.186145497008792793e-01
7.280000000000000249e+00 5.161822060335812257e-01
7.299999999999999822e+00 5.137636674954284555e-01
7.320000000000000284e+00 5.113588700778073370e-01
7.339999999999999858e+00 5.089677189572865412e-01
7.360000000000000320e+00 5.065901511900721133e-01
7.379999999999999893e+00 5.042260724000375838e-01
7.400000000000000355e+00 5.018754207132433143e-01
7.419999999999999929e+00 4.995381021987705394e-01
7.440000000000000391e+00 4.972140560571493006e-01
7.459999999999999964e+00 4.949031888001262924e-01
7.480000000000000426e+00 4.926054407069048735e-01
7.500000000000000000e+00 4.903207187288426416e-01
7.520000000000000462e+00 4.880489642276305551e-01
7.540000000000000036e+00 4.857900845907988097e-01
7.560000000000000497e+00 4.835440222659764808e-01
7.580000000000000071e+00 4.813106850729251818e-01
7.600000000000000533e+00 4.790900165483203410e-01
7.620000000000000107e+00 4.768819249398848492e-01
7.640000000000000568e+00 4.746863548761268148e-01
7.660000000000000142e+00 4.725032150279865895e-01
7.679999999999999716e+00 4.703324511182868650e-01
7.700000000000000178e+00 4.681739722361463185e-01
7.719999999999999751e+00 4.660277252008833138e-01
7.740000000000000213e+00 4.638936195143377184e-01
7.759999999999999787e+00 4.617716030942478622e-01
7.780000000000000249e+00 4.596615858494290108e-01
7.799999999999999822e+00 4.575635167977045170e-01
7.820000000000000284e+00 4.554773062487394997e-01
7.839999999999999858e+00 4.534029043218660293e-01
7.860000000000000320e+00 4.513402217212278411e-01
7.879999999999999893e+00 4.492892096688684833e-01
7.900000000000000355e+00 4.472497792566763053e-01
7.919999999999999929e+00 4.452218828104029247e-01
7.940000000000000391e+00 4.432054318027297546e-01
7.959999999999999964e+00 4.412003796639183406e-01
7.980000000000000426e+00 4.392066382401557112e-01
8.000000000000000000e+00 4.372241620668348427e-01
8.019999999999999574e+00 4.352528633561740801e-01
8.040000000000000924e+00 4.332926977491494136e-01
8.060000000000000497e+00 4.313435778162251211e-01
8.080000000000000071e+00 4.294054603042598561e-01
8.099999999999999645e+00 4.274782581340120236e-01
8.120000000000000995e+00 4.255619291583758179e-01
8.140000000000000568e+00 4.236563866401655831e-01
8.160000000000000142e+00 4.217615895383359237e-01
8.179999999999999716e+00 4.198774514493714416e-01
8.199999999999999289e+00 4.180039324381892851e-01
8.220000000000000639e+00 4.161409464262969538e-01
8.240000000000000213e+00 4.142884545843689703e-01
8.259999999999999787e+00 4.124463711501564767e-01
8.279999999999999361e+00 4.106146583997887234e-01
8.300000000000000711e+00 4.087932308782357693e-01
8.320000000000000284e+00 4.069820519666910719e-01
8.339999999999999858e+00 4.051810365082080256e-01
8.359999999999999432e+00 4.033901489885692304e-01
8.380000000000000782e+00 4.016093045395625061e-01
8.400000000000000355e+00 3.998384687510077029e-01
8.419999999999999929e+00 3.980775570339766811e-01
8.439999999999999503e+00 3.963265360817189720e-01
8.460000000000000853e+00 3.945853215749274834e-01
8.480000000000000426e+00 3.928538813096180138e-01
8.500000000000000000e+00 3.911321312263723038e-01
8.519999999999999574e+00 3.894200402232641522e-01
8.540000000000000924e+00 3.877175244908248053e-01
8.560000000000000497e+00 3.860245540284381049e-01
8.580000000000000071e+00 3.843410452665961263e-01
8.599999999999999645e+00 3.826669693052048293e-01
8.620000000000000995e+00 3.810022428045424236e-01
8.640000000000000568e+00 3.793468379642278565e-01
8.660000000000000142e+00 3.777006716641042594e-01
8.679999999999999716e+00 3.760637172026799480e-01
8.700000000000001066e+00 3.744358916689649597e-01
8.720000000000000639e+00 3.728171694595159291e-01
8.740000000000000213e+00 3.712074678620853052e-01
8.759999999999999787e+00 3.696067623704260563e-01
8.779999999999999361e+00 3.680149704604486205e-01
8.800000000000000711e+00 3.664320687222509809e-01
8.820000000000000284e+00 3.648579748092923292e-01
8.839999999999999858e+00 3.632926664071743361e-01
8.859999999999999432e+00 3.617360613361416677e-01
8.880000000000000782e+00 3.601881383764609090e-01
8.900000000000000355e+00 3.586488155044000870e-01
8.919999999999999929e+00 3.571180725940553691e-01
8.939999999999999503e+00 3.555958277668118672e-01
8.960000000000000853e+00 3.540820619897915855e-01
8.980000000000000426e+00 3.525766935185870588e-01
9.000000000000000000e+00 3.510797044125603672e-01
9.019999999999999574e+00 3.495910130504654156e-01
9.040000000000000924e+00 3.481106025831464112e-01
9.060000000000000497e+00 3.466383915014942807e-01
9.080000000000000071e+00 3.451743640470905650e-01
9.099999999999999645e+00 3.437184388118176837e-01
9.120000000000000995e+00 3.422706011272906856e-01
9.140000000000000568e+00 3.408307696752511662e-01
9.160000000000000142e+00 3.393989308766919288e-01
9.179999999999999716e+00 3.379750034919445367e-01
9.200000000000001066e+00 3.365589750307600436e-01
9.220000000000000639e+00 3.351507643208568865e-01
9.240000000000000213e+00 3.337503599601338578e-01
9.259999999999999787e+00 3.323576808323703835e-01
9.279999999999999361e+00 3.309727166230733708e-01
9.300000000000000711e+00 3.295953862607909901e-01
9.320000000000000284e+00 3.282256805181466008e-01
9.339999999999999858e+00 3.268635183570516300e-01
9.359999999999999432e+00 3.255088916367972485e-01
9.380000000000000782e+00 3.241617193413178777e-01
9.400000000000000355e+00 3.228219944161511701e-01
9.419999999999999929e+00 3.214896358558205769e-01
9.439999999999999503e+00 3.201646376917710590e-01
9.460000000000000853e+00 3.188469189177031704e-01
9.480000000000000426e+00 3.175364746506776914e-01
9.500000000000000000e+00 3.162332238720911293e-01
9.519999999999999574e+00 3.149371627843674526e-01
9.540000000000000924e+00 3.136482103451895265e-01
9.560000000000000497e+00 3.123663638421380617e-01
9.580000000000000071e+00 3.110915421976854223e-01
9.599999999999999645e+00 3.098237437844364450e-01
9.620000000000000995e+00 3.085628874782060382e-01
