0.000000000000000000e+00 8.087871610839007630e+00
1.499999999999999944e-02 6.163814428366208631e+00
2.999999999999999889e-02 5.142393169911559703e+00
4.499999999999999833e-02 4.535722445593493468e+00
5.999999999999999778e-02 4.138649737539508600e+00
7.499999999999999722e-02 3.846401038913227488e+00
8.999999999999999667e-02 3.621538092756271698e+00
1.049999999999999961e-01 3.436273663492573682e+00
1.199999999999999956e-01 3.281267403644037017e+00
1.350000000000000089e-01 3.145835932701807724e+00
1.499999999999999944e-01 3.027126832512353261e+00
1.649999999999999800e-01 2.919847775114803312e+00
1.799999999999999933e-01 2.823085622277447637e+00
1.950000000000000067e-01 2.733782290889201771e+00
2.099999999999999922e-01 2.651710433460882754e+00
2.249999999999999778e-01 2.574873486616262142e+00
2.399999999999999911e-01 2.503311328402262337e+00
2.550000000000000044e-01 2.435647542940348131e+00
2.700000000000000178e-01 2.372029156368958169e+00
2.849999999999999756e-01 2.311422962284401361e+00
2.999999999999999889e-01 2.254016024988890976e+00
3.150000000000000022e-01 2.199031921665541400e+00
3.299999999999999600e-01 2.146668025617460174e+00
3.449999999999999734e-01 2.096288974596063337e+00
3.599999999999999867e-01 2.048089023716730850e+00
3.750000000000000000e-01 2.001568761885494485e+00
3.900000000000000133e-01 1.956913424832871229e+00
4.049999999999999711e-01 1.913688135831892012e+00
4.199999999999999845e-01 1.872066812175331663e+00
4.349999999999999978e-01 1.831699877116720110e+00
4.499999999999999556e-01 1.792749381141774734e+00
4.649999999999999689e-01 1.754895363364866068e+00
4.799999999999999822e-01 1.718288301007210972e+00
4.949999999999999956e-01 1.682668800367348005e+00
5.100000000000000089e-01 1.648176442821633891e+00
5.250000000000000222e-01 1.614563326109103025e+00
5.400000000000000355e-01 1.581958963141538055e+00
5.549999999999999378e-01 1.550162566062081693e+00
5.699999999999999512e-01 1.519294437551763632e+00
5.849999999999999645e-01 1.489154939873063022e+00
5.999999999999999778e-01 1.459855995516733618e+00
6.149999999999999911e-01 1.431237156539237665e+00
6.300000000000000044e-01 1.403402739831644874e+00
6.450000000000000178e-01 1.376187101676718205e+00
6.599999999999999201e-01 1.349687662090400586e+00
6.749999999999999334e-01 1.323773007596182660e+00
6.899999999999999467e-01 1.298534302572706745e+00
7.049999999999999600e-01 1.273830810818195935e+00
7.199999999999999734e-01 1.249748017624347840e+00
7.349999999999999867e-01 1.226176164836935589e+00
7.500000000000000000e-01 1.203195575356493796e+00
7.650000000000000133e-01 1.180684352683174732e+00
7.800000000000000266e-01 1.158718119742188080e+00
7.949999999999999289e-01 1.137203747110041574e+00
8.099999999999999423e-01 1.116212571505130757e+00
8.249999999999999556e-01 1.095637324152110681e+00
8.399999999999999689e-01 1.075545426029936857e+00
8.549999999999999822e-01 1.055856830270432534e+00
8.699999999999999956e-01 1.036635374183100922e+00
8.850000000000000089e-01 1.017785397512603662e+00
8.999999999999999112e-01 9.993674519803602552e-01
9.149999999999999245e-01 9.813119971492040294e-01
9.299999999999999378e-01 9.636765671614101469e-01
9.449999999999999512e-01 9.463748865213345018e-01
9.599999999999999645e-01 9.294617131821494294e-01
9.749999999999999778e-01 9.128760945269513982e-01
9.899999999999999911e-01 8.966702301239840578e-01
1.004999999999999893e+00 8.807655526999268458e-01
1.020000000000000018e+00 8.652119003145452014e-01
1.034999999999999920e+00 8.499554482093795160e-01
1.050000000000000044e+00 8.350438512124586099e-01
1.064999999999999947e+00 8.204049603159105919e-01
1.080000000000000071e+00 8.060844088325348489e-01
1.094999999999999973e+00 7.920343678210078897e-01
1.109999999999999876e+00 7.782985960235575540e-01
1.125000000000000000e+00 7.648103521722120490e-01
1.139999999999999902e+00 7.516116541818574914e-01
1.155000000000000027e+00 7.386597764312864411e-01
1.169999999999999929e+00 7.259951179312089664e-01
1.185000000000000053e+00 7.135555407058173927e-01
1.199999999999999956e+00 7.013799361821674294e-01
1.214999999999999858e+00 6.894299678961008926e-01
1.229999999999999982e+00 6.777431214839743090e-01
1.244999999999999885e+00 6.662612125247542316e-01
1.260000000000000009e+00 6.550204140808876252e-01
1.274999999999999911e+00 6.439861997137668048e-01
1.290000000000000036e+00 6.331935153962184870e-01
1.304999999999999938e+00 6.225875985406558177e-01
1.319999999999999840e+00 6.122022465318047724e-01
1.334999999999999964e+00 6.020062676449325911e-01
1.349999999999999867e+00 5.920323828629658891e-01
1.364999999999999991e+00 5.822288110467350730e-01
1.379999999999999893e+00 5.726272632440650989e-01
1.395000000000000018e+00 5.631994880770302414e-01
1.409999999999999920e+00 5.539762479378217419e-01
1.425000000000000044e+00 5.449083743784028933e-01
1.439999999999999947e+00 5.360257377043258220e-01
1.454999999999999849e+00 5.273026964425737706e-01
1.469999999999999973e+00 5.187682810982089388e-01
1.484999999999999876e+00 5.103756240146805068e-01
1.500000000000000000e+00 5.021529642841208174e-01
1.514999999999999902e+00 4.940769909843175101e-01
1.530000000000000027e+00 4.861751966292092164e-01
1.544999999999999929e+00 4.784027480952970923e-01
1.560000000000000053e+00 4.707864329118614521e-01
1.574999999999999956e+00 4.633050326351267900e-01
1.589999999999999858e+00 4.559846684432232178e-01
1.604999999999999982e+00 4.487823125055475093e-01
1.619999999999999885e+00 4.417234555767072246e-01
1.635000000000000009e+00 4.347887673218699955e-01
1.649999999999999911e+00 4.280031415237521286e-01
1.665000000000000036e+00 4.213251567170903655e-01
1.679999999999999938e+00 4.147791408965956217e-01
1.694999999999999840e+00 4.083474752473835734e-01
1.709999999999999964e+00 4.020539510811224071e-01
1.724999999999999867e+00 3.958585794114296563e-01
1.739999999999999991e+00 3.897846420644162646e-01
1.754999999999999893e+00 3.838160782606759858e-01
1.770000000000000018e+00 3.779756857865248509e-01
1.784999999999999920e+00 3.722247551021475864e-01
1.799999999999999822e+00 3.665856237897910375e-01
1.814999999999999947e+00 3.610436549972672049e-01
1.829999999999999849e+00 3.556207484574266386e-01
1.844999999999999973e+00 3.502793385406403615e-01
1.859999999999999876e+00 3.450409081215255469e-01
1.875000000000000000e+00 3.398921265427452543e-01
1.889999999999999902e+00 3.348540795555317584e-01
1.905000000000000027e+00 3.298902246811290517e-01
1.919999999999999929e+00 3.250212691237816531e-01
1.934999999999999831e+00 3.202350846287124742e-01
1.949999999999999956e+00 3.155520173605257384e-01
1.964999999999999858e+00 3.109364397880057251e-01
1.979999999999999982e+00 3.064083535561432092e-01
1.994999999999999885e+00 3.019567409664767887e-01
2.009999999999999787e+00 2.976012747519012902e-01
2.024999999999999911e+00 2.933071448513845936e-01
2.040000000000000036e+00 2.890937098492456503e-01
2.054999999999999716e+00 2.849509810579595737e-01
2.069999999999999840e+00 2.808980168955895196e-01
2.084999999999999964e+00 2.769007364995911824e-01
2.100000000000000089e+00 2.729779113804980950e-01
2.114999999999999769e+00 2.691205092497361839e-01
2.129999999999999893e+00 2.653470272983325939e-01
2.145000000000000018e+00 2.616240335232351555e-01
2.160000000000000142e+00 2.579697627619037537e-01
2.174999999999999822e+00 2.543760743016589276e-01
2.189999999999999947e+00 2.508609520149503447e-01
2.205000000000000071e+00 2.473915392778848477e-01
2.219999999999999751e+00 2.439855798502334749e-01
2.234999999999999876e+00 2.406357665969842685e-01
2.250000000000000000e+00 2.373596135192449497e-01
2.265000000000000124e+00 2.341247718378594023e-01
2.279999999999999805e+00 2.309485356859628247e-01
2.294999999999999929e+00 2.278243795158593765e-01
2.310000000000000053e+00 2.247693870523341519e-01
2.324999999999999734e+00 2.217516549912489920e-01
2.339999999999999858e+00 2.187880657074749158e-01
2.354999999999999982e+00 2.158728285619526677e-01
2.370000000000000107e+00 2.130226332644287179e-01
2.384999999999999787e+00 2.102059641075297858e-01
2.399999999999999911e+00 2.074393264726281660e-01
2.415000000000000036e+00 2.047176226660142317e-01
2.429999999999999716e+00 2.020571817530678049e-01
2.444999999999999840e+00 1.994268216523179815e-01
2.459999999999999964e+00 1.968427028231685971e-01
2.475000000000000089e+00 1.943003827561696206e-01
2.489999999999999769e+00 1.918158607327992426e-01
2.504999999999999893e+00 1.893582377239575176e-01
2.520000000000000018e+00 1.869433589983340582e-01
2.534999999999999698e+00 1.845674032284312094e-01
2.549999999999999822e+00 1.822460685900771371e-01
2.564999999999999947e+00 1.799486914819125316e-01
2.580000000000000071e+00 1.776908296781448959e-01
2.594999999999999751e+00 1.754692524048151181e-01
2.609999999999999876e+00 1.732993835124938264e-01
2.625000000000000000e+00 1.711507497549923928e-01
2.639999999999999680e+00 1.690386473384373200e-01
2.654999999999999805e+00 1.669604084528579779e-01
2.669999999999999929e+00 1.649312077538565846e-01
2.685000000000000053e+00 1.629207194763102329e-01
2.699999999999999734e+00 1.609440026466662232e-01
2.714999999999999858e+00 1.589989275755126774e-01
2.729999999999999982e+00 1.571004434208994327e-01
2.745000000000000107e+00 1.552183309058614014e-01
2.759999999999999787e+00 1.533674349314622098e-01
2.774999999999999911e+00 1.515461415750682939e-01
2.790000000000000036e+00 1.497691969534285239e-01
2.804999999999999716e+00 1.480064488792684763e-01
2.819999999999999840e+00 1.462725500290187886e-01
2.834999999999999964e+00 1.445663821573686392e-01
2.850000000000000089e+00 1.429025097252532017e-01
2.864999999999999769e+00 1.412508095698898070e-01
2.879999999999999893e+00 1.396257630514142201e-01
2.895000000000000018e+00 1.380267295782833525e-01
2.909999999999999698e+00 1.364681124229986664e-01
2.924999999999999822e+00 1.349197804755671859e-01
2.939999999999999947e+00 1.333960638406898602e-01
2.955000000000000071e+00 1.318967834478304846e-01
2.969999999999999751e+00 1.304362010682502959e-01
2.984999999999999876e+00 1.289841415445437678e-01
3.000000000000000000e+00 1.275548030709342251e-01
3.014999999999999680e+00 1.261484537010507945e-01
3.029999999999999805e+00 1.247792327377397342e-01
3.044999999999999929e+00 1.234168855400796239e-01
3.060000000000000053e+00 1.220754971414347717e-01
3.074999999999999734e+00 1.207557699215156127e-01
3.089999999999999858e+00 1.194717392090636210e-01
3.104999999999999982e+00 1.181930359120723917e-01
3.120000000000000107e+00 1.169336501690041441e-01
3.134999999999999787e+00 1.156947073645665791e-01
3.149999999999999911e+00 1.144901569171045963e-01
3.165000000000000036e+00 1.132894805982563174e-01
3.179999999999999716e+00 1.121065915384099887e-01
3.194999999999999840e+00 1.109430281749936298e-01
3.209999999999999964e+00 1.098126717506380107e-01
3.225000000000000089e+00 1.086848203185365597e-01
3.239999999999999769e+00 1.075733276077201761e-01
3.254999999999999893e+00 1.064801364285434815e-01
3.270000000000000018e+00 1.054190773503965867e-01
3.284999999999999698e+00 1.043592300549729124e-01
3.299999999999999822e+00 1.033144062915089950e-01
3.314999999999999947e+00 1.022869457500606843e-01
3.330000000000000071e+00 1.012906456904197200e-01
3.344999999999999751e+00 1.002943325277666636e-01
3.359999999999999876e+00 9.931179336003903568e-02
3.375000000000000000e+00 9.834575837363279671e-02
3.389999999999999680e+00 9.741000883472129834e-02
3.404999999999999805e+00 9.647308258524839308e-02
3.419999999999999929e+00 9.554875939782397909e-02
3.435000000000000053e+00 9.464015461299501997e-02
3.449999999999999734e+00 9.376105086176908521e-02
3.464999999999999858e+00 9.287966152419510624e-02
