# Electrodo circular de radio 6 mm y espesor 710.0 um.
# Volumen de simulacion (convencion z,y,x):
# N: 1024 x 1024 x 1024 | voxelSize:  0.02mm x 0.02mm x 0.02mm | FOV:  20.48mm x 20.48mm x 20.48mm
# 
# z [mm]		 delta[ppm]
0.000000000000000000e+00 3.046912189134597160e+00
2.000000000000000042e-02 3.039011750613093810e+00
4.000000000000000083e-02 3.030901783209331235e+00
5.999999999999999778e-02 3.022586245532117744e+00
8.000000000000000167e-02 3.014069132387601879e+00
1.000000000000000056e-01 3.005354499943334368e+00
1.199999999999999956e-01 2.996446452276356975e+00
1.400000000000000133e-01 2.987349150133637110e+00
1.600000000000000033e-01 2.978066796810103778e+00
1.799999999999999933e-01 2.968603642949102728e+00
2.000000000000000111e-01 2.958963973480005727e+00
2.200000000000000011e-01 2.949152112057598529e+00
2.399999999999999911e-01 2.939172407825984656e+00
2.600000000000000089e-01 2.929029240212010166e+00
2.800000000000000266e-01 2.918727005467417701e+00
2.999999999999999889e-01 2.908270121894566351e+00
3.200000000000000067e-01 2.897663016161423410e+00
3.400000000000000244e-01 2.886910129009982118e+00
3.599999999999999867e-01 2.876015901345029935e+00
3.800000000000000044e-01 2.864984780455791302e+00
4.000000000000000222e-01 2.853821205904814029e+00
4.199999999999999845e-01 2.842529616286287641e+00
4.400000000000000022e-01 2.831114434921042200e+00
4.600000000000000200e-01 2.819580077170100285e+00
4.799999999999999822e-01 2.807930935962048125e+00
5.000000000000000000e-01 2.796171389674744212e+00
5.200000000000000178e-01 2.784305787502082907e+00
5.400000000000000355e-01 2.772338457914021337e+00
5.600000000000000533e-01 2.760273693884172097e+00
5.799999999999999600e-01 2.748115761933803469e+00
5.999999999999999778e-01 2.735868887225885171e+00
6.199999999999999956e-01 2.723537263196398328e+00
6.400000000000000133e-01 2.711125036530757537e+00
6.600000000000000311e-01 2.698636317382048233e+00
6.800000000000000488e-01 2.686075164232989199e+00
7.000000000000000666e-01 2.673445594698607319e+00
7.199999999999999734e-01 2.660751570284483503e+00
7.399999999999999911e-01 2.647997007768257305e+00
7.600000000000000089e-01 2.635185763854611896e+00
7.800000000000000266e-01 2.622321647128142086e+00
8.000000000000000444e-01 2.609408402611316902e+00
8.200000000000000622e-01 2.596449724278686144e+00
8.399999999999999689e-01 2.583449239515771989e+00
8.599999999999999867e-01 2.570410522183024682e+00
8.800000000000000044e-01 2.557337076978218438e+00
9.000000000000000222e-01 2.544232353036522731e+00
9.200000000000000400e-01 2.531099728192325760e+00
9.400000000000000577e-01 2.517942523100586083e+00
9.599999999999999645e-01 2.504763985397858050e+00
9.799999999999999822e-01 2.491567304328541788e+00
1.000000000000000000e+00 2.478355594799624306e+00
1.020000000000000018e+00 2.465131912494535005e+00
1.040000000000000036e+00 2.451899237819499255e+00
1.060000000000000053e+00 2.438660491486706494e+00
1.080000000000000071e+00 2.425418518345914709e+00
1.100000000000000089e+00 2.412176103418104400e+00
1.120000000000000107e+00 2.398935955609118764e+00
1.140000000000000124e+00 2.385700724174272480e+00
1.159999999999999920e+00 2.372472982307524791e+00
1.179999999999999938e+00 2.359255244017343323e+00
1.199999999999999956e+00 2.346049947587757867e+00
1.219999999999999973e+00 2.332859472845453475e+00
1.239999999999999991e+00 2.319686124486539658e+00
1.260000000000000009e+00 2.306532149714904278e+00
1.280000000000000027e+00 2.293399721431241822e+00
1.300000000000000044e+00 2.280290956222677412e+00
1.320000000000000062e+00 2.267207897408667350e+00
1.340000000000000080e+00 2.254152533362157929e+00
1.360000000000000098e+00 2.241126780409556929e+00
1.380000000000000115e+00 2.228132501463905957e+00
1.400000000000000133e+00 2.215171488774637432e+00
1.419999999999999929e+00 2.202245482853650405e+00
1.439999999999999947e+00 2.189356155073040267e+00
1.459999999999999964e+00 2.176505126865319717e+00
1.479999999999999982e+00 2.163693952166197754e+00
1.500000000000000000e+00 2.150924136870709269e+00
1.520000000000000018e+00 2.138197121120440247e+00
1.540000000000000036e+00 2.125514298997781548e+00
1.560000000000000053e+00 2.112877000656149473e+00
1.580000000000000071e+00 2.100286512235191250e+00
1.600000000000000089e+00 2.087744057834698630e+00
1.620000000000000107e+00 2.075250819634088195e+00
1.640000000000000124e+00 2.062807919710082594e+00
1.660000000000000142e+00 2.050416440344401181e+00
1.679999999999999938e+00 2.038077405687265031e+00
1.699999999999999956e+00 2.025791802237761008e+00
1.719999999999999973e+00 2.013560560354753282e+00
1.739999999999999991e+00 2.001384574894950141e+00
1.760000000000000009e+00 1.989264686574637730e+00
1.780000000000000027e+00 1.977201702751011814e+00
1.800000000000000044e+00 1.965196378637729113e+00
1.820000000000000062e+00 1.953249438215618916e+00
1.840000000000000080e+00 1.941361555306735820e+00
1.860000000000000098e+00 1.929533374601037021e+00
1.880000000000000115e+00 1.917765492593241916e+00
1.900000000000000133e+00 1.906058478712601589e+00
1.919999999999999929e+00 1.894412856128369738e+00
1.939999999999999947e+00 1.882829122970219649e+00
1.959999999999999964e+00 1.871307733007809171e+00
1.979999999999999982e+00 1.859849116949833681e+00
2.000000000000000000e+00 1.848453663004533398e+00
2.020000000000000018e+00 1.837121738245766300e+00
2.040000000000000036e+00 1.825853669060968798e+00
2.060000000000000053e+00 1.814649762573013803e+00
2.080000000000000071e+00 1.803510286983343036e+00
2.100000000000000089e+00 1.792435493038722516e+00
2.120000000000000107e+00 1.781425594276938806e+00
2.140000000000000124e+00 1.770480788527870608e+00
2.160000000000000142e+00 1.759601238070214624e+00
2.180000000000000160e+00 1.748787091156577933e+00
2.200000000000000178e+00 1.738038462089366742e+00
2.220000000000000195e+00 1.727355452759861576e+00
2.240000000000000213e+00 1.716738132652348092e+00
2.260000000000000231e+00 1.706186560387381812e+00
2.280000000000000249e+00 1.695700763662870258e+00
2.300000000000000266e+00 1.685280760791951771e+00
2.319999999999999840e+00 1.674926540590582880e+00
2.339999999999999858e+00 1.664638083900619403e+00
2.359999999999999876e+00 1.654415343433135455e+00
2.379999999999999893e+00 1.644258265267446673e+00
2.399999999999999911e+00 1.634166768660089142e+00
2.419999999999999929e+00 1.624140767510702021e+00
2.439999999999999947e+00 1.614180150146235615e+00
2.459999999999999964e+00 1.604284800744709250e+00
2.479999999999999982e+00 1.594454579104866099e+00
2.500000000000000000e+00 1.584689342018939628e+00
2.520000000000000018e+00 1.574988923037593747e+00
2.540000000000000036e+00 1.565353153782929496e+00
2.560000000000000053e+00 1.555781843719114876e+00
2.580000000000000071e+00 1.546274801396925858e+00
2.600000000000000089e+00 1.536831814240092964e+00
2.620000000000000107e+00 1.527452669712771050e+00
2.640000000000000124e+00 1.518137135132104909e+00
2.660000000000000142e+00 1.508884978750050232e+00
2.680000000000000160e+00 1.499695949602325440e+00
2.700000000000000178e+00 1.490569798496038212e+00
2.720000000000000195e+00 1.481506257905614632e+00
2.740000000000000213e+00 1.472505062857734082e+00
2.760000000000000231e+00 1.463565930884440203e+00
2.780000000000000249e+00 1.454688582796939356e+00
2.800000000000000266e+00 1.445872722706472269e+00
2.819999999999999840e+00 1.437118058678531263e+00
2.839999999999999858e+00 1.428424282831725955e+00
2.859999999999999876e+00 1.419791091863997767e+00
2.879999999999999893e+00 1.411218167240035681e+00
2.899999999999999911e+00 1.402705195581081865e+00
2.919999999999999929e+00 1.394251848951104433e+00
2.939999999999999947e+00 1.385857805101784912e+00
2.959999999999999964e+00 1.377522727867947605e+00
2.979999999999999982e+00 1.369246287259344941e+00
3.000000000000000000e+00 1.361028139975485551e+00
3.020000000000000018e+00 1.352867949335843090e+00
3.040000000000000036e+00 1.344765365924475375e+00
3.060000000000000053e+00 1.336720047350275609e+00
3.080000000000000071e+00 1.328731639031474510e+00
3.100000000000000089e+00 1.320799793777527764e+00
3.120000000000000107e+00 1.312924152723811799e+00
3.140000000000000124e+00 1.305104364726784816e+00
3.160000000000000142e+00 1.297340067458834234e+00
3.180000000000000160e+00 1.289630906608330907e+00
3.200000000000000178e+00 1.281976517144822525e+00
3.220000000000000195e+00 1.274376542315616145e+00
3.240000000000000213e+00 1.266830615091154355e+00
3.260000000000000231e+00 1.259338376949758143e+00
3.280000000000000249e+00 1.251899459513268198e+00
3.300000000000000266e+00 1.244513503111560615e+00
3.320000000000000284e+00 1.237180138618176439e+00
3.339999999999999858e+00 1.229899005786267763e+00
3.359999999999999876e+00 1.222669735294138693e+00
3.379999999999999893e+00 1.215491966844243876e+00
3.399999999999999911e+00 1.208365331428264966e+00
3.419999999999999929e+00 1.201289469180799596e+00
3.439999999999999947e+00 1.194264011873756637e+00
3.459999999999999964e+00 1.187288600516393178e+00
3.479999999999999982e+00 1.180362868088508321e+00
3.500000000000000000e+00 1.173486456878477302e+00
3.520000000000000018e+00 1.166659001464889434e+00
3.540000000000000036e+00 1.159880145784264904e+00
3.560000000000000053e+00 1.153149526370468525e+00
3.580000000000000071e+00 1.146466789143778309e+00
3.600000000000000089e+00 1.139831572917598290e+00
3.620000000000000107e+00 1.133243525900570203e+00
3.640000000000000124e+00 1.126702289479777130e+00
3.660000000000000142e+00 1.120207514427628448e+00
3.680000000000000160e+00 1.113758844970906159e+00
3.700000000000000178e+00 1.107355934694129074e+00
3.720000000000000195e+00 1.100998430903545877e+00
3.740000000000000213e+00 1.094685990218717375e+00
3.760000000000000231e+00 1.088418263240652495e+00
3.780000000000000249e+00 1.082194909823384510e+00
3.800000000000000266e+00 1.076015584055196372e+00
3.820000000000000284e+00 1.069879949201963720e+00
3.839999999999999858e+00 1.063787663010557827e+00
3.859999999999999876e+00 1.057738392315753506e+00
3.879999999999999893e+00 1.051731798674617524e+00
3.899999999999999911e+00 1.045767552628811048e+00
3.919999999999999929e+00 1.039845319678910585e+00
3.939999999999999947e+00 1.033964774193954606e+00
3.959999999999999964e+00 1.028125585734380509e+00
3.979999999999999982e+00 1.022327432600673713e+00
4.000000000000000000e+00 1.016569988513761791e+00
4.020000000000000462e+00 1.010852935794660290e+00
4.040000000000000036e+00 1.005175952410856333e+00
4.060000000000000497e+00 9.995387247788969365e-01
4.080000000000000071e+00 9.939409351854610053e-01
4.099999999999999645e+00 9.883822742048343768e-01
4.120000000000000107e+00 9.828624285031007934e-01
4.139999999999999680e+00 9.773810928624684369e-01
4.160000000000000142e+00 9.719379583771893261e-01
4.179999999999999716e+00 9.665327240767330741e-01
4.200000000000000178e+00 9.611650855217238609e-01
4.219999999999999751e+00 9.558347460180264266e-01
4.240000000000000213e+00 9.505414056211556328e-01
4.259999999999999787e+00 9.452847719333312693e-01
4.280000000000000249e+00 9.400645495245715244e-01
4.299999999999999822e+00 9.348804503047970504e-01
4.320000000000000284e+00 9.297321833699723204e-01
4.339999999999999858e+00 9.246194649413745914e-01
4.360000000000000320e+00 9.195420086448824470e-01
4.379999999999999893e+00 9.144995350095714848e-01
4.400000000000000355e+00 9.094917621883715775e-01
4.419999999999999929e+00 9.045184150081795327e-01
4.440000000000000391e+00 8.995792161398891151e-01
4.459999999999999964e+00 8.946738946922204727e-01
4.480000000000000426e+00 8.898021778392849468e-01
4.500000000000000000e+00 8.849637989503458257e-01
4.520000000000000462e+00 8.801584896828256177e-01
4.540000000000000036e+00 8.753859876402796392e-01
4.560000000000000497e+00 8.706460289388857632e-01
4.580000000000000071e+00 8.659383553859191229e-01
4.600000000000000533e+00 8.612627075275446353e-01
4.620000000000000107e+00 8.566188313401107424e-01
4.639999999999999680e+00 8.520064717672174437e-01
4.660000000000000142e+00 8.474253789161703132e-01
4.679999999999999716e+00 8.428753020920471961e-01
4.700000000000000178e+00 8.383559954916945944e-01
4.719999999999999751e+00 8.338672127426790537e-01
4.740000000000000213e+00 8.294087120872197794e-01
4.759999999999999787e+00 8.249802514336820325e-01
4.780000000000000249e+00 8.205815930228561594e-01
4.799999999999999822e+00 8.162124989998175151e-01
4.820000000000000284e+00 8.118727355550072744e-01
4.839999999999999858e+00 8.075620690240203903e-01
4.860000000000000320e+00 8.032802694959613188e-01
4.879999999999999893e+00 7.990271074489162517e-01
4.900000000000000355e+00 7.948023568180662135e-01
4.919999999999999929e+00 7.906057921743671058e-01
4.940000000000000391e+00 7.864371912449243940e-01
4.959999999999999964e+00 7.822963326425734776e-01
4.980000000000000426e+00 7.781829978310360607e-01
5.000000000000000000e+00 7.740969694128754242e-01
5.020000000000000462e+00 7.700380325319841068e-01
5.040000000000000036e+00 7.660059737275327629e-01
5.060000000000000497e+00 7.620005817663605407e-01
5.080000000000000071e+00 7.580216470703415865e-01
5.100000000000000533e+00 7.540689619712440672e-01
5.120000000000000107e+00 7.501423207191079134e-01
5.139999999999999680e+00 7.462415191521621916e-01
5.160000000000000142e+00 7.423663552936041743e-01
5.179999999999999716e+00 7.385166284291589944e-01
5.200000000000000178e+00 7.346921402998237705e-01
5.219999999999999751e+00 7.308926935796796753e-01
5.240000000000000213e+00 7.271180936719543464e-01
5.259999999999999787e+00 7.233681465796956145e-01
5.280000000000000249e+00 7.196426613126812866e-01
5.299999999999999822e+00 7.159414471435893157e-01
5.320000000000000284e+00 7.122643166330724362e-01
5.339999999999999858e+00 7.086110822640593332e-01
5.360000000000000320e+00 7.049815600925023462e-01
5.379999999999999893e+00 7.013755657524299858e-01
5.400000000000000355e+00 6.977929187397023947e-01
5.419999999999999929e+00 6.942334377804350032e-01
5.440000000000000391e+00 6.906969457552616376e-01
5.459999999999999964e+00 6.871832644237552135e-01
5.480000000000000426e+00 6.836922199965229652e-01
5.500000000000000000e+00 6.802236372082447469e-01
5.520000000000000462e+00 6.767773455450920572e-01
5.540000000000000036e+00 6.733531726590082922e-01
5.560000000000000497e+00 6.699509512577785930e-01
5.580000000000000071e+00 6.665705118531553008e-01
5.600000000000000533e+00 6.632116903210866221e-01
5.620000000000000107e+00 6.598743199762885370e-01
5.639999999999999680e+00 6.565582398099776285e-01
5.660000000000000142e+00 6.532632858834688250e-01
5.679999999999999716e+00 6.499893002509373741e-01
5.700000000000000178e+00 6.467361216646194677e-01
5.719999999999999751e+00 6.435035951899742424e-01
5.740000000000000213e+00 6.402915622150319175e-01
5.759999999999999787e+00 6.370998707655149973e-01
5.780000000000000249e+00 6.339283648108701152e-01
5.799999999999999822e+00 6.307768952867529588e-01
5.820000000000000284e+00 6.276453086902592515e-01
5.839999999999999858e+00 6.245334588173523382e-01
5.860000000000000320e+00 6.214411946397957465e-01
5.879999999999999893e+00 6.183683727649819106e-01
5.900000000000000355e+00 6.153148445870068040e-01
5.919999999999999929e+00 6.122804694765535682e-01
5.940000000000000391e+00 6.092651011985468212e-01
5.959999999999999964e+00 6.062686018395901932e-01
5.980000000000000426e+00 6.032908274845989460e-01
6.000000000000000000e+00 6.003316428895089096e-01
6.020000000000000462e+00 5.973909064092414178e-01
6.040000000000000036e+00 5.944684854232574756e-01
6.060000000000000497e+00 5.915642405071862564e-01
6.080000000000000071e+00 5.886780416190079412e-01
6.100000000000000533e+00 5.858097515066256200e-01
6.120000000000000107e+00 5.829592426623296797e-01
6.140000000000000568e+00 5.801263799585598679e-01
6.160000000000000142e+00 5.773110383785118316e-01
6.179999999999999716e+00 5.745130848722919126e-01
6.200000000000000178e+00 5.717323968714117521e-01
6.219999999999999751e+00 5.689688433574641158e-01
6.240000000000000213e+00 5.662223041684872893e-01
6.259999999999999787e+00 5.634926502722608088e-01
6.280000000000000249e+00 5.607797638723692746e-01
6.299999999999999822e+00 5.580835178781606842e-01
6.320000000000000284e+00 5.554037968185906449e-01
6.339999999999999858e+00 5.527404755008248349e-01
6.360000000000000320e+00 5.500934407398163639e-01
6.379999999999999893e+00 5.474625691974733810e-01
6.400000000000000355e+00 5.448477499361739085e-01
6.419999999999999929e+00 5.422488614303486720e-01
6.440000000000000391e+00 5.396657949520132780e-01
6.459999999999999964e+00 5.370984307465690444e-01
6.480000000000000426e+00 5.345466622586777516e-01
6.500000000000000000e+00 5.320103714639923265e-01
6.520000000000000462e+00 5.294894539436020287e-01
6.540000000000000036e+00 5.269837933633441107e-01
6.560000000000000497e+00 5.244932874052939953e-01
6.580000000000000071e+00 5.220178213862252115e-01
6.600000000000000533e+00 5.195572950545254143e-01
6.620000000000000107e+00 5.171115953392880771e-01
6.640000000000000568e+00 5.146806240212906669e-01
6.660000000000000142e+00 5.122642696041277421e-01
6.679999999999999716e+00 5.098624358677947832e-01
6.700000000000000178e+00 5.074750128531816395e-01
6.719999999999999751e+00 5.051019063070677495e-01
6.740000000000000213e+00 5.027430077712131684e-01
6.759999999999999787e+00 5.003982249274750993e-01
6.780000000000000249e+00 4.980674507826396424e-01
6.799999999999999822e+00 4.957505949226601594e-01
6.820000000000000284e+00 4.934475517842618064e-01
6.839999999999999858e+00 4.911582328272238729e-01
6.860000000000000320e+00 4.888825338836826351e-01
6.879999999999999893e+00 4.866203682576648037e-01
6.900000000000000355e+00 4.843716331429376298e-01
6.919999999999999929e+00 4.821362436588894629e-01
6.940000000000000391e+00 4.799140983276604100e-01
6.959999999999999964e+00 4.777051140557909692e-01
6.980000000000000426e+00 4.755091906612560204e-01
7.000000000000000000e+00 4.733262468102152343e-01
7.020000000000000462e+00 4.711561835844407797e-01
7.040000000000000036e+00 4.689989213828278380e-01
7.060000000000000497e+00 4.668543625196082680e-01
7.080000000000000071e+00 4.647224291001774144e-01
7.100000000000000533e+00 4.626030246403630142e-01
7.120000000000000107e+00 4.604960729264649943e-01
7.140000000000000568e+00 4.584014786457141222e-01
7.160000000000000142e+00 4.563191672403443810e-01
7.179999999999999716e+00 4.542490445392474152e-01
7.200000000000000178e+00 4.521910376162341927e-01
7.219999999999999751e+00 4.501450534127633407e-01
7.240000000000000213e+00 4.481110206104748639e-01
7.259999999999999787e+00 4.460888472347251943e-01
7.280000000000000249e+00 4.440784635518246759e-01
7.299999999999999822e+00 4.420797786429783161e-01
7.320000000000000284e+00 4.400927243365965191e-01
7.339999999999999858e+00 4.381172107420914785e-01
7.360000000000000320e+00 4.361531712279766437e-01
7.379999999999999893e+00 4.342005169048199220e-01
7.400000000000000355e+00 4.322591826598077280e-01
7.419999999999999929e+00 4.303290805779899642e-01
7.440000000000000391e+00 4.284101470443464343e-01
7.459999999999999964e+00 4.265022950923134659e-01
7.480000000000000426e+00 4.246054625843312946e-01
7.500000000000000000e+00 4.227195634764769339e-01
7.520000000000000462e+00 4.208445370888473924e-01
7.540000000000000036e+00 4.189802982749747384e-01
7.560000000000000497e+00 4.171267877933433899e-01
7.580000000000000071e+00 4.152839213700629806e-01
7.600000000000000533e+00 4.134516411832444560e-01
7.620000000000000107e+00 4.116298638072492522e-01
7.640000000000000568e+00 4.098185328215678269e-01
7.660000000000000142e+00 4.080175656247762017e-01
7.679999999999999716e+00 4.062269071799894937e-01
7.700000000000000178e+00 4.044464756864759591e-01
7.719999999999999751e+00 4.026762174737153477e-01
7.740000000000000213e+00 4.009160515184213569e-01
7.759999999999999787e+00 3.991659254996572925e-01
7.780000000000000249e+00 3.974257591488299934e-01
7.799999999999999822e+00 3.956955014782738145e-01
7.820000000000000284e+00 3.939750729515913430e-01
7.839999999999999858e+00 3.922644238985409926e-01
7.860000000000000320e+00 3.905634754928911656e-01
7.879999999999999893e+00 3.888721793664390303e-01
7.900000000000000355e+00 3.871904573813200190e-01
7.919999999999999929e+00 3.855182624564288951e-01
7.940000000000000391e+00 3.838555171209233063e-01
7.959999999999999964e+00 3.822021755662956544e-01
7.980000000000000426e+00 3.805581609675937060e-01
8.000000000000000000e+00 3.789234287748364238e-01
8.019999999999999574e+00 3.772979027882588099e-01
8.040000000000000924e+00 3.756815397027712944e-01
8.060000000000000497e+00 3.740742639232800815e-01
8.080000000000000071e+00 3.724760333763638132e-01
8.099999999999999645e+00 3.708867730515054140e-01
8.120000000000000995e+00 3.693064420941379877e-01
8.140000000000000568e+00 3.677349660583996704e-01
8.160000000000000142e+00 3.661723052961691760e-01
8.179999999999999716e+00 3.646183859067032018e-01
8.199999999999999289e+00 3.630731694363272255e-01
8.220000000000000639e+00 3.615365825100313457e-01
8.240000000000000213e+00 3.600085878569755926e-01
8.259999999999999787e+00 3.584891126088820545e-01
8.279999999999999361e+00 3.569781206665177398e-01
8.300000000000000711e+00 3.554755396494669317e-01
8.320000000000000284e+00 3.539813346192537402e-01
8.339999999999999858e+00 3.524954336648162823e-01
8.359999999999999432e+00 3.510178029979705849e-01
8.380000000000000782e+00 3.495483711586054310e-01
8.400000000000000355e+00 3.480871054987286217e-01
8.419999999999999929e+00 3.466339349911335410e-01
8.439999999999999503e+00 3.451888281182782237e-01
8.460000000000000853e+00 3.437517142679072935e-01
8.480000000000000426e+00 3.423225630435480227e-01
8.500000000000000000e+00 3.409013042302732055e-01
8.519999999999999574e+00 3.394879085436603994e-01
8.540000000000000924e+00 3.380823061485527803e-01
8.560000000000000497e+00 3.366844688639051286e-01
8.580000000000000071e+00 3.352943272171093336e-01
8.599999999999999645e+00 3.339118541221613445e-01
8.620000000000000995e+00 3.325369804518231720e-01
8.640000000000000568e+00 3.311696802071424361e-01
8.660000000000000142e+00 3.298098845893881470e-01
8.679999999999999716e+00 3.284575686790091043e-01
8.700000000000001066e+00 3.271126639889448406e-01
8.720000000000000639e+00 3.257751466717214162e-01
8.740000000000000213e+00 3.244449485354149454e-01
8.759999999999999787e+00 3.231220467976367305e-01
8.779999999999999361e+00 3.218063735450812368e-01
8.800000000000000711e+00 3.204979070537709029e-01
8.820000000000000284e+00 3.191965796727861404e-01
8.839999999999999858e+00 3.179023707302166546e-01
8.859999999999999432e+00 3.166152128212916805e-01
8.880000000000000782e+00 3.153350863201336285e-01
8.900000000000000355e+00 3.140619240521616562e-01
8.919999999999999929e+00 3.127957074318143960e-01
8.939999999999999503e+00 3.115363694987186016e-01
8.960000000000000853e+00 3.102838927022254500e-01
8.980000000000000426e+00 3.090382102804523079e-01
9.000000000000000000e+00 3.077993057125635312e-01
9.019999999999999574e+00 3.065671124194151442e-01
9.040000000000000924e+00 3.053416149051921269e-01
9.060000000000000497e+00 3.041227467579875610e-01
9.080000000000000071e+00 3.029104935025188072e-01
9.099999999999999645e+00 3.017047888785651111e-01
9.120000000000000995e+00 3.005056194271826242e-01
9.140000000000000568e+00 2.993129190245233939e-01
9.160000000000000142e+00 2.981266752241027440e-01
9.179999999999999716e+00 2.969468220230546684e-01
9.200000000000001066e+00 2.957733479837603152e-01
9.220000000000000639e+00 2.946061872091958467e-01
9.240000000000000213e+00 2.934453292672999369e-01
9.259999999999999787e+00 2.922907083516544380e-01
9.279999999999999361e+00 2.911423150327521192e-01
9.300000000000000711e+00 2.900000835797654219e-01
9.320000000000000284e+00 2.888640055630289361e-01
9.339999999999999858e+00 2.877340153121886734e-01
9.359999999999999432e+00 2.866101053949959288e-01
9.380000000000000782e+00 2.854922101866665951e-01
9.400000000000000355e+00 2.843803232502264966e-01
9.419999999999999929e+00 2.832743789914444199e-01
9.439999999999999503e+00 2.821743719667771377e-01
9.460000000000000853e+00 2.810802365977170814e-01
9.480000000000000426e+00 2.799919684325870017e-01
9.500000000000000000e+00 2.789095018936549319e-01
9.519999999999999574e+00 2.778328335198315679e-01
9.540000000000000924e+00 2.767618977194037377e-01
9.560000000000000497e+00 2.756966920208712146e-01
9.580000000000000071e+00 2.746371508036285491e-01
9.599999999999999645e+00 2.735832725850628755e-01
9.620000000000000995e+00 2.725349917009465828e-01
