# Electrodo circular de radio 6 mm y espesor 710.0 um.
# Volumen de simulacion (convencion z,y,x):
# N: 1024 x 1024 x 1024 | voxelSize:  0.02mm x 0.02mm x 0.02mm | FOV:  20.48mm x 20.48mm x 20.48mm
# 
# z [mm]		 delta[ppm]
0.000000000000000000e+00 3.188877454423081126e+00
2.000000000000000042e-02 3.179213401121218752e+00
4.000000000000000083e-02 3.169302739013793335e+00
5.999999999999999778e-02 3.159151005862183226e+00
8.000000000000000167e-02 3.148763825523791304e+00
1.000000000000000056e-01 3.138146901382430354e+00
1.199999999999999956e-01 3.127305993116107796e+00
1.400000000000000133e-01 3.116246923599479413e+00
1.600000000000000033e-01 3.104975561493572123e+00
1.799999999999999933e-01 3.093497824221453474e+00
2.000000000000000111e-01 3.081819661827104095e+00
2.200000000000000011e-01 3.069947059696215952e+00
2.399999999999999911e-01 3.057886022258966108e+00
2.600000000000000089e-01 3.045642576253837941e+00
2.800000000000000266e-01 3.033222754281770239e+00
2.999999999999999889e-01 3.020632598695156545e+00
3.200000000000000067e-01 3.007878145003719972e+00
3.400000000000000244e-01 2.994965426450218793e+00
3.599999999999999867e-01 2.981900457301954521e+00
3.800000000000000044e-01 2.968689238149554210e+00
4.000000000000000222e-01 2.955337739116499662e+00
4.199999999999999845e-01 2.941851905912117982e+00
4.400000000000000022e-01 2.928237642983583022e+00
4.600000000000000200e-01 2.914500820345744536e+00
4.799999999999999822e-01 2.900647256704373955e+00
5.000000000000000000e-01 2.886682727079053379e+00
5.200000000000000178e-01 2.872612945913981086e+00
5.400000000000000355e-01 2.858443575504292067e+00
5.600000000000000533e-01 2.844180209114280267e+00
5.799999999999999600e-01 2.829828380211515171e+00
5.999999999999999778e-01 2.815393545600594294e+00
6.199999999999999956e-01 2.800881095464440751e+00
6.400000000000000133e-01 2.786296336524083816e+00
6.600000000000000311e-01 2.771644502881271954e+00
6.800000000000000488e-01 2.756930739204711767e+00
7.000000000000000666e-01 2.742160112363850377e+00
7.199999999999999734e-01 2.727337594643685303e+00
7.399999999999999911e-01 2.712468076155225116e+00
7.600000000000000089e-01 2.697556348072654764e+00
7.800000000000000266e-01 2.682607115802542186e+00
8.000000000000000444e-01 2.667624982238586462e+00
8.200000000000000622e-01 2.652614461668174162e+00
8.399999999999999689e-01 2.637579963033384267e+00
8.599999999999999867e-01 2.622525804550924544e+00
8.800000000000000044e-01 2.607456196969517137e+00
9.000000000000000222e-01 2.592375258876771671e+00
9.200000000000000400e-01 2.577286999938068757e+00
9.400000000000000577e-01 2.562195336862230111e+00
9.599999999999999645e-01 2.547104076608702528e+00
9.799999999999999822e-01 2.532016932982302126e+00
1.000000000000000000e+00 2.516937509791885130e+00
1.020000000000000018e+00 2.501869318043545842e+00
1.040000000000000036e+00 2.486815759035915896e+00
1.060000000000000053e+00 2.471780142120460155e+00
1.080000000000000071e+00 2.456765667716089840e+00
1.100000000000000089e+00 2.441775445604983386e+00
1.120000000000000107e+00 2.426812477851453487e+00
1.140000000000000124e+00 2.411879677601634686e+00
1.159999999999999920e+00 2.396979851890049584e+00
1.179999999999999938e+00 2.382115720911878842e+00
1.199999999999999956e+00 2.367289900703120509e+00
1.219999999999999973e+00 2.352504922854615987e+00
1.239999999999999991e+00 2.337763217050913056e+00
1.260000000000000009e+00 2.323067131196027368e+00
1.280000000000000027e+00 2.308418913798720329e+00
1.300000000000000044e+00 2.293820734480798151e+00
1.320000000000000062e+00 2.279274666196289267e+00
1.340000000000000080e+00 2.264782706094150999e+00
1.360000000000000098e+00 2.250346757561459743e+00
1.380000000000000115e+00 2.235968651413514863e+00
1.400000000000000133e+00 2.221650127751253034e+00
1.419999999999999929e+00 2.207392857452957546e+00
1.439999999999999947e+00 2.193198423838746969e+00
1.459999999999999964e+00 2.179068344439270888e+00
1.479999999999999982e+00 2.165004052460472561e+00
1.500000000000000000e+00 2.151006918805979939e+00
1.520000000000000018e+00 2.137078233337797339e+00
1.540000000000000036e+00 2.123219227130308973e+00
1.560000000000000053e+00 2.109431053523039612e+00
1.580000000000000071e+00 2.095714810585467269e+00
1.600000000000000089e+00 2.082071521960291882e+00
1.620000000000000107e+00 2.068502159519437722e+00
1.640000000000000124e+00 2.055007623996739419e+00
1.660000000000000142e+00 2.041588767816730154e+00
1.679999999999999938e+00 2.028246375517749112e+00
1.699999999999999956e+00 2.014981186736186203e+00
1.719999999999999973e+00 2.001793876421489315e+00
1.739999999999999991e+00 1.988685077959599479e+00
1.760000000000000009e+00 1.975655363183213220e+00
1.780000000000000027e+00 1.962705265619085537e+00
1.800000000000000044e+00 1.949835260297311246e+00
1.820000000000000062e+00 1.937045787108111927e+00
1.840000000000000080e+00 1.924337230415524846e+00
1.860000000000000098e+00 1.911709942510120941e+00
1.880000000000000115e+00 1.899164223032779431e+00
1.900000000000000133e+00 1.886700342510577499e+00
1.919999999999999929e+00 1.874318521597748255e+00
1.939999999999999947e+00 1.862018954682660654e+00
1.959999999999999964e+00 1.849801788953262305e+00
1.979999999999999982e+00 1.837667148063701017e+00
2.000000000000000000e+00 1.825615111032770077e+00
2.020000000000000018e+00 1.813645735959274807e+00
2.040000000000000036e+00 1.801759038762093201e+00
2.060000000000000053e+00 1.789955016933900689e+00
2.080000000000000071e+00 1.778233628132471766e+00
2.100000000000000089e+00 1.766594813962802490e+00
2.120000000000000107e+00 1.755038478429313376e+00
2.140000000000000124e+00 1.743564511736786837e+00
2.160000000000000142e+00 1.732172768613951863e+00
2.180000000000000160e+00 1.720863092123997795e+00
2.200000000000000178e+00 1.709635291869971097e+00
2.220000000000000195e+00 1.698489167805885325e+00
2.240000000000000213e+00 1.687424488335066863e+00
2.260000000000000231e+00 1.676441014113130956e+00
2.280000000000000249e+00 1.665538476050256067e+00
2.300000000000000266e+00 1.654716599097497243e+00
2.319999999999999840e+00 1.643975080164553626e+00
2.339999999999999858e+00 1.633313611881050953e+00
2.359999999999999876e+00 1.622731860441177565e+00
2.379999999999999893e+00 1.612229489331682863e+00
2.399999999999999911e+00 1.601806137115236783e+00
2.419999999999999929e+00 1.591461441116996500e+00
2.439999999999999947e+00 1.581195015158306516e+00
2.459999999999999964e+00 1.571006473193760300e+00
2.479999999999999982e+00 1.560895407007239610e+00
2.500000000000000000e+00 1.550861409791459478e+00
2.520000000000000018e+00 1.540904053818075825e+00
2.540000000000000036e+00 1.531022913951732178e+00
2.560000000000000053e+00 1.521217545306291719e+00
2.580000000000000071e+00 1.511487506685414317e+00
2.600000000000000089e+00 1.501832338236660069e+00
2.620000000000000107e+00 1.492251584810679876e+00
2.640000000000000124e+00 1.482744773625165102e+00
2.660000000000000142e+00 1.473311437534697843e+00
2.680000000000000160e+00 1.463951092716280211e+00
2.700000000000000178e+00 1.454663261841856237e+00
2.720000000000000195e+00 1.445447451797331029e+00
2.740000000000000213e+00 1.436303176749780697e+00
2.760000000000000231e+00 1.427229935911562331e+00
2.780000000000000249e+00 1.418227236494208121e+00
2.800000000000000266e+00 1.409294571529390305e+00
2.819999999999999840e+00 1.400431442701449258e+00
2.839999999999999858e+00 1.391637338236677790e+00
2.859999999999999876e+00 1.382911755606420323e+00
2.879999999999999893e+00 1.374254179496259498e+00
2.899999999999999911e+00 1.365664104371572929e+00
2.919999999999999929e+00 1.357141012537937286e+00
2.939999999999999947e+00 1.348684396560980492e+00
2.959999999999999964e+00 1.340293737429391507e+00
2.979999999999999982e+00 1.331968526820917154e+00
3.000000000000000000e+00 1.323708245379066728e+00
3.020000000000000018e+00 1.315512384817052460e+00
3.040000000000000036e+00 1.307380426319362909e+00
3.060000000000000053e+00 1.299311862475412749e+00
3.080000000000000071e+00 1.291306175816896884e+00
3.100000000000000089e+00 1.283362860572859976e+00
3.120000000000000107e+00 1.275481401353815158e+00
3.140000000000000124e+00 1.267661294719942600e+00
3.160000000000000142e+00 1.259902028022645393e+00
3.180000000000000160e+00 1.252203100777573352e+00
3.200000000000000178e+00 1.244564003674357489e+00
3.220000000000000195e+00 1.236984239746132586e+00
3.240000000000000213e+00 1.229463303557910114e+00
3.260000000000000231e+00 1.222000702164246722e+00
3.280000000000000249e+00 1.214595934486803142e+00
3.300000000000000266e+00 1.207248512051773304e+00
3.320000000000000284e+00 1.199957938566884375e+00
3.339999999999999858e+00 1.192723730430225171e+00
3.359999999999999876e+00 1.185545396516995087e+00
3.379999999999999893e+00 1.178422458451339860e+00
3.399999999999999911e+00 1.171354430612905118e+00
3.419999999999999929e+00 1.164340840163283763e+00
3.439999999999999947e+00 1.157381207282481173e+00
3.459999999999999964e+00 1.150475064941587355e+00
3.479999999999999982e+00 1.143621939378988150e+00
3.500000000000000000e+00 1.136821369610882204e+00
3.520000000000000018e+00 1.130072888157127364e+00
3.540000000000000036e+00 1.123376040281230948e+00
3.560000000000000053e+00 1.116730364975469625e+00
3.580000000000000071e+00 1.110135413921972125e+00
3.600000000000000089e+00 1.103590732746819070e+00
3.620000000000000107e+00 1.097095879693860132e+00
3.640000000000000124e+00 1.090650407157229829e+00
3.660000000000000142e+00 1.084253880059574016e+00
3.680000000000000160e+00 1.077905857672466272e+00
3.700000000000000178e+00 1.071605911690710844e+00
3.720000000000000195e+00 1.065353608349939973e+00
3.740000000000000213e+00 1.059148526188693040e+00
3.760000000000000231e+00 1.052990238472477191e+00
3.780000000000000249e+00 1.046878330635357512e+00
3.800000000000000266e+00 1.040812383019564136e+00
3.820000000000000284e+00 1.034791987988333606e+00
3.839999999999999858e+00 1.028816732990192939e+00
3.859999999999999876e+00 1.022886217334820325e+00
3.879999999999999893e+00 1.017000035590907459e+00
3.899999999999999911e+00 1.011157794016856570e+00
3.919999999999999929e+00 1.005359094301154776e+00
3.939999999999999947e+00 9.996035496397547293e-01
3.959999999999999964e+00 9.938907688276976682e-01
3.979999999999999982e+00 9.882203719750293214e-01
4.000000000000000000e+00 9.825919749584750562e-01
4.020000000000000462e+00 9.770052047677925122e-01
4.040000000000000036e+00 9.714596843260461245e-01
4.060000000000000497e+00 9.659550474583626922e-01
4.080000000000000071e+00 9.604909240894207167e-01
4.099999999999999645e+00 9.550669548265929842e-01
4.120000000000000107e+00 9.496827765430511104e-01
4.139999999999999680e+00 9.443380365673004206e-01
4.160000000000000142e+00 9.390323786604043432e-01
4.179999999999999716e+00 9.337654568039582825e-01
4.200000000000000178e+00 9.285369215796640541e-01
4.219999999999999751e+00 9.233464335478728247e-01
4.240000000000000213e+00 9.181936500378229393e-01
4.259999999999999787e+00 9.130782381088872190e-01
4.280000000000000249e+00 9.079998617595946842e-01
4.299999999999999822e+00 9.029581944637503632e-01
4.320000000000000284e+00 8.979529068064362463e-01
4.339999999999999858e+00 8.929836785872216076e-01
4.360000000000000320e+00 8.880501868911168106e-01
4.379999999999999893e+00 8.831521177511543197e-01
4.400000000000000355e+00 8.782891546623197154e-01
4.419999999999999929e+00 8.734609897958184321e-01
4.440000000000000391e+00 8.686673129638348145e-01
4.459999999999999964e+00 8.639078223778281496e-01
4.480000000000000426e+00 8.591822140720565271e-01
4.500000000000000000e+00 8.544901921982689386e-01
4.520000000000000462e+00 8.498314589157213161e-01
4.540000000000000036e+00 8.452057242147142935e-01
4.560000000000000497e+00 8.406126962808883052e-01
4.580000000000000071e+00 8.360520908400731477e-01
4.600000000000000533e+00 8.315236220044843751e-01
4.620000000000000107e+00 8.270270111313858807e-01
4.639999999999999680e+00 8.225619781588822121e-01
4.660000000000000142e+00 8.181282499709501277e-01
4.679999999999999716e+00 8.137255522303125099e-01
4.700000000000000178e+00 8.093536172424377062e-01
4.719999999999999751e+00 8.050121762930847469e-01
4.740000000000000213e+00 8.007009670038875981e-01
4.759999999999999787e+00 7.964197261819767615e-01
4.780000000000000249e+00 7.921681966598089764e-01
4.799999999999999822e+00 7.879461206643560978e-01
4.820000000000000284e+00 7.837532461338865275e-01
4.839999999999999858e+00 7.795893206140150911e-01
4.860000000000000320e+00 7.754540970441785586e-01
4.879999999999999893e+00 7.713473281879428267e-01
4.900000000000000355e+00 7.672687718819416469e-01
4.919999999999999929e+00 7.632181860076665547e-01
4.940000000000000391e+00 7.591953331956599049e-01
4.959999999999999964e+00 7.551999763461147985e-01
4.980000000000000426e+00 7.512318827811426125e-01
5.000000000000000000e+00 7.472908203213355360e-01
5.020000000000000462e+00 7.433765608789772994e-01
5.040000000000000036e+00 7.394888770977930958e-01
5.060000000000000497e+00 7.356275453800025232e-01
5.080000000000000071e+00 7.317923430963372278e-01
5.100000000000000533e+00 7.279830510398414001e-01
5.120000000000000107e+00 7.241994512133417272e-01
5.139999999999999680e+00 7.204413287029334256e-01
5.160000000000000142e+00 7.167084700499222194e-01
5.179999999999999716e+00 7.130006645369515450e-01
5.200000000000000178e+00 7.093177031515454090e-01
5.219999999999999751e+00 7.056593792778593777e-01
5.240000000000000213e+00 7.020254882587896317e-01
5.259999999999999787e+00 6.984158274863433435e-01
5.280000000000000249e+00 6.948301965693982618e-01
5.299999999999999822e+00 6.912683968157126158e-01
5.320000000000000284e+00 6.877302320122489210e-01
5.339999999999999858e+00 6.842155072918759684e-01
5.360000000000000320e+00 6.807240305332804553e-01
5.379999999999999893e+00 6.772556106054007374e-01
5.400000000000000355e+00 6.738100593938464167e-01
5.419999999999999929e+00 6.703871894161032019e-01
5.440000000000000391e+00 6.669868164814695133e-01
5.459999999999999964e+00 6.636087566701012186e-01
5.480000000000000426e+00 6.602528296333457503e-01
5.500000000000000000e+00 6.569188549296939295e-01
5.520000000000000462e+00 6.536066559724957870e-01
5.540000000000000036e+00 6.503160557159036737e-01
5.560000000000000497e+00 6.470468812568354045e-01
5.580000000000000071e+00 6.437989588639778660e-01
5.600000000000000533e+00 6.405721192409842280e-01
5.620000000000000107e+00 6.373661918916130320e-01
5.639999999999999680e+00 6.341810110510286425e-01
5.660000000000000142e+00 6.310164093801439167e-01
5.679999999999999716e+00 6.278722245720020911e-01
5.700000000000000178e+00 6.247482923684010148e-01
5.719999999999999751e+00 6.216444538482308602e-01
5.740000000000000213e+00 6.185605477594299240e-01
5.759999999999999787e+00 6.154964184962777862e-01
5.780000000000000249e+00 6.124519077397360123e-01
5.799999999999999822e+00 6.094268631305872486e-01
5.820000000000000284e+00 6.064211292112019480e-01
5.839999999999999858e+00 6.034345568015296868e-01
5.860000000000000320e+00 6.004669932353171591e-01
5.879999999999999893e+00 5.975182924458918299e-01
5.900000000000000355e+00 5.945883044898162550e-01
5.919999999999999929e+00 5.916768863495170949e-01
5.940000000000000391e+00 5.887838907373633690e-01
5.959999999999999964e+00 5.859091776221062586e-01
5.980000000000000426e+00 5.830526023063340446e-01
6.000000000000000000e+00 5.802140276838285704e-01
6.020000000000000462e+00 5.773933115833228547e-01
6.040000000000000036e+00 5.745903197637906024e-01
6.060000000000000497e+00 5.718049125174071712e-01
6.080000000000000071e+00 5.690369584099405076e-01
6.100000000000000533e+00 5.662863201357745124e-01
6.120000000000000107e+00 5.635528690104805172e-01
6.140000000000000568e+00 5.608364700707424433e-01
6.160000000000000142e+00 5.581369973263362594e-01
6.179999999999999716e+00 5.554543180977501438e-01
6.200000000000000178e+00 5.527883090347370798e-01
6.219999999999999751e+00 5.501388396843630568e-01
6.240000000000000213e+00 5.475057892834650497e-01
6.259999999999999787e+00 5.448890295498363123e-01
6.280000000000000249e+00 5.422884422558204021e-01
6.299999999999999822e+00 5.397039012352989884e-01
6.320000000000000284e+00 5.371352907458403214e-01
6.339999999999999858e+00 5.345824866840894751e-01
6.360000000000000320e+00 5.320453757438208253e-01
6.379999999999999893e+00 5.295238358322853500e-01
6.400000000000000355e+00 5.270177560316876564e-01
6.419999999999999929e+00 5.245270162089858967e-01
6.440000000000000391e+00 5.220515077882521560e-01
6.459999999999999964e+00 5.195911125463662517e-01
6.480000000000000426e+00 5.171457242039023683e-01
6.500000000000000000e+00 5.147152263990804055e-01
6.520000000000000462e+00 5.122995151047711193e-01
6.540000000000000036e+00 5.098984757730132822e-01
6.560000000000000497e+00 5.075120065859139995e-01
6.580000000000000071e+00 5.051399947629635623e-01
6.600000000000000533e+00 5.027823406535629758e-01
6.620000000000000107e+00 5.004389331992938894e-01
6.640000000000000568e+00 4.981096748760007187e-01
6.660000000000000142e+00 4.957944563030932672e-01
6.679999999999999716e+00 4.934931820430761285e-01
6.700000000000000178e+00 4.912057443498869524e-01
6.719999999999999751e+00 4.889320498339533860e-01
6.740000000000000213e+00 4.866719923414901672e-01
6.759999999999999787e+00 4.844254804931280578e-01
6.780000000000000249e+00 4.821924096860117914e-01
6.799999999999999822e+00 4.799726905142625011e-01
6.820000000000000284e+00 4.777662198856028053e-01
6.839999999999999858e+00 4.755729103319088491e-01
6.860000000000000320e+00 4.733926602319887822e-01
6.879999999999999893e+00 4.712253840206813704e-01
6.900000000000000355e+00 4.690709815093512813e-01
6.919999999999999929e+00 4.669293690019470366e-01
6.940000000000000391e+00 4.648004477046550065e-01
6.959999999999999964e+00 4.626841357575862124e-01
6.980000000000000426e+00 4.605803357249322882e-01
7.000000000000000000e+00 4.584889675509171703e-01
7.020000000000000462e+00 4.564099351216707734e-01
7.040000000000000036e+00 4.543431601543428400e-01
7.060000000000000497e+00 4.522885478218112709e-01
7.080000000000000071e+00 4.502460215838120505e-01
7.100000000000000533e+00 4.482154878654873720e-01
7.120000000000000107e+00 4.461968718396538414e-01
7.140000000000000568e+00 4.441900811500597568e-01
7.160000000000000142e+00 4.421950426539050238e-01
7.179999999999999716e+00 4.402116651805554892e-01
7.200000000000000178e+00 4.382398772436850165e-01
7.219999999999999751e+00 4.362795888260715405e-01
7.240000000000000213e+00 4.343307300707319740e-01
7.259999999999999787e+00 4.323932120822789327e-01
7.280000000000000249e+00 4.304669666066882616e-01
7.299999999999999822e+00 4.285519058395717562e-01
7.320000000000000284e+00 4.266479631042222054e-01
7.339999999999999858e+00 4.247550516570087753e-01
7.360000000000000320e+00 4.228731063736176354e-01
7.379999999999999893e+00 4.210020415416322881e-01
7.400000000000000355e+00 4.191417935649142668e-01
7.419999999999999929e+00 4.172922777332692679e-01
7.440000000000000391e+00 4.154534319552003474e-01
7.459999999999999964e+00 4.136251724944156050e-01
7.480000000000000426e+00 4.118074387411979065e-01
7.500000000000000000e+00 4.100001479053504427e-01
7.520000000000000462e+00 4.082032408367252674e-01
7.540000000000000036e+00 4.064166356640550037e-01
7.560000000000000497e+00 4.046402746751989188e-01
7.580000000000000071e+00 4.028740768911145409e-01
7.600000000000000533e+00 4.011179860167248257e-01
7.620000000000000107e+00 3.993719219391285158e-01
7.640000000000000568e+00 3.976358297599889569e-01
7.660000000000000142e+00 3.959096302068944584e-01
7.679999999999999716e+00 3.941932697585155965e-01
7.700000000000000178e+00 3.924866699578537510e-01
7.719999999999999751e+00 3.907897786414458174e-01
7.740000000000000213e+00 3.891025181430375901e-01
7.759999999999999787e+00 3.874248376384622494e-01
7.780000000000000249e+00 3.857566602280869117e-01
7.799999999999999822e+00 3.840979364090247317e-01
7.820000000000000284e+00 3.824485900245229719e-01
7.839999999999999858e+00 3.808085728755086219e-01
7.860000000000000320e+00 3.791778095248760638e-01
7.879999999999999893e+00 3.775562530604396616e-01
7.900000000000000355e+00 3.759438287418587210e-01
7.919999999999999929e+00 3.743404909274296588e-01
7.940000000000000391e+00 3.727461655511805083e-01
7.959999999999999964e+00 3.711608082259981733e-01
7.980000000000000426e+00 3.695843455382095688e-01
8.000000000000000000e+00 3.680167343398970670e-01
8.019999999999999574e+00 3.664579018480720318e-01
8.040000000000000924e+00 3.649078061391199390e-01
8.060000000000000497e+00 3.633663750394144909e-01
8.080000000000000071e+00 3.618335678352271878e-01
8.099999999999999645e+00 3.603093129414130513e-01
8.120000000000000995e+00 3.587935708401815971e-01
8.140000000000000568e+00 3.572862705142623718e-01
8.160000000000000142e+00 3.557873736283171384e-01
8.179999999999999716e+00 3.542968097127409677e-01
8.199999999999999289e+00 3.528145416016259528e-01
8.220000000000000639e+00 3.513404993530723774e-01
8.240000000000000213e+00 3.498746469580214513e-01
8.259999999999999787e+00 3.484169149827055501e-01
8.279999999999999361e+00 3.469672685627678832e-01
8.300000000000000711e+00 3.455256387532278373e-01
8.320000000000000284e+00 3.440919918227075547e-01
8.339999999999999858e+00 3.426662592960278975e-01
8.359999999999999432e+00 3.412484085634979181e-01
8.380000000000000782e+00 3.398383716009505395e-01
8.400000000000000355e+00 3.384361169094985966e-01
8.419999999999999929e+00 3.370415768975470461e-01
8.439999999999999503e+00 3.356547211665294461e-01
8.460000000000000853e+00 3.342754825391641149e-01
8.480000000000000426e+00 3.329038317071223441e-01
8.500000000000000000e+00 3.315397018894951642e-01
8.519999999999999574e+00 3.301830648585083461e-01
8.540000000000000924e+00 3.288338542118355301e-01
8.560000000000000497e+00 3.274920427929564060e-01
8.580000000000000071e+00 3.261575645606556439e-01
8.599999999999999645e+00 3.248303934207382726e-01
8.620000000000000995e+00 3.235104636757536456e-01
8.640000000000000568e+00 3.221977502852827469e-01
8.660000000000000142e+00 3.208921878785891968e-01
8.679999999999999716e+00 3.195937524608517544e-01
8.700000000000001066e+00 3.183023789711012519e-01
8.720000000000000639e+00 3.170180444522943675e-01
8.740000000000000213e+00 3.157406841365612560e-01
8.759999999999999787e+00 3.144702760971760935e-01
8.779999999999999361e+00 3.132067558427938936e-01
8.800000000000000711e+00 3.119501024698916325e-01
8.820000000000000284e+00 3.107002517473311243e-01
8.839999999999999858e+00 3.094571837880359944e-01
8.859999999999999432e+00 3.082208346048265213e-01
8.880000000000000782e+00 3.069911853206518382e-01
8.900000000000000355e+00 3.057681721762891547e-01
8.919999999999999929e+00 3.045517772986329197e-01
8.939999999999999503e+00 3.033419371404654230e-01
8.960000000000000853e+00 3.021386348268862432e-01
8.980000000000000426e+00 3.009418070069580509e-01
9.000000000000000000e+00 2.997514377985710521e-01
9.019999999999999574e+00 2.985674640313830674e-01
9.040000000000000924e+00 2.973898708109890543e-01
9.060000000000000497e+00 2.962185951321661959e-01
9.080000000000000071e+00 2.950536230834541751e-01
9.099999999999999645e+00 2.938948918092958440e-01
9.120000000000000995e+00 2.927423883767319435e-01
9.140000000000000568e+00 2.915960500646100906e-01
9.160000000000000142e+00 2.904558649143614280e-01
9.179999999999999716e+00 2.893217703239712724e-01
9.200000000000001066e+00 2.881937553054564893e-01
9.220000000000000639e+00 2.870717573608758677e-01
9.240000000000000213e+00 2.859557664693324064e-01
9.259999999999999787e+00 2.848457202218664386e-01
9.279999999999999361e+00 2.837416095614893607e-01
9.300000000000000711e+00 2.826433721533037069e-01
9.320000000000000284e+00 2.815509999013599551e-01
9.339999999999999858e+00 2.804644305298685802e-01
9.359999999999999432e+00 2.793836569013573023e-01
9.380000000000000782e+00 2.783086167843479286e-01
9.400000000000000355e+00 2.772393039975821760e-01
9.419999999999999929e+00 2.761756563390547203e-01
9.439999999999999503e+00 2.751176685817715573e-01
9.460000000000000853e+00 2.740652785384907197e-01
9.480000000000000426e+00 2.730184819348303593e-01
9.500000000000000000e+00 2.719772165835492306e-01
9.519999999999999574e+00 2.709414791615292750e-01
9.540000000000000924e+00 2.699112074668993388e-01
9.560000000000000497e+00 2.688863991267496645e-01
9.580000000000000071e+00 2.678669919098617958e-01
9.599999999999999645e+00 2.668529843927927026e-01
9.620000000000000995e+00 2.658443143003756948e-01
