# Electrodo circular de radio 6 mm y espesor 710.0 um.
# Volumen de simulacion (convencion z,y,x):
# N: 1024 x 1024 x 1024 | voxelSize:  0.02mm x 0.02mm x 0.02mm | FOV:  20.48mm x 20.48mm x 20.48mm
# 
# z [mm]		 delta[ppm]
0.000000000000000000e+00 2.396947782798623194e+00
2.000000000000000042e-02 2.394396108521834599e+00
4.000000000000000083e-02 2.391767013299063382e+00
5.999999999999999778e-02 2.389060919300175279e+00
8.000000000000000167e-02 2.386278285390047049e+00
1.000000000000000056e-01 2.383419586627444353e+00
1.199999999999999956e-01 2.380485306894731590e+00
1.400000000000000133e-01 2.377475943284284909e+00
1.600000000000000033e-01 2.374392002089639853e+00
1.799999999999999933e-01 2.371234002351788384e+00
2.000000000000000111e-01 2.368002472037536776e+00
2.200000000000000011e-01 2.364697951654243457e+00
2.399999999999999911e-01 2.361320990048151547e+00
2.600000000000000089e-01 2.357872148309750227e+00
2.800000000000000266e-01 2.354351995333934688e+00
2.999999999999999889e-01 2.350761111963243888e+00
3.200000000000000067e-01 2.347100086283347320e+00
3.400000000000000244e-01 2.343369517991763296e+00
3.599999999999999867e-01 2.339570013485026578e+00
3.800000000000000044e-01 2.335702190432798808e+00
4.000000000000000222e-01 2.331766672644005833e+00
4.199999999999999845e-01 2.327764094840044429e+00
4.400000000000000022e-01 2.323695097328041026e+00
4.600000000000000200e-01 2.319560330963912342e+00
4.799999999999999822e-01 2.315360451625702254e+00
5.000000000000000000e-01 2.311096125362346765e+00
5.200000000000000178e-01 2.306768022684852149e+00
5.400000000000000355e-01 2.302376823894932034e+00
5.600000000000000533e-01 2.297923213190334213e+00
5.799999999999999600e-01 2.293407884169899269e+00
5.999999999999999778e-01 2.288831533765924853e+00
6.199999999999999956e-01 2.284194867921116590e+00
6.400000000000000133e-01 2.279498595346449719e+00
6.600000000000000311e-01 2.274743433366719358e+00
6.800000000000000488e-01 2.269930101514233023e+00
7.000000000000000666e-01 2.265059327538874623e+00
7.199999999999999734e-01 2.260131840837615869e+00
7.399999999999999911e-01 2.255148378625755790e+00
7.600000000000000089e-01 2.250109679211042657e+00
7.800000000000000266e-01 2.245016488322174819e+00
8.000000000000000444e-01 2.239869552228615390e+00
8.200000000000000622e-01 2.234669624222855422e+00
8.399999999999999689e-01 2.229417457593786622e+00
8.599999999999999867e-01 2.224113812258794898e+00
8.800000000000000044e-01 2.218759447592614453e+00
9.000000000000000222e-01 2.213355129205531124e+00
9.200000000000000400e-01 2.207901621635010248e+00
9.400000000000000577e-01 2.202399695265981450e+00
9.599999999999999645e-01 2.196850118887767600e+00
9.799999999999999822e-01 2.191253666752555951e+00
1.000000000000000000e+00 2.185611111004544860e+00
1.020000000000000018e+00 2.179923228872369112e+00
1.040000000000000036e+00 2.174190794973548169e+00
1.060000000000000053e+00 2.168414588636756068e+00
1.080000000000000071e+00 2.162595386088195237e+00
1.100000000000000089e+00 2.156733967899334914e+00
1.120000000000000107e+00 2.150831111058717937e+00
1.140000000000000124e+00 2.144887596540801855e+00
1.159999999999999920e+00 2.138904201269702376e+00
1.179999999999999938e+00 2.132881705804540839e+00
1.199999999999999956e+00 2.126820886198987459e+00
1.219999999999999973e+00 2.120722521798557914e+00
1.239999999999999991e+00 2.114587387002314411e+00
1.260000000000000009e+00 2.108416259167336104e+00
1.280000000000000027e+00 2.102209910276766625e+00
1.300000000000000044e+00 2.095969114946638623e+00
1.320000000000000062e+00 2.089694642006602265e+00
1.340000000000000080e+00 2.083387262604116330e+00
1.360000000000000098e+00 2.077047741702311434e+00
1.380000000000000115e+00 2.070676846276516159e+00
1.400000000000000133e+00 2.064275336735557520e+00
1.419999999999999929e+00 2.057843975205442266e+00
1.439999999999999947e+00 2.051383516878774405e+00
1.459999999999999964e+00 2.044894718380354526e+00
1.479999999999999982e+00 2.038378329051029336e+00
1.500000000000000000e+00 2.031835099389803556e+00
1.520000000000000018e+00 2.025265772277049514e+00
1.540000000000000036e+00 2.018671091487663105e+00
1.560000000000000053e+00 2.012051792859959498e+00
1.580000000000000071e+00 2.005408612874310492e+00
1.600000000000000089e+00 1.998742279772816488e+00
1.620000000000000107e+00 1.992053522197771098e+00
1.640000000000000124e+00 1.985343060268482063e+00
1.660000000000000142e+00 1.978611614273782404e+00
1.679999999999999938e+00 1.971859895711286947e+00
1.699999999999999956e+00 1.965088616028110913e+00
1.719999999999999973e+00 1.958298477628974910e+00
1.739999999999999991e+00 1.951490182659167072e+00
1.760000000000000009e+00 1.944664423986957491e+00
1.780000000000000027e+00 1.937821894022768276e+00
1.800000000000000044e+00 1.930963275682374247e+00
1.820000000000000062e+00 1.924089251236141607e+00
1.840000000000000080e+00 1.917200493258638838e+00
1.860000000000000098e+00 1.910297673501732740e+00
1.880000000000000115e+00 1.903381453837141635e+00
1.900000000000000133e+00 1.896452495147093797e+00
1.919999999999999929e+00 1.889511448265574378e+00
1.939999999999999947e+00 1.882558962880195308e+00
1.959999999999999964e+00 1.875595678478738426e+00
1.979999999999999982e+00 1.868622233255742948e+00
2.000000000000000000e+00 1.861639255070282495e+00
2.020000000000000018e+00 1.854647370350758662e+00
2.040000000000000036e+00 1.847647195070555304e+00
2.060000000000000053e+00 1.840639343644430159e+00
2.080000000000000071e+00 1.833624419928102656e+00
2.100000000000000089e+00 1.826603026099571148e+00
2.120000000000000107e+00 1.819575753689385511e+00
2.140000000000000124e+00 1.812543192440123629e+00
2.160000000000000142e+00 1.805505921373536715e+00
2.180000000000000160e+00 1.798464517621372716e+00
2.200000000000000178e+00 1.791419547536221568e+00
2.220000000000000195e+00 1.784371575486790373e+00
2.240000000000000213e+00 1.777321155018768195e+00
2.260000000000000231e+00 1.770268837607612333e+00
2.280000000000000249e+00 1.763215163876324487e+00
2.300000000000000266e+00 1.756160672298731074e+00
2.319999999999999840e+00 1.749105890480625813e+00
2.339999999999999858e+00 1.742051343806467756e+00
2.359999999999999876e+00 1.734997546790874701e+00
2.379999999999999893e+00 1.727945011661611741e+00
2.399999999999999911e+00 1.720894239787979840e+00
2.419999999999999929e+00 1.713845730192922412e+00
2.439999999999999947e+00 1.706799971065388499e+00
2.459999999999999964e+00 1.699757448194292309e+00
2.479999999999999982e+00 1.692718636571530100e+00
2.500000000000000000e+00 1.685684008740519602e+00
2.520000000000000018e+00 1.678654026497006679e+00
2.540000000000000036e+00 1.671629149144833626e+00
2.560000000000000053e+00 1.664609825301339274e+00
2.580000000000000071e+00 1.657596501052957638e+00
2.600000000000000089e+00 1.650589611872434581e+00
2.620000000000000107e+00 1.643589590666824973e+00
2.640000000000000124e+00 1.636596859813425731e+00
2.660000000000000142e+00 1.629611839092678593e+00
2.680000000000000160e+00 1.622634937850142123e+00
2.700000000000000178e+00 1.615666562806763462e+00
2.720000000000000195e+00 1.608707110353885028e+00
2.740000000000000213e+00 1.601756974233318864e+00
2.760000000000000231e+00 1.594816537972793213e+00
2.780000000000000249e+00 1.587886182428204673e+00
2.800000000000000266e+00 1.580966278366597644e+00
2.819999999999999840e+00 1.574057193862961945e+00
2.839999999999999858e+00 1.567159287038209614e+00
2.859999999999999876e+00 1.560272913302821030e+00
2.879999999999999893e+00 1.553398418257028402e+00
2.899999999999999911e+00 1.546536144773572818e+00
2.919999999999999929e+00 1.539686426067668812e+00
2.939999999999999947e+00 1.532849592611071898e+00
2.959999999999999964e+00 1.526025965379135485e+00
2.979999999999999982e+00 1.519215862588408461e+00
3.000000000000000000e+00 1.512419593128390805e+00
3.020000000000000018e+00 1.505637463114832153e+00
3.040000000000000036e+00 1.498869769513578198e+00
3.060000000000000053e+00 1.492116806501690984e+00
3.080000000000000071e+00 1.485378859291114351e+00
3.100000000000000089e+00 1.478656210289696959e+00
3.120000000000000107e+00 1.471949133132152365e+00
3.140000000000000124e+00 1.465257898633066658e+00
3.160000000000000142e+00 1.458582769032937376e+00
3.180000000000000160e+00 1.451924003735178159e+00
3.200000000000000178e+00 1.445281853774814662e+00
3.220000000000000195e+00 1.438656567331519032e+00
3.240000000000000213e+00 1.432048384428779242e+00
3.260000000000000231e+00 1.425457542214938922e+00
3.280000000000000249e+00 1.418884269900527295e+00
3.300000000000000266e+00 1.412328793799231930e+00
3.320000000000000284e+00 1.405791332511308278e+00
3.339999999999999858e+00 1.399272101716408923e+00
3.359999999999999876e+00 1.392771309610811636e+00
3.379999999999999893e+00 1.386289161443996942e+00
3.399999999999999911e+00 1.379825855217695851e+00
3.419999999999999929e+00 1.373381585958059148e+00
3.439999999999999947e+00 1.366956541684342774e+00
3.459999999999999964e+00 1.360550907408545340e+00
3.479999999999999982e+00 1.354164861381758289e+00
3.500000000000000000e+00 1.347798578813065751e+00
3.520000000000000018e+00 1.341452228401485147e+00
3.540000000000000036e+00 1.335125975765933726e+00
3.560000000000000053e+00 1.328819980270851575e+00
3.580000000000000071e+00 1.322534398158972557e+00
3.600000000000000089e+00 1.316269379678649987e+00
3.620000000000000107e+00 1.310025071911172789e+00
3.640000000000000124e+00 1.303801616207935776e+00
3.660000000000000142e+00 1.297599150704036086e+00
3.680000000000000160e+00 1.291417808073346274e+00
3.700000000000000178e+00 1.285257717720054371e+00
3.720000000000000195e+00 1.279119003859905623e+00
3.740000000000000213e+00 1.273001787381351058e+00
3.760000000000000231e+00 1.266906184261054058e+00
3.780000000000000249e+00 1.260832307086316773e+00
3.800000000000000266e+00 1.254780263813144670e+00
3.820000000000000284e+00 1.248750158941552835e+00
3.839999999999999858e+00 1.242742092624403938e+00
3.859999999999999876e+00 1.236756161487181149e+00
3.879999999999999893e+00 1.230792458095954389e+00
3.899999999999999911e+00 1.224851071413184833e+00
3.919999999999999929e+00 1.218932086633096379e+00
3.939999999999999947e+00 1.213035585265053395e+00
3.959999999999999964e+00 1.207161645344749568e+00
3.979999999999999982e+00 1.201310341136678339e+00
4.000000000000000000e+00 1.195481743729494672e+00
4.020000000000000462e+00 1.189675920349051230e+00
4.040000000000000036e+00 1.183892935346404052e+00
4.060000000000000497e+00 1.178132849112916158e+00
4.080000000000000071e+00 1.172395719469287778e+00
4.099999999999999645e+00 1.166681600174185096e+00
4.120000000000000107e+00 1.160990542722823760e+00
4.139999999999999680e+00 1.155322594440535422e+00
4.160000000000000142e+00 1.149677800699403951e+00
4.179999999999999716e+00 1.144056202588147997e+00
4.200000000000000178e+00 1.138457839555395035e+00
4.219999999999999751e+00 1.132882746647269512e+00
4.240000000000000213e+00 1.127330957585844784e+00
4.259999999999999787e+00 1.121802501565773325e+00
4.280000000000000249e+00 1.116297406776557866e+00
4.299999999999999822e+00 1.110815696749563708e+00
4.320000000000000284e+00 1.105357394332723286e+00
4.339999999999999858e+00 1.099922517579187131e+00
4.360000000000000320e+00 1.094511084183214411e+00
4.379999999999999893e+00 1.089123106901719762e+00
4.400000000000000355e+00 1.083758598459997557e+00
4.419999999999999929e+00 1.078417566497436697e+00
4.440000000000000391e+00 1.073100018951830270e+00
4.459999999999999964e+00 1.067805958520483101e+00
4.480000000000000426e+00 1.062535388531867131e+00
4.500000000000000000e+00 1.057288306913249043e+00
4.520000000000000462e+00 1.052064712558569815e+00
4.540000000000000036e+00 1.046864598793769252e+00
4.560000000000000497e+00 1.041687960249654266e+00
4.580000000000000071e+00 1.036534785816049853e+00
4.600000000000000533e+00 1.031405066028583173e+00
4.620000000000000107e+00 1.026298785502742117e+00
4.639999999999999680e+00 1.021215930843464292e+00
4.660000000000000142e+00 1.016156482550155005e+00
4.679999999999999716e+00 1.011120423458050865e+00
4.700000000000000178e+00 1.006107730105241016e+00
4.719999999999999751e+00 1.001118381714762196e+00
4.740000000000000213e+00 9.961523510145914306e-01
4.759999999999999787e+00 9.912096137695418641e-01
4.780000000000000249e+00 9.862901390451864758e-01
4.799999999999999822e+00 9.813938992985816734e-01
4.820000000000000284e+00 9.765208600770455272e-01
4.839999999999999858e+00 9.716709906768262739e-01
4.860000000000000320e+00 9.668442532676460033e-01
4.879999999999999893e+00 9.620406141283954771e-01
4.900000000000000355e+00 9.572600321883013574e-01
4.919999999999999929e+00 9.525024708488676328e-01
4.940000000000000391e+00 9.477678859324663030e-01
4.959999999999999964e+00 9.430562380997055127e-01
4.980000000000000426e+00 9.383674801962315071e-01
5.000000000000000000e+00 9.337015702748051593e-01
5.020000000000000462e+00 9.290584583310553812e-01
5.040000000000000036e+00 9.244380999395236387e-01
5.060000000000000497e+00 9.198404423690694776e-01
5.080000000000000071e+00 9.152654388422483134e-01
5.100000000000000533e+00 9.107130340210367603e-01
5.120000000000000107e+00 9.061831788988879977e-01
5.139999999999999680e+00 9.016758156473824171e-01
5.160000000000000142e+00 8.971908931504275486e-01
5.179999999999999716e+00 8.927283512024103418e-01
5.200000000000000178e+00 8.882881366939707757e-01
5.219999999999999751e+00 8.838701871521860154e-01
5.240000000000000213e+00 8.794744475874668455e-01
5.259999999999999787e+00 8.751008533662522071e-01
5.280000000000000249e+00 8.707493477285599415e-01
5.299999999999999822e+00 8.664198639836452331e-01
5.320000000000000284e+00 8.621123437078201945e-01
5.339999999999999858e+00 8.578267182534797808e-01
5.360000000000000320e+00 8.535629276368285057e-01
5.379999999999999893e+00 8.493209013505874649e-01
5.400000000000000355e+00 8.451005779513868221e-01
5.419999999999999929e+00 8.409018851664480376e-01
5.440000000000000391e+00 8.367247601903616827e-01
5.459999999999999964e+00 8.325691290759904550e-01
5.480000000000000426e+00 8.284349277504678977e-01
5.500000000000000000e+00 8.243220806805191536e-01
5.520000000000000462e+00 8.202305226175138353e-01
5.540000000000000036e+00 8.161601765273236442e-01
5.560000000000000497e+00 8.121109760744062989e-01
5.580000000000000071e+00 8.080828428062696300e-01
5.600000000000000533e+00 8.040757093865078531e-01
5.620000000000000107e+00 8.000894960239322007e-01
5.639999999999999680e+00 7.961241344646093898e-01
5.660000000000000142e+00 7.921795436556124947e-01
5.679999999999999716e+00 7.882556545061406572e-01
5.700000000000000178e+00 7.843523847757765122e-01
5.719999999999999751e+00 7.804696646148869821e-01
5.740000000000000213e+00 7.766074106672438138e-01
5.759999999999999787e+00 7.727655523998561149e-01
5.780000000000000249e+00 7.689440054097438360e-01
5.799999999999999822e+00 7.651426985535338954e-01
5.820000000000000284e+00 7.613615464481011674e-01
5.839999999999999858e+00 7.576004774102127470e-01
5.860000000000000320e+00 7.538594051406996011e-01
5.879999999999999893e+00 7.501382574846081619e-01
5.900000000000000355e+00 7.464369472884847534e-01
5.919999999999999929e+00 7.427554019914525130e-01
5.940000000000000391e+00 7.390935336451447402e-01
5.959999999999999964e+00 7.354512693462939010e-01
5.980000000000000426e+00 7.318285204087486839e-01
6.000000000000000000e+00 7.282252136481576210e-01
6.020000000000000462e+00 7.246412596954502350e-01
6.040000000000000036e+00 7.210765851443274865e-01
6.060000000000000497e+00 7.175310999955379909e-01
6.080000000000000071e+00 7.140047306778736225e-01
6.100000000000000533e+00 7.104973866124600912e-01
6.120000000000000107e+00 7.070089941181686433e-01
6.140000000000000568e+00 7.035394620850615732e-01
6.160000000000000142e+00 7.000887167750617923e-01
6.179999999999999716e+00 6.966566665936656522e-01
6.200000000000000178e+00 6.932432377968926751e-01
6.219999999999999751e+00 6.898483383502489463e-01
6.240000000000000213e+00 6.864718945529950656e-01
6.259999999999999787e+00 6.831138139732934045e-01
6.280000000000000249e+00 6.797740230009529094e-01
6.299999999999999822e+00 6.764524288476044811e-01
6.320000000000000284e+00 6.731489580391304406e-01
6.339999999999999858e+00 6.698635174696144778e-01
6.360000000000000320e+00 6.665960338447929345e-01
6.379999999999999893e+00 6.633464137784732539e-01
6.400000000000000355e+00 6.601145841983464546e-01
6.419999999999999929e+00 6.569004514734602118e-01
6.440000000000000391e+00 6.537039427939291825e-01
6.459999999999999964e+00 6.505249643179527030e-01
6.480000000000000426e+00 6.473634435369438611e-01
6.500000000000000000e+00 6.442192864305139599e-01
6.520000000000000462e+00 6.410924208287150927e-01
6.540000000000000036e+00 6.379827525633072760e-01
6.560000000000000497e+00 6.348902098388268245e-01
6.580000000000000071e+00 6.318146983683690099e-01
6.600000000000000533e+00 6.287561467653615122e-01
6.620000000000000107e+00 6.257144606519831065e-01
6.640000000000000568e+00 6.226895690835532182e-01
6.660000000000000142e+00 6.196813776176267607e-01
6.679999999999999716e+00 6.166898157830561500e-01
6.700000000000000178e+00 6.137147890977168174e-01
6.719999999999999751e+00 6.107562275943310137e-01
6.740000000000000213e+00 6.078140367746558415e-01
6.759999999999999787e+00 6.048881472043465823e-01
6.780000000000000249e+00 6.019784643913516087e-01
6.799999999999999822e+00 5.990849194620927465e-01
6.820000000000000284e+00 5.962074179517090622e-01
6.839999999999999858e+00 5.933458915740409401e-01
6.860000000000000320e+00 5.905002459112479452e-01
6.879999999999999893e+00 5.876704132900871791e-01
6.900000000000000355e+00 5.848562993583422687e-01
6.919999999999999929e+00 5.820578370800818524e-01
6.940000000000000391e+00 5.792749321862216139e-01
6.959999999999999964e+00 5.765075183014526372e-01
6.980000000000000426e+00 5.737555012561815770e-01
7.000000000000000000e+00 5.710188153580165737e-01
7.020000000000000462e+00 5.682973665521776629e-01
7.040000000000000036e+00 5.655910898504846740e-01
7.060000000000000497e+00 5.628998913272205140e-01
7.080000000000000071e+00 5.602237067187391117e-01
7.100000000000000533e+00 5.575624422416859405e-01
7.120000000000000107e+00 5.549160343763510639e-01
7.140000000000000568e+00 5.522843894940189235e-01
7.160000000000000142e+00 5.496674448374283539e-01
7.179999999999999716e+00 5.470651069438926539e-01
7.200000000000000178e+00 5.444773138362420939e-01
7.219999999999999751e+00 5.419039722282661398e-01
7.240000000000000213e+00 5.393450209397036010e-01
7.259999999999999787e+00 5.368003668704347531e-01
7.280000000000000249e+00 5.342699496531250203e-01
7.299999999999999822e+00 5.317536763824680657e-01
7.320000000000000284e+00 5.292514875193085055e-01
7.339999999999999858e+00 5.267632903611202400e-01
7.360000000000000320e+00 5.242890262114359157e-01
7.379999999999999893e+00 5.218286025776367465e-01
7.400000000000000355e+00 5.193819616197401512e-01
7.419999999999999929e+00 5.169490110614551881e-01
7.440000000000000391e+00 5.145296939324082164e-01
7.459999999999999964e+00 5.121239181782689665e-01
7.480000000000000426e+00 5.097316277107364346e-01
7.500000000000000000e+00 5.073527307024247035e-01
7.520000000000000462e+00 5.049871719589340557e-01
7.540000000000000036e+00 5.026348598840899573e-01
7.560000000000000497e+00 5.002957401886202193e-01
7.580000000000000071e+00 4.979697215111990038e-01
7.600000000000000533e+00 4.956567504783302436e-01
7.620000000000000107e+00 4.933567359665196328e-01
7.640000000000000568e+00 4.910696255281425948e-01
7.660000000000000142e+00 4.887953282799334387e-01
7.679999999999999716e+00 4.865337927097024839e-01
7.700000000000000178e+00 4.842849281761973934e-01
7.719999999999999751e+00 4.820486841117040955e-01
7.740000000000000213e+00 4.798249701182485949e-01
7.759999999999999787e+00 4.776137365811590207e-01
7.780000000000000249e+00 4.754148933464081295e-01
7.799999999999999822e+00 4.732283917604603318e-01
7.820000000000000284e+00 4.710541419134327001e-01
7.839999999999999858e+00 4.688920961205713667e-01
7.860000000000000320e+00 4.667421647157899423e-01
7.879999999999999893e+00 4.646043009903357834e-01
7.900000000000000355e+00 4.624784155211320025e-01
7.919999999999999929e+00 4.603644625822390646e-01
7.940000000000000391e+00 4.582623529922938976e-01
7.959999999999999964e+00 4.561720420145918831e-01
7.980000000000000426e+00 4.540934407077860113e-01
8.000000000000000000e+00 4.520265053304579062e-01
8.019999999999999574e+00 4.499711471791081330e-01
8.040000000000000924e+00 4.479273235132976705e-01
8.060000000000000497e+00 4.458949458648425179e-01
8.080000000000000071e+00 4.438739724996411118e-01
8.099999999999999645e+00 4.418643151818500425e-01
8.120000000000000995e+00 4.398659331887382340e-01
8.140000000000000568e+00 4.378787385134994548e-01
8.160000000000000142e+00 4.359026914495023886e-01
8.179999999999999716e+00 4.339377042152617880e-01
8.199999999999999289e+00 4.319837381246793839e-01
8.220000000000000639e+00 4.300407056175820086e-01
8.240000000000000213e+00 4.281085690325659998e-01
8.259999999999999787e+00 4.261872410263682909e-01
8.279999999999999361e+00 4.242766849661782635e-01
8.300000000000000711e+00 4.223768137209779616e-01
8.320000000000000284e+00 4.204875916902013899e-01
8.339999999999999858e+00 4.186089319500470585e-01
8.359999999999999432e+00 4.167407999356028125e-01
8.380000000000000782e+00 4.148831089250353821e-01
8.400000000000000355e+00 4.130358253922654099e-01
8.419999999999999929e+00 4.111988628118322109e-01
8.439999999999999503e+00 4.093721886994639014e-01
8.460000000000000853e+00 4.075557167202668585e-01
8.480000000000000426e+00 4.057494154345489545e-01
8.500000000000000000e+00 4.039531986918718509e-01
8.519999999999999574e+00 4.021670360997058880e-01
8.540000000000000924e+00 4.003908416857637209e-01
8.560000000000000497e+00 3.986245861070816798e-01
8.580000000000000071e+00 3.968681835629376264e-01
8.599999999999999645e+00 3.951216057621604882e-01
8.620000000000000995e+00 3.933847670688464526e-01
8.640000000000000568e+00 3.916576402456873884e-01
8.660000000000000142e+00 3.899401398145808662e-01
8.679999999999999716e+00 3.882322395940051574e-01
8.700000000000001066e+00 3.865338542564998869e-01
8.720000000000000639e+00 3.848449586781079734e-01
8.740000000000000213e+00 3.831654676746075183e-01
8.759999999999999787e+00 3.814953571812458311e-01
8.779999999999999361e+00 3.798345421495208929e-01
8.800000000000000711e+00 3.781829995754016904e-01
8.820000000000000284e+00 3.765406445383500111e-01
8.839999999999999858e+00 3.749074550964620611e-01
8.859999999999999432e+00 3.732833464493103270e-01
8.880000000000000782e+00 3.716682977184061487e-01
8.900000000000000355e+00 3.700622242153733810e-01
8.919999999999999929e+00 3.684651061263127247e-01
8.939999999999999503e+00 3.668768588667624120e-01
8.960000000000000853e+00 3.652974636885030213e-01
8.980000000000000426e+00 3.637268361026452790e-01
9.000000000000000000e+00 3.621649584276448453e-01
9.019999999999999574e+00 3.606117462617824954e-01
9.040000000000000924e+00 3.590671829911006863e-01
9.060000000000000497e+00 3.575311842924744354e-01
9.080000000000000071e+00 3.560037346203469566e-01
9.099999999999999645e+00 3.544847497215756205e-01
9.120000000000000995e+00 3.529742151197526323e-01
9.140000000000000568e+00 3.514720466229277474e-01
9.160000000000000142e+00 3.499782308245312223e-01
9.179999999999999716e+00 3.484926835849751492e-01
9.200000000000001066e+00 3.470153925681474516e-01
9.220000000000000639e+00 3.455462736778710520e-01
9.240000000000000213e+00 3.440853156490173981e-01
9.259999999999999787e+00 3.426324344198529159e-01
9.279999999999999361e+00 3.411876197967245172e-01
9.300000000000000711e+00 3.397507877432261458e-01
9.320000000000000284e+00 3.383219291376203253e-01
9.339999999999999858e+00 3.369009599597146964e-01
9.359999999999999432e+00 3.354878721600690894e-01
9.380000000000000782e+00 3.340825817254786667e-01
9.400000000000000355e+00 3.326850816791096510e-01
9.419999999999999929e+00 3.312952880055509697e-01
9.439999999999999503e+00 3.299131948008685034e-01
9.460000000000000853e+00 3.285387180380977545e-01
9.480000000000000426e+00 3.271718528864457909e-01
9.500000000000000000e+00 3.258125152981165562e-01
9.519999999999999574e+00 3.244607015156417140e-01
9.540000000000000924e+00 3.231163274610148739e-01
9.560000000000000497e+00 3.217793904502233016e-01
9.580000000000000071e+00 3.204498063657328366e-01
9.599999999999999645e+00 3.191275735970955929e-01
9.620000000000000995e+00 3.178126079778121893e-01
