# Electrodo circular de radio 6 mm y espesor 710.0 um.
# Volumen de simulacion (convencion z,y,x):
# N: 1024 x 1024 x 1024 | voxelSize:  0.02mm x 0.02mm x 0.02mm | FOV:  20.48mm x 20.48mm x 20.48mm
# 
# z [mm]		 delta[ppm]
0.000000000000000000e+00 2.535558543869507186e+00
2.000000000000000042e-02 2.532190602818535918e+00
4.000000000000000083e-02 2.528722793376955824e+00
5.999999999999999778e-02 2.525155976109372702e+00
8.000000000000000167e-02 2.521490977553451973e+00
1.000000000000000056e-01 2.517728638827879006e+00
1.199999999999999956e-01 2.513869821040112917e+00
1.400000000000000133e-01 2.509915405696683699e+00
1.600000000000000033e-01 2.505866290058093249e+00
1.799999999999999933e-01 2.501723391421303067e+00
2.000000000000000111e-01 2.497487641197069230e+00
2.200000000000000011e-01 2.493159989889606631e+00
2.399999999999999911e-01 2.488741401032460665e+00
2.600000000000000089e-01 2.484232856307655446e+00
2.800000000000000266e-01 2.479635349318817017e+00
2.999999999999999889e-01 2.474949890880503656e+00
3.200000000000000067e-01 2.470177502588313700e+00
3.400000000000000244e-01 2.465319222297538193e+00
3.599999999999999867e-01 2.460376097496713044e+00
3.800000000000000044e-01 2.455349190988552976e+00
4.000000000000000222e-01 2.450239574040703694e+00
4.199999999999999845e-01 2.445048332277563574e+00
4.400000000000000022e-01 2.439776558623956149e+00
4.600000000000000200e-01 2.434425359410809619e+00
4.799999999999999822e-01 2.428995847096923288e+00
5.000000000000000000e-01 2.423489146591642385e+00
5.200000000000000178e-01 2.417906387769999554e+00
5.400000000000000355e-01 2.412248712012220686e+00
5.600000000000000533e-01 2.406517264503908127e+00
5.799999999999999600e-01 2.400713200992942831e+00
5.999999999999999778e-01 2.394837679888259352e+00
6.199999999999999956e-01 2.388891869232656617e+00
6.400000000000000133e-01 2.382876938595726468e+00
6.600000000000000311e-01 2.376794066261687544e+00
6.800000000000000488e-01 2.370644430928481317e+00
7.000000000000000666e-01 2.364429219108308722e+00
7.199999999999999734e-01 2.358149616630993428e+00
7.399999999999999911e-01 2.351806816255394228e+00
7.600000000000000089e-01 2.345402008987760301e+00
7.800000000000000266e-01 2.338936391901126122e+00
8.000000000000000444e-01 2.332411159268503731e+00
8.200000000000000622e-01 2.325827510587652025e+00
8.399999999999999689e-01 2.319186641538883986e+00
8.599999999999999867e-01 2.312489752211824179e+00
8.800000000000000044e-01 2.305738037888890535e+00
9.000000000000000222e-01 2.298932697470804420e+00
9.200000000000000400e-01 2.292074924094774868e+00
9.400000000000000577e-01 2.285165913754953593e+00
9.599999999999999645e-01 2.278206855757221927e+00
9.799999999999999822e-01 2.271198941530828908e+00
1.000000000000000000e+00 2.264143354928273233e+00
1.020000000000000018e+00 2.257041281223825191e+00
1.040000000000000036e+00 2.249893897261088238e+00
1.060000000000000053e+00 2.242702380634195247e+00
1.080000000000000071e+00 2.235467899691036209e+00
1.100000000000000089e+00 2.228191622892441437e+00
1.120000000000000107e+00 2.220874708674192455e+00
1.140000000000000124e+00 2.213518314979511459e+00
1.159999999999999920e+00 2.206123588987502160e+00
1.179999999999999938e+00 2.198691676813865126e+00
1.199999999999999956e+00 2.191223713109306193e+00
1.219999999999999973e+00 2.183720830923384870e+00
1.239999999999999991e+00 2.176184151180230231e+00
1.260000000000000009e+00 2.168614792700132465e+00
1.280000000000000027e+00 2.161013861556408955e+00
1.300000000000000044e+00 2.153382461249251367e+00
1.320000000000000062e+00 2.145721681950915283e+00
1.340000000000000080e+00 2.138032610826064772e+00
1.360000000000000098e+00 2.130316321169418714e+00
1.380000000000000115e+00 2.122573882866761075e+00
1.400000000000000133e+00 2.114806351432057863e+00
1.419999999999999929e+00 2.107014778603067739e+00
1.439999999999999947e+00 2.099200201282297673e+00
1.459999999999999964e+00 2.091363652261085893e+00
1.479999999999999982e+00 2.083506149071291169e+00
1.500000000000000000e+00 2.075628704831483429e+00
1.520000000000000018e+00 2.067732317013985632e+00
1.540000000000000036e+00 2.059817978406737637e+00
1.560000000000000053e+00 2.051886665802510112e+00
1.580000000000000071e+00 2.043939351069838928e+00
1.600000000000000089e+00 2.035976989769214818e+00
1.620000000000000107e+00 2.028000532326412753e+00
1.640000000000000124e+00 2.020010912582441698e+00
1.660000000000000142e+00 2.012009059062412675e+00
1.679999999999999938e+00 2.003995883464258831e+00
1.699999999999999956e+00 1.995972292016247485e+00
1.719999999999999973e+00 1.987939173911231538e+00
1.739999999999999991e+00 1.979897412745746266e+00
1.760000000000000009e+00 1.971847874905010345e+00
1.780000000000000027e+00 1.963791421076470423e+00
1.800000000000000044e+00 1.955728894592351219e+00
1.820000000000000062e+00 1.947661133010408774e+00
1.840000000000000080e+00 1.939588956419422638e+00
1.860000000000000098e+00 1.931513179079855647e+00
1.880000000000000115e+00 1.923434597699110737e+00
1.900000000000000133e+00 1.915354003124705162e+00
1.919999999999999929e+00 1.907272168594843498e+00
1.939999999999999947e+00 1.899189861476679564e+00
1.959999999999999964e+00 1.891107831499085234e+00
1.979999999999999982e+00 1.883026822528418576e+00
2.000000000000000000e+00 1.874947560789269607e+00
2.020000000000000018e+00 1.866870766670160497e+00
2.040000000000000036e+00 1.858797142939188962e+00
2.060000000000000053e+00 1.850727386572002198e+00
2.080000000000000071e+00 1.842662176968258958e+00
2.100000000000000089e+00 1.834602187794186268e+00
2.120000000000000107e+00 1.826548075206888999e+00
2.140000000000000124e+00 1.818500489703699596e+00
2.160000000000000142e+00 1.810460064360444932e+00
2.180000000000000160e+00 1.802427426679789280e+00
2.200000000000000178e+00 1.794403186850566989e+00
2.220000000000000195e+00 1.786387949587260104e+00
2.240000000000000213e+00 1.778382302416662286e+00
2.260000000000000231e+00 1.770386827500611604e+00
2.280000000000000249e+00 1.762402089957184392e+00
2.300000000000000266e+00 1.754428649658736905e+00
2.319999999999999840e+00 1.746467049594077059e+00
2.339999999999999858e+00 1.738517827633860868e+00
2.359999999999999876e+00 1.730581504941025583e+00
2.379999999999999893e+00 1.722658597695550409e+00
2.399999999999999911e+00 1.714749605559739543e+00
2.419999999999999929e+00 1.706855023354327816e+00
2.439999999999999947e+00 1.698975329586019489e+00
2.459999999999999964e+00 1.691110998066873927e+00
2.479999999999999982e+00 1.683262486510846090e+00
2.500000000000000000e+00 1.675430248088392915e+00
2.520000000000000018e+00 1.667614720099500625e+00
2.540000000000000036e+00 1.659816335455414738e+00
2.560000000000000053e+00 1.652035511435047788e+00
2.580000000000000071e+00 1.644272661085721454e+00
2.600000000000000089e+00 1.636528182070536630e+00
2.620000000000000107e+00 1.628802467979997726e+00
2.640000000000000124e+00 1.621095897277377684e+00
2.660000000000000142e+00 1.613408844513074314e+00
2.680000000000000160e+00 1.605741669375653435e+00
2.700000000000000178e+00 1.598094727800768000e+00
2.720000000000000195e+00 1.590468361135037645e+00
2.740000000000000213e+00 1.582862907131356245e+00
2.760000000000000231e+00 1.575278689233386320e+00
2.780000000000000249e+00 1.567716027449055360e+00
2.800000000000000266e+00 1.560175227762939487e+00
2.819999999999999840e+00 1.552656592879765762e+00
2.839999999999999858e+00 1.545160411772528830e+00
2.859999999999999876e+00 1.537686970287783783e+00
2.879999999999999893e+00 1.530236540836901415e+00
2.899999999999999911e+00 1.522809392854918453e+00
2.919999999999999929e+00 1.515405782642889054e+00
2.939999999999999947e+00 1.508025963672029679e+00
2.959999999999999964e+00 1.500670176584675275e+00
2.979999999999999982e+00 1.493338659335508023e+00
3.000000000000000000e+00 1.486031637359104263e+00
3.020000000000000018e+00 1.478749333539997046e+00
3.040000000000000036e+00 1.471491958554426382e+00
3.060000000000000053e+00 1.464259720660969988e+00
3.080000000000000071e+00 1.457052816224592817e+00
3.100000000000000089e+00 1.449871439319563970e+00
3.120000000000000107e+00 1.442715772443504463e+00
3.140000000000000124e+00 1.435585995924328007e+00
3.160000000000000142e+00 1.428482278832436503e+00
3.180000000000000160e+00 1.421404788183385115e+00
3.200000000000000178e+00 1.414353680056012807e+00
3.220000000000000195e+00 1.407329108582574984e+00
3.240000000000000213e+00 1.400331217280982754e+00
3.260000000000000231e+00 1.393360147824102446e+00
3.280000000000000249e+00 1.386416031593999953e+00
3.300000000000000266e+00 1.379498998222091100e+00
3.320000000000000284e+00 1.372609167373644246e+00
3.339999999999999858e+00 1.365746657050484369e+00
3.359999999999999876e+00 1.358911575613681810e+00
3.379999999999999893e+00 1.352104029840501598e+00
3.399999999999999911e+00 1.345324117193603009e+00
3.419999999999999929e+00 1.338571933623889931e+00
3.439999999999999947e+00 1.331847566094216617e+00
3.459999999999999964e+00 1.325151100119863257e+00
3.479999999999999982e+00 1.318482612555067712e+00
3.500000000000000000e+00 1.311842178862770547e+00
3.520000000000000018e+00 1.305229866172077369e+00
3.540000000000000036e+00 1.298645740268942417e+00
3.560000000000000053e+00 1.292089858932925495e+00
3.580000000000000071e+00 1.285562278640461242e+00
3.600000000000000089e+00 1.279063048189063689e+00
3.620000000000000107e+00 1.272592215104835223e+00
3.640000000000000124e+00 1.266149819562512935e+00
3.660000000000000142e+00 1.259735900488882843e+00
3.680000000000000160e+00 1.253350489786849264e+00
3.700000000000000178e+00 1.246993618126366110e+00
3.720000000000000195e+00 1.240665309481009171e+00
3.740000000000000213e+00 1.234365586598066722e+00
3.760000000000000231e+00 1.228094465855801953e+00
3.780000000000000249e+00 1.221851962404353564e+00
3.800000000000000266e+00 1.215638085352176434e+00
3.820000000000000284e+00 1.209452842569353592e+00
3.839999999999999858e+00 1.203296236211497838e+00
3.859999999999999876e+00 1.197168267177084466e+00
3.879999999999999893e+00 1.191068930977322138e+00
3.899999999999999911e+00 1.184998221839107302e+00
3.919999999999999929e+00 1.178956128929178782e+00
3.939999999999999947e+00 1.172942640094294164e+00
3.959999999999999964e+00 1.166957738448198389e+00
3.979999999999999982e+00 1.161001405740609060e+00
4.000000000000000000e+00 1.155073619315365896e+00
4.020000000000000462e+00 1.149174355099781497e+00
4.040000000000000036e+00 1.143303584942530371e+00
4.060000000000000497e+00 1.137461279214968313e+00
4.080000000000000071e+00 1.131647404537119206e+00
4.099999999999999645e+00 1.125861925982534206e+00
4.120000000000000107e+00 1.120104805200961451e+00
4.139999999999999680e+00 1.114376002218285588e+00
4.160000000000000142e+00 1.108675473964322977e+00
4.179999999999999716e+00 1.103003175659375223e+00
4.200000000000000178e+00 1.097359059755745436e+00
4.219999999999999751e+00 1.091743076902454312e+00
4.240000000000000213e+00 1.086155175308934906e+00
4.259999999999999787e+00 1.080595301279423381e+00
4.280000000000000249e+00 1.075063399007453180e+00
4.299999999999999822e+00 1.069559410671451660e+00
4.320000000000000284e+00 1.064083276668524869e+00
4.339999999999999858e+00 1.058634935262727117e+00
4.360000000000000320e+00 1.053214323266834507e+00
4.379999999999999893e+00 1.047821375234754493e+00
4.400000000000000355e+00 1.042456024599790920e+00
4.419999999999999929e+00 1.037118202402702138e+00
4.440000000000000391e+00 1.031807838895107521e+00
4.459999999999999964e+00 1.026524861794674504e+00
4.480000000000000426e+00 1.021269198362240171e+00
4.500000000000000000e+00 1.016040773175514333e+00
4.520000000000000462e+00 1.010839510688665177e+00
4.540000000000000036e+00 1.005665332515998545e+00
4.560000000000000497e+00 1.000518160482545715e+00
4.580000000000000071e+00 9.953979134091363035e-01
4.600000000000000533e+00 9.903045106627594851e-01
4.620000000000000107e+00 9.852378684344158533e-01
4.639999999999999680e+00 9.801979037978775233e-01
4.660000000000000142e+00 9.751845304716940666e-01
4.679999999999999716e+00 9.701976633951285844e-01
4.700000000000000178e+00 9.652372139656852923e-01
4.719999999999999751e+00 9.603030951408922933e-01
4.740000000000000213e+00 9.553952161426633172e-01
4.759999999999999787e+00 9.505134880937680109e-01
4.780000000000000249e+00 9.456578181803442229e-01
4.799999999999999822e+00 9.408281158317580717e-01
4.820000000000000284e+00 9.360242863325650697e-01
4.839999999999999858e+00 9.312462375546096682e-01
4.860000000000000320e+00 9.264938730097320718e-01
4.879999999999999893e+00 9.217670991428364990e-01
4.900000000000000355e+00 9.170658178165961294e-01
4.919999999999999929e+00 9.123899341744099445e-01
4.940000000000000391e+00 9.077393485483216118e-01
4.959999999999999964e+00 9.031139649006588721e-01
4.980000000000000426e+00 8.985136821463717283e-01
5.000000000000000000e+00 8.939384031823097709e-01
5.020000000000000462e+00 8.893880256151545094e-01
5.040000000000000036e+00 8.848624513871806707e-01
5.060000000000000497e+00 8.803615769009247582e-01
5.080000000000000071e+00 8.758853032504381186e-01
5.100000000000000533e+00 8.714335257338228224e-01
5.120000000000000107e+00 8.670061446988658327e-01
5.139999999999999680e+00 8.626030544345236750e-01
5.160000000000000142e+00 8.582241546400195542e-01
5.179999999999999716e+00 8.538693386863288604e-01
5.200000000000000178e+00 8.495385057176930710e-01
5.219999999999999751e+00 8.452315482741349362e-01
5.240000000000000213e+00 8.409483650345194183e-01
5.259999999999999787e+00 8.366888477910801036e-01
5.280000000000000249e+00 8.324528948430578446e-01
5.299999999999999822e+00 8.282403973142056230e-01
5.320000000000000284e+00 8.240512532061773365e-01
5.339999999999999858e+00 8.198853530499439213e-01
5.360000000000000320e+00 8.157425946280342233e-01
5.379999999999999893e+00 8.116228679507181409e-01
5.400000000000000355e+00 8.075260706563884838e-01
5.419999999999999929e+00 8.034520923033511286e-01
5.440000000000000391e+00 7.994008304575146440e-01
5.459999999999999964e+00 7.953721742905895953e-01
5.480000000000000426e+00 7.913660213644231334e-01
5.500000000000000000e+00 7.873822605263800511e-01
5.520000000000000462e+00 7.834207893995732697e-01
5.540000000000000036e+00 7.794814965661206463e-01
5.560000000000000497e+00 7.755642797727330118e-01
5.580000000000000071e+00 7.716690273925025378e-01
5.600000000000000533e+00 7.677956373551692026e-01
5.620000000000000107e+00 7.639439978780958596e-01
5.639999999999999680e+00 7.601140071307211921e-01
5.660000000000000142e+00 7.563055532252841440e-01
5.679999999999999716e+00 7.525185346249153584e-01
5.700000000000000178e+00 7.487528393846154540e-01
5.719999999999999751e+00 7.450083663126210176e-01
5.740000000000000213e+00 7.412850034521138998e-01
5.759999999999999787e+00 7.375826500053727086e-01
5.780000000000000249e+00 7.339011940466345640e-01
5.799999999999999822e+00 7.302405352187786303e-01
5.820000000000000284e+00 7.266005616676951551e-01
5.839999999999999858e+00 7.229811735211264523e-01
5.860000000000000320e+00 7.193822590348516455e-01
5.879999999999999893e+00 7.158037188635428816e-01
5.900000000000000355e+00 7.122454414090002572e-01
5.919999999999999929e+00 7.087073278927688014e-01
5.940000000000000391e+00 7.051892668966182054e-01
5.959999999999999964e+00 7.016911602468861586e-01
5.980000000000000426e+00 6.982128967373102402e-01
6.000000000000000000e+00 6.947543788349844762e-01
6.020000000000000462e+00 6.913154955755963504e-01
6.040000000000000036e+00 6.878961501010820712e-01
6.060000000000000497e+00 6.844962317172726962e-01
6.080000000000000071e+00 6.811156442732428928e-01
6.100000000000000533e+00 6.777542773712693647e-01
6.120000000000000107e+00 6.744120355981408910e-01
6.140000000000000568e+00 6.710888088772570814e-01
6.160000000000000142e+00 6.677845025620230412e-01
6.179999999999999716e+00 6.644990069198971616e-01
6.200000000000000178e+00 6.612322280982382283e-01
6.219999999999999751e+00 6.579840567299775067e-01
6.240000000000000213e+00 6.547543997822344863e-01
6.259999999999999787e+00 6.515431482732438884e-01
6.280000000000000249e+00 6.483502100142388702e-01
6.299999999999999822e+00 6.451754764271796505e-01
6.320000000000000284e+00 6.420188561903749092e-01
6.339999999999999858e+00 6.388802411464674647e-01
6.360000000000000320e+00 6.357595408624622246e-01
6.379999999999999893e+00 6.326566476173660636e-01
6.400000000000000355e+00 6.295714718872299498e-01
6.419999999999999929e+00 6.265039064017300374e-01
6.440000000000000391e+00 6.234538625650914989e-01
6.459999999999999964e+00 6.204212335708143566e-01
6.480000000000000426e+00 6.174059317692524029e-01
6.500000000000000000e+00 6.144078508296151320e-01
6.520000000000000462e+00 6.114269040652270393e-01
6.540000000000000036e+00 6.084629856318295449e-01
6.560000000000000497e+00 6.055160098214895648e-01
6.580000000000000071e+00 6.025858712861406064e-01
6.600000000000000533e+00 5.996724853113517550e-01
6.620000000000000107e+00 5.967757470539345466e-01
6.640000000000000568e+00 5.938955728067418782e-01
6.660000000000000142e+00 5.910318582390806652e-01
6.679999999999999716e+00 5.881845206639366719e-01
6.700000000000000178e+00 5.853534562698463617e-01
6.719999999999999751e+00 5.825385834019001230e-01
6.740000000000000213e+00 5.797397987736020442e-01
6.759999999999999787e+00 5.769570217732702400e-01
6.780000000000000249e+00 5.741901496443206909e-01
6.799999999999999822e+00 5.714391028286186502e-01
6.820000000000000284e+00 5.687037791035106649e-01
6.839999999999999858e+00 5.659840999739658152e-01
6.860000000000000320e+00 5.632799637545639060e-01
6.879999999999999893e+00 5.605912930221997881e-01
6.900000000000000355e+00 5.579179866311397840e-01
6.919999999999999929e+00 5.552599682383384527e-01
6.940000000000000391e+00 5.526171372395501935e-01
6.959999999999999964e+00 5.499894183792523039e-01
6.980000000000000426e+00 5.473767115957086649e-01
7.000000000000000000e+00 5.447789427277697216e-01
7.020000000000000462e+00 5.421960122566330531e-01
7.040000000000000036e+00 5.396278471217752504e-01
7.060000000000000497e+00 5.370743483470333812e-01
7.080000000000000071e+00 5.345354439781923039e-01
7.100000000000000533e+00 5.320110355809100078e-01
7.120000000000000107e+00 5.295010523124311641e-01
7.140000000000000568e+00 5.270053962787418778e-01
7.160000000000000142e+00 5.245239977531946929e-01
7.179999999999999716e+00 5.220567593801381800e-01
7.200000000000000178e+00 5.196036125531939831e-01
7.219999999999999751e+00 5.171644604524984201e-01
7.240000000000000213e+00 5.147392355956516008e-01
7.259999999999999787e+00 5.123278416955726611e-01
7.280000000000000249e+00 5.099302123971232170e-01
7.299999999999999822e+00 5.075462519424274177e-01
7.320000000000000284e+00 5.051758951064858616e-01
7.339999999999999858e+00 5.028190466566859751e-01
7.360000000000000320e+00 5.004756425006602338e-01
7.379999999999999893e+00 4.981455879265807019e-01
7.400000000000000355e+00 4.958288199768451365e-01
7.419999999999999929e+00 4.935252444556028073e-01
7.440000000000000391e+00 4.912347995418195890e-01
7.459999999999999964e+00 4.889573915503184764e-01
7.480000000000000426e+00 4.866929597981137223e-01
7.500000000000000000e+00 4.844414111051135730e-01
7.520000000000000462e+00 4.822026859275597155e-01
7.540000000000000036e+00 4.799766915844123072e-01
7.560000000000000497e+00 4.777633696720418599e-01
7.580000000000000071e+00 4.755626280021509333e-01
7.600000000000000533e+00 4.733744093118802398e-01
7.620000000000000107e+00 4.711986218989698272e-01
7.640000000000000568e+00 4.690352096417312322e-01
7.660000000000000142e+00 4.668840813169876647e-01
7.679999999999999716e+00 4.647451819443971233e-01
7.700000000000000178e+00 4.626184207725431707e-01
7.719999999999999751e+00 4.605037439623820283e-01
7.740000000000000213e+00 4.584010612267386264e-01
7.759999999999999787e+00 4.563103198676384253e-01
7.780000000000000249e+00 4.542314300542608096e-01
7.799999999999999822e+00 4.521643402292851444e-01
7.820000000000000284e+00 4.501089610101979277e-01
7.839999999999999858e+00 4.480652419797486186e-01
7.860000000000000320e+00 4.460330941953521422e-01
7.879999999999999893e+00 4.440124683790925841e-01
7.900000000000000355e+00 4.420032760197900035e-01
7.919999999999999929e+00 4.400054689779901440e-01
7.940000000000000391e+00 4.380189591650850978e-01
7.959999999999999964e+00 4.360436995790795134e-01
7.980000000000000426e+00 4.340796025449870088e-01
8.000000000000000000e+00 4.321266221971533650e-01
8.019999999999999574e+00 4.301846712649759485e-01
8.040000000000000924e+00 4.282537050179176519e-01
8.060000000000000497e+00 4.263336365804260564e-01
8.080000000000000071e+00 4.244244223557669393e-01
8.099999999999999645e+00 4.225259758538342791e-01
8.120000000000000995e+00 4.206382546102948594e-01
8.140000000000000568e+00 4.187611725108116856e-01
8.160000000000000142e+00 4.168946882219820016e-01
8.179999999999999716e+00 4.150387159953036753e-01
8.199999999999999289e+00 4.131932156267665301e-01
8.220000000000000639e+00 4.113581017237198934e-01
8.240000000000000213e+00 4.095333352099572721e-01
8.259999999999999787e+00 4.077188310384476932e-01
8.279999999999999361e+00 4.059145512591550986e-01
8.300000000000000711e+00 4.041204111604031479e-01
8.320000000000000284e+00 4.023363739166592179e-01
8.339999999999999858e+00 4.005623551411014449e-01
8.359999999999999432e+00 3.987983191310000564e-01
8.380000000000000782e+00 3.970441818138865653e-01
8.400000000000000355e+00 3.952999086081059321e-01
8.419999999999999929e+00 3.935654157448127410e-01
8.439999999999999503e+00 3.918406697616912404e-01
8.460000000000000853e+00 3.901255871827861155e-01
8.480000000000000426e+00 3.884201356633790181e-01
8.500000000000000000e+00 3.867242320094666508e-01
8.519999999999999574e+00 3.850378449921864621e-01
8.540000000000000924e+00 3.833608916885551388e-01
8.560000000000000497e+00 3.816933419838302588e-01
8.580000000000000071e+00 3.800351132149236144e-01
8.599999999999999645e+00 3.783861763794816868e-01
8.620000000000000995e+00 3.767464490632142504e-01
8.640000000000000568e+00 3.751159033744460025e-01
8.660000000000000142e+00 3.734944571363928434e-01
8.679999999999999716e+00 3.718820835663758650e-01
8.700000000000001066e+00 3.702787007138594322e-01
8.720000000000000639e+00 3.686842829035031910e-01
8.740000000000000213e+00 3.670987483995822864e-01
8.759999999999999787e+00 3.655220726324665548e-01
8.779999999999999361e+00 3.639541740698568617e-01
8.800000000000000711e+00 3.623950292462443934e-01
8.820000000000000284e+00 3.608445568211856025e-01
8.839999999999999858e+00 3.593027344317534788e-01
8.859999999999999432e+00 3.577694809178501578e-01
8.880000000000000782e+00 3.562447750176296335e-01
8.900000000000000355e+00 3.547285357396641747e-01
8.919999999999999929e+00 3.532207429217297245e-01
8.939999999999999503e+00 3.517213157294635240e-01
8.960000000000000853e+00 3.502302350988718560e-01
8.980000000000000426e+00 3.487474203408757467e-01
9.000000000000000000e+00 3.472728534883737783e-01
9.019999999999999574e+00 3.458064539858680675e-01
9.040000000000000924e+00 3.443482049618749596e-01
9.060000000000000497e+00 3.428980259826184263e-01
9.080000000000000071e+00 3.414559012710048913e-01
9.099999999999999645e+00 3.400217505032166465e-01
9.120000000000000995e+00 3.385955589953971723e-01
9.140000000000000568e+00 3.371772465217511838e-01
9.160000000000000142e+00 3.357667994905877418e-01
9.179999999999999716e+00 3.343641377622810773e-01
9.200000000000001066e+00 3.329692488363024117e-01
9.220000000000000639e+00 3.315820526472147423e-01
9.240000000000000213e+00 3.302025377846922738e-01
9.259999999999999787e+00 3.288306242456044970e-01
9.279999999999999361e+00 3.274663017089682326e-01
9.300000000000000711e+00 3.261094902219138780e-01
9.320000000000000284e+00 3.247601805520227702e-01
9.339999999999999858e+00 3.234182927847470967e-01
9.359999999999999432e+00 3.220838187755281079e-01
9.380000000000000782e+00 3.207566786360635525e-01
9.400000000000000355e+00 3.194368653090068899e-01
9.419999999999999929e+00 3.181242989203534322e-01
9.439999999999999503e+00 3.168189734994366069e-01
9.460000000000000853e+00 3.155208091744136634e-01
9.480000000000000426e+00 3.142298010608405856e-01
9.500000000000000000e+00 3.129458692770573092e-01
9.519999999999999574e+00 3.116690100244561834e-01
9.540000000000000924e+00 3.103991433994339744e-01
9.560000000000000497e+00 3.091362666889091448e-01
9.580000000000000071e+00 3.078802999553502673e-01
9.599999999999999645e+00 3.066312415709945283e-01
9.620000000000000995e+00 3.053890115522233661e-01
