# Electrodo circular de radio 6 mm y espesor 710.0 um.
# Volumen de simulacion (convencion z,y,x):
# N: 1024 x 1024 x 1024 | voxelSize:  0.02mm x 0.02mm x 0.02mm | FOV:  20.48mm x 20.48mm x 20.48mm
# 
# z [mm]		 delta[ppm]
0.000000000000000000e+00 4.636607794549342465e+00
2.000000000000000042e-02 4.589491814709785622e+00
4.000000000000000083e-02 4.541762246243346901e+00
5.999999999999999778e-02 4.493487541816751474e+00
8.000000000000000167e-02 4.444735794398164686e+00
1.000000000000000056e-01 4.395574191462923608e+00
1.199999999999999956e-01 4.346068787264340649e+00
1.400000000000000133e-01 4.296284279034320086e+00
1.600000000000000033e-01 4.246283815529023009e+00
1.799999999999999933e-01 4.196128819402052734e+00
2.000000000000000111e-01 4.145878815770529080e+00
2.200000000000000011e-01 4.095591292919955606e+00
2.399999999999999911e-01 4.045321560817232154e+00
2.600000000000000089e-01 3.995122649874164988e+00
2.800000000000000266e-01 3.945045202747165192e+00
2.999999999999999889e-01 3.895137411276434758e+00
3.200000000000000067e-01 3.845444942498397634e+00
3.400000000000000244e-01 3.796010912424570893e+00
3.599999999999999867e-01 3.746875844901273567e+00
3.800000000000000044e-01 3.698077679540280993e+00
4.000000000000000222e-01 3.649651760602505401e+00
4.199999999999999845e-01 3.601630875240870555e+00
4.400000000000000022e-01 3.554045268388178247e+00
4.600000000000000200e-01 3.506922706718684779e+00
4.799999999999999822e-01 3.460288514917329028e+00
5.000000000000000000e-01 3.414165660374887334e+00
5.200000000000000178e-01 3.368574805913883363e+00
5.400000000000000355e-01 3.323534410201272493e+00
5.600000000000000533e-01 3.279060792123036805e+00
5.799999999999999600e-01 3.235168242143638295e+00
5.999999999999999778e-01 3.191869093834492688e+00
6.199999999999999956e-01 3.149173841869078672e+00
6.400000000000000133e-01 3.107091216750468732e+00
6.600000000000000311e-01 3.065628305717275293e+00
6.800000000000000488e-01 3.024790627313640901e+00
7.000000000000000666e-01 2.984582252132814251e+00
7.199999999999999734e-01 2.945005874540905122e+00
7.399999999999999911e-01 2.906062930839414804e+00
7.600000000000000089e-01 2.867753666077282659e+00
7.800000000000000266e-01 2.830077247833971743e+00
8.000000000000000444e-01 2.793031826652635274e+00
8.200000000000000622e-01 2.756614644200201081e+00
8.399999999999999689e-01 2.720822086358879233e+00
8.599999999999999867e-01 2.685649784996896994e+00
8.800000000000000044e-01 2.651092663197278210e+00
9.000000000000000222e-01 2.617145030264633299e+00
9.200000000000000400e-01 2.583800618911245905e+00
9.400000000000000577e-01 2.551052673435607598e+00
9.599999999999999645e-01 2.518893978962909674e+00
9.799999999999999822e-01 2.487316942964769684e+00
1.000000000000000000e+00 2.456313616843737169e+00
1.020000000000000018e+00 2.425875771131693615e+00
1.040000000000000036e+00 2.395994909851682397e+00
1.060000000000000053e+00 2.366662339844093577e+00
1.080000000000000071e+00 2.337869178421416283e+00
1.100000000000000089e+00 2.309606417338084139e+00
1.120000000000000107e+00 2.281864924305920805e+00
1.140000000000000124e+00 2.254635502154308302e+00
1.159999999999999920e+00 2.227908884786237831e+00
1.179999999999999938e+00 2.201675792079910376e+00
1.199999999999999956e+00 2.175926920862906844e+00
1.219999999999999973e+00 2.150652996091080738e+00
1.239999999999999991e+00 2.125844757392175044e+00
1.260000000000000009e+00 2.101493007029612503e+00
1.280000000000000027e+00 2.077588592537177536e+00
1.300000000000000044e+00 2.054122451938328542e+00
1.320000000000000062e+00 2.031085592950882646e+00
1.340000000000000080e+00 2.008469135891121304e+00
1.360000000000000098e+00 1.986264289887640366e+00
1.380000000000000115e+00 1.964462393856079681e+00
1.400000000000000133e+00 1.943054890115148536e+00
1.419999999999999929e+00 1.922033363774700021e+00
1.439999999999999947e+00 1.901389514107022949e+00
1.459999999999999964e+00 1.881115192649270851e+00
1.479999999999999982e+00 1.861202372640319069e+00
1.500000000000000000e+00 1.841643186099524598e+00
1.520000000000000018e+00 1.822429891604050889e+00
1.540000000000000036e+00 1.803554910569722836e+00
1.560000000000000053e+00 1.785010793607231028e+00
1.580000000000000071e+00 1.766790256198078835e+00
1.600000000000000089e+00 1.748886143838931595e+00
1.620000000000000107e+00 1.731291467276126816e+00
1.640000000000000124e+00 1.713999366617781517e+00
1.660000000000000142e+00 1.697003146264210116e+00
1.679999999999999938e+00 1.680296238144570742e+00
1.699999999999999956e+00 1.663872236457386355e+00
1.719999999999999973e+00 1.647724860165290517e+00
1.739999999999999991e+00 1.631847987639685860e+00
1.760000000000000009e+00 1.616235618529912044e+00
1.780000000000000027e+00 1.600881908388498198e+00
1.800000000000000044e+00 1.585781130013272699e+00
1.820000000000000062e+00 1.570927708114540744e+00
1.840000000000000080e+00 1.556316180216037681e+00
1.860000000000000098e+00 1.541941231412319091e+00
1.880000000000000115e+00 1.527797654901004387e+00
1.900000000000000133e+00 1.513880386867592298e+00
1.919999999999999929e+00 1.500184466712449982e+00
1.939999999999999947e+00 1.486705072090754642e+00
1.959999999999999964e+00 1.473437478887676066e+00
1.979999999999999982e+00 1.460377096433137067e+00
2.000000000000000000e+00 1.447519427272411674e+00
2.020000000000000018e+00 1.434860102568628504e+00
2.040000000000000036e+00 1.422394841708561897e+00
2.060000000000000053e+00 1.410119487900130197e+00
2.080000000000000071e+00 1.398029967649001337e+00
2.100000000000000089e+00 1.386122326553564710e+00
2.120000000000000107e+00 1.374392688682483099e+00
2.140000000000000124e+00 1.362837292565693526e+00
2.160000000000000142e+00 1.351452450500336466e+00
2.180000000000000160e+00 1.340234584733054790e+00
2.200000000000000178e+00 1.329180186717685563e+00
2.220000000000000195e+00 1.318285853481446779e+00
2.240000000000000213e+00 1.307548246856156338e+00
2.260000000000000231e+00 1.296964130018703143e+00
2.280000000000000249e+00 1.286530326714498518e+00
2.300000000000000266e+00 1.276243757960874303e+00
2.319999999999999840e+00 1.266101401280622651e+00
2.339999999999999858e+00 1.256100327555522922e+00
2.359999999999999876e+00 1.246237660285528071e+00
2.379999999999999893e+00 1.236510612578493040e+00
2.399999999999999911e+00 1.226916446450236231e+00
2.419999999999999929e+00 1.217452509935667671e+00
2.439999999999999947e+00 1.208116196443164370e+00
2.459999999999999964e+00 1.198904981971638861e+00
2.479999999999999982e+00 1.189816384532685012e+00
2.500000000000000000e+00 1.180848001457624585e+00
2.520000000000000018e+00 1.171997468899478978e+00
2.540000000000000036e+00 1.163262499213691070e+00
2.560000000000000053e+00 1.154640840552216829e+00
2.580000000000000071e+00 1.146130314301390341e+00
2.600000000000000089e+00 1.137728774779282359e+00
2.620000000000000107e+00 1.129434146714071385e+00
2.640000000000000124e+00 1.121244385056187731e+00
2.660000000000000142e+00 1.113157512480500211e+00
2.680000000000000160e+00 1.105171579323830366e+00
2.700000000000000178e+00 1.097284701094268788e+00
2.720000000000000195e+00 1.089495018545114879e+00
2.740000000000000213e+00 1.081800735174738293e+00
2.760000000000000231e+00 1.074200077447142743e+00
2.780000000000000249e+00 1.066691332265913283e+00
2.800000000000000266e+00 1.059272807352141132e+00
2.819999999999999840e+00 1.051942868676145837e+00
2.839999999999999858e+00 1.044699901002734022e+00
2.859999999999999876e+00 1.037542345264596655e+00
2.879999999999999893e+00 1.030468659285409094e+00
2.899999999999999911e+00 1.023477355079008388e+00
2.919999999999999929e+00 1.016566959760162758e+00
2.939999999999999947e+00 1.009736052753846591e+00
2.959999999999999964e+00 1.002983226904035963e+00
2.979999999999999982e+00 9.963071255776911883e-01
3.000000000000000000e+00 9.897064039812507596e-01
3.020000000000000018e+00 9.831797661441723513e-01
3.040000000000000036e+00 9.767259264533482144e-01
3.060000000000000053e+00 9.703436465013131063e-01
3.080000000000000071e+00 9.640316968481714710e-01
3.100000000000000089e+00 9.577888937198414387e-01
3.120000000000000107e+00 9.516140610076045947e-01
3.140000000000000124e+00 9.455060668020455195e-01
3.160000000000000142e+00 9.394637856396824693e-01
3.180000000000000160e+00 9.334861348585489216e-01
3.200000000000000178e+00 9.275720371018681965e-01
3.220000000000000195e+00 9.217204564815002499e-01
3.240000000000000213e+00 9.159303613479927719e-01
3.260000000000000231e+00 9.102007602483861426e-01
3.280000000000000249e+00 9.045306649724776937e-01
3.300000000000000266e+00 8.989191262917595182e-01
3.320000000000000284e+00 8.933651972910725547e-01
3.339999999999999858e+00 8.878679688757392663e-01
3.359999999999999876e+00 8.824265333982824755e-01
3.379999999999999893e+00 8.770400199210611758e-01
3.399999999999999911e+00 8.717075581470895562e-01
3.419999999999999929e+00 8.664283134257680929e-01
3.439999999999999947e+00 8.612014509972990561e-01
3.459999999999999964e+00 8.560261707293767008e-01
3.479999999999999982e+00 8.509016716840287486e-01
3.500000000000000000e+00 8.458271865734090511e-01
3.520000000000000018e+00 8.408019466583569468e-01
3.540000000000000036e+00 8.358252159116800195e-01
3.560000000000000053e+00 8.308962562570738619e-01
3.580000000000000071e+00 8.260143614285343494e-01
3.600000000000000089e+00 8.211788225587292045e-01
3.620000000000000107e+00 8.163889617234461049e-01
3.640000000000000124e+00 8.116440978878215473e-01
3.660000000000000142e+00 8.069435801249973395e-01
3.680000000000000160e+00 8.022867539290462480e-01
3.700000000000000178e+00 7.976729940972271393e-01
3.720000000000000195e+00 7.931016714178156235e-01
3.740000000000000213e+00 7.885721852056027936e-01
3.760000000000000231e+00 7.840839303732171084e-01
3.780000000000000249e+00 7.796363296097607032e-01
3.800000000000000266e+00 7.752288008435680444e-01
3.820000000000000284e+00 7.708607890540929430e-01
3.839999999999999858e+00 7.665317341344599633e-01
3.859999999999999876e+00 7.622411023269538566e-01
3.879999999999999893e+00 7.579883544930350325e-01
3.899999999999999911e+00 7.537729771630279352e-01
3.919999999999999929e+00 7.495944512216738964e-01
3.939999999999999947e+00 7.454522825628316918e-01
3.959999999999999964e+00 7.413459711979853983e-01
3.979999999999999982e+00 7.372750415069657670e-01
4.000000000000000000e+00 7.332390117772463745e-01
4.020000000000000462e+00 7.292374240419361442e-01
4.040000000000000036e+00 7.252698140569759921e-01
4.060000000000000497e+00 7.213357407178749847e-01
4.080000000000000071e+00 7.174347564823557732e-01
4.099999999999999645e+00 7.135664363575046076e-01
4.120000000000000107e+00 7.097303487747076423e-01
4.139999999999999680e+00 7.059260841390792018e-01
4.160000000000000142e+00 7.021532261639905625e-01
4.179999999999999716e+00 6.984113799748447038e-01
4.200000000000000178e+00 6.947001439097432174e-01
4.219999999999999751e+00 6.910191371699054841e-01
4.240000000000000213e+00 6.873679720934678938e-01
4.259999999999999787e+00 6.837462813450073673e-01
4.280000000000000249e+00 6.801536906687704054e-01
4.299999999999999822e+00 6.765898456099566083e-01
4.320000000000000284e+00 6.730543847540961799e-01
4.339999999999999858e+00 6.695469659729429424e-01
4.360000000000000320e+00 6.660672401560132627e-01
4.379999999999999893e+00 6.626148769741281308e-01
4.400000000000000355e+00 6.591895391095387025e-01
4.419999999999999929e+00 6.557909075303370861e-01
4.440000000000000391e+00 6.524186562249071342e-01
4.459999999999999964e+00 6.490724769805874539e-01
4.480000000000000426e+00 6.457520546286389385e-01
4.500000000000000000e+00 6.424570913206960610e-01
4.520000000000000462e+00 6.391872822897201045e-01
4.540000000000000036e+00 6.359423396179848531e-01
4.560000000000000497e+00 6.327219685199129140e-01
4.580000000000000071e+00 6.295258905954876916e-01
4.600000000000000533e+00 6.263538206401798591e-01
4.620000000000000107e+00 6.232054893778298243e-01
4.639999999999999680e+00 6.200806208033318168e-01
4.660000000000000142e+00 6.169789543891984751e-01
4.679999999999999716e+00 6.139002229659278331e-01
4.700000000000000178e+00 6.108441743966269710e-01
4.719999999999999751e+00 6.078105500004703510e-01
4.740000000000000213e+00 6.047991056898921469e-01
4.759999999999999787e+00 6.018095909418329503e-01
4.780000000000000249e+00 5.988417693921451734e-01
4.799999999999999822e+00 5.958953983598102022e-01
4.820000000000000284e+00 5.929702488933704663e-01
4.839999999999999858e+00 5.900660858525420549e-01
4.860000000000000320e+00 5.871826874016181641e-01
4.879999999999999893e+00 5.843198256534278823e-01
4.900000000000000355e+00 5.814772856047839555e-01
4.919999999999999929e+00 5.786548463469972647e-01
4.940000000000000391e+00 5.758522994385740779e-01
4.959999999999999964e+00 5.730694306870178778e-01
4.980000000000000426e+00 5.703060379540921820e-01
5.000000000000000000e+00 5.675619135129162940e-01
5.020000000000000462e+00 5.648368612812536549e-01
5.040000000000000036e+00 5.621306797583952575e-01
5.060000000000000497e+00 5.594431786820645014e-01
5.080000000000000071e+00 5.567741625488730195e-01
5.100000000000000533e+00 5.541234466905157197e-01
5.120000000000000107e+00 5.514908413821288935e-01
5.139999999999999680e+00 5.488761673335744717e-01
5.160000000000000142e+00 5.462792403892854365e-01
5.179999999999999716e+00 5.436998864305467860e-01
5.200000000000000178e+00 5.411379266709587244e-01
5.219999999999999751e+00 5.385931919657300782e-01
5.240000000000000213e+00 5.360655087061627633e-01
5.259999999999999787e+00 5.335547125320546646e-01
5.280000000000000249e+00 5.310606348291758705e-01
5.299999999999999822e+00 5.285831158409940445e-01
5.320000000000000284e+00 5.261219917723584105e-01
5.339999999999999858e+00 5.236771072968547935e-01
5.360000000000000320e+00 5.212483032704902097e-01
5.379999999999999893e+00 5.188354286310677965e-01
5.400000000000000355e+00 5.164383287249512122e-01
5.419999999999999929e+00 5.140568565949116264e-01
5.440000000000000391e+00 5.116908619236369971e-01
5.459999999999999964e+00 5.093402017066032128e-01
5.480000000000000426e+00 5.070047298152482451e-01
5.500000000000000000e+00 5.046843070514942520e-01
5.520000000000000462e+00 5.023787913341047906e-01
5.540000000000000036e+00 5.000880471315681808e-01
5.560000000000000497e+00 4.978119362744213294e-01
5.580000000000000071e+00 4.955503267632581088e-01
5.600000000000000533e+00 4.933030842104302316e-01
5.620000000000000107e+00 4.910700800200091254e-01
5.639999999999999680e+00 4.888511834615407170e-01
5.660000000000000142e+00 4.866462692188499584e-01
5.679999999999999716e+00 4.844552100991411092e-01
5.700000000000000178e+00 4.822778839476091206e-01
5.719999999999999751e+00 4.801141669944488100e-01
5.740000000000000213e+00 4.779639401322653414e-01
5.759999999999999787e+00 4.758270829042084427e-01
5.780000000000000249e+00 4.737034791412388368e-01
5.799999999999999822e+00 4.715930115938557488e-01
5.820000000000000284e+00 4.694955669263237152e-01
5.839999999999999858e+00 4.674110309951100550e-01
5.860000000000000320e+00 4.653392931972270552e-01
5.879999999999999893e+00 4.632802423977800399e-01
5.900000000000000355e+00 4.612337706295888129e-01
5.919999999999999929e+00 4.591997696729174794e-01
5.940000000000000391e+00 4.571781341035993651e-01
5.959999999999999964e+00 4.551687585272736758e-01
5.980000000000000426e+00 4.531715399732498817e-01
6.000000000000000000e+00 4.511863757862834556e-01
6.020000000000000462e+00 4.492131653634510724e-01
6.040000000000000036e+00 4.472518087057374969e-01
6.060000000000000497e+00 4.453022074952148746e-01
6.080000000000000071e+00 4.433642643094361513e-01
6.100000000000000533e+00 4.414378830362335471e-01
6.120000000000000107e+00 4.395229687531525542e-01
6.140000000000000568e+00 4.376194274771983417e-01
6.160000000000000142e+00 4.357271667122840086e-01
6.179999999999999716e+00 4.338460945312732076e-01
6.200000000000000178e+00 4.319761207936519409e-01
6.219999999999999751e+00 4.301171555572070315e-01
6.240000000000000213e+00 4.282691109689056863e-01
6.259999999999999787e+00 4.264318990035643187e-01
6.280000000000000249e+00 4.246054340301299024e-01
6.299999999999999822e+00 4.227896298746927073e-01
6.320000000000000284e+00 4.209844030651618829e-01
6.339999999999999858e+00 4.191896692159680637e-01
6.360000000000000320e+00 4.174053469533372529e-01
6.379999999999999893e+00 4.156313536190308633e-01
6.400000000000000355e+00 4.138676098792299918e-01
6.419999999999999929e+00 4.121140347446413110e-01
6.440000000000000391e+00 4.103705508652151779e-01
6.459999999999999964e+00 4.086370788639453466e-01
6.480000000000000426e+00 4.069135433204657537e-01
6.500000000000000000e+00 4.051998664158424912e-01
6.520000000000000462e+00 4.034959746073099596e-01
6.540000000000000036e+00 4.018017915813332785e-01
6.560000000000000497e+00 4.001172456225924878e-01
6.580000000000000071e+00 3.984422618725677601e-01
6.600000000000000533e+00 3.967767703950764724e-01
6.620000000000000107e+00 3.951206977376044982e-01
6.640000000000000568e+00 3.934739756965701662e-01
6.660000000000000142e+00 3.918365321785921562e-01
6.679999999999999716e+00 3.902083006678534471e-01
6.700000000000000178e+00 3.885892103844615364e-01
6.719999999999999751e+00 3.869791964571613896e-01
6.740000000000000213e+00 3.853781893759132271e-01
6.759999999999999787e+00 3.837861258723878066e-01
6.780000000000000249e+00 3.822029376638383380e-01
6.799999999999999822e+00 3.806285630447376889e-01
6.820000000000000284e+00 3.790629349189620356e-01
6.839999999999999858e+00 3.775059931051107931e-01
6.860000000000000320e+00 3.759576716539621555e-01
6.879999999999999893e+00 3.744179118709483611e-01
6.900000000000000355e+00 3.728866489158228492e-01
6.919999999999999929e+00 3.713638255449016046e-01
6.940000000000000391e+00 3.698493779898013312e-01
6.959999999999999964e+00 3.683432504230542137e-01
6.980000000000000426e+00 3.668453801127235514e-01
7.000000000000000000e+00 3.653557126141327438e-01
7.020000000000000462e+00 3.638741861970847258e-01
7.040000000000000036e+00 3.624007477674534017e-01
7.060000000000000497e+00 3.609353365636804312e-01
7.080000000000000071e+00 3.594779008110932650e-01
7.100000000000000533e+00 3.580283806842797234e-01
7.120000000000000107e+00 3.565867256980309041e-01
7.140000000000000568e+00 3.551528769321076751e-01
7.160000000000000142e+00 3.537267851618327019e-01
7.179999999999999716e+00 3.523083923416856500e-01
7.200000000000000178e+00 3.508976504796089135e-01
7.219999999999999751e+00 3.494945023757914382e-01
7.240000000000000213e+00 3.480989012438731600e-01
7.259999999999999787e+00 3.467107907011737766e-01
7.280000000000000249e+00 3.453301251410478834e-01
7.299999999999999822e+00 3.439568489707460763e-01
7.320000000000000284e+00 3.425909177382737703e-01
7.339999999999999858e+00 3.412322766139656571e-01
7.360000000000000320e+00 3.398808822762944271e-01
7.379999999999999893e+00 3.385366806331447376e-01
7.400000000000000355e+00 3.371996294701251062e-01
7.419999999999999929e+00 3.358696754074084190e-01
7.440000000000000391e+00 3.345467773152239754e-01
7.459999999999999964e+00 3.332308825020410814e-01
7.480000000000000426e+00 3.319219509009856961e-01
7.500000000000000000e+00 3.306199304850310772e-01
7.520000000000000462e+00 3.293247822292352800e-01
7.540000000000000036e+00 3.280364547485055682e-01
7.560000000000000497e+00 3.267549100396123785e-01
7.580000000000000071e+00 3.254800973369457173e-01
7.600000000000000533e+00 3.242119796394715148e-01
7.620000000000000107e+00 3.229505067798019713e-01
7.640000000000000568e+00 3.216956427402781205e-01
7.660000000000000142e+00 3.204473379305326497e-01
7.679999999999999716e+00 3.192055572981180589e-01
7.700000000000000178e+00 3.179702518096241270e-01
7.719999999999999751e+00 3.167413873602992203e-01
7.740000000000000213e+00 3.155189154536359175e-01
7.759999999999999787e+00 3.143028029156828551e-01
7.780000000000000249e+00 3.130930017678831834e-01
7.799999999999999822e+00 3.118894797507872907e-01
7.820000000000000284e+00 3.106921893847924832e-01
7.839999999999999858e+00 3.095010993092367491e-01
7.860000000000000320e+00 3.083161625255385618e-01
7.879999999999999893e+00 3.071373485566760153e-01
7.900000000000000355e+00 3.059646108670586173e-01
7.919999999999999929e+00 3.047979198486990282e-01
7.940000000000000391e+00 3.036372294120089355e-01
7.959999999999999964e+00 3.024825108039593813e-01
7.980000000000000426e+00 3.013337183638289396e-01
8.000000000000000000e+00 3.001908241799779442e-01
8.019999999999999574e+00 2.990537830044291967e-01
8.040000000000000924e+00 2.979225677538701600e-01
8.060000000000000497e+00 2.967971335767451424e-01
8.080000000000000071e+00 2.956774542054826926e-01
8.099999999999999645e+00 2.945634851696251055e-01
8.120000000000000995e+00 2.934552010052190463e-01
8.140000000000000568e+00 2.923525576073460752e-01
8.160000000000000142e+00 2.912555303040030852e-01
8.179999999999999716e+00 2.901640753412100815e-01
8.199999999999999289e+00 2.890781688276974903e-01
8.220000000000000639e+00 2.879977673455438869e-01
8.240000000000000213e+00 2.869228477734184768e-01
8.259999999999999787e+00 2.858533670155352091e-01
8.279999999999999361e+00 2.847893027101232044e-01
8.300000000000000711e+00 2.837306120692866251e-01
8.320000000000000284e+00 2.826772734808378207e-01
8.339999999999999858e+00 2.816292444514617022e-01
8.359999999999999432e+00 2.805865041089807277e-01
8.380000000000000782e+00 2.795490102409827204e-01
8.400000000000000355e+00 2.785167427061067680e-01
8.419999999999999929e+00 2.774896595600988558e-01
8.439999999999999503e+00 2.764677413835920361e-01
8.460000000000000853e+00 2.754509464873446944e-01
8.480000000000000426e+00 2.744392561655245588e-01
8.500000000000000000e+00 2.734326289716681457e-01
8.519999999999999574e+00 2.724310469053851103e-01
8.540000000000000924e+00 2.714344687503070230e-01
8.560000000000000497e+00 2.704428772037349438e-01
8.580000000000000071e+00 2.694562312676357929e-01
8.599999999999999645e+00 2.684745143295834136e-01
8.620000000000000995e+00 2.674976855976312629e-01
8.640000000000000568e+00 2.665257291425455199e-01
8.660000000000000142e+00 2.655586043671249175e-01
8.679999999999999716e+00 2.645962960185748725e-01
8.700000000000001066e+00 2.636387636825746061e-01
8.720000000000000639e+00 2.626859927763269265e-01
8.740000000000000213e+00 2.617379430574298116e-01
8.759999999999999787e+00 2.607946006069576383e-01
8.779999999999999361e+00 2.598559253429125193e-01
8.800000000000000711e+00 2.589219040044090092e-01
8.820000000000000284e+00 2.579924966592367364e-01
8.839999999999999858e+00 2.570676906990291832e-01
8.859999999999999432e+00 2.561474463301517401e-01
8.880000000000000782e+00 2.552317515915201729e-01
8.900000000000000355e+00 2.543205668177659362e-01
8.919999999999999929e+00 2.534138806901394259e-01
8.939999999999999503e+00 2.525116536605984119e-01
8.960000000000000853e+00 2.516138750480669262e-01
8.980000000000000426e+00 2.507205054117848109e-01
9.000000000000000000e+00 2.498315347039632428e-01
9.019999999999999574e+00 2.489469235804231129e-01
9.040000000000000924e+00 2.480666626225475901e-01
9.060000000000000497e+00 2.471907125729335686e-01
9.080000000000000071e+00 2.463190646382926730e-01
9.099999999999999645e+00 2.454516796375010301e-01
9.120000000000000995e+00 2.445885493990151704e-01
9.140000000000000568e+00 2.437296348083871356e-01
9.160000000000000142e+00 2.428749283125118119e-01
9.179999999999999716e+00 2.420243908532799804e-01
9.200000000000001066e+00 2.411780154929657194e-01
9.220000000000000639e+00 2.403357632203791672e-01
9.240000000000000213e+00 2.394976277103638695e-01
9.259999999999999787e+00 2.386635699884583905e-01
9.279999999999999361e+00 2.378335843395278648e-01
9.300000000000000711e+00 2.370076318165547369e-01
9.320000000000000284e+00 2.361857073121272910e-01
9.339999999999999858e+00 2.353677718965897780e-01
9.359999999999999432e+00 2.345538210682057700e-01
9.380000000000000782e+00 2.337438159055078568e-01
9.400000000000000355e+00 2.329377525106247904e-01
9.419999999999999929e+00 2.321355919602833551e-01
9.439999999999999503e+00 2.313373309589198401e-01
9.460000000000000853e+00 2.305429305723623312e-01
9.480000000000000426e+00 2.297523881060347939e-01
9.500000000000000000e+00 2.289656646049213762e-01
9.519999999999999574e+00 2.281827579743578305e-01
9.540000000000000924e+00 2.274036292294597528e-01
9.560000000000000497e+00 2.266282768746337439e-01
9.580000000000000071e+00 2.258566618851993446e-01
9.599999999999999645e+00 2.250887833640415614e-01
9.620000000000000995e+00 2.243246022376848281e-01
