0.000000000000000000e+00 7.732811828115489838e+00
1.499999999999999944e-02 7.583928920368251170e+00
2.999999999999999889e-02 7.433342254082983658e+00
4.499999999999999833e-02 7.281432446662725155e+00
5.999999999999999778e-02 7.128589199303847934e+00
7.499999999999999722e-02 6.975208625575390897e+00
8.999999999999999667e-02 6.821667899852307926e+00
1.049999999999999961e-01 6.668329116299482884e+00
1.199999999999999956e-01 6.515531296356476432e+00
1.350000000000000089e-01 6.363593621948066215e+00
1.499999999999999944e-01 6.212809700671630964e+00
1.649999999999999800e-01 6.063450744363238165e+00
1.799999999999999933e-01 5.915761428331464344e+00
1.950000000000000067e-01 5.769963335691032924e+00
2.099999999999999922e-01 5.626251848353951424e+00
2.249999999999999778e-01 5.484799984610512880e+00
2.399999999999999911e-01 5.345756029860924130e+00
2.550000000000000044e-01 5.209247703598297363e+00
2.700000000000000178e-01 5.075380240334855131e+00
2.849999999999999756e-01 4.944240772660046801e+00
2.999999999999999889e-01 4.815896664100927538e+00
3.150000000000000022e-01 4.690399981286257791e+00
3.299999999999999600e-01 4.567785901212661592e+00
3.449999999999999734e-01 4.448077168178145691e+00
3.599999999999999867e-01 4.331282466943506826e+00
3.750000000000000000e-01 4.217400786390534506e+00
3.900000000000000133e-01 4.106419676737876223e+00
4.049999999999999711e-01 3.998319472402215968e+00
4.199999999999999845e-01 3.893071399517086473e+00
4.349999999999999978e-01 3.790641633521804277e+00
4.499999999999999556e-01 3.690989238921063009e+00
4.649999999999999689e-01 3.594070055874512448e+00
4.799999999999999822e-01 3.499834481069855396e+00
4.949999999999999956e-01 3.408231188610682416e+00
5.100000000000000089e-01 3.319204764507100780e+00
5.250000000000000222e-01 3.232699274265779632e+00
5.400000000000000355e-01 3.148655775929452449e+00
5.549999999999999378e-01 3.067015749157520954e+00
5.699999999999999512e-01 2.987718508360003078e+00
5.849999999999999645e-01 2.910704508672139923e+00
5.999999999999999778e-01 2.835912685595149973e+00
6.149999999999999911e-01 2.763283651746192504e+00
6.300000000000000044e-01 2.692756983514926983e+00
6.450000000000000178e-01 2.624274320691321716e+00
6.599999999999999201e-01 2.557776622394651866e+00
6.749999999999999334e-01 2.493207179200715107e+00
6.899999999999999467e-01 2.430508854613326886e+00
7.049999999999999600e-01 2.369627017239911648e+00
7.199999999999999734e-01 2.310506784865842267e+00
7.349999999999999867e-01 2.253095882055590859e+00
7.500000000000000000e-01 2.197341898728999876e+00
7.650000000000000133e-01 2.143195076957829848e+00
7.800000000000000266e-01 2.090605596606635697e+00
7.949999999999999289e-01 2.039526293566563009e+00
8.099999999999999423e-01 1.989909980832103464e+00
8.249999999999999556e-01 1.941712099392649993e+00
8.399999999999999689e-01 1.894888083875317264e+00
8.549999999999999822e-01 1.849395946382077716e+00
8.699999999999999956e-01 1.805193692471025013e+00
8.850000000000000089e-01 1.762241837686105539e+00
8.999999999999999112e-01 1.720500880504574726e+00
9.149999999999999245e-01 1.679933750815821192e+00
9.299999999999999378e-01 1.640503343746366083e+00
9.449999999999999512e-01 1.602174899137454256e+00
9.599999999999999645e-01 1.564913601058194326e+00
9.749999999999999778e-01 1.528686887134976580e+00
9.899999999999999911e-01 1.493462116321445654e+00
1.004999999999999893e+00 1.459208806935885283e+00
1.020000000000000018e+00 1.425896376151808420e+00
1.034999999999999920e+00 1.393496305583569628e+00
1.050000000000000044e+00 1.361979954069686638e+00
1.064999999999999947e+00 1.331320649770706854e+00
1.080000000000000071e+00 1.301491578677951511e+00
1.094999999999999973e+00 1.272467802274797943e+00
1.109999999999999876e+00 1.244224222575389449e+00
1.125000000000000000e+00 1.216737524585675301e+00
1.139999999999999902e+00 1.189984219488317008e+00
1.155000000000000027e+00 1.163942511279378644e+00
1.169999999999999929e+00 1.138590418291929973e+00
1.185000000000000053e+00 1.113907563593540706e+00
1.199999999999999956e+00 1.089873375800004096e+00
1.214999999999999858e+00 1.066468802979023245e+00
1.229999999999999982e+00 1.043674592445838378e+00
1.244999999999999885e+00 1.021472928129001145e+00
1.260000000000000009e+00 9.998457897481529688e-01
1.274999999999999911e+00 9.787765137592391307e-01
1.290000000000000036e+00 9.582482311909948924e-01
1.304999999999999938e+00 9.382453524854068583e-01
1.319999999999999840e+00 9.187520839324618827e-01
1.334999999999999964e+00 8.997538368728770219e-01
1.349999999999999867e+00 8.812358216626487994e-01
1.364999999999999991e+00 8.631843818839921578e-01
1.379999999999999893e+00 8.455856653947220192e-01
1.395000000000000018e+00 8.284268843279692929e-01
1.409999999999999920e+00 8.116950618736373801e-01
1.425000000000000044e+00 7.953782190031357668e-01
1.439999999999999947e+00 7.794641962200579144e-01
1.454999999999999849e+00 7.639417680609149608e-01
1.469999999999999973e+00 7.487995382324363902e-01
1.484999999999999876e+00 7.340269830704170273e-01
1.500000000000000000e+00 7.196134190424953170e-01
1.514999999999999902e+00 7.055489764408476860e-01
1.530000000000000027e+00 6.918236374876088890e-01
1.544999999999999929e+00 6.784281416438645573e-01
1.560000000000000053e+00 6.653530930921383035e-01
1.574999999999999956e+00 6.525897991167202150e-01
1.589999999999999858e+00 6.401294450654612112e-01
1.604999999999999982e+00 6.279638673398534321e-01
1.619999999999999885e+00 6.160847944548487609e-01
1.635000000000000009e+00 6.044845562295557695e-01
1.649999999999999911e+00 5.931553889536907986e-01
1.665000000000000036e+00 5.820900824312477129e-01
1.679999999999999938e+00 5.712813477606618617e-01
1.694999999999999840e+00 5.607224039175794372e-01
1.709999999999999964e+00 5.504064061009538156e-01
1.724999999999999867e+00 5.403269735826559117e-01
1.739999999999999991e+00 5.304776770542326547e-01
1.754999999999999893e+00 5.208525094877415329e-01
1.770000000000000018e+00 5.114454304124805839e-01
1.784999999999999920e+00 5.022507815551251475e-01
1.799999999999999822e+00 4.932628864437356153e-01
1.814999999999999947e+00 4.844764125967276902e-01
1.829999999999999849e+00 4.758860243899863396e-01
1.844999999999999973e+00 4.674866935720685124e-01
1.859999999999999876e+00 4.592734037849123263e-01
1.875000000000000000e+00 4.512414111707122588e-01
1.889999999999999902e+00 4.433859985143241977e-01
1.905000000000000027e+00 4.357026877013179256e-01
1.919999999999999929e+00 4.281870418923073296e-01
1.934999999999999831e+00 4.208348315681288976e-01
1.949999999999999956e+00 4.136418827586372804e-01
1.964999999999999858e+00 4.066041983931462100e-01
1.979999999999999982e+00 3.997178510364084447e-01
1.994999999999999885e+00 3.929790612290238183e-01
2.009999999999999787e+00 3.863841328263877273e-01
2.024999999999999911e+00 3.799294899858632890e-01
2.040000000000000036e+00 3.736116536231884333e-01
2.054999999999999716e+00 3.674272386614643726e-01
2.069999999999999840e+00 3.613729697898000470e-01
2.084999999999999964e+00 3.554456405528149676e-01
2.100000000000000089e+00 3.496421670038635798e-01
2.114999999999999769e+00 3.439595101651852227e-01
2.129999999999999893e+00 3.383947658623883137e-01
2.145000000000000018e+00 3.329450520420149662e-01
2.160000000000000142e+00 3.276076334707678228e-01
2.174999999999999822e+00 3.223797753430831525e-01
2.189999999999999947e+00 3.172589012442238454e-01
2.205000000000000071e+00 3.122424144313766803e-01
2.219999999999999751e+00 3.073278878460571906e-01
2.234999999999999876e+00 3.025128543935944880e-01
2.250000000000000000e+00 2.977950275247672196e-01
2.265000000000000124e+00 2.931720617848714294e-01
2.279999999999999805e+00 2.886418028606805297e-01
2.294999999999999929e+00 2.842020196080763395e-01
2.310000000000000053e+00 2.798506822116250681e-01
2.324999999999999734e+00 2.755856668424128686e-01
2.339999999999999858e+00 2.714050609438991568e-01
2.354999999999999982e+00 2.673068416066189390e-01
2.370000000000000107e+00 2.632892067600580699e-01
2.384999999999999787e+00 2.593502282905991163e-01
2.399999999999999911e+00 2.554882082761292805e-01
2.415000000000000036e+00 2.517013078065162834e-01
2.429999999999999716e+00 2.479879271770643323e-01
2.444999999999999840e+00 2.443463113080738269e-01
2.459999999999999964e+00 2.407749531613763150e-01
2.475000000000000089e+00 2.372721765867829846e-01
2.489999999999999769e+00 2.338365620171972692e-01
2.504999999999999893e+00 2.304665075052232115e-01
2.520000000000000018e+00 2.271606760920078794e-01
2.534999999999999698e+00 2.239175357270990763e-01
2.549999999999999822e+00 2.207358275084425892e-01
2.564999999999999947e+00 2.176140851123106457e-01
2.580000000000000071e+00 2.145511234336763551e-01
2.594999999999999751e+00 2.115455380817874431e-01
2.609999999999999876e+00 2.085962137622800472e-01
2.625000000000000000e+00 2.057018043262220652e-01
2.639999999999999680e+00 2.028612605599887098e-01
2.654999999999999805e+00 2.000732912031454869e-01
2.669999999999999929e+00 1.973369096335627626e-01
2.685000000000000053e+00 1.946508762002994442e-01
2.699999999999999734e+00 1.920142636095064359e-01
2.714999999999999858e+00 1.894258808449446330e-01
2.729999999999999982e+00 1.868848568903262453e-01
2.745000000000000107e+00 1.843900464393173066e-01
2.759999999999999787e+00 1.819406319023808838e-01
2.774999999999999911e+00 1.795355110330818516e-01
2.790000000000000036e+00 1.771739170060397384e-01
2.804999999999999716e+00 1.748547880138246191e-01
2.819999999999999840e+00 1.725774055099958404e-01
2.834999999999999964e+00 1.703407457542824299e-01
2.850000000000000089e+00 1.681441361613290886e-01
2.864999999999999769e+00 1.659865886971988169e-01
2.879999999999999893e+00 1.638674745778305186e-01
2.895000000000000018e+00 1.617858393411772677e-01
2.909999999999999698e+00 1.597410959941444608e-01
2.924999999999999822e+00 1.577323215074939999e-01
2.939999999999999947e+00 1.557589688102542225e-01
2.955000000000000071e+00 1.538201443732965801e-01
2.969999999999999751e+00 1.519153393130909246e-01
2.984999999999999876e+00 1.500436876495737371e-01
3.000000000000000000e+00 1.482047170793487634e-01
3.014999999999999680e+00 1.463975874090003848e-01
3.029999999999999805e+00 1.446218614290632754e-01
3.044999999999999929e+00 1.428767229399942884e-01
3.060000000000000053e+00 1.411617684554467289e-01
3.074999999999999734e+00 1.394762041497231986e-01
3.089999999999999858e+00 1.378196589988785747e-01
3.104999999999999982e+00 1.361913598900212630e-01
3.120000000000000107e+00 1.345909671061719104e-01
3.134999999999999787e+00 1.330177267446885636e-01
3.149999999999999911e+00 1.314713293409978112e-01
3.165000000000000036e+00 1.299510386495684178e-01
3.179999999999999716e+00 1.284565745005583348e-01
3.194999999999999840e+00 1.269872168979642724e-01
3.209999999999999964e+00 1.255427141022654458e-01
3.225000000000000089e+00 1.241223609001298883e-01
3.239999999999999769e+00 1.227259332079539828e-01
3.254999999999999893e+00 1.213527392619446893e-01
3.270000000000000018e+00 1.200025819471210731e-01
3.284999999999999698e+00 1.186747815488025937e-01
3.299999999999999822e+00 1.173691673178926254e-01
3.314999999999999947e+00 1.160850703111672849e-01
3.330000000000000071e+00 1.148223456249575919e-01
3.344999999999999751e+00 1.135803337350236447e-01
3.359999999999999876e+00 1.123589151430275657e-01
3.375000000000000000e+00 1.111574385037789603e-01
3.389999999999999680e+00 1.099758093629065875e-01
3.404999999999999805e+00 1.088133832322834560e-01
3.419999999999999929e+00 1.076700904175328377e-01
3.435000000000000053e+00 1.065452920684244187e-01
3.449999999999999734e+00 1.054389430429572005e-01
3.464999999999999858e+00 1.043504088205190750e-01
