# Electrodo circular de radio 6 mm y espesor 710.0 um.
# Volumen de simulacion (convencion z,y,x):
# N: 1024 x 1024 x 1024 | voxelSize:  0.02mm x 0.02mm x 0.02mm | FOV:  20.48mm x 20.48mm x 20.48mm
# 
# z [mm]		 delta[ppm]
0.000000000000000000e+00 2.382404454670361549e+00
2.000000000000000042e-02 2.379929779515895572e+00
4.000000000000000083e-02 2.377379833898281447e+00
5.999999999999999778e-02 2.374755024667884573e+00
8.000000000000000167e-02 2.372055778419661642e+00
1.000000000000000056e-01 2.369282536788245963e+00
1.199999999999999956e-01 2.366435752011665450e+00
1.400000000000000133e-01 2.363515888671941845e+00
1.600000000000000033e-01 2.360523420330266742e+00
1.799999999999999933e-01 2.357458832876941912e+00
2.000000000000000111e-01 2.354322620450350900e+00
2.200000000000000011e-01 2.351115289236475281e+00
2.399999999999999911e-01 2.347837353216410072e+00
2.600000000000000089e-01 2.344489338153683100e+00
2.800000000000000266e-01 2.341071777117849528e+00
2.999999999999999889e-01 2.337585214662899702e+00
3.200000000000000067e-01 2.334030202172357793e+00
3.400000000000000244e-01 2.330407302217488485e+00
3.599999999999999867e-01 2.326717083702637190e+00
3.800000000000000044e-01 2.322960126404435055e+00
4.000000000000000222e-01 2.319137015938162349e+00
4.199999999999999845e-01 2.315248348472877193e+00
4.400000000000000022e-01 2.311294725510169012e+00
4.600000000000000200e-01 2.307276758773973757e+00
4.799999999999999822e-01 2.303195064814861137e+00
5.000000000000000000e-01 2.299050270070719826e+00
5.200000000000000178e-01 2.294843005293019100e+00
5.400000000000000355e-01 2.290573910776299904e+00
5.600000000000000533e-01 2.286243630616137334e+00
5.799999999999999600e-01 2.281852818104042058e+00
5.999999999999999778e-01 2.277402129816135545e+00
6.199999999999999956e-01 2.272892231170945632e+00
6.400000000000000133e-01 2.268323790356791658e+00
6.600000000000000311e-01 2.263697484049136843e+00
6.800000000000000488e-01 2.259013991177272196e+00
7.000000000000000666e-01 2.254273998798346224e+00
7.199999999999999734e-01 2.249478195710410411e+00
7.399999999999999911e-01 2.244627278479711219e+00
7.600000000000000089e-01 2.239721944901701178e+00
7.800000000000000266e-01 2.234762900178450362e+00
8.000000000000000444e-01 2.229750850234123227e+00
8.200000000000000622e-01 2.224686508038943522e+00
8.399999999999999689e-01 2.219570586781502541e+00
8.599999999999999867e-01 2.214403806335854430e+00
8.800000000000000044e-01 2.209186886296851338e+00
9.000000000000000222e-01 2.203920552586600579e+00
9.200000000000000400e-01 2.198605530355765225e+00
9.400000000000000577e-01 2.193242550725738482e+00
9.599999999999999645e-01 2.187832343561860071e+00
9.799999999999999822e-01 2.182375644347378962e+00
1.000000000000000000e+00 2.176873186832000595e+00
1.020000000000000018e+00 2.171325710033688683e+00
1.040000000000000036e+00 2.165733950768426119e+00
1.060000000000000053e+00 2.160098650775732931e+00
1.080000000000000071e+00 2.154420549133394314e+00
1.100000000000000089e+00 2.148700389502531394e+00
1.120000000000000107e+00 2.142938912433133947e+00
1.140000000000000124e+00 2.137136862724329678e+00
1.159999999999999920e+00 2.131294981624812124e+00
1.179999999999999938e+00 2.125414014303899091e+00
1.199999999999999956e+00 2.119494701952696847e+00
1.219999999999999973e+00 2.113537789361385144e+00
1.239999999999999991e+00 2.107544016925448904e+00
1.260000000000000009e+00 2.101514128324593056e+00
1.280000000000000027e+00 2.095448862439888149e+00
1.300000000000000044e+00 2.089348961129520621e+00
1.320000000000000062e+00 2.083215161061459764e+00
1.340000000000000080e+00 2.077048201581209508e+00
1.360000000000000098e+00 2.070848816465873377e+00
1.380000000000000115e+00 2.064617741878920221e+00
1.400000000000000133e+00 2.058355708050458865e+00
1.419999999999999929e+00 2.052063447313976052e+00
1.439999999999999947e+00 2.045741685718744929e+00
1.459999999999999964e+00 2.039391151143344239e+00
1.479999999999999982e+00 2.033012564845219305e+00
1.500000000000000000e+00 2.026606649645712910e+00
1.520000000000000018e+00 2.020174121422791291e+00
1.540000000000000036e+00 2.013715697362171042e+00
1.560000000000000053e+00 2.007232087398413523e+00
1.580000000000000071e+00 2.000724002526705014e+00
1.600000000000000089e+00 1.994192146198358495e+00
1.620000000000000107e+00 1.987637222687671956e+00
1.640000000000000124e+00 1.981059928447205243e+00
1.660000000000000142e+00 1.974460960524059949e+00
1.679999999999999938e+00 1.967841007881063309e+00
1.699999999999999956e+00 1.961200759856703835e+00
1.719999999999999973e+00 1.954540897457744952e+00
1.739999999999999991e+00 1.947862101856980388e+00
1.760000000000000009e+00 1.941165045663492350e+00
1.780000000000000027e+00 1.934450401452256552e+00
1.800000000000000044e+00 1.927718833017742606e+00
1.820000000000000062e+00 1.920971003929350607e+00
1.840000000000000080e+00 1.914207568774641821e+00
1.860000000000000098e+00 1.907429181734478618e+00
1.880000000000000115e+00 1.900636487821709686e+00
1.900000000000000133e+00 1.893830131469842248e+00
1.919999999999999929e+00 1.887010747773534725e+00
1.939999999999999947e+00 1.880178971084519368e+00
1.959999999999999964e+00 1.873335426259881142e+00
1.979999999999999982e+00 1.866480737258860989e+00
2.000000000000000000e+00 1.859615518405381085e+00
2.020000000000000018e+00 1.852740382979304323e+00
2.040000000000000036e+00 1.845855934499289086e+00
2.060000000000000053e+00 1.838962775301997699e+00
2.080000000000000071e+00 1.832061497851826593e+00
2.100000000000000089e+00 1.825152693301477447e+00
2.120000000000000107e+00 1.818236942834792647e+00
2.140000000000000124e+00 1.811314826202031991e+00
2.160000000000000142e+00 1.804386913102438594e+00
2.180000000000000160e+00 1.797453771687500090e+00
2.200000000000000178e+00 1.790515959989594785e+00
2.220000000000000195e+00 1.783574034386439022e+00
2.240000000000000213e+00 1.776628541082545532e+00
2.260000000000000231e+00 1.769680024527994444e+00
2.280000000000000249e+00 1.762729018959156679e+00
2.300000000000000266e+00 1.755776056764877691e+00
2.319999999999999840e+00 1.748821660093278885e+00
2.339999999999999858e+00 1.741866349158367910e+00
2.359999999999999876e+00 1.734910633919496181e+00
2.379999999999999893e+00 1.727955022321358447e+00
2.399999999999999911e+00 1.721000012052995354e+00
2.419999999999999929e+00 1.714046098714081756e+00
2.439999999999999947e+00 1.707093767660183392e+00
2.459999999999999964e+00 1.700143502088158565e+00
2.479999999999999982e+00 1.693195774974657120e+00
2.500000000000000000e+00 1.686251057073432813e+00
2.520000000000000018e+00 1.679309808953876049e+00
2.540000000000000036e+00 1.672372488902980514e+00
2.560000000000000053e+00 1.665439545070982241e+00
2.580000000000000071e+00 1.658511423270655261e+00
2.600000000000000089e+00 1.651588559236967235e+00
2.620000000000000107e+00 1.644671386316343353e+00
2.640000000000000124e+00 1.637760327847500808e+00
2.660000000000000142e+00 1.630855804733255754e+00
2.680000000000000160e+00 1.623958227949554800e+00
2.700000000000000178e+00 1.617068005992367885e+00
2.720000000000000195e+00 1.610185537522150101e+00
2.740000000000000213e+00 1.603311218678314498e+00
2.760000000000000231e+00 1.596445435866248319e+00
2.780000000000000249e+00 1.589588572931811994e+00
2.800000000000000266e+00 1.582741004098223270e+00
2.819999999999999840e+00 1.575903100993006012e+00
2.839999999999999858e+00 1.569075225741944912e+00
2.859999999999999876e+00 1.562257737840849980e+00
2.879999999999999893e+00 1.555450987413994346e+00
2.899999999999999911e+00 1.548655321923012362e+00
2.919999999999999929e+00 1.541871079597142202e+00
2.939999999999999947e+00 1.535098595971523316e+00
2.959999999999999964e+00 1.528338197496739159e+00
2.979999999999999982e+00 1.521590207898777525e+00
3.000000000000000000e+00 1.514854941975257052e+00
3.020000000000000018e+00 1.508132711769268663e+00
3.040000000000000036e+00 1.501423820559851574e+00
3.060000000000000053e+00 1.494728568841884986e+00
3.080000000000000071e+00 1.488047248518320043e+00
3.100000000000000089e+00 1.481380148678248077e+00
3.120000000000000107e+00 1.474727549998530396e+00
3.140000000000000124e+00 1.468089730312169383e+00
3.160000000000000142e+00 1.461466959226905837e+00
3.180000000000000160e+00 1.454859503475945282e+00
3.200000000000000178e+00 1.448267621761262003e+00
3.220000000000000195e+00 1.441691569878749135e+00
3.240000000000000213e+00 1.435131595793842418e+00
3.260000000000000231e+00 1.428587944533107779e+00
3.280000000000000249e+00 1.422060853500023203e+00
3.300000000000000266e+00 1.415550557124958031e+00
3.320000000000000284e+00 1.409057282428847202e+00
3.339999999999999858e+00 1.402581253423512919e+00
3.359999999999999876e+00 1.396122686931111634e+00
3.379999999999999893e+00 1.389681796726722318e+00
3.399999999999999911e+00 1.383258789621380824e+00
3.419999999999999929e+00 1.376853869338807490e+00
3.439999999999999947e+00 1.370467232869981178e+00
3.459999999999999964e+00 1.364099074075905582e+00
3.479999999999999982e+00 1.357749580321580218e+00
3.500000000000000000e+00 1.351418935796618204e+00
3.520000000000000018e+00 1.345107318436674637e+00
3.540000000000000036e+00 1.338814902953732622e+00
3.560000000000000053e+00 1.332541858052918915e+00
3.580000000000000071e+00 1.326288349164220559e+00
3.600000000000000089e+00 1.320054535962826625e+00
3.620000000000000107e+00 1.313840574794029825e+00
3.640000000000000124e+00 1.307646616505085069e+00
3.660000000000000142e+00 1.301472808555041771e+00
3.680000000000000160e+00 1.295319293166304453e+00
3.700000000000000178e+00 1.289186209111061299e+00
3.720000000000000195e+00 1.283073690190666749e+00
3.740000000000000213e+00 1.276981866690347633e+00
3.760000000000000231e+00 1.270910864194619183e+00
3.780000000000000249e+00 1.264860804701936958e+00
3.800000000000000266e+00 1.258831805784305091e+00
3.820000000000000284e+00 1.252823981353487159e+00
3.839999999999999858e+00 1.246837441173133332e+00
3.859999999999999876e+00 1.240872291268133143e+00
3.879999999999999893e+00 1.234928633797490738e+00
3.899999999999999911e+00 1.229006567098387626e+00
3.919999999999999929e+00 1.223106185928193756e+00
3.939999999999999947e+00 1.217227581134778580e+00
3.959999999999999964e+00 1.211370840275947547e+00
3.979999999999999982e+00 1.205536046907521364e+00
4.000000000000000000e+00 1.199723281588662704e+00
4.020000000000000462e+00 1.193932620779185605e+00
4.040000000000000036e+00 1.188164138239136802e+00
4.060000000000000497e+00 1.182417903526827629e+00
4.080000000000000071e+00 1.176693983801158305e+00
4.099999999999999645e+00 1.170992441911819615e+00
4.120000000000000107e+00 1.165313338612784744e+00
4.139999999999999680e+00 1.159656730236080735e+00
4.160000000000000142e+00 1.154022671325056759e+00
4.179999999999999716e+00 1.148411211883092697e+00
4.200000000000000178e+00 1.142822400435122177e+00
4.219999999999999751e+00 1.137256280842658729e+00
4.240000000000000213e+00 1.131712895802225782e+00
4.259999999999999787e+00 1.126192283218010459e+00
4.280000000000000249e+00 1.120694480145752570e+00
4.299999999999999822e+00 1.115219518714353208e+00
4.320000000000000284e+00 1.109767430523941556e+00
4.339999999999999858e+00 1.104338242107669510e+00
4.360000000000000320e+00 1.098931979792630464e+00
4.379999999999999893e+00 1.093548664693073658e+00
4.400000000000000355e+00 1.088188318042927927e+00
4.419999999999999929e+00 1.082850955711686769e+00
4.440000000000000391e+00 1.077536594017209470e+00
4.459999999999999964e+00 1.072245243755474586e+00
4.480000000000000426e+00 1.066976916502531791e+00
4.500000000000000000e+00 1.061731618149220457e+00
4.520000000000000462e+00 1.056509355701073849e+00
4.540000000000000036e+00 1.051310130309162094e+00
4.560000000000000497e+00 1.046133944576817409e+00
4.580000000000000071e+00 1.040980795077693699e+00
4.600000000000000533e+00 1.035850680178183714e+00
4.620000000000000107e+00 1.030743592033742440e+00
4.639999999999999680e+00 1.025659524935989886e+00
4.660000000000000142e+00 1.020598466778322555e+00
4.679999999999999716e+00 1.015560407936610732e+00
4.700000000000000178e+00 1.010545332195101675e+00
4.719999999999999751e+00 1.005553226169785708e+00
4.740000000000000213e+00 1.000584069685522159e+00
4.759999999999999787e+00 9.956378457510834945e-01
4.780000000000000249e+00 9.907145303784309354e-01
4.799999999999999822e+00 9.858141031185764236e-01
4.820000000000000284e+00 9.809365363138881078e-01
4.839999999999999858e+00 9.760818062038407739e-01
4.860000000000000320e+00 9.712498816012196112e-01
4.879999999999999893e+00 9.664407355769548680e-01
4.900000000000000355e+00 9.616543335510445711e-01
4.919999999999999929e+00 9.568906455656420729e-01
4.940000000000000391e+00 9.521496337814538968e-01
4.959999999999999964e+00 9.474312653483848434e-01
4.980000000000000426e+00 9.427354992981471504e-01
5.000000000000000000e+00 9.380623000217014340e-01
5.020000000000000462e+00 9.334116235487790458e-01
5.040000000000000036e+00 9.287834316414939062e-01
5.060000000000000497e+00 9.241776774514268711e-01
5.080000000000000071e+00 9.195943202387426574e-01
5.100000000000000533e+00 9.150333103974527260e-01
5.120000000000000107e+00 9.104946048095015065e-01
5.139999999999999680e+00 9.059781512287663485e-01
5.160000000000000142e+00 9.014839042795425028e-01
5.179999999999999716e+00 8.970118091898082735e-01
5.200000000000000178e+00 8.925618184436623359e-01
5.219999999999999751e+00 8.881338748543263772e-01
5.240000000000000213e+00 8.837279288800582444e-01
5.259999999999999787e+00 8.793439210273198414e-01
5.280000000000000249e+00 8.749817998398163876e-01
5.299999999999999822e+00 8.706415036222299175e-01
5.320000000000000284e+00 8.663229791119774204e-01
5.339999999999999858e+00 8.620261625138537775e-01
5.360000000000000320e+00 8.577509988642746386e-01
5.379999999999999893e+00 8.534974223670849236e-01
5.400000000000000355e+00 8.492653764600243127e-01
5.419999999999999929e+00 8.450547934419367913e-01
5.440000000000000391e+00 8.408656152513065418e-01
5.459999999999999964e+00 8.366977723750553819e-01
5.480000000000000426e+00 8.325512053489632081e-01
5.500000000000000000e+00 8.284258429381947675e-01
5.520000000000000462e+00 8.243216243695657974e-01
5.540000000000000036e+00 8.202384767738545301e-01
5.560000000000000497e+00 8.161763381598799993e-01
5.580000000000000071e+00 8.121351341086018305e-01
5.600000000000000533e+00 8.081148014990643391e-01
5.620000000000000107e+00 8.041152644442832731e-01
5.639999999999999680e+00 8.001364587790903427e-01
5.660000000000000142e+00 7.961783072277002216e-01
5.679999999999999716e+00 7.922407446636652306e-01
5.700000000000000178e+00 7.883236924989424077e-01
5.719999999999999751e+00 7.844270847261539670e-01
5.740000000000000213e+00 7.805508415189398308e-01
5.759999999999999787e+00 7.766948960668104140e-01
5.780000000000000249e+00 7.728591673765113912e-01
5.799999999999999822e+00 7.690435879097895500e-01
5.820000000000000284e+00 7.652480755754176300e-01
5.839999999999999858e+00 7.614725621802949096e-01
5.860000000000000320e+00 7.577169646017285487e-01
5.879999999999999893e+00 7.539812140623195491e-01
5.900000000000000355e+00 7.502652264720149899e-01
5.919999999999999929e+00 7.465689325373381369e-01
5.940000000000000391e+00 7.428922472626763307e-01
5.959999999999999964e+00 7.392351009044364485e-01
5.980000000000000426e+00 7.355974076209347290e-01
6.000000000000000000e+00 7.319790972822004527e-01
6.020000000000000462e+00 7.283800832577776996e-01
6.040000000000000036e+00 7.248002950928847943e-01
6.060000000000000497e+00 7.212396454233911403e-01
6.080000000000000071e+00 7.176980635291682065e-01
6.100000000000000533e+00 7.141754613653906736e-01
6.120000000000000107e+00 7.106717680039895679e-01
6.140000000000000568e+00 7.071868947703461306e-01
6.160000000000000142e+00 7.037207705838282035e-01
6.179999999999999716e+00 7.002733061889201416e-01
6.200000000000000178e+00 6.968444304058648564e-01
6.219999999999999751e+00 6.934340534451364224e-01
6.240000000000000213e+00 6.900421040793709437e-01
6.259999999999999787e+00 6.866684920300442085e-01
6.280000000000000249e+00 6.833131460718464556e-01
6.299999999999999822e+00 6.799759754803402778e-01
6.320000000000000284e+00 6.766569090801275443e-01
6.339999999999999858e+00 6.733558557421621682e-01
6.360000000000000320e+00 6.700727443870460043e-01
6.379999999999999893e+00 6.668074835206183604e-01
6.400000000000000355e+00 6.635600022038657952e-01
6.419999999999999929e+00 6.603302086152968986e-01
6.440000000000000391e+00 6.571180319990033158e-01
6.459999999999999964e+00 6.539233802422457220e-01
6.480000000000000426e+00 6.507461828133199733e-01
6.500000000000000000e+00 6.475863473427062589e-01
6.520000000000000462e+00 6.444438035624394656e-01
6.540000000000000036e+00 6.413184588790638019e-01
6.560000000000000497e+00 6.382102433263590058e-01
6.580000000000000071e+00 6.351190641182646868e-01
6.600000000000000533e+00 6.320448516268404315e-01
6.620000000000000107e+00 6.289875129032105328e-01
6.640000000000000568e+00 6.259469786928080204e-01
6.660000000000000142e+00 6.229231559123107331e-01
6.679999999999999716e+00 6.199159757142245208e-01
6.700000000000000178e+00 6.169253449076962381e-01
6.719999999999999751e+00 6.139511950846636701e-01
6.740000000000000213e+00 6.109934329723094582e-01
6.759999999999999787e+00 6.080519906330512647e-01
6.780000000000000249e+00 6.051267747363141547e-01
6.799999999999999822e+00 6.022177178447786217e-01
6.820000000000000284e+00 5.993247265930441436e-01
6.839999999999999858e+00 5.964477340726144217e-01
6.860000000000000320e+00 5.935866469049175809e-01
6.879999999999999893e+00 5.907413987376515241e-01
6.900000000000000355e+00 5.879118961995333237e-01
6.919999999999999929e+00 5.850980735206827710e-01
6.940000000000000391e+00 5.822998373563625929e-01
6.959999999999999964e+00 5.795171225442209417e-01
6.980000000000000426e+00 5.767498357842057999e-01
7.000000000000000000e+00 5.739979125455453302e-01
7.020000000000000462e+00 5.712612595898676204e-01
7.040000000000000036e+00 5.685398130409916595e-01
7.060000000000000497e+00 5.658334797381819881e-01
7.080000000000000071e+00 5.631421964818509318e-01
7.100000000000000533e+00 5.604658702037925710e-01
7.120000000000000107e+00 5.578044384020560686e-01
7.140000000000000568e+00 5.551578081148734745e-01
7.160000000000000142e+00 5.525259175580434778e-01
7.179999999999999716e+00 5.499086738891469928e-01
7.200000000000000178e+00 5.473060160609383162e-01
7.219999999999999751e+00 5.447178513623509577e-01
7.240000000000000213e+00 5.421441195014369274e-01
7.259999999999999787e+00 5.395847279095430382e-01
7.280000000000000249e+00 5.370396170675245662e-01
7.299999999999999822e+00 5.345086945593476857e-01
7.320000000000000284e+00 5.319919016553733560e-01
7.339999999999999858e+00 5.294891461015261980e-01
7.360000000000000320e+00 5.270003699735940073e-01
7.379999999999999893e+00 5.245254811880001311e-01
7.400000000000000355e+00 5.220644226411307320e-01
7.419999999999999929e+00 5.196171024276295958e-01
7.440000000000000391e+00 5.171834642789452374e-01
7.459999999999999964e+00 5.147634164749167462e-01
7.480000000000000426e+00 5.123569035958205342e-01
7.500000000000000000e+00 5.099638341129082431e-01
7.520000000000000462e+00 5.075841534683803724e-01
7.540000000000000036e+00 5.052177703304416845e-01
7.560000000000000497e+00 5.028646310156746901e-01
7.580000000000000071e+00 5.005246443940415402e-01
7.600000000000000533e+00 4.981977576683513376e-01
7.620000000000000107e+00 4.958838799145158238e-01
7.640000000000000568e+00 4.935829592328297988e-01
7.660000000000000142e+00 4.912949049086513531e-01
7.679999999999999716e+00 4.890196659504533749e-01
7.700000000000000178e+00 4.867571518559717370e-01
7.719999999999999751e+00 4.845073125519950286e-01
7.740000000000000213e+00 4.822700577509396735e-01
7.759999999999999787e+00 4.800453383075382607e-01
7.780000000000000249e+00 4.778330641506439713e-01
7.799999999999999822e+00 4.756331870720583721e-01
7.820000000000000284e+00 4.734456172182464617e-01
7.839999999999999858e+00 4.712703073267236475e-01
7.860000000000000320e+00 4.691071677622480895e-01
7.879999999999999893e+00 4.669561522162368750e-01
7.900000000000000355e+00 4.648171712718743853e-01
7.919999999999999929e+00 4.626901795822290220e-01
7.940000000000000391e+00 4.605750879485898119e-01
7.959999999999999964e+00 4.584718519930064962e-01
7.980000000000000426e+00 4.563803827340407460e-01
8.000000000000000000e+00 4.543006367696516556e-01
8.019999999999999574e+00 4.522325253344280371e-01
8.040000000000000924e+00 4.501760060087815485e-01
8.060000000000000497e+00 4.481309902416085178e-01
8.080000000000000071e+00 4.460974366019515025e-01
8.099999999999999645e+00 4.440752567509133053e-01
8.120000000000000995e+00 4.420644102519935004e-01
8.140000000000000568e+00 4.400648089759613413e-01
8.160000000000000142e+00 4.380764134862681347e-01
8.179999999999999716e+00 4.360991358604599522e-01
8.199999999999999289e+00 4.341329376671121398e-01
8.220000000000000639e+00 4.321777311872559979e-01
8.240000000000000213e+00 4.302334789994643471e-01
8.259999999999999787e+00 4.283000935846343338e-01
8.279999999999999361e+00 4.263775385359211967e-01
8.300000000000000711e+00 4.244657265300968430e-01
8.320000000000000284e+00 4.225646221792118684e-01
8.339999999999999858e+00 4.206741383516247046e-01
8.359999999999999432e+00 4.187942406823271235e-01
8.380000000000000782e+00 4.169248422266485510e-01
8.400000000000000355e+00 4.150659096463126252e-01
8.419999999999999929e+00 4.132173561787275684e-01
8.439999999999999503e+00 4.113791495159110356e-01
8.460000000000000853e+00 4.095512030721378260e-01
8.480000000000000426e+00 4.077334855730572749e-01
8.500000000000000000e+00 4.059259106043662801e-01
8.519999999999999574e+00 4.041284479284696918e-01
8.540000000000000924e+00 4.023410112967399366e-01
8.560000000000000497e+00 4.005635715112607631e-01
8.580000000000000071e+00 3.987960424831277217e-01
8.599999999999999645e+00 3.970383960568273363e-01
8.620000000000000995e+00 3.952905462969553141e-01
8.640000000000000568e+00 3.935524660929468066e-01
8.660000000000000142e+00 3.918240696564849745e-01
8.679999999999999716e+00 3.901053309243304179e-01
8.700000000000001066e+00 3.883961642485876387e-01
8.720000000000000639e+00 3.866965446155541941e-01
8.740000000000000213e+00 3.850063865109283889e-01
8.759999999999999787e+00 3.833256659725966520e-01
8.779999999999999361e+00 3.816542976127974551e-01
8.800000000000000711e+00 3.799922585229161820e-01
8.820000000000000284e+00 3.783394634345249030e-01
8.839999999999999858e+00 3.766958904942859787e-01
8.859999999999999432e+00 3.750614545456918969e-01
8.880000000000000782e+00 3.734361347923226271e-01
8.900000000000000355e+00 3.718198461820584333e-01
8.919999999999999929e+00 3.702125689769054095e-01
8.939999999999999503e+00 3.686142182214103835e-01
8.960000000000000853e+00 3.670247752374098393e-01
8.980000000000000426e+00 3.654441551582832681e-01
9.000000000000000000e+00 3.638723403669888445e-01
9.019999999999999574e+00 3.623092460777299073e-01
9.040000000000000924e+00 3.607548557357768138e-01
9.060000000000000497e+00 3.592090846280696637e-01
9.080000000000000071e+00 3.576719172632636945e-01
9.099999999999999645e+00 3.561432689928006878e-01
9.120000000000000995e+00 3.546231253897108027e-01
9.140000000000000568e+00 3.531114018616198225e-01
9.160000000000000142e+00 3.516080850468465968e-01
9.179999999999999716e+00 3.501130904007306865e-01
9.200000000000001066e+00 3.486264056277050827e-01
9.220000000000000639e+00 3.471479462223318602e-01
9.240000000000000213e+00 3.456777009558738012e-01
9.259999999999999787e+00 3.442155853534931698e-01
9.279999999999999361e+00 3.427615892539463971e-01
9.300000000000000711e+00 3.413156282043290357e-01
9.320000000000000284e+00 3.398776931114878552e-01
9.339999999999999858e+00 3.384476995356698326e-01
9.359999999999999432e+00 3.370256394523324373e-01
9.380000000000000782e+00 3.356114284260894864e-01
9.400000000000000355e+00 3.342050595014390835e-01
9.419999999999999929e+00 3.328064482384921474e-01
9.439999999999999503e+00 3.314155887511863741e-01
9.460000000000000853e+00 3.300323965862164144e-01
9.480000000000000426e+00 3.286568669272903476e-01
9.500000000000000000e+00 3.272889152987238925e-01
9.519999999999999574e+00 3.259285379542521399e-01
9.540000000000000924e+00 3.245756503868634235e-01
9.560000000000000497e+00 3.232302499205070290e-01
9.580000000000000071e+00 3.218922520078367766e-01
9.599999999999999645e+00 3.205616550431660272e-01
9.620000000000000995e+00 3.192383744298049053e-01
