# Electrodo circular de radio 6 mm y espesor 710.0 um.
# Volumen de simulacion (convencion z,y,x):
# N: 1024 x 1024 x 1024 | voxelSize:  0.02mm x 0.02mm x 0.02mm | FOV:  20.48mm x 20.48mm x 20.48mm
# 
# z [mm]		 delta[ppm]
0.000000000000000000e+00 6.142732784529447265e+00
2.000000000000000042e-02 5.956029094533976220e+00
4.000000000000000083e-02 5.770162924465436660e+00
5.999999999999999778e-02 5.586110568090177253e+00
8.000000000000000167e-02 5.404776186034885299e+00
1.000000000000000056e-01 5.226973028703121749e+00
1.199999999999999956e-01 5.053407818930926609e+00
1.400000000000000133e-01 4.884672393337869956e+00
1.600000000000000033e-01 4.721240687259284030e+00
1.799999999999999933e-01 4.563471390866273403e+00
2.000000000000000111e-01 4.411614483775041506e+00
2.200000000000000011e-01 4.265821066339284151e+00
2.399999999999999911e-01 4.126154876365976776e+00
2.600000000000000089e-01 3.992604870919391757e+00
2.800000000000000266e-01 3.865097710554617372e+00
2.999999999999999889e-01 3.743509829913648446e+00
3.200000000000000067e-01 3.627678412414441222e+00
3.400000000000000244e-01 3.517411272425382762e+00
3.599999999999999867e-01 3.412495315484771918e+00
3.800000000000000044e-01 3.312703786791913352e+00
4.000000000000000222e-01 3.217802175763321948e+00
4.199999999999999845e-01 3.127553077164535456e+00
4.400000000000000022e-01 3.041719957405613961e+00
4.600000000000000200e-01 2.960070140726960730e+00
4.799999999999999822e-01 2.882376978184859162e+00
5.000000000000000000e-01 2.808421491719480745e+00
5.200000000000000178e-01 2.737993441067712919e+00
5.400000000000000355e-01 2.670892072493796565e+00
5.600000000000000533e-01 2.606926473502287234e+00
5.799999999999999600e-01 2.545915760911157566e+00
5.999999999999999778e-01 2.487689004055332553e+00
6.199999999999999956e-01 2.432085085400750746e+00
6.400000000000000133e-01 2.378952382355335349e+00
6.600000000000000311e-01 2.328148454410706947e+00
6.800000000000000488e-01 2.279539606092561677e+00
7.000000000000000666e-01 2.233000497728742317e+00
7.199999999999999734e-01 2.188413665033641209e+00
7.399999999999999911e-01 2.145669111903119042e+00
7.600000000000000089e-01 2.104663830744634367e+00
7.800000000000000266e-01 2.065301410424652762e+00
8.000000000000000444e-01 2.027491581383492836e+00
8.200000000000000622e-01 1.991149855902392796e+00
8.399999999999999689e-01 1.956197109530283029e+00
8.599999999999999867e-01 1.922559261101018713e+00
8.800000000000000044e-01 1.890166894561138289e+00
9.000000000000000222e-01 1.858954980452973471e+00
9.200000000000000400e-01 1.828862537936476906e+00
9.400000000000000577e-01 1.799832396281357383e+00
9.599999999999999645e-01 1.771810894625900801e+00
9.799999999999999822e-01 1.744747680409621138e+00
1.000000000000000000e+00 1.718595443324000271e+00
1.020000000000000018e+00 1.693309746942993188e+00
1.040000000000000036e+00 1.668848792987884355e+00
1.060000000000000053e+00 1.645173282276982452e+00
1.080000000000000071e+00 1.622246205453683254e+00
1.100000000000000089e+00 1.600032729537030241e+00
1.120000000000000107e+00 1.578500011535612479e+00
1.140000000000000124e+00 1.557617107185986782e+00
1.159999999999999920e+00 1.537354804208892700e+00
1.179999999999999938e+00 1.517685550187570787e+00
1.199999999999999956e+00 1.498583302617593649e+00
1.219999999999999973e+00 1.480023473249625354e+00
1.239999999999999991e+00 1.461982792440629675e+00
1.260000000000000009e+00 1.444439267640619029e+00
1.280000000000000027e+00 1.427372059910867463e+00
1.300000000000000044e+00 1.410761454556926031e+00
1.320000000000000062e+00 1.394588747975357590e+00
1.340000000000000080e+00 1.378836228722525092e+00
1.360000000000000098e+00 1.363487073135049910e+00
1.380000000000000115e+00 1.348525335373823575e+00
1.400000000000000133e+00 1.333935850487052432e+00
1.419999999999999929e+00 1.319704232185046955e+00
1.439999999999999947e+00 1.305816782227757100e+00
1.459999999999999964e+00 1.292260494870221210e+00
1.479999999999999982e+00 1.279022971618295257e+00
1.500000000000000000e+00 1.266092431441955490e+00
1.520000000000000018e+00 1.253457630099319209e+00
1.540000000000000036e+00 1.241107875347965850e+00
1.560000000000000053e+00 1.229032950151633496e+00
1.580000000000000071e+00 1.217223132232582383e+00
1.600000000000000089e+00 1.205669120589422549e+00
1.620000000000000107e+00 1.194362058828547291e+00
1.640000000000000124e+00 1.183293464501137038e+00
1.660000000000000142e+00 1.172455255732270274e+00
1.679999999999999938e+00 1.161839682968518916e+00
1.699999999999999956e+00 1.151439358491093801e+00
1.719999999999999973e+00 1.141247190220317398e+00
1.739999999999999991e+00 1.131256413756642987e+00
1.760000000000000009e+00 1.121460527949796449e+00
1.780000000000000027e+00 1.111853329159932624e+00
1.800000000000000044e+00 1.102428848336566070e+00
1.820000000000000062e+00 1.093181387233354673e+00
1.840000000000000080e+00 1.084105456787895827e+00
1.860000000000000098e+00 1.075195815058361148e+00
1.880000000000000115e+00 1.066447406720254731e+00
1.900000000000000133e+00 1.057855402522858146e+00
1.919999999999999929e+00 1.049415139753907322e+00
1.939999999999999947e+00 1.041122163038921133e+00
1.959999999999999964e+00 1.032972165641123041e+00
1.979999999999999982e+00 1.024961031448247351e+00
2.000000000000000000e+00 1.017084777002034368e+00
2.020000000000000018e+00 1.009339594535427542e+00
2.040000000000000036e+00 1.001721794636138307e+00
2.060000000000000053e+00 9.942278502129052731e-01
2.080000000000000071e+00 9.868543397189933897e-01
2.100000000000000089e+00 9.795979919395961799e-01
2.120000000000000107e+00 9.724556297069683053e-01
2.140000000000000124e+00 9.654242154126891906e-01
2.160000000000000142e+00 9.585007951633712775e-01
2.180000000000000160e+00 9.516825449314497698e-01
2.200000000000000178e+00 9.449667151031260204e-01
2.220000000000000195e+00 9.383506771900039789e-01
2.240000000000000213e+00 9.318318687352220575e-01
2.260000000000000231e+00 9.254078405156919152e-01
2.280000000000000249e+00 9.190762017728100197e-01
2.300000000000000266e+00 9.128346678415812931e-01
2.319999999999999840e+00 9.066810056844238908e-01
2.339999999999999858e+00 9.006130818890699663e-01
2.359999999999999876e+00 8.946288084828109000e-01
2.379999999999999893e+00 8.887261912459937241e-01
2.399999999999999911e+00 8.829032757945624033e-01
2.419999999999999929e+00 8.771581961603005517e-01
2.439999999999999947e+00 8.714891211271250659e-01
2.459999999999999964e+00 8.658943030329998569e-01
2.479999999999999982e+00 8.603720243548026447e-01
2.500000000000000000e+00 8.549206466901537738e-01
2.520000000000000018e+00 8.495385575823765079e-01
2.540000000000000036e+00 8.442242196434541768e-01
2.560000000000000053e+00 8.389761176190694281e-01
2.580000000000000071e+00 8.337928076164998759e-01
2.600000000000000089e+00 8.286728644057429483e-01
2.620000000000000107e+00 8.236149307185095525e-01
2.640000000000000124e+00 8.186176647892674518e-01
2.660000000000000142e+00 8.136797896935227259e-01
2.680000000000000160e+00 8.088000411281578428e-01
2.700000000000000178e+00 8.039772167590508722e-01
2.720000000000000195e+00 7.992101242473976797e-01
2.740000000000000213e+00 7.944976305784087200e-01
2.760000000000000231e+00 7.898386103354074761e-01
2.780000000000000249e+00 7.852319949828511225e-01
2.800000000000000266e+00 7.806767213969894037e-01
2.819999999999999840e+00 7.761717810777950532e-01
2.839999999999999858e+00 7.717161689397765700e-01
2.859999999999999876e+00 7.673089324286560542e-01
2.879999999999999893e+00 7.629491205826280931e-01
2.899999999999999911e+00 7.586358330307610975e-01
2.919999999999999929e+00 7.543681693295555268e-01
2.939999999999999947e+00 7.501452778210495609e-01
2.959999999999999964e+00 7.459663052560548957e-01
2.979999999999999982e+00 7.418304454909603329e-01
3.000000000000000000e+00 7.377368894033121682e-01
3.020000000000000018e+00 7.336848734071718114e-01
3.040000000000000036e+00 7.296736296731456406e-01
3.060000000000000053e+00 7.257024344429671148e-01
3.080000000000000071e+00 7.217705585602223195e-01
3.100000000000000089e+00 7.178773155655691074e-01
3.120000000000000107e+00 7.140220125507408255e-01
3.140000000000000124e+00 7.102039980165651967e-01
3.160000000000000142e+00 7.064226130567673456e-01
3.180000000000000160e+00 7.026772389616126047e-01
3.200000000000000178e+00 6.989672487443364668e-01
3.220000000000000195e+00 6.952920544738850905e-01
3.240000000000000213e+00 6.916510591506017658e-01
3.260000000000000231e+00 6.880437037521118793e-01
3.280000000000000249e+00 6.844694194712116486e-01
3.300000000000000266e+00 6.809276744595316178e-01
3.320000000000000284e+00 6.774179264342059525e-01
3.339999999999999858e+00 6.739396691044887699e-01
3.359999999999999876e+00 6.704923851601150009e-01
3.379999999999999893e+00 6.670755923665548925e-01
3.399999999999999911e+00 6.636887969415067312e-01
3.419999999999999929e+00 6.603315393049580262e-01
3.439999999999999947e+00 6.570033478566000840e-01
3.459999999999999964e+00 6.537037843673684234e-01
3.479999999999999982e+00 6.504323981639461572e-01
3.500000000000000000e+00 6.471887711489008321e-01
3.520000000000000018e+00 6.439724724048655480e-01
3.540000000000000036e+00 6.407831028308372812e-01
3.560000000000000053e+00 6.376202501718950533e-01
3.580000000000000071e+00 6.344835332596249211e-01
3.600000000000000089e+00 6.313725574797172113e-01
3.620000000000000107e+00 6.282869586049329991e-01
3.640000000000000124e+00 6.252263587060433725e-01
3.660000000000000142e+00 6.221904095661360268e-01
3.680000000000000160e+00 6.191787490469273791e-01
3.700000000000000178e+00 6.161910440735973715e-01
3.720000000000000195e+00 6.132269474615452687e-01
3.740000000000000213e+00 6.102861404613127982e-01
3.760000000000000231e+00 6.073682900574645105e-01
3.780000000000000249e+00 6.044730910635526255e-01
3.800000000000000266e+00 6.016002238977345984e-01
3.820000000000000284e+00 5.987493962180506779e-01
3.839999999999999858e+00 5.959203011861299304e-01
3.859999999999999876e+00 5.931126586334362072e-01
3.879999999999999893e+00 5.903261738171807771e-01
3.899999999999999911e+00 5.875605781085190271e-01
3.919999999999999929e+00 5.848155882516385962e-01
3.939999999999999947e+00 5.820909465652428505e-01
3.959999999999999964e+00 5.793863807084490558e-01
3.979999999999999982e+00 5.767016433871687831e-01
4.000000000000000000e+00 5.740364726374407311e-01
4.020000000000000462e+00 5.713906310286842594e-01
4.040000000000000036e+00 5.687638664675649380e-01
4.060000000000000497e+00 5.661559508903953875e-01
4.080000000000000071e+00 5.635666415977615973e-01
4.099999999999999645e+00 5.609957194286654403e-01
4.120000000000000107e+00 5.584429506285085720e-01
4.139999999999999680e+00 5.559081244978216763e-01
4.160000000000000142e+00 5.533910158034889282e-01
4.179999999999999716e+00 5.508914218952339903e-01
4.200000000000000178e+00 5.484091256621553834e-01
4.219999999999999751e+00 5.459439321104255782e-01
4.240000000000000213e+00 5.434956318746047010e-01
4.259999999999999787e+00 5.410640372502931728e-01
4.280000000000000249e+00 5.386489462618155866e-01
4.299999999999999822e+00 5.362501781437961634e-01
4.320000000000000284e+00 5.338675379743226257e-01
4.339999999999999858e+00 5.315008515997327043e-01
4.360000000000000320e+00 5.291499308343347030e-01
4.379999999999999893e+00 5.268146078229110074e-01
4.400000000000000355e+00 5.244947008157336832e-01
4.419999999999999929e+00 5.221900479635919190e-01
4.440000000000000391e+00 5.199004736686776429e-01
4.459999999999999964e+00 5.176258218071380091e-01
4.480000000000000426e+00 5.153659226642561819e-01
4.500000000000000000e+00 5.131206255797949867e-01
4.520000000000000462e+00 5.108897664675570160e-01
4.540000000000000036e+00 5.086731998790243736e-01
4.560000000000000497e+00 5.064707671153604318e-01
4.580000000000000071e+00 5.042823277050978437e-01
4.600000000000000533e+00 5.021077281081925969e-01
4.620000000000000107e+00 4.999468326036958787e-01
4.639999999999999680e+00 4.977994925936276016e-01
4.660000000000000142e+00 4.956655768968302733e-01
4.679999999999999716e+00 4.935449416517905252e-01
4.700000000000000178e+00 4.914374600130517745e-01
4.719999999999999751e+00 4.893429926604504487e-01
4.740000000000000213e+00 4.872614168947066449e-01
4.759999999999999787e+00 4.851925977517547173e-01
4.780000000000000249e+00 4.831364164942875683e-01
4.799999999999999822e+00 4.810927423383708490e-01
4.820000000000000284e+00 4.790614603379739211e-01
4.839999999999999858e+00 4.770424437220890379e-01
4.860000000000000320e+00 4.750355811694181862e-01
4.879999999999999893e+00 4.730407497629283697e-01
4.900000000000000355e+00 4.710578416520934120e-01
4.919999999999999929e+00 4.690867376226919294e-01
4.940000000000000391e+00 4.671273331441392340e-01
4.959999999999999964e+00 4.651795125612133153e-01
4.980000000000000426e+00 4.632431745242193699e-01
5.000000000000000000e+00 4.613182068000557523e-01
5.020000000000000462e+00 4.594045110830970446e-01
5.040000000000000036e+00 4.575019784320317751e-01
5.060000000000000497e+00 4.556105134595737627e-01
5.080000000000000071e+00 4.537300103920749450e-01
5.100000000000000533e+00 4.518603766362550012e-01
5.120000000000000107e+00 4.500015094678504468e-01
5.139999999999999680e+00 4.481533189737644807e-01
5.160000000000000142e+00 4.463157053663783236e-01
5.179999999999999716e+00 4.444885812996220986e-01
5.200000000000000178e+00 4.426718498150186698e-01
5.219999999999999751e+00 4.408654260303720984e-01
5.240000000000000213e+00 4.390692157138049723e-01
5.259999999999999787e+00 4.372831363438446917e-01
5.280000000000000249e+00 4.355070963173626741e-01
5.299999999999999822e+00 4.337410153800301260e-01
5.320000000000000284e+00 4.319848044640651197e-01
5.339999999999999858e+00 4.302383854881130509e-01
5.360000000000000320e+00 4.285016718305525441e-01
5.379999999999999893e+00 4.267745874980199972e-01
5.400000000000000355e+00 4.250570482298724473e-01
5.419999999999999929e+00 4.233489800346236787e-01
5.440000000000000391e+00 4.216503009312092543e-01
5.459999999999999964e+00 4.199609388527872356e-01
5.480000000000000426e+00 4.182808140200721669e-01
5.500000000000000000e+00 4.166098562120049142e-01
5.520000000000000462e+00 4.149479877766890645e-01
5.540000000000000036e+00 4.132951402685958175e-01
5.560000000000000497e+00 4.116512380920755998e-01
5.580000000000000071e+00 4.100162145047965279e-01
5.600000000000000533e+00 4.083899958992869283e-01
5.620000000000000107e+00 4.067725171724630440e-01
5.639999999999999680e+00 4.051637066398935394e-01
5.660000000000000142e+00 4.035635007712978783e-01
5.679999999999999716e+00 4.019718297429214493e-01
5.700000000000000178e+00 4.003886315390382533e-01
5.719999999999999751e+00 3.988138381368608876e-01
5.740000000000000213e+00 3.972473889740835151e-01
5.759999999999999787e+00 3.956892177716845871e-01
5.780000000000000249e+00 3.941392653676934477e-01
5.799999999999999822e+00 3.925974671720504072e-01
5.820000000000000284e+00 3.910637653667933256e-01
5.839999999999999858e+00 3.895380969982933372e-01
5.860000000000000320e+00 3.880204055441877076e-01
5.879999999999999893e+00 3.865106296369286154e-01
5.900000000000000355e+00 3.850087139977661499e-01
5.919999999999999929e+00 3.835145987969429404e-01
5.940000000000000391e+00 3.820282299551646110e-01
5.959999999999999964e+00 3.805495491341473469e-01
5.980000000000000426e+00 3.790785034059971359e-01
6.000000000000000000e+00 3.776150358794631567e-01
6.020000000000000462e+00 3.761590947377606020e-01
6.040000000000000036e+00 3.747106244940193731e-01
6.060000000000000497e+00 3.732695743980716796e-01
6.080000000000000071e+00 3.718358903264893933e-01
6.100000000000000533e+00 3.704095225589464913e-01
6.120000000000000107e+00 3.689904182961408763e-01
6.140000000000000568e+00 3.675785288063318501e-01
6.160000000000000142e+00 3.661738025765854943e-01
6.179999999999999716e+00 3.647761918301762329e-01
6.200000000000000178e+00 3.633856463042686724e-01
6.219999999999999751e+00 3.620021191388241855e-01
6.240000000000000213e+00 3.606255612862520610e-01
6.259999999999999787e+00 3.592559267725581873e-01
6.280000000000000249e+00 3.578931677318974436e-01
6.299999999999999822e+00 3.565372390406605918e-01
6.320000000000000284e+00 3.551880939825448058e-01
6.339999999999999858e+00 3.538456882563518202e-01
6.360000000000000320e+00 3.525099762643548740e-01
6.379999999999999893e+00 3.511809144945298167e-01
6.400000000000000355e+00 3.498584584379477169e-01
6.419999999999999929e+00 3.485425653462270179e-01
6.440000000000000391e+00 3.472331917705841486e-01
6.459999999999999964e+00 3.459302956952490238e-01
6.480000000000000426e+00 3.446338347040225902e-01
6.500000000000000000e+00 3.433437674904504244e-01
6.520000000000000462e+00 3.420600526443884348e-01
6.540000000000000036e+00 3.407826495396680810e-01
6.560000000000000497e+00 3.395115177466675460e-01
6.580000000000000071e+00 3.382466172982603325e-01
6.600000000000000533e+00 3.369879087207672264e-01
6.620000000000000107e+00 3.357353526788974252e-01
6.640000000000000568e+00 3.344889106312440852e-01
6.660000000000000142e+00 3.332485438549874779e-01
6.679999999999999716e+00 3.320142147181961434e-01
6.700000000000000178e+00 3.307858850849756394e-01
6.719999999999999751e+00 3.295635182109101224e-01
6.740000000000000213e+00 3.283470765294022597e-01
6.759999999999999787e+00 3.271365241623933051e-01
6.780000000000000249e+00 3.259318240885412110e-01
6.799999999999999822e+00 3.247329412757645195e-01
6.820000000000000284e+00 3.235398392319316918e-01
6.839999999999999858e+00 3.223524837512972696e-01
6.860000000000000320e+00 3.211708388482712451e-01
6.879999999999999893e+00 3.199948711245045319e-01
6.900000000000000355e+00 3.188245450863790298e-01
6.919999999999999929e+00 3.176598281246897915e-01
6.940000000000000391e+00 3.165006852163694262e-01
6.959999999999999964e+00 3.153470845237551501e-01
6.980000000000000426e+00 3.141989914811069706e-01
7.000000000000000000e+00 3.130563750053385608e-01
7.020000000000000462e+00 3.119192009677518862e-01
7.040000000000000036e+00 3.107874390234701134e-01
7.060000000000000497e+00 3.096610554688609129e-01
7.080000000000000071e+00 3.085400206814697954e-01
7.100000000000000533e+00 3.074243013634800348e-01
7.120000000000000107e+00 3.063138685996376620e-01
7.140000000000000568e+00 3.052086894871104406e-01
7.160000000000000142e+00 3.041087358031573373e-01
7.179999999999999716e+00 3.030139750216200856e-01
7.200000000000000178e+00 3.019243795980998124e-01
7.219999999999999751e+00 3.008399173733450893e-01
7.240000000000000213e+00 2.997605614676304708e-01
7.259999999999999787e+00 2.986862800711529986e-01
7.280000000000000249e+00 2.976170469556650988e-01
7.299999999999999822e+00 2.965528306520272550e-01
7.320000000000000284e+00 2.954936055707414466e-01
7.339999999999999858e+00 2.944393405666489438e-01
7.360000000000000320e+00 2.933900106767159954e-01
7.379999999999999893e+00 2.923455850718913451e-01
7.400000000000000355e+00 2.913060394037522705e-01
7.419999999999999929e+00 2.902713431433639468e-01
7.440000000000000391e+00 2.892414725454736102e-01
7.459999999999999964e+00 2.882163973742389862e-01
7.480000000000000426e+00 2.871960944765354351e-01
7.500000000000000000e+00 2.861805338942549071e-01
7.520000000000000462e+00 2.851696930557406917e-01
7.540000000000000036e+00 2.841635422743863937e-01
7.560000000000000497e+00 2.831620595497219006e-01
7.580000000000000071e+00 2.821652154518433653e-01
7.600000000000000533e+00 2.811729885415378827e-01
7.620000000000000107e+00 2.801853496401039978e-01
7.640000000000000568e+00 2.792022778600107835e-01
7.660000000000000142e+00 2.782237442594768240e-01
7.679999999999999716e+00 2.772497284934063999e-01
7.700000000000000178e+00 2.762802018521114400e-01
7.719999999999999751e+00 2.753151445240133444e-01
7.740000000000000213e+00 2.743545280176944434e-01
7.759999999999999787e+00 2.733983330464889172e-01
7.780000000000000249e+00 2.724465313330555749e-01
7.799999999999999822e+00 2.714991041073369638e-01
7.820000000000000284e+00 2.705560232926568776e-01
7.839999999999999858e+00 2.696172706275559161e-01
7.860000000000000320e+00 2.686828182324186298e-01
7.879999999999999893e+00 2.677526483466620144e-01
7.900000000000000355e+00 2.668267332746780962e-01
7.919999999999999929e+00 2.659050557493112255e-01
7.940000000000000391e+00 2.649875882559109552e-01
7.959999999999999964e+00 2.640743140135659583e-01
7.980000000000000426e+00 2.631652056758536640e-01
8.000000000000000000e+00 2.622602469411786097e-01
8.019999999999999574e+00 2.613594106288130159e-01
8.040000000000000924e+00 2.604626809098099516e-01
8.060000000000000497e+00 2.595700307566784493e-01
8.080000000000000071e+00 2.586814448066910854e-01
8.099999999999999645e+00 2.577968961835471751e-01
8.120000000000000995e+00 2.569163699845417037e-01
8.140000000000000568e+00 2.560398394723601423e-01
8.160000000000000142e+00 2.551672901983539909e-01
8.179999999999999716e+00 2.542986955625936574e-01
8.199999999999999289e+00 2.534340415647530764e-01
8.220000000000000639e+00 2.525733017302830286e-01
8.240000000000000213e+00 2.517164625016564128e-01
8.259999999999999787e+00 2.508634975285352064e-01
8.279999999999999361e+00 2.500143936908790776e-01
8.300000000000000711e+00 2.491691247507353546e-01
8.320000000000000284e+00 2.483276780204402845e-01
8.339999999999999858e+00 2.474900273736568290e-01
8.359999999999999432e+00 2.466561605501972065e-01
8.380000000000000782e+00 2.458260515236499744e-01
8.400000000000000355e+00 2.449996884565924515e-01
8.419999999999999929e+00 2.441770454221504072e-01
8.439999999999999503e+00 2.433581110011412696e-01
8.460000000000000853e+00 2.425428593546616052e-01
8.480000000000000426e+00 2.417312794774294504e-01
8.500000000000000000e+00 2.409233456184766420e-01
8.519999999999999574e+00 2.401190471822728378e-01
8.540000000000000924e+00 2.393183584942929765e-01
8.560000000000000497e+00 2.385212693647817128e-01
8.580000000000000071e+00 2.377277541959663676e-01
8.599999999999999645e+00 2.369378032000545031e-01
8.620000000000000995e+00 2.361513908445993515e-01
8.640000000000000568e+00 2.353685077401356518e-01
8.660000000000000142e+00 2.345891284201652716e-01
8.679999999999999716e+00 2.338132438900820675e-01
8.700000000000001066e+00 2.330408287379426013e-01
8.720000000000000639e+00 2.322718743606893288e-01
8.740000000000000213e+00 2.315063554018551295e-01
8.759999999999999787e+00 2.307442636467828823e-01
8.779999999999999361e+00 2.299855737831043023e-01
8.800000000000000711e+00 2.292302779815608704e-01
8.820000000000000284e+00 2.284783509750927810e-01
8.839999999999999858e+00 2.277297853170019704e-01
8.859999999999999432e+00 2.269845557741445030e-01
8.880000000000000782e+00 2.262426552796868162e-01
8.900000000000000355e+00 2.255040586358818544e-01
8.919999999999999929e+00 2.247687591532142315e-01
8.939999999999999503e+00 2.240367316579082446e-01
8.960000000000000853e+00 2.233079698353678810e-01
8.980000000000000426e+00 2.225824485375236805e-01
9.000000000000000000e+00 2.218601618224400884e-01
9.019999999999999574e+00 2.211410845562755412e-01
9.040000000000000924e+00 2.204252111676342496e-01
9.060000000000000497e+00 2.197125165388869039e-01
9.080000000000000071e+00 2.190029954671957879e-01
9.099999999999999645e+00 2.182966228395913366e-01
9.120000000000000995e+00 2.175933938199454687e-01
9.140000000000000568e+00 2.168932833021619544e-01
9.160000000000000142e+00 2.161962868151243722e-01
9.179999999999999716e+00 2.155023792479498213e-01
9.200000000000001066e+00 2.148115564929548027e-01
9.220000000000000639e+00 2.141237934369187579e-01
9.240000000000000213e+00 2.134390863341399935e-01
9.259999999999999787e+00 2.127574100572914018e-01
9.279999999999999361e+00 2.120787612213378692e-01
9.300000000000000711e+00 2.114031146875013367e-01
9.320000000000000284e+00 2.107304674302283853e-01
9.339999999999999858e+00 2.100607942873842782e-01
9.359999999999999432e+00 2.093940925918437723e-01
9.380000000000000782e+00 2.087303371609689484e-01
9.400000000000000355e+00 2.080695256851269326e-01
9.419999999999999929e+00 2.074116329491257626e-01
9.439999999999999503e+00 2.067566570000212711e-01
9.460000000000000853e+00 2.061045725931149597e-01
9.480000000000000426e+00 2.054553781314688576e-01
9.500000000000000000e+00 2.048090483286476582e-01
9.519999999999999574e+00 2.041655819431663632e-01
9.540000000000000924e+00 2.035249536500966516e-01
9.560000000000000497e+00 2.028871625629702635e-01
9.580000000000000071e+00 2.022521833059380547e-01
9.599999999999999645e+00 2.016200153472439416e-01
9.620000000000000995e+00 2.009906332635374160e-01
