# Electrodo circular de radio 6 mm y espesor 710.0 um.
# Volumen de simulacion (convencion z,y,x):
# N: 1024 x 1024 x 1024 | voxelSize:  0.02mm x 0.02mm x 0.02mm | FOV:  20.48mm x 20.48mm x 20.48mm
# 
# z [mm]		 delta[ppm]
0.000000000000000000e+00 2.365849076855413902e+00
2.000000000000000042e-02 2.363460147338520834e+00
4.000000000000000083e-02 2.360998364176066566e+00
5.999999999999999778e-02 2.358464096535926480e+00
8.000000000000000167e-02 2.355857739232037229e+00
1.000000000000000056e-01 2.353179702749446545e+00
1.199999999999999956e-01 2.350430405271674683e+00
1.400000000000000133e-01 2.347610277058227446e+00
1.600000000000000033e-01 2.344719756270674527e+00
1.799999999999999933e-01 2.341759292728431863e+00
2.000000000000000111e-01 2.338729343909827563e+00
2.200000000000000011e-01 2.335630378710956023e+00
2.399999999999999911e-01 2.332462873279288029e+00
2.600000000000000089e-01 2.329227314932189152e+00
2.800000000000000266e-01 2.325924197822348827e+00
2.999999999999999889e-01 2.322554027022697198e+00
3.200000000000000067e-01 2.319117314009278452e+00
3.400000000000000244e-01 2.315614580916767196e+00
3.599999999999999867e-01 2.312046355845601475e+00
3.800000000000000044e-01 2.308413177286263274e+00
4.000000000000000222e-01 2.304715589248945928e+00
4.199999999999999845e-01 2.300954145855745203e+00
4.400000000000000022e-01 2.297129406297862886e+00
4.600000000000000200e-01 2.293241939593417378e+00
4.799999999999999822e-01 2.289292319373421147e+00
5.000000000000000000e-01 2.285281128803165362e+00
5.200000000000000178e-01 2.281208955201432964e+00
5.400000000000000355e-01 2.277076395122895391e+00
5.600000000000000533e-01 2.272884048812934488e+00
5.799999999999999600e-01 2.268632525448533777e+00
5.999999999999999778e-01 2.264322437432994661e+00
6.199999999999999956e-01 2.259954405792519605e+00
6.400000000000000133e-01 2.255529054313825998e+00
6.600000000000000311e-01 2.251047015093576409e+00
6.800000000000000488e-01 2.246508922523192453e+00
7.000000000000000666e-01 2.241915418988067898e+00
7.199999999999999734e-01 2.237267148703022457e+00
7.399999999999999911e-01 2.232564763558207765e+00
7.600000000000000089e-01 2.227808916809531858e+00
7.800000000000000266e-01 2.223000269067987311e+00
8.000000000000000444e-01 2.218139481848814487e+00
8.200000000000000622e-01 2.213227223700904744e+00
8.399999999999999689e-01 2.208264163619142018e+00
8.599999999999999867e-01 2.203250977310378556e+00
8.800000000000000044e-01 2.198188340473020919e+00
9.000000000000000222e-01 2.193076935195955812e+00
9.200000000000000400e-01 2.187917443109948401e+00
9.400000000000000577e-01 2.182710551915835406e+00
9.599999999999999645e-01 2.177456948411964355e+00
9.799999999999999822e-01 2.172157325147848983e+00
1.000000000000000000e+00 2.166812373332366537e+00
1.020000000000000018e+00 2.161422789608904882e+00
1.040000000000000036e+00 2.155989268848804485e+00
1.060000000000000053e+00 2.150512511043972008e+00
1.080000000000000071e+00 2.144993213990378234e+00
1.100000000000000089e+00 2.139432080293978800e+00
1.120000000000000107e+00 2.133829809948940337e+00
1.140000000000000124e+00 2.128187107452614857e+00
1.159999999999999920e+00 2.122504674283446136e+00
1.179999999999999938e+00 2.116783216120615485e+00
1.199999999999999956e+00 2.111023435226485834e+00
1.219999999999999973e+00 2.105226037766448233e+00
1.239999999999999991e+00 2.099391726100967137e+00
1.260000000000000009e+00 2.093521206201065965e+00
1.280000000000000027e+00 2.087615179854979797e+00
1.300000000000000044e+00 2.081674352174577081e+00
1.320000000000000062e+00 2.075699423721853787e+00
1.340000000000000080e+00 2.069691098101495985e+00
1.360000000000000098e+00 2.063650074012375768e+00
1.380000000000000115e+00 2.057577052921364391e+00
1.400000000000000133e+00 2.051472731045166586e+00
1.419999999999999929e+00 2.045337807100401140e+00
1.439999999999999947e+00 2.039172974221077794e+00
1.459999999999999964e+00 2.032978927779845346e+00
1.479999999999999982e+00 2.026756357246589868e+00
1.500000000000000000e+00 2.020505954075657584e+00
1.520000000000000018e+00 2.014228403511024279e+00
1.540000000000000036e+00 2.007924392534186087e+00
1.560000000000000053e+00 2.001594601621505820e+00
1.580000000000000071e+00 1.995239712747401306e+00
1.600000000000000089e+00 1.988860401099427966e+00
1.620000000000000107e+00 1.982457343131288852e+00
1.640000000000000124e+00 1.976031208241376680e+00
1.660000000000000142e+00 1.969582666870031362e+00
1.679999999999999938e+00 1.963112382147243595e+00
1.699999999999999956e+00 1.956621018028501302e+00
1.719999999999999973e+00 1.950109230917493885e+00
1.739999999999999991e+00 1.943577677834792627e+00
1.760000000000000009e+00 1.937027008021386942e+00
1.780000000000000027e+00 1.930457871134348080e+00
1.800000000000000044e+00 1.923870908837166160e+00
1.820000000000000062e+00 1.917266763016460374e+00
1.840000000000000080e+00 1.910646067365080913e+00
1.860000000000000098e+00 1.904009455613842494e+00
1.880000000000000115e+00 1.897357553113451667e+00
1.900000000000000133e+00 1.890690985075195174e+00
1.919999999999999929e+00 1.884010368157740478e+00
1.939999999999999947e+00 1.877316318710606780e+00
1.959999999999999964e+00 1.870609444372032915e+00
1.979999999999999982e+00 1.863890352308956055e+00
2.000000000000000000e+00 1.857159640832140690e+00
2.020000000000000018e+00 1.850417907626344283e+00
2.040000000000000036e+00 1.843665741388981205e+00
2.060000000000000053e+00 1.836903730044075811e+00
2.080000000000000071e+00 1.830132452410749400e+00
2.100000000000000089e+00 1.823352486394482996e+00
2.120000000000000107e+00 1.816564400691839998e+00
2.140000000000000124e+00 1.809768762952467469e+00
2.160000000000000142e+00 1.802966131526458904e+00
2.180000000000000160e+00 1.796157063590480440e+00
2.200000000000000178e+00 1.789342106944274979e+00
2.220000000000000195e+00 1.782521808094215787e+00
2.240000000000000213e+00 1.775696704105470092e+00
2.260000000000000231e+00 1.768867330636227253e+00
2.280000000000000249e+00 1.762034213852111675e+00
2.300000000000000266e+00 1.755197878404266998e+00
2.319999999999999840e+00 1.748358839412648580e+00
2.339999999999999858e+00 1.741517610381063896e+00
2.359999999999999876e+00 1.734674695256058108e+00
2.379999999999999893e+00 1.727830596271966668e+00
2.399999999999999911e+00 1.720985806092098613e+00
2.419999999999999929e+00 1.714140815576800758e+00
2.439999999999999947e+00 1.707296106013759918e+00
2.459999999999999964e+00 1.700452156801995462e+00
2.479999999999999982e+00 1.693609437778099025e+00
2.500000000000000000e+00 1.686768416809045101e+00
2.520000000000000018e+00 1.679929552221266720e+00
2.540000000000000036e+00 1.673093300295109165e+00
2.560000000000000053e+00 1.666260107803656965e+00
2.580000000000000071e+00 1.659430419401594303e+00
2.600000000000000089e+00 1.652604670280791943e+00
2.620000000000000107e+00 1.645783293446288376e+00
2.640000000000000124e+00 1.638966712495650402e+00
2.660000000000000142e+00 1.632155348774741110e+00
2.680000000000000160e+00 1.625349614287951550e+00
2.700000000000000178e+00 1.618549918726373216e+00
2.720000000000000195e+00 1.611756662515998029e+00
2.740000000000000213e+00 1.604970243710864608e+00
2.760000000000000231e+00 1.598191051186434564e+00
2.780000000000000249e+00 1.591419471390220775e+00
2.800000000000000266e+00 1.584655881687526691e+00
2.819999999999999840e+00 1.577900656962057502e+00
2.839999999999999858e+00 1.571154163121284864e+00
2.859999999999999876e+00 1.564416763539478783e+00
2.879999999999999893e+00 1.557688812729987937e+00
2.899999999999999911e+00 1.550970662623073926e+00
2.919999999999999929e+00 1.544262656412496604e+00
2.939999999999999947e+00 1.537565134660470623e+00
2.959999999999999964e+00 1.530878429325938983e+00
2.979999999999999982e+00 1.524202869688975337e+00
3.000000000000000000e+00 1.517538776568186476e+00
3.020000000000000018e+00 1.510886468056837906e+00
3.040000000000000036e+00 1.504246253936835087e+00
3.060000000000000053e+00 1.497618441218800944e+00
3.080000000000000071e+00 1.491003328760193147e+00
3.100000000000000089e+00 1.484401212601509812e+00
3.120000000000000107e+00 1.477812380796084568e+00
3.140000000000000124e+00 1.471237118534588495e+00
3.160000000000000142e+00 1.464675703194127543e+00
3.180000000000000160e+00 1.458128409243141688e+00
3.200000000000000178e+00 1.451595503517435715e+00
3.220000000000000195e+00 1.445077249897589233e+00
3.240000000000000213e+00 1.438573904819588911e+00
3.260000000000000231e+00 1.432085721716797044e+00
3.280000000000000249e+00 1.425612946772925493e+00
3.300000000000000266e+00 1.419155823120561877e+00
3.320000000000000284e+00 1.412714586844261655e+00
3.339999999999999858e+00 1.406289470927616136e+00
3.359999999999999876e+00 1.399880701514254921e+00
3.379999999999999893e+00 1.393488501595409046e+00
3.399999999999999911e+00 1.387113087536687495e+00
3.419999999999999929e+00 1.380754672498035296e+00
3.439999999999999947e+00 1.374413463234146704e+00
3.459999999999999964e+00 1.368089663238752696e+00
3.479999999999999982e+00 1.361783469826565396e+00
3.500000000000000000e+00 1.355495076993731285e+00
3.520000000000000018e+00 1.349224672789290480e+00
3.540000000000000036e+00 1.342972441883633072e+00
3.560000000000000053e+00 1.336738563237446664e+00
3.580000000000000071e+00 1.330523212369951080e+00
3.600000000000000089e+00 1.324326559333403708e+00
3.620000000000000107e+00 1.318148770672884718e+00
3.640000000000000124e+00 1.311990007714388007e+00
3.660000000000000142e+00 1.305850428207919522e+00
3.680000000000000160e+00 1.299730184937285760e+00
3.700000000000000178e+00 1.293629427038188062e+00
3.720000000000000195e+00 1.287548298937868596e+00
3.740000000000000213e+00 1.281486941339886609e+00
3.760000000000000231e+00 1.275445490501772028e+00
3.780000000000000249e+00 1.269424078878159667e+00
3.800000000000000266e+00 1.263422834744653445e+00
3.820000000000000284e+00 1.257441882490930363e+00
3.839999999999999858e+00 1.251481342599082280e+00
3.859999999999999876e+00 1.245541331578282618e+00
3.879999999999999893e+00 1.239621962305873293e+00
3.899999999999999911e+00 1.233723343595160227e+00
3.919999999999999929e+00 1.227845580907579892e+00
3.939999999999999947e+00 1.221988775545159722e+00
3.959999999999999964e+00 1.216153025742102489e+00
3.979999999999999982e+00 1.210338425473420854e+00
4.000000000000000000e+00 1.204545065934355286e+00
4.020000000000000462e+00 1.198773033956643808e+00
4.040000000000000036e+00 1.193022413884178734e+00
4.060000000000000497e+00 1.187293285588394198e+00
4.080000000000000071e+00 1.181585726748608733e+00
4.099999999999999645e+00 1.175899810457967876e+00
4.120000000000000107e+00 1.170235607916940479e+00
4.139999999999999680e+00 1.164593185621205285e+00
4.160000000000000142e+00 1.158972608476873889e+00
4.179999999999999716e+00 1.153373936561667756e+00
4.200000000000000178e+00 1.147797228670398351e+00
4.219999999999999751e+00 1.142242538640801497e+00
4.240000000000000213e+00 1.136709919337884900e+00
4.259999999999999787e+00 1.131199418535715262e+00
4.280000000000000249e+00 1.125711083349241859e+00
4.299999999999999822e+00 1.120244955663332709e+00
4.320000000000000284e+00 1.114801077020767917e+00
4.339999999999999858e+00 1.109379483589736815e+00
4.360000000000000320e+00 1.103980211516724097e+00
4.379999999999999893e+00 1.098603291423678963e+00
4.400000000000000355e+00 1.093248754234523057e+00
4.419999999999999929e+00 1.087916625193213971e+00
4.440000000000000391e+00 1.082606930172606230e+00
4.459999999999999964e+00 1.077319689204576658e+00
4.480000000000000426e+00 1.072054923280091332e+00
4.500000000000000000e+00 1.066812647382462398e+00
4.520000000000000462e+00 1.061592877787481237e+00
4.540000000000000036e+00 1.056395624590927840e+00
4.560000000000000497e+00 1.051220899517629981e+00
4.580000000000000071e+00 1.046068707934284969e+00
4.600000000000000533e+00 1.040939057176372362e+00
4.620000000000000107e+00 1.035831948037300609e+00
4.639999999999999680e+00 1.030747383622160118e+00
4.660000000000000142e+00 1.025685360304178451e+00
4.679999999999999716e+00 1.020645877114287225e+00
4.700000000000000178e+00 1.015628926155853318e+00
4.719999999999999751e+00 1.010634502539127899e+00
4.740000000000000213e+00 1.005662594245137598e+00
4.759999999999999787e+00 1.000713192614100855e+00
4.780000000000000249e+00 9.957862816493605607e-01
4.799999999999999822e+00 9.908818490689016434e-01
4.820000000000000284e+00 9.859998750401686163e-01
4.839999999999999858e+00 9.811403438038225344e-01
4.860000000000000320e+00 9.763032318302637957e-01
4.879999999999999893e+00 9.714885200248317698e-01
4.900000000000000355e+00 9.666961812968020151e-01
4.919999999999999929e+00 9.619261933552730737e-01
4.940000000000000391e+00 9.571785256813454268e-01
4.959999999999999964e+00 9.524531529240064520e-01
4.980000000000000426e+00 9.477500412661784557e-01
5.000000000000000000e+00 9.430691624299153419e-01
5.020000000000000462e+00 9.384104794269679806e-01
5.040000000000000036e+00 9.337739611826839647e-01
5.060000000000000497e+00 9.291595676616818400e-01
5.080000000000000071e+00 9.245672651198659775e-01
5.100000000000000533e+00 9.199970105957765432e-01
5.120000000000000107e+00 9.154487678001976825e-01
5.139999999999999680e+00 9.109224909636797207e-01
5.160000000000000142e+00 9.064181413732598225e-01
5.179999999999999716e+00 9.019356705666234930e-01
5.200000000000000178e+00 8.974750375255097223e-01
5.219999999999999751e+00 8.930361912069282315e-01
5.240000000000000213e+00 8.886190884028543069e-01
5.259999999999999787e+00 8.842236755988683861e-01
5.280000000000000249e+00 8.798499075098200617e-01
5.299999999999999822e+00 8.754977282562211860e-01
5.320000000000000284e+00 8.711670905855616320e-01
5.339999999999999858e+00 8.668579363567407992e-01
5.360000000000000320e+00 8.625702164568234132e-01
5.379999999999999893e+00 8.583038705837008342e-01
5.400000000000000355e+00 8.540588478681180318e-01
5.419999999999999929e+00 8.498350859447317829e-01
5.440000000000000391e+00 8.456325322892881413e-01
5.459999999999999964e+00 8.414511225681980955e-01
5.480000000000000426e+00 8.372908027007710530e-01
5.500000000000000000e+00 8.331515064773805657e-01
5.520000000000000462e+00 8.290331783567520541e-01
5.540000000000000036e+00 8.249357503427011684e-01
5.560000000000000497e+00 8.208591655265364828e-01
5.580000000000000071e+00 8.168033542123098734e-01
5.600000000000000533e+00 8.127682582144193368e-01
5.620000000000000107e+00 8.087538062212966672e-01
5.639999999999999680e+00 8.047599388583474012e-01
5.660000000000000142e+00 8.007865832798936045e-01
5.679999999999999716e+00 7.968336790077036325e-01
5.700000000000000178e+00 7.929011517409320087e-01
5.719999999999999751e+00 7.889889399805322112e-01
5.740000000000000213e+00 7.850969680469135348e-01
5.759999999999999787e+00 7.812251735005599773e-01
5.780000000000000249e+00 7.773734793570511448e-01
5.799999999999999822e+00 7.735418223143162297e-01
5.820000000000000284e+00 7.697301241545906336e-01
5.839999999999999858e+00 7.659383207887671130e-01
5.860000000000000320e+00 7.621663328348071698e-01
5.879999999999999893e+00 7.584140954897476972e-01
5.900000000000000355e+00 7.546815282740009234e-01
5.919999999999999929e+00 7.509685657416217408e-01
5.940000000000000391e+00 7.472751263798831367e-01
5.959999999999999964e+00 7.436011441684879930e-01
5.980000000000000426e+00 7.399465366237139019e-01
6.000000000000000000e+00 7.363112372173328257e-01
6.020000000000000462e+00 7.326951625545561342e-01
6.040000000000000036e+00 7.290982456634821363e-01
6.060000000000000497e+00 7.255204022960203281e-01
6.080000000000000071e+00 7.219615650987500910e-01
6.100000000000000533e+00 7.184216490258951149e-01
6.120000000000000107e+00 7.149005864026131141e-01
6.140000000000000568e+00 7.113982914390051260e-01
6.160000000000000142e+00 7.079146961968670881e-01
6.179999999999999716e+00 7.044497141936990614e-01
6.200000000000000178e+00 7.010032772840461002e-01
6.219999999999999751e+00 6.975752983423367803e-01
6.240000000000000213e+00 6.941657090700450450e-01
6.259999999999999787e+00 6.907744217461357916e-01
6.280000000000000249e+00 6.874013679713167901e-01
6.299999999999999822e+00 6.840464594747851512e-01
6.320000000000000284e+00 6.807096278069636464e-01
6.339999999999999858e+00 6.773907841911442906e-01
6.360000000000000320e+00 6.740898601761563524e-01
6.379999999999999893e+00 6.708067665214466624e-01
6.400000000000000355e+00 6.675414348212119764e-01
6.419999999999999929e+00 6.642937754113470428e-01
6.440000000000000391e+00 6.610637199766878913e-01
6.459999999999999964e+00 6.578511784681712049e-01
6.480000000000000426e+00 6.546560827048927278e-01
6.500000000000000000e+00 6.514783422897504339e-01
6.520000000000000462e+00 6.483178892181251651e-01
6.540000000000000036e+00 6.451746327801697323e-01
6.560000000000000497e+00 6.420485051880133742e-01
6.580000000000000071e+00 6.389394154527826553e-01
6.600000000000000533e+00 6.358472960423128262e-01
6.620000000000000107e+00 6.327720557208744712e-01
6.640000000000000568e+00 6.297136272494906484e-01
6.660000000000000142e+00 6.266719191762613050e-01
6.679999999999999716e+00 6.236468645914462483e-01
6.700000000000000178e+00 6.206383718561993001e-01
6.719999999999999751e+00 6.176463744246875054e-01
6.740000000000000213e+00 6.146707804989260948e-01
6.759999999999999787e+00 6.117115239303120289e-01
6.780000000000000249e+00 6.087685127881590219e-01
6.799999999999999822e+00 6.058416813531095624e-01
6.820000000000000284e+00 6.029309375868706633e-01
6.839999999999999858e+00 6.000362162300830748e-01
6.860000000000000320e+00 5.971574251606522887e-01
6.879999999999999893e+00 5.942944996087403675e-01
6.900000000000000355e+00 5.914473473909930279e-01
6.919999999999999929e+00 5.886159042554299781e-01
6.940000000000000391e+00 5.858000779787634338e-01
6.959999999999999964e+00 5.829998048540449007e-01
6.980000000000000426e+00 5.802149926381912071e-01
7.000000000000000000e+00 5.774455781953621303e-01
7.020000000000000462e+00 5.746914692816604830e-01
7.040000000000000036e+00 5.719526033573474333e-01
7.060000000000000497e+00 5.692288881955827051e-01
7.080000000000000071e+00 5.665202618766710385e-01
7.100000000000000533e+00 5.638266322076262993e-01
7.120000000000000107e+00 5.611479379117348953e-01
7.140000000000000568e+00 5.584840868456050211e-01
7.160000000000000142e+00 5.558350183974728465e-01
7.179999999999999716e+00 5.532006404882698902e-01
7.200000000000000178e+00 5.505808931921991611e-01
7.219999999999999751e+00 5.479756845082686123e-01
7.240000000000000213e+00 5.453849552167567838e-01
7.259999999999999787e+00 5.428086134075467140e-01
7.280000000000000249e+00 5.402466005862243126e-01
7.299999999999999822e+00 5.376988249454187629e-01
7.320000000000000284e+00 5.351652287344090819e-01
7.339999999999999858e+00 5.326457202595671347e-01
7.360000000000000320e+00 5.301402425314263311e-01
7.379999999999999893e+00 5.276487039802265633e-01
7.400000000000000355e+00 5.251710483945273289e-01
7.419999999999999929e+00 5.227071843377339988e-01
7.440000000000000391e+00 5.202570563924551195e-01
7.459999999999999964e+00 5.178205732637427561e-01
7.480000000000000426e+00 5.153976803435361687e-01
7.500000000000000000e+00 5.129882864862509440e-01
7.520000000000000462e+00 5.105923379077297319e-01
7.540000000000000036e+00 5.082097436187210659e-01
7.560000000000000497e+00 5.058404506728660932e-01
7.580000000000000071e+00 5.034843682434734236e-01
7.600000000000000533e+00 5.011414442352239984e-01
7.620000000000000107e+00 4.988115879895338445e-01
7.640000000000000568e+00 4.964947482747400498e-01
7.660000000000000142e+00 4.941908346052131251e-01
7.679999999999999716e+00 4.918997966249584741e-01
7.700000000000000178e+00 4.896215440255138884e-01
7.719999999999999751e+00 4.873560273379718977e-01
7.740000000000000213e+00 4.851031564346204861e-01
7.759999999999999787e+00 4.828628827445111127e-01
7.780000000000000249e+00 4.806351163236506352e-01
7.799999999999999822e+00 4.784198095093809555e-01
7.820000000000000284e+00 4.762168725438149508e-01
7.839999999999999858e+00 4.740262586824005031e-01
7.860000000000000320e+00 4.718478783551828259e-01
7.879999999999999893e+00 4.696816857450383798e-01
7.900000000000000355e+00 4.675275914712251346e-01
7.919999999999999929e+00 4.653855506528970509e-01
7.940000000000000391e+00 4.632554740992850251e-01
7.959999999999999964e+00 4.611373178742139145e-01
7.980000000000000426e+00 4.590309929771416719e-01
8.000000000000000000e+00 4.569364564245236293e-01
8.019999999999999574e+00 4.548536194058183657e-01
8.040000000000000924e+00 4.527824398976518228e-01
8.060000000000000497e+00 4.507228292787912038e-01
8.080000000000000071e+00 4.486747464931752361e-01
8.099999999999999645e+00 4.466381031077406027e-01
8.120000000000000995e+00 4.446128590404965220e-01
8.140000000000000568e+00 4.425989260449805784e-01
8.160000000000000142e+00 4.405962650196675878e-01
8.179999999999999716e+00 4.386047879027132335e-01
8.199999999999999289e+00 4.366244565790985410e-01
8.220000000000000639e+00 4.346551831692241352e-01
8.240000000000000213e+00 4.326969305502894603e-01
8.259999999999999787e+00 4.307496110221762375e-01
8.279999999999999361e+00 4.288131884596952936e-01
8.300000000000000711e+00 4.268875753390860561e-01
8.320000000000000284e+00 4.249727365378624944e-01
8.339999999999999858e+00 4.230685847051410819e-01
8.359999999999999432e+00 4.211750857259337621e-01
8.380000000000000782e+00 4.192921524184405335e-01
8.400000000000000355e+00 4.174197516796833152e-01
8.419999999999999929e+00 4.155577964928139356e-01
8.439999999999999503e+00 4.137062547711207183e-01
8.460000000000000853e+00 4.118650396582725914e-01
8.480000000000000426e+00 4.100341200878274139e-01
8.500000000000000000e+00 4.082134093592462154e-01
8.519999999999999574e+00 4.064028774301190472e-01
8.540000000000000924e+00 4.046024377506890479e-01
8.560000000000000497e+00 4.028120613061148547e-01
8.580000000000000071e+00 4.010316616921485999e-01
8.599999999999999645e+00 3.992612109248279695e-01
8.620000000000000995e+00 3.975006227398907299e-01
8.640000000000000568e+00 3.957498701873604641e-01
8.660000000000000142e+00 3.940088671371901330e-01
8.679999999999999716e+00 3.922775876763024416e-01
8.700000000000001066e+00 3.905559458028641240e-01
8.720000000000000639e+00 3.888439166434206062e-01
8.740000000000000213e+00 3.871414143181328704e-01
8.759999999999999787e+00 3.854484149957081440e-01
8.779999999999999361e+00 3.837648329118820145e-01
8.800000000000000711e+00 3.820906452798970565e-01
8.820000000000000284e+00 3.804257664444342102e-01
8.839999999999999858e+00 3.787701746654896229e-01
8.859999999999999432e+00 3.771237843898804787e-01
8.880000000000000782e+00 3.754865749264153507e-01
8.900000000000000355e+00 3.738584608170639756e-01
8.919999999999999929e+00 3.722394224213499414e-01
8.939999999999999503e+00 3.706293743692531950e-01
8.960000000000000853e+00 3.690282980727894180e-01
8.980000000000000426e+00 3.674361082426382263e-01
9.000000000000000000e+00 3.658527873449489154e-01
9.019999999999999574e+00 3.642782501636482317e-01
9.040000000000000924e+00 3.627124802205377030e-01
9.060000000000000497e+00 3.611553923652043863e-01
9.080000000000000071e+00 3.596069711764833254e-01
9.099999999999999645e+00 3.580671315619222139e-01
9.120000000000000995e+00 3.565358591586644255e-01
9.140000000000000568e+00 3.550130689243828908e-01
9.160000000000000142e+00 3.534987475557084813e-01
9.179999999999999716e+00 3.519928100524857273e-01
9.200000000000001066e+00 3.504952441719039191e-01
9.220000000000000639e+00 3.490059649479527182e-01
9.240000000000000213e+00 3.475249611993187493e-01
9.259999999999999787e+00 3.460521479860161342e-01
9.279999999999999361e+00 3.445875151890988031e-01
9.300000000000000711e+00 3.431309778863871895e-01
9.320000000000000284e+00 3.416825270220824606e-01
9.339999999999999858e+00 3.402420776835217153e-01
9.359999999999999432e+00 3.388096218787370328e-01
9.380000000000000782e+00 3.373850746962342440e-01
9.400000000000000355e+00 3.359684292084522683e-01
9.419999999999999929e+00 3.345596004966765458e-01
9.439999999999999503e+00 3.331585826982757514e-01
9.460000000000000853e+00 3.317652908788308874e-01
9.480000000000000426e+00 3.303797202410770906e-01
9.500000000000000000e+00 3.290017858264014938e-01
9.519999999999999574e+00 3.276314839032482551e-01
9.540000000000000924e+00 3.262687294802843474e-01
9.560000000000000497e+00 3.249135198919174683e-01
9.580000000000000071e+00 3.235657701055554281e-01
9.599999999999999645e+00 3.222254785217680828e-01
9.620000000000000995e+00 3.208925600581133963e-01
