# Electrodo circular de radio 6 mm y espesor 710.0 um.
# Volumen de simulacion (convencion z,y,x):
# N: 1024 x 1024 x 1024 | voxelSize:  0.02mm x 0.02mm x 0.02mm | FOV:  20.48mm x 20.48mm x 20.48mm
# 
# z [mm]		 delta[ppm]
0.000000000000000000e+00 2.750041112770674978e+00
2.000000000000000042e-02 2.745087341369526257e+00
4.000000000000000083e-02 2.739992786214167531e+00
5.999999999999999778e-02 2.734759147693001768e+00
8.000000000000000167e-02 2.729388160681499365e+00
1.000000000000000056e-01 2.723881590104082040e+00
1.199999999999999956e-01 2.718241236277658679e+00
1.400000000000000133e-01 2.712468932478636852e+00
1.600000000000000033e-01 2.706566540906346408e+00
1.799999999999999933e-01 2.700535955253269726e+00
2.000000000000000111e-01 2.694379094191074575e+00
2.200000000000000011e-01 2.688097905475880900e+00
2.399999999999999911e-01 2.681694358597322303e+00
2.600000000000000089e-01 2.675170449567609854e+00
2.800000000000000266e-01 2.668528192963503187e+00
2.999999999999999889e-01 2.661769627239768177e+00
3.200000000000000067e-01 2.654896806314107405e+00
3.400000000000000244e-01 2.647911805321611300e+00
3.599999999999999867e-01 2.640816711797553840e+00
3.800000000000000044e-01 2.633613631836268176e+00
4.000000000000000222e-01 2.626304680920604540e+00
4.199999999999999845e-01 2.618891990460966657e+00
4.400000000000000022e-01 2.611377698298048333e+00
4.600000000000000200e-01 2.603763955608765723e+00
4.799999999999999822e-01 2.596052917106678848e+00
5.000000000000000000e-01 2.588246748305189193e+00
5.200000000000000178e-01 2.580347615432879049e+00
5.400000000000000355e-01 2.572357693047759852e+00
5.600000000000000533e-01 2.564279153683267864e+00
5.799999999999999600e-01 2.556114175808481104e+00
5.999999999999999778e-01 2.547864933217765415e+00
6.199999999999999956e-01 2.539533603332939649e+00
6.400000000000000133e-01 2.531122356348350699e+00
6.600000000000000311e-01 2.522633363871142009e+00
6.800000000000000488e-01 2.514068787832419272e+00
7.000000000000000666e-01 2.505430789461931429e+00
7.199999999999999734e-01 2.496721517974901161e+00
7.399999999999999911e-01 2.487943119877274789e+00
7.600000000000000089e-01 2.479097727437263643e+00
7.800000000000000266e-01 2.470187468317097679e+00
8.000000000000000444e-01 2.461214453837405891e+00
8.200000000000000622e-01 2.452180788931062949e+00
8.399999999999999689e-01 2.443088560208279691e+00
8.599999999999999867e-01 2.433939846227759052e+00
8.800000000000000044e-01 2.424736705369587408e+00
9.000000000000000222e-01 2.415481186418497739e+00
9.200000000000000400e-01 2.406175316251476293e+00
9.400000000000000577e-01 2.396821110727588522e+00
9.599999999999999645e-01 2.387420562196513885e+00
9.799999999999999822e-01 2.377975650688905151e+00
1.000000000000000000e+00 2.368488331252078805e+00
1.020000000000000018e+00 2.358960545434455547e+00
1.040000000000000036e+00 2.349394208453993382e+00
1.060000000000000053e+00 2.339791220969930752e+00
1.080000000000000071e+00 2.330153456089521846e+00
1.100000000000000089e+00 2.320482771419880574e+00
1.120000000000000107e+00 2.310780995918139347e+00
1.140000000000000124e+00 2.301049942215833255e+00
1.159999999999999920e+00 2.291291393317610225e+00
1.179999999999999938e+00 2.281507115190269275e+00
1.199999999999999956e+00 2.271698843314773342e+00
1.219999999999999973e+00 2.261868295531745510e+00
1.239999999999999991e+00 2.252017158451582901e+00
1.260000000000000009e+00 2.242147100547945193e+00
1.280000000000000027e+00 2.232259758430476637e+00
1.300000000000000044e+00 2.222356750177553408e+00
1.320000000000000062e+00 2.212439661476230945e+00
1.340000000000000080e+00 2.202510059185283975e+00
1.360000000000000098e+00 2.192569477346772544e+00
1.380000000000000115e+00 2.182619430970213603e+00
1.400000000000000133e+00 2.172661401920287449e+00
1.419999999999999929e+00 2.162696852912812329e+00
1.439999999999999947e+00 2.152727213282950469e+00
1.459999999999999964e+00 2.142753893183509728e+00
1.479999999999999982e+00 2.132778269238182478e+00
1.500000000000000000e+00 2.122801698932556658e+00
1.520000000000000018e+00 2.112825506156844835e+00
1.540000000000000036e+00 2.102850995779865340e+00
1.560000000000000053e+00 2.092879439085905346e+00
1.580000000000000071e+00 2.082912088521883920e+00
1.600000000000000089e+00 2.072950163032913906e+00
1.620000000000000107e+00 2.062994862972798327e+00
1.640000000000000124e+00 2.053047355343094793e+00
1.660000000000000142e+00 2.043108788857025182e+00
1.679999999999999938e+00 2.033180279086834741e+00
1.699999999999999956e+00 2.023262923671194535e+00
1.719999999999999973e+00 2.013357787375865016e+00
1.739999999999999991e+00 2.003465917434637422e+00
1.760000000000000009e+00 1.993588328528362652e+00
1.780000000000000027e+00 1.983726018249464484e+00
1.800000000000000044e+00 1.973879952004616634e+00
1.820000000000000062e+00 1.964051078592904842e+00
1.840000000000000080e+00 1.954240315037481635e+00
1.860000000000000098e+00 1.944448562267441893e+00
1.880000000000000115e+00 1.934676689884037515e+00
1.900000000000000133e+00 1.924925551936392365e+00
1.919999999999999929e+00 1.915195971627895677e+00
1.939999999999999947e+00 1.905488757175913372e+00
1.959999999999999964e+00 1.895804686464253708e+00
1.979999999999999982e+00 1.886144522977049487e+00
2.000000000000000000e+00 1.876509000403251193e+00
2.020000000000000018e+00 1.866898838634943214e+00
2.040000000000000036e+00 1.857314728330045073e+00
2.060000000000000053e+00 1.847757346965364089e+00
2.080000000000000071e+00 1.838227343363753929e+00
2.100000000000000089e+00 1.828725353792275854e+00
2.120000000000000107e+00 1.819251986460330262e+00
2.140000000000000124e+00 1.809807837653316431e+00
2.160000000000000142e+00 1.800393476208318022e+00
2.180000000000000160e+00 1.791009459673736259e+00
2.200000000000000178e+00 1.781656318769337721e+00
2.220000000000000195e+00 1.772334573562389215e+00
2.240000000000000213e+00 1.763044717918940130e+00
2.260000000000000231e+00 1.753787235687060297e+00
2.280000000000000249e+00 1.744562585146427036e+00
2.300000000000000266e+00 1.735371215189329908e+00
2.319999999999999840e+00 1.726213549775715173e+00
2.339999999999999858e+00 1.717090004102667988e+00
2.359999999999999876e+00 1.708000969072262620e+00
2.379999999999999893e+00 1.698946827440299900e+00
2.399999999999999911e+00 1.689927938304353283e+00
2.419999999999999929e+00 1.680944653222606000e+00
2.439999999999999947e+00 1.671997300729681113e+00
2.459999999999999964e+00 1.663086202416450332e+00
2.479999999999999982e+00 1.654211657481296172e+00
2.500000000000000000e+00 1.645373958761828570e+00
2.520000000000000018e+00 1.636573377329376910e+00
2.540000000000000036e+00 1.627810178463611201e+00
2.560000000000000053e+00 1.619084606298106133e+00
2.580000000000000071e+00 1.610396899728896880e+00
2.600000000000000089e+00 1.601747277119109691e+00
2.620000000000000107e+00 1.593135952132548327e+00
2.640000000000000124e+00 1.584563118505408319e+00
2.660000000000000142e+00 1.576028965796015813e+00
2.680000000000000160e+00 1.567533664231796298e+00
2.700000000000000178e+00 1.559077380366334475e+00
2.720000000000000195e+00 1.550660262009770252e+00
2.740000000000000213e+00 1.542282453784386664e+00
2.760000000000000231e+00 1.533944082146752486e+00
2.780000000000000249e+00 1.525645270833076328e+00
2.800000000000000266e+00 1.517386125981394773e+00
2.819999999999999840e+00 1.509166751457990729e+00
2.839999999999999858e+00 1.500987234088044575e+00
2.859999999999999876e+00 1.492847658854429715e+00
2.879999999999999893e+00 1.484748094245251782e+00
2.899999999999999911e+00 1.476688607316352098e+00
2.919999999999999929e+00 1.468669249164283874e+00
2.939999999999999947e+00 1.460690069843864736e+00
2.959999999999999964e+00 1.452751103975114200e+00
2.979999999999999982e+00 1.444852385507259473e+00
3.000000000000000000e+00 1.436993933468231344e+00
3.020000000000000018e+00 1.429175766566552097e+00
3.040000000000000036e+00 1.421397889091958300e+00
3.060000000000000053e+00 1.413660305346616131e+00
3.080000000000000071e+00 1.405963005705559432e+00
3.100000000000000089e+00 1.398305980868672194e+00
3.120000000000000107e+00 1.390689208089586293e+00
3.140000000000000124e+00 1.383112665239922601e+00
3.160000000000000142e+00 1.375576317215361666e+00
3.180000000000000160e+00 1.368080129803632250e+00
3.200000000000000178e+00 1.360624056276435345e+00
3.220000000000000195e+00 1.353208051052726679e+00
3.240000000000000213e+00 1.345832056485206429e+00
3.260000000000000231e+00 1.338496016310423808e+00
3.280000000000000249e+00 1.331199862638575926e+00
3.300000000000000266e+00 1.323943529181965451e+00
3.320000000000000284e+00 1.316726938456856733e+00
3.339999999999999858e+00 1.309550014781867500e+00
3.359999999999999876e+00 1.302412671700601710e+00
3.379999999999999893e+00 1.295314824741543136e+00
3.399999999999999911e+00 1.288256379070254809e+00
3.419999999999999929e+00 1.281237242002345234e+00
3.439999999999999947e+00 1.274257310893948558e+00
3.459999999999999964e+00 1.267316485399412107e+00
3.479999999999999982e+00 1.260414655608792733e+00
3.500000000000000000e+00 1.253551714041860166e+00
3.520000000000000018e+00 1.246727544041365654e+00
3.540000000000000036e+00 1.239942031494996932e+00
3.560000000000000053e+00 1.233195053493143512e+00
3.580000000000000071e+00 1.226486489770429733e+00
3.600000000000000089e+00 1.219816211636724157e+00
3.620000000000000107e+00 1.213184093129900720e+00
3.640000000000000124e+00 1.206590000228792148e+00
3.660000000000000142e+00 1.200033801708858983e+00
3.680000000000000160e+00 1.193515358645790725e+00
3.700000000000000178e+00 1.187034534965731192e+00
3.720000000000000195e+00 1.180591187248252183e+00
3.740000000000000213e+00 1.174185174962817158e+00
3.760000000000000231e+00 1.167816350579784057e+00
3.780000000000000249e+00 1.161484569484819263e+00
3.800000000000000266e+00 1.155189680406593977e+00
3.820000000000000284e+00 1.148931535000843107e+00
3.839999999999999858e+00 1.142709978603427823e+00
3.859999999999999876e+00 1.136524859475736449e+00
3.879999999999999893e+00 1.130376019891749406e+00
3.899999999999999911e+00 1.124263305036505400e+00
3.919999999999999929e+00 1.118186554435800728e+00
3.939999999999999947e+00 1.112145610499447823e+00
3.959999999999999964e+00 1.106140310302208274e+00
3.979999999999999982e+00 1.100170493763580559e+00
4.000000000000000000e+00 1.094235995788583216e+00
4.020000000000000462e+00 1.088336654075791055e+00
4.040000000000000036e+00 1.082472301626542066e+00
4.060000000000000497e+00 1.076642774172998474e+00
4.080000000000000071e+00 1.070847903064323869e+00
4.099999999999999645e+00 1.065087522306544354e+00
4.120000000000000107e+00 1.059361461834215756e+00
4.139999999999999680e+00 1.053669554153851218e+00
4.160000000000000142e+00 1.048011628009643426e+00
4.179999999999999716e+00 1.042387514622217237e+00
4.200000000000000178e+00 1.036797041756893467e+00
4.219999999999999751e+00 1.031240039549568888e+00
4.240000000000000213e+00 1.025716334986033873e+00
4.259999999999999787e+00 1.020225757306754133e+00
4.280000000000000249e+00 1.014768132905699227e+00
4.299999999999999822e+00 1.009343290305850571e+00
4.320000000000000284e+00 1.003951055486010047e+00
4.339999999999999858e+00 9.985912564188104135e-01
4.360000000000000320e+00 9.932637188339802359e-01
4.379999999999999893e+00 9.879682703106438257e-01
4.400000000000000355e+00 9.827047364854740730e-01
4.419999999999999929e+00 9.774729446911327724e-01
4.440000000000000391e+00 9.722727206176774439e-01
4.459999999999999964e+00 9.671038914889840132e-01
4.480000000000000426e+00 9.619662831858495355e-01
4.500000000000000000e+00 9.568597229521613734e-01
4.520000000000000462e+00 9.517840369881097606e-01
4.540000000000000036e+00 9.467390526779582149e-01
4.560000000000000497e+00 9.417245966617160402e-01
4.580000000000000071e+00 9.367404965763433955e-01
4.600000000000000533e+00 9.317865796142609236e-01
4.620000000000000107e+00 9.268626737698136830e-01
4.639999999999999680e+00 9.219686068929954237e-01
4.660000000000000142e+00 9.171042074329954774e-01
4.679999999999999716e+00 9.122693039954754557e-01
4.700000000000000178e+00 9.074637255750409581e-01
4.719999999999999751e+00 9.026873016244355563e-01
4.740000000000000213e+00 8.979398617677418759e-01
4.759999999999999787e+00 8.932212363898371921e-01
4.780000000000000249e+00 8.885312558221558632e-01
4.799999999999999822e+00 8.838697514607506411e-01
4.820000000000000284e+00 8.792365544164385538e-01
4.839999999999999858e+00 8.746314971697813911e-01
4.860000000000000320e+00 8.700544116774573400e-01
4.879999999999999893e+00 8.655051315724802130e-01
4.900000000000000355e+00 8.609834897186148250e-01
4.919999999999999929e+00 8.564893209641667449e-01
4.940000000000000391e+00 8.520224591362446365e-01
4.959999999999999964e+00 8.475827403564497597e-01
4.980000000000000426e+00 8.431699994667968268e-01
5.000000000000000000e+00 8.387840739156218195e-01
5.020000000000000462e+00 8.344247996069624751e-01
5.040000000000000036e+00 8.300920153650184208e-01
5.060000000000000497e+00 8.257855581987703086e-01
5.080000000000000071e+00 8.215052683533302647e-01
5.100000000000000533e+00 8.172509839815815802e-01
5.120000000000000107e+00 8.130225467907555847e-01
5.139999999999999680e+00 8.088197961128501534e-01
5.160000000000000142e+00 8.046425751547898741e-01
5.179999999999999716e+00 8.004907244593777449e-01
5.200000000000000178e+00 7.963640887673842927e-01
5.219999999999999751e+00 7.922625098607768424e-01
5.240000000000000213e+00 7.881858340451045608e-01
5.259999999999999787e+00 7.841339043667130415e-01
5.280000000000000249e+00 7.801065687238190050e-01
5.299999999999999822e+00 7.761036714494217170e-01
5.320000000000000284e+00 7.721250620594342085e-01
5.339999999999999858e+00 7.681705861929906121e-01
5.360000000000000320e+00 7.642400950060491693e-01
5.379999999999999893e+00 7.603334354607387269e-01
5.400000000000000355e+00 7.564504603728768872e-01
5.419999999999999929e+00 7.525910180419903561e-01
5.440000000000000391e+00 7.487549629611932600e-01
5.459999999999999964e+00 7.449421447795022688e-01
5.480000000000000426e+00 7.411524196825319821e-01
5.500000000000000000e+00 7.373856386787025485e-01
5.520000000000000462e+00 7.336416596592449935e-01
5.540000000000000036e+00 7.299203349998502066e-01
5.560000000000000497e+00 7.262215243085200500e-01
5.580000000000000071e+00 7.225450813341780520e-01
5.600000000000000533e+00 7.188908674108968055e-01
5.620000000000000107e+00 7.152587376650003659e-01
5.639999999999999680e+00 7.116485551642257601e-01
5.660000000000000142e+00 7.080601764147744781e-01
5.679999999999999716e+00 7.044934662240269763e-01
5.700000000000000178e+00 7.009482824789630140e-01
5.719999999999999751e+00 6.974244917310793435e-01
5.740000000000000213e+00 6.939219532475758845e-01
5.759999999999999787e+00 6.904405353271300116e-01
5.780000000000000249e+00 6.869800986152074795e-01
5.799999999999999822e+00 6.835405131594258776e-01
5.820000000000000284e+00 6.801216409802943730e-01
5.839999999999999858e+00 6.767233538749011235e-01
5.860000000000000320e+00 6.733455152343590377e-01
5.879999999999999893e+00 6.699879986046279878e-01
5.900000000000000355e+00 6.666506687418795041e-01
5.919999999999999929e+00 6.633334009392806152e-01
5.940000000000000391e+00 6.600360613114637509e-01
5.959999999999999964e+00 6.567585268961680933e-01
5.980000000000000426e+00 6.535006651589224669e-01
6.000000000000000000e+00 6.502623548784856045e-01
6.020000000000000462e+00 6.470434648628166086e-01
6.040000000000000036e+00 6.438438756272971686e-01
6.060000000000000497e+00 6.406634573130218779e-01
6.080000000000000071e+00 6.375020921668281826e-01
6.100000000000000533e+00 6.343596516528483553e-01
6.120000000000000107e+00 6.312360197434949693e-01
6.140000000000000568e+00 6.281310692151524933e-01
6.160000000000000142e+00 6.250446857592479866e-01
6.179999999999999716e+00 6.219767434529509531e-01
6.200000000000000178e+00 6.189271296995549898e-01
6.219999999999999751e+00 6.158957198649329667e-01
6.240000000000000213e+00 6.128824030565324099e-01
6.259999999999999787e+00 6.098870559162914429e-01
6.280000000000000249e+00 6.069095692475905413e-01
6.299999999999999822e+00 6.039498209552660590e-01
6.320000000000000284e+00 6.010077035299491444e-01
6.339999999999999858e+00 5.980830961257336265e-01
6.360000000000000320e+00 5.951758929113947216e-01
6.379999999999999893e+00 5.922859742762103252e-01
6.400000000000000355e+00 5.894132360576188612e-01
6.419999999999999929e+00 5.865575598655897727e-01
6.440000000000000391e+00 5.837188431964017710e-01
6.459999999999999964e+00 5.808969688658820463e-01
6.480000000000000426e+00 5.780918360190118177e-01
6.500000000000000000e+00 5.753033286622954989e-01
6.520000000000000462e+00 5.725313475790128059e-01
6.540000000000000036e+00 5.697757779508703102e-01
6.560000000000000497e+00 5.670365221887966323e-01
6.580000000000000071e+00 5.643134666339506555e-01
6.600000000000000533e+00 5.616065153140545885e-01
6.620000000000000107e+00 5.589155557137283070e-01
6.640000000000000568e+00 5.562404934664432199e-01
6.660000000000000142e+00 5.535812171840693852e-01
6.679999999999999716e+00 5.509376340946231521e-01
6.700000000000000178e+00 5.483096339208227699e-01
6.719999999999999751e+00 5.456971254739003685e-01
6.740000000000000213e+00 5.430999995708415407e-01
6.759999999999999787e+00 5.405181665946487968e-01
6.780000000000000249e+00 5.379515184398553362e-01
6.799999999999999822e+00 5.353999670497019414e-01
6.820000000000000284e+00 5.328634053794039094e-01
6.839999999999999858e+00 5.303417469208451251e-01
6.860000000000000320e+00 5.278348856729572214e-01
6.879999999999999893e+00 5.253427366646179486e-01
6.900000000000000355e+00 5.228651949214063732e-01
6.919999999999999929e+00 5.204021769975195610e-01
6.940000000000000391e+00 5.179535789280436120e-01
6.959999999999999964e+00 5.155193187807962651e-01
6.980000000000000426e+00 5.130992935831604207e-01
7.000000000000000000e+00 5.106934229048916141e-01
7.020000000000000462e+00 5.083016047484073541e-01
7.040000000000000036e+00 5.059237601737338608e-01
7.060000000000000497e+00 5.035597881410175392e-01
7.080000000000000071e+00 5.012096111889123851e-01
7.100000000000000533e+00 4.988731292179769961e-01
7.120000000000000107e+00 4.965502662338991957e-01
7.140000000000000568e+00 4.942409230602987091e-01
7.160000000000000142e+00 4.919450251583639688e-01
7.179999999999999716e+00 4.896624742574312017e-01
7.200000000000000178e+00 4.873931972627167375e-01
7.219999999999999751e+00 4.851370967919295119e-01
7.240000000000000213e+00 4.828941011829224750e-01
7.259999999999999787e+00 4.806641139244491323e-01
7.280000000000000249e+00 4.784470647756960959e-01
7.299999999999999822e+00 4.762428580791427946e-01
7.320000000000000284e+00 4.740514250041050759e-01
7.339999999999999858e+00 4.718726707295156642e-01
7.360000000000000320e+00 4.697065278237201325e-01
7.379999999999999893e+00 4.675529022848485261e-01
7.400000000000000355e+00 4.654117280692877112e-01
7.419999999999999929e+00 4.632829119771644244e-01
7.440000000000000391e+00 4.611663893420505644e-01
7.459999999999999964e+00 4.590620677488935764e-01
7.480000000000000426e+00 4.569698838977174216e-01
7.500000000000000000e+00 4.548897461411853804e-01
7.520000000000000462e+00 4.528215925351722349e-01
7.540000000000000036e+00 4.507653321830036863e-01
7.560000000000000497e+00 4.487209044859462037e-01
7.580000000000000071e+00 4.466882192809851770e-01
7.600000000000000533e+00 4.446672173044693421e-01
7.620000000000000107e+00 4.426578091101144308e-01
7.640000000000000568e+00 4.406599367591960137e-01
7.660000000000000142e+00 4.386735115052843303e-01
7.679999999999999716e+00 4.366984767245838950e-01
7.700000000000000178e+00 4.347347443537202261e-01
7.719999999999999751e+00 4.327822590739783815e-01
7.740000000000000213e+00 4.308409334883182007e-01
7.759999999999999787e+00 4.289107135734378518e-01
7.780000000000000249e+00 4.269915125819649382e-01
7.799999999999999822e+00 4.250832777765066739e-01
7.820000000000000284e+00 4.231859230427812979e-01
7.839999999999999858e+00 4.212993969199727018e-01
7.860000000000000320e+00 4.194236139103839078e-01
7.879999999999999893e+00 4.175585238206179772e-01
7.900000000000000355e+00 4.157040417531391308e-01
7.919999999999999929e+00 4.138601187729955555e-01
7.940000000000000391e+00 4.120266705664583640e-01
7.959999999999999964e+00 4.102036494482267370e-01
7.980000000000000426e+00 4.083909716721113026e-01
8.000000000000000000e+00 4.065885907938528443e-01
8.019999999999999574e+00 4.047964236186078479e-01
8.040000000000000924e+00 4.030144249347337171e-01
8.060000000000000497e+00 4.012425120826271230e-01
8.080000000000000071e+00 3.994806410750278980e-01
8.099999999999999645e+00 3.977287297715382808e-01
8.120000000000000995e+00 3.959867354012339136e-01
8.140000000000000568e+00 3.942545763269768577e-01
8.160000000000000142e+00 3.925322109863280118e-01
8.179999999999999716e+00 3.908195582295312387e-01
8.199999999999999289e+00 3.891165776949713773e-01
8.220000000000000639e+00 3.874231887044899958e-01
8.240000000000000213e+00 3.857393520898345640e-01
8.259999999999999787e+00 3.840649876287183240e-01
8.279999999999999361e+00 3.824000573389869650e-01
8.300000000000000711e+00 3.807444814385929077e-01
8.320000000000000284e+00 3.790982231244162670e-01
8.339999999999999858e+00 3.774612030390718243e-01
8.359999999999999432e+00 3.758333855516045596e-01
8.380000000000000782e+00 3.742146917138206019e-01
8.400000000000000355e+00 3.726050870602556353e-01
8.419999999999999929e+00 3.710044930364829741e-01
8.439999999999999503e+00 3.694128763360616241e-01
8.460000000000000853e+00 3.678301587829967412e-01
8.480000000000000426e+00 3.662563082236044432e-01
8.500000000000000000e+00 3.646912468450431155e-01
8.519999999999999574e+00 3.631349436403245035e-01
8.540000000000000924e+00 3.615873211445603808e-01
8.560000000000000497e+00 3.600483494915988070e-01
8.580000000000000071e+00 3.585179515493638336e-01
8.599999999999999645e+00 3.569960985868764758e-01
8.620000000000000995e+00 3.554827137898146638e-01
8.640000000000000568e+00 3.539777695569172877e-01
8.660000000000000142e+00 3.524811893766020554e-01
8.679999999999999716e+00 3.509929467720795948e-01
8.700000000000001066e+00 3.495129655195681195e-01
8.720000000000000639e+00 3.480412202617053086e-01
8.740000000000000213e+00 3.465776350476177936e-01
8.759999999999999787e+00 3.451221856345269567e-01
8.779999999999999361e+00 3.436747963296545305e-01
8.800000000000000711e+00 3.422354440001673659e-01
8.820000000000000284e+00 3.408040531966016196e-01
8.839999999999999858e+00 3.393806018916470379e-01
8.859999999999999432e+00 3.379650148644405827e-01
8.880000000000000782e+00 3.365572711889708857e-01
8.900000000000000355e+00 3.351572958583056705e-01
8.919999999999999929e+00 3.337650690437040102e-01
8.939999999999999503e+00 3.323805159375622931e-01
8.960000000000000853e+00 3.310036178046021904e-01
8.980000000000000426e+00 3.296343000219649211e-01
9.000000000000000000e+00 3.282725449442306376e-01
9.019999999999999574e+00 3.269182781187646714e-01
9.040000000000000924e+00 3.255714829866097615e-01
9.060000000000000497e+00 3.242320852508639439e-01
9.080000000000000071e+00 3.229000694358273860e-01
9.099999999999999645e+00 3.215753613859073101e-01
9.120000000000000995e+00 3.202579467056703155e-01
9.140000000000000568e+00 3.189477513664130126e-01
9.160000000000000142e+00 3.176447620501966496e-01
9.179999999999999716e+00 3.163489048408291149e-01
9.200000000000001066e+00 3.150601674952988596e-01
9.220000000000000639e+00 3.137784761955875745e-01
9.240000000000000213e+00 3.125038197712192711e-01
9.259999999999999787e+00 3.112361244880560429e-01
9.279999999999999361e+00 3.099753802459985219e-01
9.300000000000000711e+00 3.087215133804917522e-01
9.320000000000000284e+00 3.074745148598620470e-01
9.339999999999999858e+00 3.062343110748829145e-01
9.359999999999999432e+00 3.050008940605582475e-01
9.380000000000000782e+00 3.037741902487464118e-01
9.400000000000000355e+00 3.025541927395656860e-01
9.419999999999999929e+00 3.013408279917675348e-01
9.439999999999999503e+00 3.001340901692592378e-01
9.460000000000000853e+00 2.989339057434493574e-01
9.480000000000000426e+00 2.977402699409081865e-01
9.500000000000000000e+00 2.965531092315324413e-01
9.519999999999999574e+00 2.953724199036230624e-01
9.540000000000000924e+00 2.941981284113850958e-01
9.560000000000000497e+00 2.930302321041167724e-01
9.580000000000000071e+00 2.918686574061887806e-01
9.599999999999999645e+00 2.907134027273870491e-01
9.620000000000000995e+00 2.895643944480624787e-01
