# Electrodo circular de radio 6 mm y espesor 710.0 um.
# Volumen de simulacion (convencion z,y,x):
# N: 1024 x 1024 x 1024 | voxelSize:  0.02mm x 0.02mm x 0.02mm | FOV:  20.48mm x 20.48mm x 20.48mm
# 
# z [mm]		 delta[ppm]
0.000000000000000000e+00 2.764067306955303671e+00
2.000000000000000042e-02 2.758994986980739750e+00
4.000000000000000083e-02 2.753778916306598212e+00
5.999999999999999778e-02 2.748420895106447492e+00
8.000000000000000167e-02 2.742922726696702895e+00
1.000000000000000056e-01 2.737286265097272242e+00
1.199999999999999956e-01 2.731513387441400820e+00
1.400000000000000133e-01 2.725606010650272193e+00
1.600000000000000033e-01 2.719566077050851405e+00
1.799999999999999933e-01 2.713395563794033460e+00
2.000000000000000111e-01 2.707096471750308098e+00
2.200000000000000011e-01 2.700670833050876851e+00
2.399999999999999911e-01 2.694120700814228719e+00
2.600000000000000089e-01 2.687448156178513514e+00
2.800000000000000266e-01 2.680655298307632606e+00
2.999999999999999889e-01 2.673744251285297135e+00
3.200000000000000067e-01 2.666717154170832327e+00
3.400000000000000244e-01 2.659576167936738678e+00
3.599999999999999867e-01 2.652323465446365880e+00
3.800000000000000044e-01 2.644961238533181991e+00
4.000000000000000222e-01 2.637491687850606947e+00
4.199999999999999845e-01 2.629917030151916357e+00
4.400000000000000022e-01 2.622239487966563587e+00
4.600000000000000200e-01 2.614461297119515137e+00
4.799999999999999822e-01 2.606584696225100473e+00
5.000000000000000000e-01 2.598611934470576479e+00
5.200000000000000178e-01 2.590545260908992287e+00
5.400000000000000355e-01 2.582386932525047474e+00
5.600000000000000533e-01 2.574139203330124470e+00
5.799999999999999600e-01 2.565804332722067649e+00
5.999999999999999778e-01 2.557384574374994113e+00
6.199999999999999956e-01 2.548882184901772430e+00
6.400000000000000133e-01 2.540299412545613311e+00
6.600000000000000311e-01 2.531638506150439838e+00
6.800000000000000488e-01 2.522901703652040251e+00
7.000000000000000666e-01 2.514091241359980522e+00
7.199999999999999734e-01 2.505209342256372818e+00
7.399999999999999911e-01 2.496258225590697322e+00
7.600000000000000089e-01 2.487240094986483019e+00
7.800000000000000266e-01 2.478157148349437566e+00
8.000000000000000444e-01 2.469011565790016682e+00
8.200000000000000622e-01 2.459805519843632826e+00
8.399999999999999689e-01 2.450541163210662177e+00
8.599999999999999867e-01 2.441220639286757255e+00
8.800000000000000044e-01 2.431846069727824577e+00
9.000000000000000222e-01 2.422419565287212251e+00
9.200000000000000400e-01 2.412943213207820570e+00
9.400000000000000577e-01 2.403419088362386713e+00
9.599999999999999645e-01 2.393849240479628104e+00
9.799999999999999822e-01 2.384235705582832043e+00
1.000000000000000000e+00 2.374580493052503183e+00
1.020000000000000018e+00 2.364885597357976099e+00
1.040000000000000036e+00 2.355152984962872953e+00
1.060000000000000053e+00 2.345384606343692280e+00
1.080000000000000071e+00 2.335582382740646779e+00
1.100000000000000089e+00 2.325748218456749061e+00
1.120000000000000107e+00 2.315883987459836035e+00
1.140000000000000124e+00 2.305991545955027533e+00
1.159999999999999920e+00 2.296072718840598714e+00
1.179999999999999938e+00 2.286129312546337999e+00
1.199999999999999956e+00 2.276163101348669837e+00
1.219999999999999973e+00 2.266175840466946756e+00
1.239999999999999991e+00 2.256169252240520340e+00
1.260000000000000009e+00 2.246145039474756189e+00
1.280000000000000027e+00 2.236104871485131262e+00
1.300000000000000044e+00 2.226050397684318227e+00
1.320000000000000062e+00 2.215983233496161997e+00
1.340000000000000080e+00 2.205904974174961453e+00
1.360000000000000098e+00 2.195817180594253237e+00
1.380000000000000115e+00 2.185721393289109749e+00
1.400000000000000133e+00 2.175619118122728679e+00
1.419999999999999929e+00 2.165511840542441391e+00
1.439999999999999947e+00 2.155401011128938116e+00
1.459999999999999964e+00 2.145288060056440127e+00
1.479999999999999982e+00 2.135174382527782022e+00
1.500000000000000000e+00 2.125061353429083866e+00
1.520000000000000018e+00 2.114950312655588416e+00
1.540000000000000036e+00 2.104842579950989112e+00
1.560000000000000053e+00 2.094739440127516783e+00
1.580000000000000071e+00 2.084642158080072694e+00
1.600000000000000089e+00 2.074551963905537200e+00
1.620000000000000107e+00 2.064470068081726506e+00
1.640000000000000124e+00 2.054397646489732221e+00
1.660000000000000142e+00 2.044335855747709818e+00
1.679999999999999938e+00 2.034285818141415625e+00
1.699999999999999956e+00 2.024248637102774140e+00
1.719999999999999973e+00 2.014225382052766022e+00
1.739999999999999991e+00 2.004217104014724971e+00
1.760000000000000009e+00 1.994224820375003482e+00
1.780000000000000027e+00 1.984249530620906699e+00
1.800000000000000044e+00 1.974292201023682303e+00
1.820000000000000062e+00 1.964353780491063128e+00
1.840000000000000080e+00 1.954435185178255985e+00
1.860000000000000098e+00 1.944537314445070164e+00
1.880000000000000115e+00 1.934661035399823925e+00
1.900000000000000133e+00 1.924807198951094867e+00
1.919999999999999929e+00 1.914976624290514406e+00
1.939999999999999947e+00 1.905170115029196198e+00
1.959999999999999964e+00 1.895388443624744346e+00
1.979999999999999982e+00 1.885632367592462444e+00
2.000000000000000000e+00 1.875902613882874714e+00
2.020000000000000018e+00 1.866199895157883315e+00
2.040000000000000036e+00 1.856524894124489622e+00
2.060000000000000053e+00 1.846878279866152273e+00
2.080000000000000071e+00 1.837260692139290885e+00
2.100000000000000089e+00 1.827672757750126165e+00
2.120000000000000107e+00 1.818115074820071841e+00
2.140000000000000124e+00 1.808588229198402786e+00
2.160000000000000142e+00 1.799092778703420992e+00
2.180000000000000160e+00 1.789629269561384461e+00
2.200000000000000178e+00 1.780198220629880757e+00
2.220000000000000195e+00 1.770800139853511368e+00
2.240000000000000213e+00 1.761435508476661749e+00
2.260000000000000231e+00 1.752104797506487177e+00
2.280000000000000249e+00 1.742808451921846302e+00
2.300000000000000266e+00 1.733546907134213111e+00
2.319999999999999840e+00 1.724320573200240014e+00
2.339999999999999858e+00 1.715129851271277150e+00
2.359999999999999876e+00 1.705975117816626030e+00
2.379999999999999893e+00 1.696856741052429340e+00
2.399999999999999911e+00 1.687775065183314993e+00
2.419999999999999929e+00 1.678730426801466447e+00
2.439999999999999947e+00 1.669723139154006386e+00
2.459999999999999964e+00 1.660753508503107767e+00
2.479999999999999982e+00 1.651821818427060329e+00
2.500000000000000000e+00 1.642928346132343176e+00
2.520000000000000018e+00 1.634073346795953174e+00
2.540000000000000036e+00 1.625257069820434719e+00
2.560000000000000053e+00 1.616479743225601062e+00
2.580000000000000071e+00 1.607741589837533125e+00
2.600000000000000089e+00 1.599042811737501957e+00
2.620000000000000107e+00 1.590383606376039038e+00
2.640000000000000124e+00 1.581764151087345693e+00
2.660000000000000142e+00 1.573184619119544214e+00
2.680000000000000160e+00 1.564645164222596252e+00
2.700000000000000178e+00 1.556145936585898060e+00
2.720000000000000195e+00 1.547687067508133341e+00
2.740000000000000213e+00 1.539268685233431189e+00
2.760000000000000231e+00 1.530890899711319530e+00
2.780000000000000249e+00 1.522553818322691210e+00
2.800000000000000266e+00 1.514257530738412738e+00
2.819999999999999840e+00 1.506002124526384600e+00
2.839999999999999858e+00 1.497787670117100456e+00
2.859999999999999876e+00 1.489614236283118176e+00
2.879999999999999893e+00 1.481481875220231448e+00
2.899999999999999911e+00 1.473390637890692911e+00
2.919999999999999929e+00 1.465340559228421435e+00
2.939999999999999947e+00 1.457331673337322497e+00
2.959999999999999964e+00 1.449363998829286349e+00
2.979999999999999982e+00 1.441437553869019617e+00
3.000000000000000000e+00 1.433552341653314022e+00
3.020000000000000018e+00 1.425708365293818725e+00
3.040000000000000036e+00 1.417905613446382107e+00
3.060000000000000053e+00 1.410144075023207710e+00
3.080000000000000071e+00 1.402423724980841779e+00
3.100000000000000089e+00 1.394744538853179394e+00
3.120000000000000107e+00 1.387106478706934931e+00
3.140000000000000124e+00 1.379509507486996744e+00
3.160000000000000142e+00 1.371953575148003424e+00
3.180000000000000160e+00 1.364438632803531393e+00
3.200000000000000178e+00 1.356964619042665188e+00
3.220000000000000195e+00 1.349531473874561183e+00
3.240000000000000213e+00 1.342139125238626107e+00
3.260000000000000231e+00 1.334787502736007436e+00
3.280000000000000249e+00 1.327476524342295461e+00
3.300000000000000266e+00 1.320206109917479331e+00
3.320000000000000284e+00 1.312976168129834198e+00
3.339999999999999858e+00 1.305786609735924086e+00
3.359999999999999876e+00 1.298637334724571879e+00
3.379999999999999893e+00 1.291528245358487759e+00
3.399999999999999911e+00 1.284459233547013524e+00
3.419999999999999929e+00 1.277430193640952449e+00
3.439999999999999947e+00 1.270441010042979268e+00
3.459999999999999964e+00 1.263491569747322352e+00
3.479999999999999982e+00 1.256581750196474667e+00
3.500000000000000000e+00 1.249711431557338770e+00
3.520000000000000018e+00 1.242880484833156052e+00
3.540000000000000036e+00 1.236088783867751228e+00
3.560000000000000053e+00 1.229336193721308979e+00
3.580000000000000071e+00 1.222622582394359281e+00
3.600000000000000089e+00 1.215947809476299213e+00
3.620000000000000107e+00 1.209311737580770263e+00
3.640000000000000124e+00 1.202714221275533513e+00
3.660000000000000142e+00 1.196155118220933566e+00
3.680000000000000160e+00 1.189634278389968491e+00
3.700000000000000178e+00 1.183151554901491487e+00
3.720000000000000195e+00 1.176706793539113116e+00
3.740000000000000213e+00 1.170299843270835360e+00
3.760000000000000231e+00 1.163930546075565786e+00
3.780000000000000249e+00 1.157598747140911932e+00
3.800000000000000266e+00 1.151304285005875228e+00
3.820000000000000284e+00 1.145047001428511235e+00
3.839999999999999858e+00 1.138826731853603613e+00
3.859999999999999876e+00 1.132643314941889967e+00
3.879999999999999893e+00 1.126496583371261240e+00
3.899999999999999911e+00 1.120386373019292670e+00
3.919999999999999929e+00 1.114312514106713392e+00
3.939999999999999947e+00 1.108274840024972896e+00
3.959999999999999964e+00 1.102273178830494471e+00
3.979999999999999982e+00 1.096307361709029982e+00
4.000000000000000000e+00 1.090377214829410857e+00
4.020000000000000462e+00 1.084482567436430012e+00
4.040000000000000036e+00 1.078623244072565379e+00
4.060000000000000497e+00 1.072799072291182210e+00
4.080000000000000071e+00 1.067009875254877116e+00
4.099999999999999645e+00 1.061255479060781770e+00
4.120000000000000107e+00 1.055535705723961160e+00
4.139999999999999680e+00 1.049850380106598591e+00
4.160000000000000142e+00 1.044199323295100568e+00
4.179999999999999716e+00 1.038582359124942345e+00
4.200000000000000178e+00 1.032999307959867608e+00
4.219999999999999751e+00 1.027449992804217116e+00
4.240000000000000213e+00 1.021934233492817423e+00
4.259999999999999787e+00 1.016451852382584731e+00
4.280000000000000249e+00 1.011002668961465289e+00
4.299999999999999822e+00 1.005586505111157436e+00
4.320000000000000284e+00 1.000203180143651283e+00
4.339999999999999858e+00 9.948525156268610559e-01
4.360000000000000320e+00 9.895343308571475927e-01
4.379999999999999893e+00 9.842484472396689776e-01
4.400000000000000355e+00 9.789946842053858234e-01
4.419999999999999929e+00 9.737728631380064837e-01
4.440000000000000391e+00 9.685828037437398397e-01
4.459999999999999964e+00 9.634243275166985976e-01
4.480000000000000426e+00 9.582972545699141032e-01
4.500000000000000000e+00 9.532014066309825173e-01
4.520000000000000462e+00 9.481366043426503465e-01
4.540000000000000036e+00 9.431026697805894310e-01
4.560000000000000497e+00 9.380994242319633525e-01
4.580000000000000071e+00 9.331266902271900809e-01
4.600000000000000533e+00 9.281842898047653057e-01
4.620000000000000107e+00 9.232720460488615943e-01
4.639999999999999680e+00 9.183897818488415687e-01
4.660000000000000142e+00 9.135373209345524215e-01
4.679999999999999716e+00 9.087144871387607958e-01
4.700000000000000178e+00 9.039211049220065020e-01
4.719999999999999751e+00 8.991569991463826961e-01
4.740000000000000213e+00 8.944219950817864362e-01
4.759999999999999787e+00 8.897159186992761315e-01
4.780000000000000249e+00 8.850385961505844445e-01
4.799999999999999822e+00 8.803898545894459637e-01
4.820000000000000284e+00 8.757695211162281890e-01
4.839999999999999858e+00 8.711774241354341974e-01
4.860000000000000320e+00 8.666133917573257683e-01
4.879999999999999893e+00 8.620772536999679048e-01
4.900000000000000355e+00 8.575688391396951715e-01
4.919999999999999929e+00 8.530879791659190525e-01
4.940000000000000391e+00 8.486345040722792499e-01
4.959999999999999964e+00 8.442082463725824049e-01
4.980000000000000426e+00 8.398090375244876560e-01
5.000000000000000000e+00 8.354367115147824929e-01
5.020000000000000462e+00 8.310911010074388816e-01
5.040000000000000036e+00 8.267720415066037720e-01
5.060000000000000497e+00 8.224793669208446678e-01
5.080000000000000071e+00 8.182129143120683290e-01
5.100000000000000533e+00 8.139725188677865431e-01
5.120000000000000107e+00 8.097580192443329938e-01
5.139999999999999680e+00 8.055692519389500150e-01
5.160000000000000142e+00 8.014060572355405920e-01
5.179999999999999716e+00 7.972682729683694403e-01
5.200000000000000178e+00 7.931557410787379858e-01
5.219999999999999751e+00 7.890683007620804545e-01
5.240000000000000213e+00 7.850057956438096785e-01
5.259999999999999787e+00 7.809680663015670099e-01
5.280000000000000249e+00 7.769549580686522239e-01
5.299999999999999822e+00 7.729663129231936214e-01
5.320000000000000284e+00 7.690019779274032130e-01
5.339999999999999858e+00 7.650617964754109490e-01
5.360000000000000320e+00 7.611456173767940925e-01
5.379999999999999893e+00 7.572532854547600056e-01
5.400000000000000355e+00 7.533846512822730546e-01
5.419999999999999929e+00 7.495395611222689380e-01
5.440000000000000391e+00 7.457178673248466838e-01
5.459999999999999964e+00 7.419194176011897346e-01
5.480000000000000426e+00 7.381440660901505968e-01
5.500000000000000000e+00 7.343916619575289184e-01
5.520000000000000462e+00 7.306620611405624244e-01
5.540000000000000036e+00 7.269551142641659247e-01
5.560000000000000497e+00 7.232706790717342571e-01
5.580000000000000071e+00 7.196086076499146333e-01
5.600000000000000533e+00 7.159687595542751914e-01
5.620000000000000107e+00 7.123509883341948568e-01
5.639999999999999680e+00 7.087551553618192113e-01
5.660000000000000142e+00 7.051811156485872090e-01
5.679999999999999716e+00 7.016287323861126746e-01
5.700000000000000178e+00 6.980978620458153650e-01
5.719999999999999751e+00 6.945883696402510576e-01
5.740000000000000213e+00 6.911001130973041251e-01
5.759999999999999787e+00 6.876329592506299493e-01
5.780000000000000249e+00 6.841867674798292054e-01
5.799999999999999822e+00 6.807614064385995034e-01
5.820000000000000284e+00 6.773567369522573989e-01
5.839999999999999858e+00 6.739726294923455985e-01
5.860000000000000320e+00 6.706089463228391834e-01
5.879999999999999893e+00 6.672655597298853269e-01
5.900000000000000355e+00 6.639423334079648242e-01
5.919999999999999929e+00 6.606391414536074702e-01
5.940000000000000391e+00 6.573558489827561191e-01
5.959999999999999964e+00 6.540923318972106104e-01
5.980000000000000426e+00 6.508484567243694174e-01
6.000000000000000000e+00 6.476241011653550705e-01
6.020000000000000462e+00 6.444191331482693741e-01
6.040000000000000036e+00 6.412334321668422543e-01
6.060000000000000497e+00 6.380668675382989985e-01
6.080000000000000071e+00 6.349193205415689656e-01
6.100000000000000533e+00 6.317906618707698208e-01
6.120000000000000107e+00 6.286807745819823490e-01
6.140000000000000568e+00 6.255895307332950406e-01
6.160000000000000142e+00 6.225168151492828095e-01
6.179999999999999716e+00 6.194625012385513996e-01
6.200000000000000178e+00 6.164264755849967470e-01
6.219999999999999751e+00 6.134086129336645543e-01
6.240000000000000213e+00 6.104088016181025145e-01
6.259999999999999787e+00 6.074269177053076563e-01
6.280000000000000249e+00 6.044628512683676291e-01
6.299999999999999822e+00 6.015164796812013659e-01
6.320000000000000284e+00 5.985876947459297659e-01
6.339999999999999858e+00 5.956763751280321761e-01
6.360000000000000320e+00 5.927824143477914420e-01
6.379999999999999893e+00 5.899056923464378599e-01
6.400000000000000355e+00 5.870461043512328336e-01
6.419999999999999929e+00 5.842035315630683678e-01
6.440000000000000391e+00 5.813778709047161541e-01
6.459999999999999964e+00 5.785690048202786206e-01
6.480000000000000426e+00 5.757768319163145687e-01
6.500000000000000000e+00 5.730012358634717362e-01
6.520000000000000462e+00 5.702421169401628021e-01
6.540000000000000036e+00 5.674993600265993976e-01
6.560000000000000497e+00 5.647728670609194479e-01
6.580000000000000071e+00 5.620625241157755081e-01
6.600000000000000533e+00 5.593682347767515717e-01
6.620000000000000107e+00 5.566898862915462542e-01
6.640000000000000568e+00 5.540273838807714402e-01
6.660000000000000142e+00 5.513806159496889014e-01
6.679999999999999716e+00 5.487494893414081032e-01
6.700000000000000178e+00 5.461338936010488032e-01
6.719999999999999751e+00 5.435337371816102436e-01
6.740000000000000213e+00 5.409489107503128169e-01
6.759999999999999787e+00 5.383793243573689047e-01
6.780000000000000249e+00 5.358248697741662125e-01
6.799999999999999822e+00 5.332854586354113247e-01
6.820000000000000284e+00 5.307609837987070645e-01
6.839999999999999858e+00 5.282513584705137433e-01
6.860000000000000320e+00 5.257564765765578851e-01
6.879999999999999893e+00 5.232762528823009518e-01
6.900000000000000355e+00 5.208105823635208464e-01
6.919999999999999929e+00 5.183593813319435917e-01
6.940000000000000391e+00 5.159225457952114624e-01
6.959999999999999964e+00 5.134999935985939956e-01
6.980000000000000426e+00 5.110916217634617897e-01
7.000000000000000000e+00 5.086973496559586971e-01
7.020000000000000462e+00 5.063170752929512242e-01
7.040000000000000036e+00 5.039507195488399649e-01
7.060000000000000497e+00 5.015981814178317455e-01
7.080000000000000071e+00 4.992593832700266687e-01
7.100000000000000533e+00 4.969342250587517329e-01
7.120000000000000107e+00 4.946226306373331938e-01
7.140000000000000568e+00 4.923245009000860040e-01
7.160000000000000142e+00 4.900397611711806434e-01
7.179999999999999716e+00 4.877683132677391176e-01
7.200000000000000178e+00 4.855100839724881268e-01
7.219999999999999751e+00 4.832649760072945666e-01
7.240000000000000213e+00 4.810329176012652086e-01
7.259999999999999787e+00 4.788138123629070431e-01
7.280000000000000249e+00 4.766075899556490580e-01
7.299999999999999822e+00 4.744141548566616629e-01
7.320000000000000284e+00 4.722334381517644952e-01
7.339999999999999858e+00 4.700653451687992757e-01
7.360000000000000320e+00 4.679098084041772299e-01
7.379999999999999893e+00 4.657667340185535632e-01
7.400000000000000355e+00 4.636360559072705279e-01
7.419999999999999929e+00 4.615176810459274415e-01
7.440000000000000391e+00 4.594115447172952837e-01
7.459999999999999964e+00 4.573175546941918301e-01
7.480000000000000426e+00 4.552356476354611492e-01
7.500000000000000000e+00 4.531657320934159849e-01
7.520000000000000462e+00 4.511077460917750082e-01
7.540000000000000036e+00 4.490615989447895862e-01
7.560000000000000497e+00 4.470272300300197621e-01
7.580000000000000071e+00 4.450045494060794193e-01
7.600000000000000533e+00 4.429934977935078289e-01
7.620000000000000107e+00 4.409939859778946869e-01
7.640000000000000568e+00 4.390059560120728177e-01
7.660000000000000142e+00 4.370293193912005436e-01
7.679999999999999716e+00 4.350640194898963142e-01
7.700000000000000178e+00 4.331099684956715712e-01
7.719999999999999751e+00 4.311671110945929364e-01
7.740000000000000213e+00 4.292353601493117399e-01
7.759999999999999787e+00 4.273146616472048853e-01
7.780000000000000249e+00 4.254049291090190588e-01
7.799999999999999822e+00 4.235061098134867419e-01
7.820000000000000284e+00 4.216181179224162134e-01
7.839999999999999858e+00 4.197409019961296228e-01
7.860000000000000320e+00 4.178743768206497622e-01
7.879999999999999893e+00 4.160184922283145514e-01
7.900000000000000355e+00 4.141731636125146609e-01
7.919999999999999929e+00 4.123383420682308897e-01
7.940000000000000391e+00 4.105139435795591707e-01
7.959999999999999964e+00 4.086999204949471887e-01
7.980000000000000426e+00 4.068961893725339118e-01
8.000000000000000000e+00 4.051027038052575913e-01
8.019999999999999574e+00 4.033193809088321813e-01
8.040000000000000924e+00 4.015461755119082987e-01
8.060000000000000497e+00 3.997830052713021720e-01
8.080000000000000071e+00 3.980298262428073053e-01
8.099999999999999645e+00 3.962865566080592816e-01
8.120000000000000995e+00 3.945531536416247431e-01
8.140000000000000568e+00 3.928295360336728770e-01
8.160000000000000142e+00 3.911156622693833240e-01
8.179999999999999716e+00 3.894114515313599201e-01
8.199999999999999289e+00 3.877168635074376146e-01
8.220000000000000639e+00 3.860318178565543268e-01
8.240000000000000213e+00 3.843562754614557320e-01
8.259999999999999787e+00 3.826901564414911805e-01
8.279999999999999361e+00 3.810334228667814904e-01
8.300000000000000711e+00 3.793859953011594066e-01
8.320000000000000284e+00 3.777478369947983583e-01
8.339999999999999858e+00 3.761188689402636398e-01
8.359999999999999432e+00 3.744990555606640403e-01
8.380000000000000782e+00 3.728883182615509995e-01
8.400000000000000355e+00 3.712866226320572505e-01
8.419999999999999929e+00 3.696938904751438382e-01
8.439999999999999503e+00 3.681100885392745714e-01
8.460000000000000853e+00 3.665351390092257411e-01
8.480000000000000426e+00 3.649690097863115268e-01
8.500000000000000000e+00 3.634116234217111829e-01
8.519999999999999574e+00 3.618629489633219953e-01
8.540000000000000924e+00 3.603229093132847005e-01
8.560000000000000497e+00 3.587914746600250337e-01
8.580000000000000071e+00 3.572685682413879182e-01
8.599999999999999645e+00 3.557541613804774405e-01
8.620000000000000995e+00 3.542481776355579370e-01
8.640000000000000568e+00 3.527505894587794066e-01
8.660000000000000142e+00 3.512613207137112448e-01
8.679999999999999716e+00 3.497803449761357486e-01
8.700000000000001066e+00 3.483075863997738275e-01
8.720000000000000639e+00 3.468430196788357400e-01
8.740000000000000213e+00 3.453865692422160572e-01
8.759999999999999787e+00 3.439382108975590491e-01
8.779999999999999361e+00 3.424978693339171820e-01
8.800000000000000711e+00 3.410655214675871738e-01
8.820000000000000284e+00 3.396410922329267668e-01
8.839999999999999858e+00 3.382245596503276053e-01
8.859999999999999432e+00 3.368158488845470200e-01
8.880000000000000782e+00 3.354149390557196742e-01
8.900000000000000355e+00 3.340217555442730468e-01
8.919999999999999929e+00 3.326362785659361943e-01
8.939999999999999503e+00 3.312584337020211267e-01
8.960000000000000853e+00 3.298882022599312625e-01
8.980000000000000426e+00 3.285255100072297929e-01
9.000000000000000000e+00 3.271703393392850767e-01
9.019999999999999574e+00 3.258226161952152977e-01
9.040000000000000924e+00 3.244823240548588283e-01
9.060000000000000497e+00 3.231493890143594117e-01
9.080000000000000071e+00 3.218237956347270168e-01
9.099999999999999645e+00 3.205054701545382856e-01
9.120000000000000995e+00 3.191943982128999657e-01
9.140000000000000568e+00 3.178905061763698803e-01
9.160000000000000142e+00 3.165937807593013353e-01
9.179999999999999716e+00 3.153041484416927998e-01
9.200000000000001066e+00 3.140215970105024179e-01
9.220000000000000639e+00 3.127460530448095688e-01
9.240000000000000213e+00 3.114775054017202560e-01
9.259999999999999787e+00 3.102158807449412192e-01
9.279999999999999361e+00 3.089611689995068189e-01
9.300000000000000711e+00 3.077132968994379381e-01
9.320000000000000284e+00 3.064722554356929529e-01
9.339999999999999858e+00 3.052379713981957510e-01
9.359999999999999432e+00 3.040104368420316616e-01
9.380000000000000782e+00 3.027895785987740340e-01
9.400000000000000355e+00 3.015753897860304900e-01
9.419999999999999929e+00 3.003677972626770942e-01
9.439999999999999503e+00 2.991667952074815173e-01
9.460000000000000853e+00 2.979723104923814314e-01
9.480000000000000426e+00 2.967843383561478143e-01
9.500000000000000000e+00 2.956028056694575690e-01
9.519999999999999574e+00 2.944277087301276352e-01
9.540000000000000924e+00 2.932589743933929349e-01
9.560000000000000497e+00 2.920966000153623621e-01
9.580000000000000071e+00 2.909405124215340144e-01
9.599999999999999645e+00 2.897907100257853252e-01
9.620000000000000995e+00 2.886471196096926928e-01
