# Electrodo circular de radio 6 mm y espesor 710.0 um.
# Volumen de simulacion (convencion z,y,x):
# N: 1024 x 1024 x 1024 | voxelSize:  0.02mm x 0.02mm x 0.02mm | FOV:  20.48mm x 20.48mm x 20.48mm
# 
# z [mm]		 delta[ppm]
0.000000000000000000e+00 2.552086410897029811e+00
2.000000000000000042e-02 2.548610806017654884e+00
4.000000000000000083e-02 2.545032384380453649e+00
5.999999999999999778e-02 2.541352115525256750e+00
8.000000000000000167e-02 2.537570887073521853e+00
1.000000000000000056e-01 2.533689595908388714e+00
1.199999999999999956e-01 2.529709158492515986e+00
1.400000000000000133e-01 2.525630513227494323e+00
1.600000000000000033e-01 2.521454614637590019e+00
1.799999999999999933e-01 2.517182438507201692e+00
2.000000000000000111e-01 2.512814975207063650e+00
2.200000000000000011e-01 2.508353235215171839e+00
2.399999999999999911e-01 2.503798242497838000e+00
2.600000000000000089e-01 2.499151040023370740e+00
2.800000000000000266e-01 2.494412683090694749e+00
2.999999999999999889e-01 2.489584244928513712e+00
3.200000000000000067e-01 2.484666809886563410e+00
3.400000000000000244e-01 2.479661479172700744e+00
3.599999999999999867e-01 2.474569363888793117e+00
3.800000000000000044e-01 2.469391590937454861e+00
4.000000000000000222e-01 2.464129295862584890e+00
4.199999999999999845e-01 2.458783628945987232e+00
4.400000000000000022e-01 2.453355747858865676e+00
4.600000000000000200e-01 2.447846823958840456e+00
4.799999999999999822e-01 2.442258034732326166e+00
5.000000000000000000e-01 2.436590570300153136e+00
5.200000000000000178e-01 2.430845625661774090e+00
5.400000000000000355e-01 2.425024407412935901e+00
5.600000000000000533e-01 2.419128125781097260e+00
5.799999999999999600e-01 2.413158001558298515e+00
5.999999999999999778e-01 2.407115257939069775e+00
6.199999999999999956e-01 2.401001127668953572e+00
6.400000000000000133e-01 2.394816844679425571e+00
6.600000000000000311e-01 2.388563651452605185e+00
6.800000000000000488e-01 2.382242790463916293e+00
7.000000000000000666e-01 2.375855511761807648e+00
7.199999999999999734e-01 2.369403064215761301e+00
7.399999999999999911e-01 2.362886703310036918e+00
7.600000000000000089e-01 2.356307682206967957e+00
7.800000000000000266e-01 2.349667259752539206e+00
8.000000000000000444e-01 2.342966691354583464e+00
8.200000000000000622e-01 2.336207237198104636e+00
8.399999999999999689e-01 2.329390152947657278e+00
8.599999999999999867e-01 2.322516698169433624e+00
8.800000000000000044e-01 2.315588126858807883e+00
9.000000000000000222e-01 2.308605696066275748e+00
9.200000000000000400e-01 2.301570656258833836e+00
9.400000000000000577e-01 2.294484260146218979e+00
9.599999999999999645e-01 2.287347752877988860e+00
9.799999999999999822e-01 2.280162381066505262e+00
1.000000000000000000e+00 2.272929382827935996e+00
1.020000000000000018e+00 2.265649996997812554e+00
1.040000000000000036e+00 2.258325453018569018e+00
1.060000000000000053e+00 2.250956980343532976e+00
1.080000000000000071e+00 2.243545798178776085e+00
1.100000000000000089e+00 2.236093125070936161e+00
1.120000000000000107e+00 2.228600168506502222e+00
1.140000000000000124e+00 2.221068134678783057e+00
1.159999999999999920e+00 2.213498217952122982e+00
1.179999999999999938e+00 2.205891610802949376e+00
1.199999999999999956e+00 2.198249493152439893e+00
1.219999999999999973e+00 2.190573042476532173e+00
1.239999999999999991e+00 2.182863423014254067e+00
1.260000000000000009e+00 2.175121796041235012e+00
1.280000000000000027e+00 2.167349308957561504e+00
1.300000000000000044e+00 2.159547105719224369e+00
1.320000000000000062e+00 2.151716315812549851e+00
1.340000000000000080e+00 2.143858064837742994e+00
1.360000000000000098e+00 2.135973463374009729e+00
1.380000000000000115e+00 2.128063617709288646e+00
1.400000000000000133e+00 2.120129618602950128e+00
1.419999999999999929e+00 2.112172552155532568e+00
1.439999999999999947e+00 2.104193488473401263e+00
1.459999999999999964e+00 2.096193492672222547e+00
1.479999999999999982e+00 2.088173613450368560e+00
1.500000000000000000e+00 2.080134894219655362e+00
1.520000000000000018e+00 2.072078361592092133e+00
1.540000000000000036e+00 2.064005036631300971e+00
1.560000000000000053e+00 2.055915923259346467e+00
1.580000000000000071e+00 2.047812019622095470e+00
1.600000000000000089e+00 2.039694306420908987e+00
1.620000000000000107e+00 2.031563758385122931e+00
1.640000000000000124e+00 2.023421332535300099e+00
1.660000000000000142e+00 2.015267979755825944e+00
1.679999999999999938e+00 2.007104632994719751e+00
1.699999999999999956e+00 1.998932218929299509e+00
1.719999999999999973e+00 1.990751646109237605e+00
1.739999999999999991e+00 1.982563816708067694e+00
1.760000000000000009e+00 1.974369614614705393e+00
1.780000000000000027e+00 1.966169917263517197e+00
1.800000000000000044e+00 1.957965583681016142e+00
1.820000000000000062e+00 1.949757466387111116e+00
1.840000000000000080e+00 1.941546399402360734e+00
1.860000000000000098e+00 1.933333210212952347e+00
1.880000000000000115e+00 1.925118707745274715e+00
1.900000000000000133e+00 1.916903694387086743e+00
1.919999999999999929e+00 1.908688953934960519e+00
1.939999999999999947e+00 1.900475263664054726e+00
1.959999999999999964e+00 1.892263382255268578e+00
1.979999999999999982e+00 1.884054061905895860e+00
2.000000000000000000e+00 1.875848036242260708e+00
2.020000000000000018e+00 1.867646032463548655e+00
2.040000000000000036e+00 1.859448759246803196e+00
2.060000000000000053e+00 1.851256918916131866e+00
2.080000000000000071e+00 1.843071195346001945e+00
2.100000000000000089e+00 1.834892266147987838e+00
2.120000000000000107e+00 1.826720790579369424e+00
2.140000000000000124e+00 1.818557421739507740e+00
2.160000000000000142e+00 1.810402794489857081e+00
2.180000000000000160e+00 1.802257537652052877e+00
2.200000000000000178e+00 1.794122261946424768e+00
2.220000000000000195e+00 1.785997572183813276e+00
2.240000000000000213e+00 1.777884055228874383e+00
2.260000000000000231e+00 1.769782292177630723e+00
2.280000000000000249e+00 1.761692846352749253e+00
2.300000000000000266e+00 1.753616275458770524e+00
2.319999999999999840e+00 1.745553119615841142e+00
2.339999999999999858e+00 1.737503913484550688e+00
2.359999999999999876e+00 1.729469174345403593e+00
2.379999999999999893e+00 1.721449414185172833e+00
2.399999999999999911e+00 1.713445127828728598e+00
2.419999999999999929e+00 1.705456804978796814e+00
2.439999999999999947e+00 1.697484918407552001e+00
2.459999999999999964e+00 1.689529935941619598e+00
2.479999999999999982e+00 1.681592308720220252e+00
2.500000000000000000e+00 1.673672483117272014e+00
2.520000000000000018e+00 1.665770889073578953e+00
2.540000000000000036e+00 1.657887951947847549e+00
2.560000000000000053e+00 1.650024080929862969e+00
2.580000000000000071e+00 1.642179680812227982e+00
2.600000000000000089e+00 1.634355140492120384e+00
2.620000000000000107e+00 1.626550844655554107e+00
2.640000000000000124e+00 1.618767162374798341e+00
2.660000000000000142e+00 1.611004458696932318e+00
2.680000000000000160e+00 1.603263083344640627e+00
2.700000000000000178e+00 1.595543382200819593e+00
2.720000000000000195e+00 1.587845686119956357e+00
2.740000000000000213e+00 1.580170322300553432e+00
2.760000000000000231e+00 1.572517603214891091e+00
2.780000000000000249e+00 1.564887837861017594e+00
2.800000000000000266e+00 1.557281320818215464e+00
2.819999999999999840e+00 1.549698343370318643e+00
2.839999999999999858e+00 1.542139182694762800e+00
2.859999999999999876e+00 1.534604112848956259e+00
2.879999999999999893e+00 1.527093394100371260e+00
2.899999999999999911e+00 1.519607283767690165e+00
2.919999999999999929e+00 1.512146025699927732e+00
2.939999999999999947e+00 1.504709860964044577e+00
2.959999999999999964e+00 1.497299017480661520e+00
2.979999999999999982e+00 1.489913720549883358e+00
3.000000000000000000e+00 1.482554182651630637e+00
3.020000000000000018e+00 1.475220613801385472e+00
3.040000000000000036e+00 1.467913211522800410e+00
3.060000000000000053e+00 1.460632171025064929e+00
3.080000000000000071e+00 1.453377675355929988e+00
3.100000000000000089e+00 1.446149905392372981e+00
3.120000000000000107e+00 1.438949030181785105e+00
3.140000000000000124e+00 1.431775216737653400e+00
3.160000000000000142e+00 1.424628620577085725e+00
3.180000000000000160e+00 1.417509395313182763e+00
3.200000000000000178e+00 1.410417683396745003e+00
3.220000000000000195e+00 1.403353625497043788e+00
3.240000000000000213e+00 1.396317351455923061e+00
3.260000000000000231e+00 1.389308989448646336e+00
3.280000000000000249e+00 1.382328657158333751e+00
3.300000000000000266e+00 1.375376470708551402e+00
3.320000000000000284e+00 1.368452536066371295e+00
3.339999999999999858e+00 1.361556957738378593e+00
3.359999999999999876e+00 1.354689830410334306e+00
3.379999999999999893e+00 1.347851247398281105e+00
3.399999999999999911e+00 1.341041292533154294e+00
3.419999999999999929e+00 1.334260048358630657e+00
3.439999999999999947e+00 1.327507588268731054e+00
3.459999999999999964e+00 1.320783984444114489e+00
3.479999999999999982e+00 1.314089300251025216e+00
3.500000000000000000e+00 1.307423597907673596e+00
3.520000000000000018e+00 1.300786931152658976e+00
3.540000000000000036e+00 1.294179352633104685e+00
3.560000000000000053e+00 1.287600906850947746e+00
3.580000000000000071e+00 1.281051637264460696e+00
3.600000000000000089e+00 1.274531579520605140e+00
3.620000000000000107e+00 1.268040768261591733e+00
3.640000000000000124e+00 1.261579230651704409e+00
3.660000000000000142e+00 1.255146992880562307e+00
3.680000000000000160e+00 1.248744073992636983e+00
3.700000000000000178e+00 1.242370492078822775e+00
3.720000000000000195e+00 1.236026258417141088e+00
3.740000000000000213e+00 1.229711383344264775e+00
3.760000000000000231e+00 1.223425870715625807e+00
3.780000000000000249e+00 1.217169723448549234e+00
3.800000000000000266e+00 1.210942938310261452e+00
3.820000000000000284e+00 1.204745511124240220e+00
3.839999999999999858e+00 1.198577431894432666e+00
3.859999999999999876e+00 1.192438689666436735e+00
3.879999999999999893e+00 1.186329267996446113e+00
3.899999999999999911e+00 1.180249149458870273e+00
3.919999999999999929e+00 1.174198311468342082e+00
3.939999999999999947e+00 1.168176730425385168e+00
3.959999999999999964e+00 1.162184377900022936e+00
3.979999999999999982e+00 1.156221224407089743e+00
4.000000000000000000e+00 1.150287235959818188e+00
4.020000000000000462e+00 1.144382377466368839e+00
4.040000000000000036e+00 1.138506609661958935e+00
4.060000000000000497e+00 1.132659892118220935e+00
4.080000000000000071e+00 1.126842180562241502e+00
4.099999999999999645e+00 1.121053429490343367e+00
4.120000000000000107e+00 1.115293589882610403e+00
4.139999999999999680e+00 1.109562611412649114e+00
4.160000000000000142e+00 1.103860440566056589e+00
4.179999999999999716e+00 1.098187022437709270e+00
4.200000000000000178e+00 1.092542299262757144e+00
4.219999999999999751e+00 1.086926211793016295e+00
4.240000000000000213e+00 1.081338698248949459e+00
4.259999999999999787e+00 1.075779695266686486e+00
4.280000000000000249e+00 1.070249137279608798e+00
4.299999999999999822e+00 1.064746957027556062e+00
4.320000000000000284e+00 1.059273085376491785e+00
4.339999999999999858e+00 1.053827451381392555e+00
4.360000000000000320e+00 1.048409982552680919e+00
4.379999999999999893e+00 1.043020604464290457e+00
4.400000000000000355e+00 1.037659241475356708e+00
4.419999999999999929e+00 1.032325815874995056e+00
4.440000000000000391e+00 1.027020249067883251e+00
4.459999999999999964e+00 1.021742460247262008e+00
4.480000000000000426e+00 1.016492368052970052e+00
4.500000000000000000e+00 1.011269888764080749e+00
4.520000000000000462e+00 1.006074938438118238e+00
4.540000000000000036e+00 1.000907430614826676e+00
4.560000000000000497e+00 9.957672789450865425e-01
4.580000000000000071e+00 9.906543943972639932e-01
4.600000000000000533e+00 9.855686883845740098e-01
4.620000000000000107e+00 9.805100694654310667e-01
4.639999999999999680e+00 9.754784469778626788e-01
4.660000000000000142e+00 9.704737272252741409e-01
4.679999999999999716e+00 9.654958176266582592e-01
4.700000000000000178e+00 9.605446223791789251e-01
4.719999999999999751e+00 9.556200471328214485e-01
4.740000000000000213e+00 9.507219941211513259e-01
4.759999999999999787e+00 9.458503673692054692e-01
4.780000000000000249e+00 9.410050672837919628e-01
4.799999999999999822e+00 9.361859964032850367e-01
4.820000000000000284e+00 9.313930534388080718e-01
4.839999999999999858e+00 9.266261395747543705e-01
4.860000000000000320e+00 9.218851519521837901e-01
4.879999999999999893e+00 9.171699905287649113e-01
4.900000000000000355e+00 9.124805509956882554e-01
4.919999999999999929e+00 9.078167322059043087e-01
4.940000000000000391e+00 9.031784285158165337e-01
4.959999999999999964e+00 8.985655377905736874e-01
4.980000000000000426e+00 8.939779531617931818e-01
5.000000000000000000e+00 8.894155716188175687e-01
5.020000000000000462e+00 8.848782851736978206e-01
5.040000000000000036e+00 8.803659900472092792e-01
5.060000000000000497e+00 8.758785772322967844e-01
5.080000000000000071e+00 8.714159422838061442e-01
5.100000000000000533e+00 8.669779752715702781e-01
5.120000000000000107e+00 8.625645711827082396e-01
5.139999999999999680e+00 8.581756192554822471e-01
5.160000000000000142e+00 8.538110140031922590e-01
5.179999999999999716e+00 8.494706439199167791e-01
5.200000000000000178e+00 8.451544031349037533e-01
5.219999999999999751e+00 8.408621794812827233e-01
5.240000000000000213e+00 8.365938667900247872e-01
5.259999999999999787e+00 8.323493523126667126e-01
5.280000000000000249e+00 8.281285296638194460e-01
5.299999999999999822e+00 8.239312855889294740e-01
5.320000000000000284e+00 8.197575135644483701e-01
5.339999999999999858e+00 8.156070999016257206e-01
5.360000000000000320e+00 8.114799380133859152e-01
5.379999999999999893e+00 8.073759138450739004e-01
5.400000000000000355e+00 8.032949208172613931e-01
5.419999999999999929e+00 7.992368445743492922e-01
5.440000000000000391e+00 7.952015786124110308e-01
5.459999999999999964e+00 7.911890083365216153e-01
5.480000000000000426e+00 7.871990273829116980e-01
5.500000000000000000e+00 7.832315209758533570e-01
5.520000000000000462e+00 7.792863829533172026e-01
5.540000000000000036e+00 7.753634984141842823e-01
5.560000000000000497e+00 7.714627614567903802e-01
5.580000000000000071e+00 7.675840571071890217e-01
5.600000000000000533e+00 7.637272797798433377e-01
5.620000000000000107e+00 7.598923144776648098e-01
5.639999999999999680e+00 7.560790559842834879e-01
5.660000000000000142e+00 7.522873893265026313e-01
5.679999999999999716e+00 7.485172097075317721e-01
5.700000000000000178e+00 7.447684022224281275e-01
5.719999999999999751e+00 7.410408625418601902e-01
5.740000000000000213e+00 7.373344758710840274e-01
5.759999999999999787e+00 7.336491383936774024e-01
5.780000000000000249e+00 7.299847354645497832e-01
5.799999999999999822e+00 7.263411638233155943e-01
5.820000000000000284e+00 7.227183090117677011e-01
5.839999999999999858e+00 7.191160683664411524e-01
5.860000000000000320e+00 7.155343276509376071e-01
5.879999999999999893e+00 7.119729848374601877e-01
5.900000000000000355e+00 7.084319259442982686e-01
5.919999999999999929e+00 7.049110496160017059e-01
5.940000000000000391e+00 7.014102421563023215e-01
5.959999999999999964e+00 6.979294029168158220e-01
5.980000000000000426e+00 6.944684185155793887e-01
6.000000000000000000e+00 6.910271890440926601e-01
6.020000000000000462e+00 6.876056014616118706e-01
6.040000000000000036e+00 6.842035566305241234e-01
6.060000000000000497e+00 6.808209418764861187e-01
6.080000000000000071e+00 6.774576588620497830e-01
6.100000000000000533e+00 6.741135953026270444e-01
6.120000000000000107e+00 6.707886536885527828e-01
6.140000000000000568e+00 6.674827221467852789e-01
6.160000000000000142e+00 6.641957040214513386e-01
6.179999999999999716e+00 6.609274878711726142e-01
6.200000000000000178e+00 6.576779779183713481e-01
6.219999999999999751e+00 6.544470631719869758e-01
6.240000000000000213e+00 6.512346487557778563e-01
6.259999999999999787e+00 6.480406241461375005e-01
6.280000000000000249e+00 6.448648953898085123e-01
6.299999999999999822e+00 6.417073524464291800e-01
6.320000000000000284e+00 6.385679023060446546e-01
6.339999999999999858e+00 6.354464354259289349e-01
6.360000000000000320e+00 6.323428597584704880e-01
6.379999999999999893e+00 6.292570662717542618e-01
6.400000000000000355e+00 6.261889638983454409e-01
6.419999999999999929e+00 6.231384441290029885e-01
6.440000000000000391e+00 6.201054168931415811e-01
6.459999999999999964e+00 6.170897742149669130e-01
6.480000000000000426e+00 6.140914270363042604e-01
6.500000000000000000e+00 6.111102679243719527e-01
6.520000000000000462e+00 6.081462088479160366e-01
6.540000000000000036e+00 6.051991429257301824e-01
6.560000000000000497e+00 6.022689831669787441e-01
6.580000000000000071e+00 5.993556232494947622e-01
6.600000000000000533e+00 5.964589772354069730e-01
6.620000000000000107e+00 5.935789393681313308e-01
6.640000000000000568e+00 5.907154247743893194e-01
6.660000000000000142e+00 5.878683282687169331e-01
6.679999999999999716e+00 5.850375660531811350e-01
6.700000000000000178e+00 5.822230335181460825e-01
6.719999999999999751e+00 5.794246479509564951e-01
6.740000000000000213e+00 5.766423053215782302e-01
6.759999999999999787e+00 5.738759240117731197e-01
6.780000000000000249e+00 5.711254005741386308e-01
6.799999999999999822e+00 5.683906544932465499e-01
6.820000000000000284e+00 5.656715829064896672e-01
6.839999999999999858e+00 5.629681064089314679e-01
6.860000000000000320e+00 5.602801227242590887e-01
6.879999999999999893e+00 5.576075535650300008e-01
6.900000000000000355e+00 5.549502972419283475e-01
6.919999999999999929e+00 5.523082765913740477e-01
6.940000000000000391e+00 5.496813905111491705e-01
6.959999999999999964e+00 5.470695629672820415e-01
6.980000000000000426e+00 5.444726934440289323e-01
7.000000000000000000e+00 5.418907070422104288e-01
7.020000000000000462e+00 5.393235038313816121e-01
7.040000000000000036e+00 5.367710100517925076e-01
7.060000000000000497e+00 5.342331263564542576e-01
7.080000000000000071e+00 5.317097801291617021e-01
7.100000000000000533e+00 5.292008726040590139e-01
7.120000000000000107e+00 5.267063323121163876e-01
7.140000000000000568e+00 5.242260610656653830e-01
7.160000000000000142e+00 5.217599885460258990e-01
7.179999999999999716e+00 5.193080171403383627e-01
7.200000000000000178e+00 5.168700776830056354e-01
7.219999999999999751e+00 5.144460731320378288e-01
7.240000000000000213e+00 5.120359354772465732e-01
7.259999999999999787e+00 5.096395682431816843e-01
7.280000000000000249e+00 5.072569045770057850e-01
7.299999999999999822e+00 5.048878485649527237e-01
7.320000000000000284e+00 5.025323345131151864e-01
7.339999999999999858e+00 5.001902670642268678e-01
7.360000000000000320e+00 4.978615816845475828e-01
7.379999999999999893e+00 4.955461835676350235e-01
7.400000000000000355e+00 4.932440093408319570e-01
7.419999999999999929e+00 4.909549647425511254e-01
7.440000000000000391e+00 4.886789875618439138e-01
7.459999999999999964e+00 4.864159840755539199e-01
7.480000000000000426e+00 4.841658932347834843e-01
7.500000000000000000e+00 4.819286218481305673e-01
7.520000000000000462e+00 4.797041100288266802e-01
7.540000000000000036e+00 4.774922651101437543e-01
7.560000000000000497e+00 4.752930283672779921e-01
7.580000000000000071e+00 4.731063076508507104e-01
7.600000000000000533e+00 4.709320453976354459e-01
7.620000000000000107e+00 4.687701499679182149e-01
7.640000000000000568e+00 4.666205649594570848e-01
7.660000000000000142e+00 4.644831992342993154e-01
7.679999999999999716e+00 4.623579975504019668e-01
7.700000000000000178e+00 4.602448692633375193e-01
7.719999999999999751e+00 4.581437602902869166e-01
7.740000000000000213e+00 4.560545804719421947e-01
7.759999999999999787e+00 4.539772768835835248e-01
7.780000000000000249e+00 4.519117598422842108e-01
7.799999999999999822e+00 4.498579775801441194e-01
7.820000000000000284e+00 4.478158408817425884e-01
7.839999999999999858e+00 4.457852991345823135e-01
7.860000000000000320e+00 4.437662635815763923e-01
7.879999999999999893e+00 4.417586847640894154e-01
7.900000000000000355e+00 4.397624743740742304e-01
7.919999999999999929e+00 4.377775841051092520e-01
7.940000000000000391e+00 4.358039260886140687e-01
7.959999999999999964e+00 4.338414531686307085e-01
7.980000000000000426e+00 4.318900779063751805e-01
8.000000000000000000e+00 4.299497542945164841e-01
8.019999999999999574e+00 4.280203953141396567e-01
8.040000000000000924e+00 4.261019561046224813e-01
8.060000000000000497e+00 4.241943500569165248e-01
8.080000000000000071e+00 4.222975334551266613e-01
8.099999999999999645e+00 4.204114200898234621e-01
8.120000000000000995e+00 4.185359673877953601e-01
8.140000000000000568e+00 4.166710895289313932e-01
8.160000000000000142e+00 4.148167450806147794e-01
8.179999999999999716e+00 4.129728486015199485e-01
8.199999999999999289e+00 4.111393597974924430e-01
8.220000000000000639e+00 4.093161935954285346e-01
8.240000000000000213e+00 4.075033108374765400e-01
8.259999999999999787e+00 4.057006268079645928e-01
8.279999999999999361e+00 4.039081034831626948e-01
8.300000000000000711e+00 4.021256564940239309e-01
8.320000000000000284e+00 4.003532489487465762e-01
8.339999999999999858e+00 3.985907968138898139e-01
8.359999999999999432e+00 3.968382643273739574e-01
8.380000000000000782e+00 3.950955677803584809e-01
8.400000000000000355e+00 3.933626725382748379e-01
8.419999999999999929e+00 3.916394952056670431e-01
8.439999999999999503e+00 3.899260022732784492e-01
8.460000000000000853e+00 3.882221106478344064e-01
8.480000000000000426e+00 3.865277879432038599e-01
8.500000000000000000e+00 3.848429513569044946e-01
8.519999999999999574e+00 3.831675696237644702e-01
8.540000000000000924e+00 3.815015602207212364e-01
8.560000000000000497e+00 3.798448930014211578e-01
8.580000000000000071e+00 3.781974857106759069e-01
8.599999999999999645e+00 3.765593093188302487e-01
8.620000000000000995e+00 3.749302818270614512e-01
8.640000000000000568e+00 3.733103753203334541e-01
8.660000000000000142e+00 3.716995080445029132e-01
8.679999999999999716e+00 3.700976531971189032e-01
8.700000000000001066e+00 3.685047292570743926e-01
8.720000000000000639e+00 3.669207105325107965e-01
8.740000000000000213e+00 3.653455157235513395e-01
8.759999999999999787e+00 3.637791202469820573e-01
8.779999999999999361e+00 3.622214430124103823e-01
8.800000000000000711e+00 3.606724605433758168e-01
8.820000000000000284e+00 3.591320919470538109e-01
8.839999999999999858e+00 3.576003148519121821e-01
8.859999999999999432e+00 3.560770485508427674e-01
8.880000000000000782e+00 3.545622717754709496e-01
8.900000000000000355e+00 3.530559039924046072e-01
8.919999999999999929e+00 3.515579250347112827e-01
8.939999999999999503e+00 3.500682545307887694e-01
8.960000000000000853e+00 3.485868734135144087e-01
8.980000000000000426e+00 3.471137014609875227e-01
9.000000000000000000e+00 3.456487207043318355e-01
9.019999999999999574e+00 3.441918510593415803e-01
9.040000000000000924e+00 3.427430756539000534e-01
9.060000000000000497e+00 3.413023145293457850e-01
9.080000000000000071e+00 3.398695519088969497e-01
9.099999999999999645e+00 3.384447079473839604e-01
9.120000000000000995e+00 3.370277679620232170e-01
9.140000000000000568e+00 3.356186522089239510e-01
9.160000000000000142e+00 3.342173470980591143e-01
9.179999999999999716e+00 3.328237729746871820e-01
9.200000000000001066e+00 3.314379173403787515e-01
9.220000000000000639e+00 3.300597006172960590e-01
9.240000000000000213e+00 3.286891113975031753e-01
9.259999999999999787e+00 3.273260701679190920e-01
9.279999999999999361e+00 3.259705666101119226e-01
9.300000000000000711e+00 3.246225212634561430e-01
9.320000000000000284e+00 3.232819248981277371e-01
9.339999999999999858e+00 3.219486980937620868e-01
9.359999999999999432e+00 3.206228327083339158e-01
9.380000000000000782e+00 3.193042493494153145e-01
9.400000000000000355e+00 3.179929409620408376e-01
9.419999999999999929e+00 3.166888281695231511e-01
9.439999999999999503e+00 3.153919050033437976e-01
9.460000000000000853e+00 3.141020920901786417e-01
9.480000000000000426e+00 3.128193845474330770e-01
9.500000000000000000e+00 3.115437029929234991e-01
9.519999999999999574e+00 3.102750436295368397e-01
9.540000000000000924e+00 3.090133270538685251e-01
9.560000000000000497e+00 3.077585505539344735e-01
9.580000000000000071e+00 3.065106346928823666e-01
9.599999999999999645e+00 3.052695778436206875e-01
9.620000000000000995e+00 3.040353005234565642e-01
