0.000000000000000000e+00 8.665357692627036812e+00
1.499999999999999944e-02 7.781537055029548178e+00
2.999999999999999889e-02 6.990905645631926291e+00
4.499999999999999833e-02 6.321052522059719792e+00
5.999999999999999778e-02 5.766493277528965677e+00
7.499999999999999722e-02 5.308911922103251690e+00
8.999999999999999667e-02 4.928659471866954078e+00
1.049999999999999961e-01 4.608914144014311987e+00
1.199999999999999956e-01 4.336456411772109831e+00
1.350000000000000089e-01 4.101232241668669509e+00
1.499999999999999944e-01 3.895651625488687930e+00
1.649999999999999800e-01 3.713972584663579823e+00
1.799999999999999933e-01 3.551808164106484256e+00
1.950000000000000067e-01 3.405775940778727584e+00
2.099999999999999922e-01 3.273230350327346994e+00
2.249999999999999778e-01 3.152083168502563648e+00
2.399999999999999911e-01 3.040662423760369215e+00
2.550000000000000044e-01 2.937620490276015683e+00
2.700000000000000178e-01 2.841854005367402181e+00
2.849999999999999756e-01 2.752456043789933027e+00
2.999999999999999889e-01 2.668670263031350576e+00
3.150000000000000022e-01 2.589865866381906745e+00
3.299999999999999600e-01 2.515506983968759602e+00
3.449999999999999734e-01 2.445139885127244561e+00
3.599999999999999867e-01 2.378373853558350959e+00
3.750000000000000000e-01 2.314875235780049501e+00
3.900000000000000133e-01 2.254351919037016039e+00
4.049999999999999711e-01 2.196551331285800490e+00
4.199999999999999845e-01 2.141250207885941226e+00
4.349999999999999978e-01 2.088254940350479760e+00
4.499999999999999556e-01 2.037391513974641466e+00
4.649999999999999689e-01 1.988507283994376040e+00
4.799999999999999822e-01 1.941464229460295510e+00
4.949999999999999956e-01 1.896141608057737571e+00
5.100000000000000089e-01 1.852428211191182950e+00
5.250000000000000222e-01 1.810225559317809596e+00
5.400000000000000355e-01 1.769442761019247801e+00
5.549999999999999378e-01 1.730000036226597704e+00
5.699999999999999512e-01 1.691822127802591558e+00
5.849999999999999645e-01 1.654842012035619536e+00
5.999999999999999778e-01 1.618996631638927486e+00
6.149999999999999911e-01 1.584230702218209608e+00
6.300000000000000044e-01 1.550490808382079644e+00
6.450000000000000178e-01 1.517729240384052325e+00
6.599999999999999201e-01 1.485900292755662822e+00
6.749999999999999334e-01 1.454964088710194892e+00
6.899999999999999467e-01 1.424881154857974952e+00
7.049999999999999600e-01 1.395616198855346601e+00
7.199999999999999734e-01 1.367134835739604037e+00
7.349999999999999867e-01 1.339407298276950042e+00
7.500000000000000000e-01 1.312403395444622811e+00
7.650000000000000133e-01 1.286096135305345944e+00
7.800000000000000266e-01 1.260458814296306462e+00
7.949999999999999289e-01 1.235468542969085703e+00
8.099999999999999423e-01 1.211101542167665857e+00
8.249999999999999556e-01 1.187336558662252628e+00
8.399999999999999689e-01 1.164152285177815438e+00
8.549999999999999822e-01 1.141530662320255463e+00
8.699999999999999956e-01 1.119452488138925172e+00
8.850000000000000089e-01 1.097900597322511107e+00
8.999999999999999112e-01 1.076857594130922857e+00
9.149999999999999245e-01 1.056308909027167120e+00
9.299999999999999378e-01 1.036238706696936518e+00
9.449999999999999512e-01 1.016632813437944316e+00
9.599999999999999645e-01 9.974767510558167904e-01
9.749999999999999778e-01 9.787585377614096416e-01
9.899999999999999911e-01 9.604648832417268522e-01
1.004999999999999893e+00 9.425838578630614251e-01
1.020000000000000018e+00 9.251032174502813454e-01
1.034999999999999920e+00 9.080129454589452864e-01
1.050000000000000044e+00 8.913017244309325848e-01
1.064999999999999947e+00 8.749593468895755510e-01
1.080000000000000071e+00 8.589753208975110521e-01
1.094999999999999973e+00 8.433411558293157917e-01
1.109999999999999876e+00 8.280470990295762945e-01
1.125000000000000000e+00 8.130842928269650383e-01
1.139999999999999902e+00 7.984436499468453574e-01
1.155000000000000027e+00 7.841178891220794700e-01
1.169999999999999929e+00 7.700985247832092817e-01
1.185000000000000053e+00 7.563777779868773310e-01
1.199999999999999956e+00 7.429477097075479763e-01
1.214999999999999858e+00 7.298020154236215529e-01
1.229999999999999982e+00 7.169332546135848139e-01
1.244999999999999885e+00 7.043345258798648922e-01
1.260000000000000009e+00 6.919988451475815872e-01
1.274999999999999911e+00 6.799207104820229608e-01
1.290000000000000036e+00 6.680935572451091042e-01
1.304999999999999938e+00 6.565112094842107116e-01
1.319999999999999840e+00 6.451674892652830007e-01
1.334999999999999964e+00 6.340575644689304680e-01
1.349999999999999867e+00 6.231756147721008166e-01
1.364999999999999991e+00 6.125160725920322236e-01
1.379999999999999893e+00 6.020734492343402522e-01
1.395000000000000018e+00 5.918434793908110558e-01
1.409999999999999920e+00 5.818209826835024634e-01
1.425000000000000044e+00 5.720009082064690942e-01
1.439999999999999947e+00 5.623783628879245322e-01
1.454999999999999849e+00 5.529495669633291977e-01
1.469999999999999973e+00 5.437098956500514557e-01
1.484999999999999876e+00 5.346547416958860044e-01
1.500000000000000000e+00 5.257797313241056036e-01
1.514999999999999902e+00 5.170815051562636100e-01
1.530000000000000027e+00 5.085559246530791944e-01
1.544999999999999929e+00 5.001987671296406202e-01
1.560000000000000053e+00 4.920061148451678190e-01
1.574999999999999956e+00 4.839749757669827290e-01
1.589999999999999858e+00 4.761016396860230371e-01
1.604999999999999982e+00 4.683822199553432375e-01
1.619999999999999885e+00 4.608132016690190680e-01
1.635000000000000009e+00 4.533919163495344629e-01
1.649999999999999911e+00 4.461150330891889282e-01
1.665000000000000036e+00 4.389789608649870001e-01
1.679999999999999938e+00 4.319805422880078627e-01
1.694999999999999840e+00 4.251173958110299189e-01
1.709999999999999964e+00 4.183865278253967590e-01
1.724999999999999867e+00 4.117846088481572076e-01
1.739999999999999991e+00 4.053087999803498542e-01
1.754999999999999893e+00 3.989569756135681877e-01
1.770000000000000018e+00 3.927264430926070138e-01
1.784999999999999920e+00 3.866141053999617161e-01
1.799999999999999822e+00 3.806174082077761200e-01
1.814999999999999947e+00 3.747344553479818319e-01
1.829999999999999849e+00 3.689628234050313371e-01
1.844999999999999973e+00 3.632996227724465399e-01
1.859999999999999876e+00 3.577425539910592533e-01
1.875000000000000000e+00 3.522899274685678539e-01
1.889999999999999902e+00 3.469395611681130309e-01
1.905000000000000027e+00 3.416887511098810060e-01
1.919999999999999929e+00 3.365354265341589102e-01
1.934999999999999831e+00 3.314780845382626073e-01
1.949999999999999956e+00 3.265147598540774632e-01
1.964999999999999858e+00 3.216429150378176671e-01
1.979999999999999982e+00 3.168606848608706561e-01
1.994999999999999885e+00 3.121667356957345540e-01
2.009999999999999787e+00 3.075592972112212720e-01
2.024999999999999911e+00 3.030359816539746065e-01
2.040000000000000036e+00 2.985951087370770085e-01
2.054999999999999716e+00 2.942354987685720791e-01
2.069999999999999840e+00 2.899555569225101270e-01
2.084999999999999964e+00 2.857530301812381546e-01
2.100000000000000089e+00 2.816264048490165206e-01
2.114999999999999769e+00 2.775746415894068120e-01
2.129999999999999893e+00 2.735963037429011147e-01
2.145000000000000018e+00 2.696892596803628361e-01
2.160000000000000142e+00 2.658521459069195236e-01
2.174999999999999822e+00 2.620840513676348515e-01
2.189999999999999947e+00 2.583836820698351966e-01
2.205000000000000071e+00 2.547490158034299013e-01
2.219999999999999751e+00 2.511788246125075674e-01
2.234999999999999876e+00 2.476723149488233022e-01
2.250000000000000000e+00 2.442283216135532065e-01
2.265000000000000124e+00 2.408449210350875891e-01
2.279999999999999805e+00 2.375210076674059700e-01
2.294999999999999929e+00 2.342558958226561849e-01
2.310000000000000053e+00 2.310485366690580022e-01
2.324999999999999734e+00 2.278970955247066887e-01
2.339999999999999858e+00 2.248005774902984977e-01
2.354999999999999982e+00 2.217583960779331287e-01
2.370000000000000107e+00 2.187696076874068307e-01
2.384999999999999787e+00 2.158324576772213954e-01
2.399999999999999911e+00 2.129460512535316929e-01
2.415000000000000036e+00 2.101098933333272190e-01
2.429999999999999716e+00 2.073231355696991129e-01
2.444999999999999840e+00 2.045840952990718442e-01
2.459999999999999964e+00 2.018919683885484206e-01
2.475000000000000089e+00 1.992463441274315017e-01
2.489999999999999769e+00 1.966464604839678609e-01
2.504999999999999893e+00 1.940906993999515773e-01
2.520000000000000018e+00 1.915783389459880526e-01
2.534999999999999698e+00 1.891090464251033720e-01
2.549999999999999822e+00 1.866821381199010588e-01
2.564999999999999947e+00 1.842960538107681068e-01
2.580000000000000071e+00 1.819501462050616136e-01
2.594999999999999751e+00 1.796441548578774916e-01
2.609999999999999876e+00 1.773774672121893881e-01
2.625000000000000000e+00 1.751485746522581932e-01
2.639999999999999680e+00 1.729568977609692026e-01
2.654999999999999805e+00 1.708022431134497421e-01
2.669999999999999929e+00 1.686840629257825575e-01
2.685000000000000053e+00 1.666008944183357821e-01
2.699999999999999734e+00 1.645522200185201567e-01
2.714999999999999858e+00 1.625379085596359574e-01
2.729999999999999982e+00 1.605574713394692377e-01
2.745000000000000107e+00 1.586094860557296371e-01
2.759999999999999787e+00 1.566934916128710498e-01
2.774999999999999911e+00 1.548094147579642255e-01
2.790000000000000036e+00 1.529568208121863671e-01
2.804999999999999716e+00 1.511343229488528173e-01
2.819999999999999840e+00 1.493415117864455577e-01
2.834999999999999964e+00 1.475783680117391528e-01
2.850000000000000089e+00 1.458445064885535436e-01
2.864999999999999769e+00 1.441385711741380582e-01
2.879999999999999893e+00 1.424602001902732784e-01
2.895000000000000018e+00 1.408094245173417691e-01
2.909999999999999698e+00 1.391859046095978436e-01
2.924999999999999822e+00 1.375883107838620778e-01
2.939999999999999947e+00 1.360163249607400093e-01
2.955000000000000071e+00 1.344700250577789968e-01
2.969999999999999751e+00 1.329491136528358763e-01
2.984999999999999876e+00 1.314522832260297813e-01
3.000000000000000000e+00 1.299792562581801592e-01
3.014999999999999680e+00 1.285301545022682623e-01
3.029999999999999805e+00 1.271047196405380997e-01
3.044999999999999929e+00 1.257016623119336651e-01
3.060000000000000053e+00 1.243207427494476963e-01
3.074999999999999734e+00 1.229621236624633684e-01
3.089999999999999858e+00 1.216255832331308712e-01
3.104999999999999982e+00 1.203098464126737821e-01
3.120000000000000107e+00 1.190147087782625346e-01
3.134999999999999787e+00 1.177403713097219529e-01
3.149999999999999911e+00 1.164866464710489630e-01
3.165000000000000036e+00 1.152522698052444727e-01
3.179999999999999716e+00 1.140370701995093716e-01
3.194999999999999840e+00 1.128412843836212459e-01
3.209999999999999964e+00 1.116647572476772016e-01
3.225000000000000089e+00 1.105062313016707404e-01
3.239999999999999769e+00 1.093655670604567337e-01
3.254999999999999893e+00 1.082430346227696294e-01
3.270000000000000018e+00 1.071385097912395806e-01
3.284999999999999698e+00 1.060507384846128276e-01
3.299999999999999822e+00 1.049796114965447918e-01
3.314999999999999947e+00 1.039254300285542693e-01
3.330000000000000071e+00 1.028880996080063642e-01
3.344999999999999751e+00 1.018663660423930750e-01
3.359999999999999876e+00 1.008601493742150301e-01
3.375000000000000000e+00 9.986977973274464848e-02
3.389999999999999680e+00 9.889519149519225560e-02
3.404999999999999805e+00 9.793512684819617731e-02
3.419999999999999929e+00 9.698953436091309332e-02
3.435000000000000053e+00 9.605877098348761245e-02
3.449999999999999734e+00 9.514279937154608568e-02
3.464999999999999858e+00 9.424035456403009881e-02
