# Electrodo circular de radio 6 mm y espesor 710.0 um.
# Volumen de simulacion (convencion z,y,x):
# N: 1024 x 1024 x 1024 | voxelSize:  0.02mm x 0.02mm x 0.02mm | FOV:  20.48mm x 20.48mm x 20.48mm
# 
# z [mm]		 delta[ppm]
0.000000000000000000e+00 2.908442321136243347e+00
2.000000000000000042e-02 2.902033843793809798e+00
4.000000000000000083e-02 2.895449608647458373e+00
5.999999999999999778e-02 2.888692288638452954e+00
8.000000000000000167e-02 2.881764642246825936e+00
1.000000000000000056e-01 2.874669477348472224e+00
1.199999999999999956e-01 2.867409651740852272e+00
1.400000000000000133e-01 2.859988067212026142e+00
1.600000000000000033e-01 2.852407664340753879e+00
1.799999999999999933e-01 2.844671424019136197e+00
2.000000000000000111e-01 2.836782359074593529e+00
2.200000000000000011e-01 2.828743517818550046e+00
2.399999999999999911e-01 2.820557974654971822e+00
2.600000000000000089e-01 2.812228834484933770e+00
2.800000000000000266e-01 2.803759222636483361e+00
2.999999999999999889e-01 2.795152289928337641e+00
3.200000000000000067e-01 2.786411202075013360e+00
3.400000000000000244e-01 2.777539145315909508e+00
3.599999999999999867e-01 2.768539315398778289e+00
3.800000000000000044e-01 2.759414923730603153e+00
4.000000000000000222e-01 2.750169185982036080e+00
4.199999999999999845e-01 2.740805328736503288e+00
4.400000000000000022e-01 2.731326577771726605e+00
4.600000000000000200e-01 2.721736165192588874e+00
4.799999999999999822e-01 2.712037317408502179e+00
5.000000000000000000e-01 2.702233262742637532e+00
5.200000000000000178e-01 2.692327219141830152e+00
5.400000000000000355e-01 2.682322402256132055e+00
5.600000000000000533e-01 2.672222012892236709e+00
5.799999999999999600e-01 2.662029245559956347e+00
5.999999999999999778e-01 2.651747275695432560e+00
6.199999999999999956e-01 2.641379268670378977e+00
6.400000000000000133e-01 2.630928366792546047e+00
6.600000000000000311e-01 2.620397698774425521e+00
6.800000000000000488e-01 2.609790366530551520e+00
7.000000000000000666e-01 2.599109455101030530e+00
7.199999999999999734e-01 2.588358019250944331e+00
7.399999999999999911e-01 2.577539093844113616e+00
7.600000000000000089e-01 2.566655680259382066e+00
7.800000000000000266e-01 2.555710757208633055e+00
8.000000000000000444e-01 2.544707266973530224e+00
8.200000000000000622e-01 2.533648126661412370e+00
8.399999999999999689e-01 2.522536214273726873e+00
8.599999999999999867e-01 2.511374380392121353e+00
8.800000000000000044e-01 2.500165434080774407e+00
9.000000000000000222e-01 2.488912154994568304e+00
9.200000000000000400e-01 2.477617279123737859e+00
9.400000000000000577e-01 2.466283511314807608e+00
9.599999999999999645e-01 2.454913510858715675e+00
9.799999999999999822e-01 2.443509904414744582e+00
1.000000000000000000e+00 2.432075271448421727e+00
1.020000000000000018e+00 2.420612157547692433e+00
1.040000000000000036e+00 2.409123059710946535e+00
1.060000000000000053e+00 2.397610440044299018e+00
1.080000000000000071e+00 2.386076710904459830e+00
1.100000000000000089e+00 2.374524248965194317e+00
1.120000000000000107e+00 2.362955380214895040e+00
1.140000000000000124e+00 2.351372394379978914e+00
1.159999999999999920e+00 2.339777529780793675e+00
1.179999999999999938e+00 2.328172988099149965e+00
1.199999999999999956e+00 2.316560919092173432e+00
1.219999999999999973e+00 2.304943435690959497e+00
1.239999999999999991e+00 2.293322598575322502e+00
1.260000000000000009e+00 2.281700431590163447e+00
1.280000000000000027e+00 2.270078906180756917e+00
1.300000000000000044e+00 2.258459957113334138e+00
1.320000000000000062e+00 2.246845466773528699e+00
1.340000000000000080e+00 2.235237281177420599e+00
1.360000000000000098e+00 2.223637194133044392e+00
1.380000000000000115e+00 2.212046963528156773e+00
1.400000000000000133e+00 2.200468295357379311e+00
1.419999999999999929e+00 2.188902860272856632e+00
1.439999999999999947e+00 2.177352277477353049e+00
1.459999999999999964e+00 2.165818131524034129e+00
1.479999999999999982e+00 2.154301956078318536e+00
1.500000000000000000e+00 2.142805250953021989e+00
1.520000000000000018e+00 2.131329465739849827e+00
1.540000000000000036e+00 2.119876017066312457e+00
1.560000000000000053e+00 2.108446272100018337e+00
1.580000000000000071e+00 2.097041566013826852e+00
1.600000000000000089e+00 2.085663185364542205e+00
1.620000000000000107e+00 2.074312385752977939e+00
1.640000000000000124e+00 2.062990375080695493e+00
1.660000000000000142e+00 2.051698331391827335e+00
1.679999999999999938e+00 2.040437386010169440e+00
1.699999999999999956e+00 2.029208641549828052e+00
1.719999999999999973e+00 2.018013154936915132e+00
1.739999999999999991e+00 2.006851955576238300e+00
1.760000000000000009e+00 1.995726028260710772e+00
1.780000000000000027e+00 1.984636331481583804e+00
1.800000000000000044e+00 1.973583780230414808e+00
1.820000000000000062e+00 1.962569264440540806e+00
1.840000000000000080e+00 1.951593631685502483e+00
1.860000000000000098e+00 1.940657705739686767e+00
1.880000000000000115e+00 1.929762269178702194e+00
1.900000000000000133e+00 1.918908082047361630e+00
1.919999999999999929e+00 1.908095864366623484e+00
1.939999999999999947e+00 1.897326314897347155e+00
1.959999999999999964e+00 1.886600093559902991e+00
1.979999999999999982e+00 1.875917840282302906e+00
2.000000000000000000e+00 1.865280157337837696e+00
2.020000000000000018e+00 1.854687628266452615e+00
2.040000000000000036e+00 1.844140800137086478e+00
2.060000000000000053e+00 1.833640202531344299e+00
2.080000000000000071e+00 1.823186329736548261e+00
2.100000000000000089e+00 1.812779659780986208e+00
2.120000000000000107e+00 1.802420636564904699e+00
2.140000000000000124e+00 1.792109688936781131e+00
2.160000000000000142e+00 1.781847212768855604e+00
2.180000000000000160e+00 1.771633590064094044e+00
2.200000000000000178e+00 1.761469170983959387e+00
2.220000000000000195e+00 1.751354292975886295e+00
2.240000000000000213e+00 1.741289262760428169e+00
2.260000000000000231e+00 1.731274375469230353e+00
2.280000000000000249e+00 1.721309896599681366e+00
2.300000000000000266e+00 1.711396081153532922e+00
2.319999999999999840e+00 1.701533155566633981e+00
2.339999999999999858e+00 1.691721336838493350e+00
2.359999999999999876e+00 1.681960814445599972e+00
2.379999999999999893e+00 1.672251769452333559e+00
2.399999999999999911e+00 1.662594356415848074e+00
2.419999999999999929e+00 1.652988722468887284e+00
2.439999999999999947e+00 1.643434989225025511e+00
2.459999999999999964e+00 1.633933271824040467e+00
2.479999999999999982e+00 1.624483660845822630e+00
2.500000000000000000e+00 1.615086241309051873e+00
2.520000000000000018e+00 1.605741074602846874e+00
2.540000000000000036e+00 1.596448217429585759e+00
2.560000000000000053e+00 1.587207703762861577e+00
2.580000000000000071e+00 1.578019563725400198e+00
2.600000000000000089e+00 1.568883805582556690e+00
2.620000000000000107e+00 1.559800434546358305e+00
2.640000000000000124e+00 1.550769434813321856e+00
2.660000000000000142e+00 1.541790788285696934e+00
2.680000000000000160e+00 1.532864456663030062e+00
2.700000000000000178e+00 1.523990400071738360e+00
2.720000000000000195e+00 1.515168559219367772e+00
2.740000000000000213e+00 1.506398873923703086e+00
2.760000000000000231e+00 1.497681265339246615e+00
2.780000000000000249e+00 1.489015654377105813e+00
2.800000000000000266e+00 1.480401944012762483e+00
2.819999999999999840e+00 1.471840037588041161e+00
2.839999999999999858e+00 1.463329821209758075e+00
2.859999999999999876e+00 1.454871181925103674e+00
2.879999999999999893e+00 1.446463990220327567e+00
2.899999999999999911e+00 1.438108118060910545e+00
2.919999999999999929e+00 1.429803421499932448e+00
2.939999999999999947e+00 1.421549758574403910e+00
2.959999999999999964e+00 1.413346972032544446e+00
2.979999999999999982e+00 1.405194907077716326e+00
3.000000000000000000e+00 1.397093394224243612e+00
3.020000000000000018e+00 1.389042266880423204e+00
3.040000000000000036e+00 1.381041344342104349e+00
3.060000000000000053e+00 1.373090449206248342e+00
3.080000000000000071e+00 1.365189390511945433e+00
3.100000000000000089e+00 1.357337980975986902e+00
3.120000000000000107e+00 1.349536020290561522e+00
3.140000000000000124e+00 1.341783312172379228e+00
3.160000000000000142e+00 1.334079647826650117e+00
3.180000000000000160e+00 1.326424822801284931e+00
3.200000000000000178e+00 1.318818620626382776e+00
3.220000000000000195e+00 1.311260829465073829e+00
3.240000000000000213e+00 1.303751225938071023e+00
3.260000000000000231e+00 1.296289591562713950e+00
3.280000000000000249e+00 1.288875696771794255e+00
3.300000000000000266e+00 1.281509317132373482e+00
3.320000000000000284e+00 1.274190217568382133e+00
3.339999999999999858e+00 1.266918168350819718e+00
3.359999999999999876e+00 1.259692929533269279e+00
3.379999999999999893e+00 1.252514266705080592e+00
3.399999999999999911e+00 1.245381935649255478e+00
3.419999999999999929e+00 1.238295697850221533e+00
3.439999999999999947e+00 1.231255305383183840e+00
3.459999999999999964e+00 1.224260516168128587e+00
3.479999999999999982e+00 1.217311079100001248e+00
3.500000000000000000e+00 1.210406749040587870e+00
3.520000000000000018e+00 1.203547272198546292e+00
3.540000000000000036e+00 1.196732400850830880e+00
3.560000000000000053e+00 1.189961878981863119e+00
3.580000000000000071e+00 1.183235456726153600e+00
3.600000000000000089e+00 1.176552876275589909e+00
3.620000000000000107e+00 1.169913886034946060e+00
3.640000000000000124e+00 1.163318226806468347e+00
3.660000000000000142e+00 1.156765645649992180e+00
3.680000000000000160e+00 1.150255882353699244e+00
3.700000000000000178e+00 1.143788682990547478e+00
3.720000000000000195e+00 1.137363786684334688e+00
3.740000000000000213e+00 1.130980938854164730e+00
3.760000000000000231e+00 1.124639878284610983e+00
3.780000000000000249e+00 1.118340350049968235e+00
3.800000000000000266e+00 1.112082092897550556e+00
3.820000000000000284e+00 1.105864851843482155e+00
3.839999999999999858e+00 1.099688365877852902e+00
3.859999999999999876e+00 1.093552380223831610e+00
3.879999999999999893e+00 1.087456634373607400e+00
3.899999999999999911e+00 1.081400874002621082e+00
3.919999999999999929e+00 1.075384839344933674e+00
3.939999999999999947e+00 1.069408276754398646e+00
3.959999999999999964e+00 1.063470927428294965e+00
3.979999999999999982e+00 1.057572538607250978e+00
4.000000000000000000e+00 1.051712852655737107e+00
4.020000000000000462e+00 1.045891617892575676e+00
4.040000000000000036e+00 1.040108578037033160e+00
4.060000000000000497e+00 1.034363482661794897e+00
4.080000000000000071e+00 1.028656077013142545e+00
4.099999999999999645e+00 1.022986112078279275e+00
4.120000000000000107e+00 1.017353334788249297e+00
4.139999999999999680e+00 1.011757497691503360e+00
4.160000000000000142e+00 1.006198349547999582e+00
4.179999999999999716e+00 1.000675644600920178e+00
4.200000000000000178e+00 9.951891335705127517e-01
4.219999999999999751e+00 9.897385725159133507e-01
4.240000000000000213e+00 9.843237142370664383e-01
4.259999999999999787e+00 9.789443167186065997e-01
4.280000000000000249e+00 9.736001349483565104e-01
4.299999999999999822e+00 9.682909289352278348e-01
4.320000000000000284e+00 9.630164559525820067e-01
4.339999999999999858e+00 9.577764781221350665e-01
4.360000000000000320e+00 9.525707550906017396e-01
4.379999999999999893e+00 9.473990511716241514e-01
4.400000000000000355e+00 9.422611284638762186e-01
4.419999999999999929e+00 9.371567535430548324e-01
4.440000000000000391e+00 9.320856910297968811e-01
4.459999999999999964e+00 9.270477098237672742e-01
4.480000000000000426e+00 9.220425771295439610e-01
4.500000000000000000e+00 9.170700642248370560e-01
4.520000000000000462e+00 9.121299409526287816e-01
4.540000000000000036e+00 9.072219810156207931e-01
4.560000000000000497e+00 9.023459569426854898e-01
4.580000000000000071e+00 8.975016449016308684e-01
4.600000000000000533e+00 8.926888201481942842e-01
4.620000000000000107e+00 8.879072613492192678e-01
4.639999999999999680e+00 8.831567465222269764e-01
4.660000000000000142e+00 8.784370568611253871e-01
4.679999999999999716e+00 8.737479731744978162e-01
4.700000000000000178e+00 8.690892792060006533e-01
4.719999999999999751e+00 8.644607585793426807e-01
4.740000000000000213e+00 8.598621976055038640e-01
4.759999999999999787e+00 8.552933827425243107e-01
4.780000000000000249e+00 8.507541028816997253e-01
4.799999999999999822e+00 8.462441473301093309e-01
4.820000000000000284e+00 8.417633075679682442e-01
4.839999999999999858e+00 8.373113757619452535e-01
4.860000000000000320e+00 8.328881459858548109e-01
4.879999999999999893e+00 8.284934132726577971e-01
4.900000000000000355e+00 8.241269742906829343e-01
4.919999999999999929e+00 8.197886269423367844e-01
4.940000000000000391e+00 8.154781704880504911e-01
4.959999999999999964e+00 8.111954056995573925e-01
4.980000000000000426e+00 8.069401344237590035e-01
5.000000000000000000e+00 8.027121602985779480e-01
5.020000000000000462e+00 7.985112877489609629e-01
5.040000000000000036e+00 7.943373232731114619e-01
5.060000000000000497e+00 7.901900738628605536e-01
5.080000000000000071e+00 7.860693488682508612e-01
5.100000000000000533e+00 7.819749578344822316e-01
5.120000000000000107e+00 7.779067129526650026e-01
5.139999999999999680e+00 7.738644263055565187e-01
5.160000000000000142e+00 7.698479129124388143e-01
5.179999999999999716e+00 7.658569873758608315e-01
5.200000000000000178e+00 7.618914675284418347e-01
5.219999999999999751e+00 7.579511704728356669e-01
5.240000000000000213e+00 7.540359168384036526e-01
5.259999999999999787e+00 7.501455262066109020e-01
5.280000000000000249e+00 7.462798219853640225e-01
5.299999999999999822e+00 7.424386262120533653e-01
5.320000000000000284e+00 7.386217650534888657e-01
5.339999999999999858e+00 7.348290629788037931e-01
5.360000000000000320e+00 7.310603488927728266e-01
5.379999999999999893e+00 7.273154496707657790e-01
5.400000000000000355e+00 7.235941969334184209e-01
5.419999999999999929e+00 7.198964199358074412e-01
5.440000000000000391e+00 7.162219529912786653e-01
5.459999999999999964e+00 7.125706277070165129e-01
5.480000000000000426e+00 7.089422810650010121e-01
5.500000000000000000e+00 7.053367469961303593e-01
5.520000000000000462e+00 7.017538651261228111e-01
5.540000000000000036e+00 6.981934716803358532e-01
5.560000000000000497e+00 6.946554089026168999e-01
5.580000000000000071e+00 6.911395152829346022e-01
5.600000000000000533e+00 6.876456356570279649e-01
5.620000000000000107e+00 6.841736107489561070e-01
5.639999999999999680e+00 6.807232879595781494e-01
5.660000000000000142e+00 6.772945102161015418e-01
5.679999999999999716e+00 6.738871274572767467e-01
5.700000000000000178e+00 6.705009847819984881e-01
5.719999999999999751e+00 6.671359346393019862e-01
5.740000000000000213e+00 6.637918242680405090e-01
5.759999999999999787e+00 6.604685085996107041e-01
5.780000000000000249e+00 6.571658369807124034e-01
5.799999999999999822e+00 6.538836667969379901e-01
5.820000000000000284e+00 6.506218494705844346e-01
5.839999999999999858e+00 6.473802448130794307e-01
5.860000000000000320e+00 6.441587062897936589e-01
5.879999999999999893e+00 6.409570961095089059e-01
5.900000000000000355e+00 6.377752697481163802e-01
5.919999999999999929e+00 6.346130917831788176e-01
5.940000000000000391e+00 6.314704196683883497e-01
5.959999999999999964e+00 6.283471203214882062e-01
5.980000000000000426e+00 6.252430531413031289e-01
6.000000000000000000e+00 6.221580873571643799e-01
6.020000000000000462e+00 6.190920842802851709e-01
6.040000000000000036e+00 6.160449154230366320e-01
6.060000000000000497e+00 6.130164439764055340e-01
6.080000000000000071e+00 6.100065437073438623e-01
6.100000000000000533e+00 6.070150796539891536e-01
6.120000000000000107e+00 6.040419278095291444e-01
6.140000000000000568e+00 6.010869550268265193e-01
6.160000000000000142e+00 5.981500394971112078e-01
6.179999999999999716e+00 5.952310498555889451e-01
6.200000000000000178e+00 5.923298664635218147e-01
6.219999999999999751e+00 5.894463597063238636e-01
6.240000000000000213e+00 5.865804120874743566e-01
6.259999999999999787e+00 5.837318957105689377e-01
6.280000000000000249e+00 5.809006951937166763e-01
6.299999999999999822e+00 5.780866843269528710e-01
6.320000000000000284e+00 5.752897498156769318e-01
6.339999999999999858e+00 5.725097671047622017e-01
6.360000000000000320e+00 5.697466249598250876e-01
6.379999999999999893e+00 5.670002004493026604e-01
6.400000000000000355e+00 5.642703843722407520e-01
6.419999999999999929e+00 5.615570553895339323e-01
6.440000000000000391e+00 5.588601063071644282e-01
6.459999999999999964e+00 5.561794173477393466e-01
6.480000000000000426e+00 5.535148832980041345e-01
6.500000000000000000e+00 5.508663859117201023e-01
6.520000000000000462e+00 5.482338219305441518e-01
6.540000000000000036e+00 5.456170746092167123e-01
6.560000000000000497e+00 5.430160426187933265e-01
6.580000000000000071e+00 5.404306106850284008e-01
6.600000000000000533e+00 5.378606793832126920e-01
6.620000000000000107e+00 5.353061348805498998e-01
6.640000000000000568e+00 5.327668796317541755e-01
6.660000000000000142e+00 5.302428012161318760e-01
6.679999999999999716e+00 5.277338039433736583e-01
6.700000000000000178e+00 5.252397767759611202e-01
6.719999999999999751e+00 5.227606258544824636e-01
6.740000000000000213e+00 5.202962414958973714e-01
6.759999999999999787e+00 5.178465316479867742e-01
6.780000000000000249e+00 5.154113879539100607e-01
6.799999999999999822e+00 5.129907201453228760e-01
6.820000000000000284e+00 5.105844211635381935e-01
6.839999999999999858e+00 5.081924025011518298e-01
6.860000000000000320e+00 5.058145583700150993e-01
6.879999999999999893e+00 5.034508020011078111e-01
6.900000000000000355e+00 5.011010288494521792e-01
6.919999999999999929e+00 4.987651538622503433e-01
6.940000000000000391e+00 4.964430737107455860e-01
6.959999999999999964e+00 4.941347050365916815e-01
6.980000000000000426e+00 4.918399457005456776e-01
7.000000000000000000e+00 4.895587140173408014e-01
7.020000000000000462e+00 4.872909090109674435e-01
7.040000000000000036e+00 4.850364506482526261e-01
7.060000000000000497e+00 4.827952390903800239e-01
7.080000000000000071e+00 4.805671959356798695e-01
7.100000000000000533e+00 4.783522224569128345e-01
7.120000000000000107e+00 4.761502418637179046e-01
7.140000000000000568e+00 4.739611565150490535e-01
7.160000000000000142e+00 4.717848912120527483e-01
7.179999999999999716e+00 4.696213493749138990e-01
7.200000000000000178e+00 4.674704573768755922e-01
7.219999999999999751e+00 4.653321196746179056e-01
7.240000000000000213e+00 4.632062641944645343e-01
7.259999999999999787e+00 4.610927964052726757e-01
7.280000000000000249e+00 4.589916457678164807e-01
7.299999999999999822e+00 4.569027187390237721e-01
7.320000000000000284e+00 4.548259462958796906e-01
7.339999999999999858e+00 4.527612358596999620e-01
7.360000000000000320e+00 4.507085199058252778e-01
7.379999999999999893e+00 4.486677067964724430e-01
7.400000000000000355e+00 4.466387304878687292e-01
7.419999999999999929e+00 4.446215002600539812e-01
7.440000000000000391e+00 4.426159515330532757e-01
7.459999999999999964e+00 4.406219944818484113e-01
7.480000000000000426e+00 4.386395659735510821e-01
7.500000000000000000e+00 4.366685770556040791e-01
7.520000000000000462e+00 4.347089660258674493e-01
7.540000000000000036e+00 4.327606447819531965e-01
7.560000000000000497e+00 4.308235530365109311e-01
7.580000000000000071e+00 4.288976035154066224e-01
7.600000000000000533e+00 4.269827373304843077e-01
7.620000000000000107e+00 4.250788680141366349e-01
7.640000000000000568e+00 4.231859380621814104e-01
7.660000000000000142e+00 4.213038617921843754e-01
7.679999999999999716e+00 4.194325830690729950e-01
7.700000000000000178e+00 4.175720169743928345e-01
7.719999999999999751e+00 4.157221087276840032e-01
7.740000000000000213e+00 4.138827741536538207e-01
7.759999999999999787e+00 4.120539598123134084e-01
7.780000000000000249e+00 4.102355822508604866e-01
7.799999999999999822e+00 4.084275893559863313e-01
7.820000000000000284e+00 4.066298983770766373e-01
7.839999999999999858e+00 4.048424585140637522e-01
7.860000000000000320e+00 4.030651876983465942e-01
7.879999999999999893e+00 4.012980364300120506e-01
7.900000000000000355e+00 3.995409233026548934e-01
7.919999999999999929e+00 3.977938001037706339e-01
7.940000000000000391e+00 3.960565860694517104e-01
7.959999999999999964e+00 3.943292342621986246e-01
7.980000000000000426e+00 3.926116645412549566e-01
8.000000000000000000e+00 3.909038312320536890e-01
8.019999999999999574e+00 3.892056547977442160e-01
8.040000000000000924e+00 3.875170908149652704e-01
8.060000000000000497e+00 3.858380603318634083e-01
8.080000000000000071e+00 3.841685201648791792e-01
8.099999999999999645e+00 3.825083919283447376e-01
8.120000000000000995e+00 3.808576336674242557e-01
8.140000000000000568e+00 3.792161675441586000e-01
8.160000000000000142e+00 3.775839528216822782e-01
8.179999999999999716e+00 3.759609121913310981e-01
8.199999999999999289e+00 3.743470061237854085e-01
8.220000000000000639e+00 3.727421578215912579e-01
8.240000000000000213e+00 3.711463289528652565e-01
8.259999999999999787e+00 3.695594432133367246e-01
8.279999999999999361e+00 3.679814634587627586e-01
8.300000000000000711e+00 3.664123138603513907e-01
8.320000000000000284e+00 3.648519584520107384e-01
8.339999999999999858e+00 3.633003218627627873e-01
8.359999999999999432e+00 3.617573692954977327e-01
8.380000000000000782e+00 3.602230258196925661e-01
8.400000000000000355e+00 3.586972577983505439e-01
8.419999999999999929e+00 3.571799907240793548e-01
8.439999999999999503e+00 3.556711921114265040e-01
8.460000000000000853e+00 3.541707878591099923e-01
8.480000000000000426e+00 3.526787466249534098e-01
8.500000000000000000e+00 3.511949946967744540e-01
8.519999999999999574e+00 3.497195018677106138e-01
8.540000000000000924e+00 3.482521947979557164e-01
8.560000000000000497e+00 3.467930444082897856e-01
8.580000000000000071e+00 3.453419777145743108e-01
8.599999999999999645e+00 3.438989667578476461e-01
8.620000000000000995e+00 3.424639388932034789e-01
8.640000000000000568e+00 3.410368672748487762e-01
8.660000000000000142e+00 3.396176795806705173e-01
8.679999999999999716e+00 3.382063500712466642e-01
8.700000000000001066e+00 3.368028067310840923e-01
8.720000000000000639e+00 3.354070249206127508e-01
8.740000000000000213e+00 3.340189329147684738e-01
8.759999999999999787e+00 3.326385071676026817e-01
8.779999999999999361e+00 3.312656762285537404e-01
8.800000000000000711e+00 3.299004176393381393e-01
8.820000000000000284e+00 3.285426602079341007e-01
8.839999999999999858e+00 3.271923825580548839e-01
8.859999999999999432e+00 3.258495137405104103e-01
8.880000000000000782e+00 3.245140334556124717e-01
8.900000000000000355e+00 3.231858709812485686e-01
8.919999999999999929e+00 3.218650070892079551e-01
8.939999999999999503e+00 3.205513712689472827e-01
8.960000000000000853e+00 3.192449453588898090e-01
8.980000000000000426e+00 3.179456590444891817e-01
9.000000000000000000e+00 3.166534952262261560e-01
9.019999999999999574e+00 3.153683837702261905e-01
9.040000000000000924e+00 3.140903086347210382e-01
9.060000000000000497e+00 3.128191998511019034e-01
9.080000000000000071e+00 3.115550424313150435e-01
9.099999999999999645e+00 3.102977665568517063e-01
9.120000000000000995e+00 3.090473582895984506e-01
9.140000000000000568e+00 3.078037479458843317e-01
9.160000000000000142e+00 3.065669226340418940e-01
9.179999999999999716e+00 3.053368127901971429e-01
9.200000000000001066e+00 3.041134065658915309e-01
9.220000000000000639e+00 3.028966345019202810e-01
9.240000000000000213e+00 3.016864857900475316e-01
9.259999999999999787e+00 3.004828910608245973e-01
9.279999999999999361e+00 2.992858405435281921e-01
9.300000000000000711e+00 2.980952649434311374e-01
9.320000000000000284e+00 2.969111555248725165e-01
9.339999999999999858e+00 2.957334430530305092e-01
9.359999999999999432e+00 2.945621198251170414e-01
9.380000000000000782e+00 2.933971166512643336e-01
9.400000000000000355e+00 2.922384268596199819e-01
9.419999999999999929e+00 2.910859812905388089e-01
9.439999999999999503e+00 2.899397743014362483e-01
9.460000000000000853e+00 2.887997367479946953e-01
9.480000000000000426e+00 2.876658640154826085e-01
9.500000000000000000e+00 2.865380869602333624e-01
9.519999999999999574e+00 2.854164019942125319e-01
9.540000000000000924e+00 2.843007399595673390e-01
9.560000000000000497e+00 2.831910982940545884e-01
9.580000000000000071e+00 2.820874078109926186e-01
9.599999999999999645e+00 2.809896669732961372e-01
9.620000000000000995e+00 2.798978065506320667e-01
