# Electrodo circular de radio 6 mm y espesor 710.0 um.
# Volumen de simulacion (convencion z,y,x):
# N: 1024 x 1024 x 1024 | voxelSize:  0.02mm x 0.02mm x 0.02mm | FOV:  20.48mm x 20.48mm x 20.48mm
# 
# z [mm]		 delta[ppm]
0.000000000000000000e+00 2.527519259886567227e+00
2.000000000000000042e-02 2.524202853482650610e+00
4.000000000000000083e-02 2.520788024803631178e+00
5.999999999999999778e-02 2.517275543466032328e+00
8.000000000000000167e-02 2.513666207172506883e+00
1.000000000000000056e-01 2.509960839597383586e+00
1.199999999999999956e-01 2.506160275577273389e+00
1.400000000000000133e-01 2.502265371348161072e+00
1.600000000000000033e-01 2.498276997098141550e+00
1.799999999999999933e-01 2.494196042720123963e+00
2.000000000000000111e-01 2.490023411785076579e+00
2.200000000000000011e-01 2.485760026599769024e+00
2.399999999999999911e-01 2.481406822171097204e+00
2.600000000000000089e-01 2.476964751330545056e+00
2.800000000000000266e-01 2.472434778555791191e+00
2.999999999999999889e-01 2.467817885240626730e+00
3.200000000000000067e-01 2.463115063344928579e+00
3.400000000000000244e-01 2.458327320844807318e+00
3.599999999999999867e-01 2.453455675173253692e+00
3.800000000000000044e-01 2.448501158866709382e+00
4.000000000000000222e-01 2.443464812807039976e+00
4.199999999999999845e-01 2.438347692072214468e+00
4.400000000000000022e-01 2.433150858959733931e+00
4.600000000000000200e-01 2.427875389047419397e+00
4.799999999999999822e-01 2.422522364012555940e+00
5.000000000000000000e-01 2.417092877904265524e+00
5.200000000000000178e-01 2.411588029747491646e+00
5.400000000000000355e-01 2.406008930028845416e+00
5.600000000000000533e-01 2.400356693098795624e+00
5.799999999999999600e-01 2.394632443870243321e+00
5.999999999999999778e-01 2.388837310013066872e+00
6.199999999999999956e-01 2.382972428865292702e+00
6.400000000000000133e-01 2.377038939431951547e+00
6.600000000000000311e-01 2.371037989506993071e+00
6.800000000000000488e-01 2.364970727473724832e+00
7.000000000000000666e-01 2.358838309636094088e+00
7.199999999999999734e-01 2.352641891831452003e+00
7.399999999999999911e-01 2.346382636968655788e+00
7.600000000000000089e-01 2.340061706452433832e+00
7.800000000000000266e-01 2.333680267926087737e+00
8.000000000000000444e-01 2.327239486517241218e+00
8.200000000000000622e-01 2.320740532782043175e+00
8.399999999999999689e-01 2.314184573772968712e+00
8.599999999999999867e-01 2.307572781181619792e+00
8.800000000000000044e-01 2.300906322237644464e+00
9.000000000000000222e-01 2.294186368046527758e+00
9.200000000000000400e-01 2.287414084321301999e+00
9.400000000000000577e-01 2.280590639911882711e+00
9.599999999999999645e-01 2.273717197378009480e+00
9.799999999999999822e-01 2.266794921706107857e+00
1.000000000000000000e+00 2.259824970725888615e+00
1.020000000000000018e+00 2.252808504010753943e+00
1.040000000000000036e+00 2.245746673146051364e+00
1.060000000000000053e+00 2.238640630808617971e+00
1.080000000000000071e+00 2.231491520889643088e+00
1.100000000000000089e+00 2.224300487748927857e+00
1.120000000000000107e+00 2.217068666200015414e+00
1.140000000000000124e+00 2.209797190934339461e+00
1.159999999999999920e+00 2.202487186372040995e+00
1.179999999999999938e+00 2.195139776251165742e+00
1.199999999999999956e+00 2.187756073351528219e+00
1.219999999999999973e+00 2.180337189243784390e+00
1.239999999999999991e+00 2.172884223890120925e+00
1.260000000000000009e+00 2.165398275547961937e+00
1.280000000000000027e+00 2.157880430254642157e+00
1.300000000000000044e+00 2.150331771880229059e+00
1.320000000000000062e+00 2.142753371500252690e+00
1.340000000000000080e+00 2.135146297592056985e+00
1.360000000000000098e+00 2.127511605302577102e+00
1.380000000000000115e+00 2.119850346782384154e+00
1.400000000000000133e+00 2.112163560352832814e+00
1.419999999999999929e+00 2.104452280971895739e+00
1.439999999999999947e+00 2.096717529307559946e+00
1.459999999999999964e+00 2.088960322329309172e+00
1.479999999999999982e+00 2.081181662292326262e+00
1.500000000000000000e+00 2.073382547448427538e+00
1.520000000000000018e+00 2.065563960947880862e+00
1.540000000000000036e+00 2.057726881663345164e+00
1.560000000000000053e+00 2.049872273014098578e+00
1.580000000000000071e+00 2.042001093896531838e+00
1.600000000000000089e+00 2.034114287437505109e+00
1.620000000000000107e+00 2.026212792024748133e+00
1.640000000000000124e+00 2.018297529994333761e+00
1.660000000000000142e+00 2.010369418754254678e+00
1.679999999999999938e+00 2.002429359412742915e+00
1.699999999999999956e+00 1.994478247988161090e+00
1.719999999999999973e+00 1.986516963983329331e+00
1.739999999999999991e+00 1.978546381674791244e+00
1.760000000000000009e+00 1.970567358639894628e+00
1.780000000000000027e+00 1.962580747118350066e+00
1.800000000000000044e+00 1.954587382497419146e+00
1.820000000000000062e+00 1.946588094738648023e+00
1.840000000000000080e+00 1.938583696827928637e+00
1.860000000000000098e+00 1.930574996260139731e+00
1.880000000000000115e+00 1.922562783459631719e+00
1.900000000000000133e+00 1.914547843315485665e+00
1.919999999999999929e+00 1.906530943579205273e+00
1.939999999999999947e+00 1.898512846443211943e+00
1.959999999999999964e+00 1.890494296921462869e+00
1.979999999999999982e+00 1.882476034463709702e+00
2.000000000000000000e+00 1.874458781325922585e+00
2.020000000000000018e+00 1.866443254212796221e+00
2.040000000000000036e+00 1.858430152643848476e+00
2.060000000000000053e+00 1.850420170616593474e+00
2.080000000000000071e+00 1.842413984975259877e+00
2.100000000000000089e+00 1.834412267086979353e+00
2.120000000000000107e+00 1.826415671219194126e+00
2.140000000000000124e+00 1.818424846221160074e+00
2.160000000000000142e+00 1.810440423917058173e+00
2.180000000000000160e+00 1.802463030785068643e+00
2.200000000000000178e+00 1.794493276372412183e+00
2.220000000000000195e+00 1.786531764964211622e+00
2.240000000000000213e+00 1.778579084027565704e+00
2.260000000000000231e+00 1.770635815862362961e+00
2.280000000000000249e+00 1.762702526080773824e+00
2.300000000000000266e+00 1.754779775232144123e+00
2.319999999999999840e+00 1.746868107325117991e+00
2.339999999999999858e+00 1.738968061418690869e+00
2.359999999999999876e+00 1.731080160193510187e+00
2.379999999999999893e+00 1.723204921501150899e+00
2.399999999999999911e+00 1.715342846991884107e+00
2.419999999999999929e+00 1.707494433614205942e+00
2.439999999999999947e+00 1.699660162305769218e+00
2.459999999999999964e+00 1.691840509435166950e+00
2.479999999999999982e+00 1.684035935563419573e+00
2.500000000000000000e+00 1.676246896819985066e+00
2.520000000000000018e+00 1.668473833741640711e+00
2.540000000000000036e+00 1.660717182574677375e+00
2.560000000000000053e+00 1.652977364198662924e+00
2.580000000000000071e+00 1.645254795346738463e+00
2.600000000000000089e+00 1.637549877621246042e+00
2.620000000000000107e+00 1.629863008624042431e+00
2.640000000000000124e+00 1.622194571071574387e+00
2.660000000000000142e+00 1.614544943827085577e+00
2.680000000000000160e+00 1.606914491122259925e+00
2.700000000000000178e+00 1.599303573483197072e+00
2.720000000000000195e+00 1.591712537066288125e+00
2.740000000000000213e+00 1.584141724469810164e+00
2.760000000000000231e+00 1.576591464191288150e+00
2.780000000000000249e+00 1.569062081316544566e+00
2.800000000000000266e+00 1.561553887106290839e+00
2.819999999999999840e+00 1.554067189554479755e+00
2.839999999999999858e+00 1.546602283111465415e+00
2.859999999999999876e+00 1.539159459103480732e+00
2.879999999999999893e+00 1.531738995600214759e+00
2.899999999999999911e+00 1.524341167687194520e+00
2.919999999999999929e+00 1.516966237485273039e+00
2.939999999999999947e+00 1.509614464267686529e+00
2.959999999999999964e+00 1.502286094639371683e+00
2.979999999999999982e+00 1.494981372490494564e+00
3.000000000000000000e+00 1.487700529343152667e+00
3.020000000000000018e+00 1.480443794133156077e+00
3.040000000000000036e+00 1.473211383732101920e+00
3.060000000000000053e+00 1.466003512549152177e+00
3.080000000000000071e+00 1.458820383236174578e+00
3.100000000000000089e+00 1.451662196101257019e+00
3.120000000000000107e+00 1.444529140004963352e+00
3.140000000000000124e+00 1.437421401577339664e+00
3.160000000000000142e+00 1.430339156313047422e+00
3.180000000000000160e+00 1.423282577583575348e+00
3.200000000000000178e+00 1.416251827939378982e+00
3.220000000000000195e+00 1.409247067909055406e+00
3.240000000000000213e+00 1.402268447516282546e+00
3.260000000000000231e+00 1.395316114857680256e+00
3.280000000000000249e+00 1.388390207842766344e+00
3.300000000000000266e+00 1.381490862542193998e+00
3.320000000000000284e+00 1.374618205158629536e+00
3.339999999999999858e+00 1.367772360137073040e+00
3.359999999999999876e+00 1.360953442374899014e+00
3.379999999999999893e+00 1.354161565085960639e+00
3.399999999999999911e+00 1.347396832257778954e+00
3.419999999999999929e+00 1.340659346261094953e+00
3.439999999999999947e+00 1.333949200562497550e+00
3.459999999999999964e+00 1.327266487071150358e+00
3.479999999999999982e+00 1.320611289114861364e+00
3.500000000000000000e+00 1.313983688515639070e+00
3.520000000000000018e+00 1.307383758837582066e+00
3.540000000000000036e+00 1.300811572182937859e+00
3.560000000000000053e+00 1.294267192719875448e+00
3.580000000000000071e+00 1.287750683190696410e+00
3.600000000000000089e+00 1.281262098727912857e+00
3.620000000000000107e+00 1.274801493066269664e+00
3.640000000000000124e+00 1.268368912655226444e+00
3.660000000000000142e+00 1.261964402566460031e+00
3.680000000000000160e+00 1.255588000911192381e+00
3.700000000000000178e+00 1.249239744434786914e+00
3.720000000000000195e+00 1.242919663247123996e+00
3.740000000000000213e+00 1.236627786095926496e+00
3.760000000000000231e+00 1.230364135418630767e+00
3.780000000000000249e+00 1.224128732286090759e+00
3.800000000000000266e+00 1.217921591784153934e+00
3.820000000000000284e+00 1.211742727619357529e+00
3.839999999999999858e+00 1.205592147838732586e+00
3.859999999999999876e+00 1.199469859089091539e+00
3.879999999999999893e+00 1.193375862683319966e+00
3.899999999999999911e+00 1.187310158504855329e+00
3.919999999999999929e+00 1.181272741429014284e+00
3.939999999999999947e+00 1.175263604864253519e+00
3.959999999999999964e+00 1.169282737536823547e+00
3.979999999999999982e+00 1.163330126660400365e+00
4.000000000000000000e+00 1.157405755092652422e+00
4.020000000000000462e+00 1.151509604124791863e+00
4.040000000000000036e+00 1.145641651018387996e+00
4.060000000000000497e+00 1.139801871406434630e+00
4.080000000000000071e+00 1.133990237218988506e+00
4.099999999999999645e+00 1.128206718687311483e+00
4.120000000000000107e+00 1.122451282666701911e+00
4.139999999999999680e+00 1.116723894235248649e+00
4.160000000000000142e+00 1.111024515422506243e+00
4.179999999999999716e+00 1.105353106394385998e+00
4.200000000000000178e+00 1.099709624596065582e+00
4.219999999999999751e+00 1.094094025514549928e+00
4.240000000000000213e+00 1.088506262244483880e+00
4.259999999999999787e+00 1.082946285819887056e+00
4.280000000000000249e+00 1.077414045211283922e+00
4.299999999999999822e+00 1.071909487218138279e+00
4.320000000000000284e+00 1.066432556905996476e+00
4.339999999999999858e+00 1.060983197051070359e+00
4.360000000000000320e+00 1.055561349025900819e+00
4.379999999999999893e+00 1.050166951787552261e+00
4.400000000000000355e+00 1.044799943220491967e+00
4.419999999999999929e+00 1.039460258659887559e+00
4.440000000000000391e+00 1.034147832700177627e+00
4.459999999999999964e+00 1.028862597244931676e+00
4.480000000000000426e+00 1.023604483789883224e+00
4.500000000000000000e+00 1.018373420990727585e+00
4.520000000000000462e+00 1.013169337429183470e+00
4.540000000000000036e+00 1.007992158690176998e+00
4.560000000000000497e+00 1.002841810619669038e+00
4.580000000000000071e+00 9.977182159026160013e-01
4.600000000000000533e+00 9.926212978211679250e-01
4.620000000000000107e+00 9.875509763247760642e-01
4.639999999999999680e+00 9.825071722975788902e-01
4.660000000000000142e+00 9.774898031120127229e-01
4.679999999999999716e+00 9.724987874139962019e-01
4.700000000000000178e+00 9.675340401513952138e-01
4.719999999999999751e+00 9.625954778858659688e-01
4.740000000000000213e+00 9.576830132874700752e-01
4.759999999999999787e+00 9.527965609818526138e-01
4.780000000000000249e+00 9.479360315023075412e-01
4.799999999999999822e+00 9.431013376811810955e-01
4.820000000000000284e+00 9.382923880506618408e-01
4.839999999999999858e+00 9.335090937871125538e-01
4.860000000000000320e+00 9.287513615518536714e-01
4.879999999999999893e+00 9.240191009973399705e-01
4.900000000000000355e+00 9.193122170391735404e-01
4.919999999999999929e+00 9.146306179328912433e-01
4.940000000000000391e+00 9.099742069683992574e-01
4.959999999999999964e+00 9.053428911263570189e-01
4.980000000000000426e+00 9.007365721862117258e-01
5.000000000000000000e+00 8.961551559709869386e-01
5.020000000000000462e+00 8.915985428600723406e-01
5.040000000000000036e+00 8.870666376314477741e-01
5.060000000000000497e+00 8.825593393703428102e-01
5.080000000000000071e+00 8.780765519177654577e-01
5.100000000000000533e+00 8.736181731661372130e-01
5.120000000000000107e+00 8.691841061232015164e-01
5.139999999999999680e+00 8.647742475856852185e-01
5.160000000000000142e+00 8.603884998275375118e-01
5.179999999999999716e+00 8.560267586426411057e-01
5.200000000000000178e+00 8.516889256665183261e-01
5.219999999999999751e+00 8.473748957790949721e-01
5.240000000000000213e+00 8.430845700688699429e-01
5.259999999999999787e+00 8.388178425866862353e-01
5.280000000000000249e+00 8.345746139615783932e-01
5.299999999999999822e+00 8.303547774964902262e-01
5.320000000000000284e+00 8.261582334448402953e-01
5.339999999999999858e+00 8.219848744390907402e-01
5.360000000000000320e+00 8.178346004373194811e-01
5.379999999999999893e+00 8.137073034754618295e-01
5.400000000000000355e+00 8.096028832930552976e-01
5.419999999999999929e+00 8.055212313999607909e-01
5.440000000000000391e+00 8.014622473906303224e-01
5.459999999999999964e+00 7.974258223160827219e-01
5.480000000000000426e+00 7.934118556959068869e-01
5.500000000000000000e+00 7.894202381862258644e-01
5.520000000000000462e+00 7.854508692988769747e-01
5.540000000000000036e+00 7.815036393560292893e-01
5.560000000000000497e+00 7.775784479258750492e-01
5.580000000000000071e+00 7.736751850545215969e-01
5.600000000000000533e+00 7.697937504277050369e-01
5.620000000000000107e+00 7.659340338705784568e-01
5.639999999999999680e+00 7.620959352448313240e-01
5.660000000000000142e+00 7.582793442069057921e-01
5.679999999999999716e+00 7.544841608501610120e-01
5.700000000000000178e+00 7.507102747119845931e-01
5.719999999999999751e+00 7.469575861705217701e-01
5.740000000000000213e+00 7.432259846911216661e-01
5.759999999999999787e+00 7.395153709873314440e-01
5.780000000000000249e+00 7.358256344970618423e-01
5.799999999999999822e+00 7.321566763174782722e-01
5.820000000000000284e+00 7.285083859012018159e-01
5.839999999999999858e+00 7.248806647749110876e-01
5.860000000000000320e+00 7.212734024458491433e-01
5.879999999999999893e+00 7.176865009138811979e-01
5.900000000000000355e+00 7.141198497785070654e-01
5.919999999999999929e+00 7.105733515543019019e-01
5.940000000000000391e+00 7.070468959685933807e-01
5.959999999999999964e+00 7.035403860901421336e-01
5.980000000000000426e+00 7.000537118075463860e-01
6.000000000000000000e+00 6.965867767812422562e-01
6.020000000000000462e+00 6.931394710926520597e-01
6.040000000000000036e+00 6.897116990294690497e-01
6.060000000000000497e+00 6.863033508955211914e-01
6.080000000000000071e+00 6.829143316395276386e-01
6.100000000000000533e+00 6.795445318155348691e-01
6.120000000000000107e+00 6.761938570653027725e-01
6.140000000000000568e+00 6.728621982191045348e-01
6.160000000000000142e+00 6.695494616420556433e-01
6.179999999999999716e+00 6.662555384650442614e-01
6.200000000000000178e+00 6.629803358052601681e-01
6.219999999999999751e+00 6.597237451168916911e-01
6.240000000000000213e+00 6.564856742963630643e-01
6.259999999999999787e+00 6.532660151423856920e-01
6.280000000000000249e+00 6.500646763562952790e-01
6.299999999999999822e+00 6.468815501009592683e-01
6.320000000000000284e+00 6.437165459068789897e-01
6.339999999999999858e+00 6.405695563193704034e-01
6.360000000000000320e+00 6.374404917209826049e-01
6.379999999999999893e+00 6.343292450563132734e-01
6.400000000000000355e+00 6.312357275815460023e-01
6.419999999999999929e+00 6.281598326561369516e-01
6.440000000000000391e+00 6.251014724302369485e-01
6.459999999999999964e+00 6.220605406924103464e-01
6.480000000000000426e+00 6.190369505059021282e-01
6.500000000000000000e+00 6.160305961014863607e-01
6.520000000000000462e+00 6.130413914734926806e-01
6.540000000000000036e+00 6.100692313067603845e-01
6.560000000000000497e+00 6.071140305435918094e-01
6.580000000000000071e+00 6.041756843337117155e-01
6.600000000000000533e+00 6.012541085832442400e-01
6.620000000000000107e+00 5.983491989164604341e-01
6.640000000000000568e+00 5.954608722181489178e-01
6.660000000000000142e+00 5.925890245958486124e-01
6.679999999999999716e+00 5.897335739268934063e-01
6.700000000000000178e+00 5.868944168097447456e-01
6.719999999999999751e+00 5.840714721272590726e-01
6.740000000000000213e+00 5.812646369756065967e-01
6.759999999999999787e+00 5.784738312552687445e-01
6.780000000000000249e+00 5.756989525659330642e-01
6.799999999999999822e+00 5.729399218369767288e-01
6.820000000000000284e+00 5.701966371766210573e-01
6.839999999999999858e+00 5.674690205536193632e-01
6.860000000000000320e+00 5.647569705888411118e-01
6.879999999999999893e+00 5.620604103001388685e-01
6.900000000000000355e+00 5.593792388244278602e-01
6.919999999999999929e+00 5.567133802376671436e-01
6.940000000000000391e+00 5.540627341953807683e-01
6.959999999999999964e+00 5.514272258399468551e-01
6.980000000000000426e+00 5.488067553474154092e-01
7.000000000000000000e+00 5.462012489342568111e-01
7.020000000000000462e+00 5.436106072981850001e-01
7.040000000000000036e+00 5.410347577368159744e-01
7.060000000000000497e+00 5.384736014700808315e-01
7.080000000000000071e+00 5.359270668832003537e-01
7.100000000000000533e+00 5.333950557181690311e-01
7.120000000000000107e+00 5.308774974537177060e-01
7.140000000000000568e+00 5.283742943532147018e-01
7.160000000000000142e+00 5.258853769942800627e-01
7.179999999999999716e+00 5.234106481603090222e-01
7.200000000000000178e+00 5.209500395326809308e-01
7.219999999999999751e+00 5.185034544130038281e-01
7.240000000000000213e+00 5.160708255908129649e-01
7.259999999999999787e+00 5.136520568834995748e-01
7.280000000000000249e+00 5.112470821927025399e-01
7.299999999999999822e+00 5.088558058487393509e-01
7.320000000000000284e+00 5.064781628688752591e-01
7.339999999999999858e+00 5.041140580929447390e-01
7.360000000000000320e+00 5.017634276569579166e-01
7.379999999999999893e+00 4.994261769064686218e-01
7.400000000000000355e+00 4.971022430989689433e-01
7.419999999999999929e+00 4.947915320814194606e-01
7.440000000000000391e+00 4.924939822351830365e-01
7.459999999999999964e+00 4.902094999039666168e-01
7.480000000000000426e+00 4.879380245950513117e-01
7.500000000000000000e+00 4.856794631437575949e-01
7.520000000000000462e+00 4.834337561850123310e-01
7.540000000000000036e+00 4.812008110403260264e-01
7.560000000000000497e+00 4.789805694737019337e-01
7.580000000000000071e+00 4.767729392869510252e-01
7.600000000000000533e+00 4.745778633743079622e-01
7.620000000000000107e+00 4.723952500117553077e-01
7.640000000000000568e+00 4.702250432246552481e-01
7.660000000000000142e+00 4.680671517565936912e-01
7.679999999999999716e+00 4.659215207647141588e-01
7.700000000000000178e+00 4.637880594534292689e-01
7.719999999999999751e+00 4.616667141120787687e-01
7.740000000000000213e+00 4.595573943987359411e-01
7.759999999999999787e+00 4.574600477351539740e-01
7.780000000000000249e+00 4.553745842256970988e-01
7.799999999999999822e+00 4.533009524245487643e-01
7.820000000000000284e+00 4.512390628746386079e-01
7.839999999999999858e+00 4.491888652624124734e-01
7.860000000000000320e+00 4.471502705614772699e-01
7.879999999999999893e+00 4.451232295902077252e-01
7.900000000000000355e+00 4.431076537446573815e-01
7.919999999999999929e+00 4.411034949746437395e-01
7.940000000000000391e+00 4.391106650903003339e-01
7.959999999999999964e+00 4.371291171722574420e-01
7.980000000000000426e+00 4.351587634360431500e-01
8.000000000000000000e+00 4.331995580923438949e-01
8.019999999999999574e+00 4.312514137532849068e-01
8.040000000000000924e+00 4.293142857587318173e-01
8.060000000000000497e+00 4.273880871083144961e-01
8.080000000000000071e+00 4.254727742700963322e-01
8.099999999999999645e+00 4.235682606220274038e-01
8.120000000000000995e+00 4.216745037592888878e-01
8.140000000000000568e+00 4.197914174286898059e-01
8.160000000000000142e+00 4.179189603513676077e-01
8.179999999999999716e+00 4.160570466334551631e-01
8.199999999999999289e+00 4.142056361208052984e-01
8.220000000000000639e+00 4.123646432690848407e-01
8.240000000000000213e+00 4.105340290475598675e-01
8.259999999999999787e+00 4.087137082515786557e-01
8.279999999999999361e+00 4.069036429724617321e-01
8.300000000000000711e+00 4.051037483351463964e-01
8.320000000000000284e+00 4.033139875516043027e-01
8.339999999999999858e+00 4.015342760662244936e-01
8.359999999999999432e+00 3.997645782101815759e-01
8.380000000000000782e+00 3.980048097369682791e-01
8.400000000000000355e+00 3.962549360954766842e-01
8.419999999999999929e+00 3.945148733379189587e-01
8.439999999999999503e+00 3.927845880294022485e-01
8.460000000000000853e+00 3.910639965102593596e-01
8.480000000000000426e+00 3.893530664602928848e-01
8.500000000000000000e+00 3.876517144973505302e-01
8.519999999999999574e+00 3.859599094144015585e-01
8.540000000000000924e+00 3.842775680959936713e-01
8.560000000000000497e+00 3.826046604467301937e-01
8.580000000000000071e+00 3.809411036070536327e-01
8.599999999999999645e+00 3.792868685916647720e-01
8.620000000000000995e+00 3.776418727859032765e-01
8.640000000000000568e+00 3.760060883130429410e-01
8.660000000000000142e+00 3.743794327923364862e-01
8.679999999999999716e+00 3.727618794541255332e-01
8.700000000000001066e+00 3.711533461404034617e-01
8.720000000000000639e+00 3.695538071870899111e-01
8.740000000000000213e+00 3.679631806477788314e-01
8.759999999999999787e+00 3.663814419624994434e-01
8.779999999999999361e+00 3.648085093851327065e-01
8.800000000000000711e+00 3.632443594583797952e-01
8.820000000000000284e+00 3.616889106251275354e-01
8.839999999999999858e+00 3.601421405293528943e-01
8.859999999999999432e+00 3.586039677914963364e-01
8.880000000000000782e+00 3.570743711554474897e-01
8.900000000000000355e+00 3.555532694078043510e-01
8.919999999999999929e+00 3.540406423910377742e-01
8.939999999999999503e+00 3.525364090463460887e-01
8.960000000000000853e+00 3.510405503135098360e-01
8.980000000000000426e+00 3.495529852768198276e-01
9.000000000000000000e+00 3.480736959721427715e-01
9.019999999999999574e+00 3.466026016151941835e-01
9.040000000000000924e+00 3.451396853367588724e-01
9.060000000000000497e+00 3.436848664723859414e-01
9.080000000000000071e+00 3.422381292466492031e-01
9.099999999999999645e+00 3.407993931031944035e-01
9.120000000000000995e+00 3.393686433593236518e-01
9.140000000000000568e+00 3.379457995551063410e-01
9.160000000000000142e+00 3.365308480995872209e-01
9.179999999999999716e+00 3.351237086174228552e-01
9.200000000000001066e+00 3.337243686084762073e-01
9.220000000000000639e+00 3.323327477702706645e-01
9.240000000000000213e+00 3.309488346925992253e-01
9.259999999999999787e+00 3.295725491339789870e-01
9.279999999999999361e+00 3.282038807733390073e-01
9.300000000000000711e+00 3.268427494184013571e-01
9.320000000000000284e+00 3.254891458365114509e-01
9.339999999999999858e+00 3.241429898726598258e-01
9.359999999999999432e+00 3.228042733819562193e-01
9.380000000000000782e+00 3.214729162348387570e-01
9.400000000000000355e+00 3.201489113735807024e-01
9.419999999999999929e+00 3.188321786821154413e-01
9.439999999999999503e+00 3.175227121893872129e-01
9.460000000000000853e+00 3.162204317809441112e-01
9.480000000000000426e+00 3.149253325719784669e-01
9.500000000000000000e+00 3.136373344376642280e-01
9.519999999999999574e+00 3.123564335790822155e-01
9.540000000000000924e+00 3.110825498491634478e-01
9.560000000000000497e+00 3.098156805345880782e-01
9.580000000000000071e+00 3.085557454540444611e-01
9.599999999999999645e+00 3.073027429796209020e-01
9.620000000000000995e+00 3.060565928838615002e-01
