# Electrodo circular de radio 6 mm y espesor 710.0 um.
# Volumen de simulacion (convencion z,y,x):
# N: 1024 x 1024 x 1024 | voxelSize:  0.02mm x 0.02mm x 0.02mm | FOV:  20.48mm x 20.48mm x 20.48mm
# 
# z [mm]		 delta[ppm]
0.000000000000000000e+00 6.540258391257528281e+00
2.000000000000000042e-02 6.217393030779755136e+00
4.000000000000000083e-02 5.900740221675516928e+00
5.999999999999999778e-02 5.594176539042207352e+00
8.000000000000000167e-02 5.300820181497640782e+00
1.000000000000000056e-01 5.022916520113654748e+00
1.199999999999999956e-01 4.761844323599794038e+00
1.400000000000000133e-01 4.518213889555289242e+00
1.600000000000000033e-01 4.292011912496183967e+00
1.799999999999999933e-01 4.082760040104457921e+00
2.000000000000000111e-01 3.889661700641203090e+00
2.200000000000000011e-01 3.711725685060275559e+00
2.399999999999999911e-01 3.547861810813575101e+00
2.600000000000000089e-01 3.396950821437870971e+00
2.800000000000000266e-01 3.257892014804204539e+00
2.999999999999999889e-01 3.129633846356206561e+00
3.200000000000000067e-01 3.011191562026338087e+00
3.400000000000000244e-01 2.901655981959892827e+00
3.599999999999999867e-01 2.800196019876722175e+00
3.800000000000000044e-01 2.706057418169907525e+00
4.000000000000000222e-01 2.618558960842247263e+00
4.199999999999999845e-01 2.537087503133838240e+00
4.400000000000000022e-01 2.461092280795698972e+00
4.600000000000000200e-01 2.390079202462183083e+00
4.799999999999999822e-01 2.323605181328999070e+00
5.000000000000000000e-01 2.261272893179810506e+00
5.200000000000000178e-01 2.202725833161332858e+00
5.400000000000000355e-01 2.147643913128638893e+00
5.600000000000000533e-01 2.095739399288790938e+00
5.799999999999999600e-01 2.046753370343368683e+00
5.999999999999999778e-01 2.000452473938042264e+00
6.199999999999999956e-01 1.956626138998593278e+00
6.400000000000000133e-01 1.915084020819527222e+00
6.600000000000000311e-01 1.875653830628722485e+00
6.800000000000000488e-01 1.838179332932640575e+00
7.000000000000000666e-01 1.802518663530332077e+00
7.199999999999999734e-01 1.768542759411756649e+00
7.399999999999999911e-01 1.736134056841271756e+00
7.600000000000000089e-01 1.705185255991910509e+00
7.800000000000000266e-01 1.675598312501617393e+00
8.000000000000000444e-01 1.647283459985038112e+00
8.200000000000000622e-01 1.620158427661339662e+00
8.399999999999999689e-01 1.594147661299096130e+00
8.599999999999999867e-01 1.569181715162319746e+00
8.800000000000000044e-01 1.545196625991745787e+00
9.000000000000000222e-01 1.522133439763197371e+00
9.200000000000000400e-01 1.499937704016772289e+00
9.400000000000000577e-01 1.478559099326847592e+00
9.599999999999999645e-01 1.457951023606650853e+00
9.799999999999999822e-01 1.438070305324480325e+00
1.000000000000000000e+00 1.418876859573233729e+00
1.020000000000000018e+00 1.400333465465972926e+00
1.040000000000000036e+00 1.382405478539767696e+00
1.060000000000000053e+00 1.365060658835577811e+00
1.080000000000000071e+00 1.348268927702506170e+00
1.100000000000000089e+00 1.332002236149878671e+00
1.120000000000000107e+00 1.316234356873766220e+00
1.140000000000000124e+00 1.300940784803166439e+00
1.159999999999999920e+00 1.286098557164788270e+00
1.179999999999999938e+00 1.271686179924992111e+00
1.199999999999999956e+00 1.257683470324846509e+00
1.219999999999999973e+00 1.244071504277353135e+00
1.239999999999999991e+00 1.230832476955214361e+00
1.260000000000000009e+00 1.217949667248483747e+00
1.280000000000000027e+00 1.205407312958028054e+00
1.300000000000000044e+00 1.193190589223795062e+00
1.320000000000000062e+00 1.181285495549018849e+00
1.340000000000000080e+00 1.169678845736034312e+00
1.360000000000000098e+00 1.158358164565580717e+00
1.380000000000000115e+00 1.147311687264274349e+00
1.400000000000000133e+00 1.136528264059755378e+00
1.419999999999999929e+00 1.125997367587458831e+00
1.439999999999999947e+00 1.115709003924020282e+00
1.459999999999999964e+00 1.105653726641821599e+00
1.479999999999999982e+00 1.095822553157775658e+00
1.500000000000000000e+00 1.086206984383664143e+00
1.520000000000000018e+00 1.076798925478697155e+00
1.540000000000000036e+00 1.067590710233187856e+00
1.560000000000000053e+00 1.058575025451304885e+00
1.580000000000000071e+00 1.049744939358189688e+00
1.600000000000000089e+00 1.041093829010867555e+00
1.620000000000000107e+00 1.032615412140578615e+00
1.640000000000000124e+00 1.024303677068951979e+00
1.660000000000000142e+00 1.016152917496350394e+00
1.679999999999999938e+00 1.008157664522106645e+00
1.699999999999999956e+00 1.000312723969201567e+00
1.719999999999999973e+00 9.926131101500673681e-01
1.739999999999999991e+00 9.850540853832698840e-01
1.760000000000000009e+00 9.776310952363461704e-01
1.780000000000000027e+00 9.703398099430433632e-01
1.800000000000000044e+00 9.631760608743191732e-01
1.820000000000000062e+00 9.561358836086091273e-01
1.840000000000000080e+00 9.492154554514519171e-01
1.860000000000000098e+00 9.424111399469606853e-01
1.880000000000000115e+00 9.357194252714644556e-01
1.900000000000000133e+00 9.291369700043534685e-01
1.919999999999999929e+00 9.226605422767886200e-01
1.939999999999999947e+00 9.162870666445910306e-01
1.959999999999999964e+00 9.100135638684461181e-01
1.979999999999999982e+00 9.038371987522351159e-01
2.000000000000000000e+00 8.977552204776728662e-01
2.020000000000000018e+00 8.917650112885883162e-01
2.040000000000000036e+00 8.858640272919038328e-01
2.060000000000000053e+00 8.800498478829391624e-01
2.080000000000000071e+00 8.743201169649384985e-01
2.100000000000000089e+00 8.686725930225487335e-01
2.120000000000000107e+00 8.631050906968094072e-01
2.140000000000000124e+00 8.576155314243478767e-01
2.160000000000000142e+00 8.522018853407146155e-01
2.180000000000000160e+00 8.468622224115162078e-01
2.200000000000000178e+00 8.415946546187652588e-01
2.220000000000000195e+00 8.363973875176524686e-01
2.240000000000000213e+00 8.312686626935964496e-01
2.260000000000000231e+00 8.262068096846975074e-01
2.280000000000000249e+00 8.212101886768288228e-01
2.300000000000000266e+00 8.162772427373291562e-01
2.319999999999999840e+00 8.114064407464386397e-01
2.339999999999999858e+00 8.065963298924476721e-01
2.359999999999999876e+00 8.018454788159834479e-01
2.379999999999999893e+00 7.971525303209120450e-01
2.399999999999999911e+00 7.925161447374869939e-01
2.419999999999999929e+00 7.879350528068553849e-01
2.439999999999999947e+00 7.834079992461420172e-01
2.459999999999999964e+00 7.789337957674590252e-01
2.479999999999999982e+00 7.745112648565644076e-01
2.500000000000000000e+00 7.701392928900031576e-01
2.520000000000000018e+00 7.658167741151451491e-01
2.540000000000000036e+00 7.615426638314258811e-01
2.560000000000000053e+00 7.573159225874922518e-01
2.580000000000000071e+00 7.531355693946648611e-01
2.600000000000000089e+00 7.490006261323417514e-01
2.620000000000000107e+00 7.449101707636218705e-01
2.640000000000000124e+00 7.408632819676888026e-01
2.660000000000000142e+00 7.368590923292280825e-01
2.680000000000000160e+00 7.328967331913305294e-01
2.700000000000000178e+00 7.289753877917634073e-01
2.720000000000000195e+00 7.250942363573025240e-01
2.740000000000000213e+00 7.212525091613283257e-01
2.760000000000000231e+00 7.174494318547228744e-01
2.780000000000000249e+00 7.136842784204194823e-01
2.800000000000000266e+00 7.099563167633383687e-01
2.819999999999999840e+00 7.062648615386734052e-01
2.839999999999999858e+00 7.026092199970632723e-01
2.859999999999999876e+00 6.989887446643449076e-01
2.879999999999999893e+00 6.954027794655421868e-01
2.899999999999999911e+00 6.918507122348376281e-01
2.919999999999999929e+00 6.883319211151796013e-01
2.939999999999999947e+00 6.848458268779612501e-01
2.959999999999999964e+00 6.813918396226249508e-01
2.979999999999999982e+00 6.779694108864637858e-01
3.000000000000000000e+00 6.745779806412781632e-01
3.020000000000000018e+00 6.712170291743587702e-01
3.040000000000000036e+00 6.678860244070774499e-01
3.060000000000000053e+00 6.645844735288967131e-01
3.080000000000000071e+00 6.613118706349931930e-01
3.100000000000000089e+00 6.580677480956810266e-01
3.120000000000000107e+00 6.548516245382897116e-01
3.140000000000000124e+00 6.516630559351256347e-01
3.160000000000000142e+00 6.485015839265051429e-01
3.180000000000000160e+00 6.453667866108757645e-01
3.200000000000000178e+00 6.422582272343720922e-01
3.220000000000000195e+00 6.391755046673982532e-01
3.240000000000000213e+00 6.361182024572579197e-01
3.260000000000000231e+00 6.330859389759012634e-01
3.280000000000000249e+00 6.300783168610918361e-01
3.300000000000000266e+00 6.270949728206544060e-01
3.320000000000000284e+00 6.241355274582592871e-01
3.339999999999999858e+00 6.211996347199060242e-01
3.359999999999999876e+00 6.182869321297475018e-01
3.379999999999999893e+00 6.153970898651243138e-01
3.399999999999999911e+00 6.125297613979656663e-01
3.419999999999999929e+00 6.096846321850257766e-01
3.439999999999999947e+00 6.068613707402065183e-01
3.459999999999999964e+00 6.040596769272417177e-01
3.479999999999999982e+00 6.012792334578107578e-01
3.500000000000000000e+00 5.985197537742270590e-01
3.520000000000000018e+00 5.957809339985514763e-01
3.540000000000000036e+00 5.930625003933861494e-01
3.560000000000000053e+00 5.903641617561744548e-01
3.580000000000000071e+00 5.876856564464688626e-01
3.600000000000000089e+00 5.850267052504772858e-01
3.620000000000000107e+00 5.823870579637331346e-01
3.640000000000000124e+00 5.797664467193049953e-01
3.660000000000000142e+00 5.771646321150607495e-01
3.680000000000000160e+00 5.745813570304005857e-01
3.700000000000000178e+00 5.720163922878102047e-01
3.720000000000000195e+00 5.694694909507829195e-01
3.740000000000000213e+00 5.669404335095945546e-01
3.760000000000000231e+00 5.644289826850772407e-01
3.780000000000000249e+00 5.619349281290761944e-01
3.800000000000000266e+00 5.594580417259096272e-01
3.820000000000000284e+00 5.569981217981673227e-01
3.839999999999999858e+00 5.545549489303414070e-01
3.859999999999999876e+00 5.521283296711336774e-01
3.879999999999999893e+00 5.497180528702468871e-01
3.899999999999999911e+00 5.473239328685776117e-01
3.919999999999999929e+00 5.449457663724386336e-01
3.939999999999999947e+00 5.425833751235076274e-01
3.959999999999999964e+00 5.402365633006275258e-01
3.979999999999999982e+00 5.379051596615260777e-01
4.000000000000000000e+00 5.355889754963160110e-01
4.020000000000000462e+00 5.332878462335061132e-01
4.040000000000000036e+00 5.310015899344624479e-01
4.060000000000000497e+00 5.287300483564083553e-01
4.080000000000000071e+00 5.264730460117692523e-01
4.099999999999999645e+00 5.242304306813264647e-01
4.120000000000000107e+00 5.220020330268499986e-01
4.139999999999999680e+00 5.197877065476920189e-01
4.160000000000000142e+00 5.175872877705044450e-01
4.179999999999999716e+00 5.154006356430348434e-01
4.200000000000000178e+00 5.132275922884527164e-01
4.219999999999999751e+00 5.110680218302620093e-01
4.240000000000000213e+00 5.089217717348499814e-01
4.259999999999999787e+00 5.067887110618777280e-01
4.280000000000000249e+00 5.046686923817306214e-01
4.299999999999999822e+00 5.025615894458466126e-01
4.320000000000000284e+00 5.004672597025622283e-01
4.339999999999999858e+00 4.983855813823069858e-01
4.360000000000000320e+00 4.963164165976617914e-01
4.379999999999999893e+00 4.942596478384302938e-01
4.400000000000000355e+00 4.922151416792852063e-01
4.419999999999999929e+00 4.901827846801958821e-01
4.440000000000000391e+00 4.881624476866119333e-01
4.459999999999999964e+00 4.861540211307759929e-01
4.480000000000000426e+00 4.841573799477720819e-01
4.500000000000000000e+00 4.821724182736862319e-01
4.520000000000000462e+00 4.801990149616192083e-01
4.540000000000000036e+00 4.782370676727419889e-01
4.560000000000000497e+00 4.762864590155209132e-01
4.580000000000000071e+00 4.743470900261405054e-01
4.600000000000000533e+00 4.724188469141930580e-01
4.620000000000000107e+00 4.705016339289792571e-01
4.639999999999999680e+00 4.685953407348910082e-01
4.660000000000000142e+00 4.666998746605373616e-01
4.679999999999999716e+00 4.648151286862262643e-01
4.700000000000000178e+00 4.629410130728773831e-01
4.719999999999999751e+00 4.610774239848315914e-01
4.740000000000000213e+00 4.592242744959467715e-01
4.759999999999999787e+00 4.573814638293149937e-01
4.780000000000000249e+00 4.555489077379164531e-01
4.799999999999999822e+00 4.537265083845156144e-01
4.820000000000000284e+00 4.519141840946959698e-01
4.839999999999999858e+00 4.501118398576741120e-01
4.860000000000000320e+00 4.483193964495151840e-01
4.879999999999999893e+00 4.465367615781887789e-01
4.900000000000000355e+00 4.447638583751746255e-01
4.919999999999999929e+00 4.430005971647028029e-01
4.940000000000000391e+00 4.412469033219345027e-01
4.959999999999999964e+00 4.395026896897897273e-01
4.980000000000000426e+00 4.377678838022758256e-01
5.000000000000000000e+00 4.360424009280693403e-01
5.020000000000000462e+00 4.343261706575343717e-01
5.040000000000000036e+00 4.326191105965529471e-01
5.060000000000000497e+00 4.309211523161908253e-01
5.080000000000000071e+00 4.292322156751398610e-01
5.100000000000000533e+00 4.275522341308943264e-01
5.120000000000000107e+00 4.258811297144737829e-01
5.139999999999999680e+00 4.242188377023832224e-01
5.160000000000000142e+00 4.225652822211995452e-01
5.179999999999999716e+00 4.209204002795029487e-01
5.200000000000000178e+00 4.192841180261659972e-01
5.219999999999999751e+00 4.176563741418360953e-01
5.240000000000000213e+00 4.160370967277457477e-01
5.259999999999999787e+00 4.144262260562232014e-01
5.280000000000000249e+00 4.128236921140697180e-01
5.299999999999999822e+00 4.112294367119685434e-01
5.320000000000000284e+00 4.096433916584802382e-01
5.339999999999999858e+00 4.080655002281177723e-01
5.360000000000000320e+00 4.064956959902221723e-01
5.379999999999999893e+00 4.049339236358373562e-01
5.400000000000000355e+00 4.033801184367990511e-01
5.419999999999999929e+00 4.018342264313848888e-01
5.440000000000000391e+00 4.002961845381725059e-01
5.459999999999999964e+00 3.987659401008474824e-01
5.480000000000000426e+00 3.972434316313980252e-01
5.500000000000000000e+00 3.957286077143114533e-01
5.520000000000000462e+00 3.942214084039444844e-01
5.540000000000000036e+00 3.927217834887146153e-01
5.560000000000000497e+00 3.912296745164924316e-01
5.580000000000000071e+00 3.897450324192160420e-01
5.600000000000000533e+00 3.882678001914822707e-01
5.620000000000000107e+00 3.867979298763828400e-01
5.639999999999999680e+00 3.853353658704241624e-01
5.660000000000000142e+00 3.838800612712086613e-01
5.679999999999999716e+00 3.824319618342040816e-01
5.700000000000000178e+00 3.809910216832622099e-01
5.719999999999999751e+00 3.795571878916517150e-01
5.740000000000000213e+00 3.781304155562001390e-01
5.759999999999999787e+00 3.767106530285087018e-01
5.780000000000000249e+00 3.752978563538663104e-01
5.799999999999999822e+00 3.738919751243563461e-01
5.820000000000000284e+00 3.724929662834821076e-01
5.839999999999999858e+00 3.711007806274886911e-01
5.860000000000000320e+00 3.697153759770067105e-01
5.879999999999999893e+00 3.683367042976004035e-01
5.900000000000000355e+00 3.669647242394837305e-01
5.919999999999999929e+00 3.655993889040854428e-01
5.940000000000000391e+00 3.642406577532621426e-01
5.959999999999999964e+00 3.628884849921881761e-01
5.980000000000000426e+00 3.615428308492424914e-01
6.000000000000000000e+00 3.602036506024952067e-01
6.020000000000000462e+00 3.588709052317979320e-01
6.040000000000000036e+00 3.575445510584775444e-01
6.060000000000000497e+00 3.562245497709061737e-01
6.080000000000000071e+00 3.549108587051892361e-01
6.100000000000000533e+00 3.536034402458289039e-01
6.120000000000000107e+00 3.523022527163313655e-01
6.140000000000000568e+00 3.510072591563199174e-01
6.160000000000000142e+00 3.497184188503786317e-01
6.179999999999999716e+00 3.484356954833165432e-01
6.200000000000000178e+00 3.471590492754861312e-01
6.219999999999999751e+00 3.458884445175996469e-01
6.240000000000000213e+00 3.446238423414278440e-01
6.259999999999999787e+00 3.433652076359237637e-01
6.280000000000000249e+00 3.421125024208486187e-01
6.299999999999999822e+00 3.408656921456610367e-01
6.320000000000000284e+00 3.396247396955656139e-01
6.339999999999999858e+00 3.383896110749662345e-01
6.360000000000000320e+00 3.371602700128068508e-01
6.379999999999999893e+00 3.359366830320729136e-01
6.400000000000000355e+00 3.347188146845538892e-01
6.419999999999999929e+00 3.335066320082126223e-01
6.440000000000000391e+00 3.323001003575554724e-01
6.459999999999999964e+00 3.310991872503799560e-01
6.480000000000000426e+00 3.299038588245279402e-01
6.500000000000000000e+00 3.287140830758477628e-01
6.520000000000000462e+00 3.275298269068390167e-01
6.540000000000000036e+00 3.263510587573292820e-01
6.560000000000000497e+00 3.251777462764812165e-01
6.580000000000000071e+00 3.240098583480203742e-01
6.600000000000000533e+00 3.228473633504294060e-01
6.620000000000000107e+00 3.216902305782073923e-01
6.640000000000000568e+00 3.205384291224355198e-01
6.660000000000000142e+00 3.193919286898949661e-01
6.679999999999999716e+00 3.182506990681451264e-01
6.700000000000000178e+00 3.171147103439513337e-01
6.719999999999999751e+00 3.159839329858030732e-01
6.740000000000000213e+00 3.148583374634628118e-01
6.759999999999999787e+00 3.137378949113522331e-01
6.780000000000000249e+00 3.126225761506443712e-01
6.799999999999999822e+00 3.115123529672321201e-01
6.820000000000000284e+00 3.104071965381142162e-01
6.839999999999999858e+00 3.093070792867040897e-01
6.860000000000000320e+00 3.082119727148530108e-01
6.879999999999999893e+00 3.071218498700227784e-01
6.900000000000000355e+00 3.060366825846739247e-01
6.919999999999999929e+00 3.049564445173225113e-01
6.940000000000000391e+00 3.038811078005857480e-01
6.959999999999999964e+00 3.028106466914863293e-01
6.980000000000000426e+00 3.017450336298102553e-01
7.000000000000000000e+00 3.006842434589809820e-01
7.020000000000000462e+00 2.996282488959383095e-01
7.040000000000000036e+00 2.985770253588137524e-01
7.060000000000000497e+00 2.975305458499096778e-01
7.080000000000000071e+00 2.964887863507734700e-01
7.100000000000000533e+00 2.954517201194161724e-01
7.120000000000000107e+00 2.944193236899029231e-01
7.140000000000000568e+00 2.933915705852944145e-01
7.160000000000000142e+00 2.923684378816466811e-01
7.179999999999999716e+00 2.913498993377015567e-01
7.200000000000000178e+00 2.903359325613362185e-01
7.219999999999999751e+00 2.893265115574026880e-01
7.240000000000000213e+00 2.883216144557808058e-01
7.259999999999999787e+00 2.873212154782815442e-01
7.280000000000000249e+00 2.863252932672971096e-01
7.299999999999999822e+00 2.853338222730644747e-01
7.320000000000000284e+00 2.843467816413242089e-01
7.339999999999999858e+00 2.833641460217446451e-01
7.360000000000000320e+00 2.823858950545606872e-01
7.379999999999999893e+00 2.814120036013381676e-01
7.400000000000000355e+00 2.804424517882555534e-01
7.419999999999999929e+00 2.794772146598665241e-01
7.440000000000000391e+00 2.785162728200291649e-01
7.459999999999999964e+00 2.775596015097195335e-01
7.480000000000000426e+00 2.766071818024912754e-01
7.500000000000000000e+00 2.756589891068715326e-01
7.520000000000000462e+00 2.747150049583932940e-01
7.540000000000000036e+00 2.737752049475054572e-01
7.560000000000000497e+00 2.728395710642722016e-01
7.580000000000000071e+00 2.719080790521661850e-01
7.600000000000000533e+00 2.709807113485804275e-01
7.620000000000000107e+00 2.700574438652881271e-01
7.640000000000000568e+00 2.691382594800592054e-01
7.660000000000000142e+00 2.682231342440090094e-01
7.679999999999999716e+00 2.673120514685636828e-01
7.700000000000000178e+00 2.664049873603285268e-01
7.719999999999999751e+00 2.655019256578984299e-01
7.740000000000000213e+00 2.646028426942977907e-01
7.759999999999999787e+00 2.637077226290248100e-01
7.780000000000000249e+00 2.628165419385272150e-01
7.799999999999999822e+00 2.619292851971524172e-01
7.820000000000000284e+00 2.610459289955439077e-01
7.839999999999999858e+00 2.601664583170543166e-01
7.860000000000000320e+00 2.592908498843638498e-01
7.879999999999999893e+00 2.584190890841915889e-01
7.900000000000000355e+00 2.575511527418203883e-01
7.919999999999999929e+00 2.566870266418905810e-01
7.940000000000000391e+00 2.558266877309536835e-01
7.959999999999999964e+00 2.549701221863153733e-01
7.980000000000000426e+00 2.541173070461223427e-01
8.000000000000000000e+00 2.532682288752703959e-01
8.019999999999999574e+00 2.524228648229762118e-01
8.040000000000000924e+00 2.515812018368406844e-01
8.060000000000000497e+00 2.507432171471852822e-01
8.080000000000000071e+00 2.499088980795992898e-01
8.099999999999999645e+00 2.490782219657856345e-01
8.120000000000000995e+00 2.482511765047710761e-01
8.140000000000000568e+00 2.474277390993645520e-01
8.160000000000000142e+00 2.466078978176442782e-01
8.179999999999999716e+00 2.457916301545847448e-01
8.199999999999999289e+00 2.449789245431004403e-01
8.220000000000000639e+00 2.441697585396876702e-01
8.240000000000000213e+00 2.433641209380314752e-01
8.259999999999999787e+00 2.425619893779991931e-01
8.279999999999999361e+00 2.417633530101332973e-01
8.300000000000000711e+00 2.409681895266378993e-01
8.320000000000000284e+00 2.401764884311442250e-01
8.339999999999999858e+00 2.393882274908216146e-01
8.359999999999999432e+00 2.386033965587752159e-01
8.380000000000000782e+00 2.378219734456668844e-01
8.400000000000000355e+00 2.370439483505976663e-01
8.419999999999999929e+00 2.362692991511317897e-01
8.439999999999999503e+00 2.354980163890218747e-01
8.460000000000000853e+00 2.347300779768050905e-01
8.480000000000000426e+00 2.339654747956763647e-01
8.500000000000000000e+00 2.332041848173290188e-01
8.519999999999999574e+00 2.324461992593321313e-01
8.540000000000000924e+00 2.316914961200949030e-01
8.560000000000000497e+00 2.309400669506164183e-01
8.580000000000000071e+00 2.301918898009915060e-01
8.599999999999999645e+00 2.294469565528235444e-01
8.620000000000000995e+00 2.287052452749252507e-01
8.640000000000000568e+00 2.279667481768089254e-01
8.660000000000000142e+00 2.272314433717511906e-01
8.679999999999999716e+00 2.264993233946018814e-01
8.700000000000001066e+00 2.257703663695643792e-01
8.720000000000000639e+00 2.250445651543687142e-01
8.740000000000000213e+00 2.243218979106744448e-01
8.759999999999999787e+00 2.236023578167543879e-01
8.779999999999999361e+00 2.228859230375928313e-01
8.800000000000000711e+00 2.221725870697731364e-01
8.820000000000000284e+00 2.214623281089275197e-01
8.839999999999999858e+00 2.207551399678414628e-01
8.859999999999999432e+00 2.200510008380266724e-01
8.880000000000000782e+00 2.193499048464648549e-01
8.900000000000000355e+00 2.186518302086692955e-01
8.919999999999999929e+00 2.179567713639235238e-01
8.939999999999999503e+00 2.172647065163088864e-01
8.960000000000000853e+00 2.165756304156245260e-01
8.980000000000000426e+00 2.158895212834462951e-01
9.000000000000000000e+00 2.152063741784068507e-01
9.019999999999999574e+00 2.145261673034452310e-01
9.040000000000000924e+00 2.138488960244477044e-01
9.060000000000000497e+00 2.131745385554628114e-01
9.080000000000000071e+00 2.125030905681529747e-01
9.099999999999999645e+00 2.118345302508151673e-01
9.120000000000000995e+00 2.111688535795087085e-01
9.140000000000000568e+00 2.105060387473488559e-01
9.160000000000000142e+00 2.098460820335281696e-01
9.179999999999999716e+00 2.091889615983420769e-01
9.200000000000001066e+00 2.085346740229371276e-01
9.220000000000000639e+00 2.078831974662122273e-01
9.240000000000000213e+00 2.072345288101833660e-01
9.259999999999999787e+00 2.065886461739201707e-01
9.279999999999999361e+00 2.059455467393275230e-01
9.300000000000000711e+00 2.053052086179154301e-01
9.320000000000000284e+00 2.046676292905921513e-01
9.339999999999999858e+00 2.040327868220410401e-01
9.359999999999999432e+00 2.034006789913885005e-01
9.380000000000000782e+00 2.027712838496237846e-01
9.400000000000000355e+00 2.021445994733909179e-01
9.419999999999999929e+00 2.015206038598566507e-01
9.439999999999999503e+00 2.008992953825830263e-01
9.460000000000000853e+00 2.002806520189309436e-01
9.480000000000000426e+00 1.996646724388705940e-01
9.500000000000000000e+00 1.990513345589163818e-01
9.519999999999999574e+00 1.984406373450332273e-01
9.540000000000000924e+00 1.978325586878187381e-01
9.560000000000000497e+00 1.972270978489056859e-01
9.580000000000000071e+00 1.966242326509858307e-01
9.599999999999999645e+00 1.960239626511328936e-01
9.620000000000000995e+00 1.954262656399813891e-01
