0.000000000000000000e+00 7.354008534509942407e+00
1.499999999999999944e-02 7.248118738680837225e+00
2.999999999999999889e-02 7.140170388690481929e+00
4.499999999999999833e-02 7.030379484192458506e+00
5.999999999999999778e-02 6.918959550559009131e+00
7.499999999999999722e-02 6.806122615152541577e+00
8.999999999999999667e-02 6.692076716578892359e+00
1.049999999999999961e-01 6.577026970066783385e+00
1.199999999999999956e-01 6.461173010844277087e+00
1.350000000000000089e-01 6.344710256524487946e+00
1.499999999999999944e-01 6.227827358921603995e+00
1.649999999999999800e-01 6.110707668658325709e+00
1.799999999999999933e-01 5.993526716249265363e+00
1.950000000000000067e-01 5.876453881140720092e+00
2.099999999999999922e-01 5.759649914301934182e+00
2.249999999999999778e-01 5.643268808693641780e+00
2.399999999999999911e-01 5.527455369878951252e+00
2.550000000000000044e-01 5.412347278972858611e+00
2.700000000000000178e-01 5.298072712312267285e+00
2.849999999999999756e-01 5.184752582829077028e+00
2.999999999999999889e-01 5.072498205387452330e+00
3.150000000000000022e-01 4.961413698443591258e+00
3.299999999999999600e-01 4.851593688281285566e+00
3.449999999999999734e-01 4.743125849989194620e+00
3.599999999999999867e-01 4.636088641684403377e+00
3.750000000000000000e-01 4.530553962249687316e+00
3.900000000000000133e-01 4.426584905639494139e+00
4.049999999999999711e-01 4.324238512393267619e+00
4.199999999999999845e-01 4.223563534154415322e+00
4.349999999999999978e-01 4.124603256529054462e+00
4.499999999999999556e-01 4.027393264804588036e+00
4.649999999999999689e-01 3.931964317039222667e+00
4.799999999999999822e-01 3.838340103417452909e+00
4.949999999999999956e-01 3.746540150299020322e+00
5.100000000000000089e-01 3.656577567467662604e+00
5.250000000000000222e-01 3.568461966019745635e+00
5.400000000000000355e-01 3.482197189743038823e+00
5.549999999999999378e-01 3.397784231994354975e+00
5.699999999999999512e-01 3.315218949423587080e+00
5.849999999999999645e-01 3.234494965226380803e+00
5.999999999999999778e-01 3.155601365273509096e+00
6.149999999999999911e-01 3.078525577220180942e+00
6.300000000000000044e-01 3.003251050732600458e+00
6.450000000000000178e-01 2.929760103820445494e+00
6.599999999999999201e-01 2.858031590217002371e+00
6.749999999999999334e-01 2.788043705939827088e+00
6.899999999999999467e-01 2.719771647965373962e+00
7.049999999999999600e-01 2.653190375405295676e+00
7.199999999999999734e-01 2.588272264419773983e+00
7.349999999999999867e-01 2.524989819532891033e+00
7.500000000000000000e-01 2.463313330276494906e+00
7.650000000000000133e-01 2.403213529079502475e+00
7.800000000000000266e-01 2.344659255450380897e+00
7.949999999999999289e-01 2.287620057591282396e+00
8.099999999999999423e-01 2.232063870051276488e+00
8.249999999999999556e-01 2.177959556768581884e+00
8.399999999999999689e-01 2.125274608088943751e+00
8.549999999999999822e-01 2.073977623359190225e+00
8.699999999999999956e-01 2.024036033043866922e+00
8.850000000000000089e-01 1.975418519309969367e+00
8.999999999999999112e-01 1.928092768716098915e+00
9.149999999999999245e-01 1.882027829467047830e+00
9.299999999999999378e-01 1.837191899824173857e+00
9.449999999999999512e-01 1.793554620891040008e+00
9.599999999999999645e-01 1.751084905519595614e+00
9.749999999999999778e-01 1.709753165631923588e+00
9.899999999999999911e-01 1.669529185996371679e+00
1.004999999999999893e+00 1.630384285209251383e+00
1.020000000000000018e+00 1.592289238299038789e+00
1.034999999999999920e+00 1.555216370596083086e+00
1.050000000000000044e+00 1.519137532706144933e+00
1.064999999999999947e+00 1.484026126593323003e+00
1.080000000000000071e+00 1.449855136051463544e+00
1.094999999999999973e+00 1.416599084420743004e+00
1.109999999999999876e+00 1.384232123286345928e+00
1.125000000000000000e+00 1.352729921345717123e+00
1.139999999999999902e+00 1.322067813679340453e+00
1.155000000000000027e+00 1.292222621385444414e+00
1.169999999999999929e+00 1.263170863403677346e+00
1.185000000000000053e+00 1.234890506637752017e+00
1.199999999999999956e+00 1.207359241967843166e+00
1.214999999999999858e+00 1.180556164689279042e+00
1.229999999999999982e+00 1.154460116027501870e+00
1.244999999999999885e+00 1.129051293831777381e+00
1.260000000000000009e+00 1.104309660604853471e+00
1.274999999999999911e+00 1.080216484503922159e+00
1.290000000000000036e+00 1.056752814618284741e+00
1.304999999999999938e+00 1.033900952444359644e+00
1.319999999999999840e+00 1.011642994885457725e+00
1.334999999999999964e+00 9.899622364822171505e-01
1.349999999999999867e+00 9.688417803710738241e-01
1.364999999999999991e+00 9.482658716650229636e-01
1.379999999999999893e+00 9.282185763879440277e-01
1.395000000000000018e+00 9.086850465118663234e-01
1.409999999999999920e+00 8.896502666848558061e-01
1.425000000000000044e+00 8.711002515388931444e-01
1.439999999999999947e+00 8.530208598459925184e-01
1.454999999999999849e+00 8.353989248146077573e-01
1.469999999999999973e+00 8.182211351436181612e-01
1.484999999999999876e+00 8.014750991238861477e-01
1.500000000000000000e+00 7.851482919095137403e-01
1.514999999999999902e+00 7.692290543342518161e-01
1.530000000000000027e+00 7.537056055853396108e-01
1.544999999999999929e+00 7.385669777312826589e-01
1.560000000000000053e+00 7.238020928626617279e-01
1.574999999999999956e+00 7.094006344079617499e-01
1.589999999999999858e+00 6.953521876993346007e-01
1.604999999999999982e+00 6.816470492264147252e-01
1.619999999999999885e+00 6.682754294901810388e-01
1.635000000000000009e+00 6.552282014107111419e-01
1.649999999999999911e+00 6.424961642506098469e-01
1.665000000000000036e+00 6.300707324513667995e-01
1.679999999999999938e+00 6.179432593362939041e-01
1.694999999999999840e+00 6.061056677015944638e-01
1.709999999999999964e+00 5.945498319488876637e-01
1.724999999999999867e+00 5.832681518012393651e-01
1.739999999999999991e+00 5.722529914645231308e-01
1.754999999999999893e+00 5.614971978755184390e-01
1.770000000000000018e+00 5.509935954510087885e-01
1.784999999999999920e+00 5.407354503049022210e-01
1.799999999999999822e+00 5.307160191113627912e-01
1.814999999999999947e+00 5.209289607508950093e-01
1.829999999999999849e+00 5.113679377905788748e-01
1.844999999999999973e+00 5.020269770353643635e-01
1.859999999999999876e+00 4.929001221120206111e-01
1.875000000000000000e+00 4.839817444117845424e-01
1.889999999999999902e+00 4.752662452564540008e-01
1.905000000000000027e+00 4.667483187223154251e-01
1.919999999999999929e+00 4.584227018644587703e-01
1.934999999999999831e+00 4.502843909098054875e-01
1.949999999999999956e+00 4.423284380207018196e-01
1.964999999999999858e+00 4.345501223372344457e-01
1.979999999999999982e+00 4.269447917710783580e-01
1.994999999999999885e+00 4.195079903643630370e-01
2.009999999999999787e+00 4.122353436211622091e-01
2.024999999999999911e+00 4.051226436322989954e-01
2.040000000000000036e+00 3.981657764724162440e-01
2.054999999999999716e+00 3.913607665175591888e-01
2.069999999999999840e+00 3.847037444620086677e-01
2.084999999999999964e+00 3.781909522285891723e-01
2.100000000000000089e+00 3.718187501891065949e-01
2.114999999999999769e+00 3.655835840363749756e-01
2.129999999999999893e+00 3.594820298267360492e-01
2.145000000000000018e+00 3.535107241480086038e-01
2.160000000000000142e+00 3.476664456400582748e-01
2.174999999999999822e+00 3.419460097545680699e-01
2.189999999999999947e+00 3.363463854514272544e-01
2.205000000000000071e+00 3.308645558046337531e-01
2.219999999999999751e+00 3.254976686163736366e-01
2.234999999999999876e+00 3.202428640787471359e-01
2.250000000000000000e+00 3.150974580952590198e-01
2.265000000000000124e+00 3.100587381606659809e-01
2.279999999999999805e+00 3.051241782292906102e-01
2.294999999999999929e+00 3.002912039252439991e-01
2.310000000000000053e+00 2.955574378499484234e-01
2.324999999999999734e+00 2.909204351826429336e-01
2.339999999999999858e+00 2.863779583738937928e-01
2.354999999999999982e+00 2.819276841416311630e-01
2.370000000000000107e+00 2.775675065547460463e-01
2.384999999999999787e+00 2.732952163732833006e-01
2.399999999999999911e+00 2.691088315846136281e-01
2.415000000000000036e+00 2.650062499778325087e-01
2.429999999999999716e+00 2.609856062560146905e-01
2.444999999999999840e+00 2.570448986744895414e-01
2.459999999999999964e+00 2.531823719145944729e-01
2.475000000000000089e+00 2.493961185535067404e-01
2.489999999999999769e+00 2.456844869490265038e-01
2.504999999999999893e+00 2.420456582451682992e-01
2.520000000000000018e+00 2.384780785823864546e-01
2.534999999999999698e+00 2.349800122780095202e-01
2.549999999999999822e+00 2.315499977434407053e-01
2.564999999999999947e+00 2.281863774120456156e-01
2.580000000000000071e+00 2.248877768124409871e-01
2.594999999999999751e+00 2.216526117486619096e-01
2.609999999999999876e+00 2.184795900483174347e-01
2.625000000000000000e+00 2.153671964306625997e-01
2.639999999999999680e+00 2.123142165186588937e-01
2.654999999999999805e+00 2.093191997600141463e-01
2.669999999999999929e+00 2.063810053644823950e-01
2.685000000000000053e+00 2.034982435710816495e-01
2.699999999999999734e+00 2.006698432447121261e-01
2.714999999999999858e+00 1.978944717096497719e-01
2.729999999999999982e+00 1.951711238143888361e-01
2.745000000000000107e+00 1.924985204768869806e-01
2.759999999999999787e+00 1.898757191021009927e-01
2.774999999999999911e+00 1.873014909083798862e-01
2.790000000000000036e+00 1.847749526598659042e-01
2.804999999999999716e+00 1.822949227659129701e-01
2.819999999999999840e+00 1.798605743689072611e-01
2.834999999999999964e+00 1.774707701295137052e-01
2.850000000000000089e+00 1.751247367912528996e-01
2.864999999999999769e+00 1.728213784835546662e-01
2.879999999999999893e+00 1.705599729661752828e-01
2.895000000000000018e+00 1.683394631994285795e-01
2.909999999999999698e+00 1.661591755558829986e-01
2.924999999999999822e+00 1.640180893225981484e-01
2.939999999999999947e+00 1.619155772530403714e-01
2.955000000000000071e+00 1.598506525795949373e-01
2.969999999999999751e+00 1.578227323670655935e-01
2.984999999999999876e+00 1.558308615248623907e-01
3.000000000000000000e+00 1.538744995134388449e-01
3.014999999999999680e+00 1.519527207543026059e-01
3.029999999999999805e+00 1.500650253339229079e-01
3.044999999999999929e+00 1.482105151158868428e-01
3.060000000000000053e+00 1.463887291819634118e-01
3.074999999999999734e+00 1.445987948539854406e-01
3.089999999999999858e+00 1.428402887106152430e-01
3.104999999999999982e+00 1.411123616268137593e-01
3.120000000000000107e+00 1.394146263060309920e-01
3.134999999999999787e+00 1.377462553420800428e-01
3.149999999999999911e+00 1.361068963119108910e-01
3.165000000000000036e+00 1.344957417580683323e-01
3.179999999999999716e+00 1.329124729955571127e-01
3.194999999999999840e+00 1.313563008025395440e-01
3.209999999999999964e+00 1.298269392079641205e-01
3.225000000000000089e+00 1.283236155634657483e-01
3.239999999999999769e+00 1.268460756951042545e-01
3.254999999999999893e+00 1.253935619102301002e-01
3.270000000000000018e+00 1.239658510188692275e-01
3.284999999999999698e+00 1.225621987051983275e-01
3.299999999999999822e+00 1.211824120505446689e-01
3.314999999999999947e+00 1.198257585697615618e-01
3.330000000000000071e+00 1.184920750005035162e-01
3.344999999999999751e+00 1.171806391697607086e-01
3.359999999999999876e+00 1.158913169518328151e-01
3.375000000000000000e+00 1.146233949891300591e-01
3.389999999999999680e+00 1.133767678661824069e-01
3.404999999999999805e+00 1.121507295610677940e-01
3.419999999999999929e+00 1.109452030337385042e-01
3.435000000000000053e+00 1.097594881296053843e-01
3.449999999999999734e+00 1.085935359395505256e-01
3.464999999999999858e+00 1.074466507147112809e-01
