0.000000000000000000e+00 8.316965449729831761e+00
1.499999999999999944e-02 8.044609613814966309e+00
2.999999999999999889e-02 7.773310863064947895e+00
4.499999999999999833e-02 7.504490460785065764e+00
5.999999999999999778e-02 7.239623161881886482e+00
7.499999999999999722e-02 6.980078212302180063e+00
8.999999999999999667e-02 6.727002762821360449e+00
1.049999999999999961e-01 6.481329126919650463e+00
1.199999999999999956e-01 6.243761772250144837e+00
1.350000000000000089e-01 6.014800997386148040e+00
1.499999999999999944e-01 5.794753716926766884e+00
1.649999999999999800e-01 5.583765695062854029e+00
1.799999999999999933e-01 5.381841019367032963e+00
1.950000000000000067e-01 5.188874321301652159e+00
2.099999999999999922e-01 5.004669495042678662e+00
2.249999999999999778e-01 4.828966855824050164e+00
2.399999999999999911e-01 4.661456973948056692e+00
2.550000000000000044e-01 4.501801299375721932e+00
2.700000000000000178e-01 4.349640385033762158e+00
2.849999999999999756e-01 4.204608631009258524e+00
2.999999999999999889e-01 4.066337790070425839e+00
3.150000000000000022e-01 3.934467241463481368e+00
3.299999999999999600e-01 3.808644088783679216e+00
3.449999999999999734e-01 3.688530374051969041e+00
3.599999999999999867e-01 3.573800953921944412e+00
3.750000000000000000e-01 3.464148771647269420e+00
3.900000000000000133e-01 3.359281403063577365e+00
4.049999999999999711e-01 3.258925173127165564e+00
4.199999999999999845e-01 3.162820976598030409e+00
4.349999999999999978e-01 3.070727751098373925e+00
4.499999999999999556e-01 2.982417957881430937e+00
4.649999999999999689e-01 2.897680725835872551e+00
4.799999999999999822e-01 2.816317222408864396e+00
4.949999999999999956e-01 2.738143650938473783e+00
5.100000000000000089e-01 2.662986645232304550e+00
5.250000000000000222e-01 2.590686219309954907e+00
5.400000000000000355e-01 2.521091255288164579e+00
5.549999999999999378e-01 2.454062453834162216e+00
5.699999999999999512e-01 2.389467951844776117e+00
5.849999999999999645e-01 2.327186292317148908e+00
5.999999999999999778e-01 2.267102184712625590e+00
6.149999999999999911e-01 2.209109496278776952e+00
6.300000000000000044e-01 2.153107160142300636e+00
6.450000000000000178e-01 2.099002181397811473e+00
6.599999999999999201e-01 2.046705689194024735e+00
6.749999999999999334e-01 1.996135946741963485e+00
6.899999999999999467e-01 1.947214544627920318e+00
7.049999999999999600e-01 1.899869402428812082e+00
7.199999999999999734e-01 1.854031096431548287e+00
7.349999999999999867e-01 1.809635840490491754e+00
7.500000000000000000e-01 1.766621944942644351e+00
7.650000000000000133e-01 1.724932765081790276e+00
7.800000000000000266e-01 1.684513285165688101e+00
7.949999999999999289e-01 1.645313023944448672e+00
8.099999999999999423e-01 1.607282741815773353e+00
8.249999999999999556e-01 1.570377294060286033e+00
8.399999999999999689e-01 1.534552456347605398e+00
8.549999999999999822e-01 1.499767717528422084e+00
8.699999999999999956e-01 1.465983222789255302e+00
8.850000000000000089e-01 1.433162499009426272e+00
8.999999999999999112e-01 1.401269511774033028e+00
9.149999999999999245e-01 1.370271317358390029e+00
9.299999999999999378e-01 1.340135233718213525e+00
9.449999999999999512e-01 1.310831414139031592e+00
9.599999999999999645e-01 1.282330128988849793e+00
9.749999999999999778e-01 1.254604256935309525e+00
9.899999999999999911e-01 1.227626677994988480e+00
1.004999999999999893e+00 1.201372679011166511e+00
1.020000000000000018e+00 1.175817455010342627e+00
1.034999999999999920e+00 1.150938426328414366e+00
1.050000000000000044e+00 1.126712848928403732e+00
1.064999999999999947e+00 1.103120041197040768e+00
1.080000000000000071e+00 1.080139100223243220e+00
1.094999999999999973e+00 1.057751036842543568e+00
1.109999999999999876e+00 1.035936598463984337e+00
1.125000000000000000e+00 1.014678311448481640e+00
1.139999999999999902e+00 9.939584073330423042e-01
1.155000000000000027e+00 9.737607720724512639e-01
1.169999999999999929e+00 9.540689760805820541e-01
1.185000000000000053e+00 9.348681302726181697e-01
1.199999999999999956e+00 9.161430165528168246e-01
1.214999999999999858e+00 8.978798509469856359e-01
1.229999999999999982e+00 8.800645147461129136e-01
1.244999999999999885e+00 8.626842253446195263e-01
1.260000000000000009e+00 8.457258644285571281e-01
1.274999999999999911e+00 8.291775574129325310e-01
1.290000000000000036e+00 8.130270986700030011e-01
1.304999999999999938e+00 7.972634407168555093e-01
1.319999999999999840e+00 7.818752126413400783e-01
1.334999999999999964e+00 7.668521204063997176e-01
1.349999999999999867e+00 7.521835582758327199e-01
1.364999999999999991e+00 7.378599218027885875e-01
1.379999999999999893e+00 7.238713082093872764e-01
1.395000000000000018e+00 7.102087437892713462e-01
1.409999999999999920e+00 6.968629728842106186e-01
1.425000000000000044e+00 6.838256015832107071e-01
1.439999999999999947e+00 6.710879710840385037e-01
1.454999999999999849e+00 6.586422196888420677e-01
1.469999999999999973e+00 6.464802400756265444e-01
1.484999999999999876e+00 6.345946617019309066e-01
1.500000000000000000e+00 6.229778876493665685e-01
1.514999999999999902e+00 6.116229996259232582e-01
1.530000000000000027e+00 6.005228738334343896e-01
1.544999999999999929e+00 5.896710108357857694e-01
1.560000000000000053e+00 5.790607260290869807e-01
1.574999999999999956e+00 5.686859066893370507e-01
1.589999999999999858e+00 5.585402764618790927e-01
1.604999999999999982e+00 5.486180819493488015e-01
1.619999999999999885e+00 5.389134267560309333e-01
1.635000000000000009e+00 5.294208899954896408e-01
1.649999999999999911e+00 5.201349293120082207e-01
1.665000000000000036e+00 5.110504337097917515e-01
1.679999999999999938e+00 5.021621910786201459e-01
1.694999999999999840e+00 4.934653777418308018e-01
1.709999999999999964e+00 4.849550899488525024e-01
1.724999999999999867e+00 4.766267725412068335e-01
1.739999999999999991e+00 4.684758099617050697e-01
1.754999999999999893e+00 4.604978964136843822e-01
1.770000000000000018e+00 4.526886859204402036e-01
1.784999999999999920e+00 4.450441063381400109e-01
1.799999999999999822e+00 4.375600640645248562e-01
1.814999999999999947e+00 4.302327042260833401e-01
1.829999999999999849e+00 4.230581696662797375e-01
1.844999999999999973e+00 4.160328095993635622e-01
1.859999999999999876e+00 4.091529885482821371e-01
1.875000000000000000e+00 4.024152457048579268e-01
1.889999999999999902e+00 3.958161535656407604e-01
1.905000000000000027e+00 3.893524301993913639e-01
1.919999999999999929e+00 3.830208433396957712e-01
1.934999999999999831e+00 3.768182776979110415e-01
1.949999999999999956e+00 3.707416843959985830e-01
1.964999999999999858e+00 3.647881054162042669e-01
1.979999999999999982e+00 3.589546642351174044e-01
1.994999999999999885e+00 3.532385494307550555e-01
2.009999999999999787e+00 3.476370465499015738e-01
2.024999999999999911e+00 3.421474828404715285e-01
2.040000000000000036e+00 3.367672963252161256e-01
2.054999999999999716e+00 3.314939435507137100e-01
2.069999999999999840e+00 3.263250060582599255e-01
2.084999999999999964e+00 3.212580629839006940e-01
2.100000000000000089e+00 3.162908310185024163e-01
2.114999999999999769e+00 3.114210036124523406e-01
2.129999999999999893e+00 3.066464247817857758e-01
2.145000000000000018e+00 3.019648966116627586e-01
2.160000000000000142e+00 2.973743831235598489e-01
2.174999999999999822e+00 2.928727876878582381e-01
2.189999999999999947e+00 2.884581874800550283e-01
2.205000000000000071e+00 2.841285823518819864e-01
2.219999999999999751e+00 2.798821562165406673e-01
2.234999999999999876e+00 2.757169988421161455e-01
2.250000000000000000e+00 2.716313948679169310e-01
2.265000000000000124e+00 2.676235199226658645e-01
2.279999999999999805e+00 2.636917537370812581e-01
2.294999999999999929e+00 2.598343519026142245e-01
2.310000000000000053e+00 2.560497839580272994e-01
2.324999999999999734e+00 2.523363820435353677e-01
2.339999999999999858e+00 2.486927005504682153e-01
2.354999999999999982e+00 2.451171428384754380e-01
2.370000000000000107e+00 2.416083435021914583e-01
2.384999999999999787e+00 2.381647742592378769e-01
2.399999999999999911e+00 2.347851455446299807e-01
2.415000000000000036e+00 2.314679925901196589e-01
2.429999999999999716e+00 2.282120975761115222e-01
2.444999999999999840e+00 2.250160568641935421e-01
2.459999999999999964e+00 2.218787205361143766e-01
2.475000000000000089e+00 2.187987416544524000e-01
2.489999999999999769e+00 2.157750345934619229e-01
2.504999999999999893e+00 2.128063071457992061e-01
2.520000000000000018e+00 2.098915345900846663e-01
2.534999999999999698e+00 2.070294753750626937e-01
2.549999999999999822e+00 2.042191625027945656e-01
2.564999999999999947e+00 2.014594034661778277e-01
2.580000000000000071e+00 1.987492860045096121e-01
2.594999999999999751e+00 1.960876628841692892e-01
2.609999999999999876e+00 1.934736737786064698e-01
2.625000000000000000e+00 1.909062154282546997e-01
2.639999999999999680e+00 1.883844768100186584e-01
2.654999999999999805e+00 1.859073951265991231e-01
2.669999999999999929e+00 1.834742061900367649e-01
2.685000000000000053e+00 1.810838866384430756e-01
2.699999999999999734e+00 1.787357168037915500e-01
2.714999999999999858e+00 1.764287094682232271e-01
2.729999999999999982e+00 1.741621873129255982e-01
2.745000000000000107e+00 1.719351984753555163e-01
2.759999999999999787e+00 1.697471059516832970e-01
2.774999999999999911e+00 1.675969901301944120e-01
2.790000000000000036e+00 1.654842524168440854e-01
2.804999999999999716e+00 1.634080048703435706e-01
2.819999999999999840e+00 1.613676855233689977e-01
2.834999999999999964e+00 1.593624351581162668e-01
2.850000000000000089e+00 1.573917267666208597e-01
2.864999999999999769e+00 1.554547294565234439e-01
2.879999999999999893e+00 1.535509496216084235e-01
2.895000000000000018e+00 1.516795818796946860e-01
2.909999999999999698e+00 1.498401645729134091e-01
2.924999999999999822e+00 1.480319175909046159e-01
2.939999999999999947e+00 1.462544098698290995e-01
2.955000000000000071e+00 1.445068838646091647e-01
2.969999999999999751e+00 1.427889378454681168e-01
2.984999999999999876e+00 1.410998367339676707e-01
3.000000000000000000e+00 1.394392069643692333e-01
3.014999999999999680e+00 1.378063333065392138e-01
3.029999999999999805e+00 1.362008692746344285e-01
3.044999999999999929e+00 1.346221195102660084e-01
3.060000000000000053e+00 1.330697636054979649e-01
3.074999999999999734e+00 1.315431235250354991e-01
3.089999999999999858e+00 1.300419040155687267e-01
3.104999999999999982e+00 1.285654444946760233e-01
3.120000000000000107e+00 1.271134740159498011e-01
3.134999999999999787e+00 1.256853469540220036e-01
3.149999999999999911e+00 1.242808158943223135e-01
3.165000000000000036e+00 1.228992503905040057e-01
3.179999999999999716e+00 1.215404258548100080e-01
3.194999999999999840e+00 1.202037245614222954e-01
3.209999999999999964e+00 1.188889441120293822e-01
3.225000000000000089e+00 1.175954798026442455e-01
3.239999999999999769e+00 1.163231508525363472e-01
3.254999999999999893e+00 1.150713631439232859e-01
3.270000000000000018e+00 1.138399570053990062e-01
3.284999999999999698e+00 1.126283492742043285e-01
3.299999999999999822e+00 1.114364009418763318e-01
3.314999999999999947e+00 1.102635373742964497e-01
3.330000000000000071e+00 1.091096398399617473e-01
3.344999999999999751e+00 1.079741426587438463e-01
3.359999999999999876e+00 1.068569470492357620e-01
3.375000000000000000e+00 1.057574938551048838e-01
3.389999999999999680e+00 1.046757039761982283e-01
3.404999999999999805e+00 1.036110252514774038e-01
3.419999999999999929e+00 1.025633980503288800e-01
3.435000000000000053e+00 1.015322747603496084e-01
3.449999999999999734e+00 1.005176150652027228e-01
3.464999999999999858e+00 9.951887640877150887e-02
