0.000000000000000000e+00 8.683535582751662929e+00
1.499999999999999944e-02 8.104008186578752770e+00
2.999999999999999889e-02 7.551705272734485774e+00
4.499999999999999833e-02 7.036644271657625183e+00
5.999999999999999778e-02 6.565230494289350460e+00
7.499999999999999722e-02 6.139371257665590775e+00
8.999999999999999667e-02 5.757579327328024021e+00
1.049999999999999961e-01 5.416418898483616573e+00
1.199999999999999956e-01 5.111618240245269007e+00
1.350000000000000089e-01 4.838772212232145264e+00
1.499999999999999944e-01 4.593730265258390233e+00
1.649999999999999800e-01 4.372766114580158181e+00
1.799999999999999933e-01 4.172628283844852959e+00
1.950000000000000067e-01 3.990523926392838483e+00
2.099999999999999922e-01 3.824075110099754315e+00
2.249999999999999778e-01 3.671265509299725061e+00
2.399999999999999911e-01 3.530386515356283450e+00
2.550000000000000044e-01 3.399989820236404281e+00
2.700000000000000178e-01 3.278843833654217388e+00
2.849999999999999756e-01 3.165899492246557756e+00
2.999999999999999889e-01 3.060258377939714336e+00
3.150000000000000022e-01 2.961149932957796160e+00
3.299999999999999600e-01 2.867908622641331284e+00
3.449999999999999734e-01 2.779959390398533348e+00
3.599999999999999867e-01 2.696801089807455920e+00
3.750000000000000000e-01 2.617997581051615175e+00
3.900000000000000133e-01 2.543165347521089359e+00
4.049999999999999711e-01 2.471968385487008923e+00
4.199999999999999845e-01 2.404108617320490193e+00
4.349999999999999978e-01 2.339323338007124775e+00
4.499999999999999556e-01 2.277377469888502759e+00
4.649999999999999689e-01 2.218062739374461412e+00
4.799999999999999822e-01 2.161191206684358157e+00
4.949999999999999956e-01 2.106595626939388843e+00
5.100000000000000089e-01 2.054123822964437185e+00
5.250000000000000222e-01 2.003639859726781935e+00
5.400000000000000355e-01 1.955019049029356415e+00
5.549999999999999378e-01 1.908149686929642819e+00
5.699999999999999512e-01 1.862928474426581715e+00
5.849999999999999645e-01 1.819262641304113748e+00
5.999999999999999778e-01 1.777065722593716535e+00
6.149999999999999911e-01 1.736259946138550170e+00
6.300000000000000044e-01 1.696772238072337347e+00
6.450000000000000178e-01 1.658536783779803514e+00
6.599999999999999201e-01 1.621491268717561107e+00
6.749999999999999334e-01 1.585579548170067854e+00
6.899999999999999467e-01 1.550748033894991051e+00
7.049999999999999600e-01 1.516948423007378643e+00
7.199999999999999734e-01 1.484134267579679589e+00
7.349999999999999867e-01 1.452263726303335556e+00
7.500000000000000000e-01 1.421296242923341557e+00
7.650000000000000133e-01 1.391195291581527549e+00
7.800000000000000266e-01 1.361925216181294251e+00
7.949999999999999289e-01 1.333453947832117903e+00
8.099999999999999423e-01 1.305749936910573172e+00
8.249999999999999556e-01 1.278784824731665104e+00
8.399999999999999689e-01 1.252530528001987387e+00
8.549999999999999822e-01 1.226961851470011577e+00
8.699999999999999956e-01 1.202053658176145179e+00
8.850000000000000089e-01 1.177783411813139836e+00
8.999999999999999112e-01 1.154128496494783329e+00
9.149999999999999245e-01 1.131068680647181024e+00
9.299999999999999378e-01 1.108583519431624254e+00
9.449999999999999512e-01 1.086654733077748292e+00
9.599999999999999645e-01 1.065263757917245258e+00
9.749999999999999778e-01 1.044394034283449235e+00
9.899999999999999911e-01 1.024028638192370222e+00
1.004999999999999893e+00 1.004152474535908057e+00
1.020000000000000018e+00 9.847500566908391484e-01
1.034999999999999920e+00 9.658076024108037672e-01
1.050000000000000044e+00 9.473108919812073259e-01
1.064999999999999947e+00 9.292472645294796996e-01
1.080000000000000071e+00 9.116036228728733315e-01
1.094999999999999973e+00 8.943683292942039564e-01
1.109999999999999876e+00 8.775292862068607702e-01
1.125000000000000000e+00 8.610757305723427679e-01
1.139999999999999902e+00 8.449964591800418479e-01
1.155000000000000027e+00 8.292815219672396987e-01
1.169999999999999929e+00 8.139205195845341523e-01
1.185000000000000053e+00 7.989041958786461395e-01
1.199999999999999956e+00 7.842228771079746696e-01
1.214999999999999858e+00 7.698679647553431371e-01
1.229999999999999982e+00 7.558304427017359384e-01
1.244999999999999885e+00 7.421022714384907237e-01
1.260000000000000009e+00 7.286750331196670816e-01
1.274999999999999911e+00 7.155412290156215604e-01
1.290000000000000036e+00 7.026929874971425960e-01
1.304999999999999938e+00 6.901232663972344250e-01
1.319999999999999840e+00 6.778246944319409328e-01
1.334999999999999964e+00 6.657906808056542891e-01
1.349999999999999867e+00 6.540143139747113255e-01
1.364999999999999991e+00 6.424893805923579393e-01
1.379999999999999893e+00 6.312093927531530202e-01
1.395000000000000018e+00 6.201685189609594806e-01
1.409999999999999920e+00 6.093606627121904706e-01
1.425000000000000044e+00 5.987803078767124365e-01
1.439999999999999947e+00 5.884217204487021124e-01
1.454999999999999849e+00 5.782797112540702944e-01
1.469999999999999973e+00 5.683488827648663921e-01
1.484999999999999876e+00 5.586243117067838382e-01
1.500000000000000000e+00 5.491009135165123567e-01
1.514999999999999902e+00 5.397740478975466827e-01
1.530000000000000027e+00 5.306389219254649126e-01
1.544999999999999929e+00 5.216911212199346615e-01
1.560000000000000053e+00 5.129261250864912691e-01
1.574999999999999956e+00 5.043397664101935129e-01
1.589999999999999858e+00 4.959277790041037304e-01
1.604999999999999982e+00 4.876861889148026430e-01
1.619999999999999885e+00 4.796109682304190991e-01
1.635000000000000009e+00 4.716983608988579157e-01
1.649999999999999911e+00 4.639445623724859358e-01
1.665000000000000036e+00 4.563459825941414971e-01
1.679999999999999938e+00 4.488990266466194035e-01
1.694999999999999840e+00 4.416002979539017104e-01
1.709999999999999964e+00 4.344463985477173273e-01
1.724999999999999867e+00 4.274340750589675220e-01
1.739999999999999991e+00 4.205601147313088317e-01
1.754999999999999893e+00 4.138214371591801832e-01
1.770000000000000018e+00 4.072150039119976639e-01
1.784999999999999920e+00 4.007378584790674547e-01
1.799999999999999822e+00 3.943871266386736463e-01
1.814999999999999947e+00 3.881600074470061279e-01
1.829999999999999849e+00 3.820537814722686498e-01
1.844999999999999973e+00 3.760657551475030669e-01
1.859999999999999876e+00 3.701933550472452650e-01
1.875000000000000000e+00 3.644340283017482029e-01
1.889999999999999902e+00 3.587853392885153592e-01
1.905000000000000027e+00 3.532448282690009433e-01
1.919999999999999929e+00 3.478101897518071639e-01
1.934999999999999831e+00 3.424790918958927066e-01
1.949999999999999956e+00 3.372493521573377562e-01
1.964999999999999858e+00 3.321187194488872119e-01
1.979999999999999982e+00 3.270851274401974096e-01
1.994999999999999885e+00 3.221464418557745124e-01
2.009999999999999787e+00 3.173007062602441475e-01
2.024999999999999911e+00 3.125458563057816885e-01
2.040000000000000036e+00 3.078800395177877514e-01
2.054999999999999716e+00 3.033012987076673106e-01
2.069999999999999840e+00 2.988078797840061918e-01
2.084999999999999964e+00 2.943978859593651132e-01
2.100000000000000089e+00 2.900696562794107258e-01
2.114999999999999769e+00 2.858213926725349241e-01
2.129999999999999893e+00 2.816515223840992399e-01
2.145000000000000018e+00 2.775582993145063182e-01
2.160000000000000142e+00 2.735402342594590586e-01
2.174999999999999822e+00 2.695956724199948806e-01
2.189999999999999947e+00 2.657232037619596254e-01
2.205000000000000071e+00 2.619212179621637215e-01
2.219999999999999751e+00 2.581883800282953056e-01
2.234999999999999876e+00 2.545231644030764295e-01
2.250000000000000000e+00 2.509243072437939426e-01
2.265000000000000124e+00 2.473903207704636897e-01
2.279999999999999805e+00 2.439200086192535033e-01
2.294999999999999929e+00 2.405119619999725178e-01
2.310000000000000053e+00 2.371650485650413365e-01
2.324999999999999734e+00 2.338778912885598193e-01
2.339999999999999858e+00 2.306494185723243773e-01
2.354999999999999982e+00 2.274783272611503593e-01
2.370000000000000107e+00 2.243636034235672871e-01
2.384999999999999787e+00 2.213039702469865588e-01
2.399999999999999911e+00 2.182984685576921935e-01
2.415000000000000036e+00 2.153458908664108162e-01
2.429999999999999716e+00 2.124453300119792387e-01
2.444999999999999840e+00 2.095955999375866685e-01
2.459999999999999964e+00 2.067958429040377411e-01
2.475000000000000089e+00 2.040449381297021192e-01
2.489999999999999769e+00 2.013420748528058912e-01
2.504999999999999893e+00 1.986861492575968946e-01
2.520000000000000018e+00 1.960763952532928733e-01
2.534999999999999698e+00 1.935117706886503031e-01
2.549999999999999822e+00 1.909915519681225637e-01
2.564999999999999947e+00 1.885147098246899300e-01
2.580000000000000071e+00 1.860805611060181719e-01
2.594999999999999751e+00 1.836881349831371579e-01
2.609999999999999876e+00 1.813367868121370796e-01
2.625000000000000000e+00 1.790255549008005764e-01
2.639999999999999680e+00 1.767538312900434061e-01
2.654999999999999805e+00 1.745207098373701693e-01
2.669999999999999929e+00 1.723256175504160048e-01
2.685000000000000053e+00 1.701676539657873966e-01
2.699999999999999734e+00 1.680462794399295579e-01
2.714999999999999858e+00 1.659606464687913285e-01
2.729999999999999982e+00 1.639102472349339978e-01
2.745000000000000107e+00 1.618942367065788757e-01
2.759999999999999787e+00 1.599121374602824608e-01
2.774999999999999911e+00 1.579631550959380848e-01
2.790000000000000036e+00 1.560468412381790237e-01
2.804999999999999716e+00 1.541624009686151653e-01
2.819999999999999840e+00 1.523094136961883893e-01
2.834999999999999964e+00 1.504871330381189198e-01
2.850000000000000089e+00 1.486951650022141080e-01
2.864999999999999769e+00 1.469327598823065850e-01
2.879999999999999893e+00 1.451995491743994782e-01
2.895000000000000018e+00 1.434948298158771340e-01
2.909999999999999698e+00 1.418182577517138887e-01
2.924999999999999822e+00 1.401691239485558793e-01
2.939999999999999947e+00 1.385471078294666925e-01
2.955000000000000071e+00 1.369515452919246312e-01
2.969999999999999751e+00 1.353821383316661520e-01
2.984999999999999876e+00 1.338382143607353969e-01
3.000000000000000000e+00 1.323194971048985702e-01
3.014999999999999680e+00 1.308253573514352175e-01
3.029999999999999805e+00 1.293555397737645996e-01
3.044999999999999929e+00 1.279094042687779764e-01
3.060000000000000053e+00 1.264867157331402148e-01
3.074999999999999734e+00 1.250868760203929231e-01
3.089999999999999858e+00 1.237096695818660635e-01
3.104999999999999982e+00 1.223544850643516341e-01
3.120000000000000107e+00 1.210211258591307043e-01
3.134999999999999787e+00 1.197090212696629158e-01
3.149999999999999911e+00 1.184179930645124362e-01
3.165000000000000036e+00 1.171474550929267056e-01
3.179999999999999716e+00 1.158972469884820972e-01
3.194999999999999840e+00 1.146668220587580556e-01
3.209999999999999964e+00 1.134560373389684601e-01
3.225000000000000089e+00 1.122643284854157875e-01
3.239999999999999769e+00 1.110915695191126151e-01
3.254999999999999893e+00 1.099372344421615938e-01
3.270000000000000018e+00 1.088012138918697663e-01
3.284999999999999698e+00 1.076829620547301580e-01
3.299999999999999822e+00 1.065823858600628143e-01
3.314999999999999947e+00 1.054989767985390209e-01
3.330000000000000071e+00 1.044326578115003373e-01
3.344999999999999751e+00 1.033828984254447914e-01
3.359999999999999876e+00 1.023496373572184842e-01
3.375000000000000000e+00 1.013323804525523703e-01
3.389999999999999680e+00 1.003310820100541539e-01
3.404999999999999805e+00 9.934522376190314807e-02
3.419999999999999929e+00 9.837477543692246806e-02
3.435000000000000053e+00 9.741925414453042609e-02
3.449999999999999734e+00 9.647864493399228858e-02
3.464999999999999858e+00 9.555243863462301035e-02
