# Electrodo circular de radio 6 mm y espesor 710.0 um.
# Volumen de simulacion (convencion z,y,x):
# N: 1024 x 1024 x 1024 | voxelSize:  0.02mm x 0.02mm x 0.02mm | FOV:  20.48mm x 20.48mm x 20.48mm
# 
# z [mm]		 delta[ppm]
0.000000000000000000e+00 2.840019851454402389e+00
2.000000000000000042e-02 2.834271422953637654e+00
4.000000000000000083e-02 2.828362742321121281e+00
5.999999999999999778e-02 2.822296087342013760e+00
8.000000000000000167e-02 2.816073740092983169e+00
1.000000000000000056e-01 2.809698015298397689e+00
1.199999999999999956e-01 2.803171269703568225e+00
1.400000000000000133e-01 2.796495899877497138e+00
1.600000000000000033e-01 2.789674336499598617e+00
1.799999999999999933e-01 2.782709047284652737e+00
2.000000000000000111e-01 2.775602528820148684e+00
2.200000000000000011e-01 2.768357310962464624e+00
2.399999999999999911e-01 2.760975947962472254e+00
2.600000000000000089e-01 2.753461023470344493e+00
2.800000000000000266e-01 2.745815141133809867e+00
2.999999999999999889e-01 2.738040930099554959e+00
3.200000000000000067e-01 2.730141035194238341e+00
3.400000000000000244e-01 2.722118122868305345e+00
3.599999999999999867e-01 2.713974871008299594e+00
3.800000000000000044e-01 2.705713975303596364e+00
4.000000000000000222e-01 2.697338138723487155e+00
4.199999999999999845e-01 2.688850078295006885e+00
4.400000000000000022e-01 2.680252514273712361e+00
4.600000000000000200e-01 2.671548177327050411e+00
4.799999999999999822e-01 2.662739797416236343e+00
5.000000000000000000e-01 2.653830111381928702e+00
5.200000000000000178e-01 2.644821851558087022e+00
5.400000000000000355e-01 2.635717753757835791e+00
5.600000000000000533e-01 2.626520545631245263e+00
5.799999999999999600e-01 2.617232955049845433e+00
5.999999999999999778e-01 2.607857698224611109e+00
6.199999999999999956e-01 2.598397488487301121e+00
6.400000000000000133e-01 2.588855024177887820e+00
6.600000000000000311e-01 2.579232997820751550e+00
6.800000000000000488e-01 2.569534083794709822e+00
7.000000000000000666e-01 2.559760947901290606e+00
7.199999999999999734e-01 2.549916234824892491e+00
7.399999999999999911e-01 2.540002578089957552e+00
7.600000000000000089e-01 2.530022587321965943e+00
7.800000000000000266e-01 2.519978858589418280e+00
8.000000000000000444e-01 2.509873961471838388e+00
8.200000000000000622e-01 2.499710449781928467e+00
8.399999999999999689e-01 2.489490848449323224e+00
8.599999999999999867e-01 2.479217664617380912e+00
8.800000000000000044e-01 2.468893374347757241e+00
9.000000000000000222e-01 2.458520434085697204e+00
9.200000000000000400e-01 2.448101267192578145e+00
9.400000000000000577e-01 2.437638275772810559e+00
9.599999999999999645e-01 2.427133827038438163e+00
9.799999999999999822e-01 2.416590265490157652e+00
1.000000000000000000e+00 2.406009899119885720e+00
1.020000000000000018e+00 2.395395011937698992e+00
1.040000000000000036e+00 2.384747850015723536e+00
1.060000000000000053e+00 2.374070634352343667e+00
1.080000000000000071e+00 2.363365546762301594e+00
1.100000000000000089e+00 2.352634743068891865e+00
1.120000000000000107e+00 2.341880338843119969e+00
1.140000000000000124e+00 2.331104422914199947e+00
1.159999999999999920e+00 2.320309042961950396e+00
1.179999999999999938e+00 2.309496219335449130e+00
1.199999999999999956e+00 2.298667930501144152e+00
1.219999999999999973e+00 2.287826127159212408e+00
1.239999999999999991e+00 2.276972717551082770e+00
1.260000000000000009e+00 2.266109581862686184e+00
1.280000000000000027e+00 2.255238557393695942e+00
1.300000000000000044e+00 2.244361453236640713e+00
1.320000000000000062e+00 2.233480035311313561e+00
1.340000000000000080e+00 2.222596041308441350e+00
1.360000000000000098e+00 2.211711165591596195e+00
1.380000000000000115e+00 2.200827074393989502e+00
1.400000000000000133e+00 2.189945390591268026e+00
1.419999999999999929e+00 2.179067709139840048e+00
1.439999999999999947e+00 2.168195581723040277e+00
1.459999999999999964e+00 2.157330532419345470e+00
1.479999999999999982e+00 2.146474042225368528e+00
1.500000000000000000e+00 2.135627564942238710e+00
1.520000000000000018e+00 2.124792511578212917e+00
1.540000000000000036e+00 2.113970266441443702e+00
1.560000000000000053e+00 2.103162171425939420e+00
1.580000000000000071e+00 2.092369542298992524e+00
1.600000000000000089e+00 2.081593652873596767e+00
1.620000000000000107e+00 2.070835751478851794e+00
1.640000000000000124e+00 2.060097045022891038e+00
1.660000000000000142e+00 2.049378715634590176e+00
1.679999999999999938e+00 2.038681904620580632e+00
1.699999999999999956e+00 2.028007729266724457e+00
1.719999999999999973e+00 2.017357266693646789e+00
1.739999999999999991e+00 2.006731570806463694e+00
1.760000000000000009e+00 1.996131656052939407e+00
1.780000000000000027e+00 1.985558514510082029e+00
1.800000000000000044e+00 1.975013099549811191e+00
1.820000000000000062e+00 1.964496343051155947e+00
1.840000000000000080e+00 1.954009138978037186e+00
1.860000000000000098e+00 1.943552360705923299e+00
1.880000000000000115e+00 1.933126844517080611e+00
1.900000000000000133e+00 1.922733407030683406e+00
1.919999999999999929e+00 1.912372828620644505e+00
1.939999999999999947e+00 1.902045870938307459e+00
1.959999999999999964e+00 1.891753260258698832e+00
1.979999999999999982e+00 1.881495705085042713e+00
2.000000000000000000e+00 1.871273879429073750e+00
2.020000000000000018e+00 1.861088440486781570e+00
2.040000000000000036e+00 1.850940011859072198e+00
2.060000000000000053e+00 1.840829201288279204e+00
2.080000000000000071e+00 1.830756583825276174e+00
2.100000000000000089e+00 1.820722719616443275e+00
2.120000000000000107e+00 1.810728137023976725e+00
2.140000000000000124e+00 1.800773350453085619e+00
2.160000000000000142e+00 1.790858843432078906e+00
2.180000000000000160e+00 1.780985086469730527e+00
2.200000000000000178e+00 1.771152520102297068e+00
2.220000000000000195e+00 1.761361572771090955e+00
2.240000000000000213e+00 1.751612643843418748e+00
2.260000000000000231e+00 1.741906121500554017e+00
2.280000000000000249e+00 1.732242365740100931e+00
2.300000000000000266e+00 1.722621726264643049e+00
2.319999999999999840e+00 1.713044525472917190e+00
2.339999999999999858e+00 1.703511076339537578e+00
2.359999999999999876e+00 1.694021665402817511e+00
2.379999999999999893e+00 1.684576570626063585e+00
2.399999999999999911e+00 1.675176044389747876e+00
2.419999999999999929e+00 1.665820331324972203e+00
2.439999999999999947e+00 1.656509651318130993e+00
2.459999999999999964e+00 1.647244217307213932e+00
2.479999999999999982e+00 1.638024218306955548e+00
2.500000000000000000e+00 1.628849837158757641e+00
2.520000000000000018e+00 1.619721233584695108e+00
2.540000000000000036e+00 1.610638561881905240e+00
2.560000000000000053e+00 1.601601954013697870e+00
2.580000000000000071e+00 1.592611537239321473e+00
2.600000000000000089e+00 1.583667417250767206e+00
2.620000000000000107e+00 1.574769695728902574e+00
2.640000000000000124e+00 1.565918453534416610e+00
2.660000000000000142e+00 1.557113768181363156e+00
2.680000000000000160e+00 1.548355697091013727e+00
2.700000000000000178e+00 1.539644294973917971e+00
2.720000000000000195e+00 1.530979597155264882e+00
2.740000000000000213e+00 1.522361636856619960e+00
2.760000000000000231e+00 1.513790428601707649e+00
2.780000000000000249e+00 1.505265985389023564e+00
2.800000000000000266e+00 1.496788302186769615e+00
2.819999999999999840e+00 1.488357372987608729e+00
2.839999999999999858e+00 1.479973174401751468e+00
2.859999999999999876e+00 1.471635682585134441e+00
2.879999999999999893e+00 1.463344856939512884e+00
2.899999999999999911e+00 1.455100656905385259e+00
2.919999999999999929e+00 1.446903025778185858e+00
2.939999999999999947e+00 1.438751907357291859e+00
2.959999999999999964e+00 1.430647229887240579e+00
2.979999999999999982e+00 1.422588922554226976e+00
3.000000000000000000e+00 1.414576899561466705e+00
3.020000000000000018e+00 1.406611076464602261e+00
3.040000000000000036e+00 1.398691354390181996e+00
3.060000000000000053e+00 1.390817636201408636e+00
3.080000000000000071e+00 1.382989810868917147e+00
3.100000000000000089e+00 1.375207769458321794e+00
3.120000000000000107e+00 1.367471389662281211e+00
3.140000000000000124e+00 1.359780551601348364e+00
3.160000000000000142e+00 1.352135122526495481e+00
3.180000000000000160e+00 1.344534972424759722e+00
3.200000000000000178e+00 1.336979958901249654e+00
3.220000000000000195e+00 1.329469942581123831e+00
3.240000000000000213e+00 1.322004772180223275e+00
3.260000000000000231e+00 1.314584299694933067e+00
3.280000000000000249e+00 1.307208365670460060e+00
3.300000000000000266e+00 1.299876814170131789e+00
3.320000000000000284e+00 1.292589478250461443e+00
3.339999999999999858e+00 1.285346194701459055e+00
3.359999999999999876e+00 1.278146789737481859e+00
3.379999999999999893e+00 1.270991093500142277e+00
3.399999999999999911e+00 1.263878925974069922e+00
3.419999999999999929e+00 1.256810111244003769e+00
3.439999999999999947e+00 1.249784463644428190e+00
3.459999999999999964e+00 1.242801801762500657e+00
3.479999999999999982e+00 1.235861934830603914e+00
3.500000000000000000e+00 1.228964676466738126e+00
3.520000000000000018e+00 1.222109831318935136e+00
3.540000000000000036e+00 1.215297208534768858e+00
3.560000000000000053e+00 1.208526608666639524e+00
3.580000000000000071e+00 1.201797836862039448e+00
3.600000000000000089e+00 1.195110690038629020e+00
3.620000000000000107e+00 1.188464969786936498e+00
3.640000000000000124e+00 1.181860469824157489e+00
3.660000000000000142e+00 1.175296988600990966e+00
3.680000000000000160e+00 1.168774317043015598e+00
3.700000000000000178e+00 1.162292250853329767e+00
3.720000000000000195e+00 1.155850578550433827e+00
3.740000000000000213e+00 1.149449093458396742e+00
3.760000000000000231e+00 1.143087582049993722e+00
3.780000000000000249e+00 1.136765835616157183e+00
3.800000000000000266e+00 1.130483638923205358e+00
3.820000000000000284e+00 1.124240781553303092e+00
3.839999999999999858e+00 1.118037046884533092e+00
3.859999999999999876e+00 1.111872223094109824e+00
3.879999999999999893e+00 1.105746092470069275e+00
3.899999999999999911e+00 1.099658442069001651e+00
3.919999999999999929e+00 1.093609053368039374e+00
3.939999999999999947e+00 1.087597712568885600e+00
3.959999999999999964e+00 1.081624200598811258e+00
3.979999999999999982e+00 1.075688303052775741e+00
4.000000000000000000e+00 1.069789800552058745e+00
4.020000000000000462e+00 1.063928478316260140e+00
4.040000000000000036e+00 1.058104116888214152e+00
4.060000000000000497e+00 1.052316501327715370e+00
4.080000000000000071e+00 1.046565412311253995e+00
4.099999999999999645e+00 1.040850634939308073e+00
4.120000000000000107e+00 1.035171950219475168e+00
4.139999999999999680e+00 1.029529143479175568e+00
4.160000000000000142e+00 1.023921996240706678e+00
4.179999999999999716e+00 1.018350294231201936e+00
4.200000000000000178e+00 1.012813819658115344e+00
4.219999999999999751e+00 1.007312358808330144e+00
4.240000000000000213e+00 1.001845694732522274e+00
4.259999999999999787e+00 9.964136144252929705e-01
4.280000000000000249e+00 9.910159019268615088e-01
4.299999999999999822e+00 9.856523450761534022e-01
4.320000000000000284e+00 9.803227290381995029e-01
4.339999999999999858e+00 9.750268426220687346e-01
4.360000000000000320e+00 9.697644722424249020e-01
4.379999999999999893e+00 9.645354077942033255e-01
4.400000000000000355e+00 9.593394370566459273e-01
4.419999999999999929e+00 9.541763511167007383e-01
4.440000000000000391e+00 9.490459392238468350e-01
4.459999999999999964e+00 9.439479937541875865e-01
4.480000000000000426e+00 9.388823055243755711e-01
4.500000000000000000e+00 9.338486682883050394e-01
4.520000000000000462e+00 9.288468745184682573e-01
4.540000000000000036e+00 9.238767194272532457e-01
4.560000000000000497e+00 9.189379972239262173e-01
4.580000000000000071e+00 9.140305046525163402e-01
4.600000000000000533e+00 9.091540377327055333e-01
4.620000000000000107e+00 9.043083948062902166e-01
4.639999999999999680e+00 8.994933737701684695e-01
4.660000000000000142e+00 8.947087746233783889e-01
4.679999999999999716e+00 8.899543972004045900e-01
4.700000000000000178e+00 8.852300432108015649e-01
4.719999999999999751e+00 8.805355144809872137e-01
4.740000000000000213e+00 8.758706144784492720e-01
4.759999999999999787e+00 8.712351470702222045e-01
4.780000000000000249e+00 8.666289175236977504e-01
4.799999999999999822e+00 8.620517317899151211e-01
4.820000000000000284e+00 8.575033969730024852e-01
4.839999999999999858e+00 8.529837211464244007e-01
4.860000000000000320e+00 8.484925132831019345e-01
4.879999999999999893e+00 8.440295836127090778e-01
4.900000000000000355e+00 8.395947430045042070e-01
4.919999999999999929e+00 8.351878038738151933e-01
4.940000000000000391e+00 8.308085790096149115e-01
4.959999999999999964e+00 8.264568830382755804e-01
4.980000000000000426e+00 8.221325306879230244e-01
5.000000000000000000e+00 8.178353388175775285e-01
5.020000000000000462e+00 8.135651241103269982e-01
5.040000000000000036e+00 8.093217056759203221e-01
5.060000000000000497e+00 8.051049021647865844e-01
5.080000000000000071e+00 8.009145349521883395e-01
5.100000000000000533e+00 7.967504246651287980e-01
5.120000000000000107e+00 7.926123949561150184e-01
5.139999999999999680e+00 7.885002684349745605e-01
5.160000000000000142e+00 7.844138710403392167e-01
5.179999999999999716e+00 7.803530273683969565e-01
5.200000000000000178e+00 7.763175656501455357e-01
5.219999999999999751e+00 7.723073124690894575e-01
5.240000000000000213e+00 7.683220983523817438e-01
5.259999999999999787e+00 7.643617518694568735e-01
5.280000000000000249e+00 7.604261058451320388e-01
5.299999999999999822e+00 7.565149908311833427e-01
5.320000000000000284e+00 7.526282419494942921e-01
5.339999999999999858e+00 7.487656917285800962e-01
5.360000000000000320e+00 7.449271775848624877e-01
5.379999999999999893e+00 7.411125340160839015e-01
5.400000000000000355e+00 7.373216007288737606e-01
5.419999999999999929e+00 7.335542141809978656e-01
5.440000000000000391e+00 7.298102163633058970e-01
5.459999999999999964e+00 7.260894456827605703e-01
5.480000000000000426e+00 7.223917464069230521e-01
5.500000000000000000e+00 7.187169588796845643e-01
5.520000000000000462e+00 7.150649296364157692e-01
5.540000000000000036e+00 7.114355009442858702e-01
5.560000000000000497e+00 7.078285215962956123e-01
5.580000000000000071e+00 7.042438357680435024e-01
5.600000000000000533e+00 7.006812944987957925e-01
5.620000000000000107e+00 6.971407438565756509e-01
5.639999999999999680e+00 6.936220371144967700e-01
5.660000000000000142e+00 6.901250222159878156e-01
5.679999999999999716e+00 6.866495546546212969e-01
5.700000000000000178e+00 6.831954842312453202e-01
5.719999999999999751e+00 6.797626686456167411e-01
5.740000000000000213e+00 6.763509595372092509e-01
5.759999999999999787e+00 6.729602167968927739e-01
5.780000000000000249e+00 6.695902938831517215e-01
5.799999999999999822e+00 6.662410528621892647e-01
5.820000000000000284e+00 6.629123489912379652e-01
5.839999999999999858e+00 6.596040464954059379e-01
5.860000000000000320e+00 6.563160024097389744e-01
5.879999999999999893e+00 6.530480831012577259e-01
5.900000000000000355e+00 6.498001473613728152e-01
5.919999999999999929e+00 6.465720636815093236e-01
5.940000000000000391e+00 6.433636925874577361e-01
5.959999999999999964e+00 6.401749046771044727e-01
5.980000000000000426e+00 6.370055621882271257e-01
6.000000000000000000e+00 6.338555378068349011e-01
6.020000000000000462e+00 6.307246954598868527e-01
6.040000000000000036e+00 6.276129099028363578e-01
6.060000000000000497e+00 6.245200467287184143e-01
6.080000000000000071e+00 6.214459827434758443e-01
6.100000000000000533e+00 6.183905851827715683e-01
6.120000000000000107e+00 6.153537328838442066e-01
6.140000000000000568e+00 6.123352947013488423e-01
6.160000000000000142e+00 6.093351514844129735e-01
6.179999999999999716e+00 6.063531736827975083e-01
6.200000000000000178e+00 6.033892441379714588e-01
6.219999999999999751e+00 6.004432348707761102e-01
6.240000000000000213e+00 5.975150306953475043e-01
6.259999999999999787e+00 5.946045051794256464e-01
6.280000000000000249e+00 5.917115450900548579e-01
6.299999999999999822e+00 5.888360255176118274e-01
6.320000000000000284e+00 5.859778351622385584e-01
6.339999999999999858e+00 5.831368506125900186e-01
6.360000000000000320e+00 5.803129624820665411e-01
6.379999999999999893e+00 5.775060488332307562e-01
6.400000000000000355e+00 5.747160021729151858e-01
6.419999999999999929e+00 5.719427020131538919e-01
6.440000000000000391e+00 5.691860427344119788e-01
6.459999999999999964e+00 5.664459052738139988e-01
6.480000000000000426e+00 5.637221858657066598e-01
6.500000000000000000e+00 5.610147668479038563e-01
6.520000000000000462e+00 5.583235462889661882e-01
6.540000000000000036e+00 5.556484079030750145e-01
6.560000000000000497e+00 5.529892515734261549e-01
6.580000000000000071e+00 5.503459623662794176e-01
6.600000000000000533e+00 5.477184419600094056e-01
6.620000000000000107e+00 5.451065767487713876e-01
6.640000000000000568e+00 5.425102701867907662e-01
6.660000000000000142e+00 5.399294099720004514e-01
6.679999999999999716e+00 5.373639013152914368e-01
6.700000000000000178e+00 5.348136331943963429e-01
6.719999999999999751e+00 5.322785125578579635e-01
6.740000000000000213e+00 5.297584296393132997e-01
6.759999999999999787e+00 5.272532931061109096e-01
6.780000000000000249e+00 5.247629944240691513e-01
6.799999999999999822e+00 5.222874439606874919e-01
6.820000000000000284e+00 5.198265343903379909e-01
6.839999999999999858e+00 5.173801777622155651e-01
6.860000000000000320e+00 5.149482679358133863e-01
6.879999999999999893e+00 5.125307186237723078e-01
6.900000000000000355e+00 5.101274248473897099e-01
6.919999999999999929e+00 5.077383019647262463e-01
6.940000000000000391e+00 5.053632461357718819e-01
6.959999999999999964e+00 5.030021743461953188e-01
6.980000000000000426e+00 5.006549838717051504e-01
7.000000000000000000e+00 4.983215933080120119e-01
7.020000000000000462e+00 4.960019010237737835e-01
7.040000000000000036e+00 4.936958272074181142e-01
7.060000000000000497e+00 4.914032712979294892e-01
7.080000000000000071e+00 4.891241550593665721e-01
7.100000000000000533e+00 4.868583789786480875e-01
7.120000000000000107e+00 4.846058663786352305e-01
7.140000000000000568e+00 4.823665187719293201e-01
7.160000000000000142e+00 4.801402610236259472e-01
7.179999999999999716e+00 4.779269956499923588e-01
7.200000000000000178e+00 4.757266490420445360e-01
7.219999999999999751e+00 4.735391246978576940e-01
7.240000000000000213e+00 4.713643505183233717e-01
7.259999999999999787e+00 4.692022309616964981e-01
7.280000000000000249e+00 4.670526954229679562e-01
7.299999999999999822e+00 4.649156492991000089e-01
7.320000000000000284e+00 4.627910234636783970e-01
7.339999999999999858e+00 4.606787242311472519e-01
7.360000000000000320e+00 4.585786839384541347e-01
7.379999999999999893e+00 4.564908097964493483e-01
7.400000000000000355e+00 4.544150355904840177e-01
7.419999999999999929e+00 4.523512694069827811e-01
7.440000000000000391e+00 4.502994464650289519e-01
7.459999999999999964e+00 4.482594757059353840e-01
7.480000000000000426e+00 4.462312937681184866e-01
7.500000000000000000e+00 4.442148104273432319e-01
7.520000000000000462e+00 4.422099637272400297e-01
7.540000000000000036e+00 4.402166642577466371e-01
7.560000000000000497e+00 4.382348514538666473e-01
7.580000000000000071e+00 4.362644366996564771e-01
7.600000000000000533e+00 4.343053608079370798e-01
7.620000000000000107e+00 4.323575359369955518e-01
7.640000000000000568e+00 4.304209042641983785e-01
7.660000000000000142e+00 4.284953787023898508e-01
7.679999999999999716e+00 4.265809027804938758e-01
7.700000000000000178e+00 4.246773901464011014e-01
7.719999999999999751e+00 4.227847856678740857e-01
7.740000000000000213e+00 4.209030037085677023e-01
7.759999999999999787e+00 4.190319904626617076e-01
7.780000000000000249e+00 4.171716609904249640e-01
7.799999999999999822e+00 4.153219628003090302e-01
7.820000000000000284e+00 4.134828116302781686e-01
7.839999999999999858e+00 4.116541562911886776e-01
7.860000000000000320e+00 4.098359131799221844e-01
7.879999999999999893e+00 4.080280323981514967e-01
7.900000000000000355e+00 4.062304309831138993e-01
7.919999999999999929e+00 4.044430603159953064e-01
7.940000000000000391e+00 4.026658380559554606e-01
7.959999999999999964e+00 4.008987168526670364e-01
7.980000000000000426e+00 3.991416149689924753e-01
8.000000000000000000e+00 3.973944863123427540e-01
8.019999999999999574e+00 3.956572497311907632e-01
8.040000000000000924e+00 3.939298603802099952e-01
8.060000000000000497e+00 3.922122376755997064e-01
8.080000000000000071e+00 3.905043380091002825e-01
8.099999999999999645e+00 3.888060813468663390e-01
8.120000000000000995e+00 3.871174253077803717e-01
8.140000000000000568e+00 3.854382903903873503e-01
8.160000000000000142e+00 3.837686354310618220e-01
8.179999999999999716e+00 3.821083814432790771e-01
8.199999999999999289e+00 3.804574884715240524e-01
8.220000000000000639e+00 3.788158780269438863e-01
8.240000000000000213e+00 3.771835113530277450e-01
8.259999999999999787e+00 3.755603104414254600e-01
8.279999999999999361e+00 3.739462377257930514e-01
8.300000000000000711e+00 3.723412156613098989e-01
8.320000000000000284e+00 3.707452078632333392e-01
8.339999999999999858e+00 3.691581372333799793e-01
8.359999999999999432e+00 3.675799685603031719e-01
8.380000000000000782e+00 3.660106251757688778e-01
8.400000000000000355e+00 3.644500730335822891e-01
8.419999999999999929e+00 3.628982358788360729e-01
8.439999999999999503e+00 3.613550808228135347e-01
8.460000000000000853e+00 3.598205320074928104e-01
8.480000000000000426e+00 3.582945576941238275e-01
8.500000000000000000e+00 3.567770824051996748e-01
8.519999999999999574e+00 3.552680755446878669e-01
8.540000000000000924e+00 3.537674619993943503e-01
8.560000000000000497e+00 3.522752123090159282e-01
8.580000000000000071e+00 3.507912517085337578e-01
8.599999999999999645e+00 3.493155518666355985e-01
8.620000000000000995e+00 3.478480383505104800e-01
8.640000000000000568e+00 3.463886839513613536e-01
8.660000000000000142e+00 3.449374145526626911e-01
8.679999999999999716e+00 3.434942040619165526e-01
8.700000000000001066e+00 3.420589786631189622e-01
8.720000000000000639e+00 3.406317133741071923e-01
8.740000000000000213e+00 3.392123346636770065e-01
8.759999999999999787e+00 3.378008186542872937e-01
8.779999999999999361e+00 3.363970920839715606e-01
8.800000000000000711e+00 3.350011321743474046e-01
8.820000000000000284e+00 3.336128659171476718e-01
8.839999999999999858e+00 3.322322716279491606e-01
8.859999999999999432e+00 3.308592765367887600e-01
8.880000000000000782e+00 3.294938600482444913e-01
8.900000000000000355e+00 3.281359496152934652e-01
8.919999999999999929e+00 3.267855257267963665e-01
8.939999999999999503e+00 3.254425160434475384e-01
8.960000000000000853e+00 3.241069021339348377e-01
8.980000000000000426e+00 3.227786118514471281e-01
9.000000000000000000e+00 3.214576278402880849e-01
9.019999999999999574e+00 3.201438781310537718e-01
9.040000000000000924e+00 3.188373464397001866e-01
9.060000000000000497e+00 3.175379609591505448e-01
9.080000000000000071e+00 3.162457064732800416e-01
9.099999999999999645e+00 3.149605113223940545e-01
9.120000000000000995e+00 3.136823613548069267e-01
9.140000000000000568e+00 3.124111850432386706e-01
9.160000000000000142e+00 3.111469692972189116e-01
9.179999999999999716e+00 3.098896427070247928e-01
9.200000000000001066e+00 3.086391932404158878e-01
9.220000000000000639e+00 3.073955495903783475e-01
9.240000000000000213e+00 3.061587007801313542e-01
9.259999999999999787e+00 3.049285755906290807e-01
9.279999999999999361e+00 3.037051640980453771e-01
9.300000000000000711e+00 3.024883951565249807e-01
9.320000000000000284e+00 3.012782598929358291e-01
9.339999999999999858e+00 3.000746872199383519e-01
9.359999999999999432e+00 2.988776693130700823e-01
9.380000000000000782e+00 2.976871351288067902e-01
9.400000000000000355e+00 2.965030778895502150e-01
9.419999999999999929e+00 2.953254265810021928e-01
9.439999999999999503e+00 2.941541754708927314e-01
9.460000000000000853e+00 2.929892535594750824e-01
9.480000000000000426e+00 2.918306561585048420e-01
9.500000000000000000e+00 2.906783122682365939e-01
9.519999999999999574e+00 2.895322182433756053e-01
9.540000000000000924e+00 2.883923030695694223e-01
9.560000000000000497e+00 2.872585641436277704e-01
9.580000000000000071e+00 2.861309304220788219e-01
9.599999999999999645e+00 2.850094003432470657e-01
9.620000000000000995e+00 2.838939028199339298e-01
