# Electrodo circular de radio 6 mm y espesor 710.0 um.
# Volumen de simulacion (convencion z,y,x):
# N: 1024 x 1024 x 1024 | voxelSize:  0.02mm x 0.02mm x 0.02mm | FOV:  20.48mm x 20.48mm x 20.48mm
# 
# z [mm]		 delta[ppm]
0.000000000000000000e+00 2.697514947607443148e+00
2.000000000000000042e-02 2.692988477146980753e+00
4.000000000000000083e-02 2.688331910005230529e+00
5.999999999999999778e-02 2.683546735065803102e+00
8.000000000000000167e-02 2.678634412779514751e+00
1.000000000000000056e-01 2.673596439120025980e+00
1.199999999999999956e-01 2.668434335451185024e+00
1.400000000000000133e-01 2.663149656296980528e+00
1.600000000000000033e-01 2.657743979197842776e+00
1.799999999999999933e-01 2.652218912024235209e+00
2.000000000000000111e-01 2.646576083579648575e+00
2.200000000000000011e-01 2.640817150412734016e+00
2.399999999999999911e-01 2.634943787896656620e+00
2.600000000000000089e-01 2.628957696762212137e+00
2.800000000000000266e-01 2.622860594303262349e+00
2.999999999999999889e-01 2.616654220875964665e+00
3.200000000000000067e-01 2.610340331061256514e+00
3.400000000000000244e-01 2.603920700253689269e+00
3.599999999999999867e-01 2.597397115706917337e+00
3.800000000000000044e-01 2.590771383282826523e+00
4.000000000000000222e-01 2.584045318326019025e+00
4.199999999999999845e-01 2.577220752616075750e+00
4.400000000000000022e-01 2.570299525055520729e+00
4.600000000000000200e-01 2.563283488851614056e+00
4.799999999999999822e-01 2.556174501997287241e+00
5.000000000000000000e-01 2.548974434700673086e+00
5.200000000000000178e-01 2.541685159659460069e+00
5.400000000000000355e-01 2.534308559749673062e+00
5.600000000000000533e-01 2.526846518085620996e+00
5.799999999999999600e-01 2.519300925976363903e+00
5.999999999999999778e-01 2.511673672776796096e+00
6.199999999999999956e-01 2.503966654116825730e+00
6.400000000000000133e-01 2.496181761541468092e+00
6.600000000000000311e-01 2.488320891016307712e+00
6.800000000000000488e-01 2.480385932363814661e+00
7.000000000000000666e-01 2.472378778046574688e+00
7.199999999999999734e-01 2.464301312400567490e+00
7.399999999999999911e-01 2.456155420696844338e+00
7.600000000000000089e-01 2.447942978179301843e+00
7.800000000000000266e-01 2.439665859404086756e+00
8.000000000000000444e-01 2.431325927084087013e+00
8.200000000000000622e-01 2.422925041704727001e+00
8.399999999999999689e-01 2.414465050182597494e+00
8.599999999999999867e-01 2.405947795755266405e+00
8.800000000000000044e-01 2.397375106457076743e+00
9.000000000000000222e-01 2.388748805280100029e+00
9.200000000000000400e-01 2.380070698474199720e+00
9.400000000000000577e-01 2.371342585975490636e+00
9.599999999999999645e-01 2.362566249534052698e+00
9.799999999999999822e-01 2.353743463405836067e+00
1.000000000000000000e+00 2.344875982314768237e+00
1.020000000000000018e+00 2.335965552403319823e+00
1.040000000000000036e+00 2.327013899032666977e+00
1.060000000000000053e+00 2.318022737986835224e+00
1.080000000000000071e+00 2.308993763117239251e+00
1.100000000000000089e+00 2.299928657794767961e+00
1.120000000000000107e+00 2.290829082402467520e+00
1.140000000000000124e+00 2.281696686029591081e+00
1.159999999999999920e+00 2.272533093818468242e+00
1.179999999999999938e+00 2.263339918894083258e+00
1.199999999999999956e+00 2.254118749568979396e+00
1.219999999999999973e+00 2.244871161501683865e+00
1.239999999999999991e+00 2.235598704765401123e+00
1.260000000000000009e+00 2.226302916228213746e+00
1.280000000000000027e+00 2.216985306489489993e+00
1.300000000000000044e+00 2.207647372474556668e+00
1.320000000000000062e+00 2.198290584244412038e+00
1.340000000000000080e+00 2.188916397797238567e+00
1.360000000000000098e+00 2.179526241755455729e+00
1.380000000000000115e+00 2.170121530366250440e+00
1.400000000000000133e+00 2.160703650071452930e+00
1.419999999999999929e+00 2.151273972699029091e+00
1.439999999999999947e+00 2.141833841919908554e+00
1.459999999999999964e+00 2.132384586622229961e+00
1.479999999999999982e+00 2.122927507260559565e+00
1.500000000000000000e+00 2.113463889404474383e+00
1.520000000000000018e+00 2.103994989984478092e+00
1.540000000000000036e+00 2.094522051006359131e+00
1.560000000000000053e+00 2.085046285699290181e+00
1.580000000000000071e+00 2.075568892387278375e+00
1.600000000000000089e+00 2.066091040543914126e+00
1.620000000000000107e+00 2.056613884812146242e+00
1.640000000000000124e+00 2.047138550971232096e+00
1.660000000000000142e+00 2.037666150095943429e+00
1.679999999999999938e+00 2.028197764440399009e+00
1.699999999999999956e+00 2.018734461727780705e+00
1.719999999999999973e+00 2.009277280956719647e+00
1.739999999999999991e+00 1.999827246812468040e+00
1.760000000000000009e+00 1.990385355400804857e+00
1.780000000000000027e+00 1.980952588771589085e+00
1.800000000000000044e+00 1.971529900586014517e+00
1.820000000000000062e+00 1.962118230743440606e+00
1.840000000000000080e+00 1.952718490987197297e+00
1.860000000000000098e+00 1.943331579625547034e+00
1.880000000000000115e+00 1.933958367082081020e+00
1.900000000000000133e+00 1.924599710701649924e+00
1.919999999999999929e+00 1.915256440250809211e+00
1.939999999999999947e+00 1.905929372799575194e+00
1.959999999999999964e+00 1.896619298178160662e+00
1.979999999999999982e+00 1.887326993925363183e+00
2.000000000000000000e+00 1.878053210707347764e+00
2.020000000000000018e+00 1.868798687323531160e+00
2.040000000000000036e+00 1.859564136093847075e+00
2.060000000000000053e+00 1.850350257912972252e+00
2.080000000000000071e+00 1.841157727612114936e+00
2.100000000000000089e+00 1.831987209052433618e+00
2.120000000000000107e+00 1.822839340468047853e+00
2.140000000000000124e+00 1.813714749589527608e+00
2.160000000000000142e+00 1.804614038974417412e+00
2.180000000000000160e+00 1.795537801151704693e+00
2.200000000000000178e+00 1.786486603946777718e+00
2.220000000000000195e+00 1.777461005637804847e+00
2.240000000000000213e+00 1.768461540281671907e+00
2.260000000000000231e+00 1.759488732873240924e+00
2.280000000000000249e+00 1.750543084679408112e+00
2.300000000000000266e+00 1.741625088392208198e+00
2.319999999999999840e+00 1.732735213477817116e+00
2.339999999999999858e+00 1.723873921314521995e+00
2.359999999999999876e+00 1.715041650564010922e+00
2.379999999999999893e+00 1.706238832285252860e+00
2.399999999999999911e+00 1.697465875335108620e+00
2.419999999999999929e+00 1.688723181449218957e+00
2.439999999999999947e+00 1.680011130679479159e+00
2.459999999999999964e+00 1.671330096433025547e+00
2.479999999999999982e+00 1.662680430953843214e+00
2.500000000000000000e+00 1.654062480311006667e+00
2.520000000000000018e+00 1.645476569932133426e+00
2.540000000000000036e+00 1.636923019532043000e+00
2.560000000000000053e+00 1.628402128705528140e+00
2.580000000000000071e+00 1.619914191787636071e+00
2.600000000000000089e+00 1.611459483513630664e+00
2.620000000000000107e+00 1.603038273802133595e+00
2.640000000000000124e+00 1.594650813489930208e+00
2.660000000000000142e+00 1.586297349029216708e+00
2.680000000000000160e+00 1.577978108305287730e+00
2.700000000000000178e+00 1.569693315239181652e+00
2.720000000000000195e+00 1.561443175696036967e+00
2.740000000000000213e+00 1.553227891984453546e+00
2.760000000000000231e+00 1.545047648863697498e+00
2.780000000000000249e+00 1.536902627931109766e+00
2.800000000000000266e+00 1.528792993736079575e+00
2.819999999999999840e+00 1.520718908046887918e+00
2.839999999999999858e+00 1.512680516079723869e+00
2.859999999999999876e+00 1.504677960636333633e+00
2.879999999999999893e+00 1.496711368456155045e+00
2.899999999999999911e+00 1.488780864216178168e+00
2.919999999999999929e+00 1.480886557014578386e+00
2.939999999999999947e+00 1.473028554224196096e+00
2.959999999999999964e+00 1.465206948115841623e+00
2.979999999999999982e+00 1.457421829556859949e+00
3.000000000000000000e+00 1.449673274782545374e+00
3.020000000000000018e+00 1.441961358931262094e+00
3.040000000000000036e+00 1.434286142972221345e+00
3.060000000000000053e+00 1.426647687068633985e+00
3.080000000000000071e+00 1.419046037670391058e+00
3.100000000000000089e+00 1.411481240696731199e+00
3.120000000000000107e+00 1.403953328802150180e+00
3.140000000000000124e+00 1.396462334370104807e+00
3.160000000000000142e+00 1.389008276960733257e+00
3.180000000000000160e+00 1.381591176107111574e+00
3.200000000000000178e+00 1.374211038953164543e+00
3.220000000000000195e+00 1.366867872844049536e+00
3.240000000000000213e+00 1.359561673162842155e+00
3.260000000000000231e+00 1.352292435706597518e+00
3.280000000000000249e+00 1.345060144730275464e+00
3.300000000000000266e+00 1.337864785100030485e+00
3.320000000000000284e+00 1.330706330553013794e+00
3.339999999999999858e+00 1.323584755619477971e+00
3.359999999999999876e+00 1.316500024106923794e+00
3.379999999999999893e+00 1.309452100782605211e+00
3.399999999999999911e+00 1.302440940090703769e+00
3.419999999999999929e+00 1.295466497586811760e+00
3.439999999999999947e+00 1.288528718896618130e+00
3.459999999999999964e+00 1.281627550894023138e+00
3.479999999999999982e+00 1.274762930909984160e+00
3.500000000000000000e+00 1.267934797645859479e+00
3.520000000000000018e+00 1.261143080640957814e+00
3.540000000000000036e+00 1.254387710912745924e+00
3.560000000000000053e+00 1.247668610691755608e+00
3.580000000000000071e+00 1.240985703780279392e+00
3.600000000000000089e+00 1.234338905563188593e+00
3.620000000000000107e+00 1.227728133076764649e+00
3.640000000000000124e+00 1.221153295304073128e+00
3.660000000000000142e+00 1.214614302945594915e+00
3.680000000000000160e+00 1.208111059007695109e+00
3.700000000000000178e+00 1.201643468266693882e+00
3.720000000000000195e+00 1.195211428159108857e+00
3.740000000000000213e+00 1.188814837930835422e+00
3.760000000000000231e+00 1.182453589837666685e+00
3.780000000000000249e+00 1.176127577971284310e+00
3.800000000000000266e+00 1.169836689778696703e+00
3.820000000000000284e+00 1.163580814556701926e+00
3.839999999999999858e+00 1.157359835298793271e+00
3.859999999999999876e+00 1.151173636849775361e+00
3.879999999999999893e+00 1.145022098088759988e+00
3.899999999999999911e+00 1.138905099735626925e+00
3.919999999999999929e+00 1.132822516878632779e+00
3.939999999999999947e+00 1.126774226424417380e+00
3.959999999999999964e+00 1.120760099978830748e+00
3.979999999999999982e+00 1.114780010932184595e+00
4.000000000000000000e+00 1.108833827701827035e+00
4.020000000000000462e+00 1.102921420444318734e+00
4.040000000000000036e+00 1.097042654668348050e+00
4.060000000000000497e+00 1.091197397565571769e+00
4.080000000000000071e+00 1.085385512002343233e+00
4.099999999999999645e+00 1.079606862460945393e+00
4.120000000000000107e+00 1.073861309418691290e+00
4.139999999999999680e+00 1.068148714891268503e+00
4.160000000000000142e+00 1.062468937207715403e+00
4.179999999999999716e+00 1.056821836147588956e+00
4.200000000000000178e+00 1.051207268120354588e+00
4.219999999999999751e+00 1.045625090888117503e+00
4.240000000000000213e+00 1.040075159157907603e+00
4.259999999999999787e+00 1.034557328881684501e+00
4.280000000000000249e+00 1.029071453270038461e+00
4.299999999999999822e+00 1.023617386661231921e+00
4.320000000000000284e+00 1.018194980964764351e+00
4.339999999999999858e+00 1.012804089091153825e+00
4.360000000000000320e+00 1.007444561833923391e+00
4.379999999999999893e+00 1.002116250851841750e+00
4.400000000000000355e+00 9.968190059977497519e-01
4.419999999999999929e+00 9.915526778450332035e-01
4.440000000000000391e+00 9.863171154717548239e-01
4.459999999999999964e+00 9.811121685231160017e-01
4.480000000000000426e+00 9.759376854593460049e-01
4.500000000000000000e+00 9.707935151458308987e-01
4.520000000000000462e+00 9.656795055732754207e-01
4.540000000000000036e+00 9.605955049672698642e-01
4.560000000000000497e+00 9.555413609891012516e-01
4.580000000000000071e+00 9.505169213564833575e-01
4.600000000000000533e+00 9.455220335335242643e-01
4.620000000000000107e+00 9.405565448543468099e-01
4.639999999999999680e+00 9.356203027106143599e-01
4.660000000000000142e+00 9.307131541697721833e-01
4.679999999999999716e+00 9.258349466686052187e-01
4.700000000000000178e+00 9.209855271178198910e-01
4.719999999999999751e+00 9.161647431100552463e-01
4.740000000000000213e+00 9.113724415025048486e-01
4.759999999999999787e+00 9.066084701478618335e-01
4.780000000000000249e+00 9.018726759466937359e-01
4.799999999999999822e+00 8.971649071097320682e-01
4.820000000000000284e+00 8.924850106716992748e-01
4.839999999999999858e+00 8.878328352934168333e-01
4.860000000000000320e+00 8.832082282287925246e-01
4.879999999999999893e+00 8.786110386751424528e-01
4.900000000000000355e+00 8.740411141850361609e-01
4.919999999999999929e+00 8.694983045733220006e-01
4.940000000000000391e+00 8.649824577654914304e-01
4.959999999999999964e+00 8.604934242698402125e-01
4.980000000000000426e+00 8.560310524540174493e-01
5.000000000000000000e+00 8.515951935908135928e-01
5.020000000000000462e+00 8.471856965545521145e-01
5.040000000000000036e+00 8.428024134489422448e-01
5.060000000000000497e+00 8.384451937149454137e-01
5.080000000000000071e+00 8.341138903492091305e-01
5.100000000000000533e+00 8.298083534150381135e-01
5.120000000000000107e+00 8.255284368598643230e-01
5.139999999999999680e+00 8.212739914209199465e-01
5.160000000000000142e+00 8.170448720502947459e-01
5.179999999999999716e+00 8.128409302069006248e-01
5.200000000000000178e+00 8.086620218975909546e-01
5.219999999999999751e+00 8.045079993469903545e-01
5.240000000000000213e+00 8.003787196632510259e-01
5.259999999999999787e+00 7.962740358772847360e-01
5.280000000000000249e+00 7.921938062416791215e-01
5.299999999999999822e+00 7.881378846308713104e-01
5.320000000000000284e+00 7.841061304818073285e-01
5.339999999999999858e+00 7.800983985465732573e-01
5.360000000000000320e+00 7.761145494833610048e-01
5.379999999999999893e+00 7.721544389530110575e-01
5.400000000000000355e+00 7.682179288689555685e-01
5.419999999999999929e+00 7.643048758291194344e-01
5.440000000000000391e+00 7.604151430334364914e-01
5.459999999999999964e+00 7.565485880425387721e-01
5.480000000000000426e+00 7.527050753715377462e-01
5.500000000000000000e+00 7.488844635668986394e-01
5.520000000000000462e+00 7.450866184851457907e-01
5.540000000000000036e+00 7.413113996792679572e-01
5.560000000000000497e+00 7.375586743711265436e-01
5.580000000000000071e+00 7.338283031387082822e-01
5.600000000000000533e+00 7.301201545909339341e-01
5.620000000000000107e+00 7.264340903470856148e-01
5.639999999999999680e+00 7.227699804228202574e-01
5.660000000000000142e+00 7.191276874930149221e-01
5.679999999999999716e+00 7.155070829977886460e-01
5.700000000000000178e+00 7.119080306799631108e-01
5.719999999999999751e+00 7.083304034200050836e-01
5.740000000000000213e+00 7.047740660392780576e-01
5.759999999999999787e+00 7.012388928727455450e-01
5.780000000000000249e+00 6.977247498291505590e-01
5.799999999999999822e+00 6.942315127104754513e-01
5.820000000000000284e+00 6.907590485201271502e-01
5.839999999999999858e+00 6.873072345380837334e-01
5.860000000000000320e+00 6.838759388681314721e-01
5.879999999999999893e+00 6.804650402777793206e-01
5.900000000000000355e+00 6.770744079755299794e-01
5.919999999999999929e+00 6.737039222245907455e-01
5.940000000000000391e+00 6.703534533411239504e-01
5.959999999999999964e+00 6.670228830909312734e-01
5.980000000000000426e+00 6.637120828995515254e-01
6.000000000000000000e+00 6.604209360410689955e-01
6.020000000000000462e+00 6.571493150508855852e-01
6.040000000000000036e+00 6.538971047159239935e-01
6.060000000000000497e+00 6.506641786808605721e-01
6.080000000000000071e+00 6.474504232489626254e-01
6.100000000000000533e+00 6.442557131724748753e-01
6.120000000000000107e+00 6.410799362735289941e-01
6.140000000000000568e+00 6.379229684093069563e-01
6.160000000000000142e+00 6.347846989223786540e-01
6.179999999999999716e+00 6.316650047712515370e-01
6.200000000000000178e+00 6.285637768196569164e-01
6.219999999999999751e+00 6.254808931229792757e-01
6.240000000000000213e+00 6.224162460660174201e-01
6.259999999999999787e+00 6.193697147957395455e-01
6.280000000000000249e+00 6.163411932171630747e-01
6.299999999999999822e+00 6.133305615628046326e-01
6.320000000000000284e+00 6.103377152563500552e-01
6.339999999999999858e+00 6.073625356090860405e-01
6.360000000000000320e+00 6.044049195611519432e-01
6.379999999999999893e+00 6.014647494951941287e-01
6.400000000000000355e+00 5.985419238649927198e-01
6.419999999999999929e+00 5.956363261164616674e-01
6.440000000000000391e+00 5.927478562136440088e-01
6.459999999999999964e+00 5.898763986571025075e-01
6.480000000000000426e+00 5.870218549172337985e-01
6.500000000000000000e+00 5.841841105400359391e-01
6.520000000000000462e+00 5.813630684978728924e-01
6.540000000000000036e+00 5.785586153724974201e-01
6.560000000000000497e+00 5.757706556334047932e-01
6.580000000000000071e+00 5.729990768879087426e-01
6.600000000000000533e+00 5.702437850973970379e-01
6.620000000000000107e+00 5.675046688841477449e-01
6.640000000000000568e+00 5.647816356958208495e-01
6.660000000000000142e+00 5.620745751586175842e-01
6.679999999999999716e+00 5.593833962005007043e-01
6.700000000000000178e+00 5.567079894402152673e-01
6.719999999999999751e+00 5.540482652797517060e-01
6.740000000000000213e+00 5.514041153186222122e-01
6.759999999999999787e+00 5.487754514262802585e-01
6.780000000000000249e+00 5.461621661709532560e-01
6.799999999999999822e+00 5.435641728827332875e-01
6.820000000000000284e+00 5.409813650861604595e-01
6.839999999999999858e+00 5.384136575649119960e-01
6.860000000000000320e+00 5.358609447872139109e-01
6.879999999999999893e+00 5.333231429830616044e-01
6.900000000000000355e+00 5.308001475514370071e-01
6.919999999999999929e+00 5.282918761612076519e-01
6.940000000000000391e+00 5.257982251289970987e-01
6.959999999999999964e+00 5.233191135549236650e-01
6.980000000000000426e+00 5.208544386598802367e-01
7.000000000000000000e+00 5.184041209674831174e-01
7.020000000000000462e+00 5.159680585893685612e-01
7.040000000000000036e+00 5.135461734647728260e-01
7.060000000000000497e+00 5.111383645823256439e-01
7.080000000000000071e+00 5.087445552888939515e-01
7.100000000000000533e+00 5.063646454362451532e-01
7.120000000000000107e+00 5.039985597708032117e-01
7.140000000000000568e+00 5.016461989934146715e-01
7.160000000000000142e+00 4.993074892419196442e-01
7.179999999999999716e+00 4.969823320521047916e-01
7.200000000000000178e+00 4.946706549450218260e-01
7.219999999999999751e+00 4.923723602770995189e-01
7.240000000000000213e+00 4.900873769443574446e-01
7.259999999999999787e+00 4.878156081095048058e-01
7.280000000000000249e+00 4.855569840352598199e-01
7.299999999999999822e+00 4.833114086761066686e-01
7.320000000000000284e+00 4.810788136531779502e-01
7.339999999999999858e+00 4.788591036982040028e-01
7.360000000000000320e+00 4.766522117824445459e-01
7.379999999999999893e+00 4.744580434002176883e-01
7.400000000000000355e+00 4.722765328646289507e-01
7.419999999999999929e+00 4.701075864179189434e-01
7.440000000000000391e+00 4.679511397067882550e-01
7.459999999999999964e+00 4.658070997066217078e-01
7.480000000000000426e+00 4.636754033894882054e-01
7.500000000000000000e+00 4.615559584491540357e-01
7.520000000000000462e+00 4.594487031748691330e-01
7.540000000000000036e+00 4.573535459639351819e-01
7.560000000000000497e+00 4.552704264146448243e-01
7.580000000000000071e+00 4.531992536129960669e-01
7.600000000000000533e+00 4.511399684582461100e-01
7.620000000000000107e+00 4.490924807101939753e-01
7.640000000000000568e+00 4.470567325610528275e-01
7.660000000000000142e+00 4.450326344295413294e-01
7.679999999999999716e+00 4.430201297928949011e-01
7.700000000000000178e+00 4.410191297138233990e-01
7.719999999999999751e+00 4.390295789467213439e-01
7.740000000000000213e+00 4.370513891834068021e-01
7.759999999999999787e+00 4.350845064476727697e-01
7.780000000000000249e+00 4.331288430454996452e-01
7.799999999999999822e+00 4.311843462624069256e-01
7.820000000000000284e+00 4.292509290036542469e-01
7.839999999999999858e+00 4.273285398089152198e-01
7.860000000000000320e+00 4.254170921678038231e-01
7.879999999999999893e+00 4.235165358666801438e-01
7.900000000000000355e+00 4.216267849646486154e-01
7.919999999999999929e+00 4.197477904874047372e-01
7.940000000000000391e+00 4.178794670486402074e-01
7.959999999999999964e+00 4.160217669061502255e-01
7.980000000000000426e+00 4.141746052133806755e-01
8.000000000000000000e+00 4.123379354531124252e-01
8.019999999999999574e+00 4.105116733036830445e-01
8.040000000000000924e+00 4.086957734658676622e-01
8.060000000000000497e+00 4.068901521281105826e-01
8.080000000000000071e+00 4.050947652023230705e-01
8.099999999999999645e+00 4.033095293722405716e-01
8.120000000000000995e+00 4.015344017541820354e-01
8.140000000000000568e+00 3.997692995124433324e-01
8.160000000000000142e+00 3.980141809611642545e-01
8.179999999999999716e+00 3.962689637304397938e-01
8.199999999999999289e+00 3.945336073257804665e-01
8.220000000000000639e+00 3.928080298284122862e-01
8.240000000000000213e+00 3.910921919289139237e-01
8.259999999999999787e+00 3.893860121449405076e-01
8.279999999999999361e+00 3.876894523459835096e-01
8.300000000000000711e+00 3.860024314715197469e-01
8.320000000000000284e+00 3.843249125639530139e-01
8.339999999999999858e+00 3.826568149699399179e-01
8.359999999999999432e+00 3.809981028989415930e-01
8.380000000000000782e+00 3.793486960902683891e-01
8.400000000000000355e+00 3.777085599147340100e-01
8.419999999999999929e+00 3.760776144897342577e-01
8.439999999999999503e+00 3.744558263418946709e-01
8.460000000000000853e+00 3.728431159522287985e-01
8.480000000000000426e+00 3.712394509977925972e-01
8.500000000000000000e+00 3.696447523087214582e-01
8.519999999999999574e+00 3.680589887072835964e-01
8.540000000000000924e+00 3.664820813583354320e-01
8.560000000000000497e+00 3.649140002243024261e-01
8.580000000000000071e+00 3.633546667903360672e-01
8.599999999999999645e+00 3.618040521541208698e-01
8.620000000000000995e+00 3.602620781067823463e-01
8.640000000000000568e+00 3.587287168765372347e-01
8.660000000000000142e+00 3.572038905461248914e-01
8.679999999999999716e+00 3.556875724697401431e-01
8.700000000000001066e+00 3.541796850074776515e-01
8.720000000000000639e+00 3.526802026351221198e-01
8.740000000000000213e+00 3.511890479758302819e-01
8.759999999999999787e+00 3.497061966227563712e-01
8.779999999999999361e+00 3.482315714479350954e-01
8.800000000000000711e+00 3.467651491578417899e-01
8.820000000000000284e+00 3.453068528591571873e-01
8.839999999999999858e+00 3.438566603678126499e-01
8.859999999999999432e+00 3.424144950110049046e-01
8.880000000000000782e+00 3.409803357104226329e-01
8.900000000000000355e+00 3.395541059996132760e-01
8.919999999999999929e+00 3.381357859024907708e-01
8.939999999999999503e+00 3.367252991448926869e-01
8.960000000000000853e+00 3.353226268496151685e-01
8.980000000000000426e+00 3.339276929206682065e-01
9.000000000000000000e+00 3.325404795765628529e-01
9.019999999999999574e+00 3.311609108854660088e-01
9.040000000000000924e+00 3.297889701586149136e-01
9.060000000000000497e+00 3.284245816142744023e-01
9.080000000000000071e+00 3.270677296535828282e-01
9.099999999999999645e+00 3.257183386309523421e-01
9.120000000000000995e+00 3.243763940347849095e-01
9.140000000000000568e+00 3.230418203416209888e-01
9.160000000000000142e+00 3.217146041246806143e-01
9.179999999999999716e+00 3.203946699687023059e-01
9.200000000000001066e+00 3.190820055294559809e-01
9.220000000000000639e+00 3.177765354859152236e-01
9.240000000000000213e+00 3.164782485742836937e-01
9.259999999999999787e+00 3.151870695539014111e-01
9.279999999999999361e+00 3.139029882394943072e-01
9.300000000000000711e+00 3.126259294568253799e-01
9.320000000000000284e+00 3.113558840974170461e-01
9.339999999999999858e+00 3.100927770396060268e-01
9.359999999999999432e+00 3.088366002501634622e-01
9.380000000000000782e+00 3.075872786460922548e-01
9.400000000000000355e+00 3.063448052680230460e-01
9.419999999999999929e+00 3.051091050578260688e-01
9.439999999999999503e+00 3.038801721288179603e-01
9.460000000000000853e+00 3.026579314338220250e-01
9.480000000000000426e+00 3.014423781578428052e-01
9.500000000000000000e+00 3.002334372508699833e-01
9.519999999999999574e+00 2.990311049687677802e-01
9.540000000000000924e+00 2.978353062448249045e-01
9.560000000000000497e+00 2.966460384051126109e-01
9.580000000000000071e+00 2.954632263524520908e-01
9.599999999999999645e+00 2.942868684826699943e-01
9.620000000000000995e+00 2.931168896542409308e-01
