# Electrodo circular de radio 6 mm y espesor 710.0 um.
# Volumen de simulacion (convencion z,y,x):
# N: 1024 x 1024 x 1024 | voxelSize:  0.02mm x 0.02mm x 0.02mm | FOV:  20.48mm x 20.48mm x 20.48mm
# 
# z [mm]		 delta[ppm]
0.000000000000000000e+00 3.297991430541495017e+00
2.000000000000000042e-02 3.286798013487914449e+00
4.000000000000000083e-02 3.275327960700704200e+00
5.999999999999999778e-02 3.263588338193662786e+00
8.000000000000000167e-02 3.251586333806659734e+00
1.000000000000000056e-01 3.239329220381409691e+00
1.199999999999999956e-01 3.226824331954560865e+00
1.400000000000000133e-01 3.214079065969102977e+00
1.600000000000000033e-01 3.201100864510542543e+00
1.799999999999999933e-01 3.187897213975737554e+00
2.000000000000000111e-01 3.174475626854047938e+00
2.200000000000000011e-01 3.160843641826060146e+00
2.399999999999999911e-01 3.147008805142812893e+00
2.600000000000000089e-01 3.132978671710072494e+00
2.800000000000000266e-01 3.118760786250233341e+00
2.999999999999999889e-01 3.104362685360912089e+00
3.200000000000000067e-01 3.089791878566531924e+00
3.400000000000000244e-01 3.075055851369900672e+00
3.599999999999999867e-01 3.060162046275987535e+00
3.800000000000000044e-01 3.045117866854110567e+00
4.000000000000000222e-01 3.029930658806566868e+00
4.199999999999999845e-01 3.014607715061502269e+00
4.400000000000000022e-01 2.999156256928630526e+00
4.600000000000000200e-01 2.983583440238807061e+00
4.799999999999999822e-01 2.967896336632542376e+00
5.000000000000000000e-01 2.952101940755816667e+00
5.200000000000000178e-01 2.936207151702025175e+00
5.400000000000000355e-01 2.920218781267502894e+00
5.600000000000000533e-01 2.904143535571254819e+00
5.799999999999999600e-01 2.887988024365884421e+00
5.999999999999999778e-01 2.871758742839270351e+00
6.199999999999999956e-01 2.855462081970345789e+00
6.400000000000000133e-01 2.839104310519614760e+00
6.600000000000000311e-01 2.822691586412015674e+00
6.800000000000000488e-01 2.806229938907202293e+00
7.000000000000000666e-01 2.789725280986191436e+00
7.199999999999999734e-01 2.773183391694480360e+00
7.399999999999999911e-01 2.756609929503389456e+00
7.600000000000000089e-01 2.740010414806608896e+00
7.800000000000000266e-01 2.723390244222833712e+00
8.000000000000000444e-01 2.706754673228592534e+00
8.200000000000000622e-01 2.690108831364434128e+00
8.399999999999999689e-01 2.673457704977575400e+00
8.599999999999999867e-01 2.656806153291052741e+00
8.800000000000000044e-01 2.640158891232257332e+00
9.000000000000000222e-01 2.623520506321768142e+00
9.200000000000000400e-01 2.606895441557214532e+00
9.400000000000000577e-01 2.590288013077000961e+00
9.599999999999999645e-01 2.573702393072036632e+00
9.799999999999999822e-01 2.557142628178326937e+00
1.000000000000000000e+00 2.540612622384675667e+00
1.020000000000000018e+00 2.524116156107854447e+00
1.040000000000000036e+00 2.507656869068022321e+00
1.060000000000000053e+00 2.491238280000181327e+00
1.080000000000000071e+00 2.474863769466376873e+00
1.100000000000000089e+00 2.458536600157886998e+00
1.120000000000000107e+00 2.442259899617367225e+00
1.140000000000000124e+00 2.426036681087119451e+00
1.159999999999999920e+00 2.409869826113025137e+00
1.179999999999999938e+00 2.393762105895750558e+00
1.199999999999999956e+00 2.377716163752631839e+00
1.219999999999999973e+00 2.361734536930255590e+00
1.239999999999999991e+00 2.345819638900079163e+00
1.260000000000000009e+00 2.329973781592839188e+00
1.280000000000000027e+00 2.314199157508093574e+00
1.300000000000000044e+00 2.298497862332857800e+00
1.320000000000000062e+00 2.282871876845551817e+00
1.340000000000000080e+00 2.267323089883506171e+00
1.360000000000000098e+00 2.251853280026080206e+00
1.380000000000000115e+00 2.236464138877836572e+00
1.400000000000000133e+00 2.221157252516256619e+00
1.419999999999999929e+00 2.205934125059671125e+00
1.439999999999999947e+00 2.190796159869059068e+00
1.459999999999999964e+00 2.175744683371967803e+00
1.479999999999999982e+00 2.160780926008706970e+00
1.500000000000000000e+00 2.145906046285700697e+00
1.520000000000000018e+00 2.131121111460112516e+00
1.540000000000000036e+00 2.116427121798080346e+00
1.560000000000000053e+00 2.101824990992657849e+00
1.580000000000000071e+00 2.087315570604399984e+00
1.600000000000000089e+00 2.072899630210845778e+00
1.620000000000000107e+00 2.058577882008729265e+00
1.640000000000000124e+00 2.044350960693965824e+00
1.660000000000000142e+00 2.030219448206555199e+00
1.679999999999999938e+00 2.016183853342943699e+00
1.699999999999999956e+00 2.002244636626255847e+00
1.719999999999999973e+00 1.988402189653506680e+00
1.739999999999999991e+00 1.974656860075264087e+00
1.760000000000000009e+00 1.961008930682749618e+00
1.780000000000000027e+00 1.947458644482307877e+00
1.800000000000000044e+00 1.934006183527827050e+00
1.820000000000000062e+00 1.920651694076654481e+00
1.840000000000000080e+00 1.907395265174901100e+00
1.860000000000000098e+00 1.894236953882440844e+00
1.880000000000000115e+00 1.881176763618929604e+00
1.900000000000000133e+00 1.868214669446490284e+00
1.919999999999999929e+00 1.855350596186033707e+00
1.939999999999999947e+00 1.842584443747060652e+00
1.959999999999999964e+00 1.829916065023933225e+00
1.979999999999999982e+00 1.817345291262917550e+00
2.000000000000000000e+00 1.804871909749562686e+00
2.020000000000000018e+00 1.792495689203714049e+00
2.040000000000000036e+00 1.780216357269031491e+00
2.060000000000000053e+00 1.768033625927232233e+00
2.080000000000000071e+00 1.755947168802013181e+00
2.100000000000000089e+00 1.743956646584177372e+00
2.120000000000000107e+00 1.732061684162019111e+00
2.140000000000000124e+00 1.720261896049359418e+00
2.160000000000000142e+00 1.708556863355404687e+00
2.180000000000000160e+00 1.696946159207991744e+00
2.200000000000000178e+00 1.685429325575641180e+00
2.220000000000000195e+00 1.674005898678523119e+00
2.240000000000000213e+00 1.662675385676216644e+00
2.260000000000000231e+00 1.651437290059072804e+00
2.280000000000000249e+00 1.640291088214779425e+00
2.300000000000000266e+00 1.629236254792935545e+00
2.319999999999999840e+00 1.618272239164167958e+00
2.339999999999999858e+00 1.607398490750781450e+00
2.359999999999999876e+00 1.596614435391747522e+00
2.379999999999999893e+00 1.585919500632328116e+00
2.399999999999999911e+00 1.575313092008753912e+00
2.419999999999999929e+00 1.564794618289757855e+00
2.439999999999999947e+00 1.554363467694274137e+00
2.459999999999999964e+00 1.544019033077783210e+00
2.479999999999999982e+00 1.533760688096795555e+00
2.500000000000000000e+00 1.523587812332874547e+00
2.520000000000000018e+00 1.513499767417154640e+00
2.540000000000000036e+00 1.503495922084872927e+00
2.560000000000000053e+00 1.493575628273514866e+00
2.580000000000000071e+00 1.483738246100599678e+00
2.600000000000000089e+00 1.473983119948530263e+00
2.620000000000000107e+00 1.464309603358348255e+00
2.640000000000000124e+00 1.454717035114615697e+00
2.660000000000000142e+00 1.445204764047753221e+00
2.680000000000000160e+00 1.435772125131818289e+00
2.700000000000000178e+00 1.426418464187930724e+00
2.720000000000000195e+00 1.417143114008030835e+00
2.740000000000000213e+00 1.407945418951833449e+00
2.760000000000000231e+00 1.398824711109137642e+00
2.780000000000000249e+00 1.389780334782669380e+00
2.800000000000000266e+00 1.380811622701709318e+00
2.819999999999999840e+00 1.371917920383082024e+00
2.839999999999999858e+00 1.363098562408392889e+00
2.859999999999999876e+00 1.354352896655347083e+00
2.879999999999999893e+00 1.345680260651043847e+00
2.899999999999999911e+00 1.337080005665720384e+00
2.919999999999999929e+00 1.328551473154097051e+00
2.939999999999999947e+00 1.320094018703550143e+00
2.959999999999999964e+00 1.311706988575644717e+00
2.979999999999999982e+00 1.303389743500688480e+00
3.000000000000000000e+00 1.295141635331115149e+00
3.020000000000000018e+00 1.286962030674322133e+00
3.040000000000000036e+00 1.278850287669690333e+00
3.060000000000000053e+00 1.270805779451522843e+00
3.080000000000000071e+00 1.262827871061092955e+00
3.100000000000000089e+00 1.254915942731425815e+00
3.120000000000000107e+00 1.247069366945873670e+00
3.140000000000000124e+00 1.239287531536454212e+00
3.160000000000000142e+00 1.231569816900023540e+00
3.180000000000000160e+00 1.223915618901846747e+00
3.200000000000000178e+00 1.216324326260543875e+00
3.220000000000000195e+00 1.208795343248531662e+00
3.240000000000000213e+00 1.201328067256520971e+00
3.260000000000000231e+00 1.193921911282430193e+00
3.280000000000000249e+00 1.186576281686334333e+00
3.300000000000000266e+00 1.179290600459414362e+00
3.320000000000000284e+00 1.172064283179861333e+00
3.339999999999999858e+00 1.164896761053424656e+00
3.359999999999999876e+00 1.157787459080879655e+00
3.379999999999999893e+00 1.150735817861706423e+00
3.399999999999999911e+00 1.143741271983371499e+00
3.419999999999999929e+00 1.136803271579652330e+00
3.439999999999999947e+00 1.129921260952087447e+00
3.459999999999999964e+00 1.123094699874477742e+00
3.479999999999999982e+00 1.116323042456470294e+00
3.500000000000000000e+00 1.109605758185774338e+00
3.520000000000000018e+00 1.102942311043969781e+00
3.540000000000000036e+00 1.096332180277967971e+00
3.560000000000000053e+00 1.089774839777785775e+00
3.580000000000000071e+00 1.083269778568780373e+00
3.600000000000000089e+00 1.076816480461251446e+00
3.620000000000000107e+00 1.070414444255009201e+00
3.640000000000000124e+00 1.064063163670293743e+00
3.660000000000000142e+00 1.057762147256270824e+00
3.680000000000000160e+00 1.051510898612872502e+00
3.700000000000000178e+00 1.045308935994811117e+00
3.720000000000000195e+00 1.039155772833641578e+00
3.740000000000000213e+00 1.033050937028919591e+00
3.760000000000000231e+00 1.026993951779862302e+00
3.780000000000000249e+00 1.020984354555307227e+00
3.800000000000000266e+00 1.015021678244052206e+00
3.820000000000000284e+00 1.009105469795301468e+00
3.839999999999999858e+00 1.003235271696858666e+00
3.859999999999999876e+00 9.974106402777820346e-01
3.879999999999999893e+00 9.916311275232988498e-01
3.899999999999999911e+00 9.858962990314352748e-01
3.919999999999999929e+00 9.802057161736245083e-01
3.939999999999999947e+00 9.745589536971118738e-01
3.959999999999999964e+00 9.689555822399297247e-01
3.979999999999999982e+00 9.633951855709169676e-01
4.000000000000000000e+00 9.578773434678573562e-01
4.020000000000000462e+00 9.524016485869900572e-01
4.040000000000000036e+00 9.469676897127858872e-01
4.060000000000000497e+00 9.415750682489042456e-01
4.080000000000000071e+00 9.362233818481935366e-01
4.099999999999999645e+00 9.309122405170829895e-01
4.120000000000000107e+00 9.256412506341055169e-01
4.139999999999999680e+00 9.204100306597383652e-01
4.160000000000000142e+00 9.152181955519063106e-01
4.179999999999999716e+00 9.100653720733379304e-01
4.200000000000000178e+00 9.049511836121573172e-01
4.219999999999999751e+00 8.998752650789137997e-01
4.240000000000000213e+00 8.948372481405113543e-01
4.259999999999999787e+00 8.898367756990861466e-01
4.280000000000000249e+00 8.848734875472498151e-01
4.299999999999999822e+00 8.799470344210343908e-01
4.320000000000000284e+00 8.750570640845583004e-01
4.339999999999999858e+00 8.702032349493175056e-01
4.360000000000000320e+00 8.653852025960853123e-01
4.379999999999999893e+00 8.606026329529035124e-01
4.400000000000000355e+00 8.558551892621298895e-01
4.419999999999999929e+00 8.511425448095282231e-01
4.440000000000000391e+00 8.464643703441374623e-01
4.459999999999999964e+00 8.418203463508924234e-01
4.480000000000000426e+00 8.372101509311273837e-01
4.500000000000000000e+00 8.326334716111963852e-01
4.520000000000000462e+00 8.280899936911431114e-01
4.540000000000000036e+00 8.235794115818811933e-01
4.560000000000000497e+00 8.191014176296753657e-01
4.580000000000000071e+00 8.146557129744728121e-01
4.600000000000000533e+00 8.102419968575983455e-01
4.620000000000000107e+00 8.058599769938762369e-01
4.639999999999999680e+00 8.015093593700731711e-01
4.660000000000000142e+00 7.971898581235052905e-01
4.679999999999999716e+00 7.929011858384904521e-01
4.700000000000000178e+00 7.886430629241897305e-01
4.719999999999999751e+00 7.844152084164774941e-01
4.740000000000000213e+00 7.802173488478051366e-01
4.759999999999999787e+00 7.760492095616444708e-01
4.780000000000000249e+00 7.719105230672019813e-01
4.799999999999999822e+00 7.678010208737383602e-01
4.820000000000000284e+00 7.637204413230245237e-01
4.839999999999999858e+00 7.596685219505647790e-01
4.860000000000000320e+00 7.556450067887255928e-01
4.879999999999999893e+00 7.516496392620548583e-01
4.900000000000000355e+00 7.476821689540545934e-01
4.919999999999999929e+00 7.437423450435420857e-01
4.940000000000000391e+00 7.398299225280662306e-01
4.959999999999999964e+00 7.359446562084144272e-01
4.980000000000000426e+00 7.320863063617177868e-01
5.000000000000000000e+00 7.282546332809567424e-01
5.020000000000000462e+00 7.244494023908544245e-01
5.040000000000000036e+00 7.206703793493695054e-01
5.060000000000000497e+00 7.169173345995112356e-01
5.080000000000000071e+00 7.131900390395956579e-01
5.100000000000000533e+00 7.094882680041304512e-01
5.120000000000000107e+00 7.058117975097661922e-01
5.139999999999999680e+00 7.021604076584458953e-01
5.160000000000000142e+00 6.985338794657485195e-01
5.179999999999999716e+00 6.949319976795238496e-01
5.200000000000000178e+00 6.913545481974862073e-01
5.219999999999999751e+00 6.878013202945892912e-01
5.240000000000000213e+00 6.842721046365018989e-01
5.259999999999999787e+00 6.807666949089987707e-01
5.280000000000000249e+00 6.772848864341196595e-01
5.299999999999999822e+00 6.738264771948830889e-01
5.320000000000000284e+00 6.703912670606982926e-01
5.339999999999999858e+00 6.669790582007427693e-01
5.360000000000000320e+00 6.635896549253603727e-01
5.379999999999999893e+00 6.602228634814523156e-01
5.400000000000000355e+00 6.568784925164068422e-01
5.419999999999999929e+00 6.535563522488569976e-01
5.440000000000000391e+00 6.502562555618517370e-01
5.459999999999999964e+00 6.469780165423665297e-01
5.480000000000000426e+00 6.437214522102115977e-01
5.500000000000000000e+00 6.404863804196918586e-01
5.520000000000000462e+00 6.372726222309230693e-01
5.540000000000000036e+00 6.340799991670574842e-01
5.560000000000000497e+00 6.309083362344795054e-01
5.580000000000000071e+00 6.277574585290065512e-01
5.600000000000000533e+00 6.246271949116267708e-01
5.620000000000000107e+00 6.215173739570971634e-01
5.639999999999999680e+00 6.184278282916797487e-01
5.660000000000000142e+00 6.153583898775684125e-01
5.679999999999999716e+00 6.123088950192639990e-01
5.700000000000000178e+00 6.092791789772589173e-01
5.719999999999999751e+00 6.062690816495147628e-01
5.740000000000000213e+00 6.032784415078245033e-01
5.759999999999999787e+00 6.003071019610389802e-01
5.780000000000000249e+00 5.973549046075316005e-01
5.799999999999999822e+00 5.944216962866387677e-01
5.820000000000000284e+00 5.915073216406494527e-01
5.839999999999999858e+00 5.886116308611030190e-01
5.860000000000000320e+00 5.857344715537158297e-01
5.879999999999999893e+00 5.828756971860341585e-01
5.900000000000000355e+00 5.800351582486799051e-01
5.919999999999999929e+00 5.772127114110370272e-01
5.940000000000000391e+00 5.744082099722058743e-01
5.959999999999999964e+00 5.716215137312323780e-01
5.980000000000000426e+00 5.688524787211302058e-01
6.000000000000000000e+00 5.661009678003804391e-01
6.020000000000000462e+00 5.633668396633532138e-01
6.040000000000000036e+00 5.606499601596347526e-01
6.060000000000000497e+00 5.579501905741662826e-01
6.080000000000000071e+00 5.552673996811703372e-01
6.100000000000000533e+00 5.526014512872915452e-01
6.120000000000000107e+00 5.499522170267298060e-01
6.140000000000000568e+00 5.473195631606470046e-01
6.160000000000000142e+00 5.447033641203329335e-01
6.179999999999999716e+00 5.421034885561066829e-01
6.200000000000000178e+00 5.395198136351936347e-01
6.219999999999999751e+00 5.369522103332968754e-01
6.240000000000000213e+00 5.344005584941019515e-01
6.259999999999999787e+00 5.318647313566748913e-01
6.280000000000000249e+00 5.293446113833319977e-01
6.299999999999999822e+00 5.268400740159755458e-01
6.320000000000000284e+00 5.243510042793280146e-01
6.339999999999999858e+00 5.218772797592613477e-01
6.360000000000000320e+00 5.194187879882405934e-01
6.379999999999999893e+00 5.169754086386593173e-01
6.400000000000000355e+00 5.145470316975856440e-01
6.419999999999999929e+00 5.121335388680632317e-01
6.440000000000000391e+00 5.097348225401038269e-01
6.459999999999999964e+00 5.073507663928678024e-01
6.480000000000000426e+00 5.049812651691032439e-01
6.500000000000000000e+00 5.026262044710463339e-01
6.520000000000000462e+00 5.002854813453787575e-01
6.540000000000000036e+00 4.979589832656304837e-01
6.560000000000000497e+00 4.956466095349874035e-01
6.580000000000000071e+00 4.933482494479137781e-01
6.600000000000000533e+00 4.910638045180096278e-01
6.620000000000000107e+00 4.887931658114938460e-01
6.640000000000000568e+00 4.865362370075873022e-01
6.660000000000000142e+00 4.842929108964330043e-01
6.679999999999999716e+00 4.820630932793457668e-01
6.700000000000000178e+00 4.798466786236728621e-01
6.719999999999999751e+00 4.776435748105325452e-01
6.740000000000000213e+00 4.754536779390369228e-01
6.759999999999999787e+00 4.732768979290122302e-01
6.780000000000000249e+00 4.711131324669320941e-01
6.799999999999999822e+00 4.689622934714131608e-01
6.820000000000000284e+00 4.668242801730956293e-01
6.839999999999999858e+00 4.646990064506082430e-01
6.860000000000000320e+00 4.625863730365361026e-01
6.879999999999999893e+00 4.604862957318395233e-01
6.900000000000000355e+00 4.583986767299899068e-01
6.919999999999999929e+00 4.563234337176820254e-01
6.940000000000000391e+00 4.542604703091068785e-01
6.959999999999999964e+00 4.522097060411455205e-01
6.980000000000000426e+00 4.501710459096435746e-01
7.000000000000000000e+00 4.481444112671465474e-01
7.020000000000000462e+00 4.461297084529259327e-01
7.040000000000000036e+00 4.441268606016596232e-01
7.060000000000000497e+00 4.421357753588631145e-01
7.080000000000000071e+00 4.401563776087820679e-01
7.100000000000000533e+00 4.381885762667714901e-01
7.120000000000000107e+00 4.362322979350291563e-01
7.140000000000000568e+00 4.342874527633312498e-01
7.160000000000000142e+00 4.323539690411271619e-01
7.179999999999999716e+00 4.304317581179252228e-01
7.200000000000000178e+00 4.285207499406167297e-01
7.219999999999999751e+00 4.266208570246883269e-01
7.240000000000000213e+00 4.247320109455397508e-01
7.259999999999999787e+00 4.228541253515556986e-01
7.280000000000000249e+00 4.209871334185527059e-01
7.299999999999999822e+00 4.191309498956182766e-01
7.320000000000000284e+00 4.172855095317217211e-01
7.339999999999999858e+00 4.154507281450910972e-01
7.360000000000000320e+00 4.136265420313887109e-01
7.379999999999999893e+00 4.118128680472520897e-01
7.400000000000000355e+00 4.100096440093610184e-01
7.419999999999999929e+00 4.082167877826125002e-01
7.440000000000000391e+00 4.064342386797904494e-01
7.459999999999999964e+00 4.046619155446977145e-01
7.480000000000000426e+00 4.028997591620528951e-01
7.500000000000000000e+00 4.011476893257466259e-01
7.520000000000000462e+00 3.994056482689812282e-01
7.540000000000000036e+00 3.976735567076783995e-01
7.560000000000000497e+00 3.959513583007873705e-01
7.580000000000000071e+00 3.942389746586789645e-01
7.600000000000000533e+00 3.925363508439937421e-01
7.620000000000000107e+00 3.908434093347036287e-01
7.640000000000000568e+00 3.891600965757632813e-01
7.660000000000000142e+00 3.874863358863368523e-01
7.679999999999999716e+00 3.858220750729634552e-01
7.700000000000000178e+00 3.841672382702739363e-01
7.719999999999999751e+00 3.825217746263057106e-01
7.740000000000000213e+00 3.808856090658406246e-01
7.759999999999999787e+00 3.792586920589495758e-01
7.780000000000000249e+00 3.776409492958979208e-01
7.799999999999999822e+00 3.760323325499300706e-01
7.820000000000000284e+00 3.744327682525015466e-01
7.839999999999999858e+00 3.728422094617640514e-01
7.860000000000000320e+00 3.712605833266822142e-01
7.879999999999999893e+00 3.696878441726312858e-01
7.900000000000000355e+00 3.681239198427398440e-01
7.919999999999999929e+00 3.665687659124866049e-01
7.940000000000000391e+00 3.650223108964052998e-01
7.959999999999999964e+00 3.634845116035089196e-01
7.980000000000000426e+00 3.619552971972843647e-01
8.000000000000000000e+00 3.604346257042449486e-01
8.019999999999999574e+00 3.589224269149299817e-01
8.040000000000000924e+00 3.574186600578567186e-01
8.060000000000000497e+00 3.559232555289843503e-01
8.080000000000000071e+00 3.544361737438472826e-01
8.099999999999999645e+00 3.529573456827269085e-01
8.120000000000000995e+00 3.514867329336870405e-01
8.140000000000000568e+00 3.500242670404798973e-01
8.160000000000000142e+00 3.485699107497055027e-01
8.179999999999999716e+00 3.471235961482228016e-01
8.199999999999999289e+00 3.456852871276664962e-01
8.220000000000000639e+00 3.442549162978560950e-01
8.240000000000000213e+00 3.428324486824264050e-01
8.259999999999999787e+00 3.414178173944874550e-01
8.279999999999999361e+00 3.400109885771009921e-01
8.300000000000000711e+00 3.386118958271874257e-01
8.320000000000000284e+00 3.372205063951102533e-01
8.339999999999999858e+00 3.358367543425690993e-01
8.359999999999999432e+00 3.344606080155582140e-01
8.380000000000000782e+00 3.330920019216800920e-01
8.400000000000000355e+00 3.317309054913191169e-01
8.419999999999999929e+00 3.303772536595406817e-01
8.439999999999999503e+00 3.290310169303010679e-01
8.460000000000000853e+00 3.276921306478245977e-01
8.480000000000000426e+00 3.263605663792399358e-01
8.500000000000000000e+00 3.250362598600307074e-01
8.519999999999999574e+00 3.237191837105188874e-01
8.540000000000000924e+00 3.224092740396491408e-01
8.560000000000000497e+00 3.211065045113563610e-01
8.580000000000000071e+00 3.198108115906536653e-01
8.599999999999999645e+00 3.185221699758983283e-01
8.620000000000000995e+00 3.172405164708506642e-01
8.640000000000000568e+00 3.159658267994958081e-01
8.660000000000000142e+00 3.146980380874018213e-01
8.679999999999999716e+00 3.134371270757725370e-01
8.700000000000001066e+00 3.121830311950922754e-01
8.720000000000000639e+00 3.109357281957477737e-01
8.740000000000000213e+00 3.096951557966128310e-01
8.759999999999999787e+00 3.084612927495943846e-01
8.779999999999999361e+00 3.072340770454616288e-01
8.800000000000000711e+00 3.060134884303397085e-01
8.820000000000000284e+00 3.047994651507418551e-01
8.839999999999999858e+00 3.035919879400774124e-01
8.859999999999999432e+00 3.023909952844600624e-01
8.880000000000000782e+00 3.011964688979985594e-01
8.900000000000000355e+00 3.000083474905943515e-01
8.919999999999999929e+00 2.988266137508235887e-01
8.939999999999999503e+00 2.976512065965472575e-01
8.960000000000000853e+00 2.964821096849253879e-01
8.980000000000000426e+00 2.953192621262641926e-01
9.000000000000000000e+00 2.941626485407626279e-01
9.019999999999999574e+00 2.930122082156264574e-01
9.040000000000000924e+00 2.918679267288857293e-01
9.060000000000000497e+00 2.907297435293983989e-01
9.080000000000000071e+00 2.895976451481524494e-01
9.099999999999999645e+00 2.884715711803595983e-01
9.120000000000000995e+00 2.873515091054195114e-01
9.140000000000000568e+00 2.862373986498777390e-01
9.160000000000000142e+00 2.851292282373408815e-01
9.179999999999999716e+00 2.840269377105891779e-01
9.200000000000001066e+00 2.829305164335451650e-01
9.220000000000000639e+00 2.818399043504135615e-01
9.240000000000000213e+00 2.807550917618546471e-01
9.259999999999999787e+00 2.796760186985841057e-01
9.279999999999999361e+00 2.786026763947516138e-01
9.300000000000000711e+00 2.775350049529282659e-01
9.320000000000000284e+00 2.764729965378214249e-01
9.339999999999999858e+00 2.754165913090881324e-01
9.359999999999999432e+00 2.743657823593761425e-01
9.380000000000000782e+00 2.733205098909048947e-01
9.400000000000000355e+00 2.722807679219504395e-01
9.419999999999999929e+00 2.712464966826456658e-01
9.439999999999999503e+00 2.702176911149037908e-01
9.460000000000000853e+00 2.691942914623418615e-01
9.480000000000000426e+00 2.681762935888216681e-01
9.500000000000000000e+00 2.671636377368762916e-01
9.519999999999999574e+00 2.661563206909391410e-01
9.540000000000000924e+00 2.651542826781113082e-01
9.560000000000000497e+00 2.641575214023216822e-01
9.580000000000000071e+00 2.631659770607162607e-01
9.599999999999999645e+00 2.621796482759613522e-01
9.620000000000000995e+00 2.611984752009339217e-01
