# Electrodo circular de radio 6 mm y espesor 710.0 um.
# Volumen de simulacion (convencion z,y,x):
# N: 1024 x 1024 x 1024 | voxelSize:  0.02mm x 0.02mm x 0.02mm | FOV:  20.48mm x 20.48mm x 20.48mm
# 
# z [mm]		 delta[ppm]
0.000000000000000000e+00 4.781259358197362808e+00
2.000000000000000042e-02 4.727579999723078075e+00
4.000000000000000083e-02 4.673276190368660821e+00
5.999999999999999778e-02 4.618432366857633475e+00
8.000000000000000167e-02 4.563132099935987007e+00
1.000000000000000056e-01 4.507457548638321043e+00
1.199999999999999956e-01 4.451489208141942377e+00
1.400000000000000133e-01 4.395305591516065924e+00
1.600000000000000033e-01 4.338982974936780757e+00
1.799999999999999933e-01 4.282595150549804330e+00
2.000000000000000111e-01 4.226213204522907496e+00
2.200000000000000011e-01 4.169905330285392786e+00
2.399999999999999911e-01 4.113736654552742067e+00
2.600000000000000089e-01 4.057769110028021764e+00
2.800000000000000266e-01 4.002061313865145742e+00
2.999999999999999889e-01 3.946668498816610082e+00
3.200000000000000067e-01 3.891642444134131296e+00
3.400000000000000244e-01 3.837031461630806550e+00
3.599999999999999867e-01 3.782880375373457671e+00
3.800000000000000044e-01 3.729230556910840377e+00
4.000000000000000222e-01 3.676119947775588148e+00
4.199999999999999845e-01 3.623583136475574396e+00
4.400000000000000022e-01 3.571651416249279176e+00
4.600000000000000200e-01 3.520352895534257343e+00
4.799999999999999822e-01 3.469712582798710976e+00
5.000000000000000000e-01 3.419752522005127471e+00
5.200000000000000178e-01 3.370491896349202765e+00
5.400000000000000355e-01 3.321947180634452490e+00
5.600000000000000533e-01 3.274132256349532977e+00
5.799999999999999600e-01 3.227058573684461251e+00
5.999999999999999778e-01 3.180735271293914312e+00
6.199999999999999956e-01 3.135169341765136064e+00
6.400000000000000133e-01 3.090365750558455193e+00
6.600000000000000311e-01 3.046327599926843988e+00
6.800000000000000488e-01 3.003056242700345102e+00
7.000000000000000666e-01 2.960551440846443505e+00
7.199999999999999734e-01 2.918811470917634932e+00
7.399999999999999911e-01 2.877833274543101005e+00
7.600000000000000089e-01 2.837612553380964187e+00
7.800000000000000266e-01 2.798143909797094597e+00
8.000000000000000444e-01 2.759420930050573428e+00
8.200000000000000622e-01 2.721436314217983821e+00
8.399999999999999689e-01 2.684181947050211292e+00
8.599999999999999867e-01 2.647649016838138358e+00
8.800000000000000044e-01 2.611828073938336381e+00
9.000000000000000222e-01 2.576709138756779982e+00
9.200000000000000400e-01 2.542281748343639070e+00
9.400000000000000577e-01 2.508535054014849219e+00
9.599999999999999645e-01 2.475457856700495451e+00
9.799999999999999822e-01 2.443038694950536716e+00
1.000000000000000000e+00 2.411265869893604918e+00
1.020000000000000018e+00 2.380127524506417291e+00
1.040000000000000036e+00 2.349611659136384478e+00
1.060000000000000053e+00 2.319706202974825437e+00
1.080000000000000071e+00 2.290399021124970957e+00
1.100000000000000089e+00 2.261677979226344615e+00
1.120000000000000107e+00 2.233530943038320338e+00
1.140000000000000124e+00 2.205945837132328613e+00
1.159999999999999920e+00 2.178910637913911597e+00
1.179999999999999938e+00 2.152413427244007416e+00
1.199999999999999956e+00 2.126442379760221435e+00
1.219999999999999973e+00 2.100985812217836646e+00
1.239999999999999991e+00 2.076032165893858306e+00
1.260000000000000009e+00 2.051570052360544683e+00
1.280000000000000027e+00 2.027588231677886377e+00
1.300000000000000044e+00 2.004075655232385511e+00
1.320000000000000062e+00 1.981021440342407125e+00
1.340000000000000080e+00 1.958414910716710589e+00
1.360000000000000098e+00 1.936245568022181729e+00
1.380000000000000115e+00 1.914503130442498202e+00
1.400000000000000133e+00 1.893177501684915498e+00
1.419999999999999929e+00 1.872258808051089796e+00
1.439999999999999947e+00 1.851737365295610838e+00
1.459999999999999964e+00 1.831603714558975859e+00
1.479999999999999982e+00 1.811848587430671786e+00
1.500000000000000000e+00 1.792462941038961644e+00
1.520000000000000018e+00 1.773437921620438562e+00
1.540000000000000036e+00 1.754764899012438262e+00
1.560000000000000053e+00 1.736435428984290930e+00
1.580000000000000071e+00 1.718441287335616741e+00
1.600000000000000089e+00 1.700774431205865245e+00
1.620000000000000107e+00 1.683427032944899482e+00
1.640000000000000124e+00 1.666391440582255079e+00
1.660000000000000142e+00 1.649660211604841553e+00
1.679999999999999938e+00 1.633226072739041967e+00
1.699999999999999956e+00 1.617081953743330969e+00
1.719999999999999973e+00 1.601220946630645958e+00
1.739999999999999991e+00 1.585636339560860142e+00
1.760000000000000009e+00 1.570321575610654774e+00
1.780000000000000027e+00 1.555270286831509141e+00
1.800000000000000044e+00 1.540476252655817779e+00
1.820000000000000062e+00 1.525933434169927105e+00
1.840000000000000080e+00 1.511635932231203183e+00
1.860000000000000098e+00 1.497578021992098662e+00
1.880000000000000115e+00 1.483754110789830438e+00
1.900000000000000133e+00 1.470158772946325687e+00
1.919999999999999929e+00 1.456786707482572885e+00
1.939999999999999947e+00 1.443632773210026476e+00
1.959999999999999964e+00 1.430691946312608653e+00
1.979999999999999982e+00 1.417959355737560490e+00
2.000000000000000000e+00 1.405430240681733611e+00
2.020000000000000018e+00 1.393099986283653502e+00
2.040000000000000036e+00 1.380964081044458336e+00
2.060000000000000053e+00 1.369018152817909950e+00
2.080000000000000071e+00 1.357257926192253938e+00
2.100000000000000089e+00 1.345679258770852815e+00
2.120000000000000107e+00 1.334278098536953117e+00
2.140000000000000124e+00 1.323050520414354780e+00
2.160000000000000142e+00 1.311992683634567891e+00
2.180000000000000160e+00 1.301100868564361690e+00
2.200000000000000178e+00 1.290371434091866387e+00
2.220000000000000195e+00 1.279800854705851032e+00
2.240000000000000213e+00 1.269385677915882527e+00
2.260000000000000231e+00 1.259122561566626386e+00
2.280000000000000249e+00 1.249008231305195560e+00
2.300000000000000266e+00 1.239039518112613703e+00
2.319999999999999840e+00 1.229213315830751663e+00
2.339999999999999858e+00 1.219526618892249115e+00
2.359999999999999876e+00 1.209976479918097869e+00
2.379999999999999893e+00 1.200560047626706872e+00
2.399999999999999911e+00 1.191274524512929034e+00
2.419999999999999929e+00 1.182117204916589115e+00
2.439999999999999947e+00 1.173085432792818628e+00
2.459999999999999964e+00 1.164176639920141199e+00
2.479999999999999982e+00 1.155388303772012959e+00
2.500000000000000000e+00 1.146717985844492693e+00
2.520000000000000018e+00 1.138163289638230324e+00
2.540000000000000036e+00 1.129721899085766479e+00
2.560000000000000053e+00 1.121391536653434606e+00
2.580000000000000071e+00 1.113170001848457158e+00
2.600000000000000089e+00 1.105055129449716400e+00
2.620000000000000107e+00 1.097044828075034451e+00
2.640000000000000124e+00 1.089137038550077152e+00
2.660000000000000142e+00 1.081329772516409937e+00
2.680000000000000160e+00 1.073621070947459843e+00
2.700000000000000178e+00 1.066009042778213622e+00
2.720000000000000195e+00 1.058491823577496715e+00
2.740000000000000213e+00 1.051067614180515308e+00
2.760000000000000231e+00 1.043734639526397334e+00
2.780000000000000249e+00 1.036491187275106363e+00
2.800000000000000266e+00 1.029335566819557402e+00
2.819999999999999840e+00 1.022266147868785557e+00
2.839999999999999858e+00 1.015281319643674962e+00
2.859999999999999876e+00 1.008379529408623521e+00
2.879999999999999893e+00 1.001559241860275229e+00
2.899999999999999911e+00 9.948189775903006904e-01
2.919999999999999929e+00 9.881572726762715142e-01
2.939999999999999947e+00 9.815727170585191175e-01
2.959999999999999964e+00 9.750639143426248490e-01
2.979999999999999982e+00 9.686295200737405908e-01
3.000000000000000000e+00 9.622682017598754856e-01
3.020000000000000018e+00 9.559786770274206757e-01
3.040000000000000036e+00 9.497596738747495770e-01
3.060000000000000053e+00 9.436099686930429220e-01
3.080000000000000071e+00 9.375283467594633935e-01
3.100000000000000089e+00 9.315136401077315220e-01
3.120000000000000107e+00 9.255646882704154921e-01
3.140000000000000124e+00 9.196803759840953552e-01
3.160000000000000142e+00 9.138595941900065078e-01
3.180000000000000160e+00 9.081012775589810682e-01
3.200000000000000178e+00 9.024043657599504220e-01
3.220000000000000195e+00 8.967678407902072157e-01
3.240000000000000213e+00 8.911906885209669449e-01
3.260000000000000231e+00 8.856719358188265279e-01
3.280000000000000249e+00 8.802106123778423719e-01
3.300000000000000266e+00 8.748057876184008874e-01
3.320000000000000284e+00 8.694565328149220784e-01
3.339999999999999858e+00 8.641619577587026368e-01
3.359999999999999876e+00 8.589211731905953551e-01
3.379999999999999893e+00 8.537333272146790941e-01
3.399999999999999911e+00 8.485975680449348024e-01
3.419999999999999929e+00 8.435130801569169501e-01
3.439999999999999947e+00 8.384790473576463343e-01
3.459999999999999964e+00 8.334946886627802032e-01
3.479999999999999982e+00 8.285592216985668834e-01
3.500000000000000000e+00 8.236718982923253440e-01
3.520000000000000018e+00 8.188319682154996393e-01
3.540000000000000036e+00 8.140387144755485416e-01
3.560000000000000053e+00 8.092914174087786350e-01
3.580000000000000071e+00 8.045893896620144314e-01
3.600000000000000089e+00 7.999319406440767999e-01
3.620000000000000107e+00 7.953184111859109562e-01
3.640000000000000124e+00 7.907481383591590252e-01
3.660000000000000142e+00 7.862204898037175038e-01
3.680000000000000160e+00 7.817348289220285018e-01
3.700000000000000178e+00 7.772905488632783078e-01
3.720000000000000195e+00 7.728870381016677005e-01
3.740000000000000213e+00 7.685237140667509070e-01
3.760000000000000231e+00 7.641999891140538459e-01
3.780000000000000249e+00 7.599153037913223274e-01
3.800000000000000266e+00 7.556690932094857205e-01
3.820000000000000284e+00 7.514608199348246087e-01
3.839999999999999858e+00 7.472899407684252537e-01
3.859999999999999876e+00 7.431559392545253884e-01
3.879999999999999893e+00 7.390582928761867398e-01
3.899999999999999911e+00 7.349965051703531982e-01
3.919999999999999929e+00 7.309700733475963386e-01
3.939999999999999947e+00 7.269785200046499085e-01
3.959999999999999964e+00 7.230213611756849401e-01
3.979999999999999982e+00 7.190981376333137609e-01
4.000000000000000000e+00 7.152083833790020551e-01
4.020000000000000462e+00 7.113516565237641975e-01
4.040000000000000036e+00 7.075275082248755343e-01
4.060000000000000497e+00 7.037355131377367456e-01
4.080000000000000071e+00 6.999752388061887265e-01
4.099999999999999645e+00 6.962462756772433981e-01
4.120000000000000107e+00 6.925482069518694717e-01
4.139999999999999680e+00 6.888806381544836377e-01
4.160000000000000142e+00 6.852431674512663440e-01
4.179999999999999716e+00 6.816354147665270036e-01
4.200000000000000178e+00 6.780569925751100957e-01
4.219999999999999751e+00 6.745075345579961690e-01
4.240000000000000213e+00 6.709866668755319896e-01
4.259999999999999787e+00 6.674940363547982036e-01
4.280000000000000249e+00 6.640292822499672676e-01
4.299999999999999822e+00 6.605920639541793538e-01
4.320000000000000284e+00 6.571820332534736853e-01
4.339999999999999858e+00 6.537988615561177719e-01
4.360000000000000320e+00 6.504422126461194553e-01
4.379999999999999893e+00 6.471117694231541817e-01
4.400000000000000355e+00 6.438072071617995107e-01
4.419999999999999929e+00 6.405282197553993084e-01
4.440000000000000391e+00 6.372744934867374811e-01
4.459999999999999964e+00 6.340457327693506118e-01
4.480000000000000426e+00 6.308416344355344263e-01
4.500000000000000000e+00 6.276619129687807108e-01
4.520000000000000462e+00 6.245062753145509404e-01
4.540000000000000036e+00 6.213744455977338044e-01
4.560000000000000497e+00 6.182661404617699752e-01
4.580000000000000071e+00 6.151810932651737840e-01
4.600000000000000533e+00 6.121190299541813262e-01
4.620000000000000107e+00 6.090796927325454746e-01
4.639999999999999680e+00 6.060628164730372802e-01
4.660000000000000142e+00 6.030681518549096953e-01
4.679999999999999716e+00 6.000954423191250386e-01
4.700000000000000178e+00 5.971444466680377872e-01
4.719999999999999751e+00 5.942149165694208257e-01
4.740000000000000213e+00 5.913066186130708779e-01
4.759999999999999787e+00 5.884193123682543991e-01
4.780000000000000249e+00 5.855527718920892077e-01
4.799999999999999822e+00 5.827067643452340517e-01
4.820000000000000284e+00 5.798810709470598734e-01
4.839999999999999858e+00 5.770754661539392316e-01
4.860000000000000320e+00 5.742897380563621867e-01
4.879999999999999893e+00 5.715236681244079131e-01
4.900000000000000355e+00 5.687770510420979697e-01
4.919999999999999929e+00 5.660496750241718056e-01
4.940000000000000391e+00 5.633413410831129564e-01
4.959999999999999964e+00 5.606518439215756322e-01
4.980000000000000426e+00 5.579809906276350651e-01
5.000000000000000000e+00 5.553285821467720540e-01
5.020000000000000462e+00 5.526944314010534542e-01
5.040000000000000036e+00 5.500783453447704030e-01
5.060000000000000497e+00 5.474801425033811730e-01
5.080000000000000071e+00 5.448996356164912402e-01
5.100000000000000533e+00 5.423366485924819846e-01
5.120000000000000107e+00 5.397909997427502438e-01
5.139999999999999680e+00 5.372625181480840117e-01
5.160000000000000142e+00 5.347510274876328129e-01
5.179999999999999716e+00 5.322563618131995744e-01
5.200000000000000178e+00 5.297783499766550719e-01
5.219999999999999751e+00 5.273168308084291711e-01
5.240000000000000213e+00 5.248716381466491665e-01
5.259999999999999787e+00 5.224426154162072899e-01
5.280000000000000249e+00 5.200296012631571152e-01
5.299999999999999822e+00 5.176324435308512495e-01
5.320000000000000284e+00 5.152509855026827790e-01
5.339999999999999858e+00 5.128850792718853135e-01
5.360000000000000320e+00 5.105345725959702374e-01
5.379999999999999893e+00 5.081993216568644334e-01
5.400000000000000355e+00 5.058791785299905364e-01
5.419999999999999929e+00 5.035740033314894948e-01
5.440000000000000391e+00 5.012836523051500404e-01
5.459999999999999964e+00 4.990079893535701583e-01
5.480000000000000426e+00 4.967468747457130518e-01
5.500000000000000000e+00 4.945001760289363668e-01
5.520000000000000462e+00 4.922677573602303180e-01
5.540000000000000036e+00 4.900494897961283902e-01
5.560000000000000497e+00 4.878452412502651825e-01
5.580000000000000071e+00 4.856548861582432042e-01
5.600000000000000533e+00 4.834782960644460892e-01
5.620000000000000107e+00 4.813153486590087127e-01
5.639999999999999680e+00 4.791659189964012633e-01
5.660000000000000142e+00 4.770298879017150773e-01
5.679999999999999716e+00 4.749071338238285978e-01
5.700000000000000178e+00 4.727975406082881582e-01
5.719999999999999751e+00 4.707009899874646797e-01
5.740000000000000213e+00 4.686173687173509350e-01
5.759999999999999787e+00 4.665465617074256444e-01
5.780000000000000249e+00 4.644884585187554205e-01
5.799999999999999822e+00 4.624429471358741939e-01
5.820000000000000284e+00 4.604099198236247248e-01
5.839999999999999858e+00 4.583892675436683217e-01
5.860000000000000320e+00 4.563808851675574818e-01
5.879999999999999893e+00 4.543846665401063967e-01
5.900000000000000355e+00 4.524005090462041023e-01
5.919999999999999929e+00 4.504283093236025048e-01
5.940000000000000391e+00 4.484679671810329893e-01
5.959999999999999964e+00 4.465193819625714045e-01
5.980000000000000426e+00 4.445824558146397321e-01
6.000000000000000000e+00 4.426570907044579672e-01
6.020000000000000462e+00 4.407431910335525282e-01
6.040000000000000036e+00 4.388406613123886912e-01
6.060000000000000497e+00 4.369494081180372858e-01
6.080000000000000071e+00 4.350693384274539888e-01
6.100000000000000533e+00 4.332003609169670089e-01
6.120000000000000107e+00 4.313423849562623147e-01
6.140000000000000568e+00 4.294953212473875404e-01
6.160000000000000142e+00 4.276590814818707620e-01
6.179999999999999716e+00 4.258335783169466260e-01
6.200000000000000178e+00 4.240187256978470431e-01
6.219999999999999751e+00 4.222144381689482695e-01
6.240000000000000213e+00 4.204206318636687367e-01
6.259999999999999787e+00 4.186372231482614059e-01
6.280000000000000249e+00 4.168641302813297922e-01
6.299999999999999822e+00 4.151012713879888016e-01
6.320000000000000284e+00 4.133485667914318373e-01
6.339999999999999858e+00 4.116059363151822192e-01
6.360000000000000320e+00 4.098733022887302568e-01
6.379999999999999893e+00 4.081505861755967413e-01
6.400000000000000355e+00 4.064377122554877486e-01
6.419999999999999929e+00 4.047346035758742633e-01
6.440000000000000391e+00 4.030411863127039140e-01
6.459999999999999964e+00 4.013573850432061163e-01
6.480000000000000426e+00 3.996831277876282673e-01
6.500000000000000000e+00 3.980183406009474290e-01
6.520000000000000462e+00 3.963629532977078762e-01
6.540000000000000036e+00 3.947168933603010799e-01
6.560000000000000497e+00 3.930800923494280896e-01
6.580000000000000071e+00 3.914524791265903136e-01
6.600000000000000533e+00 3.898339869522906009e-01
6.620000000000000107e+00 3.882245460203521126e-01
6.640000000000000568e+00 3.866240912464383173e-01
6.660000000000000142e+00 3.850325541117797790e-01
6.679999999999999716e+00 3.834498711441999275e-01
6.700000000000000178e+00 3.818759750688029420e-01
6.719999999999999751e+00 3.803108039841486265e-01
6.740000000000000213e+00 3.787542918174255924e-01
6.759999999999999787e+00 3.772063781980175001e-01
6.780000000000000249e+00 3.756669982146432774e-01
6.799999999999999822e+00 3.741360929890580334e-01
6.820000000000000284e+00 3.726135987325808197e-01
6.839999999999999858e+00 3.710994580222830019e-01
6.860000000000000320e+00 3.695936081542677831e-01
6.879999999999999893e+00 3.680959931251985839e-01
6.900000000000000355e+00 3.666065512796779502e-01
6.919999999999999929e+00 3.651252279995309546e-01
6.940000000000000391e+00 3.636519626425615548e-01
6.959999999999999964e+00 3.621867019425620282e-01
6.980000000000000426e+00 3.607293862366681148e-01
7.000000000000000000e+00 3.592799635786413370e-01
7.020000000000000462e+00 3.578383752519683769e-01
7.040000000000000036e+00 3.564045705995211311e-01
7.060000000000000497e+00 3.549784918194967553e-01
7.080000000000000071e+00 3.535600895141192690e-01
7.100000000000000533e+00 3.521493067654467568e-01
7.120000000000000107e+00 3.507460954063641445e-01
7.140000000000000568e+00 3.493503993731933432e-01
7.160000000000000142e+00 3.479621717018032134e-01
7.179999999999999716e+00 3.465813571538945426e-01
7.200000000000000178e+00 3.452079099416249797e-01
7.219999999999999751e+00 3.438417756243625778e-01
7.240000000000000213e+00 3.424829095648087574e-01
7.259999999999999787e+00 3.411312580929186100e-01
7.280000000000000249e+00 3.397867776970956433e-01
7.299999999999999822e+00 3.384494154519055442e-01
7.320000000000000284e+00 3.371191289474946839e-01
7.339999999999999858e+00 3.357958659776236754e-01
7.360000000000000320e+00 3.344795852110685197e-01
7.379999999999999893e+00 3.331702351364053127e-01
7.400000000000000355e+00 3.318677754787424106e-01
7.419999999999999929e+00 3.305721553975795035e-01
7.440000000000000391e+00 3.292833356528444000e-01
7.459999999999999964e+00 3.280012660520590373e-01
7.480000000000000426e+00 3.267259083692161115e-01
7.500000000000000000e+00 3.254572130373784011e-01
7.520000000000000462e+00 3.241951428245776756e-01
7.540000000000000036e+00 3.229396487678768968e-01
7.560000000000000497e+00 3.216906946100352438e-01
7.580000000000000071e+00 3.204482319709214266e-01
7.600000000000000533e+00 3.192122255493850536e-01
7.620000000000000107e+00 3.179826275278117009e-01
7.640000000000000568e+00 3.167594035431697264e-01
7.660000000000000142e+00 3.155425063203681768e-01
7.679999999999999716e+00 3.143319024171525866e-01
7.700000000000000178e+00 3.131275450818097328e-01
7.719999999999999751e+00 3.119294017761416460e-01
7.740000000000000213e+00 3.107374262529197795e-01
7.759999999999999787e+00 3.095515868618758937e-01
7.780000000000000249e+00 3.083718378421803075e-01
7.799999999999999822e+00 3.071981484159398423e-01
7.820000000000000284e+00 3.060304732908443737e-01
7.839999999999999858e+00 3.048687825463800016e-01
7.860000000000000320e+00 3.037130313416431804e-01
7.879999999999999893e+00 3.025631905990455173e-01
7.900000000000000355e+00 3.014192159121369952e-01
7.919999999999999929e+00 3.002810790323200973e-01
7.940000000000000391e+00 2.991487359713850824e-01
7.959999999999999964e+00 2.980221592962953858e-01
7.980000000000000426e+00 2.969013054209872493e-01
8.000000000000000000e+00 2.957861477150413587e-01
8.019999999999999574e+00 2.946766429791500275e-01
8.040000000000000924e+00 2.935727653730528797e-01
8.060000000000000497e+00 2.924744720688814414e-01
8.080000000000000071e+00 2.913817380045300998e-01
8.099999999999999645e+00 2.902945207089404622e-01
8.120000000000000995e+00 2.892127958866008708e-01
8.140000000000000568e+00 2.881365214086777926e-01
8.160000000000000142e+00 2.870656737351267029e-01
8.179999999999999716e+00 2.860002110653963592e-01
8.199999999999999289e+00 2.849401106042144804e-01
8.220000000000000639e+00 2.838853308653769836e-01
8.240000000000000213e+00 2.828358497880918976e-01
8.259999999999999787e+00 2.817916261872019934e-01
8.279999999999999361e+00 2.807526387265007473e-01
8.300000000000000711e+00 2.797188465085513887e-01
8.320000000000000284e+00 2.786902289122217269e-01
8.339999999999999858e+00 2.776667453150758469e-01
8.359999999999999432e+00 2.766483758019319117e-01
8.380000000000000782e+00 2.756350800125710876e-01
8.400000000000000355e+00 2.746268387289979573e-01
8.419999999999999929e+00 2.736236118410274032e-01
8.439999999999999503e+00 2.726253808194408212e-01
8.460000000000000853e+00 2.716321057918125725e-01
8.480000000000000426e+00 2.706437689096395371e-01
8.500000000000000000e+00 2.696603305265526940e-01
8.519999999999999574e+00 2.686817734670524094e-01
8.540000000000000924e+00 2.677080582989955770e-01
8.560000000000000497e+00 2.667391685124994583e-01
8.580000000000000071e+00 2.657750648783927527e-01
8.599999999999999645e+00 2.648157315453412708e-01
8.620000000000000995e+00 2.638611294757295944e-01
8.640000000000000568e+00 2.629112434700254797e-01
8.660000000000000142e+00 2.619660346713095778e-01
8.679999999999999716e+00 2.610254885254171264e-01
8.700000000000001066e+00 2.600895663450770168e-01
8.720000000000000639e+00 2.591582542153551549e-01
8.740000000000000213e+00 2.582315136081252960e-01
8.759999999999999787e+00 2.573093312418471279e-01
8.779999999999999361e+00 2.563916687368279490e-01
8.800000000000000711e+00 2.554785134393660062e-01
8.820000000000000284e+00 2.545698271080215624e-01
8.839999999999999858e+00 2.536655977116717975e-01
8.859999999999999432e+00 2.527657871367094966e-01
8.880000000000000782e+00 2.518703839696026514e-01
8.900000000000000355e+00 2.509793502146816513e-01
8.919999999999999929e+00 2.500926750712931801e-01
8.939999999999999503e+00 2.492103206515464409e-01
8.960000000000000853e+00 2.483322767632255568e-01
8.980000000000000426e+00 2.474585056165735653e-01
9.000000000000000000e+00 2.465889976236337600e-01
9.019999999999999574e+00 2.457237150828514016e-01
9.040000000000000924e+00 2.448626490066103945e-01
9.060000000000000497e+00 2.440057617721350103e-01
9.080000000000000071e+00 2.431530449884875822e-01
9.099999999999999645e+00 2.423044611019376793e-01
9.120000000000000995e+00 2.414600023148143759e-01
9.140000000000000568e+00 2.406196311331927906e-01
9.160000000000000142e+00 2.397833403495208682e-01
9.179999999999999716e+00 2.389510925200997449e-01
9.200000000000001066e+00 2.381228810245814287e-01
9.220000000000000639e+00 2.372986684604255492e-01
9.240000000000000213e+00 2.364784487918123179e-01
9.259999999999999787e+00 2.356621846479207416e-01
9.279999999999999361e+00 2.348498705750328430e-01
9.300000000000000711e+00 2.340414692251007456e-01
9.320000000000000284e+00 2.332369757243192010e-01
9.339999999999999858e+00 2.324363527380814975e-01
9.359999999999999432e+00 2.316395959705453977e-01
9.380000000000000782e+00 2.308466680916967939e-01
9.400000000000000355e+00 2.300575653819321720e-01
9.419999999999999929e+00 2.292722505065850347e-01
9.439999999999999503e+00 2.284907203208080828e-01
9.460000000000000853e+00 2.277129374765036185e-01
9.480000000000000426e+00 2.269388994023234518e-01
9.500000000000000000e+00 2.261685687275423184e-01
9.519999999999999574e+00 2.254019434532868460e-01
9.540000000000000924e+00 2.246389861774847618e-01
9.560000000000000497e+00 2.238796954729359856e-01
9.580000000000000071e+00 2.231240338970442161e-01
9.599999999999999645e+00 2.223720005937192268e-01
9.620000000000000995e+00 2.216235580711378994e-01
