# Electrodo circular de radio 6 mm y espesor 710.0 um.
# Volumen de simulacion (convencion z,y,x):
# N: 1024 x 1024 x 1024 | voxelSize:  0.02mm x 0.02mm x 0.02mm | FOV:  20.48mm x 20.48mm x 20.48mm
# 
# z [mm]		 delta[ppm]
0.000000000000000000e+00 2.361818741454152715e+00
2.000000000000000042e-02 2.359450381586552847e+00
4.000000000000000083e-02 2.357009745692143277e+00
5.999999999999999778e-02 2.354497199261738061e+00
8.000000000000000167e-02 2.351913129587592355e+00
1.000000000000000056e-01 2.349257938644680799e+00
1.199999999999999956e-01 2.346532036619105810e+00
1.400000000000000133e-01 2.343735845447643573e+00
1.600000000000000033e-01 2.340869794961708994e+00
1.799999999999999933e-01 2.337934326465398449e+00
2.000000000000000111e-01 2.334929888800789222e+00
2.200000000000000011e-01 2.331856942056558246e+00
2.399999999999999911e-01 2.328715953460470889e+00
2.600000000000000089e-01 2.325507401255497708e+00
2.800000000000000266e-01 2.322231770413174967e+00
2.999999999999999889e-01 2.318889556680614916e+00
3.200000000000000067e-01 2.315481262113252114e+00
3.400000000000000244e-01 2.312007399292749454e+00
3.599999999999999867e-01 2.308468486681605647e+00
3.800000000000000044e-01 2.304865053010301867e+00
4.000000000000000222e-01 2.301197632456019715e+00
4.199999999999999845e-01 2.297466769197130443e+00
4.400000000000000022e-01 2.293673012419111146e+00
4.600000000000000200e-01 2.289816921034103725e+00
4.799999999999999822e-01 2.285899058517089522e+00
5.000000000000000000e-01 2.281919997788051990e+00
5.200000000000000178e-01 2.277880315881827045e+00
5.400000000000000355e-01 2.273780598990285284e+00
5.600000000000000533e-01 2.269621436969240236e+00
5.799999999999999600e-01 2.265403428537945629e+00
5.999999999999999778e-01 2.261127175626665764e+00
6.199999999999999956e-01 2.256793288730665648e+00
6.400000000000000133e-01 2.252402381102082352e+00
6.600000000000000311e-01 2.247955074255458818e+00
6.800000000000000488e-01 2.243451992007737150e+00
7.000000000000000666e-01 2.238893766132274088e+00
7.199999999999999734e-01 2.234281030250814037e+00
7.399999999999999911e-01 2.229614425632823416e+00
7.600000000000000089e-01 2.224894594943432669e+00
7.800000000000000266e-01 2.220122188184821432e+00
8.000000000000000444e-01 2.215297856304186741e+00
8.200000000000000622e-01 2.210422257273788826e+00
8.399999999999999689e-01 2.205496049563123506e+00
8.599999999999999867e-01 2.200519898354126092e+00
8.800000000000000044e-01 2.195494468881824091e+00
9.000000000000000222e-01 2.190420432781058580e+00
9.200000000000000400e-01 2.185298461299971517e+00
9.400000000000000577e-01 2.180129231774561305e+00
9.599999999999999645e-01 2.174913420719402524e+00
9.799999999999999822e-01 2.169651710426208524e+00
1.000000000000000000e+00 2.164344781936329287e+00
1.020000000000000018e+00 2.158993321759368200e+00
1.040000000000000036e+00 2.153598014732053034e+00
1.060000000000000053e+00 2.148159550852885680e+00
1.080000000000000071e+00 2.142678618032050952e+00
1.100000000000000089e+00 2.137155909037944834e+00
1.120000000000000107e+00 2.131592114142903505e+00
1.140000000000000124e+00 2.125987928177345943e+00
1.159999999999999920e+00 2.120344043076153095e+00
1.179999999999999938e+00 2.114661155036058116e+00
1.199999999999999956e+00 2.108939956967616158e+00
1.219999999999999973e+00 2.103181145751367165e+00
1.239999999999999991e+00 2.097385414600358544e+00
1.260000000000000009e+00 2.091553460410540133e+00
1.280000000000000027e+00 2.085685976038899270e+00
1.300000000000000044e+00 2.079783657743395242e+00
1.320000000000000062e+00 2.073847197381860408e+00
1.340000000000000080e+00 2.067877289936689067e+00
1.360000000000000098e+00 2.061874625639711578e+00
1.380000000000000115e+00 2.055839897576763775e+00
1.400000000000000133e+00 2.049773793743800976e+00
1.419999999999999929e+00 2.043677004726374147e+00
1.439999999999999947e+00 2.037550215692324862e+00
1.459999999999999964e+00 2.031394114141099383e+00
1.479999999999999982e+00 2.025209381838426470e+00
1.500000000000000000e+00 2.018996702630290407e+00
1.520000000000000018e+00 2.012756754325093045e+00
1.540000000000000036e+00 2.006490216566984230e+00
1.560000000000000053e+00 2.000197762671051205e+00
1.580000000000000071e+00 1.993880067550670931e+00
1.600000000000000089e+00 1.987537799511311265e+00
1.620000000000000107e+00 1.981171628226436887e+00
1.640000000000000124e+00 1.974782216495609255e+00
1.660000000000000142e+00 1.968370228263386146e+00
1.679999999999999938e+00 1.961936320347449358e+00
1.699999999999999956e+00 1.955481150494861708e+00
1.719999999999999973e+00 1.949005369086011186e+00
1.739999999999999991e+00 1.942509627222498425e+00
1.760000000000000009e+00 1.935994568412746863e+00
1.780000000000000027e+00 1.929460836685694902e+00
1.800000000000000044e+00 1.922909068263999544e+00
1.820000000000000062e+00 1.916339899697618421e+00
1.840000000000000080e+00 1.909753959530587020e+00
1.860000000000000098e+00 1.903151876448495594e+00
1.880000000000000115e+00 1.896534270944868483e+00
1.900000000000000133e+00 1.889901763476480756e+00
1.919999999999999929e+00 1.883254966135401887e+00
1.939999999999999947e+00 1.876594490806017257e+00
1.959999999999999964e+00 1.869920940848890378e+00
1.979999999999999982e+00 1.863234919253231370e+00
2.000000000000000000e+00 1.856537020338798083e+00
2.020000000000000018e+00 1.849827837897507266e+00
2.040000000000000036e+00 1.843107956919618262e+00
2.060000000000000053e+00 1.836377961718115293e+00
2.080000000000000071e+00 1.829638427685470470e+00
2.100000000000000089e+00 1.822889929394345687e+00
2.120000000000000107e+00 1.816133032391320956e+00
2.140000000000000124e+00 1.809368301267366475e+00
2.160000000000000142e+00 1.802596291494951375e+00
2.180000000000000160e+00 1.795817557461698133e+00
2.200000000000000178e+00 1.789032644357348101e+00
2.220000000000000195e+00 1.782242096163920708e+00
2.240000000000000213e+00 1.775446447599068112e+00
2.260000000000000231e+00 1.768646232056003464e+00
2.280000000000000249e+00 1.761841973609818313e+00
2.300000000000000266e+00 1.755034194900384037e+00
2.319999999999999840e+00 1.748223409208261581e+00
2.339999999999999858e+00 1.741410128273708002e+00
2.359999999999999876e+00 1.734594854448865409e+00
2.379999999999999893e+00 1.727778088445955040e+00
2.399999999999999911e+00 1.720960321572457374e+00
2.419999999999999929e+00 1.714142043401508220e+00
2.439999999999999947e+00 1.707323734096876100e+00
2.459999999999999964e+00 1.700505871998499341e+00
2.479999999999999982e+00 1.693688926044084830e+00
2.500000000000000000e+00 1.686873363262695769e+00
2.520000000000000018e+00 1.680059641299850526e+00
2.540000000000000036e+00 1.673248215812007444e+00
2.560000000000000053e+00 1.666439533102084924e+00
2.580000000000000071e+00 1.659634037407627938e+00
2.600000000000000089e+00 1.652832163653736641e+00
2.620000000000000107e+00 1.646034344627651969e+00
2.640000000000000124e+00 1.639241003856109602e+00
2.660000000000000142e+00 1.632452562659025164e+00
2.680000000000000160e+00 1.625669433158360766e+00
2.700000000000000178e+00 1.618892025203543694e+00
2.720000000000000195e+00 1.612120739518943413e+00
2.740000000000000213e+00 1.605355974493614557e+00
2.760000000000000231e+00 1.598598119474575530e+00
2.780000000000000249e+00 1.591847561413400669e+00
2.800000000000000266e+00 1.585104678312485360e+00
2.819999999999999840e+00 1.578369845721011799e+00
2.839999999999999858e+00 1.571643430341449044e+00
2.859999999999999876e+00 1.564925796367339084e+00
2.879999999999999893e+00 1.558217299257326216e+00
2.899999999999999911e+00 1.551518291907163505e+00
2.919999999999999929e+00 1.544829118598644913e+00
2.939999999999999947e+00 1.538150120998165615e+00
2.959999999999999964e+00 1.531481632287941874e+00
2.979999999999999982e+00 1.524823982983465998e+00
3.000000000000000000e+00 1.518177495254438458e+00
3.020000000000000018e+00 1.511542488553405450e+00
3.040000000000000036e+00 1.504919274133858620e+00
3.060000000000000053e+00 1.498308160482297202e+00
3.080000000000000071e+00 1.491709448041036223e+00
3.100000000000000089e+00 1.485123434435882350e+00
3.120000000000000107e+00 1.478550409411195643e+00
3.140000000000000124e+00 1.471990659845358707e+00
3.160000000000000142e+00 1.465444464905700572e+00
3.180000000000000160e+00 1.458912100843870574e+00
3.200000000000000178e+00 1.452393836378261804e+00
3.220000000000000195e+00 1.445889937261412461e+00
3.240000000000000213e+00 1.439400661897578759e+00
3.260000000000000231e+00 1.432926265674225652e+00
3.280000000000000249e+00 1.426466996822493005e+00
3.300000000000000266e+00 1.420023100504780533e+00
3.320000000000000284e+00 1.413594814925869025e+00
3.339999999999999858e+00 1.407182375168598121e+00
3.359999999999999876e+00 1.400786009563433021e+00
3.379999999999999893e+00 1.394405943264194869e+00
3.399999999999999911e+00 1.388042394883929997e+00
3.419999999999999929e+00 1.381695579802595386e+00
3.439999999999999947e+00 1.375365707077095934e+00
3.459999999999999964e+00 1.369052982472865665e+00
3.479999999999999982e+00 1.362757605655956938e+00
3.500000000000000000e+00 1.356479772940364148e+00
3.520000000000000018e+00 1.350219674770143818e+00
3.540000000000000036e+00 1.343977498174322660e+00
3.560000000000000053e+00 1.337753424547019065e+00
3.580000000000000071e+00 1.331547631801713649e+00
3.600000000000000089e+00 1.325360292457437916e+00
3.620000000000000107e+00 1.319191575484187862e+00
3.640000000000000124e+00 1.313041644703199395e+00
3.660000000000000142e+00 1.306910660315270478e+00
3.680000000000000160e+00 1.300798777623235924e+00
3.700000000000000178e+00 1.294706148234882948e+00
3.720000000000000195e+00 1.288632919115782594e+00
3.740000000000000213e+00 1.282579233458481793e+00
3.760000000000000231e+00 1.276545230073844905e+00
3.780000000000000249e+00 1.270531043918203151e+00
3.800000000000000266e+00 1.264536805831397270e+00
3.820000000000000284e+00 1.258562642713500379e+00
3.839999999999999858e+00 1.252608677617833788e+00
3.859999999999999876e+00 1.246675029568852677e+00
3.879999999999999893e+00 1.240761814018396247e+00
3.899999999999999911e+00 1.234869142296306288e+00
3.919999999999999929e+00 1.228997122438249434e+00
3.939999999999999947e+00 1.223145858260598073e+00
3.959999999999999964e+00 1.217315450568162261e+00
3.979999999999999982e+00 1.211505995844845973e+00
4.000000000000000000e+00 1.205717587849699735e+00
4.020000000000000462e+00 1.199950315914813492e+00
4.040000000000000036e+00 1.194204266938095671e+00
4.060000000000000497e+00 1.188479523279880157e+00
4.080000000000000071e+00 1.182776165160881687e+00
4.099999999999999645e+00 1.177094268148954237e+00
4.120000000000000107e+00 1.171433905970689082e+00
4.139999999999999680e+00 1.165795147579705482e+00
4.160000000000000142e+00 1.160178060390471000e+00
4.179999999999999716e+00 1.154582706919471846e+00
4.200000000000000178e+00 1.149009148449779083e+00
4.219999999999999751e+00 1.143457441236459537e+00
4.240000000000000213e+00 1.137927640610510771e+00
4.259999999999999787e+00 1.132419796739800644e+00
4.280000000000000249e+00 1.126933959180974387e+00
4.299999999999999822e+00 1.121470172187218228e+00
4.320000000000000284e+00 1.116028479716838717e+00
4.339999999999999858e+00 1.110608920279055667e+00
4.360000000000000320e+00 1.105211532407977870e+00
4.379999999999999893e+00 1.099836349037627725e+00
4.400000000000000355e+00 1.094483403450052572e+00
4.419999999999999929e+00 1.089152723170796699e+00
4.440000000000000391e+00 1.083844336399876429e+00
4.459999999999999964e+00 1.078558265418865236e+00
4.480000000000000426e+00 1.073294533513593052e+00
4.500000000000000000e+00 1.068053157883902093e+00
4.520000000000000462e+00 1.062834157066935514e+00
4.540000000000000036e+00 1.057637543340679720e+00
4.560000000000000497e+00 1.052463330656707496e+00
4.580000000000000071e+00 1.047311526528559300e+00
4.600000000000000533e+00 1.042182140482871278e+00
4.620000000000000107e+00 1.037075175423597617e+00
4.639999999999999680e+00 1.031990636610525591e+00
4.660000000000000142e+00 1.026928522490308637e+00
4.679999999999999716e+00 1.021888834211345243e+00
4.700000000000000178e+00 1.016871565912583097e+00
4.719999999999999751e+00 1.011876714783839892e+00
4.740000000000000213e+00 1.006904270803253842e+00
4.759999999999999787e+00 1.001954227352132465e+00
4.780000000000000249e+00 9.970265703919246603e-01
4.799999999999999822e+00 9.921212896427427097e-01
4.820000000000000284e+00 9.872383671906842517e-01
4.839999999999999858e+00 9.823777892391758471e-01
4.860000000000000320e+00 9.775395341374534253e-01
4.879999999999999893e+00 9.727235847139400482e-01
4.900000000000000355e+00 9.679299157166462164e-01
4.919999999999999929e+00 9.631585067378305443e-01
4.940000000000000391e+00 9.584093290570131485e-01
4.959999999999999964e+00 9.536823591662507704e-01
4.980000000000000426e+00 9.489775650064313783e-01
5.000000000000000000e+00 9.442949201024859462e-01
5.020000000000000462e+00 9.396343891836033135e-01
5.040000000000000036e+00 9.349959429377791009e-01
5.060000000000000497e+00 9.303795430065320282e-01
5.080000000000000071e+00 9.257851573682117641e-01
5.100000000000000533e+00 9.212127446977678158e-01
5.120000000000000107e+00 9.166622703883078316e-01
5.139999999999999680e+00 9.121336902664051172e-01
5.160000000000000142e+00 9.076269672614369899e-01
5.179999999999999716e+00 9.031420544668781192e-01
5.200000000000000178e+00 8.986789124670091500e-01
5.219999999999999751e+00 8.942374917346008756e-01
5.240000000000000213e+00 8.898177506246058854e-01
5.259999999999999787e+00 8.854196370985834008e-01
5.280000000000000249e+00 8.810431073950720782e-01
5.299999999999999822e+00 8.766881070710725865e-01
5.320000000000000284e+00 8.723545903587933692e-01
5.339999999999999858e+00 8.680425005144600803e-01
5.360000000000000320e+00 8.637517898712401276e-01
5.379999999999999893e+00 8.594823994855540494e-01
5.400000000000000355e+00 8.552342798960226311e-01
5.419999999999999929e+00 8.510073700574332101e-01
5.440000000000000391e+00 8.468016188156012314e-01
5.459999999999999964e+00 8.426169631190972842e-01
5.480000000000000426e+00 8.384533502199454924e-01
5.500000000000000000e+00 8.343107151531636845e-01
5.520000000000000462e+00 8.301890036733134970e-01
5.540000000000000036e+00 8.260881489918211473e-01
5.560000000000000497e+00 8.220080954594554123e-01
5.580000000000000071e+00 8.179487745513471797e-01
5.600000000000000533e+00 8.139101293055016617e-01
5.620000000000000107e+00 8.098920895454252422e-01
5.639999999999999680e+00 8.058945970848194751e-01
5.660000000000000142e+00 8.019175801776193824e-01
5.679999999999999716e+00 7.979609794991384675e-01
5.700000000000000178e+00 7.940247218132427953e-01
5.719999999999999751e+00 7.901087467402578834e-01
5.740000000000000213e+00 7.862129796309753615e-01
5.759999999999999787e+00 7.823373591316670206e-01
5.780000000000000249e+00 7.784818092545556789e-01
5.799999999999999822e+00 7.746462677503758165e-01
5.820000000000000284e+00 7.708306573648625593e-01
5.839999999999999858e+00 7.670349150293438445e-01
5.860000000000000320e+00 7.632589622927460349e-01
5.879999999999999893e+00 7.595027353407924897e-01
5.900000000000000355e+00 7.557661545929393876e-01
5.919999999999999929e+00 7.520491555608059819e-01
5.940000000000000391e+00 7.483516575994114683e-01
5.959999999999999964e+00 7.446735956155350333e-01
5.980000000000000426e+00 7.410148879625273466e-01
6.000000000000000000e+00 7.373754690093865527e-01
6.020000000000000462e+00 7.337552561683555741e-01
6.040000000000000036e+00 7.301541833355492672e-01
6.060000000000000497e+00 7.265721670404982069e-01
6.080000000000000071e+00 7.230091407692317285e-01
6.100000000000000533e+00 7.194650202248198401e-01
6.120000000000000107e+00 7.159397385439462136e-01
6.140000000000000568e+00 7.124332106574149392e-01
6.160000000000000142e+00 7.089453694112686222e-01
6.179999999999999716e+00 7.054761290162027132e-01
6.200000000000000178e+00 7.020254220843702431e-01
6.219999999999999751e+00 6.985931621565163452e-01
6.240000000000000213e+00 6.951792816657255125e-01
6.259999999999999787e+00 6.917836935310311963e-01
6.280000000000000249e+00 6.884063300593903367e-01
6.299999999999999822e+00 6.850471035944444287e-01
6.320000000000000284e+00 6.817059463681377496e-01
6.339999999999999858e+00 6.783827701932048093e-01
6.360000000000000320e+00 6.750775072758968820e-01
6.379999999999999893e+00 6.717900689407173553e-01
6.400000000000000355e+00 6.685203874158085480e-01
6.419999999999999929e+00 6.652683735783481156e-01
6.440000000000000391e+00 6.620339597242596019e-01
6.459999999999999964e+00 6.588170563225921317e-01
6.480000000000000426e+00 6.556175957812822030e-01
6.500000000000000000e+00 6.524354881987696197e-01
6.520000000000000462e+00 6.492706661376338451e-01
6.540000000000000036e+00 6.461230393615889911e-01
6.560000000000000497e+00 6.429925406289177525e-01
6.580000000000000071e+00 6.398790794029134421e-01
6.600000000000000533e+00 6.367825886771090182e-01
6.620000000000000107e+00 6.337029776471215792e-01
6.640000000000000568e+00 6.306401795797976773e-01
6.660000000000000142e+00 6.275941034343333058e-01
6.679999999999999716e+00 6.245646827875103169e-01
6.700000000000000178e+00 6.215518263918855535e-01
6.719999999999999751e+00 6.185554681694110934e-01
6.740000000000000213e+00 6.155755166943650547e-01
6.759999999999999787e+00 6.126119062677468641e-01
6.780000000000000249e+00 6.096645453125330016e-01
6.799999999999999822e+00 6.067333685413313082e-01
6.820000000000000284e+00 6.038182842514464577e-01
6.839999999999999858e+00 6.009192275983842313e-01
6.860000000000000320e+00 5.980361067781024831e-01
6.879999999999999893e+00 5.951688574190551195e-01
6.900000000000000355e+00 5.923173876389103976e-01
6.919999999999999929e+00 5.894816335679231578e-01
6.940000000000000391e+00 5.866615032673007102e-01
6.959999999999999964e+00 5.838569333967801311e-01
6.980000000000000426e+00 5.810678319817411674e-01
7.000000000000000000e+00 5.782941362379756534e-01
7.020000000000000462e+00 5.755357541745010908e-01
7.040000000000000036e+00 5.727926235886434680e-01
7.060000000000000497e+00 5.700646524914037006e-01
7.080000000000000071e+00 5.673517792860615083e-01
7.100000000000000533e+00 5.646539120028614134e-01
7.120000000000000107e+00 5.619709896744413680e-01
7.140000000000000568e+00 5.593029203664848792e-01
7.160000000000000142e+00 5.566496437634110839e-01
7.179999999999999716e+00 5.540110679815165584e-01
7.200000000000000178e+00 5.513871333784642337e-01
7.219999999999999751e+00 5.487777481353509623e-01
7.240000000000000213e+00 5.461828533036289235e-01
7.259999999999999787e+00 5.436023571424173362e-01
7.280000000000000249e+00 5.410362014166140154e-01
7.299999999999999822e+00 5.384842944756483840e-01
7.320000000000000284e+00 5.359465788166638545e-01
7.339999999999999858e+00 5.334229628908003784e-01
7.360000000000000320e+00 5.309133899454138161e-01
7.379999999999999893e+00 5.284177685438764538e-01
7.400000000000000355e+00 5.259360427009229788e-01
7.419999999999999929e+00 5.234681211018398228e-01
7.440000000000000391e+00 5.210139485451479313e-01
7.459999999999999964e+00 5.185734338469072391e-01
7.480000000000000426e+00 5.161465226050817590e-01
7.500000000000000000e+00 5.137331237745866863e-01
7.520000000000000462e+00 5.113331837677665970e-01
7.540000000000000036e+00 5.089466116857213063e-01
7.560000000000000497e+00 5.065733547694259986e-01
7.580000000000000071e+00 5.042133222727390729e-01
7.600000000000000533e+00 5.018664622788534535e-01
7.620000000000000107e+00 4.995326842002743017e-01
7.640000000000000568e+00 4.972119369753650875e-01
7.660000000000000142e+00 4.949041301804541493e-01
7.679999999999999716e+00 4.926092136214135775e-01
7.700000000000000178e+00 4.903270970429318698e-01
7.719999999999999751e+00 4.880577311301261823e-01
7.740000000000000213e+00 4.858010257999397785e-01
7.759999999999999787e+00 4.835569326279149371e-01
7.780000000000000249e+00 4.813253617065246792e-01
7.799999999999999822e+00 4.791062655123674574e-01
7.820000000000000284e+00 4.768995543161287931e-01
7.839999999999999858e+00 4.747051815055685076e-01
7.860000000000000320e+00 4.725230575317020398e-01
7.879999999999999893e+00 4.703531367030541199e-01
7.900000000000000355e+00 4.681953296525301900e-01
7.919999999999999929e+00 4.660495916185422582e-01
7.940000000000000391e+00 4.639158334169199427e-01
7.959999999999999964e+00 4.617940112246201600e-01
7.980000000000000426e+00 4.596840360409158999e-01
8.000000000000000000e+00 4.575858649895241381e-01
8.019999999999999574e+00 4.554994092531946537e-01
8.040000000000000924e+00 4.534246269101924187e-01
8.060000000000000497e+00 4.513614293263014665e-01
8.080000000000000071e+00 4.493097755417173045e-01
8.099999999999999645e+00 4.472695771043645463e-01
8.120000000000000995e+00 4.452407940233583106e-01
8.140000000000000568e+00 4.432233380274318013e-01
8.160000000000000142e+00 4.412171701012376768e-01
8.179999999999999716e+00 4.392222021525681308e-01
8.199999999999999289e+00 4.372383961478704673e-01
8.220000000000000639e+00 4.352656641718448127e-01
8.240000000000000213e+00 4.333039691786539360e-01
8.259999999999999787e+00 4.313532234273626531e-01
8.279999999999999361e+00 4.294133908654427234e-01
8.300000000000000711e+00 4.274843839234105936e-01
8.320000000000000284e+00 4.255661675473331740e-01
8.339999999999999858e+00 4.236586543359054380e-01
8.359999999999999432e+00 4.217618102387712953e-01
8.380000000000000782e+00 4.198755480192096767e-01
8.400000000000000355e+00 4.179998346351327387e-01
8.419999999999999929e+00 4.161345830104686838e-01
8.439999999999999503e+00 4.142797611158272608e-01
8.460000000000000853e+00 4.124352820315393409e-01
8.480000000000000426e+00 4.106011147450809307e-01
8.500000000000000000e+00 4.087771724886472557e-01
8.519999999999999574e+00 4.069634252705027211e-01
8.540000000000000924e+00 4.051597864698748275e-01
8.560000000000000497e+00 4.033662271195053717e-01
8.580000000000000071e+00 4.015826607405573734e-01
8.599999999999999645e+00 3.998090593937067561e-01
8.620000000000000995e+00 3.980453367366982853e-01
8.640000000000000568e+00 3.962914658613886365e-01
8.660000000000000142e+00 3.945473605565005815e-01
8.679999999999999716e+00 3.928129949481186656e-01
8.700000000000001066e+00 3.910882829501034497e-01
8.720000000000000639e+00 3.893731997256184019e-01
8.740000000000000213e+00 3.876676593076002764e-01
8.759999999999999787e+00 3.859716378989532237e-01
8.779999999999999361e+00 3.842850496454229825e-01
8.800000000000000711e+00 3.826078717921427841e-01
8.820000000000000284e+00 3.809400185911908099e-01
8.839999999999999858e+00 3.792814683322572322e-01
8.859999999999999432e+00 3.776321353670879510e-01
8.880000000000000782e+00 3.759919990320932937e-01
8.900000000000000355e+00 3.743609737718485708e-01
8.919999999999999929e+00 3.727390399714855529e-01
8.939999999999999503e+00 3.711261121614042868e-01
8.960000000000000853e+00 3.695221717773279901e-01
8.980000000000000426e+00 3.679271334283105155e-01
9.000000000000000000e+00 3.663409796023952558e-01
9.019999999999999574e+00 3.647636249799694474e-01
9.040000000000000924e+00 3.631950531029975449e-01
9.060000000000000497e+00 3.616351787157473519e-01
9.080000000000000071e+00 3.600839864155619408e-01
9.099999999999999645e+00 3.585413910030164630e-01
9.120000000000000995e+00 3.570073781321799200e-01
9.140000000000000568e+00 3.554818626522283642e-01
9.160000000000000142e+00 3.539648312752017301e-01
9.179999999999999716e+00 3.524561988910456245e-01
9.200000000000001066e+00 3.509559532709035090e-01
9.220000000000000639e+00 3.494640093375887546e-01
9.240000000000000213e+00 3.479803559223427212e-01
9.259999999999999787e+00 3.465049079728453885e-01
9.279999999999999361e+00 3.450376553813566671e-01
9.300000000000000711e+00 3.435785131123261227e-01
9.320000000000000284e+00 3.421274721198585556e-01
9.339999999999999858e+00 3.406844473769988779e-01
9.359999999999999432e+00 3.392494309004205899e-01
9.380000000000000782e+00 3.378223376635348663e-01
9.400000000000000355e+00 3.364031607461976381e-01
9.419999999999999929e+00 3.349918151139091305e-01
9.439999999999999503e+00 3.335882949102611517e-01
9.460000000000000853e+00 3.321925150844757813e-01
9.480000000000000426e+00 3.308044708443444448e-01
9.500000000000000000e+00 3.294240771144318902e-01
9.519999999999999574e+00 3.280513301670928694e-01
9.540000000000000924e+00 3.266861448938248591e-01
9.560000000000000497e+00 3.253285186318164435e-01
9.580000000000000071e+00 3.239783662310680712e-01
9.599999999999999645e+00 3.226356860938139337e-01
9.620000000000000995e+00 3.213003930200804548e-01
