# Electrodo circular de radio 6 mm y espesor 710.0 um.
# Volumen de simulacion (convencion z,y,x):
# N: 1024 x 1024 x 1024 | voxelSize:  0.02mm x 0.02mm x 0.02mm | FOV:  20.48mm x 20.48mm x 20.48mm
# 
# z [mm]		 delta[ppm]
0.000000000000000000e+00 3.557172112414481280e+00
2.000000000000000042e-02 3.541676660816015509e+00
4.000000000000000083e-02 3.525829534784557850e+00
5.999999999999999778e-02 3.509642775794830083e+00
8.000000000000000167e-02 3.493128598013916175e+00
1.000000000000000056e-01 3.476299282377600441e+00
1.199999999999999956e-01 3.459167164628278002e+00
1.400000000000000133e-01 3.441744619137979466e+00
1.600000000000000033e-01 3.424044036811148661e+00
1.799999999999999933e-01 3.406077811801187849e+00
2.000000000000000111e-01 3.387858317338197534e+00
2.200000000000000011e-01 3.369397895616997207e+00
2.399999999999999911e-01 3.350708832276619642e+00
2.600000000000000089e-01 3.331803349142897108e+00
2.800000000000000266e-01 3.312693578414650286e+00
2.999999999999999889e-01 3.293391557834280725e+00
3.200000000000000067e-01 3.273909205028918468e+00
3.400000000000000244e-01 3.254258314956311793e+00
3.599999999999999867e-01 3.234450534729954807e+00
3.800000000000000044e-01 3.214497363260899743e+00
4.000000000000000222e-01 3.194410126742202483e+00
4.199999999999999845e-01 3.174199980451257286e+00
4.400000000000000022e-01 3.153877885022184469e+00
4.600000000000000200e-01 3.133454610375405736e+00
4.799999999999999822e-01 3.112940712843283109e+00
5.000000000000000000e-01 3.092346541190412523e+00
5.200000000000000178e-01 3.071682214627963869e+00
5.400000000000000355e-01 3.050957630875200444e+00
5.600000000000000533e-01 3.030182445061584406e+00
5.799999999999999600e-01 3.009366079767360258e+00
5.999999999999999778e-01 2.988517704790681240e+00
6.199999999999999956e-01 2.967646249090914790e+00
6.400000000000000133e-01 2.946760381374760041e+00
6.600000000000000311e-01 2.925868523853817571e+00
6.800000000000000488e-01 2.904978833588556242e+00
7.000000000000000666e-01 2.884099217960806705e+00
7.199999999999999734e-01 2.863237316700067758e+00
7.399999999999999911e-01 2.842400518963441147e+00
7.600000000000000089e-01 2.821595945959757046e+00
7.800000000000000266e-01 2.800830469523267308e+00
8.000000000000000444e-01 2.780110695243935837e+00
8.200000000000000622e-01 2.759442982417572576e+00
8.399999999999999689e-01 2.738833427587174185e+00
8.599999999999999867e-01 2.718287885750724442e+00
8.800000000000000044e-01 2.697811954216905672e+00
9.000000000000000222e-01 2.677410994952425405e+00
9.200000000000000400e-01 2.657090118656525224e+00
9.400000000000000577e-01 2.636854208132091149e+00
9.599999999999999645e-01 2.616707902486074211e+00
9.799999999999999822e-01 2.596655621412609971e+00
1.000000000000000000e+00 2.576701549430895799e+00
1.020000000000000018e+00 2.556849660973743887e+00
1.040000000000000036e+00 2.537103704579981134e+00
1.060000000000000053e+00 2.517467228688125225e+00
1.080000000000000071e+00 2.497943565706862490e+00
1.100000000000000089e+00 2.478535858420400473e+00
1.120000000000000107e+00 2.459247043867767157e+00
1.140000000000000124e+00 2.440079880273780866e+00
1.159999999999999920e+00 2.421036930675431798e+00
1.179999999999999938e+00 2.402120590299988034e+00
1.199999999999999956e+00 2.383333069884471467e+00
1.219999999999999973e+00 2.364676423430141838e+00
1.239999999999999991e+00 2.346152531168651745e+00
1.260000000000000009e+00 2.327763127629678852e+00
1.280000000000000027e+00 2.309509784215002970e+00
1.300000000000000044e+00 2.291393937523298341e+00
1.320000000000000062e+00 2.273416871500520742e+00
1.340000000000000080e+00 2.255579745972808858e+00
1.360000000000000098e+00 2.237883578348471847e+00
1.380000000000000115e+00 2.220329272316451164e+00
1.400000000000000133e+00 2.202917599081481104e+00
1.419999999999999929e+00 2.185649226191550110e+00
1.439999999999999947e+00 2.168524698293745612e+00
1.459999999999999964e+00 2.151544466059629457e+00
1.479999999999999982e+00 2.134708866454533727e+00
1.500000000000000000e+00 2.118018151734683219e+00
1.520000000000000018e+00 2.101472469227567252e+00
1.540000000000000036e+00 2.085071890379029735e+00
1.560000000000000053e+00 2.068816390046498643e+00
1.580000000000000071e+00 2.052705875578130446e+00
1.600000000000000089e+00 2.036740165624505217e+00
1.620000000000000107e+00 2.020919019235225544e+00
1.640000000000000124e+00 2.005242114197797410e+00
1.660000000000000142e+00 1.989709076140033339e+00
1.679999999999999938e+00 1.974319456407635620e+00
1.699999999999999956e+00 1.959072761163138665e+00
1.719999999999999973e+00 1.943968428816007288e+00
1.739999999999999991e+00 1.929005859110848098e+00
1.760000000000000009e+00 1.914184390125823088e+00
1.780000000000000027e+00 1.899503327344518100e+00
1.800000000000000044e+00 1.884961920239937472e+00
1.820000000000000062e+00 1.870559391325747001e+00
1.840000000000000080e+00 1.856294912344441217e+00
1.860000000000000098e+00 1.842167633294652385e+00
1.880000000000000115e+00 1.828176658242981922e+00
1.900000000000000133e+00 1.814321074324846794e+00
1.919999999999999929e+00 1.800599927200188466e+00
1.939999999999999947e+00 1.787012250025897364e+00
1.959999999999999964e+00 1.773557038576036859e+00
1.979999999999999982e+00 1.760233280184174687e+00
2.000000000000000000e+00 1.747039928549157128e+00
2.020000000000000018e+00 1.733975932645868356e+00
2.040000000000000036e+00 1.721040211237628403e+00
2.060000000000000053e+00 1.708231681753937359e+00
2.080000000000000071e+00 1.695549234530652871e+00
2.100000000000000089e+00 1.682991761653202634e+00
2.120000000000000107e+00 1.670558130945531738e+00
2.140000000000000124e+00 1.658247214777082590e+00
2.160000000000000142e+00 1.646057863821361877e+00
2.180000000000000160e+00 1.633988935824760125e+00
2.200000000000000178e+00 1.622039269155266528e+00
2.220000000000000195e+00 1.610207711530885044e+00
2.240000000000000213e+00 1.598493093378762664e+00
2.260000000000000231e+00 1.586894256520626767e+00
2.280000000000000249e+00 1.575410027362149634e+00
2.300000000000000266e+00 1.564039245532479416e+00
2.319999999999999840e+00 1.552780736923308647e+00
2.339999999999999858e+00 1.541633342279176588e+00
2.359999999999999876e+00 1.530595890105250101e+00
2.379999999999999893e+00 1.519667225204670125e+00
2.399999999999999911e+00 1.508846181473648684e+00
2.419999999999999929e+00 1.498131610381742362e+00
2.439999999999999947e+00 1.487522353672398268e+00
2.459999999999999964e+00 1.477017271781604801e+00
2.479999999999999982e+00 1.466615216461626403e+00
2.500000000000000000e+00 1.456315059133115319e+00
2.520000000000000018e+00 1.446115663449253796e+00
2.540000000000000036e+00 1.436015913576053515e+00
2.560000000000000053e+00 1.426014686713736879e+00
2.580000000000000071e+00 1.416110881299569302e+00
2.600000000000000089e+00 1.406303389502834067e+00
2.620000000000000107e+00 1.396591125344216033e+00
2.640000000000000124e+00 1.386972997180362821e+00
2.660000000000000142e+00 1.377447935733487006e+00
2.680000000000000160e+00 1.368014866581059641e+00
2.700000000000000178e+00 1.358672738089008680e+00
2.720000000000000195e+00 1.349420493921737574e+00
2.740000000000000213e+00 1.340257100872009222e+00
2.760000000000000231e+00 1.331181521406067159e+00
2.780000000000000249e+00 1.322192741383037218e+00
2.800000000000000266e+00 1.313289742649610847e+00
2.819999999999999840e+00 1.304471530641536203e+00
2.839999999999999858e+00 1.295737107041953440e+00
2.859999999999999876e+00 1.287085497257342892e+00
2.879999999999999893e+00 1.278515723153277994e+00
2.899999999999999911e+00 1.270026830397009476e+00
2.919999999999999929e+00 1.261617861284076936e+00
2.939999999999999947e+00 1.253287881939491699e+00
2.959999999999999964e+00 1.245035955248384285e+00
2.979999999999999982e+00 1.236861167907616910e+00
3.000000000000000000e+00 1.228762603473304127e+00
3.020000000000000018e+00 1.220739369254555617e+00
3.040000000000000036e+00 1.212790569490458159e+00
3.060000000000000053e+00 1.204915332077505008e+00
3.080000000000000071e+00 1.197112781888379551e+00
3.100000000000000089e+00 1.189382067324496139e+00
3.120000000000000107e+00 1.181722333788691515e+00
3.140000000000000124e+00 1.174132750054243557e+00
3.160000000000000142e+00 1.166612481903293475e+00
3.180000000000000160e+00 1.159160718303632098e+00
3.200000000000000178e+00 1.151776645224481088e+00
3.220000000000000195e+00 1.144459471612272905e+00
3.240000000000000213e+00 1.137208403395171707e+00
3.260000000000000231e+00 1.130022669249024059e+00
3.280000000000000249e+00 1.122901494801836320e+00
3.300000000000000266e+00 1.115844128181023631e+00
3.320000000000000284e+00 1.108849814428825686e+00
3.339999999999999858e+00 1.101917820821967764e+00
3.359999999999999876e+00 1.095047411508842883e+00
3.379999999999999893e+00 1.088237872592670463e+00
3.399999999999999911e+00 1.081488487001061261e+00
3.419999999999999929e+00 1.074798559323759450e+00
3.439999999999999947e+00 1.068167390925064852e+00
3.459999999999999964e+00 1.061594304527249788e+00
3.479999999999999982e+00 1.055078619576097942e+00
3.500000000000000000e+00 1.048619676561108660e+00
3.520000000000000018e+00 1.042216812644291668e+00
3.540000000000000036e+00 1.035869385708282797e+00
3.560000000000000053e+00 1.029576750258342388e+00
3.580000000000000071e+00 1.023338281189531518e+00
3.600000000000000089e+00 1.017153349971745779e+00
3.620000000000000107e+00 1.011021348127148167e+00
3.640000000000000124e+00 1.004941663707871191e+00
3.660000000000000142e+00 9.989137044749487604e-01
3.680000000000000160e+00 9.929368746782245569e-01
3.700000000000000178e+00 9.870105979280328068e-01
3.720000000000000195e+00 9.811342942867099515e-01
3.740000000000000213e+00 9.753074028243459148e-01
3.760000000000000231e+00 9.695293590311467868e-01
3.780000000000000249e+00 9.637996170486404779e-01
3.800000000000000266e+00 9.581176274120015712e-01
3.820000000000000284e+00 9.524828589481442176e-01
3.839999999999999858e+00 9.468947768570173951e-01
3.859999999999999876e+00 9.413528642680812908e-01
3.879999999999999893e+00 9.358566006694220007e-01
3.899999999999999911e+00 9.304054831141835846e-01
3.919999999999999929e+00 9.249990050062557589e-01
3.939999999999999947e+00 9.196366769483007575e-01
3.959999999999999964e+00 9.143180058926300147e-01
3.979999999999999982e+00 9.090425156224998249e-01
4.000000000000000000e+00 9.038097262767437190e-01
4.020000000000000462e+00 8.986191744561046191e-01
4.040000000000000036e+00 8.934703931299738944e-01
4.060000000000000497e+00 8.883629313596346222e-01
4.080000000000000071e+00 8.832963345954177870e-01
4.099999999999999645e+00 8.782701640087789974e-01
4.120000000000000107e+00 8.732839771880231972e-01
4.139999999999999680e+00 8.683373470712033582e-01
4.160000000000000142e+00 8.634298430485465303e-01
4.179999999999999716e+00 8.585610494882414123e-01
4.200000000000000178e+00 8.537305472534915118e-01
4.219999999999999751e+00 8.489379318133696284e-01
4.240000000000000213e+00 8.441827951823915877e-01
4.259999999999999787e+00 8.394647436086705161e-01
4.280000000000000249e+00 8.347833799437635038e-01
4.299999999999999822e+00 8.301383209004222774e-01
4.320000000000000284e+00 8.255291798604336151e-01
4.339999999999999858e+00 8.209555836943531748e-01
4.360000000000000320e+00 8.164171560148933970e-01
4.379999999999999893e+00 8.119135335511236118e-01
4.400000000000000355e+00 8.074443498548988796e-01
4.419999999999999929e+00 8.030092512220908807e-01
4.440000000000000391e+00 7.986078808594264666e-01
4.459999999999999964e+00 7.942398943453740090e-01
4.480000000000000426e+00 7.899049442647495534e-01
4.500000000000000000e+00 7.856026952019365961e-01
4.520000000000000462e+00 7.813328088504605251e-01
4.540000000000000036e+00 7.770949585313435826e-01
4.560000000000000497e+00 7.728888147848019807e-01
4.580000000000000071e+00 7.687140594065895449e-01
4.600000000000000533e+00 7.645703715288535429e-01
4.620000000000000107e+00 7.604574411673972190e-01
4.639999999999999680e+00 7.563749557987045069e-01
4.660000000000000142e+00 7.523226134111298258e-01
4.679999999999999716e+00 7.483001095849481921e-01
4.700000000000000178e+00 7.443071500405640251e-01
4.719999999999999751e+00 7.403434382284393989e-01
4.740000000000000213e+00 7.364086873674634548e-01
4.759999999999999787e+00 7.325026085514895202e-01
4.780000000000000249e+00 7.286249222710711182e-01
4.799999999999999822e+00 7.247753470433212497e-01
4.820000000000000284e+00 7.209536104103206888e-01
4.839999999999999858e+00 7.171594380988528528e-01
4.860000000000000320e+00 7.133925644888419182e-01
4.879999999999999893e+00 7.096527223095446812e-01
4.900000000000000355e+00 7.059396525714366488e-01
4.919999999999999929e+00 7.022530948053020694e-01
4.940000000000000391e+00 6.985927964510437738e-01
4.959999999999999964e+00 6.949585036461297660e-01
4.980000000000000426e+00 6.913499700648555457e-01
5.000000000000000000e+00 6.877669482624718666e-01
5.020000000000000462e+00 6.842091979585170902e-01
5.040000000000000036e+00 6.806764779429280710e-01
5.060000000000000497e+00 6.771685537971144919e-01
5.080000000000000071e+00 6.736851903682626874e-01
5.100000000000000533e+00 6.702261589218508897e-01
5.120000000000000107e+00 6.667912301903756722e-01
5.139999999999999680e+00 6.633801809510727621e-01
5.160000000000000142e+00 6.599927876551647810e-01
5.179999999999999716e+00 6.566288324246041253e-01
5.200000000000000178e+00 6.532880972679623310e-01
5.219999999999999751e+00 6.499703694900578199e-01
5.240000000000000213e+00 6.466754365004973026e-01
5.259999999999999787e+00 6.434030906300897135e-01
5.280000000000000249e+00 6.401531245380748247e-01
5.299999999999999822e+00 6.369253354292817582e-01
5.320000000000000284e+00 6.337195210659561928e-01
5.339999999999999858e+00 6.305354833796674718e-01
5.360000000000000320e+00 6.273730250936778718e-01
5.379999999999999893e+00 6.242319527236261933e-01
5.400000000000000355e+00 6.211120738163048438e-01
5.419999999999999929e+00 6.180131993331704487e-01
5.440000000000000391e+00 6.149351415114174824e-01
5.459999999999999964e+00 6.118777156244116222e-01
5.480000000000000426e+00 6.088407384708537373e-01
5.500000000000000000e+00 6.058240295062653491e-01
5.520000000000000462e+00 6.028274099660562158e-01
5.540000000000000036e+00 5.998507033622286766e-01
5.560000000000000497e+00 5.968937352460877976e-01
5.580000000000000071e+00 5.939563330643363726e-01
5.600000000000000533e+00 5.910383265672107811e-01
5.620000000000000107e+00 5.881395470181665086e-01
5.639999999999999680e+00 5.852598282531447094e-01
5.660000000000000142e+00 5.823990052380616511e-01
5.679999999999999716e+00 5.795569157849466135e-01
5.700000000000000178e+00 5.767333984514780854e-01
5.719999999999999751e+00 5.739282949196664596e-01
5.740000000000000213e+00 5.711414472316777013e-01
5.759999999999999787e+00 5.683727008367825961e-01
5.780000000000000249e+00 5.656219011577278133e-01
5.799999999999999822e+00 5.628888973116105143e-01
5.820000000000000284e+00 5.601735380010651744e-01
5.839999999999999858e+00 5.574756759147533325e-01
5.860000000000000320e+00 5.547951629376484117e-01
5.879999999999999893e+00 5.521318552368029708e-01
5.900000000000000355e+00 5.494856077849868958e-01
5.919999999999999929e+00 5.468562801374398097e-01
5.940000000000000391e+00 5.442437302631378815e-01
5.959999999999999964e+00 5.416478210181908670e-01
5.980000000000000426e+00 5.390684132789937966e-01
6.000000000000000000e+00 5.365053731179972862e-01
6.020000000000000462e+00 5.339585642329972570e-01
6.040000000000000036e+00 5.314278558309535327e-01
6.060000000000000497e+00 5.289131143476604180e-01
6.080000000000000071e+00 5.264142120453699780e-01
6.100000000000000533e+00 5.239310180170653197e-01
6.120000000000000107e+00 5.214634075035946559e-01
6.140000000000000568e+00 5.190112521767668019e-01
6.160000000000000142e+00 5.165744301817756234e-01
6.179999999999999716e+00 5.141528156933121707e-01
6.200000000000000178e+00 5.117462896890379032e-01
6.219999999999999751e+00 5.093547287728603656e-01
6.240000000000000213e+00 5.069780166853116166e-01
6.259999999999999787e+00 5.046160323881262455e-01
6.280000000000000249e+00 5.022686623173248099e-01
6.299999999999999822e+00 4.999357877232023517e-01
6.320000000000000284e+00 4.976172976720284469e-01
6.339999999999999858e+00 4.953130756355135778e-01
6.360000000000000320e+00 4.930230132470067028e-01
6.379999999999999893e+00 4.907469961344748666e-01
6.400000000000000355e+00 4.884849184371850561e-01
6.419999999999999929e+00 4.862366678761818606e-01
6.440000000000000391e+00 4.840021410374234501e-01
6.459999999999999964e+00 4.817812276737098443e-01
6.480000000000000426e+00 4.795738267603448235e-01
6.500000000000000000e+00 4.773798300224090796e-01
6.520000000000000462e+00 4.751991387690185920e-01
6.540000000000000036e+00 4.730316466397880837e-01
6.560000000000000497e+00 4.708772572238711929e-01
6.580000000000000071e+00 4.687358660194024806e-01
6.600000000000000533e+00 4.666073788435002867e-01
6.620000000000000107e+00 4.644916929984154175e-01
6.640000000000000568e+00 4.623887164788004767e-01
6.660000000000000142e+00 4.602983483382316332e-01
6.679999999999999716e+00 4.582204987000585983e-01
6.700000000000000178e+00 4.561550683179000365e-01
6.719999999999999751e+00 4.541019693965052118e-01
6.740000000000000213e+00 4.520611043397635420e-01
6.759999999999999787e+00 4.500323873880162640e-01
6.780000000000000249e+00 4.480157225470459692e-01
6.799999999999999822e+00 4.460110260484291267e-01
6.820000000000000284e+00 4.440182034528740163e-01
6.839999999999999858e+00 4.420371729402341465e-01
6.860000000000000320e+00 4.400678415804792909e-01
6.879999999999999893e+00 4.381101294601262852e-01
6.900000000000000355e+00 4.361639451140729706e-01
6.919999999999999929e+00 4.342292104952027443e-01
6.940000000000000391e+00 4.323058355602072966e-01
6.959999999999999964e+00 4.303937440893045863e-01
6.980000000000000426e+00 4.284928474190894399e-01
7.000000000000000000e+00 4.266030711193198321e-01
7.020000000000000462e+00 4.247243278657213961e-01
7.040000000000000036e+00 4.228565449809807419e-01
7.060000000000000497e+00 4.209996364403473801e-01
7.080000000000000071e+00 4.191535312839794747e-01
7.100000000000000533e+00 4.173181447480828754e-01
7.120000000000000107e+00 4.154934075559530982e-01
7.140000000000000568e+00 4.136792361672680385e-01
7.160000000000000142e+00 4.118755629552069975e-01
7.179999999999999716e+00 4.100823055664081784e-01
7.200000000000000178e+00 4.082993979917291516e-01
7.219999999999999751e+00 4.065267590292682143e-01
7.240000000000000213e+00 4.047643242563789823e-01
7.259999999999999787e+00 4.030120135880220777e-01
7.280000000000000249e+00 4.012697641578449326e-01
7.299999999999999822e+00 3.995374969640175244e-01
7.320000000000000284e+00 3.978151506672396032e-01
7.339999999999999858e+00 3.961026473160814132e-01
7.360000000000000320e+00 3.943999270699816706e-01
7.379999999999999893e+00 3.927069129959792626e-01
7.400000000000000355e+00 3.910235467248396879e-01
7.419999999999999929e+00 3.893497523109183955e-01
7.440000000000000391e+00 3.876854728297666752e-01
7.459999999999999964e+00 3.860306332927335715e-01
7.480000000000000426e+00 3.843851781944654378e-01
7.500000000000000000e+00 3.827490334737010946e-01
7.520000000000000462e+00 3.811221450193091331e-01
7.540000000000000036e+00 3.795044396685957055e-01
7.560000000000000497e+00 3.778958646805841148e-01
7.580000000000000071e+00 3.762963477629768794e-01
7.600000000000000533e+00 3.747058375216535953e-01
7.620000000000000107e+00 3.731242625072841435e-01
7.640000000000000568e+00 3.715515726500652760e-01
7.660000000000000142e+00 3.699876973168116367e-01
7.679999999999999716e+00 3.684325877402259142e-01
7.700000000000000178e+00 3.668861740771222069e-01
7.719999999999999751e+00 3.653484088416139031e-01
7.740000000000000213e+00 3.638192229549419565e-01
7.759999999999999787e+00 3.622985701922242785e-01
7.780000000000000249e+00 3.607863822141888499e-01
7.799999999999999822e+00 3.592826140372225585e-01
7.820000000000000284e+00 3.577871980371291061e-01
7.839999999999999858e+00 3.563000904524842305e-01
7.860000000000000320e+00 3.548212243503425234e-01
7.879999999999999893e+00 3.533505571730284345e-01
7.900000000000000355e+00 3.518880226555097246e-01
7.919999999999999929e+00 3.504335794260361459e-01
7.940000000000000391e+00 3.489871618647029661e-01
7.959999999999999964e+00 3.475487297684636268e-01
7.980000000000000426e+00 3.461182181402070457e-01
8.000000000000000000e+00 3.446955879289518854e-01
8.019999999999999574e+00 3.432807747385566155e-01
8.040000000000000924e+00 3.418737406540497958e-01
8.060000000000000497e+00 3.404744218588435789e-01
8.080000000000000071e+00 3.390827815584709914e-01
8.099999999999999645e+00 3.376987564949690546e-01
8.120000000000000995e+00 3.363223109794096222e-01
8.140000000000000568e+00 3.349533822919080195e-01
8.160000000000000142e+00 3.335919358346405850e-01
8.179999999999999716e+00 3.322379094056871485e-01
8.199999999999999289e+00 3.308912694844192703e-01
8.220000000000000639e+00 3.295519543671197593e-01
8.240000000000000213e+00 3.282199315969454023e-01
8.259999999999999787e+00 3.268951399490345744e-01
8.279999999999999361e+00 3.255775480174120107e-01
8.300000000000000711e+00 3.242670950370451499e-01
8.320000000000000284e+00 3.229637506403845726e-01
8.339999999999999858e+00 3.216674545035824173e-01
8.359999999999999432e+00 3.203781772855548438e-01
8.380000000000000782e+00 3.190958590852767673e-01
8.400000000000000355e+00 3.178204715766237975e-01
8.419999999999999929e+00 3.165519552633977995e-01
8.439999999999999503e+00 3.152902828233724586e-01
8.460000000000000853e+00 3.140353951474424976e-01
8.480000000000000426e+00 3.127872659066592287e-01
8.500000000000000000e+00 3.115458363616039339e-01
8.519999999999999574e+00 3.103110811664238078e-01
8.540000000000000924e+00 3.090829419342079887e-01
8.560000000000000497e+00 3.078613942924358082e-01
8.580000000000000071e+00 3.066463801898473007e-01
8.599999999999999645e+00 3.054378762178974749e-01
8.620000000000000995e+00 3.042358246443188641e-01
8.640000000000000568e+00 3.030402030155960880e-01
8.660000000000000142e+00 3.018509539020881594e-01
8.679999999999999716e+00 3.006680557967650325e-01
8.700000000000001066e+00 2.994914515564209845e-01
8.720000000000000639e+00 2.983211206123518866e-01
8.740000000000000213e+00 2.971570060918667933e-01
8.759999999999999787e+00 2.959990883568155429e-01
8.779999999999999361e+00 2.948473107892614631e-01
8.800000000000000711e+00 2.937016546742054479e-01
8.820000000000000284e+00 2.925620636329496760e-01
8.839999999999999858e+00 2.914285198666238808e-01
8.859999999999999432e+00 2.903009672203874514e-01
8.880000000000000782e+00 2.891793888048345695e-01
8.900000000000000355e+00 2.880637286738287339e-01
8.919999999999999929e+00 2.869539708411258383e-01
8.939999999999999503e+00 2.858500595542523004e-01
8.960000000000000853e+00 2.847519797241799822e-01
8.980000000000000426e+00 2.836596757772639199e-01
9.000000000000000000e+00 2.825731335160910906e-01
9.019999999999999574e+00 2.814922975311079378e-01
9.040000000000000924e+00 2.804171545112599806e-01
9.060000000000000497e+00 2.793476491965347641e-01
9.080000000000000071e+00 2.782837691573206707e-01
9.099999999999999645e+00 2.772254592686740904e-01
9.120000000000000995e+00 2.761727079778417693e-01
9.140000000000000568e+00 2.751254602806407767e-01
9.160000000000000142e+00 2.740837054969392228e-01
9.179999999999999716e+00 2.730473887290567059e-01
9.200000000000001066e+00 2.720165001655623915e-01
9.220000000000000639e+00 2.709909850011912313e-01
9.240000000000000213e+00 2.699708342896114943e-01
9.259999999999999787e+00 2.689559933039126216e-01
9.279999999999999361e+00 2.679464539595921013e-01
9.300000000000000711e+00 2.669421615941700576e-01
9.320000000000000284e+00 2.659431089820229466e-01
9.339999999999999858e+00 2.649492415111956434e-01
9.359999999999999432e+00 2.639605528123110667e-01
9.380000000000000782e+00 2.629769883101511496e-01
9.400000000000000355e+00 2.619985424892609660e-01
9.419999999999999929e+00 2.610251607973815835e-01
9.439999999999999503e+00 2.600568385709781660e-01
9.460000000000000853e+00 2.590935212670607002e-01
9.480000000000000426e+00 2.581352050723176861e-01
9.500000000000000000e+00 2.571818354393362593e-01
9.519999999999999574e+00 2.562334094036438636e-01
9.540000000000000924e+00 2.552898723997973351e-01
9.560000000000000497e+00 2.543512223110818149e-01
9.580000000000000071e+00 2.534174045403795872e-01
9.599999999999999645e+00 2.524884178179720995e-01
9.620000000000000995e+00 2.515642075014916101e-01
