# Electrodo circular de radio 6 mm y espesor 710.0 um.
# Volumen de simulacion (convencion z,y,x):
# N: 1024 x 1024 x 1024 | voxelSize:  0.02mm x 0.02mm x 0.02mm | FOV:  20.48mm x 20.48mm x 20.48mm
# 
# z [mm]		 delta[ppm]
0.000000000000000000e+00 2.393681968298409846e+00
2.000000000000000042e-02 2.391147759556393471e+00
4.000000000000000083e-02 2.388536575218154212e+00
5.999999999999999778e-02 2.385848874635160044e+00
8.000000000000000167e-02 2.383085111616302321e+00
1.000000000000000056e-01 2.380245751875366800e+00
1.199999999999999956e-01 2.377331271759126619e+00
1.400000000000000133e-01 2.374342160655894318e+00
1.600000000000000033e-01 2.371278917211876891e+00
1.799999999999999933e-01 2.368142053035601879e+00
2.000000000000000111e-01 2.364932088263731469e+00
2.200000000000000011e-01 2.361649555630260355e+00
2.399999999999999911e-01 2.358294995950693362e+00
2.600000000000000089e-01 2.354868962318710679e+00
2.800000000000000266e-01 2.351372015401231863e+00
2.999999999999999889e-01 2.347804727793715074e+00
3.200000000000000067e-01 2.344167679168511320e+00
3.400000000000000244e-01 2.340461460788752390e+00
3.599999999999999867e-01 2.336686670468173688e+00
3.800000000000000044e-01 2.332843917254061150e+00
4.000000000000000222e-01 2.328933816220961184e+00
4.199999999999999845e-01 2.324956993321612320e+00
4.400000000000000022e-01 2.320914079996206691e+00
4.600000000000000200e-01 2.316805718193851060e+00
4.799999999999999822e-01 2.312632554812728891e+00
5.000000000000000000e-01 2.308395246889994201e+00
5.200000000000000178e-01 2.304094455863793023e+00
5.400000000000000355e-01 2.299730852931348490e+00
5.600000000000000533e-01 2.295305113144572307e+00
5.799999999999999600e-01 2.290817920933772456e+00
5.999999999999999778e-01 2.286269964032398239e+00
6.199999999999999956e-01 2.281661939164864705e+00
6.400000000000000133e-01 2.276994545810085313e+00
6.600000000000000311e-01 2.272268492050510513e+00
6.800000000000000488e-01 2.267484488172694768e+00
7.000000000000000666e-01 2.262643252675261341e+00
7.199999999999999734e-01 2.257745505714914280e+00
7.399999999999999911e-01 2.252791975270179936e+00
7.600000000000000089e-01 2.247783390432779083e+00
7.800000000000000266e-01 2.242720487724368272e+00
8.000000000000000444e-01 2.237604004240893119e+00
8.200000000000000622e-01 2.232434684118915769e+00
8.399999999999999689e-01 2.227213271534056904e+00
8.599999999999999867e-01 2.221940517313721664e+00
8.800000000000000044e-01 2.216617171796758878e+00
9.000000000000000222e-01 2.211243991588895952e+00
9.200000000000000400e-01 2.205821732285601300e+00
9.400000000000000577e-01 2.200351155366738531e+00
9.599999999999999645e-01 2.194833020789344058e+00
9.799999999999999822e-01 2.189268094017631672e+00
1.000000000000000000e+00 2.183657138488341420e+00
1.020000000000000018e+00 2.178000922772245218e+00
1.040000000000000036e+00 2.172300212918603979e+00
1.060000000000000053e+00 2.166555779744067767e+00
1.080000000000000071e+00 2.160768391059391558e+00
1.100000000000000089e+00 2.154938819081623880e+00
1.120000000000000107e+00 2.149067832549483636e+00
1.140000000000000124e+00 2.143156204254476283e+00
1.159999999999999920e+00 2.137204703048520393e+00
1.179999999999999938e+00 2.131214101489629531e+00
1.199999999999999956e+00 2.125185167748098181e+00
1.219999999999999973e+00 2.119118673362162752e+00
1.239999999999999991e+00 2.113015385046684624e+00
1.260000000000000009e+00 2.106876072554197066e+00
1.280000000000000027e+00 2.100701500392332388e+00
1.300000000000000044e+00 2.094492435785445750e+00
1.320000000000000062e+00 2.088249640305051447e+00
1.340000000000000080e+00 2.081973877927168370e+00
1.360000000000000098e+00 2.075665906582005782e+00
1.380000000000000115e+00 2.069326486302011325e+00
1.400000000000000133e+00 2.062956370695322228e+00
1.419999999999999929e+00 2.056556315179442151e+00
1.439999999999999947e+00 2.050127068384704376e+00
1.459999999999999964e+00 2.043669380468344343e+00
1.479999999999999982e+00 2.037183994452731017e+00
1.500000000000000000e+00 2.030671654614538912e+00
1.520000000000000018e+00 2.024133097764033273e+00
1.540000000000000036e+00 2.017569061703873512e+00
1.560000000000000053e+00 2.010980276454436222e+00
1.580000000000000071e+00 2.004367472776765524e+00
1.600000000000000089e+00 1.997731373350218664e+00
1.620000000000000107e+00 1.991072701353924890e+00
1.640000000000000124e+00 1.984392171601936816e+00
1.660000000000000142e+00 1.977690499177481298e+00
1.679999999999999938e+00 1.970968390531973036e+00
1.699999999999999956e+00 1.964226552166232098e+00
1.719999999999999973e+00 1.957465681698703053e+00
1.739999999999999991e+00 1.950686476587756957e+00
1.760000000000000009e+00 1.943889625175519331e+00
1.780000000000000027e+00 1.937075815445223226e+00
1.800000000000000044e+00 1.930245726046196486e+00
1.820000000000000062e+00 1.923400035080177872e+00
1.840000000000000080e+00 1.916539411113937996e+00
1.860000000000000098e+00 1.909664521988359454e+00
1.880000000000000115e+00 1.902776025824379103e+00
1.900000000000000133e+00 1.895874579848597419e+00
1.919999999999999929e+00 1.888960831399051576e+00
1.939999999999999947e+00 1.882035426761016428e+00
1.959999999999999964e+00 1.875099002178455265e+00
1.979999999999999982e+00 1.868152192693570024e+00
2.000000000000000000e+00 1.861195623170554647e+00
2.020000000000000018e+00 1.854229917132389494e+00
2.040000000000000036e+00 1.847255687802865642e+00
2.060000000000000053e+00 1.840273546934065418e+00
2.080000000000000071e+00 1.833284095873326303e+00
2.100000000000000089e+00 1.826287934374753563e+00
2.120000000000000107e+00 1.819285651697257533e+00
2.140000000000000124e+00 1.812277835393369507e+00
2.160000000000000142e+00 1.805265062445114532e+00
2.180000000000000160e+00 1.798247908023325792e+00
2.200000000000000178e+00 1.791226936667619007e+00
2.220000000000000195e+00 1.784202711009350351e+00
2.240000000000000213e+00 1.777175783002522103e+00
2.260000000000000231e+00 1.770146702603466515e+00
2.280000000000000249e+00 1.763116009059060074e+00
2.300000000000000266e+00 1.756084239536140679e+00
2.319999999999999840e+00 1.749051920473965183e+00
2.339999999999999858e+00 1.742019576156308203e+00
2.359999999999999876e+00 1.734987720134657518e+00
2.379999999999999893e+00 1.727956863735903736e+00
2.399999999999999911e+00 1.720927507563265957e+00
2.419999999999999929e+00 1.713900149932402694e+00
2.439999999999999947e+00 1.706875278456708944e+00
2.459999999999999964e+00 1.699853378404619475e+00
2.479999999999999982e+00 1.692834924376360073e+00
2.500000000000000000e+00 1.685820388575178574e+00
2.520000000000000018e+00 1.678810232582279349e+00
2.540000000000000036e+00 1.671804915534672142e+00
2.560000000000000053e+00 1.664804886005456286e+00
2.580000000000000071e+00 1.657810590080894819e+00
2.600000000000000089e+00 1.650822463352911607e+00
2.620000000000000107e+00 1.643840938887979553e+00
2.640000000000000124e+00 1.636866439339069501e+00
2.660000000000000142e+00 1.629899384798877637e+00
2.680000000000000160e+00 1.622940185038198591e+00
2.700000000000000178e+00 1.615989247235980031e+00
2.720000000000000195e+00 1.609046968351437457e+00
2.740000000000000213e+00 1.602113742723375367e+00
2.760000000000000231e+00 1.595189954583129621e+00
2.780000000000000249e+00 1.588275985515552602e+00
2.800000000000000266e+00 1.581372207120168794e+00
2.819999999999999840e+00 1.574478988326208251e+00
2.839999999999999858e+00 1.567596688209135225e+00
2.859999999999999876e+00 1.560725663152050968e+00
2.879999999999999893e+00 1.553866259825082530e+00
2.899999999999999911e+00 1.547018822185427300e+00
2.919999999999999929e+00 1.540183684626899696e+00
2.939999999999999947e+00 1.533361178810827452e+00
2.959999999999999964e+00 1.526551626993325250e+00
2.979999999999999982e+00 1.519755348679277862e+00
3.000000000000000000e+00 1.512972654134678629e+00
3.020000000000000018e+00 1.506203850855888593e+00
3.040000000000000036e+00 1.499449237274672386e+00
3.060000000000000053e+00 1.492709109034861426e+00
3.080000000000000071e+00 1.485983752897570342e+00
3.100000000000000089e+00 1.479273452817355894e+00
3.120000000000000107e+00 1.472578484055319104e+00
3.140000000000000124e+00 1.465899119046852439e+00
3.160000000000000142e+00 1.459235621730169630e+00
3.180000000000000160e+00 1.452588253197672152e+00
3.200000000000000178e+00 1.445957266247701600e+00
3.220000000000000195e+00 1.439342910811556298e+00
3.240000000000000213e+00 1.432745428736069471e+00
3.260000000000000231e+00 1.426165058978261291e+00
3.280000000000000249e+00 1.419602032626627874e+00
3.300000000000000266e+00 1.413056577855367868e+00
3.320000000000000284e+00 1.406528915192091889e+00
3.339999999999999858e+00 1.400019262223550331e+00
3.359999999999999876e+00 1.393527829117698458e+00
3.379999999999999893e+00 1.387054823072827903e+00
3.399999999999999911e+00 1.380600444101782509e+00
3.419999999999999929e+00 1.374164889216344942e+00
3.439999999999999947e+00 1.367748348481608200e+00
3.459999999999999964e+00 1.361351008927497386e+00
3.479999999999999982e+00 1.354973050881131735e+00
3.500000000000000000e+00 1.348614651597286773e+00
3.520000000000000018e+00 1.342275981876846824e+00
3.540000000000000036e+00 1.335957209408009883e+00
3.560000000000000053e+00 1.329658495678746721e+00
3.580000000000000071e+00 1.323379999020493969e+00
3.600000000000000089e+00 1.317121871822803270e+00
3.620000000000000107e+00 1.310884263271267391e+00
3.640000000000000124e+00 1.304667316872330396e+00
3.660000000000000142e+00 1.298471172877180724e+00
3.680000000000000160e+00 1.292295966124948903e+00
3.700000000000000178e+00 1.286141828144232058e+00
3.720000000000000195e+00 1.280008885322773127e+00
3.740000000000000213e+00 1.273897260678289012e+00
3.760000000000000231e+00 1.267807072362885590e+00
3.780000000000000249e+00 1.261738435094855948e+00
3.800000000000000266e+00 1.255691459005964683e+00
3.820000000000000284e+00 1.249666250725824046e+00
3.839999999999999858e+00 1.243662912580414837e+00
3.859999999999999876e+00 1.237681543320621191e+00
3.879999999999999893e+00 1.231722237680190624e+00
3.899999999999999911e+00 1.225785086740000640e+00
3.919999999999999929e+00 1.219870177853876747e+00
3.939999999999999947e+00 1.213977594640127444e+00
3.959999999999999964e+00 1.208107417283490026e+00
3.979999999999999982e+00 1.202259722145458065e+00
4.000000000000000000e+00 1.196434582450844220e+00
4.020000000000000462e+00 1.190632067508369252e+00
4.040000000000000036e+00 1.184852243790181392e+00
4.060000000000000497e+00 1.179095173754206582e+00
4.080000000000000071e+00 1.173360917325136255e+00
4.099999999999999645e+00 1.167649530309992967e+00
4.120000000000000107e+00 1.161961066288987210e+00
4.139999999999999680e+00 1.156295574615707977e+00
4.160000000000000142e+00 1.150653102726476140e+00
4.179999999999999716e+00 1.145033693716539291e+00
4.200000000000000178e+00 1.139437389076374929e+00
4.219999999999999751e+00 1.133864225835277351e+00
4.240000000000000213e+00 1.128314239733281710e+00
4.259999999999999787e+00 1.122787461923472341e+00
4.280000000000000249e+00 1.117283922588043987e+00
4.299999999999999822e+00 1.111803647190673594e+00
4.320000000000000284e+00 1.106346660545454386e+00
4.339999999999999858e+00 1.100912982610578572e+00
4.360000000000000320e+00 1.095502633018787586e+00
4.379999999999999893e+00 1.090115626403613147e+00
4.400000000000000355e+00 1.084751977400112644e+00
4.419999999999999929e+00 1.079411695494936207e+00
4.440000000000000391e+00 1.074094790505982333e+00
4.459999999999999964e+00 1.068801266947515982e+00
4.480000000000000426e+00 1.063531129997622005e+00
4.500000000000000000e+00 1.058284379369492267e+00
4.520000000000000462e+00 1.053061015775444087e+00
4.540000000000000036e+00 1.047861034295554994e+00
4.560000000000000497e+00 1.042684431347123519e+00
4.580000000000000071e+00 1.037531197541766925e+00
4.600000000000000533e+00 1.032401325169157502e+00
4.620000000000000107e+00 1.027294800533653074e+00
4.639999999999999680e+00 1.022211611961304945e+00
4.660000000000000142e+00 1.017151741607075666e+00
4.679999999999999716e+00 1.012115173993984207e+00
4.700000000000000178e+00 1.007101887281939945e+00
4.719999999999999751e+00 1.002111862348102900e+00
4.740000000000000213e+00 9.971450735082904027e-01
4.759999999999999787e+00 9.922014981475194562e-01
4.780000000000000249e+00 9.872811068849461913e-01
4.799999999999999822e+00 9.823838737637203833e-01
4.820000000000000284e+00 9.775097658503711928e-01
4.839999999999999858e+00 9.726587539930023896e-01
4.860000000000000320e+00 9.678308018460222151e-01
4.879999999999999893e+00 9.630258772058692962e-01
4.900000000000000355e+00 9.582439404519370596e-01
4.919999999999999929e+00 9.534849564689549251e-01
4.940000000000000391e+00 9.487488824949006361e-01
4.959999999999999964e+00 9.440356806393256361e-01
4.980000000000000426e+00 9.393453051290289180e-01
5.000000000000000000e+00 9.346777154315178970e-01
5.020000000000000462e+00 9.300328628891794125e-01
5.040000000000000036e+00 9.254107044572398300e-01
5.060000000000000497e+00 9.208111887171187560e-01
5.080000000000000071e+00 9.162342702381700565e-01
5.100000000000000533e+00 9.116798949608768687e-01
5.120000000000000107e+00 9.071480151918204227e-01
5.139999999999999680e+00 9.026385743473107626e-01
5.160000000000000142e+00 8.981515225909655342e-01
5.179999999999999716e+00 8.936868009283415182e-01
5.200000000000000178e+00 8.892443574966585329e-01
5.219999999999999751e+00 8.848241310009473670e-01
5.240000000000000213e+00 8.804260676653865580e-01
5.259999999999999787e+00 8.760501040014340157e-01
5.280000000000000249e+00 8.716961844304104146e-01
5.299999999999999822e+00 8.673642433740560431e-01
5.320000000000000284e+00 8.630542235578947396e-01
5.339999999999999858e+00 8.587660574146085413e-01
5.360000000000000320e+00 8.544996860779201509e-01
5.379999999999999893e+00 8.502550400890874771e-01
5.400000000000000355e+00 8.460320590909871097e-01
5.419999999999999929e+00 8.418306718280055279e-01
5.440000000000000391e+00 8.376508165501482805e-01
5.459999999999999964e+00 8.334924202965601214e-01
5.480000000000000426e+00 8.293554200194152015e-01
5.500000000000000000e+00 8.252397411412542017e-01
5.520000000000000462e+00 8.211453194085874818e-01
5.540000000000000036e+00 8.170720787131542373e-01
5.560000000000000497e+00 8.130199536851425712e-01
5.580000000000000071e+00 8.089888667684235202e-01
5.600000000000000533e+00 8.049787515634132529e-01
5.620000000000000107e+00 8.009895291463271505e-01
5.639999999999999680e+00 7.970211321716553776e-01
5.660000000000000142e+00 7.930734804253828374e-01
5.679999999999999716e+00 7.891465056972568615e-01
5.700000000000000178e+00 7.852401265578414780e-01
5.719999999999999751e+00 7.813542740107064510e-01
5.740000000000000213e+00 7.774888654831559887e-01
5.759999999999999787e+00 7.736438312685937069e-01
5.780000000000000249e+00 7.698190877206989580e-01
5.799999999999999822e+00 7.660145644962257361e-01
5.820000000000000284e+00 7.622301769423288631e-01
5.839999999999999858e+00 7.584658541501809736e-01
5.860000000000000320e+00 7.547215105250971723e-01
5.879999999999999893e+00 7.509970746613570114e-01
5.900000000000000355e+00 7.472924600846924115e-01
5.919999999999999929e+00 7.436075949588391021e-01
5.940000000000000391e+00 7.399423919899061897e-01
5.959999999999999964e+00 7.362967789751679870e-01
5.980000000000000426e+00 7.326706678587409094e-01
6.000000000000000000e+00 7.290639861332963712e-01
6.020000000000000462e+00 7.254766450364098507e-01
6.040000000000000036e+00 7.219085718158382292e-01
6.060000000000000497e+00 7.183596770558532407e-01
6.080000000000000071e+00 7.148298878168845016e-01
6.100000000000000533e+00 7.113191140810424251e-01
6.120000000000000107e+00 7.078272827769644948e-01
6.140000000000000568e+00 7.043543033336528980e-01
6.160000000000000142e+00 7.009001026014695102e-01
6.179999999999999716e+00 6.974645895033835252e-01
6.200000000000000178e+00 6.940476908630663910e-01
6.219999999999999751e+00 6.906493151425160404e-01
6.240000000000000213e+00 6.872693891883944195e-01
6.259999999999999787e+00 6.839078210449430761e-01
6.280000000000000249e+00 6.805645376296526328e-01
6.299999999999999822e+00 6.772394466102983346e-01
6.320000000000000284e+00 6.739324750212485338e-01
6.339999999999999858e+00 6.706435301933555415e-01
6.360000000000000320e+00 6.673725393221667801e-01
6.379999999999999893e+00 6.641194094393456648e-01
6.400000000000000355e+00 6.608840679442345989e-01
6.419999999999999929e+00 6.576664216053702550e-01
6.440000000000000391e+00 6.544663980668639081e-01
6.459999999999999964e+00 6.512839038684911097e-01
6.480000000000000426e+00 6.481188669385071766e-01
6.500000000000000000e+00 6.449711936207173091e-01
6.520000000000000462e+00 6.418408121653541576e-01
6.540000000000000036e+00 6.387276287514278561e-01
6.560000000000000497e+00 6.356315719874787717e-01
6.580000000000000071e+00 6.325525479174253229e-01
6.600000000000000533e+00 6.294904855429999113e-01
6.620000000000000107e+00 6.264452908011999277e-01
6.640000000000000568e+00 6.234168931204204789e-01
6.660000000000000142e+00 6.204051983575314955e-01
6.679999999999999716e+00 6.174101363996920000e-01
6.700000000000000178e+00 6.144316130489959615e-01
6.719999999999999751e+00 6.114695586821573547e-01
6.740000000000000213e+00 6.085238790705395084e-01
6.759999999999999787e+00 6.055945051099189680e-01
6.780000000000000249e+00 6.026813425636260435e-01
6.799999999999999822e+00 5.997843228747712363e-01
6.820000000000000284e+00 5.969033518201204425e-01
6.839999999999999858e+00 5.940383614171952376e-01
6.860000000000000320e+00 5.911892574763991659e-01
6.879999999999999893e+00 5.883559726155837000e-01
6.900000000000000355e+00 5.855384126978442350e-01
6.919999999999999929e+00 5.827365109661659659e-01
6.940000000000000391e+00 5.799501733541992943e-01
6.959999999999999964e+00 5.771793337537758362e-01
6.980000000000000426e+00 5.744238981858940107e-01
7.000000000000000000e+00 5.716838012139184855e-01
7.020000000000000462e+00 5.689589489618559481e-01
7.040000000000000036e+00 5.662492766862816662e-01
7.060000000000000497e+00 5.635546906288775304e-01
7.080000000000000071e+00 5.608751267601282953e-01
7.100000000000000533e+00 5.582104914530082729e-01
7.120000000000000107e+00 5.555607214116798920e-01
7.140000000000000568e+00 5.529257231530888550e-01
7.160000000000000142e+00 5.503054341339440603e-01
7.179999999999999716e+00 5.476997610268545813e-01
7.200000000000000178e+00 5.451086420590672832e-01
7.219999999999999751e+00 5.425319840696861684e-01
7.240000000000000213e+00 5.399697260736538995e-01
7.259999999999999787e+00 5.374217750864679344e-01
7.280000000000000249e+00 5.348880709271168765e-01
7.299999999999999822e+00 5.323685207965827004e-01
7.320000000000000284e+00 5.298630653334754914e-01
7.339999999999999858e+00 5.273716119324965979e-01
7.360000000000000320e+00 5.248941020667001744e-01
7.379999999999999893e+00 5.224304433319877372e-01
7.400000000000000355e+00 5.199805780499606733e-01
7.419999999999999929e+00 5.175444140243914415e-01
7.440000000000000391e+00 5.151218944388524790e-01
7.459999999999999964e+00 5.127129273109565233e-01
7.480000000000000426e+00 5.103174566990000827e-01
7.500000000000000000e+00 5.079353908396567752e-01
7.520000000000000462e+00 5.055666746780578258e-01
7.540000000000000036e+00 5.032112166745260629e-01
7.560000000000000497e+00 5.008689626725278954e-01
7.580000000000000071e+00 4.985398213598939421e-01
7.600000000000000533e+00 4.962237394893394549e-01
7.620000000000000107e+00 4.939206259794943765e-01
7.640000000000000568e+00 4.916304285026775189e-01
7.660000000000000142e+00 4.893530562109190130e-01
7.679999999999999716e+00 4.870884577059563236e-01
7.700000000000000178e+00 4.848365423752986625e-01
7.719999999999999751e+00 4.825972597593869429e-01
7.740000000000000213e+00 4.803705194826655145e-01
7.759999999999999787e+00 4.781562720330807537e-01
7.780000000000000249e+00 4.759544272729621661e-01
7.799999999999999822e+00 4.737649366460850442e-01
7.820000000000000284e+00 4.715877102530384168e-01
7.839999999999999858e+00 4.694227005012936438e-01
7.860000000000000320e+00 4.672698177296205069e-01
7.879999999999999893e+00 4.651290153166214303e-01
7.900000000000000355e+00 4.630002038386230589e-01
7.919999999999999929e+00 4.608833376523787106e-01
7.940000000000000391e+00 4.587783275707337238e-01
7.959999999999999964e+00 4.566851289352163445e-01
7.980000000000000426e+00 4.546036527936425653e-01
8.000000000000000000e+00 4.525338554785616196e-01
8.019999999999999574e+00 4.504756482708385246e-01
8.040000000000000924e+00 4.484289884999251852e-01
8.060000000000000497e+00 4.463937876773414470e-01
8.080000000000000071e+00 4.443700041349818441e-01
8.099999999999999645e+00 4.423575496122826856e-01
8.120000000000000995e+00 4.403563834487901896e-01
8.140000000000000568e+00 4.383664176086797259e-01
8.160000000000000142e+00 4.363876124440483895e-01
8.179999999999999716e+00 4.344198801403207355e-01
8.199999999999999289e+00 4.324631820667421689e-01
8.220000000000000639e+00 4.305174306260927120e-01
8.240000000000000213e+00 4.285825882090850136e-01
8.259999999999999787e+00 4.266585674316702437e-01
8.279999999999999361e+00 4.247453317100797210e-01
8.300000000000000711e+00 4.228427938688749665e-01
8.320000000000000284e+00 4.209509183536037091e-01
8.339999999999999858e+00 4.190696181926181763e-01
8.359999999999999432e+00 4.171988588643329443e-01
8.380000000000000782e+00 4.153385535957375141e-01
8.400000000000000355e+00 4.134886689014282690e-01
8.419999999999999929e+00 4.116491182016369654e-01
8.439999999999999503e+00 4.098198690502467545e-01
8.460000000000000853e+00 4.080008350550117235e-01
8.480000000000000426e+00 4.061919848119988075e-01
8.500000000000000000e+00 4.043932321105671579e-01
8.519999999999999574e+00 4.026045465916701649e-01
8.540000000000000924e+00 4.008258422200434712e-01
8.560000000000000497e+00 3.990570896840461845e-01
8.580000000000000071e+00 3.972982031173921680e-01
8.599999999999999645e+00 3.955491542581824338e-01
8.620000000000000995e+00 3.938098574024305187e-01
8.640000000000000568e+00 3.920802853401553212e-01
8.660000000000000142e+00 3.903603525228343529e-01
8.679999999999999716e+00 3.886500327944281130e-01
8.700000000000001066e+00 3.869492407547793777e-01
8.720000000000000639e+00 3.852579513036647474e-01
8.740000000000000213e+00 3.835760791820644333e-01
8.759999999999999787e+00 3.819036003473021967e-01
8.779999999999999361e+00 3.802404296740305445e-01
8.800000000000000711e+00 3.785865441787248376e-01
8.820000000000000284e+00 3.769418588621247235e-01
8.839999999999999858e+00 3.753063518013448063e-01
8.859999999999999432e+00 3.736799381154058408e-01
8.880000000000000782e+00 3.720625969434280811e-01
8.900000000000000355e+00 3.704542435148204249e-01
8.919999999999999929e+00 3.688548580319572778e-01
8.939999999999999503e+00 3.672643558265397123e-01
8.960000000000000853e+00 3.656827181653550252e-01
8.980000000000000426e+00 3.641098604742190048e-01
9.000000000000000000e+00 3.625457650853933234e-01
9.019999999999999574e+00 3.609903475104394022e-01
9.040000000000000924e+00 3.594435911480672319e-01
9.060000000000000497e+00 3.579054115871688202e-01
9.080000000000000071e+00 3.563757932937731132e-01
9.099999999999999645e+00 3.548546519255209031e-01
9.120000000000000995e+00 3.533419730165620609e-01
9.140000000000000568e+00 3.518376722846539018e-01
9.160000000000000142e+00 3.503417363328060197e-01
9.179999999999999716e+00 3.488540809300870738e-01
9.200000000000001066e+00 3.473746937490312381e-01
9.220000000000000639e+00 3.459034906012239396e-01
9.240000000000000213e+00 3.444404602292918671e-01
9.259999999999999787e+00 3.429855184783896505e-01
9.279999999999999361e+00 3.415386551617670130e-01
9.300000000000000711e+00 3.400997861491868446e-01
9.320000000000000284e+00 3.386689023249962460e-01
9.339999999999999858e+00 3.372459195744694771e-01
9.359999999999999432e+00 3.358308298534631309e-01
9.380000000000000782e+00 3.344235490536909272e-01
9.400000000000000355e+00 3.330240702028554600e-01
9.419999999999999929e+00 3.316323091899291420e-01
9.439999999999999503e+00 3.302482601147771479e-01
9.460000000000000853e+00 3.288718388544377147e-01
9.480000000000000426e+00 3.275030405811995560e-01
9.500000000000000000e+00 3.261417811508992015e-01
9.519999999999999574e+00 3.247880568084485775e-01
9.540000000000000924e+00 3.234417833792579411e-01
9.560000000000000497e+00 3.221029581810058717e-01
9.580000000000000071e+00 3.207714969993668008e-01
9.599999999999999645e+00 3.194473982249044219e-01
9.620000000000000995e+00 3.181305775942755432e-01
