# Electrodo circular de radio 6 mm y espesor 710.0 um.
# Volumen de simulacion (convencion z,y,x):
# N: 1024 x 1024 x 1024 | voxelSize:  0.02mm x 0.02mm x 0.02mm | FOV:  20.48mm x 20.48mm x 20.48mm
# 
# z [mm]		 delta[ppm]
0.000000000000000000e+00 6.692768985190392428e+00
2.000000000000000042e-02 5.759033691345924133e+00
4.000000000000000083e-02 4.972717361954746451e+00
5.999999999999999778e-02 4.346375862972670312e+00
8.000000000000000167e-02 3.856509390987926889e+00
1.000000000000000056e-01 3.472297447006985394e+00
1.199999999999999956e-01 3.167253573247384768e+00
1.400000000000000133e-01 2.921233398708198425e+00
1.600000000000000033e-01 2.719604686489522027e+00
1.799999999999999933e-01 2.551796420895646733e+00
2.000000000000000111e-01 2.410165082023957961e+00
2.200000000000000011e-01 2.289093741440016316e+00
2.399999999999999911e-01 2.184418752884720760e+00
2.600000000000000089e-01 2.092989440057864137e+00
2.800000000000000266e-01 2.012403075877959413e+00
2.999999999999999889e-01 1.940788018346164323e+00
3.200000000000000067e-01 1.876679555264991084e+00
3.400000000000000244e-01 1.818906844251674704e+00
3.599999999999999867e-01 1.766533047794444533e+00
3.800000000000000044e-01 1.718792313342409228e+00
4.000000000000000222e-01 1.675060266687428134e+00
4.199999999999999845e-01 1.634816493451763941e+00
4.400000000000000022e-01 1.597629996159499743e+00
4.600000000000000200e-01 1.563135450173497976e+00
4.799999999999999822e-01 1.531026260908993519e+00
5.000000000000000000e-01 1.501038684729846473e+00
5.200000000000000178e-01 1.472948896031472277e+00
5.400000000000000355e-01 1.446561838207186312e+00
5.600000000000000533e-01 1.421710392512289367e+00
5.799999999999999600e-01 1.398247210876694346e+00
5.999999999999999778e-01 1.376045035915851145e+00
6.199999999999999956e-01 1.354990497522779558e+00
6.400000000000000133e-01 1.334984999038262066e+00
6.600000000000000311e-01 1.315939857561473580e+00
6.800000000000000488e-01 1.297777500647468774e+00
7.000000000000000666e-01 1.280427560066220050e+00
7.199999999999999734e-01 1.263828163402763272e+00
7.399999999999999911e-01 1.247922724746735268e+00
7.600000000000000089e-01 1.232661284669914759e+00
7.800000000000000266e-01 1.217997825941913748e+00
8.000000000000000444e-01 1.203891559517588750e+00
8.200000000000000622e-01 1.190304644414888591e+00
8.399999999999999689e-01 1.177203443198582722e+00
8.599999999999999867e-01 1.164556561046333760e+00
8.800000000000000044e-01 1.152336004069005604e+00
9.000000000000000222e-01 1.140515474019644149e+00
9.200000000000000400e-01 1.129071478756330960e+00
9.400000000000000577e-01 1.117981836432176967e+00
9.599999999999999645e-01 1.107226681471495722e+00
9.799999999999999822e-01 1.096787141616381911e+00
1.000000000000000000e+00 1.086646299427339590e+00
1.020000000000000018e+00 1.076788015131564968e+00
1.040000000000000036e+00 1.067197788024295102e+00
1.060000000000000053e+00 1.057861702329072395e+00
1.080000000000000071e+00 1.048767253827561197e+00
1.100000000000000089e+00 1.039902401898575413e+00
1.120000000000000107e+00 1.031256303499588967e+00
1.140000000000000124e+00 1.022818456268219656e+00
1.159999999999999920e+00 1.014579408581402165e+00
1.179999999999999938e+00 1.006529982753414210e+00
1.199999999999999956e+00 9.986618998891333421e-01
1.219999999999999973e+00 9.909670726013488640e-01
1.239999999999999991e+00 9.834382161541284084e-01
1.260000000000000009e+00 9.760682033076304442e-01
1.280000000000000027e+00 9.688505966969946925e-01
1.300000000000000044e+00 9.617790580612328721e-01
1.320000000000000062e+00 9.548478759822311979e-01
1.340000000000000080e+00 9.480514243947466557e-01
1.360000000000000098e+00 9.413846167896169348e-01
1.380000000000000115e+00 9.348424081123654084e-01
1.400000000000000133e+00 9.284202522205234898e-01
1.419999999999999929e+00 9.221136435966493794e-01
1.439999999999999947e+00 9.159185053538932975e-01
1.459999999999999964e+00 9.098307661262227120e-01
1.479999999999999982e+00 9.038467581723624855e-01
1.500000000000000000e+00 8.979628269270349961e-01
1.520000000000000018e+00 8.921756627456018940e-01
1.540000000000000036e+00 8.864819393576417461e-01
1.560000000000000053e+00 8.808786616691010041e-01
1.580000000000000071e+00 8.753628313567246577e-01
1.600000000000000089e+00 8.699317305748749396e-01
1.620000000000000107e+00 8.645826115633765685e-01
1.640000000000000124e+00 8.593130016437690033e-01
1.660000000000000142e+00 8.541204156315863605e-01
1.679999999999999938e+00 8.490025983196994863e-01
1.699999999999999956e+00 8.439572570312493527e-01
1.719999999999999973e+00 8.389823300340446544e-01
1.739999999999999991e+00 8.340757384388012285e-01
1.760000000000000009e+00 8.292355931255026569e-01
1.780000000000000027e+00 8.244599636700685741e-01
1.800000000000000044e+00 8.197471153666415766e-01
1.820000000000000062e+00 8.150952947032819029e-01
1.840000000000000080e+00 8.105029054648049680e-01
1.860000000000000098e+00 8.059683087042274208e-01
1.880000000000000115e+00 8.014900327219053322e-01
1.900000000000000133e+00 7.970665872989545209e-01
1.919999999999999929e+00 7.926966129508423720e-01
1.939999999999999947e+00 7.883787075724683069e-01
1.959999999999999964e+00 7.841116130381686755e-01
1.979999999999999982e+00 7.798940542187220437e-01
2.000000000000000000e+00 7.757248647403993669e-01
2.020000000000000018e+00 7.716028366814671191e-01
2.040000000000000036e+00 7.675268868971872882e-01
2.060000000000000053e+00 7.634959175117225216e-01
2.080000000000000071e+00 7.595089210296434024e-01
2.100000000000000089e+00 7.555648500547068602e-01
2.120000000000000107e+00 7.516627659842025633e-01
2.140000000000000124e+00 7.478017181970785243e-01
2.160000000000000142e+00 7.439808309468970426e-01
2.180000000000000160e+00 7.401991905486602352e-01
2.200000000000000178e+00 7.364559787074568264e-01
2.220000000000000195e+00 7.327503680507750916e-01
2.240000000000000213e+00 7.290815928859701867e-01
2.260000000000000231e+00 7.254488516850915447e-01
2.280000000000000249e+00 7.218514269981312070e-01
2.300000000000000266e+00 7.182885953242669208e-01
2.319999999999999840e+00 7.147596835290821460e-01
2.339999999999999858e+00 7.112639847710731100e-01
2.359999999999999876e+00 7.078008666874098243e-01
2.379999999999999893e+00 7.043696938832070265e-01
2.399999999999999911e+00 7.009698715630837684e-01
2.419999999999999929e+00 6.976007733012572487e-01
2.439999999999999947e+00 6.942618389678836266e-01
2.459999999999999964e+00 6.909525083505042575e-01
2.479999999999999982e+00 6.876722533521635317e-01
2.500000000000000000e+00 6.844205162213271576e-01
2.520000000000000018e+00 6.811967985016507132e-01
2.540000000000000036e+00 6.780006044954983713e-01
2.560000000000000053e+00 6.748314632098409982e-01
2.580000000000000071e+00 6.716888758413683824e-01
2.600000000000000089e+00 6.685723968756885904e-01
2.620000000000000107e+00 6.654815862670405702e-01
2.640000000000000124e+00 6.624160221678934146e-01
2.660000000000000142e+00 6.593752566153694428e-01
2.680000000000000160e+00 6.563588897724708104e-01
2.700000000000000178e+00 6.533665298366601037e-01
2.720000000000000195e+00 6.503977974651344862e-01
2.740000000000000213e+00 6.474522887362568202e-01
2.760000000000000231e+00 6.445296434113665374e-01
2.780000000000000249e+00 6.416295117026269423e-01
2.800000000000000266e+00 6.387515511995538464e-01
2.819999999999999840e+00 6.358953962878853838e-01
2.839999999999999858e+00 6.330607212125767269e-01
2.859999999999999876e+00 6.302472129358508424e-01
2.879999999999999893e+00 6.274545612788979820e-01
2.899999999999999911e+00 6.246824340737308079e-01
2.919999999999999929e+00 6.219305357234660159e-01
2.939999999999999947e+00 6.191985854678666579e-01
2.959999999999999964e+00 6.164863013747770015e-01
2.979999999999999982e+00 6.137933805806637944e-01
3.000000000000000000e+00 6.111195539710855273e-01
3.020000000000000018e+00 6.084645692456094324e-01
3.040000000000000036e+00 6.058281693244428334e-01
3.060000000000000053e+00 6.032100771028400255e-01
3.080000000000000071e+00 6.006100468109296653e-01
3.100000000000000089e+00 5.980278513345420599e-01
3.120000000000000107e+00 5.954632555422728624e-01
3.140000000000000124e+00 5.929160050392088266e-01
3.160000000000000142e+00 5.903858747096878412e-01
3.180000000000000160e+00 5.878726598069722309e-01
3.200000000000000178e+00 5.853761446530296730e-01
3.220000000000000195e+00 5.828960949298299665e-01
3.240000000000000213e+00 5.804323038597551943e-01
3.260000000000000231e+00 5.779845866264646803e-01
3.280000000000000249e+00 5.755527448530728396e-01
3.300000000000000266e+00 5.731365620155240981e-01
3.320000000000000284e+00 5.707358476724511132e-01
3.339999999999999858e+00 5.683504348229684311e-01
3.359999999999999876e+00 5.659801405277289366e-01
3.379999999999999893e+00 5.636247640696605554e-01
3.399999999999999911e+00 5.612841296071235941e-01
3.419999999999999929e+00 5.589580861126971500e-01
3.439999999999999947e+00 5.566464644650340743e-01
3.459999999999999964e+00 5.543490780182946942e-01
3.479999999999999982e+00 5.520657640188211257e-01
3.500000000000000000e+00 5.497963858029896178e-01
3.520000000000000018e+00 5.475407866551434966e-01
3.540000000000000036e+00 5.452987924791194985e-01
3.560000000000000053e+00 5.430702522887492778e-01
3.580000000000000071e+00 5.408550423730602574e-01
3.600000000000000089e+00 5.386530171864449823e-01
3.620000000000000107e+00 5.364640138441912898e-01
3.640000000000000124e+00 5.342878919704567853e-01
3.660000000000000142e+00 5.321245395661143851e-01
3.680000000000000160e+00 5.299738211711096936e-01
3.700000000000000178e+00 5.278355839314722298e-01
3.720000000000000195e+00 5.257096970645411815e-01
3.740000000000000213e+00 5.235960591888945137e-01
3.760000000000000231e+00 5.214945439753413403e-01
3.780000000000000249e+00 5.194050075557569146e-01
3.800000000000000266e+00 5.173273278439420864e-01
3.820000000000000284e+00 5.152614131088211202e-01
3.839999999999999858e+00 5.132071453092131863e-01
3.859999999999999876e+00 5.111643886354422239e-01
3.879999999999999893e+00 5.091330289049968982e-01
3.899999999999999911e+00 5.071129831797375198e-01
3.919999999999999929e+00 5.051041409603088672e-01
3.939999999999999947e+00 5.031063736700972511e-01
3.959999999999999964e+00 5.011195743274909908e-01
3.979999999999999982e+00 4.991436680255381120e-01
4.000000000000000000e+00 4.971785511443713723e-01
4.020000000000000462e+00 4.952241016038558818e-01
4.040000000000000036e+00 4.932802189986498775e-01
4.060000000000000497e+00 4.913468357747627357e-01
4.080000000000000071e+00 4.894238546023730319e-01
4.099999999999999645e+00 4.875111592388262638e-01
4.120000000000000107e+00 4.856086552984885119e-01
4.139999999999999680e+00 4.837162819752201526e-01
4.160000000000000142e+00 4.818339477034201956e-01
4.179999999999999716e+00 4.799615414868325658e-01
4.200000000000000178e+00 4.780989744624349336e-01
4.219999999999999751e+00 4.762461920310521735e-01
4.240000000000000213e+00 4.744031079210849766e-01
4.259999999999999787e+00 4.725696158512824874e-01
4.280000000000000249e+00 4.707456320362065627e-01
4.299999999999999822e+00 4.689311075993068956e-01
4.320000000000000284e+00 4.671259611415640167e-01
4.339999999999999858e+00 4.653300906178596819e-01
4.360000000000000320e+00 4.635434169210383981e-01
4.379999999999999893e+00 4.617658964627870399e-01
4.400000000000000355e+00 4.599974523381233915e-01
4.419999999999999929e+00 4.582379863055771052e-01
4.440000000000000391e+00 4.564874235772234390e-01
4.459999999999999964e+00 4.547457254628188839e-01
4.480000000000000426e+00 4.530128192106868679e-01
4.500000000000000000e+00 4.512886099915230376e-01
4.520000000000000462e+00 4.495730270131162998e-01
4.540000000000000036e+00 4.478660361323850703e-01
4.560000000000000497e+00 4.461675684436134937e-01
4.580000000000000071e+00 4.444775321745778052e-01
4.600000000000000533e+00 4.427958602366666163e-01
4.620000000000000107e+00 4.411225227179916830e-01
4.639999999999999680e+00 4.394574542810298357e-01
4.660000000000000142e+00 4.378005658878655892e-01
4.679999999999999716e+00 4.361517938892276458e-01
4.700000000000000178e+00 4.345111123196201408e-01
4.719999999999999751e+00 4.328784591581850694e-01
4.740000000000000213e+00 4.312537478073249497e-01
4.759999999999999787e+00 4.296369178175897807e-01
4.780000000000000249e+00 4.280279469129411596e-01
4.799999999999999822e+00 4.264267761609975560e-01
4.820000000000000284e+00 4.248333211361550177e-01
4.839999999999999858e+00 4.232475243712888191e-01
4.860000000000000320e+00 4.216693670478629530e-01
4.879999999999999893e+00 4.200987931145813703e-01
4.900000000000000355e+00 4.185357200724427185e-01
4.919999999999999929e+00 4.169800932388041392e-01
4.940000000000000391e+00 4.154318970431033486e-01
4.959999999999999964e+00 4.138910781263137051e-01
4.980000000000000426e+00 4.123575556911653894e-01
5.000000000000000000e+00 4.108312776592232818e-01
5.020000000000000462e+00 4.093122315185517834e-01
5.040000000000000036e+00 4.078003664301903530e-01
5.060000000000000497e+00 4.062956030921366368e-01
5.080000000000000071e+00 4.047978918656060521e-01
5.100000000000000533e+00 4.033072231261614071e-01
5.120000000000000107e+00 4.018235483976046463e-01
5.139999999999999680e+00 4.003467896832343387e-01
5.160000000000000142e+00 3.988768996334800532e-01
5.179999999999999716e+00 3.974138713567241243e-01
5.200000000000000178e+00 3.959576585956042782e-01
5.219999999999999751e+00 3.945081844835892637e-01
5.240000000000000213e+00 3.930654038225734337e-01
5.259999999999999787e+00 3.916293123139825139e-01
5.280000000000000249e+00 3.901998657873996246e-01
5.299999999999999822e+00 3.887769883446786090e-01
5.320000000000000284e+00 3.873606368128449939e-01
5.339999999999999858e+00 3.859508093601222156e-01
5.360000000000000320e+00 3.845474637819852881e-01
5.379999999999999893e+00 3.831505249989080042e-01
5.400000000000000355e+00 3.817599517470234849e-01
5.419999999999999929e+00 3.803757445473865406e-01
5.440000000000000391e+00 3.789978630501201762e-01
5.459999999999999964e+00 3.776262328553674497e-01
5.480000000000000426e+00 3.762608145016581584e-01
5.500000000000000000e+00 3.749016107601169101e-01
5.520000000000000462e+00 3.735485830331138901e-01
5.540000000000000036e+00 3.722016574712853076e-01
5.560000000000000497e+00 3.708607963172650956e-01
5.580000000000000071e+00 3.695260044997051851e-01
5.600000000000000533e+00 3.681972450788512097e-01
5.620000000000000107e+00 3.668744446354522681e-01
5.639999999999999680e+00 3.655575670256026033e-01
5.660000000000000142e+00 3.642466192522802459e-01
5.679999999999999716e+00 3.629415659465067279e-01
5.700000000000000178e+00 3.616423340067188574e-01
5.719999999999999751e+00 3.603488888187582617e-01
5.740000000000000213e+00 3.590612393852866679e-01
5.759999999999999787e+00 3.577793518276203288e-01
5.780000000000000249e+00 3.565031532566251271e-01
5.799999999999999822e+00 3.552326105104863241e-01
5.820000000000000284e+00 3.539677345247682627e-01
5.839999999999999858e+00 3.527084928366129302e-01
5.860000000000000320e+00 3.514548126705347442e-01
5.879999999999999893e+00 3.502066622453993694e-01
5.900000000000000355e+00 3.489640543701154063e-01
5.919999999999999929e+00 3.477269579286741963e-01
5.940000000000000391e+00 3.464953001662876009e-01
5.959999999999999964e+00 3.452690506160894235e-01
5.980000000000000426e+00 3.440482239074247883e-01
6.000000000000000000e+00 3.428327902071692801e-01
6.020000000000000462e+00 3.416226766935416270e-01
6.040000000000000036e+00 3.404178541523166235e-01
6.060000000000000497e+00 3.392183389865207066e-01
6.080000000000000071e+00 3.380241025865240445e-01
6.100000000000000533e+00 3.368350719806010307e-01
6.120000000000000107e+00 3.356512191499220199e-01
6.140000000000000568e+00 3.344725622301257251e-01
6.160000000000000142e+00 3.332990737798798286e-01
6.179999999999999716e+00 3.321306805988267774e-01
6.200000000000000178e+00 3.309673558102998459e-01
6.219999999999999751e+00 3.298091192467513255e-01
6.240000000000000213e+00 3.286559445837985427e-01
6.259999999999999787e+00 3.275077583175844964e-01
6.280000000000000249e+00 3.263645346640600131e-01
6.299999999999999822e+00 3.252262951215914577e-01
6.320000000000000284e+00 3.240930144349281616e-01
6.339999999999999858e+00 3.229646187252761536e-01
6.360000000000000320e+00 3.218410832550423484e-01
6.379999999999999893e+00 3.207224311621692525e-01
6.400000000000000355e+00 3.196086382159672445e-01
6.419999999999999929e+00 3.184996300943284120e-01
6.440000000000000391e+00 3.173953830630717454e-01
6.459999999999999964e+00 3.162959218776357218e-01
6.480000000000000426e+00 3.152012232903112499e-01
6.500000000000000000e+00 3.141112124700282116e-01
6.520000000000000462e+00 3.130258666458448635e-01
6.540000000000000036e+00 3.119452121725995730e-01
6.560000000000000497e+00 3.108692267467413894e-01
6.580000000000000071e+00 3.097978349650005736e-01
6.600000000000000533e+00 3.087310149821540506e-01
6.620000000000000107e+00 3.076687947380817856e-01
6.640000000000000568e+00 3.066111528371222583e-01
6.660000000000000142e+00 3.055580132426995998e-01
6.679999999999999716e+00 3.045093550002380689e-01
6.700000000000000178e+00 3.034652076238123497e-01
6.719999999999999751e+00 3.024255505917333164e-01
6.740000000000000213e+00 3.013903071748830209e-01
6.759999999999999787e+00 3.003594572765250215e-01
6.780000000000000249e+00 2.993330319774074599e-01
6.799999999999999822e+00 2.983110115980767141e-01
6.820000000000000284e+00 2.972933186592499610e-01
6.839999999999999858e+00 2.962799338913363334e-01
6.860000000000000320e+00 2.952708899373545637e-01
6.879999999999999893e+00 2.942661679303868461e-01
6.900000000000000355e+00 2.932656895847521317e-01
6.919999999999999929e+00 2.922694364292517943e-01
6.940000000000000391e+00 2.912774426677658957e-01
6.959999999999999964e+00 2.902896902180805427e-01
6.980000000000000426e+00 2.893060999330656080e-01
7.000000000000000000e+00 2.883266541129781424e-01
7.020000000000000462e+00 2.873513885239719623e-01
7.040000000000000036e+00 2.863802858424642217e-01
7.060000000000000497e+00 2.854132660057975279e-01
7.080000000000000071e+00 2.844503120604364166e-01
7.100000000000000533e+00 2.834914613389296623e-01
7.120000000000000107e+00 2.825366972518745801e-01
7.140000000000000568e+00 2.815859387678014136e-01
7.160000000000000142e+00 2.806391696557120063e-01
7.179999999999999716e+00 2.796964288212542282e-01
7.200000000000000178e+00 2.787577003862835578e-01
7.219999999999999751e+00 2.778229022978409013e-01
7.240000000000000213e+00 2.768920190252645575e-01
7.259999999999999787e+00 2.759650910564981907e-01
7.280000000000000249e+00 2.750421032031536428e-01
7.299999999999999822e+00 2.741229723385517070e-01
7.320000000000000284e+00 2.732076836115366891e-01
7.339999999999999858e+00 2.722962791039475472e-01
7.360000000000000320e+00 2.713887442969775687e-01
7.379999999999999893e+00 2.704849949382869267e-01
7.400000000000000355e+00 2.695850168366891175e-01
7.419999999999999929e+00 2.686888536818384798e-01
7.440000000000000391e+00 2.677964916055874389e-01
7.459999999999999964e+00 2.669078451781208283e-01
7.480000000000000426e+00 2.660229008498917191e-01
7.500000000000000000e+00 2.651417039345518867e-01
7.520000000000000462e+00 2.642642411968538774e-01
7.540000000000000036e+00 2.633904259776960743e-01
7.560000000000000497e+00 2.625202453519711043e-01
7.580000000000000071e+00 2.616537462757165811e-01
7.600000000000000533e+00 2.607909161299304945e-01
7.620000000000000107e+00 2.599316669742542385e-01
7.640000000000000568e+00 2.590759864918900646e-01
7.660000000000000142e+00 2.582239233018094882e-01
7.679999999999999716e+00 2.573754653856347718e-01
7.700000000000000178e+00 2.565305234695082204e-01
7.719999999999999751e+00 2.556890858298151437e-01
7.740000000000000213e+00 2.548512027711232752e-01
7.759999999999999787e+00 2.540168628610390833e-01
7.780000000000000249e+00 2.531859754395476281e-01
7.799999999999999822e+00 2.523585293620450587e-01
7.820000000000000284e+00 2.515345766434538000e-01
7.839999999999999858e+00 2.507141064236412809e-01
7.860000000000000320e+00 2.498970266032467247e-01
7.879999999999999893e+00 2.490833266033999072e-01
7.900000000000000355e+00 2.482730601762029032e-01
7.919999999999999929e+00 2.474662170209441514e-01
7.940000000000000391e+00 2.466627035450624228e-01
7.959999999999999964e+00 2.458625097229992784e-01
7.980000000000000426e+00 2.450656910729236138e-01
8.000000000000000000e+00 2.442722378415219664e-01
8.019999999999999574e+00 2.434820548884126246e-01
8.040000000000000924e+00 2.426951327297261207e-01
8.060000000000000497e+00 2.419115286806332032e-01
8.080000000000000071e+00 2.411312335239960136e-01
8.099999999999999645e+00 2.403541505160827207e-01
8.120000000000000995e+00 2.395802707038628687e-01
8.140000000000000568e+00 2.388096532325086896e-01
8.160000000000000142e+00 2.380422894105647946e-01
8.179999999999999716e+00 2.372780808344255588e-01
8.199999999999999289e+00 2.365170190717751364e-01
8.220000000000000639e+00 2.357591651328352633e-01
8.240000000000000213e+00 2.350045108420731610e-01
8.259999999999999787e+00 2.342529560783402631e-01
8.279999999999999361e+00 2.335044929206157305e-01
8.300000000000000711e+00 2.327591842813040157e-01
8.320000000000000284e+00 2.320170224917041668e-01
8.339999999999999858e+00 2.312779056542244027e-01
8.359999999999999432e+00 2.305418263503802023e-01
8.380000000000000782e+00 2.298088494339851073e-01
8.400000000000000355e+00 2.290789677347422337e-01
8.419999999999999929e+00 2.283520775183470464e-01
8.439999999999999503e+00 2.276281718607348625e-01
8.460000000000000853e+00 2.269073175984909485e-01
8.480000000000000426e+00 2.261895080519032986e-01
8.500000000000000000e+00 2.254746375882285270e-01
8.519999999999999574e+00 2.247626997703109086e-01
8.540000000000000924e+00 2.240537634610227369e-01
8.560000000000000497e+00 2.233478224640373100e-01
8.580000000000000071e+00 2.226447691848375821e-01
8.599999999999999645e+00 2.219445976662623998e-01
8.620000000000000995e+00 2.212473788431985056e-01
8.640000000000000568e+00 2.205531069960643409e-01
8.660000000000000142e+00 2.198616725035383301e-01
8.679999999999999716e+00 2.191730698821042767e-01
8.700000000000001066e+00 2.184873721866343599e-01
8.720000000000000639e+00 2.178045741682271552e-01
8.740000000000000213e+00 2.171245641118842995e-01
8.759999999999999787e+00 2.164473370019388831e-01
8.779999999999999361e+00 2.157729680635223912e-01
8.800000000000000711e+00 2.151014525128795429e-01
8.820000000000000284e+00 2.144326764725213719e-01
8.839999999999999858e+00 2.137666353893580840e-01
8.859999999999999432e+00 2.131034067114227493e-01
8.880000000000000782e+00 2.124429861151010401e-01
8.900000000000000355e+00 2.117852574895151552e-01
8.919999999999999929e+00 2.111302167394009666e-01
8.939999999999999503e+00 2.104779435907655760e-01
8.960000000000000853e+00 2.098284341756353477e-01
8.980000000000000426e+00 2.091815700766390951e-01
9.000000000000000000e+00 2.085373476520936686e-01
9.019999999999999574e+00 2.078958489635513995e-01
9.040000000000000924e+00 2.072570705946786551e-01
9.060000000000000497e+00 2.066208917461692107e-01
9.080000000000000071e+00 2.059873092261591820e-01
9.099999999999999645e+00 2.053564074919109750e-01
9.120000000000000995e+00 2.047281835752063350e-01
9.140000000000000568e+00 2.041025142168894080e-01
9.160000000000000142e+00 2.034793966716388069e-01
9.179999999999999716e+00 2.028589178552466787e-01
9.200000000000001066e+00 2.022410752445824023e-01
9.220000000000000639e+00 2.016257430400960338e-01
9.240000000000000213e+00 2.010129189401992089e-01
9.259999999999999787e+00 2.004026923848181985e-01
9.279999999999999361e+00 1.997950612933207803e-01
9.300000000000000711e+00 1.991898972424690495e-01
9.320000000000000284e+00 1.985871983720581824e-01
9.339999999999999858e+00 1.979870567146105875e-01
9.359999999999999432e+00 1.973894706298806034e-01
9.380000000000000782e+00 1.967943089847212501e-01
9.400000000000000355e+00 1.962015703584249204e-01
9.419999999999999929e+00 1.956113494475470171e-01
9.439999999999999503e+00 1.950236450505599406e-01
9.460000000000000853e+00 1.944383232351222790e-01
9.480000000000000426e+00 1.938553830185804627e-01
9.500000000000000000e+00 1.932749218360533816e-01
9.519999999999999574e+00 1.926969389235156649e-01
9.540000000000000924e+00 1.921212974569014020e-01
9.560000000000000497e+00 1.915479968906149688e-01
9.580000000000000071e+00 1.909771374760988738e-01
9.599999999999999645e+00 1.904087188860522917e-01
9.620000000000000995e+00 1.898426013087432251e-01
