0.000000000000000000e+00 5.000000000000000000e+00
2.999999999999999889e-02 4.999550020249392546e+00
5.999999999999999778e-02 4.998200323961123459e+00
8.999999999999999667e-02 4.995951639807222122e+00
1.199999999999999956e-01 4.992805181512575352e+00
1.499999999999999944e-01 4.988762646763149178e+00
1.799999999999999933e-01 4.983826215679423299e+00
2.099999999999999922e-01 4.977998548856960248e+00
2.399999999999999911e-01 4.971282784976579272e+00
2.700000000000000178e-01 4.963682537987130772e+00
2.999999999999999889e-01 4.955201893864417784e+00
3.299999999999999600e-01 4.945845406950340362e+00
3.599999999999999867e-01 4.935618095876831646e+00
3.900000000000000133e-01 4.924525439079719291e+00
4.199999999999999845e-01 4.912573369908113108e+00
4.499999999999999556e-01 4.899768271335423364e+00
4.799999999999999822e-01 4.886116970278628457e+00
5.100000000000000089e-01 4.871626731532849419e+00
5.400000000000000355e-01 4.856305251328788763e+00
5.699999999999999512e-01 4.840160650521028174e+00
5.999999999999999778e-01 4.823201467415615618e+00
6.300000000000000044e-01 4.805436650245819230e+00
6.599999999999999201e-01 4.786875549305327660e+00
6.899999999999999467e-01 4.767527908748567356e+00
7.199999999999999734e-01 4.747403858068210525e+00
7.500000000000000000e-01 4.726513903260297411e+00
7.800000000000000266e-01 4.704868917687768715e+00
8.099999999999999423e-01 4.682480132653504157e+00
8.399999999999999689e-01 4.659359127694325586e+00
8.699999999999999956e-01 4.635517820607682360e+00
8.999999999999999112e-01 4.610968457223040495e+00
9.299999999999999378e-01 4.585723600930251997e+00
9.599999999999999645e-01 4.559796121977432115e+00
9.899999999999999911e-01 4.533199186551078341e+00
1.020000000000000018e+00 4.505946245651392346e+00
1.050000000000000044e+00 4.478051023775940109e+00
1.080000000000000071e+00 4.449527507424943629e+00
1.109999999999999876e+00 4.420389933441660091e+00
1.139999999999999902e+00 4.390652777201418999e+00
1.169999999999999929e+00 4.360330740662986315e+00
1.199999999999999956e+00 4.329438740296025045e+00
1.229999999999999982e+00 4.297991894898475884e+00
1.260000000000000009e+00 4.266005513317723263e+00
1.290000000000000036e+00 4.233495082089445916e+00
1.319999999999999840e+00 4.200476253008041283e+00
1.349999999999999867e+00 4.166964830642513107e+00
1.379999999999999893e+00 4.132976759811660905e+00
1.409999999999999920e+00 4.098528113032356757e+00
1.439999999999999947e+00 4.063635077954636188e+00
1.469999999999999973e+00 4.028313944797205615e+00
1.500000000000000000e+00 3.992581093796885305e+00
1.530000000000000027e+00 3.956452982685362052e+00
1.560000000000000053e+00 3.919946134206473864e+00
1.589999999999999858e+00 3.883077123687086463e+00
1.619999999999999885e+00 3.845862566674438821e+00
1.649999999999999911e+00 3.808319106652634289e+00
1.679999999999999938e+00 3.770463402850727341e+00
1.709999999999999964e+00 3.732312118154632152e+00
1.739999999999999991e+00 3.693881907134835885e+00
1.770000000000000018e+00 3.655189404201617975e+00
1.799999999999999822e+00 3.616251211899212503e+00
1.829999999999999849e+00 3.577083889350063828e+00
1.859999999999999876e+00 3.537703940860017493e+00
1.889999999999999902e+00 3.498127804694951770e+00
1.919999999999999929e+00 3.458371842039071442e+00
1.949999999999999956e+00 3.418452326144705289e+00
1.979999999999999982e+00 3.378385431683118334e+00
2.009999999999999787e+00 3.338187224305491974e+00
2.040000000000000036e+00 3.297873650422843639e+00
2.069999999999999840e+00 3.257460527213308588e+00
2.100000000000000089e+00 3.216963532864780984e+00
2.129999999999999893e+00 3.176398197060566364e+00
2.160000000000000142e+00 3.135779891715261058e+00
2.189999999999999947e+00 3.095123821967701971e+00
2.219999999999999751e+00 3.054445017437400267e+00
2.250000000000000000e+00 3.013758323750476809e+00
2.279999999999999805e+00 2.973078394340692654e+00
2.310000000000000053e+00 2.932419682530756688e+00
2.339999999999999858e+00 2.891796433898670138e+00
2.370000000000000107e+00 2.851222678933442722e+00
2.399999999999999911e+00 2.810712225984111967e+00
2.429999999999999716e+00 2.770278654505548666e+00
2.459999999999999964e+00 2.729935308604134914e+00
2.489999999999999769e+00 2.689695290885978363e+00
2.520000000000000018e+00 2.649571456609892905e+00
2.549999999999999822e+00 2.609576408146984772e+00
2.580000000000000071e+00 2.569722489748263783e+00
2.609999999999999876e+00 2.530021782621290072e+00
2.639999999999999680e+00 2.490486100316458895e+00
2.669999999999999929e+00 2.451126984423162902e+00
2.699999999999999734e+00 2.411955700575629802e+00
2.729999999999999982e+00 2.372983234767887861e+00
2.759999999999999787e+00 2.334220289976927543e+00
2.790000000000000036e+00 2.295677283092735443e+00
2.819999999999999840e+00 2.257364342153550307e+00
2.850000000000000089e+00 2.219291303884296074e+00
2.879999999999999893e+00 2.181467711535842291e+00
2.909999999999999698e+00 2.143902813022365628e+00
2.939999999999999947e+00 2.106605559353798451e+00
2.969999999999999751e+00 2.069584603359999164e+00
3.000000000000000000e+00 2.032848298702995660e+00
3.029999999999999805e+00 1.996404699173342179e+00
3.060000000000000053e+00 1.960261558266355841e+00
3.089999999999999858e+00 1.924426329033713801e+00
3.120000000000000107e+00 1.888906164205637506e+00
3.149999999999999911e+00 1.853707916578633874e+00
3.179999999999999716e+00 1.818838139663520037e+00
3.209999999999999964e+00 1.784303088588242936e+00
3.239999999999999769e+00 1.750108721249777899e+00
3.270000000000000018e+00 1.716260699709177384e+00
3.299999999999999822e+00 1.682764391823685202e+00
3.330000000000000071e+00 1.649624873109602596e+00
3.359999999999999876e+00 1.616846928829472008e+00
3.389999999999999680e+00 1.584435056296954247e+00
3.419999999999999929e+00 1.552393467392660487e+00
3.449999999999999734e+00 1.520726091284048564e+00
3.479999999999999982e+00 1.489436577342391432e+00
3.509999999999999787e+00 1.458528298249712973e+00
3.540000000000000036e+00 1.428004353288494288e+00
3.569999999999999840e+00 1.397867571806881370e+00
3.599999999999999645e+00 1.368120516852040502e+00
3.629999999999999893e+00 1.338765488964266615e+00
3.659999999999999698e+00 1.309804530124400124e+00
3.689999999999999947e+00 1.281239427847064238e+00
3.719999999999999751e+00 1.253071719412237384e+00
3.750000000000000000e+00 1.225302696227629440e+00
3.779999999999999805e+00 1.197933408314371562e+00
