# Electrodo circular de radio 6 mm y espesor 710.0 um.
# Volumen de simulacion (convencion z,y,x):
# N: 1024 x 1024 x 1024 | voxelSize:  0.02mm x 0.02mm x 0.02mm | FOV:  20.48mm x 20.48mm x 20.48mm
# 
# z [mm]		 delta[ppm]
0.000000000000000000e+00 2.926623839043420272e+00
2.000000000000000042e-02 2.920031738467421700e+00
4.000000000000000083e-02 2.913259518971403672e+00
5.999999999999999778e-02 2.906310072254457477e+00
8.000000000000000167e-02 2.899186303670932663e+00
1.000000000000000056e-01 2.891891177334065866e+00
1.199999999999999956e-01 2.884427694002931641e+00
1.400000000000000133e-01 2.876798905014086305e+00
1.600000000000000033e-01 2.869007897299900467e+00
1.799999999999999933e-01 2.861057801178454874e+00
2.000000000000000111e-01 2.852951777848546033e+00
2.200000000000000011e-01 2.844693025857435664e+00
2.399999999999999911e-01 2.836284769027558106e+00
2.600000000000000089e-01 2.827730262753349599e+00
2.800000000000000266e-01 2.819032782008403348e+00
2.999999999999999889e-01 2.810195627732683832e+00
3.200000000000000067e-01 2.801222114769427840e+00
3.400000000000000244e-01 2.792115578478681748e+00
3.599999999999999867e-01 2.782879362529175893e+00
3.800000000000000044e-01 2.773516825812446740e+00
4.000000000000000222e-01 2.764031330067177272e+00
4.199999999999999845e-01 2.754426247141628981e+00
4.400000000000000022e-01 2.744704946427383163e+00
4.600000000000000200e-01 2.734870802502689102e+00
4.799999999999999822e-01 2.724927182379794033e+00
5.000000000000000000e-01 2.714877453551109987e+00
5.200000000000000178e-01 2.704724971043769077e+00
5.400000000000000355e-01 2.694473085884896868e+00
5.600000000000000533e-01 2.684125131973812195e+00
5.799999999999999600e-01 2.673684434977074531e+00
5.999999999999999778e-01 2.663154299017859383e+00
6.199999999999999956e-01 2.652538016008504584e+00
6.400000000000000133e-01 2.641838852168004070e+00
6.600000000000000311e-01 2.631060057796087204e+00
6.800000000000000488e-01 2.620204853620309748e+00
7.000000000000000666e-01 2.609276441013755221e+00
7.199999999999999734e-01 2.598277988181342923e+00
7.399999999999999911e-01 2.587212640820560239e+00
7.600000000000000089e-01 2.576083508148649504e+00
7.800000000000000266e-01 2.564893674004307567e+00
8.000000000000000444e-01 2.553646182723500413e+00
8.200000000000000622e-01 2.542344050677958656e+00
8.399999999999999689e-01 2.530990252000807850e+00
8.599999999999999867e-01 2.519587730556465122e+00
8.800000000000000044e-01 2.508139385521996889e+00
9.000000000000000222e-01 2.496648083781376481e+00
9.200000000000000400e-01 2.485116645363047105e+00
9.400000000000000577e-01 2.473547856250491339e+00
9.599999999999999645e-01 2.461944453680298128e+00
9.799999999999999822e-01 2.450309139359708066e+00
1.000000000000000000e+00 2.438644564624986355e+00
1.020000000000000018e+00 2.426953344055815087e+00
1.040000000000000036e+00 2.415238040496972882e+00
1.060000000000000053e+00 2.403501179058450177e+00
1.080000000000000071e+00 2.391745231999734767e+00
1.100000000000000089e+00 2.379972633103945689e+00
1.120000000000000107e+00 2.368185762426789687e+00
1.140000000000000124e+00 2.356386961032236549e+00
1.159999999999999920e+00 2.344578515605219238e+00
1.179999999999999938e+00 2.332762673535980102e+00
1.199999999999999956e+00 2.320941627398005913e+00
1.219999999999999973e+00 2.309117530367669424e+00
1.239999999999999991e+00 2.297292480566440531e+00
1.260000000000000009e+00 2.285468536802205630e+00
1.280000000000000027e+00 2.273647702777006341e+00
1.300000000000000044e+00 2.261831943136110024e+00
1.320000000000000062e+00 2.250023167540537106e+00
1.340000000000000080e+00 2.238223247009848649e+00
1.360000000000000098e+00 2.226433997860773673e+00
1.380000000000000115e+00 2.214657198329526455e+00
1.400000000000000133e+00 2.202894572376227877e+00
1.419999999999999929e+00 2.191147806572596224e+00
1.439999999999999947e+00 2.179418533773745281e+00
1.459999999999999964e+00 2.167708350257066208e+00
1.479999999999999982e+00 2.156018799261700369e+00
1.500000000000000000e+00 2.144351388364546196e+00
1.520000000000000018e+00 2.132707572889464664e+00
1.540000000000000036e+00 2.121088773506413894e+00
1.560000000000000053e+00 2.109496359511404240e+00
1.580000000000000071e+00 2.097931666634970771e+00
1.600000000000000089e+00 2.086395980195533184e+00
1.620000000000000107e+00 2.074890553103542423e+00
1.640000000000000124e+00 2.063416588890063963e+00
1.660000000000000142e+00 2.051975259893204839e+00
1.679999999999999938e+00 2.040567690165234982e+00
1.699999999999999956e+00 2.029194973828092330e+00
1.719999999999999973e+00 2.017858157861700530e+00
1.739999999999999991e+00 2.006558260615592282e+00
1.760000000000000009e+00 1.995296254482502807e+00
1.780000000000000027e+00 1.984073084553374500e+00
1.800000000000000044e+00 1.972889651179732695e+00
1.820000000000000062e+00 1.961746828759624917e+00
1.840000000000000080e+00 1.950645448193593090e+00
1.860000000000000098e+00 1.939586315789323834e+00
1.880000000000000115e+00 1.928570195615540550e+00
1.900000000000000133e+00 1.917597828513439184e+00
1.919999999999999929e+00 1.906669914354020445e+00
1.939999999999999947e+00 1.895787131144610393e+00
1.959999999999999964e+00 1.884950117194740704e+00
1.979999999999999982e+00 1.874159490306310571e+00
2.000000000000000000e+00 1.863415829854226047e+00
2.020000000000000018e+00 1.852719696048989562e+00
2.040000000000000036e+00 1.842071611937927900e+00
2.060000000000000053e+00 1.831472082729237449e+00
2.080000000000000071e+00 1.820921577720630014e+00
2.100000000000000089e+00 1.810420549674073065e+00
2.120000000000000107e+00 1.799969416678350420e+00
2.140000000000000124e+00 1.789568581563942162e+00
2.160000000000000142e+00 1.779218413706897595e+00
2.180000000000000160e+00 1.768919268473496453e+00
2.200000000000000178e+00 1.758671468972510921e+00
2.220000000000000195e+00 1.748475325519479151e+00
2.240000000000000213e+00 1.738331117345252030e+00
2.260000000000000231e+00 1.728239112069886341e+00
2.280000000000000249e+00 1.718199547375035552e+00
2.300000000000000266e+00 1.708212650477649808e+00
2.319999999999999840e+00 1.698278619774518994e+00
2.339999999999999858e+00 1.688397644306089296e+00
2.359999999999999876e+00 1.678569885381184790e+00
2.379999999999999893e+00 1.668795496021382885e+00
2.399999999999999911e+00 1.659074602574581947e+00
2.419999999999999929e+00 1.649407324130522712e+00
2.439999999999999947e+00 1.639793754131579684e+00
2.459999999999999964e+00 1.630233979750108864e+00
2.479999999999999982e+00 1.620728063505436856e+00
2.500000000000000000e+00 1.611276062593832048e+00
2.520000000000000018e+00 1.601878010520353612e+00
2.540000000000000036e+00 1.592533936372351633e+00
2.560000000000000053e+00 1.583243846475371530e+00
2.580000000000000071e+00 1.574007743601148590e+00
2.600000000000000089e+00 1.564825608656476463e+00
2.620000000000000107e+00 1.555697419816769900e+00
2.640000000000000124e+00 1.546623134257255838e+00
2.660000000000000142e+00 1.537602707203225227e+00
2.680000000000000160e+00 1.528636073712652088e+00
2.700000000000000178e+00 1.519723167634308147e+00
2.720000000000000195e+00 1.510863903451317602e+00
2.740000000000000213e+00 1.502058195138371133e+00
2.760000000000000231e+00 1.493305938075445649e+00
2.780000000000000249e+00 1.484607027795410206e+00
2.800000000000000266e+00 1.475961341977502173e+00
2.819999999999999840e+00 1.467368759076648432e+00
2.839999999999999858e+00 1.458829140406020075e+00
2.859999999999999876e+00 1.450342348639445778e+00
2.879999999999999893e+00 1.441908229992687307e+00
2.899999999999999911e+00 1.433526632590345296e+00
2.919999999999999929e+00 1.425197388755244710e+00
2.939999999999999947e+00 1.416920333231240559e+00
2.959999999999999964e+00 1.408695285590398694e+00
2.979999999999999982e+00 1.400522068303169387e+00
3.000000000000000000e+00 1.392400489272747288e+00
3.020000000000000018e+00 1.384330359744112338e+00
3.040000000000000036e+00 1.376311476975226045e+00
3.060000000000000053e+00 1.368343641976431879e+00
3.080000000000000071e+00 1.360426642327924096e+00
3.100000000000000089e+00 1.352560269740996635e+00
3.120000000000000107e+00 1.344744303031440102e+00
3.140000000000000124e+00 1.336978525494182612e+00
3.160000000000000142e+00 1.329262708041991203e+00
3.180000000000000160e+00 1.321596626385061812e+00
3.200000000000000178e+00 1.313980044344625453e+00
3.220000000000000195e+00 1.306412730829058733e+00
3.240000000000000213e+00 1.298894443331731541e+00
3.260000000000000231e+00 1.291424944695226840e+00
3.280000000000000249e+00 1.284003986802981556e+00
3.300000000000000266e+00 1.276631327123201487e+00
3.320000000000000284e+00 1.269306712603583742e+00
3.339999999999999858e+00 1.262029895986542805e+00
3.359999999999999876e+00 1.254800619916501603e+00
3.379999999999999893e+00 1.247618633018028556e+00
3.399999999999999911e+00 1.240483674224940547e+00
3.419999999999999929e+00 1.233395488612973878e+00
3.439999999999999947e+00 1.226353811960110729e+00
3.459999999999999964e+00 1.219358386325428700e+00
3.479999999999999982e+00 1.212408944849796555e+00
3.500000000000000000e+00 1.205505227072567243e+00
3.520000000000000018e+00 1.198646963981966795e+00
3.540000000000000036e+00 1.191833893061293503e+00
3.560000000000000053e+00 1.185065743598084920e+00
3.580000000000000071e+00 1.178342251451492517e+00
3.600000000000000089e+00 1.171663144629474074e+00
3.620000000000000107e+00 1.165028157769040007e+00
3.640000000000000124e+00 1.158437017990453954e+00
3.660000000000000142e+00 1.151889459082074962e+00
3.680000000000000160e+00 1.145385207640704284e+00
3.700000000000000178e+00 1.138923996952730722e+00
3.720000000000000195e+00 1.132505553429556500e+00
3.740000000000000213e+00 1.126129610176788143e+00
3.760000000000000231e+00 1.119795893733771752e+00
3.780000000000000249e+00 1.113504137322582910e+00
3.800000000000000266e+00 1.107254067900511618e+00
3.820000000000000284e+00 1.101045419080612264e+00
3.839999999999999858e+00 1.094877918506096615e+00
3.859999999999999876e+00 1.088751300434231073e+00
3.879999999999999893e+00 1.082665293441362975e+00
3.899999999999999911e+00 1.076619632661979020e+00
3.919999999999999929e+00 1.070614047833227112e+00
3.939999999999999947e+00 1.064648275180955395e+00
3.959999999999999964e+00 1.058722045812376056e+00
3.979999999999999982e+00 1.052835097240913065e+00
4.000000000000000000e+00 1.046987162135805116e+00
4.020000000000000462e+00 1.041177979477602156e+00
4.040000000000000036e+00 1.035407283673251966e+00
4.060000000000000497e+00 1.029674815334148175e+00
4.080000000000000071e+00 1.023980310765370660e+00
4.099999999999999645e+00 1.018323512358184635e+00
4.120000000000000107e+00 1.012704158461901205e+00
4.139999999999999680e+00 1.007121993382720238e+00
4.160000000000000142e+00 1.001576757646849947e+00
4.179999999999999716e+00 9.960681975976174440e-01
4.200000000000000178e+00 9.905960560581960062e-01
4.219999999999999751e+00 9.851600815189685001e-01
4.240000000000000213e+00 9.797600192083759651e-01
4.259999999999999787e+00 9.743956198624971199e-01
4.280000000000000249e+00 9.690666312123275006e-01
4.299999999999999822e+00 9.637728063275502466e-01
4.320000000000000284e+00 9.585138955286985896e-01
4.339999999999999858e+00 9.532896542971280862e-01
4.360000000000000320e+00 9.480998356202758881e-01
4.379999999999999893e+00 9.429441974598835596e-01
4.400000000000000355e+00 9.378224955386909034e-01
4.419999999999999929e+00 9.327344903589622760e-01
4.440000000000000391e+00 9.276799404387766623e-01
4.459999999999999964e+00 9.226586088729147317e-01
4.480000000000000426e+00 9.176702570270502957e-01
4.500000000000000000e+00 9.127146506330611198e-01
4.520000000000000462e+00 9.077915539492057428e-01
4.540000000000000036e+00 9.029007353819862303e-01
4.560000000000000497e+00 8.980419621205109060e-01
4.580000000000000071e+00 8.932150052770241322e-01
4.600000000000000533e+00 8.884196350034873069e-01
4.620000000000000107e+00 8.836556251429067421e-01
4.639999999999999680e+00 8.789227488362982843e-01
4.660000000000000142e+00 8.742207826769605727e-01
4.679999999999999716e+00 8.695495028157773643e-01
4.700000000000000178e+00 8.649086886106182037e-01
4.719999999999999751e+00 8.602981192380740882e-01
4.740000000000000213e+00 8.557175768301683583e-01
4.759999999999999787e+00 8.511668436004360405e-01
4.780000000000000249e+00 8.466457044601303217e-01
4.799999999999999822e+00 8.421539446667101192e-01
4.820000000000000284e+00 8.376913519117598073e-01
4.839999999999999858e+00 8.332577144997241891e-01
4.860000000000000320e+00 8.288528228997686931e-01
4.879999999999999893e+00 8.244764684627782225e-01
4.900000000000000355e+00 8.201284444293851505e-01
4.919999999999999929e+00 8.158085451930513488e-01
4.940000000000000391e+00 8.115165667565030772e-01
4.959999999999999964e+00 8.072523065488720340e-01
4.980000000000000426e+00 8.030155633227790135e-01
5.000000000000000000e+00 7.988061375333245229e-01
5.020000000000000462e+00 7.946238306680862840e-01
5.040000000000000036e+00 7.904684461958846331e-01
5.060000000000000497e+00 7.863397883219631623e-01
5.080000000000000071e+00 7.822376635142906931e-01
5.100000000000000533e+00 7.781618786761851370e-01
5.120000000000000107e+00 7.741122432580737067e-01
5.139999999999999680e+00 7.700885668398268491e-01
5.160000000000000142e+00 7.660906618357208320e-01
5.179999999999999716e+00 7.621183404787474913e-01
5.200000000000000178e+00 7.581714181266825392e-01
5.219999999999999751e+00 7.542497096406425294e-01
5.240000000000000213e+00 7.503530332999887031e-01
5.259999999999999787e+00 7.464812065673930297e-01
5.280000000000000249e+00 7.426340506204736069e-01
5.299999999999999822e+00 7.388113854956416260e-01
5.320000000000000284e+00 7.350130352441830439e-01
5.339999999999999858e+00 7.312388224471590981e-01
5.360000000000000320e+00 7.274885740038152804e-01
5.379999999999999893e+00 7.237621150097858225e-01
5.400000000000000355e+00 7.200592751855767748e-01
5.419999999999999929e+00 7.163798821103053438e-01
5.440000000000000391e+00 7.127237682981607536e-01
5.459999999999999964e+00 7.090907637799084284e-01
5.480000000000000426e+00 7.054807038350805470e-01
5.500000000000000000e+00 7.018934209134659596e-01
5.520000000000000462e+00 6.983287530309351121e-01
5.540000000000000036e+00 6.947865350231299253e-01
5.560000000000000497e+00 6.912666076126963155e-01
5.580000000000000071e+00 6.877688079873549576e-01
5.600000000000000533e+00 6.842929795464837150e-01
5.620000000000000107e+00 6.808389617957414375e-01
5.639999999999999680e+00 6.774066007808043910e-01
5.660000000000000142e+00 6.739957382906904826e-01
5.679999999999999716e+00 6.706062229866184277e-01
5.700000000000000178e+00 6.672378989061632515e-01
5.719999999999999751e+00 6.638906172950901352e-01
5.740000000000000213e+00 6.605642244044324096e-01
5.759999999999999787e+00 6.572585740333177773e-01
5.780000000000000249e+00 6.539735146110430275e-01
5.799999999999999822e+00 6.507089024587948689e-01
5.820000000000000284e+00 6.474645881487686161e-01
5.839999999999999858e+00 6.442404304928329717e-01
5.860000000000000320e+00 6.410362821707165093e-01
5.879999999999999893e+00 6.378520044535903599e-01
5.900000000000000355e+00 6.346874520932785924e-01
5.919999999999999929e+00 6.315424887888951844e-01
5.940000000000000391e+00 6.284169713290249648e-01
5.959999999999999964e+00 6.253107658094436694e-01
5.980000000000000426e+00 6.222237310201644833e-01
6.000000000000000000e+00 6.191557354224561660e-01
6.020000000000000462e+00 6.161066397726113752e-01
6.040000000000000036e+00 6.130763148663710416e-01
6.060000000000000497e+00 6.100646233912266903e-01
6.080000000000000071e+00 6.070714384465553115e-01
6.100000000000000533e+00 6.040966246162167153e-01
6.120000000000000107e+00 6.011400572725940084e-01
6.140000000000000568e+00 5.982016028612129332e-01
6.160000000000000142e+00 5.952811389970760203e-01
6.179999999999999716e+00 5.923785339529648031e-01
6.200000000000000178e+00 5.894936675563846595e-01
6.219999999999999751e+00 5.866264098731357457e-01
6.240000000000000213e+00 5.837766429133869339e-01
6.259999999999999787e+00 5.809442385020721078e-01
6.280000000000000249e+00 5.781290808024927008e-01
6.299999999999999822e+00 5.753310433650326017e-01
6.320000000000000284e+00 5.725500124769217214e-01
6.339999999999999858e+00 5.697858633806893724e-01
6.360000000000000320e+00 5.670384844586294770e-01
6.379999999999999893e+00 5.643077526123491117e-01
6.400000000000000355e+00 5.615935582906995682e-01
6.419999999999999929e+00 5.588957800217027039e-01
6.440000000000000391e+00 5.562143102926234706e-01
6.459999999999999964e+00 5.535490292254986455e-01
6.480000000000000426e+00 5.508998313182491557e-01
6.500000000000000000e+00 5.482665982549458361e-01
6.520000000000000462e+00 5.456492265167937061e-01
6.540000000000000036e+00 5.430475993181946848e-01
6.560000000000000497e+00 5.404616150966663479e-01
6.580000000000000071e+00 5.378911585656791505e-01
6.600000000000000533e+00 5.353361300924984745e-01
6.620000000000000107e+00 5.327964158586888654e-01
6.640000000000000568e+00 5.302719181351106537e-01
6.660000000000000142e+00 5.277625245408907873e-01
6.679999999999999716e+00 5.252681392247481318e-01
6.700000000000000178e+00 5.227886512131463270e-01
6.719999999999999751e+00 5.203239665073474685e-01
6.740000000000000213e+00 5.178739755113760390e-01
6.759999999999999787e+00 5.154385860541473852e-01
6.780000000000000249e+00 5.130176898877701896e-01
6.799999999999999822e+00 5.106111966443555028e-01
6.820000000000000284e+00 5.082189993950714246e-01
6.839999999999999858e+00 5.058410095512015925e-01
6.860000000000000320e+00 5.034771214742498335e-01
6.879999999999999893e+00 5.011272483310698078e-01
6.900000000000000355e+00 4.987912857452460602e-01
6.919999999999999929e+00 4.964691486160385248e-01
6.940000000000000391e+00 4.941607338011406170e-01
6.959999999999999964e+00 4.918659579094846745e-01
6.980000000000000426e+00 4.895847190053640441e-01
7.000000000000000000e+00 4.873169353850890784e-01
7.020000000000000462e+00 4.850625062923280550e-01
7.040000000000000036e+00 4.828213516889007240e-01
7.060000000000000497e+00 4.805933719710857588e-01
7.080000000000000071e+00 4.783784887447730116e-01
7.100000000000000533e+00 4.761766035323638513e-01
7.120000000000000107e+00 4.739876395628134231e-01
7.140000000000000568e+00 4.718114994586082300e-01
7.160000000000000142e+00 4.696481080511879513e-01
7.179999999999999716e+00 4.674973690373583901e-01
7.200000000000000178e+00 4.653592088308873276e-01
7.219999999999999751e+00 4.632335321775759573e-01
7.240000000000000213e+00 4.611202670537905002e-01
7.259999999999999787e+00 4.590193192292666979e-01
7.280000000000000249e+00 4.569306182236526626e-01
7.299999999999999822e+00 4.548540708059878312e-01
7.320000000000000284e+00 4.527896080203065443e-01
7.339999999999999858e+00 4.507371376105818728e-01
7.360000000000000320e+00 4.486965921267511148e-01
7.379999999999999893e+00 4.466678802637654155e-01
7.400000000000000355e+00 4.446509360593932647e-01
7.419999999999999929e+00 4.426456691358514606e-01
7.440000000000000391e+00 4.406520150010744818e-01
7.459999999999999964e+00 4.386698841812451399e-01
7.480000000000000426e+00 4.366992136372027100e-01
7.500000000000000000e+00 4.347399147760285798e-01
7.520000000000000462e+00 4.327919259945969266e-01
7.540000000000000036e+00 4.308551595582287286e-01
7.560000000000000497e+00 4.289295552833695124e-01
7.580000000000000071e+00 4.270150262711191469e-01
7.600000000000000533e+00 4.251115137414144818e-01
7.620000000000000107e+00 4.232189316090844144e-01
7.640000000000000568e+00 4.213372224818726641e-01
7.660000000000000142e+00 4.194663010664790859e-01
7.679999999999999716e+00 4.176061113431459026e-01
7.700000000000000178e+00 4.157565687889688277e-01
7.719999999999999751e+00 4.139176187417670238e-01
7.740000000000000213e+00 4.120891774277454789e-01
7.759999999999999787e+00 4.102711915277526544e-01
7.780000000000000249e+00 4.084635779961875990e-01
7.799999999999999822e+00 4.066662848427483601e-01
7.820000000000000284e+00 4.048792297292908571e-01
7.839999999999999858e+00 4.031023619805522151e-01
7.860000000000000320e+00 4.013355999454615297e-01
7.879999999999999893e+00 3.995788942503523677e-01
7.900000000000000355e+00 3.978321639110050656e-01
7.919999999999999929e+00 3.960953608422651540e-01
7.940000000000000391e+00 3.943684047068895526e-01
7.959999999999999964e+00 3.926512486955057168e-01
7.980000000000000426e+00 3.909438130981251480e-01
8.000000000000000000e+00 3.892460523687750196e-01
8.019999999999999574e+00 3.875578874053280387e-01
8.040000000000000924e+00 3.858792739131879923e-01
8.060000000000000497e+00 3.842101333788290884e-01
8.080000000000000071e+00 3.825504227473451313e-01
8.099999999999999645e+00 3.809000640748809730e-01
8.120000000000000995e+00 3.792590155348706804e-01
8.140000000000000568e+00 3.776271997343255693e-01
8.160000000000000142e+00 3.760045760640080559e-01
8.179999999999999716e+00 3.743910676632879464e-01
8.199999999999999289e+00 3.727866351295868186e-01
8.220000000000000639e+00 3.711912021162392383e-01
8.240000000000000213e+00 3.696047304169806091e-01
8.259999999999999787e+00 3.680271441810148980e-01
8.279999999999999361e+00 3.664584063883707388e-01
8.300000000000000711e+00 3.648984416661268382e-01
8.320000000000000284e+00 3.633472141709025993e-01
8.339999999999999858e+00 3.618046489899389151e-01
8.359999999999999432e+00 3.602707114470738992e-01
8.380000000000000782e+00 3.587453270720772358e-01
8.400000000000000355e+00 3.572284623469430542e-01
8.419999999999999929e+00 3.557200432266193757e-01
8.439999999999999503e+00 3.542200373425022364e-01
8.460000000000000853e+00 3.527283710574384279e-01
8.480000000000000426e+00 3.512450131437825362e-01
8.500000000000000000e+00 3.497698903552612926e-01
8.519999999999999574e+00 3.483029725970590573e-01
8.540000000000000924e+00 3.468441869968123537e-01
8.560000000000000497e+00 3.453935045847055241e-01
8.580000000000000071e+00 3.439508528455855196e-01
8.599999999999999645e+00 3.425162039271019698e-01
8.620000000000000995e+00 3.410894856546424769e-01
8.640000000000000568e+00 3.396706712860894095e-01
8.660000000000000142e+00 3.382596889709565957e-01
8.679999999999999716e+00 3.368565130704267441e-01
8.700000000000001066e+00 3.354610720417414149e-01
8.720000000000000639e+00 3.340733413427374732e-01
8.740000000000000213e+00 3.326932497222324647e-01
8.759999999999999787e+00 3.313207737283655474e-01
8.779999999999999361e+00 3.299558423853884426e-01
8.800000000000000711e+00 3.285984333256714018e-01
8.820000000000000284e+00 3.272484758329903265e-01
8.839999999999999858e+00 3.259059486181711263e-01
8.859999999999999432e+00 3.245707812085974475e-01
8.880000000000000782e+00 3.232429533880514794e-01
8.900000000000000355e+00 3.219223949118339978e-01
8.919999999999999929e+00 3.206090866314675325e-01
8.939999999999999503e+00 3.193029585144606108e-01
8.960000000000000853e+00 3.180039924751430491e-01
8.980000000000000426e+00 3.167121186777343000e-01
9.000000000000000000e+00 3.154273200947109723e-01
9.019999999999999574e+00 3.141495270714822485e-01
9.040000000000000924e+00 3.128787236342874811e-01
9.060000000000000497e+00 3.116148402944046714e-01
9.080000000000000071e+00 3.103578621277268690e-01
9.099999999999999645e+00 3.091077197960424017e-01
9.120000000000000995e+00 3.078643994210576440e-01
9.140000000000000568e+00 3.066278317999032721e-01
9.160000000000000142e+00 3.053980040965425524e-01
9.179999999999999716e+00 3.041748472282179150e-01
9.200000000000001066e+00 3.029583493978552644e-01
9.220000000000000639e+00 3.017484416277852466e-01
9.240000000000000213e+00 3.005451131568585010e-01
9.259999999999999787e+00 2.993482950973912482e-01
9.279999999999999361e+00 2.981579777214019567e-01
9.300000000000000711e+00 2.969740922162697472e-01
9.320000000000000284e+00 2.957966298846882447e-01
9.339999999999999858e+00 2.946255219740949727e-01
9.359999999999999432e+00 2.934607608156318825e-01
9.380000000000000782e+00 2.923022777019620433e-01
9.400000000000000355e+00 2.911500659907051425e-01
9.419999999999999929e+00 2.900040570048303956e-01
9.439999999999999503e+00 2.888642451267393607e-01
9.460000000000000853e+00 2.877305616949359379e-01
9.480000000000000426e+00 2.866030021151640406e-01
9.500000000000000000e+00 2.854814977265979214e-01
9.519999999999999574e+00 2.843660449571484561e-01
9.540000000000000924e+00 2.832565751319507386e-01
9.560000000000000497e+00 2.821530857001626202e-01
9.580000000000000071e+00 2.810555079580465687e-01
9.599999999999999645e+00 2.799638403753618721e-01
9.620000000000000995e+00 2.788780142048108424e-01
