0.000000000000000000e+00 7.576474230881164118e+00
1.499999999999999944e-02 7.447275542139477622e+00
2.999999999999999889e-02 7.316158714529811924e+00
4.499999999999999833e-02 7.183425719214407756e+00
5.999999999999999778e-02 7.049382066413819814e+00
7.499999999999999722e-02 6.914331847579422430e+00
8.999999999999999667e-02 6.778569151598543563e+00
1.049999999999999961e-01 6.642379547882608648e+00
1.199999999999999956e-01 6.506035627635676555e+00
1.350000000000000089e-01 6.369798563572858896e+00
1.499999999999999944e-01 6.233914769965495317e+00
1.649999999999999800e-01 6.098617549565469531e+00
1.799999999999999933e-01 5.964124031079382604e+00
1.950000000000000067e-01 5.830637203871416929e+00
2.099999999999999922e-01 5.698343305728207575e+00
2.249999999999999778e-01 5.567414214772285597e+00
2.399999999999999911e-01 5.438005049131167112e+00
2.550000000000000044e-01 5.310256902277706637e+00
2.700000000000000178e-01 5.184294709944325064e+00
2.849999999999999756e-01 5.060230252182167376e+00
2.999999999999999889e-01 4.938160126110571646e+00
3.150000000000000022e-01 4.818168955557387889e+00
3.299999999999999600e-01 4.700327477376997187e+00
3.449999999999999734e-01 4.584695884364871077e+00
3.599999999999999867e-01 4.471321910805285960e+00
3.750000000000000000e-01 4.360244254216595117e+00
3.900000000000000133e-01 4.251490664065366687e+00
4.049999999999999711e-01 4.145081389657769400e+00
4.199999999999999845e-01 4.041027199511736612e+00
4.349999999999999978e-01 3.939332820816999536e+00
4.499999999999999556e-01 3.839994904062555836e+00
4.649999999999999689e-01 3.743005424779891399e+00
4.799999999999999822e-01 3.648349553348658514e+00
4.949999999999999956e-01 3.556009002859050749e+00
5.100000000000000089e-01 3.465959828620379213e+00
5.250000000000000222e-01 3.378175709653286063e+00
5.400000000000000355e-01 3.292625658723111304e+00
5.549999999999999378e-01 3.209277232911993405e+00
5.699999999999999512e-01 3.128094183374114934e+00
5.849999999999999645e-01 3.049039591693398332e+00
5.999999999999999778e-01 2.972073451493471907e+00
6.149999999999999911e-01 2.897155731435190784e+00
6.300000000000000044e-01 2.824243917959937011e+00
6.450000000000000178e-01 2.753296005383397027e+00
6.599999999999999201e-01 2.684267996950732815e+00
6.749999999999999334e-01 2.617116824399495556e+00
6.899999999999999467e-01 2.551797834077389027e+00
7.049999999999999600e-01 2.488267637206329930e+00
7.199999999999999734e-01 2.426481579860976012e+00
7.349999999999999867e-01 2.366396525983327948e+00
7.500000000000000000e-01 2.307968334467107585e+00
7.650000000000000133e-01 2.251154575694290116e+00
7.800000000000000266e-01 2.195912014556403058e+00
7.949999999999999289e-01 2.142199261659866405e+00
8.099999999999999423e-01 2.089974281990827798e+00
8.249999999999999556e-01 2.039196980816522231e+00
8.399999999999999689e-01 1.989826736267476415e+00
8.549999999999999822e-01 1.941824920215738937e+00
8.699999999999999956e-01 1.895152471324366150e+00
8.850000000000000089e-01 1.849772350317025360e+00
8.999999999999999112e-01 1.805647151085315372e+00
9.149999999999999245e-01 1.762741490023575830e+00
9.299999999999999378e-01 1.721019669080961156e+00
9.449999999999999512e-01 1.680447998217228012e+00
9.599999999999999645e-01 1.640992507360689245e+00
9.749999999999999778e-01 1.602621201339394341e+00
9.899999999999999911e-01 1.565301832436404084e+00
1.004999999999999893e+00 1.529004086737672852e+00
1.020000000000000018e+00 1.493697413719047296e+00
1.034999999999999920e+00 1.459353143285202270e+00
1.050000000000000044e+00 1.425942382279249854e+00
1.064999999999999947e+00 1.393438061228327030e+00
1.080000000000000071e+00 1.361812893783918232e+00
1.094999999999999973e+00 1.331041352540747846e+00
1.109999999999999876e+00 1.301097699816250008e+00
1.125000000000000000e+00 1.271957891759882830e+00
1.139999999999999902e+00 1.243597676137267127e+00
1.155000000000000027e+00 1.215994424299196464e+00
1.169999999999999929e+00 1.189125303149380253e+00
1.185000000000000053e+00 1.162969034466388107e+00
1.199999999999999956e+00 1.137504136444506209e+00
1.214999999999999858e+00 1.112710610201725459e+00
1.229999999999999982e+00 1.088568257045311682e+00
1.244999999999999885e+00 1.065058291969572579e+00
1.260000000000000009e+00 1.042161731813196601e+00
1.274999999999999911e+00 1.019860935868664775e+00
1.290000000000000036e+00 9.981380702199837973e-01
1.304999999999999938e+00 9.769765755836135046e-01
1.319999999999999840e+00 9.563597028157388991e-01
1.334999999999999964e+00 9.362719083951421828e-01
1.349999999999999867e+00 9.166974656619654160e-01
1.364999999999999991e+00 8.976217883646306905e-01
1.379999999999999893e+00 8.790301124801779276e-01
1.395000000000000018e+00 8.609087485072645096e-01
1.409999999999999920e+00 8.432438378186161154e-01
1.425000000000000044e+00 8.260225343981748569e-01
1.439999999999999947e+00 8.092318304717057709e-01
1.454999999999999849e+00 7.928596686141918815e-01
1.469999999999999973e+00 7.768938400970264446e-01
1.484999999999999876e+00 7.613230283060171688e-01
1.500000000000000000e+00 7.461357744794308022e-01
1.514999999999999902e+00 7.313214535732698307e-01
1.530000000000000027e+00 7.168693104031076402e-01
1.544999999999999929e+00 7.027693691018741529e-01
1.560000000000000053e+00 6.890115342979926671e-01
1.574999999999999956e+00 6.755864354766019098e-01
1.589999999999999858e+00 6.624845958575756866e-01
1.604999999999999982e+00 6.496972129717720756e-01
1.619999999999999885e+00 6.372153898575280140e-01
1.635000000000000009e+00 6.250308533003300360e-01
1.649999999999999911e+00 6.131352497292635872e-01
1.665000000000000036e+00 6.015208025599905195e-01
1.679999999999999938e+00 5.901796674216502891e-01
1.694999999999999840e+00 5.791045301531115852e-01
1.709999999999999964e+00 5.682880235191049012e-01
1.724999999999999867e+00 5.577232673918535166e-01
1.739999999999999991e+00 5.474033416221912862e-01
1.754999999999999893e+00 5.373217700241911254e-01
1.770000000000000018e+00 5.274720513900057473e-01
1.784999999999999920e+00 5.178480888680838667e-01
1.799999999999999822e+00 5.084437738437768139e-01
1.814999999999999947e+00 4.992533623651671526e-01
1.829999999999999849e+00 4.902711137543679931e-01
1.844999999999999973e+00 4.814916156994336616e-01
1.859999999999999876e+00 4.729094723932105171e-01
1.875000000000000000e+00 4.645195799534283521e-01
1.889999999999999902e+00 4.563168658708643965e-01
1.905000000000000027e+00 4.482965163765038064e-01
1.919999999999999929e+00 4.404537620867113867e-01
1.934999999999999831e+00 4.327840589624435963e-01
1.949999999999999956e+00 4.252829218855222471e-01
1.964999999999999858e+00 4.179460608049780368e-01
1.979999999999999982e+00 4.107692572365396755e-01
1.994999999999999885e+00 4.037484572018876228e-01
2.009999999999999787e+00 3.968796923686294664e-01
2.024999999999999911e+00 3.901591313326692734e-01
2.040000000000000036e+00 3.835830405064569737e-01
2.054999999999999716e+00 3.771477952919390919e-01
2.069999999999999840e+00 3.708498824442108543e-01
2.084999999999999964e+00 3.646858726222916847e-01
2.100000000000000089e+00 3.586524594606842475e-01
2.114999999999999769e+00 3.527463949708891655e-01
2.129999999999999893e+00 3.469645670807579019e-01
2.145000000000000018e+00 3.413038992957230233e-01
2.160000000000000142e+00 3.357614620702347730e-01
2.174999999999999822e+00 3.303343381133033718e-01
2.189999999999999947e+00 3.250197694043943653e-01
2.205000000000000071e+00 3.198149894611093669e-01
2.219999999999999751e+00 3.147174015009158166e-01
2.234999999999999876e+00 3.097243789558054017e-01
2.250000000000000000e+00 3.048334766615314884e-01
2.265000000000000124e+00 3.000422008352849335e-01
2.279999999999999805e+00 2.953482489346236362e-01
2.294999999999999929e+00 2.907492502737958340e-01
2.310000000000000053e+00 2.862430365177486280e-01
2.324999999999999734e+00 2.818273540425479395e-01
2.339999999999999858e+00 2.775001608499025885e-01
2.354999999999999982e+00 2.732593117303576680e-01
2.370000000000000107e+00 2.691028836597870177e-01
2.384999999999999787e+00 2.650288347529823896e-01
2.399999999999999911e+00 2.610353540721982446e-01
2.415000000000000036e+00 2.571204953065043264e-01
2.429999999999999716e+00 2.532825531606038849e-01
2.444999999999999840e+00 2.495196726237120244e-01
2.459999999999999964e+00 2.458302480140875657e-01
2.475000000000000089e+00 2.422125086441322406e-01
2.489999999999999769e+00 2.386649428049716359e-01
2.504999999999999893e+00 2.351858605628211474e-01
2.520000000000000018e+00 2.317738389043162150e-01
2.534999999999999698e+00 2.284272623377088252e-01
2.549999999999999822e+00 2.251447916079098166e-01
2.564999999999999947e+00 2.219248827043308336e-01
2.580000000000000071e+00 2.187662755114782309e-01
2.594999999999999751e+00 2.156674917599091246e-01
2.609999999999999876e+00 2.126273461535853615e-01
2.625000000000000000e+00 2.096444237287226897e-01
2.639999999999999680e+00 2.067176099685302249e-01
2.654999999999999805e+00 2.038455479654953661e-01
2.669999999999999929e+00 2.010271902044912518e-01
2.685000000000000053e+00 1.982612358523539731e-01
2.699999999999999734e+00 1.955467008645672966e-01
2.714999999999999858e+00 1.928823356531453315e-01
2.729999999999999982e+00 1.902672163447833298e-01
2.745000000000000107e+00 1.877001430061748799e-01
2.759999999999999787e+00 1.851802488536331837e-01
2.774999999999999911e+00 1.827063791381700053e-01
2.790000000000000036e+00 1.802777212890654124e-01
2.804999999999999716e+00 1.778931644887535024e-01
2.819999999999999840e+00 1.755519476958527225e-01
2.834999999999999964e+00 1.732529998591528508e-01
2.850000000000000089e+00 1.709956089649750932e-01
2.864999999999999769e+00 1.687787427664212137e-01
2.879999999999999893e+00 1.666017359476400506e-01
2.895000000000000018e+00 1.644635911593176625e-01
2.909999999999999698e+00 1.623636876158533748e-01
2.924999999999999822e+00 1.603010621536215818e-01
2.939999999999999947e+00 1.582751365032140367e-01
2.955000000000000071e+00 1.562849779970446051e-01
2.969999999999999751e+00 1.543300490132966107e-01
2.984999999999999876e+00 1.524094468830722582e-01
3.000000000000000000e+00 1.505226729015384790e-01
3.014999999999999680e+00 1.486688508893670158e-01
3.029999999999999805e+00 1.468475194591992439e-01
3.044999999999999929e+00 1.450578286072211898e-01
3.060000000000000053e+00 1.432993527888568874e-01
3.074999999999999734e+00 1.415712648146686403e-01
3.089999999999999858e+00 1.398731736271651704e-01
3.104999999999999982e+00 1.382042746928794641e-01
3.120000000000000107e+00 1.365642101994083146e-01
3.134999999999999787e+00 1.349521950268986470e-01
3.149999999999999911e+00 1.333679034749081505e-01
3.165000000000000036e+00 1.318105698097938594e-01
3.179999999999999716e+00 1.302798994144308553e-01
3.194999999999999840e+00 1.287751427913257085e-01
3.209999999999999964e+00 1.272960354785278303e-01
3.225000000000000089e+00 1.258418442961428962e-01
3.239999999999999769e+00 1.244123341061902782e-01
3.254999999999999893e+00 1.230067849643407540e-01
3.270000000000000018e+00 1.216249903191288367e-01
3.284999999999999698e+00 1.202662436319270334e-01
3.299999999999999822e+00 1.189303662912749582e-01
3.314999999999999947e+00 1.176166621277202340e-01
3.330000000000000071e+00 1.163249799117573591e-01
3.344999999999999751e+00 1.150546340833327325e-01
3.359999999999999876e+00 1.138055003231974033e-01
3.375000000000000000e+00 1.125769006684921164e-01
3.389999999999999680e+00 1.113687373230978495e-01
3.404999999999999805e+00 1.101803402142178534e-01
3.419999999999999929e+00 1.090116377648286394e-01
3.435000000000000053e+00 1.078619647840446810e-01
3.449999999999999734e+00 1.067312756918591538e-01
3.464999999999999858e+00 1.056189105082008944e-01
