0.000000000000000000e+00 7.825004147790305176e+00
1.499999999999999944e-02 7.663163108283036706e+00
2.999999999999999889e-02 7.499478539839431690e+00
4.499999999999999833e-02 7.334661139901159643e+00
5.999999999999999778e-02 7.169214890341018886e+00
7.499999999999999722e-02 7.003612557514957260e+00
8.999999999999999667e-02 6.838294614095977941e+00
1.049999999999999961e-01 6.673680900391581794e+00
1.199999999999999956e-01 6.510157609294787484e+00
1.350000000000000089e-01 6.348083396970192638e+00
1.499999999999999944e-01 6.187781577463403515e+00
1.649999999999999800e-01 6.029545157863857696e+00
1.799999999999999933e-01 5.873631516121455398e+00
1.950000000000000067e-01 5.720267613883380342e+00
2.099999999999999922e-01 5.569646547238265910e+00
2.249999999999999778e-01 5.421933054974257260e+00
2.399999999999999911e-01 5.277261103947118670e+00
2.550000000000000044e-01 5.135739627376856298e+00
2.700000000000000178e-01 4.997450810023872592e+00
2.849999999999999756e-01 4.862455865904935060e+00
2.999999999999999889e-01 4.730793557383626613e+00
3.150000000000000022e-01 4.602485863400532118e+00
3.299999999999999600e-01 4.477536566170645216e+00
3.449999999999999734e-01 4.355936685775808392e+00
3.599999999999999867e-01 4.237662911393406340e+00
3.750000000000000000e-01 4.122682742958681423e+00
3.900000000000000133e-01 4.010952739541522760e+00
4.049999999999999711e-01 3.902423341216931796e+00
4.199999999999999845e-01 3.797036858930549652e+00
4.349999999999999978e-01 3.694731987750948132e+00
4.499999999999999556e-01 3.595441582741393027e+00
4.649999999999999689e-01 3.499096886786649652e+00
4.799999999999999822e-01 3.405625083260023889e+00
4.949999999999999956e-01 3.314953274759965929e+00
5.100000000000000089e-01 3.227005876862156786e+00
5.250000000000000222e-01 3.141708381943074890e+00
5.400000000000000355e-01 3.058984604513277361e+00
5.549999999999999378e-01 2.978760265058788992e+00
5.699999999999999512e-01 2.900960146155485475e+00
5.849999999999999645e-01 2.825511524202597435e+00
5.999999999999999778e-01 2.752341247102455313e+00
6.149999999999999911e-01 2.681379038738752385e+00
6.300000000000000044e-01 2.612554545301263520e+00
6.450000000000000178e-01 2.545800530400526451e+00
6.599999999999999201e-01 2.481049895878699729e+00
6.749999999999999334e-01 2.418238782413126398e+00
6.899999999999999467e-01 2.357303600412540057e+00
7.049999999999999600e-01 2.298184045693970390e+00
7.199999999999999734e-01 2.240820141520227793e+00
7.349999999999999867e-01 2.185155176919097109e+00
7.500000000000000000e-01 2.131132786683621383e+00
7.650000000000000133e-01 2.078699816372367781e+00
7.800000000000000266e-01 2.027803438002302450e+00
7.949999999999999289e-01 1.978393944753412903e+00
8.099999999999999423e-01 1.930421922975226634e+00
8.249999999999999556e-01 1.883840977411611384e+00
8.399999999999999689e-01 1.838604955258188234e+00
8.549999999999999822e-01 1.794670602413620086e+00
8.699999999999999956e-01 1.751994855912631710e+00
8.850000000000000089e-01 1.710537430392674363e+00
8.999999999999999112e-01 1.670258173550567271e+00
9.149999999999999245e-01 1.631119582130053036e+00
9.299999999999999378e-01 1.593084233702978025e+00
9.449999999999999512e-01 1.556117230728066625e+00
9.599999999999999645e-01 1.520183702745509624e+00
9.749999999999999778e-01 1.485251177400610745e+00
9.899999999999999911e-01 1.451287164146962683e+00
1.004999999999999893e+00 1.418261450715709859e+00
1.020000000000000018e+00 1.386143762138909885e+00
1.034999999999999920e+00 1.354905981589621833e+00
1.050000000000000044e+00 1.324519894140251619e+00
1.064999999999999947e+00 1.294959330688634447e+00
1.080000000000000071e+00 1.266197990123319794e+00
1.094999999999999973e+00 1.238211505523165279e+00
1.109999999999999876e+00 1.210975352810792049e+00
1.125000000000000000e+00 1.184466838320093585e+00
1.139999999999999902e+00 1.158663087532214586e+00
1.155000000000000027e+00 1.133542953565133793e+00
1.169999999999999929e+00 1.109085092980813814e+00
1.185000000000000053e+00 1.085269794722536707e+00
1.199999999999999956e+00 1.062077136536680566e+00
1.214999999999999858e+00 1.039488734309871765e+00
1.229999999999999982e+00 1.017485985179777730e+00
1.244999999999999885e+00 9.960517372285242477e-01
1.260000000000000009e+00 9.751686127882078781e-01
1.274999999999999911e+00 9.548205988304153680e-01
1.290000000000000036e+00 9.349914557673854043e-01
1.304999999999999938e+00 9.156662288954908746e-01
1.319999999999999840e+00 8.968297361701462744e-01
1.334999999999999964e+00 8.784680013982872904e-01
1.349999999999999867e+00 8.605668256316565401e-01
1.364999999999999991e+00 8.431131428233455960e-01
1.379999999999999893e+00 8.260936683015988047e-01
1.395000000000000018e+00 8.094961778967271204e-01
1.409999999999999920e+00 7.933082375849443979e-01
1.425000000000000044e+00 7.775184071071555847e-01
1.439999999999999947e+00 7.621150442433987093e-01
1.454999999999999849e+00 7.470874341923489093e-01
1.469999999999999973e+00 7.324246721002484195e-01
1.484999999999999876e+00 7.181167194765586403e-01
1.500000000000000000e+00 7.041533584531699530e-01
1.514999999999999902e+00 6.905251767180689004e-01
1.530000000000000027e+00 6.772225967430903770e-01
1.544999999999999929e+00 6.642367907135611205e-01
1.560000000000000053e+00 6.515587782339664624e-01
1.574999999999999956e+00 6.391802729005227057e-01
1.589999999999999858e+00 6.270928514091401729e-01
1.604999999999999982e+00 6.152887334029084609e-01
1.619999999999999885e+00 6.037600155441519290e-01
1.635000000000000009e+00 5.924993864039626024e-01
1.649999999999999911e+00 5.814994281731058479e-01
1.665000000000000036e+00 5.707532683347604774e-01
1.679999999999999938e+00 5.602539426471184747e-01
1.694999999999999840e+00 5.499949854454552201e-01
1.709999999999999964e+00 5.399698563787580508e-01
1.724999999999999867e+00 5.301724711510947818e-01
1.739999999999999991e+00 5.205966857335068143e-01
1.754999999999999893e+00 5.112367694327475398e-01
1.770000000000000018e+00 5.020869489191904789e-01
1.784999999999999920e+00 4.931418254656350642e-01
1.799999999999999822e+00 4.843959726166444102e-01
1.814999999999999947e+00 4.758442994947248428e-01
1.829999999999999849e+00 4.674817043548532558e-01
1.844999999999999973e+00 4.593033858019677784e-01
1.859999999999999876e+00 4.513045461740242126e-01
1.875000000000000000e+00 4.434806525488282913e-01
1.889999999999999902e+00 4.358271921413818806e-01
1.905000000000000027e+00 4.283398849179995693e-01
1.919999999999999929e+00 4.210144850807809314e-01
1.934999999999999831e+00 4.138469471233027219e-01
1.949999999999999956e+00 4.068332755637795173e-01
1.964999999999999858e+00 3.999696462110883810e-01
1.979999999999999982e+00 3.932522983582928400e-01
1.994999999999999885e+00 3.866776130288763214e-01
2.009999999999999787e+00 3.802420497970521729e-01
2.024999999999999911e+00 3.739421837143319660e-01
2.040000000000000036e+00 3.677746811143026706e-01
2.054999999999999716e+00 3.617362969077681512e-01
2.069999999999999840e+00 3.558238915681175563e-01
2.084999999999999964e+00 3.500343904104321058e-01
2.100000000000000089e+00 3.443648362662642404e-01
2.114999999999999769e+00 3.388123123392394742e-01
2.129999999999999893e+00 3.333740328160925137e-01
2.145000000000000018e+00 3.280472308163655537e-01
2.160000000000000142e+00 3.228292816029383894e-01
2.174999999999999822e+00 3.177175571112456076e-01
2.189999999999999947e+00 3.127095840746988986e-01
2.205000000000000071e+00 3.078028665427293142e-01
2.219999999999999751e+00 3.029950737404254468e-01
2.234999999999999876e+00 2.982838319447203568e-01
2.250000000000000000e+00 2.936669444771342619e-01
2.265000000000000124e+00 2.891421542308999504e-01
2.279999999999999805e+00 2.847073907724793629e-01
2.294999999999999929e+00 2.803605047658372929e-01
2.310000000000000053e+00 2.760995446777076423e-01
2.324999999999999734e+00 2.719224642689018201e-01
2.339999999999999858e+00 2.678274240344800106e-01
2.354999999999999982e+00 2.638124728798624252e-01
2.370000000000000107e+00 2.598758768975580336e-01
2.384999999999999787e+00 2.560157762701897877e-01
2.399999999999999911e+00 2.522305366686735106e-01
2.415000000000000036e+00 2.485183823674561865e-01
2.429999999999999716e+00 2.448777729815236892e-01
2.444999999999999840e+00 2.413070137044180108e-01
2.459999999999999964e+00 2.378046528204331711e-01
2.475000000000000089e+00 2.343690699151239343e-01
2.489999999999999769e+00 2.309988970035758149e-01
2.504999999999999893e+00 2.276925854897269008e-01
2.520000000000000018e+00 2.244488464956319596e-01
2.534999999999999698e+00 2.212661972814095324e-01
2.549999999999999822e+00 2.181434237469005166e-01
2.564999999999999947e+00 2.150791069518974141e-01
2.580000000000000071e+00 2.120721035208917027e-01
2.594999999999999751e+00 2.091210528355240961e-01
2.609999999999999876e+00 2.062248784506146015e-01
2.625000000000000000e+00 2.033822764599683697e-01
2.639999999999999680e+00 2.005922337972407543e-01
2.654999999999999805e+00 1.978534982053080926e-01
2.669999999999999929e+00 1.951651166731429021e-01
2.685000000000000053e+00 1.925258873693701522e-01
2.699999999999999734e+00 1.899349142289460668e-01
2.714999999999999858e+00 1.873910411375662999e-01
2.729999999999999982e+00 1.848934260682663921e-01
2.745000000000000107e+00 1.824409577347580746e-01
2.759999999999999787e+00 1.800328454298303349e-01
2.774999999999999911e+00 1.776680182884116943e-01
2.790000000000000036e+00 1.753457343832851290e-01
2.804999999999999716e+00 1.730649626708171684e-01
2.819999999999999840e+00 1.708250076323966360e-01
2.834999999999999964e+00 1.686248738950978932e-01
2.850000000000000089e+00 1.664639101364569773e-01
2.864999999999999769e+00 1.643411563047662283e-01
2.879999999999999893e+00 1.622560032114269135e-01
2.895000000000000018e+00 1.602075221910512492e-01
2.909999999999999698e+00 1.581951442686988230e-01
2.924999999999999822e+00 1.562179720322146026e-01
2.939999999999999947e+00 1.542754749346673948e-01
2.955000000000000071e+00 1.523667830626335706e-01
2.969999999999999751e+00 1.504914026392048243e-01
2.984999999999999876e+00 1.486484913033949418e-01
3.000000000000000000e+00 1.468375905115935354e-01
3.014999999999999680e+00 1.450578818496584821e-01
3.029999999999999805e+00 1.433089405859077348e-01
3.044999999999999929e+00 1.415899724675831473e-01
3.060000000000000053e+00 1.399005852635229197e-01
3.074999999999999734e+00 1.382400053975312570e-01
3.089999999999999858e+00 1.366078719325391766e-01
3.104999999999999982e+00 1.350034323213137877e-01
3.120000000000000107e+00 1.334263558148835183e-01
3.134999999999999787e+00 1.318759075055626895e-01
3.149999999999999911e+00 1.303517858227509763e-01
3.165000000000000036e+00 1.288532739681226003e-01
3.179999999999999716e+00 1.273800986322394524e-01
3.194999999999999840e+00 1.259315578090167143e-01
3.209999999999999964e+00 1.245074056220561026e-01
3.225000000000000089e+00 1.231069554263352211e-01
3.239999999999999769e+00 1.217299880363917897e-01
3.254999999999999893e+00 1.203758289021568256e-01
3.270000000000000018e+00 1.190442848702897849e-01
3.284999999999999698e+00 1.177346941367581473e-01
3.299999999999999822e+00 1.164468890023778597e-01
3.314999999999999947e+00 1.151802171742015574e-01
3.330000000000000071e+00 1.139345359079694808e-01
3.344999999999999751e+00 1.127092031397134569e-01
3.359999999999999876e+00 1.115041006577680710e-01
3.375000000000000000e+00 1.103185934045694677e-01
3.389999999999999680e+00 1.091525873540797192e-01
3.404999999999999805e+00 1.080054552253624928e-01
3.419999999999999929e+00 1.068771269051428663e-01
3.435000000000000053e+00 1.057669796608574631e-01
3.449999999999999734e+00 1.046749670922394182e-01
3.464999999999999858e+00 1.036004718238352218e-01
