# Electrodo circular de radio 6 mm y espesor 710.0 um.
# Volumen de simulacion (convencion z,y,x):
# N: 1024 x 1024 x 1024 | voxelSize:  0.02mm x 0.02mm x 0.02mm | FOV:  20.48mm x 20.48mm x 20.48mm
# 
# z [mm]		 delta[ppm]
0.000000000000000000e+00 2.607729271846335184e+00
2.000000000000000042e-02 2.603873705281080309e+00
4.000000000000000083e-02 2.599905367133968692e+00
5.999999999999999778e-02 2.595825340268513415e+00
8.000000000000000167e-02 2.591634700770084621e+00
1.000000000000000056e-01 2.587334549405278850e+00
1.199999999999999956e-01 2.582926008855845446e+00
1.400000000000000133e-01 2.578410227083792527e+00
1.600000000000000033e-01 2.573788371254012386e+00
1.799999999999999933e-01 2.569061632706794107e+00
2.000000000000000111e-01 2.564231220087107133e+00
2.200000000000000011e-01 2.559298364721768415e+00
2.399999999999999911e-01 2.554264313745750137e+00
2.600000000000000089e-01 2.549130335579948170e+00
2.800000000000000266e-01 2.543897712838677272e+00
2.999999999999999889e-01 2.538567747988784262e+00
3.200000000000000067e-01 2.533141756091814134e+00
3.400000000000000244e-01 2.527621070660630131e+00
3.599999999999999867e-01 2.522007036158134596e+00
3.800000000000000044e-01 2.516301014078972109e+00
4.000000000000000222e-01 2.510504375237927022e+00
4.199999999999999845e-01 2.504618506082261220e+00
4.400000000000000022e-01 2.498644800736341320e+00
4.600000000000000200e-01 2.492584667554664790e+00
4.799999999999999822e-01 2.486439520946905457e+00
5.000000000000000000e-01 2.480210788173024650e+00
5.200000000000000178e-01 2.473899900932261975e+00
5.400000000000000355e-01 2.467508302404206599e+00
5.600000000000000533e-01 2.461037438620615081e+00
5.799999999999999600e-01 2.454488765752031565e+00
5.999999999999999778e-01 2.447863741253990533e+00
6.199999999999999956e-01 2.441163831400203765e+00
6.400000000000000133e-01 2.434390502218647168e+00
6.600000000000000311e-01 2.427545227269777062e+00
6.800000000000000488e-01 2.420629478368510501e+00
7.000000000000000666e-01 2.413644733606786552e+00
7.199999999999999734e-01 2.406592467874629548e+00
7.399999999999999911e-01 2.399474161124721672e+00
7.600000000000000089e-01 2.392291288691174245e+00
7.800000000000000266e-01 2.385045329794251323e+00
8.000000000000000444e-01 2.377737757668422880e+00
8.200000000000000622e-01 2.370370048304176969e+00
8.399999999999999689e-01 2.362943670385663442e+00
8.599999999999999867e-01 2.355460094266816018e+00
8.800000000000000044e-01 2.347920781728939588e+00
9.000000000000000222e-01 2.340327195187432707e+00
9.200000000000000400e-01 2.332680787270748013e+00
9.400000000000000577e-01 2.324983010254162874e+00
9.599999999999999645e-01 2.317235305469508955e+00
9.799999999999999822e-01 2.309439112961696683e+00
1.000000000000000000e+00 2.301595860731435295e+00
1.020000000000000018e+00 2.293706974610240312e+00
1.040000000000000036e+00 2.285773867344822463e+00
1.060000000000000053e+00 2.277797948685746476e+00
1.080000000000000071e+00 2.269780614316224021e+00
1.100000000000000089e+00 2.261723256149561045e+00
1.120000000000000107e+00 2.253627251110482455e+00
1.140000000000000124e+00 2.245493971635971864e+00
1.159999999999999920e+00 2.237324774312311249e+00
1.179999999999999938e+00 2.229121010573894335e+00
1.199999999999999956e+00 2.220884015203637762e+00
1.219999999999999973e+00 2.212615117223925232e+00
1.239999999999999991e+00 2.204315628263883831e+00
1.260000000000000009e+00 2.195986853636548553e+00
1.280000000000000027e+00 2.187630080580309944e+00
1.300000000000000044e+00 2.179246589516020460e+00
1.320000000000000062e+00 2.170837642166398407e+00
1.340000000000000080e+00 2.162404492986700788e+00
1.360000000000000098e+00 2.153948377169140560e+00
1.380000000000000115e+00 2.145470522240473965e+00
1.400000000000000133e+00 2.136972135955421237e+00
1.419999999999999929e+00 2.128454418054432473e+00
1.439999999999999947e+00 2.119918548052981411e+00
1.459999999999999964e+00 2.111365697152487009e+00
1.479999999999999982e+00 2.102797015929727120e+00
1.500000000000000000e+00 2.094213646393838335e+00
1.520000000000000018e+00 2.085616709582573503e+00
1.540000000000000036e+00 2.077007317758073679e+00
1.560000000000000053e+00 2.068386561914425936e+00
1.580000000000000071e+00 2.059755524104847968e+00
1.600000000000000089e+00 2.051115264867192867e+00
1.620000000000000107e+00 2.042466835674985326e+00
1.640000000000000124e+00 2.033811266285555863e+00
1.660000000000000142e+00 2.025149577307305382e+00
1.679999999999999938e+00 2.016482767477091542e+00
1.699999999999999956e+00 2.007811826335970551e+00
1.719999999999999973e+00 1.999137721440707782e+00
1.739999999999999991e+00 1.990461411140176162e+00
1.760000000000000009e+00 1.981783831727645939e+00
1.780000000000000027e+00 1.973105910309876476e+00
1.800000000000000044e+00 1.964428551905293086e+00
1.820000000000000062e+00 1.955752652397797275e+00
1.840000000000000080e+00 1.947079085587514857e+00
1.860000000000000098e+00 1.938408716221222239e+00
1.880000000000000115e+00 1.929742387000993542e+00
1.900000000000000133e+00 1.921080931683144088e+00
1.919999999999999929e+00 1.912425162051500260e+00
1.939999999999999947e+00 1.903775881076679610e+00
1.959999999999999964e+00 1.895133869859534803e+00
1.979999999999999982e+00 1.886499900842513844e+00
2.000000000000000000e+00 1.877874724730154821e+00
2.020000000000000018e+00 1.869259083744240879e+00
2.040000000000000036e+00 1.860653698527081179e+00
2.060000000000000053e+00 1.852059281432183013e+00
2.080000000000000071e+00 1.843476523417262092e+00
2.100000000000000089e+00 1.834906107362066496e+00
2.120000000000000107e+00 1.826348694957124152e+00
2.140000000000000124e+00 1.817804940040346207e+00
2.160000000000000142e+00 1.809275475488561380e+00
2.180000000000000160e+00 1.800760926564520359e+00
2.200000000000000178e+00 1.792261897817409633e+00
2.220000000000000195e+00 1.783778986431840963e+00
2.240000000000000213e+00 1.775312769144551606e+00
2.260000000000000231e+00 1.766863815586946052e+00
2.280000000000000249e+00 1.758432675224364639e+00
2.300000000000000266e+00 1.750019890683760293e+00
2.319999999999999840e+00 1.741625984722865894e+00
2.339999999999999858e+00 1.733251473534532128e+00
2.359999999999999876e+00 1.724896853752403869e+00
2.379999999999999893e+00 1.716562615723476570e+00
2.399999999999999911e+00 1.708249230557716158e+00
2.419999999999999929e+00 1.699957163360376056e+00
2.439999999999999947e+00 1.691686860332352271e+00
2.459999999999999964e+00 1.683438761953805152e+00
2.479999999999999982e+00 1.675213290142812506e+00
2.500000000000000000e+00 1.667010861381835740e+00
2.520000000000000018e+00 1.658831873941642110e+00
2.540000000000000036e+00 1.650676720942150455e+00
2.560000000000000053e+00 1.642545777649317973e+00
2.580000000000000071e+00 1.634439414461902329e+00
2.600000000000000089e+00 1.626357984288432368e+00
2.620000000000000107e+00 1.618301835451450232e+00
2.640000000000000124e+00 1.610271299152370661e+00
2.660000000000000142e+00 1.602266702284727895e+00
2.680000000000000160e+00 1.594288354994229051e+00
2.700000000000000178e+00 1.586336563392553689e+00
2.720000000000000195e+00 1.578411617220502716e+00
2.740000000000000213e+00 1.570513802453908259e+00
2.760000000000000231e+00 1.562643389077309930e+00
2.780000000000000249e+00 1.554800643573539753e+00
2.800000000000000266e+00 1.546985816815923176e+00
2.819999999999999840e+00 1.539199156433106008e+00
2.839999999999999858e+00 1.531440894827338806e+00
2.859999999999999876e+00 1.523711261406122119e+00
2.879999999999999893e+00 1.516010470734668880e+00
2.899999999999999911e+00 1.508338734625929378e+00
2.919999999999999929e+00 1.500696250434933710e+00
2.939999999999999947e+00 1.493083212998752130e+00
2.959999999999999964e+00 1.485499803080901904e+00
2.979999999999999982e+00 1.477946199152840423e+00
3.000000000000000000e+00 1.470422565996205355e+00
3.020000000000000018e+00 1.462929066317441906e+00
3.040000000000000036e+00 1.455465849516117682e+00
3.060000000000000053e+00 1.448033063124271269e+00
3.080000000000000071e+00 1.440630841748703705e+00
3.100000000000000089e+00 1.433259318326631782e+00
3.120000000000000107e+00 1.425918613250263478e+00
3.140000000000000124e+00 1.418608845430371357e+00
3.160000000000000142e+00 1.411330121611120259e+00
3.180000000000000160e+00 1.404082547233149736e+00
3.200000000000000178e+00 1.396866215947033085e+00
3.220000000000000195e+00 1.389681220267497963e+00
3.240000000000000213e+00 1.382527641293520571e+00
3.260000000000000231e+00 1.375405559145308709e+00
3.280000000000000249e+00 1.368315042899474365e+00
3.300000000000000266e+00 1.361256160800376591e+00
3.320000000000000284e+00 1.354228970418471123e+00
3.339999999999999858e+00 1.347233528627640231e+00
3.359999999999999876e+00 1.340269881995184376e+00
3.379999999999999893e+00 1.333338076516755288e+00
3.399999999999999911e+00 1.326438148246157356e+00
3.419999999999999929e+00 1.319570132779499971e+00
3.439999999999999947e+00 1.312734056133294303e+00
3.459999999999999964e+00 1.305929943969490470e+00
3.479999999999999982e+00 1.299157812730048045e+00
3.500000000000000000e+00 1.292417678594472763e+00
3.520000000000000018e+00 1.285709548879416575e+00
3.540000000000000036e+00 1.279033430720355025e+00
3.560000000000000053e+00 1.272389322744431839e+00
3.580000000000000071e+00 1.265777223467902779e+00
3.600000000000000089e+00 1.259197123250809458e+00
3.620000000000000107e+00 1.252649012401827910e+00
3.640000000000000124e+00 1.246132873423014598e+00
3.660000000000000142e+00 1.239648688813712374e+00
3.680000000000000160e+00 1.233196433613953147e+00
3.700000000000000178e+00 1.226776082899042608e+00
3.720000000000000195e+00 1.220387604629929790e+00
3.740000000000000213e+00 1.214030966830112579e+00
3.760000000000000231e+00 1.207706130751554197e+00
3.780000000000000249e+00 1.201413057725562838e+00
3.800000000000000266e+00 1.195151702652565318e+00
3.820000000000000284e+00 1.188922020518600409e+00
3.839999999999999858e+00 1.182723960217567871e+00
3.859999999999999876e+00 1.176557470724972632e+00
3.879999999999999893e+00 1.170422495260978524e+00
3.899999999999999911e+00 1.164318977113037334e+00
3.919999999999999929e+00 1.158246854148385907e+00
3.939999999999999947e+00 1.152206064277191855e+00
3.959999999999999964e+00 1.146196540322835133e+00
3.979999999999999982e+00 1.140218215117212441e+00
4.000000000000000000e+00 1.134271016737450788e+00
4.020000000000000462e+00 1.128354873224983734e+00
4.040000000000000036e+00 1.122469708197054716e+00
4.060000000000000497e+00 1.116615445181227351e+00
4.080000000000000071e+00 1.110792003610300061e+00
4.099999999999999645e+00 1.104999302763888469e+00
4.120000000000000107e+00 1.099237258155113750e+00
4.139999999999999680e+00 1.093505785070882474e+00
4.160000000000000142e+00 1.087804795359024412e+00
4.179999999999999716e+00 1.082134200558875436e+00
4.200000000000000178e+00 1.076493909097237189e+00
4.219999999999999751e+00 1.070883829000899512e+00
4.240000000000000213e+00 1.065303865510087045e+00
4.259999999999999787e+00 1.059753923364523009e+00
4.280000000000000249e+00 1.054233904842741598e+00
4.299999999999999822e+00 1.048743711613335572e+00
4.320000000000000284e+00 1.043283243208795730e+00
4.339999999999999858e+00 1.037852398433511736e+00
4.360000000000000320e+00 1.032451074280591463e+00
4.379999999999999893e+00 1.027079166888198003e+00
4.400000000000000355e+00 1.021736570907997299e+00
4.419999999999999929e+00 1.016423180001462701e+00
4.440000000000000391e+00 1.011138886668333070e+00
4.459999999999999964e+00 1.005883582274492483e+00
4.480000000000000426e+00 1.000657157349143844e+00
4.500000000000000000e+00 9.954595011357778578e-01
4.520000000000000462e+00 9.902905023665328210e-01
4.540000000000000036e+00 9.851500483278556874e-01
4.560000000000000497e+00 9.800380261206844690e-01
4.580000000000000071e+00 9.749543212323684704e-01
4.600000000000000533e+00 9.698988192911524031e-01
4.620000000000000107e+00 9.648714041358876781e-01
4.639999999999999680e+00 9.598719600735268198e-01
4.660000000000000142e+00 9.549003694381639207e-01
4.679999999999999716e+00 9.499565153600019185e-01
4.700000000000000178e+00 9.450402788052584269e-01
4.719999999999999751e+00 9.401515418653354494e-01
4.740000000000000213e+00 9.352901842690767298e-01
4.759999999999999787e+00 9.304560872006514272e-01
4.780000000000000249e+00 9.256491292756640066e-01
4.799999999999999822e+00 9.208691908964912187e-01
4.820000000000000284e+00 9.161161496837233464e-01
4.839999999999999858e+00 9.113898853774727860e-01
4.860000000000000320e+00 9.066902747156324605e-01
4.879999999999999893e+00 9.020171968899006743e-01
4.900000000000000355e+00 8.973705278623074211e-01
4.919999999999999929e+00 8.927501463845252117e-01
4.940000000000000391e+00 8.881559277440869149e-01
4.959999999999999964e+00 8.835877503557678647e-01
4.980000000000000426e+00 8.790454889289133211e-01
5.000000000000000000e+00 8.745290216394813188e-01
5.020000000000000462e+00 8.700382227098750754e-01
5.040000000000000036e+00 8.655729701704697465e-01
5.060000000000000497e+00 8.611331378433106920e-01
5.080000000000000071e+00 8.567186037017574529e-01
5.100000000000000533e+00 8.523292412494103409e-01
5.120000000000000107e+00 8.479649284867182280e-01
5.139999999999999680e+00 8.436255386764491826e-01
5.160000000000000142e+00 8.393109499259532313e-01
5.179999999999999716e+00 8.350210353304751143e-01
5.200000000000000178e+00 8.307556731799637939e-01
5.219999999999999751e+00 8.265147364715025313e-01
5.240000000000000213e+00 8.222981037493970469e-01
5.259999999999999787e+00 8.181056479779561519e-01
5.280000000000000249e+00 8.139372480238100671e-01
5.299999999999999822e+00 8.097927768802751780e-01
5.320000000000000284e+00 8.056721138006559535e-01
5.339999999999999858e+00 8.015751318653896451e-01
5.360000000000000320e+00 7.975017107753474832e-01
5.379999999999999893e+00 7.934517237528853073e-01
5.400000000000000355e+00 7.894250510040037305e-01
5.419999999999999929e+00 7.854215659444204745e-01
5.440000000000000391e+00 7.814411493396514752e-01
5.459999999999999964e+00 7.774836748471934955e-01
5.480000000000000426e+00 7.735490238434208354e-01
5.500000000000000000e+00 7.696370702729343760e-01
5.520000000000000462e+00 7.657476961714089203e-01
5.540000000000000036e+00 7.618807758131018737e-01
5.560000000000000497e+00 7.580361919386530145e-01
5.580000000000000071e+00 7.542138191917069356e-01
5.600000000000000533e+00 7.504135410608596679e-01
5.620000000000000107e+00 7.466352325963528935e-01
5.639999999999999680e+00 7.428787780752086345e-01
5.660000000000000142e+00 7.391440529888679833e-01
5.679999999999999716e+00 7.354309424408231877e-01
5.700000000000000178e+00 7.317393223960192428e-01
5.719999999999999751e+00 7.280690788201457098e-01
5.740000000000000213e+00 7.244200881815932025e-01
5.759999999999999787e+00 7.207922373417647854e-01
5.780000000000000249e+00 7.171854033003314255e-01
5.799999999999999822e+00 7.135994738458238951e-01
5.820000000000000284e+00 7.100343265348708632e-01
5.839999999999999858e+00 7.064898501125290720e-01
5.860000000000000320e+00 7.029659227161473289e-01
5.879999999999999893e+00 6.994624340747990221e-01
5.900000000000000355e+00 6.959792629283410026e-01
5.919999999999999929e+00 6.925163000155187820e-01
5.940000000000000391e+00 6.890734246987558764e-01
5.959999999999999964e+00 6.856505287503968926e-01
5.980000000000000426e+00 6.822474921736749742e-01
6.000000000000000000e+00 6.788642077967979027e-01
6.020000000000000462e+00 6.755005562804975439e-01
6.040000000000000036e+00 6.721564315295266434e-01
6.060000000000000497e+00 6.688317148771519838e-01
6.080000000000000071e+00 6.655263013238630343e-01
6.100000000000000533e+00 6.622400728890667221e-01
6.120000000000000107e+00 6.589729256867578044e-01
6.140000000000000568e+00 6.557247424346006603e-01
6.160000000000000142e+00 6.524954203764881111e-01
6.179999999999999716e+00 6.492848429391790965e-01
6.200000000000000178e+00 6.460929085115871828e-01
6.219999999999999751e+00 6.429195012390158670e-01
6.240000000000000213e+00 6.397645206692874620e-01
6.259999999999999787e+00 6.366278516745738081e-01
6.280000000000000249e+00 6.335093949743330066e-01
6.299999999999999822e+00 6.304090361746517157e-01
6.320000000000000284e+00 6.273266771782495255e-01
6.339999999999999858e+00 6.242622043311614188e-01
6.360000000000000320e+00 6.212155207299421278e-01
6.379999999999999893e+00 6.181865134654589422e-01
6.400000000000000355e+00 6.151750868376885117e-01
6.419999999999999929e+00 6.121811286862846035e-01
6.440000000000000391e+00 6.092045445232936451e-01
6.459999999999999964e+00 6.062452229400777659e-01
6.480000000000000426e+00 6.033030706685039712e-01
6.500000000000000000e+00 6.003779770537363003e-01
6.520000000000000462e+00 5.974698500543765833e-01
6.540000000000000036e+00 5.945785797705299691e-01
6.560000000000000497e+00 5.917040753936469999e-01
6.580000000000000071e+00 5.888462277791850497e-01
6.600000000000000533e+00 5.860049473568124112e-01
6.620000000000000107e+00 5.831801257368729452e-01
6.640000000000000568e+00 5.803716745919050846e-01
6.660000000000000142e+00 5.775794862860350598e-01
6.679999999999999716e+00 5.748034737386472637e-01
6.700000000000000178e+00 5.720435300657480404e-01
6.719999999999999751e+00 5.692995694369237247e-01
6.740000000000000213e+00 5.665714857175809804e-01
6.759999999999999787e+00 5.638591943302613263e-01
6.780000000000000249e+00 5.611625898865765238e-01
6.799999999999999822e+00 5.584815890642166325e-01
6.820000000000000284e+00 5.558160872172895894e-01
6.839999999999999858e+00 5.531660022803022159e-01
6.860000000000000320e+00 5.505312303454988898e-01
6.879999999999999893e+00 5.479116906053735914e-01
6.900000000000000355e+00 5.453072798854978753e-01
6.919999999999999929e+00 5.427179186370635344e-01
6.940000000000000391e+00 5.401435044135655117e-01
6.959999999999999964e+00 5.375839589251576456e-01
6.980000000000000426e+00 5.350391804474665669e-01
7.000000000000000000e+00 5.325090919494778197e-01
7.020000000000000462e+00 5.299935924226045758e-01
7.040000000000000036e+00 5.274926060941544925e-01
7.060000000000000497e+00 5.250060326646458497e-01
7.080000000000000071e+00 5.225337976188348943e-01
7.100000000000000533e+00 5.200758013591747497e-01
7.120000000000000107e+00 5.176319706266709897e-01
7.140000000000000568e+00 5.152022065182406685e-01
7.160000000000000142e+00 5.127864370296379981e-01
7.179999999999999716e+00 5.103845639443191917e-01
7.200000000000000178e+00 5.079965165109939784e-01
7.219999999999999751e+00 5.056221971914941493e-01
7.240000000000000213e+00 5.032615364854310380e-01
7.259999999999999787e+00 5.009144375244232172e-01
7.280000000000000249e+00 4.985808320566889051e-01
7.299999999999999822e+00 4.962606238748349385e-01
7.320000000000000284e+00 4.939537459731673796e-01
7.339999999999999858e+00 4.916601027961128301e-01
7.360000000000000320e+00 4.893796285813384883e-01
7.379999999999999893e+00 4.871122284157398674e-01
7.400000000000000355e+00 4.848578377774300785e-01
7.419999999999999929e+00 4.826163623860774132e-01
7.440000000000000391e+00 4.803877389571644119e-01
7.459999999999999964e+00 4.781718738332854657e-01
7.480000000000000426e+00 4.759687049640562440e-01
7.500000000000000000e+00 4.737781393048373091e-01
7.520000000000000462e+00 4.716001160360009381e-01
7.540000000000000036e+00 4.694345427154084649e-01
7.560000000000000497e+00 4.672813597506859096e-01
7.580000000000000071e+00 4.651404752916180052e-01
7.600000000000000533e+00 4.630118309694733481e-01
7.620000000000000107e+00 4.608953355153160847e-01
7.640000000000000568e+00 4.587909317803545162e-01
7.660000000000000142e+00 4.566985290659904551e-01
7.679999999999999716e+00 4.546180714395830491e-01
7.700000000000000178e+00 4.525494687618894507e-01
7.719999999999999751e+00 4.504926663125476405e-01
7.740000000000000213e+00 4.484475745004280478e-01
7.759999999999999787e+00 4.464141398135314520e-01
7.780000000000000249e+00 4.443922731975525897e-01
7.799999999999999822e+00 4.423819223448816063e-01
7.820000000000000284e+00 4.403829987265178159e-01
7.839999999999999858e+00 4.383954512352272181e-01
7.860000000000000320e+00 4.364191918557789318e-01
7.879999999999999893e+00 4.344541706772719891e-01
7.900000000000000355e+00 4.325003001864825558e-01
7.919999999999999929e+00 4.305575316647847761e-01
7.940000000000000391e+00 4.286257780892012703e-01
7.959999999999999964e+00 4.267049919293104399e-01
7.980000000000000426e+00 4.247950866404084924e-01
8.000000000000000000e+00 4.228960158762062327e-01
8.019999999999999574e+00 4.210076935583217939e-01
8.040000000000000924e+00 4.191300745205316369e-01
8.060000000000000497e+00 4.172630731386244296e-01
8.080000000000000071e+00 4.154066454223913629e-01
8.099999999999999645e+00 4.135607061896736103e-01
8.120000000000000995e+00 4.117252126222448183e-01
8.140000000000000568e+00 4.099000799676927320e-01
8.160000000000000142e+00 4.080852665757739306e-01
8.179999999999999716e+00 4.062806881115599844e-01
8.199999999999999289e+00 4.044863040888215244e-01
8.220000000000000639e+00 4.027020305776792819e-01
8.240000000000000213e+00 4.009278282519954106e-01
8.259999999999999787e+00 3.991636135745511571e-01
8.279999999999999361e+00 3.974093483754272960e-01
8.300000000000000711e+00 3.956649494975117420e-01
8.320000000000000284e+00 3.939303799232868331e-01
8.339999999999999858e+00 3.922055568632528688e-01
8.359999999999999432e+00 3.904904444485309822e-01
8.380000000000000782e+00 3.887849602445952457e-01
8.400000000000000355e+00 3.870890695275033266e-01
8.419999999999999929e+00 3.854026902051250203e-01
8.439999999999999503e+00 3.837257886948283181e-01
8.460000000000000853e+00 3.820582832341474777e-01
8.480000000000000426e+00 3.804001413782083230e-01
8.500000000000000000e+00 3.787512816815627459e-01
8.519999999999999574e+00 3.771116728336226798e-01
8.540000000000000924e+00 3.754812336931535044e-01
8.560000000000000497e+00 3.738599340804647508e-01
8.580000000000000071e+00 3.722476931458283400e-01
8.599999999999999645e+00 3.706444818371422700e-01
8.620000000000000995e+00 3.690502195833315069e-01
8.640000000000000568e+00 3.674648784566691417e-01
8.660000000000000142e+00 3.658883781519745582e-01
8.679999999999999716e+00 3.643206918627804325e-01
8.700000000000001066e+00 3.627617395368943898e-01
8.720000000000000639e+00 3.612114954860877192e-01
8.740000000000000213e+00 3.596698798983574141e-01
8.759999999999999787e+00 3.581368682007910476e-01
8.779999999999999361e+00 3.566123808086367197e-01
8.800000000000000711e+00 3.550963942614804858e-01
8.820000000000000284e+00 3.535888291889868196e-01
8.839999999999999858e+00 3.520896632405380311e-01
8.859999999999999432e+00 3.505988172472373487e-01
8.880000000000000782e+00 3.491162699656640833e-01
8.900000000000000355e+00 3.476419424155054450e-01
8.919999999999999929e+00 3.461758144580409091e-01
8.939999999999999503e+00 3.447178072885479505e-01
8.960000000000000853e+00 3.432679018706376040e-01
8.980000000000000426e+00 3.418260195622949138e-01
9.000000000000000000e+00 3.403921424272083329e-01
9.019999999999999574e+00 3.389661919730457273e-01
9.040000000000000924e+00 3.375481513614404516e-01
9.060000000000000497e+00 3.361379422368512282e-01
9.080000000000000071e+00 3.347355488568271031e-01
9.099999999999999645e+00 3.333408929895926853e-01
9.120000000000000995e+00 3.319539599867158963e-01
9.140000000000000568e+00 3.305746717272776691e-01
9.160000000000000142e+00 3.292030146551043202e-01
9.179999999999999716e+00 3.278389107470692787e-01
9.200000000000001066e+00 3.264823475376192330e-01
9.220000000000000639e+00 3.251332470885187620e-01
9.240000000000000213e+00 3.237915980232950464e-01
9.259999999999999787e+00 3.224573224755524214e-01
9.279999999999999361e+00 3.211304101565108371e-01
9.300000000000000711e+00 3.198107832586915555e-01
9.320000000000000284e+00 3.184984325797540206e-01
9.339999999999999858e+00 3.171932803580633786e-01
9.359999999999999432e+00 3.158953184765895816e-01
9.380000000000000782e+00 3.146044692066240489e-01
9.400000000000000355e+00 3.133207255154276116e-01
9.419999999999999929e+00 3.120440096941627384e-01
9.439999999999999503e+00 3.107743157935265454e-01
9.460000000000000853e+00 3.095115661116030759e-01
9.480000000000000426e+00 3.082557557817975913e-01
9.500000000000000000e+00 3.070068070960473849e-01
9.519999999999999574e+00 3.057647162698572396e-01
9.540000000000000924e+00 3.045294055761005869e-01
9.560000000000000497e+00 3.033008723118988947e-01
9.580000000000000071e+00 3.020790387179982384e-01
9.599999999999999645e+00 3.008639031728065905e-01
9.620000000000000995e+00 2.996553878720049635e-01
