0.000000000000000000e+00 7.385511381574558776e+00
1.499999999999999944e-02 7.276404099122169455e+00
2.999999999999999889e-02 7.165448982448809012e+00
4.499999999999999833e-02 7.052695715846469149e+00
5.999999999999999778e-02 6.938341742670934842e+00
7.499999999999999722e-02 6.822614273551269370e+00
8.999999999999999667e-02 6.705731203256370954e+00
1.049999999999999961e-01 6.587908403730320828e+00
1.199999999999999956e-01 6.469354424142006899e+00
1.350000000000000089e-01 6.350273004267635635e+00
1.499999999999999944e-01 6.230860196604650625e+00
1.649999999999999800e-01 6.111305991951753391e+00
1.799999999999999933e-01 5.991791634470814643e+00
1.950000000000000067e-01 5.872491373571487649e+00
2.099999999999999922e-01 5.753569934474317193e+00
2.249999999999999778e-01 5.635184449052817790e+00
2.399999999999999911e-01 5.517481996436141678e+00
2.550000000000000044e-01 5.400601735026516081e+00
2.700000000000000178e-01 5.284672527100907402e+00
2.849999999999999756e-01 5.169815254832019313e+00
2.999999999999999889e-01 5.056140501646418706e+00
3.150000000000000022e-01 4.943751035668864091e+00
3.299999999999999600e-01 4.832739543545079286e+00
3.449999999999999734e-01 4.723191255675650346e+00
3.599999999999999867e-01 4.615181712440299400e+00
3.750000000000000000e-01 4.508779506283985938e+00
3.900000000000000133e-01 4.404044070047735460e+00
4.049999999999999711e-01 4.301028509325829141e+00
4.199999999999999845e-01 4.199777397076600138e+00
4.349999999999999978e-01 4.100329671845358348e+00
4.499999999999999556e-01 4.002716429327813685e+00
4.649999999999999689e-01 3.906963863483116306e+00
4.799999999999999822e-01 3.813091044720045009e+00
4.949999999999999956e-01 3.721112883938626492e+00
5.100000000000000089e-01 3.631037892097214392e+00
5.250000000000000222e-01 3.542871149700766775e+00
5.400000000000000355e-01 3.456612043227883735e+00
5.549999999999999378e-01 3.372257225570272521e+00
5.699999999999999512e-01 3.289798328664614857e+00
5.849999999999999645e-01 3.209224902812500169e+00
5.999999999999999778e-01 3.130522105888263074e+00
6.149999999999999911e-01 3.053673611899904827e+00
6.300000000000000044e-01 2.978659279803625104e+00
6.450000000000000178e-01 2.905458023557733416e+00
6.599999999999999201e-01 2.834045464307068496e+00
6.749999999999999334e-01 2.764396755903069103e+00
6.899999999999999467e-01 2.696484225817942448e+00
7.049999999999999600e-01 2.630280151378340481e+00
7.199999999999999734e-01 2.565754395065517279e+00
7.349999999999999867e-01 2.502877127800042789e+00
7.500000000000000000e-01 2.441616465057725005e+00
7.650000000000000133e-01 2.381941134306867269e+00
7.800000000000000266e-01 2.323818118297038104e+00
7.949999999999999289e-01 2.267215264378668049e+00
8.099999999999999423e-01 2.212098941526170481e+00
8.249999999999999556e-01 2.158436589684751716e+00
8.399999999999999689e-01 2.106194396776062572e+00
8.549999999999999822e-01 2.055339786554143178e+00
8.699999999999999956e-01 2.005839121692292615e+00
8.850000000000000089e-01 1.957660128840726044e+00
8.999999999999999112e-01 1.910769633459093786e+00
9.149999999999999245e-01 1.865135920946851655e+00
9.299999999999999378e-01 1.820726508540401634e+00
9.449999999999999512e-01 1.777510441497908156e+00
9.599999999999999645e-01 1.735456106911976937e+00
9.749999999999999778e-01 1.694533464038170401e+00
9.899999999999999911e-01 1.654711904437270009e+00
1.004999999999999893e+00 1.615962415612083092e+00
1.020000000000000018e+00 1.578255491445522907e+00
1.034999999999999920e+00 1.541563228397188956e+00
1.050000000000000044e+00 1.505857289738657290e+00
1.064999999999999947e+00 1.471110933635165319e+00
1.080000000000000071e+00 1.437297034280452745e+00
1.094999999999999973e+00 1.404390041279437007e+00
1.109999999999999876e+00 1.372364060327310620e+00
1.125000000000000000e+00 1.341194743395112132e+00
1.139999999999999902e+00 1.310857431259470518e+00
1.155000000000000027e+00 1.281328974095300444e+00
1.169999999999999929e+00 1.252585937729596921e+00
1.185000000000000053e+00 1.224606354345899373e+00
1.199999999999999956e+00 1.197367994060025254e+00
1.214999999999999858e+00 1.170850045554456820e+00
1.229999999999999982e+00 1.145031454172772634e+00
1.244999999999999885e+00 1.119892532413298891e+00
1.260000000000000009e+00 1.095413365523434157e+00
1.274999999999999911e+00 1.071575351902021689e+00
1.290000000000000036e+00 1.048359676807161911e+00
1.304999999999999938e+00 1.025748782833003192e+00
1.319999999999999840e+00 1.003724912183920681e+00
1.334999999999999964e+00 9.822715075125243445e-01
1.349999999999999867e+00 9.613718228779444264e-01
1.364999999999999991e+00 9.410102553471980658e-01
1.379999999999999893e+00 9.211710246438554739e-01
1.395000000000000018e+00 9.018394360317255609e-01
1.409999999999999920e+00 8.830006283551824486e-01
1.425000000000000044e+00 8.646407688334614150e-01
1.439999999999999947e+00 8.467458691263639592e-01
1.454999999999999849e+00 8.293029127756469387e-01
1.469999999999999973e+00 8.122987386522444453e-01
1.484999999999999876e+00 7.957211018806912284e-01
1.500000000000000000e+00 7.795576239954546960e-01
1.514999999999999902e+00 7.637967882806779851e-01
1.530000000000000027e+00 7.484269557104045179e-01
1.544999999999999929e+00 7.334372957228169065e-01
1.560000000000000053e+00 7.188168670252113035e-01
1.574999999999999956e+00 7.045554849043675905e-01
1.589999999999999858e+00 6.906428657465354393e-01
1.604999999999999982e+00 6.770694320583181547e-01
1.619999999999999885e+00 6.638255195887425852e-01
1.635000000000000009e+00 6.509021213025474317e-01
1.649999999999999911e+00 6.382901557806737181e-01
1.665000000000000036e+00 6.259811514455853043e-01
1.679999999999999938e+00 6.139665749807996509e-01
1.694999999999999840e+00 6.022384571601790970e-01
1.709999999999999964e+00 5.907887798338187224e-01
1.724999999999999867e+00 5.796100447560615931e-01
1.739999999999999991e+00 5.686947177738247428e-01
1.754999999999999893e+00 5.580357420853586659e-01
1.770000000000000018e+00 5.476260380892966628e-01
1.784999999999999920e+00 5.374589625344569077e-01
1.799999999999999822e+00 5.275278625983927938e-01
1.814999999999999947e+00 5.178264824116034504e-01
1.829999999999999849e+00 5.083485697699849926e-01
1.844999999999999973e+00 4.990882315314049689e-01
1.859999999999999876e+00 4.900395914963504018e-01
1.875000000000000000e+00 4.811970961845929429e-01
1.889999999999999902e+00 4.725552222655227119e-01
1.905000000000000027e+00 4.641087342246189018e-01
1.919999999999999929e+00 4.558524398720506521e-01
1.934999999999999831e+00 4.477814014063158932e-01
1.949999999999999956e+00 4.398907373867434467e-01
1.964999999999999858e+00 4.321757886922148462e-01
1.979999999999999982e+00 4.246319655055137976e-01
1.994999999999999885e+00 4.172548696518292854e-01
2.009999999999999787e+00 4.100401850082038280e-01
2.024999999999999911e+00 4.029837576868534610e-01
2.040000000000000036e+00 3.960815284587606011e-01
2.054999999999999716e+00 3.893295722240041057e-01
2.069999999999999840e+00 3.827240709105972916e-01
2.084999999999999964e+00 3.762613136454062146e-01
2.100000000000000089e+00 3.699377087770031602e-01
2.114999999999999769e+00 3.637497461295441936e-01
2.129999999999999893e+00 3.576940466758412041e-01
2.145000000000000018e+00 3.517672882201442475e-01
2.160000000000000142e+00 3.459662914458466743e-01
2.174999999999999822e+00 3.402879103346306278e-01
2.189999999999999947e+00 3.347291531948534127e-01
2.205000000000000071e+00 3.292870390813820158e-01
2.219999999999999751e+00 3.239587526182168276e-01
2.234999999999999876e+00 3.187414676386396972e-01
2.250000000000000000e+00 3.136325345003578291e-01
2.265000000000000124e+00 3.086292721167615549e-01
2.279999999999999805e+00 3.037291866786442363e-01
2.294999999999999929e+00 2.989297331973426175e-01
2.310000000000000053e+00 2.942285644340034700e-01
2.324999999999999734e+00 2.896232630217044357e-01
2.339999999999999858e+00 2.851116196263949742e-01
2.354999999999999982e+00 2.806913366605777171e-01
2.370000000000000107e+00 2.763603345883561824e-01
2.384999999999999787e+00 2.721164281854223654e-01
2.399999999999999911e+00 2.679576601304959338e-01
2.415000000000000036e+00 2.638819507080495397e-01
2.429999999999999716e+00 2.598874577174667411e-01
2.444999999999999840e+00 2.559722004534474293e-01
2.459999999999999964e+00 2.521344452003181358e-01
2.475000000000000089e+00 2.483723042634676803e-01
2.489999999999999769e+00 2.446841462053678529e-01
2.504999999999999893e+00 2.410681706369073307e-01
2.520000000000000018e+00 2.375228425935523302e-01
2.534999999999999698e+00 2.340464437308495682e-01
2.549999999999999822e+00 2.306375301282344026e-01
2.564999999999999947e+00 2.272944604655968148e-01
2.580000000000000071e+00 2.240158767896609504e-01
2.594999999999999751e+00 2.208002101813735518e-01
2.609999999999999876e+00 2.176461839082952654e-01
2.625000000000000000e+00 2.145522970225653692e-01
2.639999999999999680e+00 2.115173495757471656e-01
2.654999999999999805e+00 2.085399045173420562e-01
2.669999999999999929e+00 2.056188345365079218e-01
2.685000000000000053e+00 2.027527625585300308e-01
2.699999999999999734e+00 1.999406300363044675e-01
2.714999999999999858e+00 1.971811162699660391e-01
2.729999999999999982e+00 1.944732278582988194e-01
2.745000000000000107e+00 1.918156969914751597e-01
2.759999999999999787e+00 1.892075920369089836e-01
2.774999999999999911e+00 1.866476948800197821e-01
2.790000000000000036e+00 1.841351325058589450e-01
2.804999999999999716e+00 1.816687333847588626e-01
2.819999999999999840e+00 1.792476801813946141e-01
2.834999999999999964e+00 1.768708451042705077e-01
2.850000000000000089e+00 1.745374637603542001e-01
2.864999999999999769e+00 1.722464493060761881e-01
2.879999999999999893e+00 1.699970877426288940e-01
2.895000000000000018e+00 1.677883306248467155e-01
2.909999999999999698e+00 1.656195119787873538e-01
2.924999999999999822e+00 1.634896192399455661e-01
2.939999999999999947e+00 1.613980322587948157e-01
2.955000000000000071e+00 1.593437720546871661e-01
2.969999999999999751e+00 1.573262622619782669e-01
2.984999999999999876e+00 1.553445551968053173e-01
3.000000000000000000e+00 1.533981163884539367e-01
3.014999999999999680e+00 1.514860273665401824e-01
3.029999999999999805e+00 1.496077938102230998e-01
3.044999999999999929e+00 1.477625243692900214e-01
3.060000000000000053e+00 1.459497632645946896e-01
3.074999999999999734e+00 1.441686443615657065e-01
3.089999999999999858e+00 1.424187489449613153e-01
3.104999999999999982e+00 1.406992341634908106e-01
3.120000000000000107e+00 1.390097170125076387e-01
3.134999999999999787e+00 1.373493761673088287e-01
3.149999999999999911e+00 1.357178630996269397e-01
3.165000000000000036e+00 1.341143762105247716e-01
3.179999999999999716e+00 1.325386003281002478e-01
3.194999999999999840e+00 1.309897519424717272e-01
3.209999999999999964e+00 1.294675482278574430e-01
3.225000000000000089e+00 1.279712220675674750e-01
3.239999999999999769e+00 1.265005220774828298e-01
3.254999999999999893e+00 1.250546959920605938e-01
3.270000000000000018e+00 1.236335230666353591e-01
3.284999999999999698e+00 1.222362642715809078e-01
3.299999999999999822e+00 1.208627287985810095e-01
3.314999999999999947e+00 1.195121893832462173e-01
3.330000000000000071e+00 1.181844845468680849e-01
3.344999999999999751e+00 1.168788972331270687e-01
3.359999999999999876e+00 1.155952947801833913e-01
3.375000000000000000e+00 1.143329689187209536e-01
3.389999999999999680e+00 1.130918153830364897e-01
3.404999999999999805e+00 1.118711331704799056e-01
3.419999999999999929e+00 1.106708460811314521e-01
3.435000000000000053e+00 1.094902589869008458e-01
3.449999999999999734e+00 1.083293235124158094e-01
3.464999999999999858e+00 1.071873489002764385e-01
