0.000000000000000000e+00 7.649561688131306880e+00
1.499999999999999944e-02 7.511651408766043758e+00
2.999999999999999889e-02 7.371824184256061230e+00
4.499999999999999833e-02 7.230475493042424873e+00
5.999999999999999778e-02 7.087973885820485265e+00
7.499999999999999722e-02 6.944660845083399536e+00
8.999999999999999667e-02 6.800868837335123374e+00
1.049999999999999961e-01 6.656914899871400060e+00
1.199999999999999956e-01 6.513101974955293194e+00
1.350000000000000089e-01 6.369716315856734923e+00
1.499999999999999944e-01 6.227026465153290502e+00
1.649999999999999800e-01 6.085282829083435985e+00
1.799999999999999933e-01 5.944716397064563118e+00
1.950000000000000067e-01 5.805539527414254053e+00
2.099999999999999922e-01 5.667944507470687121e+00
2.249999999999999778e-01 5.532105246924961861e+00
2.399999999999999911e-01 5.398175995074454114e+00
2.550000000000000044e-01 5.266293677282986252e+00
2.700000000000000178e-01 5.136576624520432510e+00
2.849999999999999756e-01 5.009127384656776982e+00
2.999999999999999889e-01 4.884031527471957013e+00
3.150000000000000022e-01 4.761360765386839944e+00
3.299999999999999600e-01 4.641171691613111605e+00
3.449999999999999734e-01 4.523509094420519183e+00
3.599999999999999867e-01 4.408404645274871747e+00
3.750000000000000000e-01 4.295880304754922108e+00
3.900000000000000133e-01 4.185946865387828453e+00
4.049999999999999711e-01 4.078607383591519309e+00
4.199999999999999845e-01 3.973855601677847904e+00
4.349999999999999978e-01 3.871679354385526128e+00
4.499999999999999556e-01 3.772058819992152312e+00
4.649999999999999689e-01 3.674969873858835001e+00
4.799999999999999822e-01 3.580382206266612855e+00
4.949999999999999956e-01 3.488262603754433311e+00
5.100000000000000089e-01 3.398572912982973371e+00
5.250000000000000222e-01 3.311273243857439930e+00
5.400000000000000355e-01 3.226319822637867762e+00
5.549999999999999378e-01 3.143668113598836023e+00
5.699999999999999512e-01 3.063270555293817754e+00
5.849999999999999645e-01 2.985079603680337534e+00
5.999999999999999778e-01 2.909045393299653615e+00
6.149999999999999911e-01 2.835118704257204580e+00
6.300000000000000044e-01 2.763248547552718204e+00
6.450000000000000178e-01 2.693385060732481850e+00
6.599999999999999201e-01 2.625477054090806561e+00
6.749999999999999334e-01 2.559474837970951988e+00
6.899999999999999467e-01 2.495327729856971821e+00
7.049999999999999600e-01 2.432986817094141330e+00
7.199999999999999734e-01 2.372402455663332077e+00
7.349999999999999867e-01 2.313526970093398916e+00
7.500000000000000000e-01 2.256312143014187477e+00
7.650000000000000133e-01 2.200711854289660874e+00
7.800000000000000266e-01 2.146679586686146113e+00
7.949999999999999289e-01 2.094171004574991279e+00
8.099999999999999423e-01 2.043141473533720998e+00
8.249999999999999556e-01 1.993548579150364208e+00
8.399999999999999689e-01 1.945349681362958716e+00
8.549999999999999822e-01 1.898504372648492922e+00
8.699999999999999956e-01 1.852972063791260560e+00
8.850000000000000089e-01 1.808714380997508364e+00
8.999999999999999112e-01 1.765692800296189136e+00
9.149999999999999245e-01 1.723870982259261941e+00
9.299999999999999378e-01 1.683212450866260923e+00
9.449999999999999512e-01 1.643682864858402315e+00
9.599999999999999645e-01 1.605247755443196533e+00
9.749999999999999778e-01 1.567874732749712230e+00
9.899999999999999911e-01 1.531531277585798545e+00
1.004999999999999893e+00 1.496186881872224816e+00
1.020000000000000018e+00 1.461810906598548954e+00
1.034999999999999920e+00 1.428374654767521790e+00
1.050000000000000044e+00 1.395849290321372393e+00
1.064999999999999947e+00 1.364207842566499629e+00
1.080000000000000071e+00 1.333423196432922397e+00
1.094999999999999973e+00 1.303470027148426524e+00
1.109999999999999876e+00 1.274322856284010097e+00
1.125000000000000000e+00 1.245957915885918199e+00
1.139999999999999902e+00 1.218351279220729388e+00
1.155000000000000027e+00 1.191480653467291484e+00
1.169999999999999929e+00 1.165323579377252949e+00
1.185000000000000053e+00 1.139859152049845559e+00
1.199999999999999956e+00 1.115066297226413816e+00
1.214999999999999858e+00 1.090925419623163029e+00
1.229999999999999982e+00 1.067416749894971151e+00
1.244999999999999885e+00 1.044521920392001535e+00
1.260000000000000009e+00 1.022222389514805263e+00
1.274999999999999911e+00 1.000500944746741672e+00
1.290000000000000036e+00 9.793401982970978414e-01
1.304999999999999938e+00 9.587240176155547022e-01
1.319999999999999840e+00 9.386360982086828786e-01
1.334999999999999964e+00 9.190613218460340628e-01
1.349999999999999867e+00 8.999844003421698657e-01
1.364999999999999991e+00 8.813911619789287499e-01
1.379999999999999893e+00 8.632672714344031828e-01
1.395000000000000018e+00 8.455994449556425430e-01
1.409999999999999920e+00 8.283742401519864629e-01
1.425000000000000044e+00 8.115792007276806386e-01
1.439999999999999947e+00 7.952017207298492929e-01
1.454999999999999849e+00 7.792301196594789703e-01
1.469999999999999973e+00 7.636525748442841710e-01
1.484999999999999876e+00 7.484581279831100664e-01
1.500000000000000000e+00 7.336356897404286981e-01
1.514999999999999902e+00 7.191749787829972984e-01
1.530000000000000027e+00 7.050655922452752078e-01
1.544999999999999929e+00 6.912978785171851603e-01
1.560000000000000053e+00 6.778620772690615581e-01
1.574999999999999956e+00 6.647491272454247868e-01
1.589999999999999858e+00 6.519498695025885970e-01
1.604999999999999982e+00 6.394557916293658328e-01
1.619999999999999885e+00 6.272582975530609506e-01
1.635000000000000009e+00 6.153493895951369641e-01
1.649999999999999911e+00 6.037209985258512601e-01
1.665000000000000036e+00 5.923656049976012694e-01
1.679999999999999938e+00 5.812756329376745912e-01
1.694999999999999840e+00 5.704440118798609349e-01
1.709999999999999964e+00 5.598636274241708399e-01
1.724999999999999867e+00 5.495278260937068726e-01
1.739999999999999991e+00 5.394299257432589867e-01
1.754999999999999893e+00 5.295636645371940565e-01
1.770000000000000018e+00 5.199227651039911580e-01
1.784999999999999920e+00 5.105013293118518813e-01
1.799999999999999822e+00 5.012934588953451565e-01
1.814999999999999947e+00 4.922935976658648904e-01
1.829999999999999849e+00 4.834962024929050917e-01
1.844999999999999973e+00 4.748960346448137804e-01
1.859999999999999876e+00 4.664878837405898593e-01
1.875000000000000000e+00 4.582668098692911918e-01
1.889999999999999902e+00 4.502279144953383883e-01
1.905000000000000027e+00 4.423665350432985921e-01
1.919999999999999929e+00 4.346780653020487772e-01
1.934999999999999831e+00 4.271581041080801944e-01
1.949999999999999956e+00 4.198023193446376866e-01
1.964999999999999858e+00 4.126065523775685473e-01
1.979999999999999982e+00 4.055667281588109518e-01
1.994999999999999885e+00 3.986789170098187784e-01
2.009999999999999787e+00 3.919392850490195368e-01
2.024999999999999911e+00 3.853441149235158902e-01
2.040000000000000036e+00 3.788897990638261937e-01
2.054999999999999716e+00 3.725728209011896497e-01
2.069999999999999840e+00 3.663897853009308592e-01
2.084999999999999964e+00 3.603373617952203567e-01
2.100000000000000089e+00 3.544123547180640377e-01
2.114999999999999769e+00 3.486116099166741700e-01
2.129999999999999893e+00 3.429321190772823269e-01
2.145000000000000018e+00 3.373708913594661851e-01
2.160000000000000142e+00 3.319250944775863910e-01
2.174999999999999822e+00 3.265918926332413430e-01
2.189999999999999947e+00 3.213686189838095286e-01
2.205000000000000071e+00 3.162525812196934627e-01
2.219999999999999751e+00 3.112412680454841873e-01
2.234999999999999876e+00 3.063321236778383527e-01
2.250000000000000000e+00 3.015227831158074356e-01
2.265000000000000124e+00 2.968108167983884438e-01
2.279999999999999805e+00 2.921939973664148260e-01
2.294999999999999929e+00 2.876700156470267666e-01
2.310000000000000053e+00 2.832367738301872495e-01
2.324999999999999734e+00 2.788920739034113083e-01
2.339999999999999858e+00 2.746339400360217065e-01
2.354999999999999982e+00 2.704602805153099587e-01
2.370000000000000107e+00 2.663692344084511721e-01
2.384999999999999787e+00 2.623588080011897694e-01
2.399999999999999911e+00 2.584272486331993801e-01
2.415000000000000036e+00 2.545726565683252840e-01
2.429999999999999716e+00 2.507933812196675438e-01
2.444999999999999840e+00 2.470876093248790539e-01
2.459999999999999964e+00 2.434537865699333559e-01
2.475000000000000089e+00 2.398901828713421447e-01
2.489999999999999769e+00 2.363953347600967481e-01
2.504999999999999893e+00 2.329675885124870283e-01
2.520000000000000018e+00 2.296055664254519901e-01
2.534999999999999698e+00 2.263076884665843891e-01
2.549999999999999822e+00 2.230726579461989045e-01
2.564999999999999947e+00 2.198989622924988341e-01
2.580000000000000071e+00 2.167853813824037190e-01
2.594999999999999751e+00 2.137304679775707816e-01
2.609999999999999876e+00 2.107330743613606283e-01
2.625000000000000000e+00 2.077918129027572225e-01
2.639999999999999680e+00 2.049056044001713872e-01
2.654999999999999805e+00 2.020731191706061636e-01
2.669999999999999929e+00 1.992933428883274793e-01
2.685000000000000053e+00 1.965649985240534858e-01
2.699999999999999734e+00 1.938871332254930024e-01
2.714999999999999858e+00 1.912585213623131386e-01
2.729999999999999982e+00 1.886782683757946832e-01
2.745000000000000107e+00 1.861451951088164136e-01
2.759999999999999787e+00 1.836584623256485582e-01
2.774999999999999911e+00 1.812169364373546754e-01
2.790000000000000036e+00 1.788198307575950829e-01
2.804999999999999716e+00 1.764660526532929596e-01
2.819999999999999840e+00 1.741548653994737239e-01
2.834999999999999964e+00 1.718852167162751299e-01
2.850000000000000089e+00 1.696564174270895342e-01
2.864999999999999769e+00 1.674674512580748287e-01
2.879999999999999893e+00 1.653176743332313847e-01
2.895000000000000018e+00 1.632061060432850041e-01
2.909999999999999698e+00 1.611321457212692709e-01
2.924999999999999822e+00 1.590948442979933930e-01
2.939999999999999947e+00 1.570936423717367580e-01
2.955000000000000071e+00 1.551276222973124175e-01
2.969999999999999751e+00 1.531962641345357423e-01
2.984999999999999876e+00 1.512986777229425317e-01
3.000000000000000000e+00 1.494343809131100931e-01
3.014999999999999680e+00 1.476025111072046814e-01
3.029999999999999805e+00 1.458026224021290729e-01
3.044999999999999929e+00 1.440338759752876063e-01
3.060000000000000053e+00 1.422958607458023050e-01
3.074999999999999734e+00 1.405877619106010445e-01
3.089999999999999858e+00 1.389092019016774648e-01
3.104999999999999982e+00 1.372593862701013967e-01
3.120000000000000107e+00 1.356379697610834711e-01
3.134999999999999787e+00 1.340441786660612200e-01
3.149999999999999911e+00 1.324776989488696266e-01
3.165000000000000036e+00 1.309377740709349591e-01
3.179999999999999716e+00 1.294241202209941433e-01
3.194999999999999840e+00 1.279359985367651553e-01
3.209999999999999964e+00 1.264731545352276998e-01
3.225000000000000089e+00 1.250348635303480671e-01
3.239999999999999769e+00 1.236208995643274383e-01
3.254999999999999893e+00 1.222305527340266790e-01
3.270000000000000018e+00 1.208636248944466307e-01
3.284999999999999698e+00 1.195194174728338027e-01
3.299999999999999822e+00 1.181977595124652919e-01
3.314999999999999947e+00 1.168979644599160983e-01
3.330000000000000071e+00 1.156198880077625446e-01
3.344999999999999751e+00 1.143628521955510208e-01
3.359999999999999876e+00 1.131267389096732440e-01
3.375000000000000000e+00 1.119108795371681342e-01
3.389999999999999680e+00 1.107151817845671432e-01
3.404999999999999805e+00 1.095389829658736519e-01
3.419999999999999929e+00 1.083822163144759765e-01
3.435000000000000053e+00 1.072442258756289846e-01
3.449999999999999734e+00 1.061249701955940677e-01
3.464999999999999858e+00 1.050237966165485093e-01
