# Electrodo circular de radio 6 mm y espesor 710.0 um.
# Volumen de simulacion (convencion z,y,x):
# N: 1024 x 1024 x 1024 | voxelSize:  0.02mm x 0.02mm x 0.02mm | FOV:  20.48mm x 20.48mm x 20.48mm
# 
# z [mm]		 delta[ppm]
0.000000000000000000e+00 2.597848504081877063e+00
2.000000000000000042e-02 2.594062224161715502e+00
4.000000000000000083e-02 2.590165125867624596e+00
5.999999999999999778e-02 2.586158127281460661e+00
8.000000000000000167e-02 2.582042259423021680e+00
1.000000000000000056e-01 2.577818587404852924e+00
1.199999999999999956e-01 2.573488196346076951e+00
1.400000000000000133e-01 2.569052194879658302e+00
1.600000000000000033e-01 2.564511710879409101e+00
1.799999999999999933e-01 2.559867894634388463e+00
2.000000000000000111e-01 2.555121914209555367e+00
2.200000000000000011e-01 2.550274959146083376e+00
2.399999999999999911e-01 2.545328234982435767e+00
2.600000000000000089e-01 2.540282967599827746e+00
2.800000000000000266e-01 2.535140397202917395e+00
2.999999999999999889e-01 2.529901783143183813e+00
3.200000000000000067e-01 2.524568397434305833e+00
3.400000000000000244e-01 2.519141529979462835e+00
3.599999999999999867e-01 2.513622481716304424e+00
3.800000000000000044e-01 2.508012570194916968e+00
4.000000000000000222e-01 2.502313122379686838e+00
4.199999999999999845e-01 2.496525480550837006e+00
4.400000000000000022e-01 2.490650994803083496e+00
4.600000000000000200e-01 2.484691029249872507e+00
4.799999999999999822e-01 2.478646954232357036e+00
5.000000000000000000e-01 2.472520152813812544e+00
5.200000000000000178e-01 2.466312012721173286e+00
5.400000000000000355e-01 2.460023933119086514e+00
5.600000000000000533e-01 2.453657316292916502e+00
5.799999999999999600e-01 2.447213574695203953e+00
5.999999999999999778e-01 2.440694122385098197e+00
6.199999999999999956e-01 2.434100382340611546e+00
6.400000000000000133e-01 2.427433777661561987e+00
6.600000000000000311e-01 2.420695739142411540e+00
6.800000000000000488e-01 2.413887696250230253e+00
7.000000000000000666e-01 2.407011084952985325e+00
7.199999999999999734e-01 2.400067338478828027e+00
7.399999999999999911e-01 2.393057895395373613e+00
7.600000000000000089e-01 2.385984190159862184e+00
7.800000000000000266e-01 2.378847661444828177e+00
8.000000000000000444e-01 2.371649742485062884e+00
8.200000000000000622e-01 2.364391869645322330e+00
8.399999999999999689e-01 2.357075472572475849e+00
8.599999999999999867e-01 2.349701983000711980e+00
8.800000000000000044e-01 2.342272824714574320e+00
9.000000000000000222e-01 2.334789422587143282e+00
9.200000000000000400e-01 2.327253192361597556e+00
9.400000000000000577e-01 2.319665549917639069e+00
9.599999999999999645e-01 2.312027900877108078e+00
9.799999999999999822e-01 2.304341650093868044e+00
1.000000000000000000e+00 2.296608191090580231e+00
1.020000000000000018e+00 2.288828915766975225e+00
1.040000000000000036e+00 2.281005203673246218e+00
1.060000000000000053e+00 2.273138431931557069e+00
1.080000000000000071e+00 2.265229964352752479e+00
1.100000000000000089e+00 2.257281161565690919e+00
1.120000000000000107e+00 2.249293369982671376e+00
1.140000000000000124e+00 2.241267932131020491e+00
1.159999999999999920e+00 2.233206175473679167e+00
1.179999999999999938e+00 2.225109422937249004e+00
1.199999999999999956e+00 2.216978981593082043e+00
1.219999999999999973e+00 2.208816153375867231e+00
1.239999999999999991e+00 2.200622223631423680e+00
1.260000000000000009e+00 2.192398472019672084e+00
1.280000000000000027e+00 2.184146160934473002e+00
1.300000000000000044e+00 2.175866546584669159e+00
1.320000000000000062e+00 2.167560867292058102e+00
1.340000000000000080e+00 2.159230354743982172e+00
1.360000000000000098e+00 2.150876222174782804e+00
1.380000000000000115e+00 2.142499675783295476e+00
1.400000000000000133e+00 2.134101902803762218e+00
1.419999999999999929e+00 2.125684083081412989e+00
1.439999999999999947e+00 2.117247377038205869e+00
1.459999999999999964e+00 2.108792937399531997e+00
1.479999999999999982e+00 2.100321897060735576e+00
1.500000000000000000e+00 2.091835380957815627e+00
1.520000000000000018e+00 2.083334493840177881e+00
1.540000000000000036e+00 2.074820332278063173e+00
1.560000000000000053e+00 2.066293972347490016e+00
1.580000000000000071e+00 2.057756481767058165e+00
1.600000000000000089e+00 2.049208907500560617e+00
1.620000000000000107e+00 2.040652288015696314e+00
1.640000000000000124e+00 2.032087640810335660e+00
1.660000000000000142e+00 2.023515974785536020e+00
1.679999999999999938e+00 2.014938277701078917e+00
1.699999999999999956e+00 2.006355528655105136e+00
1.719999999999999973e+00 1.997768685474952566e+00
1.739999999999999991e+00 1.989178697295646225e+00
1.760000000000000009e+00 1.980586491891763945e+00
1.780000000000000027e+00 1.971992988346897846e+00
1.800000000000000044e+00 1.963399084332700051e+00
1.820000000000000062e+00 1.954805668861378187e+00
1.840000000000000080e+00 1.946213609517778220e+00
1.860000000000000098e+00 1.937623765286908606e+00
1.880000000000000115e+00 1.929036973745301697e+00
1.900000000000000133e+00 1.920454063955503443e+00
1.919999999999999929e+00 1.911875843622708349e+00
1.939999999999999947e+00 1.903303112048116530e+00
1.959999999999999964e+00 1.894736647257202700e+00
1.979999999999999982e+00 1.886177219003746242e+00
2.000000000000000000e+00 1.877625575875919717e+00
2.020000000000000018e+00 1.869082458342794961e+00
2.040000000000000036e+00 1.860548585844721048e+00
2.060000000000000053e+00 1.852024669874075880e+00
2.080000000000000071e+00 1.843511401056248999e+00
2.100000000000000089e+00 1.835009462256360857e+00
2.120000000000000107e+00 1.826519515657506920e+00
2.140000000000000124e+00 1.818042215885118384e+00
2.160000000000000142e+00 1.809578197088960172e+00
2.180000000000000160e+00 1.801128086076799750e+00
2.200000000000000178e+00 1.792692489406957357e+00
2.220000000000000195e+00 1.784272006522925613e+00
2.240000000000000213e+00 1.775867216863120657e+00
2.260000000000000231e+00 1.767478692988092126e+00
2.280000000000000249e+00 1.759106987714408321e+00
2.300000000000000266e+00 1.750752647226063718e+00
2.319999999999999840e+00 1.742416198239324698e+00
2.339999999999999858e+00 1.734098161089949297e+00
2.359999999999999876e+00 1.725799036936064512e+00
2.379999999999999893e+00 1.717519320812795680e+00
2.399999999999999911e+00 1.709259488880149780e+00
2.419999999999999929e+00 1.701020011436647161e+00
2.439999999999999947e+00 1.692801340219451944e+00
2.459999999999999964e+00 1.684603921368566404e+00
2.479999999999999982e+00 1.676428182786343868e+00
2.500000000000000000e+00 1.668274547043842704e+00
2.520000000000000018e+00 1.660143418807074278e+00
2.540000000000000036e+00 1.652035197677093503e+00
2.560000000000000053e+00 1.643950265690269585e+00
2.580000000000000071e+00 1.635889000083679212e+00
2.600000000000000089e+00 1.627851760876897202e+00
2.620000000000000107e+00 1.619838903554275955e+00
2.640000000000000124e+00 1.611850766735672513e+00
2.660000000000000142e+00 1.603887684767187238e+00
2.680000000000000160e+00 1.595949975488448525e+00
2.700000000000000178e+00 1.588037952723395652e+00
2.720000000000000195e+00 1.580151914151660897e+00
2.740000000000000213e+00 1.572292153690966421e+00
2.760000000000000231e+00 1.564458949480362682e+00
2.780000000000000249e+00 1.556652576145819644e+00
2.800000000000000266e+00 1.548873292902961829e+00
2.819999999999999840e+00 1.541121355697465445e+00
2.839999999999999858e+00 1.533397005435124028e+00
2.859999999999999876e+00 1.525700479988640001e+00
2.879999999999999893e+00 1.518032002562797134e+00
2.899999999999999911e+00 1.510391793559226370e+00
2.919999999999999929e+00 1.502780059084657172e+00
2.939999999999999947e+00 1.495197002665222152e+00
2.959999999999999964e+00 1.487642813905653227e+00
2.979999999999999982e+00 1.480117680044758632e+00
3.000000000000000000e+00 1.472621774773573700e+00
3.020000000000000018e+00 1.465155269623614531e+00
3.040000000000000036e+00 1.457718322951938816e+00
3.060000000000000053e+00 1.450311091153781984e+00
3.080000000000000071e+00 1.442933717822651563e+00
3.100000000000000089e+00 1.435586344778940759e+00
3.120000000000000107e+00 1.428269101413092601e+00
3.140000000000000124e+00 1.420982115521813416e+00
3.160000000000000142e+00 1.413725502842490434e+00
3.180000000000000160e+00 1.406499377688602337e+00
3.200000000000000178e+00 1.399303842683505827e+00
3.220000000000000195e+00 1.392138999186685044e+00
3.240000000000000213e+00 1.385004937235113420e+00
3.260000000000000231e+00 1.377901745751967777e+00
3.280000000000000249e+00 1.370829502703760472e+00
3.300000000000000266e+00 1.363788285083131324e+00
3.320000000000000284e+00 1.356778159290032093e+00
3.339999999999999858e+00 1.349799190880226929e+00
3.359999999999999876e+00 1.342851435178759933e+00
3.379999999999999893e+00 1.335934946785790167e+00
3.399999999999999911e+00 1.329049770430692279e+00
3.419999999999999929e+00 1.322195950226835448e+00
3.439999999999999947e+00 1.315373520774583138e+00
3.459999999999999964e+00 1.308582516156692854e+00
3.479999999999999982e+00 1.301822961298560788e+00
3.500000000000000000e+00 1.295094880695854656e+00
3.520000000000000018e+00 1.288398290040351668e+00
3.540000000000000036e+00 1.281733204671448023e+00
3.560000000000000053e+00 1.275099631475973050e+00
3.580000000000000071e+00 1.268497577055192060e+00
3.600000000000000089e+00 1.261927039906988846e+00
3.620000000000000107e+00 1.255388018300003239e+00
3.640000000000000124e+00 1.248880502746571919e+00
3.660000000000000142e+00 1.242404483575660912e+00
3.680000000000000160e+00 1.235959943704962649e+00
3.700000000000000178e+00 1.229546865904232344e+00
3.720000000000000195e+00 1.223165225875013418e+00
3.740000000000000213e+00 1.216814999196017544e+00
3.760000000000000231e+00 1.210496154718868844e+00
3.780000000000000249e+00 1.204208661187189389e+00
3.800000000000000266e+00 1.197952480956820720e+00
3.820000000000000284e+00 1.191727576280237955e+00
3.839999999999999858e+00 1.185533903359710095e+00
3.859999999999999876e+00 1.179371418288668982e+00
3.879999999999999893e+00 1.173240071446281174e+00
3.899999999999999911e+00 1.167139813087407330e+00
3.919999999999999929e+00 1.161070588087054434e+00
3.939999999999999947e+00 1.155032341170554977e+00
3.959999999999999964e+00 1.149025012016382519e+00
3.979999999999999982e+00 1.143048540118185796e+00
4.000000000000000000e+00 1.137102860254462611e+00
4.020000000000000462e+00 1.131187906974049140e+00
4.040000000000000036e+00 1.125303610441156454e+00
4.060000000000000497e+00 1.119449900535963272e+00
4.080000000000000071e+00 1.113626703083493430e+00
4.099999999999999645e+00 1.107833943560937673e+00
4.120000000000000107e+00 1.102071543718875724e+00
4.139999999999999680e+00 1.096339424886943137e+00
4.160000000000000142e+00 1.090637504995931373e+00
4.179999999999999716e+00 1.084965701473391997e+00
4.200000000000000178e+00 1.079323928675128386e+00
4.219999999999999751e+00 1.073712100362364419e+00
4.240000000000000213e+00 1.068130127551152553e+00
4.259999999999999787e+00 1.062577920562699729e+00
4.280000000000000249e+00 1.057055387299210114e+00
4.299999999999999822e+00 1.051562434858988038e+00
4.320000000000000284e+00 1.046098968247260341e+00
4.339999999999999858e+00 1.040664891547607329e+00
4.360000000000000320e+00 1.035260107076348302e+00
4.379999999999999893e+00 1.029884516101875258e+00
4.400000000000000355e+00 1.024538018451126797e+00
4.419999999999999929e+00 1.019220512768436837e+00
4.440000000000000391e+00 1.013931896582618286e+00
4.459999999999999964e+00 1.008672066096915287e+00
4.480000000000000426e+00 1.003440916725287790e+00
4.500000000000000000e+00 9.982383424049606768e-01
4.520000000000000462e+00 9.930642366105189023e-01
4.540000000000000036e+00 9.879184911806336844e-01
4.560000000000000497e+00 9.828009978184971684e-01
4.580000000000000071e+00 9.777116464242754379e-01
4.600000000000000533e+00 9.726503270904908183e-01
4.620000000000000107e+00 9.676169279317144989e-01
4.639999999999999680e+00 9.626113375835063657e-01
4.660000000000000142e+00 9.576334425208568035e-01
4.679999999999999716e+00 9.526831300692841786e-01
4.700000000000000178e+00 9.477602852035410530e-01
4.719999999999999751e+00 9.428647940794978588e-01
4.740000000000000213e+00 9.379965403045757988e-01
4.759999999999999787e+00 9.331554089990643508e-01
4.780000000000000249e+00 9.283412825297571169e-01
4.799999999999999822e+00 9.235540451093481318e-01
4.820000000000000284e+00 9.187935779847244966e-01
4.839999999999999858e+00 9.140597645830962348e-01
4.860000000000000320e+00 9.093524851464011016e-01
4.879999999999999893e+00 9.046716224328256173e-01
4.900000000000000355e+00 9.000170557887485767e-01
4.919999999999999929e+00 8.953886674143548552e-01
4.940000000000000391e+00 8.907863358645125018e-01
4.959999999999999964e+00 8.862099428871820228e-01
4.980000000000000426e+00 8.816593663446138374e-01
5.000000000000000000e+00 8.771344876332805018e-01
5.020000000000000462e+00 8.726351840167607676e-01
5.040000000000000036e+00 8.681613366359312023e-01
5.060000000000000497e+00 8.637128222448727799e-01
5.080000000000000071e+00 8.592895218200927721e-01
5.100000000000000533e+00 8.548913116907764786e-01
5.120000000000000107e+00 8.505180727558168119e-01
5.139999999999999680e+00 8.461696809996913649e-01
5.160000000000000142e+00 8.418460173261275159e-01
5.179999999999999716e+00 8.375469574508702664e-01
5.200000000000000178e+00 8.332723823607999236e-01
5.219999999999999751e+00 8.290221675748347119e-01
5.240000000000000213e+00 8.247961942373664979e-01
5.259999999999999787e+00 8.205943377384967707e-01
5.280000000000000249e+00 8.164164794506767464e-01
5.299999999999999822e+00 8.122624946994685402e-01
5.320000000000000284e+00 8.081322651522830913e-01
5.339999999999999858e+00 8.040256661308291530e-01
5.360000000000000320e+00 7.999425796608914396e-01
5.379999999999999893e+00 7.958828811175586715e-01
5.400000000000000355e+00 7.918464529450454092e-01
5.419999999999999929e+00 7.878331706257701850e-01
5.440000000000000391e+00 7.838429170792191591e-01
5.459999999999999964e+00 7.798755679459269397e-01
5.480000000000000426e+00 7.759310066744161682e-01
5.500000000000000000e+00 7.720091091110975468e-01
5.520000000000000462e+00 7.681097592843564303e-01
5.540000000000000036e+00 7.642328332913238542e-01
5.560000000000000497e+00 7.603782157882585935e-01
5.580000000000000071e+00 7.565457831650989062e-01
5.600000000000000533e+00 7.527354207512719775e-01
5.620000000000000107e+00 7.489470052689450874e-01
5.639999999999999680e+00 7.451804227634474254e-01
5.660000000000000142e+00 7.414355503260502411e-01
5.679999999999999716e+00 7.377122747582501860e-01
5.700000000000000178e+00 7.340104735548529380e-01
5.719999999999999751e+00 7.303300343114285109e-01
5.740000000000000213e+00 7.266708349584445337e-01
5.759999999999999787e+00 7.230327639211933111e-01
5.780000000000000249e+00 7.194156995956787481e-01
5.799999999999999822e+00 7.158195312704203062e-01
5.820000000000000284e+00 7.122441378347308394e-01
5.839999999999999858e+00 7.086894094718027004e-01
5.860000000000000320e+00 7.051552255899681265e-01
5.879999999999999893e+00 7.016414772965829938e-01
5.900000000000000355e+00 6.981480445427938886e-01
5.919999999999999929e+00 6.946748193877319011e-01
5.940000000000000391e+00 6.912216823472759897e-01
5.959999999999999964e+00 6.877885264581692359e-01
5.980000000000000426e+00 6.843752328211812896e-01
6.000000000000000000e+00 6.809816954747984763e-01
6.020000000000000462e+00 6.776077961231392610e-01
6.040000000000000036e+00 6.742534298289363237e-01
6.060000000000000497e+00 6.709184789165166807e-01
6.080000000000000071e+00 6.676028394938307020e-01
6.100000000000000533e+00 6.643063945206985066e-01
6.120000000000000107e+00 6.610290411697872237e-01
6.140000000000000568e+00 6.577706630502657692e-01
6.160000000000000142e+00 6.545311584175997899e-01
6.179999999999999716e+00 6.513104115427345020e-01
6.200000000000000178e+00 6.481083217807026564e-01
6.219999999999999751e+00 6.449247740753253355e-01
6.240000000000000213e+00 6.417596688966935581e-01
6.259999999999999787e+00 6.386128918713315228e-01
6.280000000000000249e+00 6.354843445986761985e-01
6.299999999999999822e+00 6.323739133965656789e-01
6.320000000000000284e+00 6.292815010069260362e-01
6.339999999999999858e+00 6.262069944463652948e-01
6.360000000000000320e+00 6.231502976113482140e-01
6.379999999999999893e+00 6.201112982236162141e-01
6.400000000000000355e+00 6.170899013451975890e-01
6.419999999999999929e+00 6.140859954082604766e-01
6.440000000000000391e+00 6.110994866504392276e-01
6.459999999999999964e+00 6.081302642186513507e-01
6.480000000000000426e+00 6.051782355352464116e-01
6.500000000000000000e+00 6.022432904652437191e-01
6.520000000000000462e+00 5.993253376239393582e-01
6.540000000000000036e+00 5.964242675969179119e-01
6.560000000000000497e+00 5.935399901998167360e-01
6.580000000000000071e+00 5.906723967403785247e-01
6.600000000000000533e+00 5.878213982411925054e-01
6.620000000000000107e+00 5.849868867329450772e-01
6.640000000000000568e+00 5.821687744510359863e-01
6.660000000000000142e+00 5.793669541490991115e-01
6.679999999999999716e+00 5.765813392804916004e-01
6.700000000000000178e+00 5.738118233210699470e-01
6.719999999999999751e+00 5.710583209466397747e-01
6.740000000000000213e+00 5.683207263538401222e-01
6.759999999999999787e+00 5.655989554447785617e-01
6.780000000000000249e+00 5.628929031347905676e-01
6.799999999999999822e+00 5.602024865555468303e-01
6.820000000000000284e+00 5.575276013383417828e-01
6.839999999999999858e+00 5.548681658471116274e-01
6.860000000000000320e+00 5.522240764257936307e-01
6.879999999999999893e+00 5.495952526727629905e-01
6.900000000000000355e+00 5.469815916406975953e-01
6.919999999999999929e+00 5.443830141640935150e-01
6.940000000000000391e+00 5.417994179999466864e-01
6.959999999999999964e+00 5.392307252200790879e-01
6.980000000000000426e+00 5.366768342808584391e-01
7.000000000000000000e+00 5.341376684922131135e-01
7.020000000000000462e+00 5.316131270044609503e-01
7.040000000000000036e+00 5.291031343660076436e-01
7.060000000000000497e+00 5.266075904152278664e-01
7.080000000000000071e+00 5.241264209389836504e-01
7.100000000000000533e+00 5.216595264574021007e-01
7.120000000000000107e+00 5.192068339954304390e-01
7.140000000000000568e+00 5.167682447482075947e-01
7.160000000000000142e+00 5.143436869780627640e-01
7.179999999999999716e+00 5.119330625480379426e-01
7.200000000000000178e+00 5.095363009568230073e-01
7.219999999999999751e+00 5.071533047278774520e-01
7.240000000000000213e+00 5.047840045949447685e-01
7.259999999999999787e+00 5.024283037340778746e-01
7.280000000000000249e+00 5.000861341125018011e-01
7.299999999999999822e+00 4.977573995506925364e-01
7.320000000000000284e+00 4.954420332475344413e-01
7.339999999999999858e+00 4.931399396594762785e-01
7.360000000000000320e+00 4.908510532150095473e-01
7.379999999999999893e+00 4.885752789977857447e-01
7.400000000000000355e+00 4.863125526636399298e-01
7.419999999999999929e+00 4.840627799144027188e-01
7.440000000000000391e+00 4.818258976308061325e-01
7.459999999999999964e+00 4.796018121235496867e-01
7.480000000000000426e+00 4.773904614956325787e-01
7.500000000000000000e+00 4.751917526570966221e-01
7.520000000000000462e+00 4.730056249304167015e-01
7.540000000000000036e+00 4.708319858152058557e-01
7.560000000000000497e+00 4.686707758504791155e-01
7.580000000000000071e+00 4.665219031154346219e-01
7.600000000000000533e+00 4.643853093625627815e-01
7.620000000000000107e+00 4.622609032404587093e-01
7.640000000000000568e+00 4.601486277119110069e-01
7.660000000000000142e+00 4.580483919845261820e-01
7.679999999999999716e+00 4.559601402281104887e-01
7.700000000000000178e+00 4.538837821987167787e-01
7.719999999999999751e+00 4.518192632697874411e-01
7.740000000000000213e+00 4.497664937351014136e-01
7.759999999999999787e+00 4.477254201682917545e-01
7.780000000000000249e+00 4.456959533899585990e-01
7.799999999999999822e+00 4.436780411704078775e-01
7.820000000000000284e+00 4.416715948460298025e-01
7.839999999999999858e+00 4.396765633802279249e-01
7.860000000000000320e+00 4.376928586139983701e-01
7.879999999999999893e+00 4.357204307002211507e-01
7.900000000000000355e+00 4.337591919731958456e-01
7.919999999999999929e+00 4.318090937716275168e-01
7.940000000000000391e+00 4.298700489116771828e-01
7.959999999999999964e+00 4.279420099141959533e-01
7.980000000000000426e+00 4.260248900656654625e-01
8.000000000000000000e+00 4.241186430653870465e-01
8.019999999999999574e+00 4.222231826585027270e-01
8.040000000000000924e+00 4.203384637190586415e-01
8.060000000000000497e+00 4.184644004391122607e-01
8.080000000000000071e+00 4.166009488637520408e-01
8.099999999999999645e+00 4.147480236200959403e-01
8.120000000000000995e+00 4.129055819205772471e-01
8.140000000000000568e+00 4.110735388154522774e-01
8.160000000000000142e+00 4.092518526808194279e-01
8.179999999999999716e+00 4.074404389780495461e-01
8.199999999999999289e+00 4.056392572432468424e-01
8.220000000000000639e+00 4.038482233368216878e-01
8.240000000000000213e+00 4.020672979512577294e-01
8.259999999999999787e+00 4.002963973338327652e-01
8.279999999999999361e+00 3.985354833298199728e-01
8.300000000000000711e+00 3.967844725611512358e-01
8.320000000000000284e+00 3.950433280223452637e-01
8.339999999999999858e+00 3.933119666976868101e-01
8.359999999999999432e+00 3.915903527274389173e-01
8.380000000000000782e+00 3.898784034459221726e-01
8.400000000000000355e+00 3.881760841356909908e-01
8.419999999999999929e+00 3.864833124686986587e-01
8.439999999999999503e+00 3.848000548664039511e-01
8.460000000000000853e+00 3.831262293259650176e-01
8.480000000000000426e+00 3.814618034044218176e-01
8.500000000000000000e+00 3.798066954116464666e-01
8.519999999999999574e+00 3.781608740370064892e-01
8.540000000000000924e+00 3.765242578905729220e-01
8.560000000000000497e+00 3.748968167908611204e-01
8.580000000000000071e+00 3.732784696355719856e-01
8.599999999999999645e+00 3.716691873692588022e-01
8.620000000000000995e+00 3.700688891646742862e-01
8.640000000000000568e+00 3.684775470893857929e-01
8.660000000000000142e+00 3.668950805785612390e-01
8.679999999999999716e+00 3.653214628198468428e-01
8.700000000000001066e+00 3.637566134981821686e-01
8.720000000000000639e+00 3.622005069184445203e-01
8.740000000000000213e+00 3.606530630026524298e-01
8.759999999999999787e+00 3.591142571701543273e-01
8.779999999999999361e+00 3.575840095673621932e-01
8.800000000000000711e+00 3.560622967254317706e-01
8.820000000000000284e+00 3.545490390024277905e-01
8.839999999999999858e+00 3.530442140387578531e-01
8.859999999999999432e+00 3.515477423914026289e-01
8.880000000000000782e+00 3.500596028075610433e-01
8.900000000000000355e+00 3.485797160303568676e-01
8.919999999999999929e+00 3.471080619114134125e-01
8.939999999999999503e+00 3.456445613672369799e-01
8.960000000000000853e+00 3.441891953516296732e-01
8.980000000000000426e+00 3.427418849416674629e-01
9.000000000000000000e+00 3.413026121911926225e-01
9.019999999999999574e+00 3.398712983250519182e-01
9.040000000000000924e+00 3.384479264951026911e-01
9.060000000000000497e+00 3.370324180611306009e-01
9.080000000000000071e+00 3.356247572710801541e-01
9.099999999999999645e+00 3.342248656068699253e-01
9.120000000000000995e+00 3.328327284107276962e-01
9.140000000000000568e+00 3.314482672738475189e-01
9.160000000000000142e+00 3.300714686310659562e-01
9.179999999999999716e+00 3.287022541700024836e-01
9.200000000000001066e+00 3.273406114165452463e-01
9.220000000000000639e+00 3.259864621418804287e-01
9.240000000000000213e+00 3.246397949614801548e-01
9.259999999999999787e+00 3.233005317172562010e-01
9.279999999999999361e+00 3.219686621129441151e-01
9.300000000000000711e+00 3.206441080482949624e-01
9.320000000000000284e+00 3.193268603141119488e-01
9.339999999999999858e+00 3.180168408551207193e-01
9.359999999999999432e+00 3.167140415481169424e-01
9.380000000000000782e+00 3.154183843699125411e-01
9.400000000000000355e+00 3.141298622823237574e-01
9.419999999999999929e+00 3.128483972813976277e-01
9.439999999999999503e+00 3.115739834131570629e-01
9.460000000000000853e+00 3.103065426799606619e-01
9.480000000000000426e+00 3.090460702113426716e-01
9.500000000000000000e+00 3.077924880031105426e-01
9.519999999999999574e+00 3.065457922677288782e-01
9.540000000000000924e+00 3.053059049815566861e-01
9.560000000000000497e+00 3.040728234395287388e-01
9.580000000000000071e+00 3.028464695856964428e-01
9.599999999999999645e+00 3.016268417971498250e-01
9.620000000000000995e+00 3.004138619727133031e-01
