# Electrodo circular de radio 6 mm y espesor 710.0 um.
# Volumen de simulacion (convencion z,y,x):
# N: 1024 x 1024 x 1024 | voxelSize:  0.02mm x 0.02mm x 0.02mm | FOV:  20.48mm x 20.48mm x 20.48mm
# 
# z [mm]		 delta[ppm]
0.000000000000000000e+00 2.370012755085681100e+00
2.000000000000000042e-02 2.367602468497539192e+00
4.000000000000000083e-02 2.365118705958544787e+00
5.999999999999999778e-02 2.362561864516169674e+00
8.000000000000000167e-02 2.359932347925867369e+00
1.000000000000000056e-01 2.357230573720675348e+00
1.199999999999999956e-01 2.354456968329387223e+00
1.400000000000000133e-01 2.351611970424970721e+00
1.600000000000000033e-01 2.348696026816134985e+00
1.799999999999999933e-01 2.345709596282342879e+00
2.000000000000000111e-01 2.342653145295025663e+00
2.200000000000000011e-01 2.339527151991353193e+00
2.399999999999999911e-01 2.336332101821025020e+00
2.600000000000000089e-01 2.333068491620706286e+00
2.800000000000000266e-01 2.329736825125305444e+00
2.999999999999999889e-01 2.326337617176670314e+00
3.200000000000000067e-01 2.322871389086808680e+00
3.400000000000000244e-01 2.319338672993556560e+00
3.599999999999999867e-01 2.315740007062020211e+00
3.800000000000000044e-01 2.312075939995380303e+00
4.000000000000000222e-01 2.308347026072701258e+00
4.199999999999999845e-01 2.304553829817709953e+00
4.400000000000000022e-01 2.300696920870460183e+00
4.600000000000000200e-01 2.296776878815453671e+00
4.799999999999999822e-01 2.292794287888498594e+00
5.000000000000000000e-01 2.288749741963798545e+00
5.200000000000000178e-01 2.284643839097013629e+00
5.400000000000000355e-01 2.280477186670386569e+00
5.600000000000000533e-01 2.276250395774580326e+00
5.799999999999999600e-01 2.271964086510175562e+00
5.999999999999999778e-01 2.267618882210715281e+00
6.199999999999999956e-01 2.263215414898622768e+00
6.400000000000000133e-01 2.258754319352656470e+00
6.600000000000000311e-01 2.254236238715879637e+00
6.800000000000000488e-01 2.249661818410733094e+00
7.000000000000000666e-01 2.245031711896477766e+00
7.199999999999999734e-01 2.240346574435509108e+00
7.399999999999999911e-01 2.235607068997462310e+00
7.600000000000000089e-01 2.230813859880406813e+00
7.800000000000000266e-01 2.225967618758637023e+00
8.000000000000000444e-01 2.221069018162688646e+00
8.200000000000000622e-01 2.216118737667624572e+00
8.399999999999999689e-01 2.211117457235856953e+00
8.599999999999999867e-01 2.206065863542626015e+00
8.800000000000000044e-01 2.200964643185812086e+00
9.000000000000000222e-01 2.195814489145115456e+00
9.200000000000000400e-01 2.190616093863104741e+00
9.400000000000000577e-01 2.185370155834519323e+00
9.599999999999999645e-01 2.180077372562922111e+00
9.799999999999999822e-01 2.174738447276390652e+00
1.000000000000000000e+00 2.169354081764254261e+00
1.020000000000000018e+00 2.163924983215290698e+00
1.040000000000000036e+00 2.158451856939131552e+00
1.060000000000000053e+00 2.152935413323000535e+00
1.080000000000000071e+00 2.147376360442415866e+00
1.100000000000000089e+00 2.141775411132364138e+00
1.120000000000000107e+00 2.136133275492079875e+00
1.140000000000000124e+00 2.130450668066410369e+00
1.159999999999999920e+00 2.124728300249504542e+00
1.179999999999999938e+00 2.118966887572029556e+00
1.199999999999999956e+00 2.113167142008693045e+00
1.219999999999999973e+00 2.107329779366865274e+00
1.239999999999999991e+00 2.101455511502899665e+00
1.260000000000000009e+00 2.095545053807611691e+00
1.280000000000000027e+00 2.089599117336481182e+00
1.300000000000000044e+00 2.083618416387296168e+00
1.320000000000000062e+00 2.077603660549386166e+00
1.340000000000000080e+00 2.071555562368647241e+00
1.360000000000000098e+00 2.065474829321022998e+00
1.380000000000000115e+00 2.059362171560032984e+00
1.400000000000000133e+00 2.053218293819775830e+00
1.419999999999999929e+00 2.047043903239964990e+00
1.439999999999999947e+00 2.040839701203822631e+00
1.459999999999999964e+00 2.034606391235521894e+00
1.479999999999999982e+00 2.028344670778393866e+00
1.500000000000000000e+00 2.022055239159577411e+00
1.520000000000000018e+00 2.015738789314045487e+00
1.540000000000000036e+00 2.009396015811141467e+00
1.560000000000000053e+00 2.003027606529986127e+00
1.580000000000000071e+00 1.996634250742527428e+00
1.600000000000000089e+00 1.990216630745928139e+00
1.620000000000000107e+00 1.983775429996639472e+00
1.640000000000000124e+00 1.977311324705457229e+00
1.660000000000000142e+00 1.970824992017037092e+00
1.679999999999999938e+00 1.964317101573353375e+00
1.699999999999999956e+00 1.957788323732988500e+00
1.719999999999999973e+00 1.951239321108802827e+00
1.739999999999999991e+00 1.944670756821217594e+00
1.760000000000000009e+00 1.938083286015978679e+00
1.780000000000000027e+00 1.931477564145557269e+00
1.800000000000000044e+00 1.924854238472943457e+00
1.820000000000000062e+00 1.918213956375222740e+00
1.840000000000000080e+00 1.911557356839389765e+00
1.860000000000000098e+00 1.904885078782054597e+00
1.880000000000000115e+00 1.898197752543322459e+00
1.900000000000000133e+00 1.891496008216539293e+00
1.919999999999999929e+00 1.884780467146307981e+00
1.939999999999999947e+00 1.878051750262090591e+00
1.959999999999999964e+00 1.871310469586533243e+00
1.979999999999999982e+00 1.864557236566622533e+00
2.000000000000000000e+00 1.857792653598548505e+00
2.020000000000000018e+00 1.851017322350069438e+00
2.040000000000000036e+00 1.844231835308170142e+00
2.060000000000000053e+00 1.837436784086214026e+00
2.080000000000000071e+00 1.830632751000709435e+00
2.100000000000000089e+00 1.823820317356752430e+00
2.120000000000000107e+00 1.817000055060295827e+00
2.140000000000000124e+00 1.810172534875289507e+00
2.160000000000000142e+00 1.803338318077883473e+00
2.180000000000000160e+00 1.796497964678625436e+00
2.200000000000000178e+00 1.789652025125089141e+00
2.220000000000000195e+00 1.782801048482411499e+00
2.240000000000000213e+00 1.775945574190882503e+00
2.260000000000000231e+00 1.769086140198045776e+00
2.280000000000000249e+00 1.762223274777835247e+00
2.300000000000000266e+00 1.755357504607395702e+00
2.319999999999999840e+00 1.748489346654412468e+00
2.339999999999999858e+00 1.741619316191737932e+00
2.359999999999999876e+00 1.734747918759613983e+00
2.379999999999999893e+00 1.727875658111137191e+00
2.399999999999999911e+00 1.721003028256103295e+00
2.419999999999999929e+00 1.714130521330286872e+00
2.439999999999999947e+00 1.707258619727719084e+00
2.459999999999999964e+00 1.700387803886680649e+00
2.479999999999999982e+00 1.693518544517248259e+00
2.500000000000000000e+00 1.686651310296869655e+00
2.520000000000000018e+00 1.679786560200072776e+00
2.540000000000000036e+00 1.672924751096421581e+00
2.560000000000000053e+00 1.666066330189330147e+00
2.580000000000000071e+00 1.659211742509141274e+00
2.600000000000000089e+00 1.652361423468035495e+00
2.620000000000000107e+00 1.645515806240943402e+00
2.640000000000000124e+00 1.638675314443577724e+00
2.660000000000000142e+00 1.631840369393816159e+00
2.680000000000000160e+00 1.625011382919959280e+00
2.700000000000000178e+00 1.618188764495179122e+00
2.720000000000000195e+00 1.611372914183118121e+00
2.740000000000000213e+00 1.604564229637955419e+00
2.760000000000000231e+00 1.597763099194546621e+00
2.780000000000000249e+00 1.590969908726605375e+00
2.800000000000000266e+00 1.584185034888581756e+00
2.819999999999999840e+00 1.577408851824441349e+00
2.839999999999999858e+00 1.570641724568547337e+00
2.859999999999999876e+00 1.563884015597457822e+00
2.879999999999999893e+00 1.557136078397115098e+00
2.899999999999999911e+00 1.550398263850025105e+00
2.919999999999999929e+00 1.543670913976142867e+00
2.939999999999999947e+00 1.536954368147742001e+00
2.959999999999999964e+00 1.530248957011390187e+00
2.979999999999999982e+00 1.523555008522821552e+00
3.000000000000000000e+00 1.516872842057437332e+00
3.020000000000000018e+00 1.510202774257443759e+00
3.040000000000000036e+00 1.503545113338349948e+00
3.060000000000000053e+00 1.496900164740577299e+00
3.080000000000000071e+00 1.490268225639513666e+00
3.100000000000000089e+00 1.483649590393764317e+00
3.120000000000000107e+00 1.477044545266307018e+00
3.140000000000000124e+00 1.470453373661547491e+00
3.160000000000000142e+00 1.463876351065200421e+00
3.180000000000000160e+00 1.457313750062229740e+00
3.200000000000000178e+00 1.450765835503111223e+00
3.220000000000000195e+00 1.444232869294755917e+00
3.240000000000000213e+00 1.437715105800815074e+00
3.260000000000000231e+00 1.431212796397634657e+00
3.280000000000000249e+00 1.424726185116351296e+00
3.300000000000000266e+00 1.418255512955866715e+00
3.320000000000000284e+00 1.411801013774508951e+00
3.339999999999999858e+00 1.405362918352003998e+00
3.359999999999999876e+00 1.398941450538507825e+00
3.379999999999999893e+00 1.392536831057519908e+00
3.399999999999999911e+00 1.386149273920146641e+00
3.419999999999999929e+00 1.379778989960848579e+00
3.439999999999999947e+00 1.373426183524814270e+00
3.459999999999999964e+00 1.367091055728463234e+00
3.479999999999999982e+00 1.360773801427823226e+00
3.500000000000000000e+00 1.354474612195628813e+00
3.520000000000000018e+00 1.348193673578685248e+00
3.540000000000000036e+00 1.341931167783394718e+00
3.560000000000000053e+00 1.335687271230086015e+00
3.580000000000000071e+00 1.329462156938736150e+00
3.600000000000000089e+00 1.323255992388343349e+00
3.620000000000000107e+00 1.317068941594610854e+00
3.640000000000000124e+00 1.310901163282392146e+00
3.660000000000000142e+00 1.304752812647095306e+00
3.680000000000000160e+00 1.298624039848319756e+00
3.700000000000000178e+00 1.292514991446662931e+00
3.720000000000000195e+00 1.286425809226705574e+00
3.740000000000000213e+00 1.280356631300902714e+00
3.760000000000000231e+00 1.274307591270077200e+00
3.780000000000000249e+00 1.268278818986070311e+00
3.800000000000000266e+00 1.262270440057939869e+00
3.820000000000000284e+00 1.256282576264985851e+00
3.839999999999999858e+00 1.250315345416925572e+00
3.859999999999999876e+00 1.244368861408882587e+00
3.879999999999999893e+00 1.238443234443808105e+00
3.899999999999999911e+00 1.232538570720998150e+00
3.919999999999999929e+00 1.226654973029101647e+00
3.939999999999999947e+00 1.220792540059702391e+00
3.959999999999999964e+00 1.214951367379243807e+00
3.979999999999999982e+00 1.209131546359193843e+00
4.000000000000000000e+00 1.203333165535305227e+00
4.020000000000000462e+00 1.197556309145819231e+00
4.040000000000000036e+00 1.191801058886468700e+00
4.060000000000000497e+00 1.186067492048205940e+00
4.080000000000000071e+00 1.180355683676395762e+00
4.099999999999999645e+00 1.174665704299509006e+00
4.120000000000000107e+00 1.168997622500970612e+00
4.139999999999999680e+00 1.163351502230207224e+00
4.160000000000000142e+00 1.157727405795726749e+00
4.179999999999999716e+00 1.152125390749873857e+00
4.200000000000000178e+00 1.146545513311661768e+00
4.219999999999999751e+00 1.140987824816607876e+00
4.240000000000000213e+00 1.135452375577933770e+00
4.259999999999999787e+00 1.129939210892774382e+00
4.280000000000000249e+00 1.124448375350350027e+00
4.299999999999999822e+00 1.118979908385856925e+00
4.320000000000000284e+00 1.113533849044299417e+00
4.339999999999999858e+00 1.108110231073280438e+00
4.360000000000000320e+00 1.102709088151210715e+00
4.379999999999999893e+00 1.097330448510216883e+00
4.400000000000000355e+00 1.091974340637456686e+00
4.419999999999999929e+00 1.086640787419372201e+00
4.440000000000000391e+00 1.081329812324833828e+00
4.459999999999999964e+00 1.076041433061915020e+00
4.480000000000000426e+00 1.070775668251718660e+00
4.500000000000000000e+00 1.065532530588747084e+00
4.520000000000000462e+00 1.060312034014259108e+00
4.540000000000000036e+00 1.055114186371372886e+00
4.560000000000000497e+00 1.049938997086809156e+00
4.580000000000000071e+00 1.044786469311786314e+00
4.600000000000000533e+00 1.039656608121077408e+00
4.620000000000000107e+00 1.034549412130718604e+00
4.639999999999999680e+00 1.029464882223357192e+00
4.660000000000000142e+00 1.024403012633771315e+00
4.679999999999999716e+00 1.019363800209470261e+00
4.700000000000000178e+00 1.014347234955004229e+00
4.719999999999999751e+00 1.009353309836879209e+00
4.740000000000000213e+00 1.004382010777550960e+00
4.759999999999999787e+00 9.994333270137292224e-01
4.780000000000000249e+00 9.945072405309486330e-01
4.799999999999999822e+00 9.896037369843900811e-01
4.820000000000000284e+00 9.847227945648809877e-01
4.839999999999999858e+00 9.798643954913638376e-01
4.860000000000000320e+00 9.750285142991569343e-01
4.879999999999999893e+00 9.702151299132624196e-01
4.900000000000000355e+00 9.654242133496724332e-01
4.919999999999999929e+00 9.606557403787499005e-01
4.940000000000000391e+00 9.559096786302971882e-01
4.959999999999999964e+00 9.511860008563113311e-01
4.980000000000000426e+00 9.464846714305178432e-01
5.000000000000000000e+00 9.418056602198019434e-01
5.020000000000000462e+00 9.371489284688662158e-01
5.040000000000000036e+00 9.325144432897182201e-01
5.060000000000000497e+00 9.279021629220626233e-01
5.080000000000000071e+00 9.233120518502406782e-01
5.100000000000000533e+00 9.187440654299351417e-01
5.120000000000000107e+00 9.141981656420339331e-01
5.139999999999999680e+00 9.096743050761554317e-01
5.160000000000000142e+00 9.051724433309413786e-01
5.179999999999999716e+00 9.006925303448873876e-01
5.200000000000000178e+00 8.962345234526211124e-01
5.219999999999999751e+00 8.917983700534716229e-01
5.240000000000000213e+00 8.873840253333254990e-01
5.259999999999999787e+00 8.829914342613108813e-01
5.280000000000000249e+00 8.786205499869036428e-01
5.299999999999999822e+00 8.742713151550740580e-01
5.320000000000000284e+00 8.699436809883038801e-01
5.339999999999999858e+00 8.656375879105008275e-01
5.360000000000000320e+00 8.613529853237018585e-01
5.379999999999999893e+00 8.570898115309620868e-01
5.400000000000000355e+00 8.528480142175576262e-01
5.419999999999999929e+00 8.486275296630350073e-01
5.440000000000000391e+00 8.444283039367787014e-01
5.459999999999999964e+00 8.402502713893562625e-01
5.480000000000000426e+00 8.360933765723412847e-01
5.500000000000000000e+00 8.319575519990431989e-01
5.520000000000000462e+00 8.278427407985684550e-01
5.540000000000000036e+00 8.237488737359366375e-01
5.560000000000000497e+00 8.196758926104230625e-01
5.580000000000000071e+00 8.156237265250153579e-01
5.600000000000000533e+00 8.115923160391084190e-01
5.620000000000000107e+00 8.075815886772474972e-01
5.639999999999999680e+00 8.035914838462924203e-01
5.660000000000000142e+00 7.996219275732822096e-01
5.679999999999999716e+00 7.956728581973041559e-01
5.700000000000000178e+00 7.917442003262444850e-01
5.719999999999999751e+00 7.878358913136352948e-01
5.740000000000000213e+00 7.839478544240261471e-01
5.759999999999999787e+00 7.800800261051183959e-01
5.780000000000000249e+00 7.762323283514264149e-01
5.799999999999999822e+00 7.724046967821045495e-01
5.820000000000000284e+00 7.685970521924877508e-01
5.839999999999999858e+00 7.648093294480606819e-01
5.860000000000000320e+00 7.610414482134146841e-01
5.879999999999999893e+00 7.572933426728953865e-01
5.900000000000000355e+00 7.535649314264308840e-01
5.919999999999999929e+00 7.498561480474451590e-01
5.940000000000000391e+00 7.461669101349647226e-01
5.959999999999999964e+00 7.424971507194607634e-01
5.980000000000000426e+00 7.388467864605466895e-01
6.000000000000000000e+00 7.352157499114966299e-01
6.020000000000000462e+00 7.316039568517845870e-01
6.040000000000000036e+00 7.280113394210774302e-01
6.060000000000000497e+00 7.244378125758127451e-01
6.080000000000000071e+00 7.208833081035357360e-01
6.100000000000000533e+00 7.173477401926067198e-01
6.120000000000000107e+00 7.138310403378754776e-01
6.140000000000000568e+00 7.103331220125271850e-01
6.160000000000000142e+00 7.068539164761078464e-01
6.179999999999999716e+00 7.033933365374930302e-01
6.200000000000000178e+00 6.999513132763688361e-01
6.219999999999999751e+00 6.965277588861721325e-01
6.240000000000000213e+00 6.931226043202448617e-01
6.259999999999999787e+00 6.897357612035427410e-01
6.280000000000000249e+00 6.863671604147074667e-01
6.299999999999999822e+00 6.830167130552583510e-01
6.320000000000000284e+00 6.796843499789615439e-01
6.339999999999999858e+00 6.763699818071208236e-01
6.360000000000000320e+00 6.730735394166661445e-01
6.379999999999999893e+00 6.697949329901049520e-01
6.400000000000000355e+00 6.665340934738466228e-01
6.419999999999999929e+00 6.632909306512643210e-01
6.440000000000000391e+00 6.600653755828791436e-01
6.459999999999999964e+00 6.568573376908957151e-01
6.480000000000000426e+00 6.536667481929344659e-01
6.500000000000000000e+00 6.504935161863331095e-01
6.520000000000000462e+00 6.473375730872111822e-01
6.540000000000000036e+00 6.441988277027212995e-01
6.560000000000000497e+00 6.410772116873272308e-01
6.580000000000000071e+00 6.379726335911121149e-01
6.600000000000000533e+00 6.348850253452329451e-01
6.620000000000000107e+00 6.318142952742773488e-01
6.640000000000000568e+00 6.287603756229768193e-01
6.660000000000000142e+00 6.257231745205227291e-01
6.679999999999999716e+00 6.227026245606789301e-01
6.700000000000000178e+00 6.196986337058856265e-01
6.719999999999999751e+00 6.167111349330277603e-01
6.740000000000000213e+00 6.137400360650350217e-01
6.759999999999999787e+00 6.107852704946618028e-01
6.780000000000000249e+00 6.078467459312059118e-01
6.799999999999999822e+00 6.049243962147435871e-01
6.820000000000000284e+00 6.020181289654864543e-01
6.839999999999999858e+00 5.991278785010332175e-01
6.860000000000000320e+00 5.962535523757745981e-01
6.879999999999999893e+00 5.933950854138110298e-01
6.900000000000000355e+00 5.905523851257254986e-01
6.919999999999999929e+00 5.877253868699254813e-01
6.940000000000000391e+00 5.849139981339914751e-01
6.959999999999999964e+00 5.821181548372892367e-01
6.980000000000000426e+00 5.793377644640287372e-01
7.000000000000000000e+00 5.765727635200977863e-01
7.020000000000000462e+00 5.738230595048174898e-01
7.040000000000000036e+00 5.710885895350905628e-01
7.060000000000000497e+00 5.683692611427323405e-01
7.080000000000000071e+00 5.656650120791121283e-01
7.100000000000000533e+00 5.629757499248583263e-01
7.120000000000000107e+00 5.603014130882648658e-01
7.140000000000000568e+00 5.576419092140471045e-01
7.160000000000000142e+00 5.549971773889226245e-01
7.179999999999999716e+00 5.523671253359642153e-01
7.200000000000000178e+00 5.497516928408719972e-01
7.219999999999999751e+00 5.471507877183834356e-01
7.240000000000000213e+00 5.445643504728429063e-01
7.259999999999999787e+00 5.419922890230128854e-01
7.280000000000000249e+00 5.394345446106758590e-01
7.299999999999999822e+00 5.368910252700670460e-01
7.320000000000000284e+00 5.343616729983652336e-01
7.339999999999999858e+00 5.318463959558565879e-01
7.360000000000000320e+00 5.293451369122630368e-01
7.379999999999999893e+00 5.268578041636416964e-01
7.400000000000000355e+00 5.243843412686229888e-01
7.419999999999999929e+00 5.219246566679357491e-01
7.440000000000000391e+00 5.194786947247461706e-01
7.459999999999999964e+00 5.170463640325509980e-01
7.480000000000000426e+00 5.146276097739491684e-01
7.500000000000000000e+00 5.122223407025435771e-01
7.520000000000000462e+00 5.098305028345639922e-01
7.540000000000000036e+00 5.074520050903237323e-01
7.560000000000000497e+00 5.050867943332134624e-01
7.580000000000000071e+00 5.027347796561242310e-01
7.600000000000000533e+00 5.003959087824951801e-01
7.620000000000000107e+00 4.980700909829949841e-01
7.640000000000000568e+00 4.957572748533821683e-01
7.660000000000000142e+00 4.934573698466103164e-01
7.679999999999999716e+00 4.911703254424338305e-01
7.700000000000000178e+00 4.888960512799752633e-01
7.719999999999999751e+00 4.866344977340782973e-01
7.740000000000000213e+00 4.843855746332940693e-01
7.759999999999999787e+00 4.821492332581114870e-01
7.780000000000000249e+00 4.799253836291673680e-01
7.799999999999999822e+00 4.777139779426206045e-01
7.820000000000000284e+00 4.755149264132754183e-01
7.839999999999999858e+00 4.733281821624779062e-01
7.860000000000000320e+00 4.711536556007318577e-01
7.879999999999999893e+00 4.689913007836048475e-01
7.900000000000000355e+00 4.668410283182906628e-01
7.919999999999999929e+00 4.647027932031476682e-01
7.940000000000000391e+00 4.625765062425417629e-01
7.959999999999999964e+00 4.604621233857443818e-01
7.980000000000000426e+00 4.583595556342736632e-01
8.000000000000000000e+00 4.562687598960118440e-01
8.019999999999999574e+00 4.541896473691393044e-01
8.040000000000000924e+00 4.521221759274356988e-01
8.060000000000000497e+00 4.500662569647928546e-01
8.080000000000000071e+00 4.480218493277841607e-01
8.099999999999999645e+00 4.459888646046256677e-01
8.120000000000000995e+00 4.439672626212045614e-01
8.140000000000000568e+00 4.419569551582481770e-01
8.160000000000000142e+00 4.399579030271230096e-01
8.179999999999999716e+00 4.379700181988500085e-01
8.199999999999999289e+00 4.359932624760952669e-01
8.220000000000000639e+00 4.340275480175682099e-01
8.240000000000000213e+00 4.320728376227327416e-01
8.259999999999999787e+00 4.301290436350018731e-01
8.279999999999999361e+00 4.281961298558243367e-01
8.300000000000000711e+00 4.262740088099745694e-01
8.320000000000000284e+00 4.243626453057793846e-01
8.339999999999999858e+00 4.224619520456846522e-01
8.359999999999999432e+00 4.205718948494989173e-01
8.380000000000000782e+00 4.186923865933392941e-01
8.400000000000000355e+00 4.168233941128244302e-01
8.419999999999999929e+00 4.149648304534129251e-01
8.439999999999999503e+00 4.131166634706129326e-01
8.460000000000000853e+00 4.112788063745943523e-01
8.480000000000000426e+00 4.094512280445882779e-01
8.500000000000000000e+00 4.076338418505636163e-01
8.519999999999999574e+00 4.058266176990742991e-01
8.540000000000000924e+00 4.040294691146931183e-01
8.560000000000000497e+00 4.022423670346763624e-01
8.580000000000000071e+00 4.004652251327507351e-01
8.599999999999999645e+00 3.986980153800357418e-01
8.620000000000000995e+00 3.969406515937131674e-01
8.640000000000000568e+00 3.951931067817295307e-01
8.660000000000000142e+00 3.934552948987825594e-01
8.679999999999999716e+00 3.917271899924224532e-01
8.700000000000001066e+00 3.900087061486957052e-01
8.720000000000000639e+00 3.882998184573484002e-01
8.740000000000000213e+00 3.866004411293963994e-01
8.759999999999999787e+00 3.849105502991972405e-01
8.779999999999999361e+00 3.832300602961575264e-01
8.800000000000000711e+00 3.815589483015011663e-01
8.820000000000000284e+00 3.798971287562451504e-01
8.839999999999999858e+00 3.782445798905854639e-01
8.859999999999999432e+00 3.766012162501889415e-01
8.880000000000000782e+00 3.749670171161759713e-01
8.900000000000000355e+00 3.733418971317352675e-01
8.919999999999999929e+00 3.717258366307131801e-01
8.939999999999999503e+00 3.701187503465336870e-01
8.960000000000000853e+00 3.685206196674507551e-01
8.980000000000000426e+00 3.669313594096749731e-01
9.000000000000000000e+00 3.653509520174205161e-01
9.019999999999999574e+00 3.637793123820924901e-01
9.040000000000000924e+00 3.622164240053002415e-01
9.060000000000000497e+00 3.606622018459252899e-01
9.080000000000000071e+00 3.591166304642738893e-01
9.099999999999999645e+00 3.575796248788699616e-01
9.120000000000000995e+00 3.560511707099198730e-01
9.140000000000000568e+00 3.545311830276271503e-01
9.160000000000000142e+00 3.530196485132090500e-01
9.179999999999999716e+00 3.515164822804660583e-01
9.200000000000001066e+00 3.500216720726349040e-01
9.220000000000000639e+00 3.485351330389634961e-01
9.240000000000000213e+00 3.470568539855896084e-01
9.259999999999999787e+00 3.455867500889635013e-01
9.279999999999999361e+00 3.441248112189406183e-01
9.300000000000000711e+00 3.426709525708364623e-01
9.320000000000000284e+00 3.412251650789581148e-01
9.339999999999999858e+00 3.397873639490729403e-01
9.359999999999999432e+00 3.383575411805820332e-01
9.380000000000000782e+00 3.369356119812413897e-01
9.400000000000000355e+00 3.355215694160835205e-01
9.419999999999999929e+00 3.341153286863449701e-01
9.439999999999999503e+00 3.327168839231809949e-01
9.460000000000000853e+00 3.313261503127101770e-01
9.480000000000000426e+00 3.299431230526205794e-01
9.500000000000000000e+00 3.285677173053052624e-01
9.519999999999999574e+00 3.271999293353060057e-01
9.540000000000000924e+00 3.258396742726515360e-01
9.560000000000000497e+00 3.244869494489744377e-01
9.580000000000000071e+00 3.231416699532842496e-01
9.599999999999999645e+00 3.218038341844903782e-01
9.620000000000000995e+00 3.204733571818806359e-01
