# Electrodo circular de radio 6 mm y espesor 710.0 um.
# Volumen de simulacion (convencion z,y,x):
# N: 1024 x 1024 x 1024 | voxelSize:  0.02mm x 0.02mm x 0.02mm | FOV:  20.48mm x 20.48mm x 20.48mm
# 
# z [mm]		 delta[ppm]
0.000000000000000000e+00 4.372060097518938093e+00
2.000000000000000042e-02 4.335242701341760707e+00
4.000000000000000083e-02 4.297853010451128775e+00
5.999999999999999778e-02 4.259938204835385989e+00
8.000000000000000167e-02 4.221544892449888842e+00
1.000000000000000056e-01 4.182719319571225114e+00
1.199999999999999956e-01 4.143507185278126670e+00
1.400000000000000133e-01 4.103953569503744347e+00
1.600000000000000033e-01 4.064102784175502414e+00
1.799999999999999933e-01 4.023998300357587432e+00
2.000000000000000111e-01 3.983682621285924430e+00
2.200000000000000011e-01 3.943197217490485684e+00
2.399999999999999911e-01 3.902582419395768110e+00
2.600000000000000089e-01 3.861877364755168074e+00
2.800000000000000266e-01 3.821119909377447943e+00
2.999999999999999889e-01 3.780346589473829511e+00
3.200000000000000067e-01 3.739592550030701457e+00
3.400000000000000244e-01 3.698891523100399148e+00
3.599999999999999867e-01 3.658275773065925662e+00
3.800000000000000044e-01 3.617776090944520462e+00
4.000000000000000222e-01 3.577421755557867566e+00
4.199999999999999845e-01 3.537240543169548612e+00
4.400000000000000022e-01 3.497258703158425686e+00
4.600000000000000200e-01 3.457500981784222827e+00
4.799999999999999822e-01 3.417990610701736820e+00
5.000000000000000000e-01 3.378749343269311201e+00
5.200000000000000178e-01 3.339797454005227095e+00
5.400000000000000355e-01 3.301153785628409221e+00
5.600000000000000533e-01 3.262835757473284470e+00
5.799999999999999600e-01 3.224859421347087363e+00
5.999999999999999778e-01 3.187239476894494938e+00
6.199999999999999956e-01 3.149989334361633642e+00
6.400000000000000133e-01 3.113121134989196293e+00
6.600000000000000311e-01 3.076645818860635817e+00
6.800000000000000488e-01 3.040573148532698333e+00
7.000000000000000666e-01 3.004911780297069068e+00
7.199999999999999734e-01 2.969669289452502969e+00
7.399999999999999911e-01 2.934852243500484015e+00
7.600000000000000089e-01 2.900466227670912556e+00
7.800000000000000266e-01 2.866515918787020389e+00
8.000000000000000444e-01 2.833005109888970807e+00
8.200000000000000622e-01 2.799936783723596889e+00
8.399999999999999689e-01 2.767313135529827051e+00
8.599999999999999867e-01 2.735135645324161757e+00
8.800000000000000044e-01 2.703405098129141315e+00
9.000000000000000222e-01 2.672121654425509085e+00
9.200000000000000400e-01 2.641284867295192740e+00
9.400000000000000577e-01 2.610893750591241957e+00
9.599999999999999645e-01 2.580946792641277021e+00
9.799999999999999822e-01 2.551442021842354357e+00
1.000000000000000000e+00 2.522377016714100861e+00
1.020000000000000018e+00 2.493748968757371287e+00
1.040000000000000036e+00 2.465554688770176028e+00
1.060000000000000053e+00 2.437790666916293869e+00
1.080000000000000071e+00 2.410453075312092963e+00
1.100000000000000089e+00 2.383537825336151439e+00
1.120000000000000107e+00 2.357040566572897511e+00
1.140000000000000124e+00 2.330956741458609649e+00
1.159999999999999920e+00 2.305281580722248425e+00
1.179999999999999938e+00 2.280010155510022507e+00
1.199999999999999956e+00 2.255137369505413769e+00
1.219999999999999973e+00 2.230658008706146056e+00
1.239999999999999991e+00 2.206566730429835310e+00
1.260000000000000009e+00 2.182858110936586105e+00
1.280000000000000027e+00 2.159526631543084108e+00
1.300000000000000044e+00 2.136566724293377906e+00
1.320000000000000062e+00 2.113972755408781268e+00
1.340000000000000080e+00 2.091739069211182134e+00
1.360000000000000098e+00 2.069859969136494726e+00
1.380000000000000115e+00 2.048329760110612963e+00
1.400000000000000133e+00 2.027142727347062134e+00
1.419999999999999929e+00 2.006293177367338032e+00
1.439999999999999947e+00 1.985775414794948901e+00
1.459999999999999964e+00 1.965583782200527763e+00
1.479999999999999982e+00 1.945712635091481735e+00
1.500000000000000000e+00 1.926156380749142416e+00
1.520000000000000018e+00 1.906909451600756977e+00
1.540000000000000036e+00 1.887966343201713748e+00
1.560000000000000053e+00 1.869321586161627247e+00
1.580000000000000071e+00 1.850969783410141067e+00
1.600000000000000089e+00 1.832905580835417547e+00
1.620000000000000107e+00 1.815123703957525647e+00
1.640000000000000124e+00 1.797618927422877766e+00
1.660000000000000142e+00 1.780386111195275234e+00
1.679999999999999938e+00 1.763420169037068108e+00
1.699999999999999956e+00 1.746716104314615992e+00
1.719999999999999973e+00 1.730268977583610868e+00
1.739999999999999991e+00 1.714073942093265801e+00
1.760000000000000009e+00 1.698126210582048490e+00
1.780000000000000027e+00 1.682421090553390508e+00
1.800000000000000044e+00 1.666953950376601323e+00
1.820000000000000062e+00 1.651720254396366716e+00
1.840000000000000080e+00 1.636715528424267596e+00
1.860000000000000098e+00 1.621935394734748348e+00
1.880000000000000115e+00 1.607375537023120637e+00
1.900000000000000133e+00 1.593031735332124166e+00
1.919999999999999929e+00 1.578899830544712835e+00
1.939999999999999947e+00 1.564975759277607459e+00
1.959999999999999964e+00 1.551255517969463371e+00
1.979999999999999982e+00 1.537735197770949691e+00
2.000000000000000000e+00 1.524410948282960199e+00
2.020000000000000018e+00 1.511279012466693272e+00
2.040000000000000036e+00 1.498335690080406124e+00
2.060000000000000053e+00 1.485577372627630455e+00
2.080000000000000071e+00 1.473000506536403797e+00
2.100000000000000089e+00 1.460601628159051923e+00
2.120000000000000107e+00 1.448377326733029991e+00
2.140000000000000124e+00 1.436324279441603124e+00
2.160000000000000142e+00 1.424439214191943304e+00
2.180000000000000160e+00 1.412718944742493488e+00
2.200000000000000178e+00 1.401160333330220942e+00
2.220000000000000195e+00 1.389760325867360757e+00
2.240000000000000213e+00 1.378515914447152158e+00
2.260000000000000231e+00 1.367424172609984279e+00
2.280000000000000249e+00 1.356482217754030328e+00
2.300000000000000266e+00 1.345687246468544096e+00
2.319999999999999840e+00 1.335036496873924339e+00
2.339999999999999858e+00 1.324527284017933626e+00
2.359999999999999876e+00 1.314156962167490228e+00
2.379999999999999893e+00 1.303922960261915343e+00
2.399999999999999911e+00 1.293822744177382189e+00
2.419999999999999929e+00 1.283853852229881465e+00
2.439999999999999947e+00 1.274013857431526286e+00
2.459999999999999964e+00 1.264300403034736675e+00
2.479999999999999982e+00 1.254711164798635536e+00
2.500000000000000000e+00 1.245243886564943114e+00
2.520000000000000018e+00 1.235896342551360716e+00
2.540000000000000036e+00 1.226666372948832961e+00
2.560000000000000053e+00 1.217551846258157155e+00
2.580000000000000071e+00 1.208550694897587041e+00
2.600000000000000089e+00 1.199660877597819919e+00
2.620000000000000107e+00 1.190880415008392479e+00
2.640000000000000124e+00 1.182207352165760783e+00
2.660000000000000142e+00 1.173639794086448251e+00
2.680000000000000160e+00 1.165175868322119834e+00
2.700000000000000178e+00 1.156813760527103829e+00
2.720000000000000195e+00 1.148551677114044489e+00
2.740000000000000213e+00 1.140387880783159336e+00
2.760000000000000231e+00 1.132320653291384760e+00
2.780000000000000249e+00 1.124348330930532436e+00
2.800000000000000266e+00 1.116469267422658174e+00
2.819999999999999840e+00 1.108681869334134706e+00
2.839999999999999858e+00 1.100984559109426497e+00
2.859999999999999876e+00 1.093375810408022675e+00
2.879999999999999893e+00 1.085854111288674373e+00
2.899999999999999911e+00 1.078417999456102505e+00
2.919999999999999929e+00 1.071066025607306571e+00
2.939999999999999947e+00 1.063796788574918661e+00
2.959999999999999964e+00 1.056608898847149369e+00
2.979999999999999982e+00 1.049501013594729804e+00
3.000000000000000000e+00 1.042471800375619262e+00
3.020000000000000018e+00 1.035519972032547198e+00
3.040000000000000036e+00 1.028644250593591769e+00
3.060000000000000053e+00 1.021843402027401426e+00
3.080000000000000071e+00 1.015116200350413278e+00
3.100000000000000089e+00 1.008461462226928118e+00
3.120000000000000107e+00 1.001878011293741766e+00
3.140000000000000124e+00 9.953647125923748007e-01
3.160000000000000142e+00 9.889204371215472023e-01
3.180000000000000160e+00 9.825440960890131636e-01
3.200000000000000178e+00 9.762346057023191248e-01
3.220000000000000195e+00 9.699909212278458037e-01
3.240000000000000213e+00 9.638120020299737467e-01
3.260000000000000231e+00 9.576968454250892604e-01
3.280000000000000249e+00 9.516444519793241241e-01
3.300000000000000266e+00 9.456538591454459741e-01
3.320000000000000284e+00 9.397241068290201893e-01
3.339999999999999858e+00 9.338542707962894651e-01
3.359999999999999876e+00 9.280434285186498489e-01
3.379999999999999893e+00 9.222906923397869994e-01
3.399999999999999911e+00 9.165951756080696899e-01
3.419999999999999929e+00 9.109560255913963234e-01
3.439999999999999947e+00 9.053723899071433046e-01
3.459999999999999964e+00 8.998434491733646734e-01
3.479999999999999982e+00 8.943683837456276597e-01
3.500000000000000000e+00 8.889464060934176848e-01
3.520000000000000018e+00 8.835767278532242752e-01
3.540000000000000036e+00 8.782585919191858714e-01
3.560000000000000053e+00 8.729912398215095015e-01
3.580000000000000071e+00 8.677739435205722440e-01
3.600000000000000089e+00 8.626059731197994740e-01
3.620000000000000107e+00 8.574866283526433319e-01
3.640000000000000124e+00 8.524152066387370441e-01
3.660000000000000142e+00 8.473910342533816920e-01
3.680000000000000160e+00 8.424134347358216424e-01
3.700000000000000178e+00 8.374817597310351136e-01
3.720000000000000195e+00 8.325953577587271726e-01
3.740000000000000213e+00 8.277536047174295364e-01
3.760000000000000231e+00 8.229558730227855001e-01
3.780000000000000249e+00 8.182015617641605898e-01
3.800000000000000266e+00 8.134900662205422073e-01
3.820000000000000284e+00 8.088208076600484908e-01
3.839999999999999858e+00 8.041932032417759002e-01
3.859999999999999876e+00 7.996066954487829337e-01
3.879999999999999893e+00 7.950607223839349924e-01
3.899999999999999911e+00 7.905547468271441058e-01
3.919999999999999929e+00 7.860882269332709615e-01
3.939999999999999947e+00 7.816606449045842009e-01
3.959999999999999964e+00 7.772714780985106042e-01
3.979999999999999982e+00 7.729202273064441631e-01
4.000000000000000000e+00 7.686063882791706048e-01
4.020000000000000462e+00 7.643294796033509586e-01
4.040000000000000036e+00 7.600890146521220858e-01
4.060000000000000497e+00 7.558845290507889558e-01
4.080000000000000071e+00 7.517155530601408175e-01
4.099999999999999645e+00 7.475816386230434984e-01
4.120000000000000107e+00 7.434823321877213065e-01
4.139999999999999680e+00 7.394172013271055333e-01
4.160000000000000142e+00 7.353858080093963467e-01
4.179999999999999716e+00 7.313877347822004271e-01
4.200000000000000178e+00 7.274225584973422754e-01
4.219999999999999751e+00 7.234898760520294125e-01
4.240000000000000213e+00 7.195892785749320453e-01
4.259999999999999787e+00 7.157203767167585884e-01
4.280000000000000249e+00 7.118827753043370787e-01
4.299999999999999822e+00 7.080760981731444303e-01
4.320000000000000284e+00 7.042999632961619572e-01
4.339999999999999858e+00 7.005540071510787392e-01
4.360000000000000320e+00 6.968378603303905239e-01
4.379999999999999893e+00 6.931511714361633381e-01
4.400000000000000355e+00 6.894935831778696844e-01
4.419999999999999929e+00 6.858647557877590728e-01
4.440000000000000391e+00 6.822643436126546446e-01
4.459999999999999964e+00 6.786920180431172955e-01
4.480000000000000426e+00 6.751474446054797074e-01
4.500000000000000000e+00 6.716303053981315108e-01
4.520000000000000462e+00 6.681402766897622802e-01
4.540000000000000036e+00 6.646770508562848123e-01
4.560000000000000497e+00 6.612403144912900599e-01
4.580000000000000071e+00 6.578297698372452817e-01
4.600000000000000533e+00 6.544451134139049886e-01
4.620000000000000107e+00 6.510860569375620521e-01
4.639999999999999680e+00 6.477523064732022551e-01
4.660000000000000142e+00 6.444435828357345519e-01
4.679999999999999716e+00 6.411596012713758341e-01
4.700000000000000178e+00 6.379000913349363033e-01
4.719999999999999751e+00 6.346647771059831245e-01
4.740000000000000213e+00 6.314533965363768875e-01
4.759999999999999787e+00 6.282656822064897062e-01
4.780000000000000249e+00 6.251013801373098699e-01
4.799999999999999822e+00 6.219602310920562260e-01
4.820000000000000284e+00 6.188419888473155606e-01
4.839999999999999858e+00 6.157464020450896802e-01
4.860000000000000320e+00 6.126732319175481889e-01
4.879999999999999893e+00 6.096222346946373882e-01
4.900000000000000355e+00 6.065931787771470241e-01
4.919999999999999929e+00 6.035858277047226883e-01
4.940000000000000391e+00 6.005999567720652355e-01
4.959999999999999964e+00 5.976353365622706360e-01
4.980000000000000426e+00 5.946917490010826812e-01
5.000000000000000000e+00 5.917689714602216711e-01
5.020000000000000462e+00 5.888667922447329284e-01
5.040000000000000036e+00 5.859849952710146637e-01
5.060000000000000497e+00 5.831233749824291657e-01
5.080000000000000071e+00 5.802817216064901640e-01
5.100000000000000533e+00 5.774598354939749489e-01
5.120000000000000107e+00 5.746575129598310294e-01
5.139999999999999680e+00 5.718745600411394570e-01
5.160000000000000142e+00 5.691107789260270167e-01
5.179999999999999716e+00 5.663659811259253996e-01
5.200000000000000178e+00 5.636399744968716430e-01
5.219999999999999751e+00 5.609325758216038293e-01
5.240000000000000213e+00 5.582435984273750318e-01
5.259999999999999787e+00 5.555728641735043771e-01
5.280000000000000249e+00 5.529201916699342245e-01
5.299999999999999822e+00 5.502854076659613458e-01
5.320000000000000284e+00 5.476683358734899532e-01
5.339999999999999858e+00 5.450688077527579001e-01
5.360000000000000320e+00 5.424866519443510837e-01
5.379999999999999893e+00 5.399217044477966354e-01
5.400000000000000355e+00 5.373737986661917265e-01
5.419999999999999929e+00 5.348427749735943371e-01
5.440000000000000391e+00 5.323284713762146403e-01
5.459999999999999964e+00 5.298307324646306382e-01
5.480000000000000426e+00 5.273494006952467172e-01
5.500000000000000000e+00 5.248843247234219467e-01
5.520000000000000462e+00 5.224353513090153056e-01
5.540000000000000036e+00 5.200023330265872712e-01
5.560000000000000497e+00 5.175851207986253977e-01
5.580000000000000071e+00 5.151835709790243412e-01
5.600000000000000533e+00 5.127975385177135914e-01
5.620000000000000107e+00 5.104268834136850286e-01
5.639999999999999680e+00 5.080714645145179009e-01
5.660000000000000142e+00 5.057311453352786312e-01
5.679999999999999716e+00 5.034057884965547069e-01
5.700000000000000178e+00 5.010952609056067431e-01
5.719999999999999751e+00 4.987994288363253870e-01
5.740000000000000213e+00 4.965181624690405693e-01
5.759999999999999787e+00 4.942513316159447556e-01
5.780000000000000249e+00 4.919988096160252677e-01
5.799999999999999822e+00 4.897604697092854953e-01
5.820000000000000284e+00 4.875361882833035843e-01
5.839999999999999858e+00 4.853258418997077328e-01
5.860000000000000320e+00 4.831293098889063997e-01
5.879999999999999893e+00 4.809464720321028897e-01
5.900000000000000355e+00 4.787772105007446766e-01
5.919999999999999929e+00 4.766214081974983197e-01
5.940000000000000391e+00 4.744789500370170665e-01
5.959999999999999964e+00 4.723497219491020749e-01
5.980000000000000426e+00 4.702336114973971748e-01
6.000000000000000000e+00 4.681305075481245193e-01
6.020000000000000462e+00 4.660403002233438619e-01
6.040000000000000036e+00 4.639628812384465339e-01
6.060000000000000497e+00 4.618981431866359677e-01
6.080000000000000071e+00 4.598459805485437535e-01
6.100000000000000533e+00 4.578062883045881382e-01
6.120000000000000107e+00 4.557789636198846250e-01
6.140000000000000568e+00 4.537639037811619924e-01
6.160000000000000142e+00 4.517610085603102066e-01
6.179999999999999716e+00 4.497701774725360035e-01
6.200000000000000178e+00 4.477913128217153593e-01
6.219999999999999751e+00 4.458243162764622958e-01
6.240000000000000213e+00 4.438690926006446658e-01
6.259999999999999787e+00 4.419255455440488922e-01
6.280000000000000249e+00 4.399935822612238145e-01
6.299999999999999822e+00 4.380731085134167424e-01
6.320000000000000284e+00 4.361640337791202748e-01
6.339999999999999858e+00 4.342662657639397850e-01
6.360000000000000320e+00 4.323797162060388222e-01
6.379999999999999893e+00 4.305042946905930368e-01
6.400000000000000355e+00 4.286399151535340013e-01
6.419999999999999929e+00 4.267864889972224351e-01
6.440000000000000391e+00 4.249439322957220266e-01
6.459999999999999964e+00 4.231121582083144927e-01
6.480000000000000426e+00 4.212910848897448157e-01
6.500000000000000000e+00 4.194806271981674217e-01
6.520000000000000462e+00 4.176807053136460390e-01
6.540000000000000036e+00 4.158912357370975199e-01
6.560000000000000497e+00 4.141121406205549582e-01
6.580000000000000071e+00 4.123433380536385418e-01
6.600000000000000533e+00 4.105847521089321384e-01
6.620000000000000107e+00 4.088363024124755385e-01
6.640000000000000568e+00 4.070979149078365888e-01
6.660000000000000142e+00 4.053695107070822146e-01
6.679999999999999716e+00 4.036510175769774666e-01
6.700000000000000178e+00 4.019423580668559648e-01
6.719999999999999751e+00 4.002434617206061529e-01
6.740000000000000213e+00 3.985542524778205031e-01
6.759999999999999787e+00 3.968746616150800044e-01
6.780000000000000249e+00 3.952046144167118413e-01
6.799999999999999822e+00 3.935440438491466519e-01
6.820000000000000284e+00 3.918928764975453949e-01
6.839999999999999858e+00 3.902510469768705192e-01
6.860000000000000320e+00 3.886184831305747878e-01
6.879999999999999893e+00 3.869951211822865167e-01
6.900000000000000355e+00 3.853808901927289199e-01
6.919999999999999929e+00 3.837757279557462153e-01
6.940000000000000391e+00 3.821795647095395654e-01
6.959999999999999964e+00 3.805923397810698772e-01
6.980000000000000426e+00 3.790139845476344638e-01
7.000000000000000000e+00 3.774444398335216055e-01
7.020000000000000462e+00 3.758836381178699004e-01
7.040000000000000036e+00 3.743315216877574625e-01
7.060000000000000497e+00 3.727880240882204266e-01
7.080000000000000071e+00 3.712530890357979008e-01
7.100000000000000533e+00 3.697266511065087635e-01
7.120000000000000107e+00 3.682086554141944523e-01
7.140000000000000568e+00 3.666990375321584894e-01
7.160000000000000142e+00 3.651977439405046932e-01
7.179999999999999716e+00 3.637047111770651542e-01
7.200000000000000178e+00 3.622198870582492569e-01
7.219999999999999751e+00 3.607432090547927905e-01
7.240000000000000213e+00 3.592746262904997767e-01
7.259999999999999787e+00 3.578140771382446461e-01
7.280000000000000249e+00 3.563615120013154391e-01
7.299999999999999822e+00 3.549168701250127178e-01
7.320000000000000284e+00 3.534801031651705894e-01
7.339999999999999858e+00 3.520511512105929386e-01
7.360000000000000320e+00 3.506299671436582943e-01
7.379999999999999893e+00 3.492164918687255537e-01
7.400000000000000355e+00 3.478106794696209092e-01
7.419999999999999929e+00 3.464124716390237224e-01
7.440000000000000391e+00 3.450218236379816727e-01
7.459999999999999964e+00 3.436386779211801357e-01
7.480000000000000426e+00 3.422629909035031504e-01
7.500000000000000000e+00 3.408947057759746935e-01
7.520000000000000462e+00 3.395337800847392784e-01
7.540000000000000036e+00 3.381801577323557129e-01
7.560000000000000497e+00 3.368337973744461866e-01
7.580000000000000071e+00 3.354946436008703903e-01
7.600000000000000533e+00 3.341626561556972907e-01
7.620000000000000107e+00 3.328377802926742457e-01
7.640000000000000568e+00 3.315199768240266187e-01
7.660000000000000142e+00 3.302091916444948039e-01
7.679999999999999716e+00 3.289053866148731742e-01
7.700000000000000178e+00 3.276085082487550926e-01
7.719999999999999751e+00 3.263185194366103326e-01
7.740000000000000213e+00 3.250353672892191681e-01
7.759999999999999787e+00 3.237590157084944686e-01
7.780000000000000249e+00 3.224894123814475710e-01
7.799999999999999822e+00 3.212265222038422352e-01
7.820000000000000284e+00 3.199702934183912273e-01
7.839999999999999858e+00 3.187206918977421033e-01
7.860000000000000320e+00 3.174776664204392862e-01
7.879999999999999893e+00 3.162411838196538261e-01
7.900000000000000355e+00 3.150111933902728922e-01
7.919999999999999929e+00 3.137876629102124282e-01
7.940000000000000391e+00 3.125705421718384391e-01
7.959999999999999964e+00 3.113597998825995972e-01
7.980000000000000426e+00 3.101553863138186151e-01
8.000000000000000000e+00 3.089572710878095152e-01
8.019999999999999574e+00 3.077654049369114575e-01
8.040000000000000924e+00 3.065797583841805563e-01
8.060000000000000497e+00 3.054002826053281439e-01
8.080000000000000071e+00 3.042269490105405372e-01
8.099999999999999645e+00 3.030597092018150196e-01
8.120000000000000995e+00 3.018985354633541562e-01
8.140000000000000568e+00 3.007433798066227459e-01
8.160000000000000142e+00 2.995942153772152006e-01
8.179999999999999716e+00 2.984509945797503283e-01
8.199999999999999289e+00 2.973136914090740435e-01
8.220000000000000639e+00 2.961822586468783047e-01
8.240000000000000213e+00 2.950566711255759866e-01
8.259999999999999787e+00 2.939368819883415029e-01
8.279999999999999361e+00 2.928228668939174550e-01
8.300000000000000711e+00 2.917145793315700786e-01
8.320000000000000284e+00 2.906119957755665673e-01
8.339999999999999858e+00 2.895150700463322568e-01
8.359999999999999432e+00 2.884237794232897834e-01
8.380000000000000782e+00 2.873380780432509551e-01
8.400000000000000355e+00 2.862579439808329296e-01
8.419999999999999929e+00 2.851833316749050606e-01
8.439999999999999503e+00 2.841142199857197292e-01
8.460000000000000853e+00 2.830505636400116876e-01
8.480000000000000426e+00 2.819923422745009844e-01
8.500000000000000000e+00 2.809395108900041849e-01
8.519999999999999574e+00 2.798920498909363008e-01
8.540000000000000924e+00 2.788499145385127109e-01
8.560000000000000497e+00 2.778130859964403343e-01
8.580000000000000071e+00 2.767815197730569277e-01
8.599999999999999645e+00 2.757551977833180845e-01
8.620000000000000995e+00 2.747340757694767266e-01
8.640000000000000568e+00 2.737181363900588749e-01
8.660000000000000142e+00 2.727073356084041000e-01
8.679999999999999716e+00 2.717016568192828219e-01
8.700000000000001066e+00 2.707010561943394844e-01
8.720000000000000639e+00 2.697055178576014955e-01
8.740000000000000213e+00 2.687149981765942774e-01
8.759999999999999787e+00 2.677294819979556539e-01
8.779999999999999361e+00 2.667489258726970514e-01
8.800000000000000711e+00 2.657733153637402701e-01
8.820000000000000284e+00 2.648026071935270509e-01
8.839999999999999858e+00 2.638367876352705199e-01
8.859999999999999432e+00 2.628758135707866539e-01
8.880000000000000782e+00 2.619196719778965066e-01
8.900000000000000355e+00 2.609683198860606179e-01
8.919999999999999929e+00 2.600217449723384866e-01
8.939999999999999503e+00 2.590799044020832276e-01
8.960000000000000853e+00 2.581427865465309446e-01
8.980000000000000426e+00 2.572103486954830931e-01
9.000000000000000000e+00 2.562825799095901358e-01
9.019999999999999574e+00 2.553594375916165005e-01
9.040000000000000924e+00 2.544409114871596933e-01
9.060000000000000497e+00 2.535269591007558443e-01
9.080000000000000071e+00 2.526175708587757862e-01
9.099999999999999645e+00 2.517127043562744637e-01
9.120000000000000995e+00 2.508123506965048710e-01
9.140000000000000568e+00 2.499164675540628267e-01
9.160000000000000142e+00 2.490250467054924421e-01
9.179999999999999716e+00 2.481380458938623745e-01
9.200000000000001066e+00 2.472554575656845943e-01
9.220000000000000639e+00 2.463772395217168898e-01
9.240000000000000213e+00 2.455033848753878922e-01
9.259999999999999787e+00 2.446338514742462944e-01
9.279999999999999361e+00 2.437686330958692416e-01
9.300000000000000711e+00 2.429076876239530947e-01
9.320000000000000284e+00 2.420510094977271764e-01
9.339999999999999858e+00 2.411985566262679626e-01
9.359999999999999432e+00 2.403503241082311226e-01
9.380000000000000782e+00 2.395062698675451962e-01
9.400000000000000355e+00 2.386663896603265222e-01
9.419999999999999929e+00 2.378306414146950376e-01
9.439999999999999503e+00 2.369990215425350211e-01
9.460000000000000853e+00 2.361714879657119126e-01
9.480000000000000426e+00 2.353480377504441889e-01
9.500000000000000000e+00 2.345286288017477683e-01
9.519999999999999574e+00 2.337132588390061494e-01
9.540000000000000924e+00 2.329018857400081133e-01
9.560000000000000497e+00 2.320945078763884950e-01
9.580000000000000071e+00 2.312910830881464430e-01
9.599999999999999645e+00 2.304916103985246711e-01
9.620000000000000995e+00 2.296960475993763684e-01
