# Electrodo circular de radio 6 mm y espesor 710.0 um.
# Volumen de simulacion (convencion z,y,x):
# N: 1024 x 1024 x 1024 | voxelSize:  0.02mm x 0.02mm x 0.02mm | FOV:  20.48mm x 20.48mm x 20.48mm
# 
# z [mm]		 delta[ppm]
0.000000000000000000e+00 2.368438151104836464e+00
2.000000000000000042e-02 2.366035955735763086e+00
4.000000000000000083e-02 2.363560523557834525e+00
5.999999999999999778e-02 2.361012235624866840e+00
8.000000000000000167e-02 2.358391493498110947e+00
1.000000000000000056e-01 2.355698712527173555e+00
1.199999999999999956e-01 2.352934316219030819e+00
1.400000000000000133e-01 2.350098740061202562e+00
1.600000000000000033e-01 2.347192427678432392e+00
1.799999999999999933e-01 2.344215834374721474e+00
2.000000000000000111e-01 2.341169423265503813e+00
2.200000000000000011e-01 2.338053668935754725e+00
2.399999999999999911e-01 2.334869053341991574e+00
2.600000000000000089e-01 2.331616069673562386e+00
2.800000000000000266e-01 2.328295218054802440e+00
2.999999999999999889e-01 2.324907009596565377e+00
3.200000000000000067e-01 2.321451961897173621e+00
3.400000000000000244e-01 2.317930603279228396e+00
3.599999999999999867e-01 2.314343468102933343e+00
3.800000000000000044e-01 2.310691101181587825e+00
4.000000000000000222e-01 2.306974052908868700e+00
4.199999999999999845e-01 2.303192883849376926e+00
4.400000000000000022e-01 2.299348159687401250e+00
4.600000000000000200e-01 2.295440455988478234e+00
4.799999999999999822e-01 2.291470352972012403e+00
5.000000000000000000e-01 2.287438440440676679e+00
5.200000000000000178e-01 2.283345312382575099e+00
5.400000000000000355e-01 2.279191572065113913e+00
5.600000000000000533e-01 2.274977826469541942e+00
5.799999999999999600e-01 2.270704691546243659e+00
5.999999999999999778e-01 2.266372786486615887e+00
6.199999999999999956e-01 2.261982739136572107e+00
6.400000000000000133e-01 2.257535180108955597e+00
6.600000000000000311e-01 2.253030748352125912e+00
6.800000000000000488e-01 2.248470085107637129e+00
7.000000000000000666e-01 2.243853839630602920e+00
7.199999999999999734e-01 2.239182662996176632e+00
7.399999999999999911e-01 2.234457213968430889e+00
7.600000000000000089e-01 2.229678152660256707e+00
7.800000000000000266e-01 2.224846146547349690e+00
8.000000000000000444e-01 2.219961863985337569e+00
8.200000000000000622e-01 2.215025980365412206e+00
8.399999999999999689e-01 2.210039171493335175e+00
8.599999999999999867e-01 2.205002119883121114e+00
8.800000000000000044e-01 2.199915508002000308e+00
9.000000000000000222e-01 2.194780024698463894e+00
9.200000000000000400e-01 2.189596358317907665e+00
9.400000000000000577e-01 2.184365203261283916e+00
9.599999999999999645e-01 2.179087252975663969e+00
9.799999999999999822e-01 2.173763206639643730e+00
1.000000000000000000e+00 2.168393762033658856e+00
1.020000000000000018e+00 2.162979622348131681e+00
1.040000000000000036e+00 2.157521488938016319e+00
1.060000000000000053e+00 2.152020068249626661e+00
1.080000000000000071e+00 2.146476064464321265e+00
1.100000000000000089e+00 2.140890186539818885e+00
1.120000000000000107e+00 2.135263140747686972e+00
1.140000000000000124e+00 2.129595637824853949e+00
1.159999999999999920e+00 2.123888385409949286e+00
1.179999999999999938e+00 2.118142095300590277e+00
1.199999999999999956e+00 2.112357475793420480e+00
1.219999999999999973e+00 2.106535239042684360e+00
1.239999999999999991e+00 2.100676093309091108e+00
1.260000000000000009e+00 2.094780750415088821e+00
1.280000000000000027e+00 2.088849917907551035e+00
1.300000000000000044e+00 2.082884306605028435e+00
1.320000000000000062e+00 2.076884622679546766e+00
1.340000000000000080e+00 2.070851575291019486e+00
1.360000000000000098e+00 2.064785868593310258e+00
1.380000000000000115e+00 2.058688209450890039e+00
1.400000000000000133e+00 2.052559299374558499e+00
1.419999999999999929e+00 2.046399842315336670e+00
1.439999999999999947e+00 2.040210536535138175e+00
1.459999999999999964e+00 2.033992082472789065e+00
1.479999999999999982e+00 2.027745174555165786e+00
1.500000000000000000e+00 2.021470509130125048e+00
1.520000000000000018e+00 2.015168776223553948e+00
1.540000000000000036e+00 2.008840667533886570e+00
1.560000000000000053e+00 2.002486868140706644e+00
1.580000000000000071e+00 1.996108064555460748e+00
1.600000000000000089e+00 1.989704936387167722e+00
1.620000000000000107e+00 1.983278164443829983e+00
1.640000000000000124e+00 1.976828422361011972e+00
1.660000000000000142e+00 1.970356384748352729e+00
1.679999999999999938e+00 1.963862718786705264e+00
1.699999999999999956e+00 1.957348092414082030e+00
1.719999999999999973e+00 1.950813165897216539e+00
1.739999999999999991e+00 1.944258600051167685e+00
1.760000000000000009e+00 1.937685047791135595e+00
1.780000000000000027e+00 1.931093162379849071e+00
1.800000000000000044e+00 1.924483588965630432e+00
1.820000000000000062e+00 1.917856972851619046e+00
1.840000000000000080e+00 1.911213951026034419e+00
1.860000000000000098e+00 1.904555160447194417e+00
1.880000000000000115e+00 1.897881229572069506e+00
1.900000000000000133e+00 1.891192786651002766e+00
1.919999999999999929e+00 1.884490451260592669e+00
1.939999999999999947e+00 1.877774842601935390e+00
1.959999999999999964e+00 1.871046571044046924e+00
1.979999999999999982e+00 1.864306246419330293e+00
2.000000000000000000e+00 1.857554469583731382e+00
2.020000000000000018e+00 1.850791840703093216e+00
2.040000000000000036e+00 1.844018950836335602e+00
2.060000000000000053e+00 1.837236390206276937e+00
2.080000000000000071e+00 1.830444739812126853e+00
2.100000000000000089e+00 1.823644579678280309e+00
2.120000000000000107e+00 1.816836480502549200e+00
2.140000000000000124e+00 1.810021011876341568e+00
2.160000000000000142e+00 1.803198733975036161e+00
2.180000000000000160e+00 1.796370205742911397e+00
2.200000000000000178e+00 1.789535976632181891e+00
2.220000000000000195e+00 1.782696594745967866e+00
2.240000000000000213e+00 1.775852598632501556e+00
2.260000000000000231e+00 1.769004525379367365e+00
2.280000000000000249e+00 1.762152902469491300e+00
2.300000000000000266e+00 1.755298255819808695e+00
2.319999999999999840e+00 1.748441101705666023e+00
2.339999999999999858e+00 1.741581954737006388e+00
2.359999999999999876e+00 1.734721319857900124e+00
2.379999999999999893e+00 1.727859700253296715e+00
2.399999999999999911e+00 1.720997589430387720e+00
2.419999999999999929e+00 1.714135479048901844e+00
2.439999999999999947e+00 1.707273851091137828e+00
2.459999999999999964e+00 1.700413185608709021e+00
2.479999999999999982e+00 1.693553952988056555e+00
2.500000000000000000e+00 1.686696621606519342e+00
2.520000000000000018e+00 1.679841650200242675e+00
2.540000000000000036e+00 1.672989495422377848e+00
2.560000000000000053e+00 1.666140604320308194e+00
2.580000000000000071e+00 1.659295421788723024e+00
2.600000000000000089e+00 1.652454383163175500e+00
2.620000000000000107e+00 1.645617921560744490e+00
2.640000000000000124e+00 1.638786460596930450e+00
2.660000000000000142e+00 1.631960421606553968e+00
2.680000000000000160e+00 1.625140216491103740e+00
2.700000000000000178e+00 1.618326254812475495e+00
2.720000000000000195e+00 1.611518936777868394e+00
2.740000000000000213e+00 1.604718660198921398e+00
2.760000000000000231e+00 1.597925813621374758e+00
2.780000000000000249e+00 1.591140783142104054e+00
2.800000000000000266e+00 1.584363945690730580e+00
2.819999999999999840e+00 1.577595675697037736e+00
2.839999999999999858e+00 1.570836338531812260e+00
2.859999999999999876e+00 1.564086297017068583e+00
2.879999999999999893e+00 1.557345905033402644e+00
2.899999999999999911e+00 1.550615513865398976e+00
2.919999999999999929e+00 1.543895465982898729e+00
2.939999999999999947e+00 1.537186101213900757e+00
2.959999999999999964e+00 1.530487750707121730e+00
2.979999999999999982e+00 1.523800742924706242e+00
3.000000000000000000e+00 1.517125397793533281e+00
3.020000000000000018e+00 1.510462032509999108e+00
3.040000000000000036e+00 1.503810955887519230e+00
3.060000000000000053e+00 1.497172473965607153e+00
3.080000000000000071e+00 1.490546884561138485e+00
3.100000000000000089e+00 1.483934482673890942e+00
3.120000000000000107e+00 1.477335555249113419e+00
3.140000000000000124e+00 1.470750386371685536e+00
3.160000000000000142e+00 1.464179252247628016e+00
3.180000000000000160e+00 1.457622426178973862e+00
3.200000000000000178e+00 1.451080173771849280e+00
3.220000000000000195e+00 1.444552757684166799e+00
3.240000000000000213e+00 1.438040433067949708e+00
3.260000000000000231e+00 1.431543452081890155e+00
3.280000000000000249e+00 1.425062059575654683e+00
3.300000000000000266e+00 1.418596497359303932e+00
3.320000000000000284e+00 1.412147000137361941e+00
3.339999999999999858e+00 1.405713799527072982e+00
3.359999999999999876e+00 1.399297120250031945e+00
3.379999999999999893e+00 1.392897183891222301e+00
3.399999999999999911e+00 1.386514205356079943e+00
3.419999999999999929e+00 1.380148396362207652e+00
3.439999999999999947e+00 1.373799962169735212e+00
3.459999999999999964e+00 1.367469104797637058e+00
3.479999999999999982e+00 1.361156020035290570e+00
3.500000000000000000e+00 1.354860900375237653e+00
3.520000000000000018e+00 1.348583932313915046e+00
3.540000000000000036e+00 1.342325298992691707e+00
3.560000000000000053e+00 1.336085177795758971e+00
3.580000000000000071e+00 1.329863742691212325e+00
3.600000000000000089e+00 1.323661162134170066e+00
3.620000000000000107e+00 1.317477601099669826e+00
3.640000000000000124e+00 1.311313219299044208e+00
3.660000000000000142e+00 1.305168172896399303e+00
3.680000000000000160e+00 1.299042613046357264e+00
3.700000000000000178e+00 1.292936687285790809e+00
3.720000000000000195e+00 1.286850538401106192e+00
3.740000000000000213e+00 1.280784305486914798e+00
3.760000000000000231e+00 1.274738123151002211e+00
3.780000000000000249e+00 1.268712122231617334e+00
3.800000000000000266e+00 1.262706429348332104e+00
3.820000000000000284e+00 1.256721167269557293e+00
3.839999999999999858e+00 1.250756454817564256e+00
3.859999999999999876e+00 1.244812406877813471e+00
3.879999999999999893e+00 1.238889134666409708e+00
3.899999999999999911e+00 1.232986745372816717e+00
3.919999999999999929e+00 1.227105342798072929e+00
3.939999999999999947e+00 1.221245026622425955e+00
3.959999999999999964e+00 1.215405893422655703e+00
3.979999999999999982e+00 1.209588035556138141e+00
4.000000000000000000e+00 1.203791542565684880e+00
4.020000000000000462e+00 1.198016499671501478e+00
4.040000000000000036e+00 1.192262989571950982e+00
4.060000000000000497e+00 1.186531090534891808e+00
4.080000000000000071e+00 1.180820878602807378e+00
4.099999999999999645e+00 1.175132425274961534e+00
4.120000000000000107e+00 1.169465800125368160e+00
4.139999999999999680e+00 1.163821068067153242e+00
4.160000000000000142e+00 1.158198292391932727e+00
4.179999999999999716e+00 1.152597531607730597e+00
4.200000000000000178e+00 1.147018842908298586e+00
4.219999999999999751e+00 1.141462278575956280e+00
4.240000000000000213e+00 1.135927889889464693e+00
4.259999999999999787e+00 1.130415723083083801e+00
4.280000000000000249e+00 1.124925823701603766e+00
4.299999999999999822e+00 1.119458232106929962e+00
4.320000000000000284e+00 1.114012988288956008e+00
4.339999999999999858e+00 1.108590126910888651e+00
4.360000000000000320e+00 1.103189682584693410e+00
4.379999999999999893e+00 1.097811684446367453e+00
4.400000000000000355e+00 1.092456161904683309e+00
4.419999999999999929e+00 1.087123138737640771e+00
4.440000000000000391e+00 1.081812639323234571e+00
4.459999999999999964e+00 1.076524682248258813e+00
4.480000000000000426e+00 1.071259287029947771e+00
4.500000000000000000e+00 1.066016467228204423e+00
4.520000000000000462e+00 1.060796237666973951e+00
4.540000000000000036e+00 1.055598607041025483e+00
4.560000000000000497e+00 1.050423585645910984e+00
4.580000000000000071e+00 1.045271177470363133e+00
4.600000000000000533e+00 1.040141388443766024e+00
4.620000000000000107e+00 1.035034218005188578e+00
4.639999999999999680e+00 1.029949667877349206e+00
4.660000000000000142e+00 1.024887733103271747e+00
4.679999999999999716e+00 1.019848411355714246e+00
4.700000000000000178e+00 1.014831693432421744e+00
4.719999999999999751e+00 1.009837573110082598e+00
4.740000000000000213e+00 1.004866037089069630e+00
4.759999999999999787e+00 9.999170754009994999e-01
4.780000000000000249e+00 9.949906707938555028e-01
4.799999999999999822e+00 9.900868097022794689e-01
4.820000000000000284e+00 9.852054710639183144e-01
4.839999999999999858e+00 9.803466378615878218e-01
4.860000000000000320e+00 9.755102853616738345e-01
4.879999999999999893e+00 9.706963932373554593e-01
4.900000000000000355e+00 9.659049332198426097e-01
4.919999999999999929e+00 9.611358818119001279e-01
4.940000000000000391e+00 9.563892073426321083e-01
4.959999999999999964e+00 9.516648832806123837e-01
4.980000000000000426e+00 9.469628746829092947e-01
5.000000000000000000e+00 9.422831521171337599e-01
5.020000000000000462e+00 9.376256774953609652e-01
5.040000000000000036e+00 9.329904186144735156e-01
5.060000000000000497e+00 9.283773343655844501e-01
5.080000000000000071e+00 9.237863899020826164e-01
5.100000000000000533e+00 9.192175412151291081e-01
5.120000000000000107e+00 9.146707509388760649e-01
5.139999999999999680e+00 9.101459722825414600e-01
5.160000000000000142e+00 9.056431654823138278e-01
5.179999999999999716e+00 9.011622810804832406e-01
5.200000000000000178e+00 8.967032770335916503e-01
5.219999999999999751e+00 8.922661013290463794e-01
5.240000000000000213e+00 8.878507097591167296e-01
5.259999999999999787e+00 8.834570478654039105e-01
5.280000000000000249e+00 8.790850693883539568e-01
5.299999999999999822e+00 8.747347175299257094e-01
5.320000000000000284e+00 8.704059440882929710e-01
5.339999999999999858e+00 8.660986900290081891e-01
5.360000000000000320e+00 8.618129053146702523e-01
5.379999999999999893e+00 8.575485287747841578e-01
5.400000000000000355e+00 8.533055086402198119e-01
5.419999999999999929e+00 8.490837817019456502e-01
5.440000000000000391e+00 8.448832945601442157e-01
5.459999999999999964e+00 8.407039820619501835e-01
5.480000000000000426e+00 8.365457892751239077e-01
5.500000000000000000e+00 8.324086491948756716e-01
5.520000000000000462e+00 8.282925054520809960e-01
5.540000000000000036e+00 8.241972892791875616e-01
5.560000000000000497e+00 8.201229429630256806e-01
5.580000000000000071e+00 8.160693960597427132e-01
5.600000000000000533e+00 8.120365896022864183e-01
5.620000000000000107e+00 8.080244515543043571e-01
5.639999999999999680e+00 8.040329217824243591e-01
5.660000000000000142e+00 8.000619267389503797e-01
5.679999999999999716e+00 7.961114052091780025e-01
5.700000000000000178e+00 7.921812822126439446e-01
5.719999999999999751e+00 7.882714955357594810e-01
5.740000000000000213e+00 7.843819688413417035e-01
5.759999999999999787e+00 7.805126389968780609e-01
5.780000000000000249e+00 7.766634283819993101e-01
5.799999999999999822e+00 7.728342730227927282e-01
5.820000000000000284e+00 7.690250940867995322e-01
5.839999999999999858e+00 7.652358268338276259e-01
5.860000000000000320e+00 7.614663912880025309e-01
5.879999999999999893e+00 7.577167220156315608e-01
5.900000000000000355e+00 7.539867379637521516e-01
5.919999999999999929e+00 7.502763730756347726e-01
5.940000000000000391e+00 7.465855452852362406e-01
5.959999999999999964e+00 7.429141879810113869e-01
5.980000000000000426e+00 7.392622181455725805e-01
6.000000000000000000e+00 7.356295686785678800e-01
6.020000000000000462e+00 7.320161556707871497e-01
6.040000000000000036e+00 7.284219115969130520e-01
6.060000000000000497e+00 7.248467517132689553e-01
6.080000000000000071e+00 7.212906081313117390e-01
6.100000000000000533e+00 7.177533953281044488e-01
6.120000000000000107e+00 7.142350451115585530e-01
6.140000000000000568e+00 7.107354712326305890e-01
6.160000000000000142e+00 7.072546052533327243e-01
6.179999999999999716e+00 7.037923602496271025e-01
6.200000000000000178e+00 7.003486675933222605e-01
6.219999999999999751e+00 6.969234397345088761e-01
6.240000000000000213e+00 6.935166079085588464e-01
6.259999999999999787e+00 6.901280839868936257e-01
6.280000000000000249e+00 6.867577991203426269e-01
6.299999999999999822e+00 6.834056646469502949e-01
6.320000000000000284e+00 6.800716116830782809e-01
6.339999999999999858e+00 6.767555510768559213e-01
6.360000000000000320e+00 6.734574139584620367e-01
6.379999999999999893e+00 6.701771107277751938e-01
6.400000000000000355e+00 6.669145725753514720e-01
6.419999999999999929e+00 6.636697094927173080e-01
6.440000000000000391e+00 6.604424527756808105e-01
6.459999999999999964e+00 6.572327120456215033e-01
6.480000000000000426e+00 6.540404187468257247e-01
6.500000000000000000e+00 6.508654821670601942e-01
6.520000000000000462e+00 6.477078339407267293e-01
6.540000000000000036e+00 6.445673830568929841e-01
6.560000000000000497e+00 6.414440613801555280e-01
6.580000000000000071e+00 6.383377776342260557e-01
6.600000000000000533e+00 6.352484639524740295e-01
6.620000000000000107e+00 6.321760288250563020e-01
6.640000000000000568e+00 6.291204046912237668e-01
6.660000000000000142e+00 6.260814998378977370e-01
6.679999999999999716e+00 6.230592470458925503e-01
6.700000000000000178e+00 6.200535544277587796e-01
6.719999999999999751e+00 6.170643551401830962e-01
6.740000000000000213e+00 6.140915571487992608e-01
6.759999999999999787e+00 6.111350940191309089e-01
6.780000000000000249e+00 6.081948735959870067e-01
6.799999999999999822e+00 6.052708298853934910e-01
6.820000000000000284e+00 6.023628706360852902e-01
6.839999999999999858e+00 5.994709303250004284e-01
6.860000000000000320e+00 5.965949166282713545e-01
6.879999999999999893e+00 5.937347645229323900e-01
6.900000000000000355e+00 5.908903816347245153e-01
6.919999999999999929e+00 5.880617034687846134e-01
6.940000000000000391e+00 5.852486376214660613e-01
6.959999999999999964e+00 5.824511201528573823e-01
6.980000000000000426e+00 5.796690586497451614e-01
7.000000000000000000e+00 5.769023897529270695e-01
7.020000000000000462e+00 5.741510210582958518e-01
7.040000000000000036e+00 5.714148898120394726e-01
7.060000000000000497e+00 5.686939036367227862e-01
7.080000000000000071e+00 5.659880004075611426e-01
7.100000000000000533e+00 5.632970877902920837e-01
7.120000000000000107e+00 5.606211043117985682e-01
7.140000000000000568e+00 5.579599576964388019e-01
7.160000000000000142e+00 5.553135871444386806e-01
7.179999999999999716e+00 5.526819004532235180e-01
7.200000000000000178e+00 5.500648375170942295e-01
7.219999999999999751e+00 5.474623062200163481e-01
7.240000000000000213e+00 5.448742471701967238e-01
7.259999999999999787e+00 5.423005683506684216e-01
7.280000000000000249e+00 5.397412111025035042e-01
7.299999999999999822e+00 5.371960835194086181e-01
7.320000000000000284e+00 5.346651276934403230e-01
7.339999999999999858e+00 5.321482518397170347e-01
7.360000000000000320e+00 5.296453988185834127e-01
7.379999999999999893e+00 5.271564769764404135e-01
7.400000000000000355e+00 5.246814299584390273e-01
7.419999999999999929e+00 5.222201662513161757e-01
7.440000000000000391e+00 5.197726303008057824e-01
7.459999999999999964e+00 5.173387307422186998e-01
7.480000000000000426e+00 5.149184128369158620e-01
7.500000000000000000e+00 5.125115853762655105e-01
7.520000000000000462e+00 5.101181944515928990e-01
7.540000000000000036e+00 5.077381490170643774e-01
7.560000000000000497e+00 5.053713960076388068e-01
7.580000000000000071e+00 5.030178445462851755e-01
7.600000000000000533e+00 5.006774424246155375e-01
7.620000000000000107e+00 4.983500989397318115e-01
7.640000000000000568e+00 4.960357627523009905e-01
7.660000000000000142e+00 4.937343433381943814e-01
7.679999999999999716e+00 4.914457902389373634e-01
7.700000000000000178e+00 4.891700131131768159e-01
7.719999999999999751e+00 4.869069623945130876e-01
7.740000000000000213e+00 4.846565479277518129e-01
7.759999999999999787e+00 4.824187210492431599e-01
7.780000000000000249e+00 4.801933917927244666e-01
7.799999999999999822e+00 4.779805124074364420e-01
7.820000000000000284e+00 4.757799931182468134e-01
7.839999999999999858e+00 4.735917870969162946e-01
7.860000000000000320e+00 4.714158047610848001e-01
7.879999999999999893e+00 4.692520002141759017e-01
7.900000000000000355e+00 4.671002840677032086e-01
7.919999999999999929e+00 4.649606113654279338e-01
7.940000000000000391e+00 4.628328929133224134e-01
7.959999999999999964e+00 4.607170847037108108e-01
7.980000000000000426e+00 4.586130977371087880e-01
8.000000000000000000e+00 4.565208889621998334e-01
8.019999999999999574e+00 4.544403695736513038e-01
8.040000000000000924e+00 4.523714974838873304e-01
8.060000000000000497e+00 4.503141840808759788e-01
8.080000000000000071e+00 4.482683882477713766e-01
8.099999999999999645e+00 4.462340215645462793e-01
8.120000000000000995e+00 4.442110438916951898e-01
8.140000000000000568e+00 4.421993669994759846e-01
8.160000000000000142e+00 4.401989517319753187e-01
8.179999999999999716e+00 4.382097100476061158e-01
8.199999999999999289e+00 4.362316037799503499e-01
8.220000000000000639e+00 4.342645450730597823e-01
8.240000000000000213e+00 4.323084967555909652e-01
8.259999999999999787e+00 4.303633711543308205e-01
8.279999999999999361e+00 4.284291320982751561e-01
8.300000000000000711e+00 4.265056920936887153e-01
8.320000000000000284e+00 4.245930159748741994e-01
8.339999999999999858e+00 4.226910164239611190e-01
8.359999999999999432e+00 4.207996592852354389e-01
8.380000000000000782e+00 4.189188574127706288e-01
8.400000000000000355e+00 4.170485776652332333e-01
8.419999999999999929e+00 4.151887330643840301e-01
8.439999999999999503e+00 4.133392914874163271e-01
8.460000000000000853e+00 4.115001661192236315e-01
8.480000000000000426e+00 4.096713258594232854e-01
8.500000000000000000e+00 4.078526840511979001e-01
8.519999999999999574e+00 4.060442106202502566e-01
8.540000000000000924e+00 4.042458190629284465e-01
8.560000000000000497e+00 4.024574803344595497e-01
8.580000000000000071e+00 4.006791080789717796e-01
8.599999999999999645e+00 3.989106742844337194e-01
8.620000000000000995e+00 3.971520927371230414e-01
8.640000000000000568e+00 3.954033364607676959e-01
8.660000000000000142e+00 3.936643193779171268e-01
8.679999999999999716e+00 3.919350155508865008e-01
8.700000000000001066e+00 3.902153390323948035e-01
8.720000000000000639e+00 3.885052649259859159e-01
8.740000000000000213e+00 3.868047074082270331e-01
8.759999999999999787e+00 3.851136426263533918e-01
8.779999999999999361e+00 3.834319848742634984e-01
8.800000000000000711e+00 3.817597113451831614e-01
8.820000000000000284e+00 3.800967364436169671e-01
8.839999999999999858e+00 3.784430384109296885e-01
8.859999999999999432e+00 3.767985317553302904e-01
8.880000000000000782e+00 3.751631957683149721e-01
8.900000000000000355e+00 3.735369450547215142e-01
8.919999999999999929e+00 3.719197599580172375e-01
8.939999999999999503e+00 3.703115551724385224e-01
8.960000000000000853e+00 3.687123120951412703e-01
8.980000000000000426e+00 3.671219455023615463e-01
9.000000000000000000e+00 3.655404378465303417e-01
9.019999999999999574e+00 3.639677039783462131e-01
9.040000000000000924e+00 3.624037274069812908e-01
9.060000000000000497e+00 3.608484230499258150e-01
9.080000000000000071e+00 3.593017754744248782e-01
9.099999999999999645e+00 3.577636996569791283e-01
9.120000000000000995e+00 3.562341812241371919e-01
9.140000000000000568e+00 3.547131352034927354e-01
9.160000000000000142e+00 3.532005482820340103e-01
9.179999999999999716e+00 3.516963355304167926e-01
9.200000000000001066e+00 3.502004846971009666e-01
9.220000000000000639e+00 3.487129108876980688e-01
9.240000000000000213e+00 3.472336029130433377e-01
9.259999999999999787e+00 3.457624759055082930e-01
9.279999999999999361e+00 3.442995197391400808e-01
9.300000000000000711e+00 3.428446495647759495e-01
9.320000000000000284e+00 3.413978563204256300e-01
9.339999999999999858e+00 3.399590551670280125e-01
9.359999999999999432e+00 3.385282381072133862e-01
9.380000000000000782e+00 3.371053203035995205e-01
9.400000000000000355e+00 3.356902948239900430e-01
9.419999999999999929e+00 3.342830768242203154e-01
9.439999999999999503e+00 3.328836604377705122e-01
9.460000000000000853e+00 3.314919608051356548e-01
9.480000000000000426e+00 3.301079731258925731e-01
9.500000000000000000e+00 3.287316125166358516e-01
9.519999999999999574e+00 3.273628752433673239e-01
9.540000000000000924e+00 3.260016763901824044e-01
9.560000000000000497e+00 3.246480132897518467e-01
9.580000000000000071e+00 3.233018009850632812e-01
9.599999999999999645e+00 3.219630378756469513e-01
9.620000000000000995e+00 3.206316389547189116e-01
