# Electrodo circular de radio 6 mm y espesor 710.0 um.
# Volumen de simulacion (convencion z,y,x):
# N: 1024 x 1024 x 1024 | voxelSize:  0.02mm x 0.02mm x 0.02mm | FOV:  20.48mm x 20.48mm x 20.48mm
# 
# z [mm]		 delta[ppm]
0.000000000000000000e+00 2.465801014222778420e+00
2.000000000000000042e-02 2.462862904737722847e+00
4.000000000000000083e-02 2.459836641834468818e+00
5.999999999999999778e-02 2.456722839939416758e+00
8.000000000000000167e-02 2.453522121161832104e+00
1.000000000000000056e-01 2.450235120319447901e+00
1.199999999999999956e-01 2.446862490289023473e+00
1.400000000000000133e-01 2.443404899414062914e+00
1.600000000000000033e-01 2.439863029225394442e+00
1.799999999999999933e-01 2.436237577081944661e+00
2.000000000000000111e-01 2.432529251994537844e+00
2.200000000000000011e-01 2.428738778431785317e+00
2.399999999999999911e-01 2.424866891607724284e+00
2.600000000000000089e-01 2.420914341689246907e+00
2.800000000000000266e-01 2.416881888763423802e+00
2.999999999999999889e-01 2.412770307347954279e+00
3.200000000000000067e-01 2.408580381036881324e+00
3.400000000000000244e-01 2.404312907279136269e+00
3.599999999999999867e-01 2.399968691782676800e+00
3.800000000000000044e-01 2.395548553535941316e+00
4.000000000000000222e-01 2.391053318946933182e+00
4.199999999999999845e-01 2.386483827097970245e+00
4.400000000000000022e-01 2.381840923667596588e+00
4.600000000000000200e-01 2.377125466406402321e+00
4.799999999999999822e-01 2.372338318823044911e+00
5.000000000000000000e-01 2.367480355876457665e+00
5.200000000000000178e-01 2.362552457458450217e+00
5.400000000000000355e-01 2.357555514294820131e+00
5.600000000000000533e-01 2.352490421211320015e+00
5.799999999999999600e-01 2.347358083240334903e+00
5.999999999999999778e-01 2.342159408694162170e+00
6.199999999999999956e-01 2.336895315471738677e+00
6.400000000000000133e-01 2.331566723930286855e+00
6.600000000000000311e-01 2.326174563389038052e+00
6.800000000000000488e-01 2.320719764818075959e+00
7.000000000000000666e-01 2.315203267534354126e+00
7.199999999999999734e-01 2.309626011701940929e+00
7.399999999999999911e-01 2.303988945217219086e+00
7.600000000000000089e-01 2.298293016036023317e+00
7.800000000000000266e-01 2.292539179243661795e+00
8.000000000000000444e-01 2.286728389205476830e+00
8.200000000000000622e-01 2.280861606818342047e+00
8.399999999999999689e-01 2.274939791497907482e+00
8.599999999999999867e-01 2.268963908607280366e+00
8.800000000000000044e-01 2.262934921279228018e+00
9.000000000000000222e-01 2.256853798018410018e+00
9.200000000000000400e-01 2.250721504370228221e+00
9.400000000000000577e-01 2.244539010692269354e+00
9.599999999999999645e-01 2.238307283669365599e+00
9.799999999999999822e-01 2.232027294250341853e+00
1.000000000000000000e+00 2.225700009019857983e+00
1.020000000000000018e+00 2.219326398295929259e+00
1.040000000000000036e+00 2.212907427359167567e+00
1.060000000000000053e+00 2.206444064706888586e+00
1.080000000000000071e+00 2.199937273149455308e+00
1.100000000000000089e+00 2.193388018216233526e+00
1.120000000000000107e+00 2.186797259120520476e+00
1.140000000000000124e+00 2.180165957312838909e+00
1.159999999999999920e+00 2.173495067323511165e+00
1.179999999999999938e+00 2.166785545458359330e+00
1.199999999999999956e+00 2.160038340521060363e+00
1.219999999999999973e+00 2.153254402646452181e+00
1.239999999999999991e+00 2.146434673911246538e+00
1.260000000000000009e+00 2.139580097299789596e+00
1.280000000000000027e+00 2.132691607205806861e+00
1.300000000000000044e+00 2.125770138525531650e+00
1.320000000000000062e+00 2.118816617058719931e+00
1.340000000000000080e+00 2.111831968723725250e+00
1.360000000000000098e+00 2.104817109860946278e+00
1.380000000000000115e+00 2.097772956564492919e+00
1.400000000000000133e+00 2.090700414895994896e+00
1.419999999999999929e+00 2.083600390327233765e+00
1.439999999999999947e+00 2.076473777867865689e+00
1.459999999999999964e+00 2.069321471613403407e+00
1.479999999999999982e+00 2.062144354794577694e+00
1.500000000000000000e+00 2.054943309424802411e+00
1.520000000000000018e+00 2.047719206275099957e+00
1.540000000000000036e+00 2.040472914615162559e+00
1.560000000000000053e+00 2.033205292121412988e+00
1.580000000000000071e+00 2.025917194705608271e+00
1.600000000000000089e+00 2.018609466360227422e+00
1.620000000000000107e+00 2.011282949068526449e+00
1.640000000000000124e+00 2.003938472594721354e+00
1.660000000000000142e+00 1.996576864469199686e+00
1.679999999999999938e+00 1.989198939727984561e+00
1.699999999999999956e+00 1.981805510966814454e+00
1.719999999999999973e+00 1.974397378037257900e+00
1.739999999999999991e+00 1.966975338163176712e+00
1.760000000000000009e+00 1.959540175598247336e+00
1.780000000000000027e+00 1.952092671798292489e+00
1.800000000000000044e+00 1.944633595047541297e+00
1.820000000000000062e+00 1.937163710680176454e+00
1.840000000000000080e+00 1.929683770680314714e+00
1.860000000000000098e+00 1.922194523946066269e+00
1.880000000000000115e+00 1.914696705870549076e+00
1.900000000000000133e+00 1.907191048641647235e+00
1.919999999999999929e+00 1.899678270809229019e+00
1.939999999999999947e+00 1.892159087613768831e+00
1.959999999999999964e+00 1.884634200547075089e+00
1.979999999999999982e+00 1.877104307702768482e+00
2.000000000000000000e+00 1.869570093335940708e+00
2.020000000000000018e+00 1.862032238228488401e+00
2.040000000000000036e+00 1.854491409254994450e+00
2.060000000000000053e+00 1.846948269755814609e+00
2.080000000000000071e+00 1.839403469114760048e+00
2.100000000000000089e+00 1.831857653132791697e+00
2.120000000000000107e+00 1.824311453624862134e+00
2.140000000000000124e+00 1.816765498786950150e+00
2.160000000000000142e+00 1.809220402817838913e+00
2.180000000000000160e+00 1.801676776272218117e+00
2.200000000000000178e+00 1.794135215714778298e+00
2.220000000000000195e+00 1.786596314052019574e+00
2.240000000000000213e+00 1.779060650224604911e+00
2.260000000000000231e+00 1.771528799510491803e+00
2.280000000000000249e+00 1.764001323262958776e+00
2.300000000000000266e+00 1.756478779177590877e+00
2.319999999999999840e+00 1.748961711082113624e+00
2.339999999999999858e+00 1.741450659159719638e+00
2.359999999999999876e+00 1.733946149798189174e+00
2.379999999999999893e+00 1.726448705762004598e+00
2.399999999999999911e+00 1.718958836107017163e+00
2.419999999999999929e+00 1.711477046293772730e+00
2.439999999999999947e+00 1.704003828175262081e+00
2.459999999999999964e+00 1.696539670043791581e+00
2.479999999999999982e+00 1.689085046698257875e+00
2.500000000000000000e+00 1.681640429416895621e+00
2.520000000000000018e+00 1.674206276111657843e+00
2.540000000000000036e+00 1.666783041219122463e+00
2.560000000000000053e+00 1.659371165948556603e+00
2.580000000000000071e+00 1.651971088083217687e+00
2.600000000000000089e+00 1.644583232329775324e+00
2.620000000000000107e+00 1.637208020022205668e+00
2.640000000000000124e+00 1.629845859579278189e+00
2.660000000000000142e+00 1.622497156103235305e+00
2.680000000000000160e+00 1.615162301953067203e+00
2.700000000000000178e+00 1.607841686230113032e+00
2.720000000000000195e+00 1.600535685473965630e+00
2.740000000000000213e+00 1.593244673027113034e+00
2.760000000000000231e+00 1.585969009861281087e+00
2.780000000000000249e+00 1.578709053813187158e+00
2.800000000000000266e+00 1.571465150548276624e+00
2.819999999999999840e+00 1.564237642659677352e+00
2.839999999999999858e+00 1.557026860777176003e+00
2.859999999999999876e+00 1.549833132521400536e+00
2.879999999999999893e+00 1.542656773765128664e+00
2.899999999999999911e+00 1.535498097434709219e+00
2.919999999999999929e+00 1.528357404931647512e+00
2.939999999999999947e+00 1.521234994773205784e+00
2.959999999999999964e+00 1.514131154181485917e+00
2.979999999999999982e+00 1.507046167555199156e+00
3.000000000000000000e+00 1.499980308234204696e+00
3.020000000000000018e+00 1.492933846794396890e+00
3.040000000000000036e+00 1.485907042995004979e+00
3.060000000000000053e+00 1.478900153888515812e+00
3.080000000000000071e+00 1.471913425958805810e+00
3.100000000000000089e+00 1.464947103037977261e+00
3.120000000000000107e+00 1.458001418642724811e+00
3.140000000000000124e+00 1.451076603689988032e+00
3.160000000000000142e+00 1.444172879039664181e+00
3.180000000000000160e+00 1.437290463000915341e+00
3.200000000000000178e+00 1.430429564088737004e+00
3.220000000000000195e+00 1.423590388312793387e+00
3.240000000000000213e+00 1.416773132155977111e+00
3.260000000000000231e+00 1.409977989637596352e+00
3.280000000000000249e+00 1.403205145521545516e+00
3.300000000000000266e+00 1.396454782145643891e+00
3.320000000000000284e+00 1.389727072867632751e+00
3.339999999999999858e+00 1.383022188652456519e+00
3.359999999999999876e+00 1.376340291763773926e+00
3.379999999999999893e+00 1.369681542100955385e+00
3.399999999999999911e+00 1.363046091144394678e+00
3.419999999999999929e+00 1.356434088033959373e+00
3.439999999999999947e+00 1.349845673775861732e+00
3.459999999999999964e+00 1.343280987054347397e+00
3.479999999999999982e+00 1.336740158708420889e+00
3.500000000000000000e+00 1.330223317268481864e+00
3.520000000000000018e+00 1.323730583710767572e+00
3.540000000000000036e+00 1.317262076710674634e+00
3.560000000000000053e+00 1.310817907683255568e+00
3.580000000000000071e+00 1.304398185744899186e+00
3.600000000000000089e+00 1.298003013047847043e+00
3.620000000000000107e+00 1.291632489441915554e+00
3.640000000000000124e+00 1.285286708111399889e+00
3.660000000000000142e+00 1.278965759928534451e+00
3.680000000000000160e+00 1.272669729400780270e+00
3.700000000000000178e+00 1.266398698707648762e+00
3.720000000000000195e+00 1.260152743966848066e+00
3.740000000000000213e+00 1.253931938946113656e+00
3.760000000000000231e+00 1.247736351656237641e+00
3.780000000000000249e+00 1.241566047729560029e+00
3.800000000000000266e+00 1.235421087348366642e+00
3.820000000000000284e+00 1.229301528281631084e+00
3.839999999999999858e+00 1.223207423156929208e+00
3.859999999999999876e+00 1.217138822147015853e+00
3.879999999999999893e+00 1.211095770593775267e+00
3.899999999999999911e+00 1.205078311336218899e+00
3.919999999999999929e+00 1.199086482694656342e+00
3.939999999999999947e+00 1.193120320431679815e+00
3.959999999999999964e+00 1.187179856105116560e+00
3.979999999999999982e+00 1.181265118653549218e+00
4.000000000000000000e+00 1.175376133126308620e+00
4.020000000000000462e+00 1.169512921885034418e+00
4.040000000000000036e+00 1.163675503719320492e+00
4.060000000000000497e+00 1.157863894655859704e+00
4.080000000000000071e+00 1.152078107468010648e+00
4.099999999999999645e+00 1.146318152084039532e+00
4.120000000000000107e+00 1.140584035499249360e+00
4.139999999999999680e+00 1.134875761774797098e+00
4.160000000000000142e+00 1.129193332360756141e+00
4.179999999999999716e+00 1.123536745676962934e+00
4.200000000000000178e+00 1.117905997855690670e+00
4.219999999999999751e+00 1.112301081895985977e+00
4.240000000000000213e+00 1.106721988834366011e+00
4.259999999999999787e+00 1.101168706464067837e+00
4.280000000000000249e+00 1.095641220942477512e+00
4.299999999999999822e+00 1.090139515066729237e+00
4.320000000000000284e+00 1.084663570326333870e+00
4.339999999999999858e+00 1.079213364726479885e+00
4.360000000000000320e+00 1.073788875294675149e+00
4.379999999999999893e+00 1.068390075443111265e+00
4.400000000000000355e+00 1.063016937937800721e+00
4.419999999999999929e+00 1.057669431791398384e+00
4.440000000000000391e+00 1.052347525703618114e+00
4.459999999999999964e+00 1.047051184475856989e+00
4.480000000000000426e+00 1.041780372931479182e+00
4.500000000000000000e+00 1.036535051843499700e+00
4.520000000000000462e+00 1.031315182343625070e+00
4.540000000000000036e+00 1.026120721354316645e+00
4.560000000000000497e+00 1.020951626495159692e+00
4.580000000000000071e+00 1.015807851010577467e+00
4.600000000000000533e+00 1.010689349182456676e+00
4.620000000000000107e+00 1.005596070744745774e+00
4.639999999999999680e+00 1.000527966811015190e+00
4.660000000000000142e+00 9.954849837671512214e-01
4.679999999999999716e+00 9.904670697228052934e-01
4.700000000000000178e+00 9.854741678733862642e-01
4.719999999999999751e+00 9.805062234841352975e-01
4.740000000000000213e+00 9.755631767125624298e-01
4.759999999999999787e+00 9.706449701341699488e-01
4.780000000000000249e+00 9.657515410164770886e-01
4.799999999999999822e+00 9.608828293951806598e-01
4.820000000000000284e+00 9.560387697908776516e-01
4.839999999999999858e+00 9.512192998447236425e-01
4.860000000000000320e+00 9.464243514689542058e-01
4.879999999999999893e+00 9.416538600508788104e-01
4.900000000000000355e+00 9.369077550282517430e-01
4.919999999999999929e+00 9.321859696707442966e-01
4.940000000000000391e+00 9.274884310711793978e-01
4.959999999999999964e+00 9.228150705133956189e-01
4.980000000000000426e+00 9.181658128703399369e-01
5.000000000000000000e+00 9.135405875675149945e-01
5.020000000000000462e+00 9.089393173788912206e-01
5.040000000000000036e+00 9.043619299949188228e-01
5.060000000000000497e+00 8.998083462071817529e-01
5.080000000000000071e+00 8.952784920902305821e-01
5.100000000000000533e+00 8.907722865658774802e-01
5.120000000000000107e+00 8.862896542079051754e-01
5.139999999999999680e+00 8.818305121768410526e-01
5.160000000000000142e+00 8.773947836568851688e-01
5.179999999999999716e+00 8.729823841519848138e-01
5.200000000000000178e+00 8.685932355641025060e-01
5.219999999999999751e+00 8.642272518413698368e-01
5.240000000000000213e+00 8.598843537071072518e-01
5.259999999999999787e+00 8.555644536507875930e-01
5.280000000000000249e+00 8.512674713170208518e-01
5.299999999999999822e+00 8.469933178300405041e-01
5.320000000000000284e+00 8.427419118521141117e-01
5.339999999999999858e+00 8.385131632322210260e-01
5.360000000000000320e+00 8.343069897431961701e-01
5.379999999999999893e+00 8.301233000451804234e-01
5.400000000000000355e+00 8.259620111110940188e-01
5.419999999999999929e+00 8.218230304954247112e-01
5.440000000000000391e+00 8.177062744574071784e-01
5.459999999999999964e+00 8.136116495256791037e-01
5.480000000000000426e+00 8.095390713288173057e-01
5.500000000000000000e+00 8.054884454463441257e-01
5.520000000000000462e+00 8.014596869561037007e-01
5.540000000000000036e+00 7.974527005620247744e-01
5.560000000000000497e+00 7.934674008681209534e-01
5.580000000000000071e+00 7.895036917733726511e-01
5.600000000000000533e+00 7.855614874819129012e-01
5.620000000000000107e+00 7.816406911553857029e-01
5.639999999999999680e+00 7.777412166691577422e-01
5.660000000000000142e+00 7.738629665124178159e-01
5.679999999999999716e+00 7.700058543001164768e-01
5.700000000000000178e+00 7.661697819109974938e-01
5.719999999999999751e+00 7.623546627652562080e-01
5.740000000000000213e+00 7.585603981906628990e-01
5.759999999999999787e+00 7.547869014757135897e-01
5.780000000000000249e+00 7.510340734539512342e-01
5.799999999999999822e+00 7.473018273427111113e-01
5.820000000000000284e+00 7.435900635356756938e-01
5.839999999999999858e+00 7.398986952371079395e-01
5.860000000000000320e+00 7.362276224526252966e-01
5.879999999999999893e+00 7.325767584291468237e-01
5.900000000000000355e+00 7.289460028337912956e-01
5.919999999999999929e+00 7.253352690095612454e-01
5.940000000000000391e+00 7.217444563322276130e-01
5.959999999999999964e+00 7.181734782920954352e-01
5.980000000000000426e+00 7.146222340186436650e-01
6.000000000000000000e+00 7.110906371985460384e-01
6.020000000000000462e+00 7.075785867577830679e-01
6.040000000000000036e+00 7.040859966263843805e-01
6.060000000000000497e+00 7.006127655676737120e-01
6.080000000000000071e+00 6.971588078000224842e-01
6.100000000000000533e+00 6.937240219627913707e-01
6.120000000000000107e+00 6.903083226057461497e-01
6.140000000000000568e+00 6.869116082811749235e-01
6.160000000000000142e+00 6.835337939113965700e-01
6.179999999999999716e+00 6.801747779965101603e-01
6.200000000000000178e+00 6.768344758707560693e-01
6.219999999999999751e+00 6.735127860152207990e-01
6.240000000000000213e+00 6.702096242136781346e-01
6.259999999999999787e+00 6.669248889595221774e-01
6.280000000000000249e+00 6.636584965219843868e-01
6.299999999999999822e+00 6.604103454364883552e-01
6.320000000000000284e+00 6.571803524920255546e-01
6.339999999999999858e+00 6.539684162940269108e-01
6.360000000000000320e+00 6.507744541839681762e-01
6.379999999999999893e+00 6.475983648637992918e-01
6.400000000000000355e+00 6.444400662586987627e-01
6.419999999999999929e+00 6.412994571919883313e-01
6.440000000000000391e+00 6.381764562023101162e-01
6.459999999999999964e+00 6.350709622578675217e-01
6.480000000000000426e+00 6.319828945391154917e-01
6.500000000000000000e+00 6.289121521810986382e-01
6.520000000000000462e+00 6.258586550330874632e-01
6.540000000000000036e+00 6.228223024176714473e-01
6.560000000000000497e+00 6.198030148786308757e-01
6.580000000000000071e+00 6.168006919453632442e-01
6.600000000000000533e+00 6.138152548806078412e-01
6.620000000000000107e+00 6.108466034386681454e-01
6.640000000000000568e+00 6.078946596244780842e-01
6.660000000000000142e+00 6.049593234340021608e-01
6.679999999999999716e+00 6.020405176364413968e-01
6.700000000000000178e+00 5.991381424851049964e-01
6.719999999999999751e+00 5.962521215344260828e-01
6.740000000000000213e+00 5.933823553094744740e-01
6.759999999999999787e+00 5.905287681698054847e-01
6.780000000000000249e+00 5.876912609256885744e-01
6.799999999999999822e+00 5.848697587606610515e-01
6.820000000000000284e+00 5.820641627824402198e-01
6.839999999999999858e+00 5.792743990164194168e-01
6.860000000000000320e+00 5.765003688791199288e-01
6.879999999999999893e+00 5.737419992547115877e-01
6.900000000000000355e+00 5.709991918787623577e-01
6.919999999999999929e+00 5.682718745102335323e-01
6.940000000000000391e+00 5.655599492131655470e-01
6.959999999999999964e+00 5.628633446364403881e-01
6.980000000000000426e+00 5.601819631809565880e-01
7.000000000000000000e+00 5.575157343998246029e-01
7.020000000000000462e+00 5.548645610384314031e-01
7.040000000000000036e+00 5.522283735676164484e-01
7.060000000000000497e+00 5.496070750839160413e-01
7.080000000000000071e+00 5.470005969886254649e-01
7.100000000000000533e+00 5.444088427354124571e-01
7.120000000000000107e+00 5.418317446680253058e-01
7.140000000000000568e+00 5.392692066023291320e-01
7.160000000000000142e+00 5.367211618358190828e-01
7.179999999999999716e+00 5.341875145510057710e-01
7.200000000000000178e+00 5.316681990097464894e-01
7.219999999999999751e+00 5.291631197647990170e-01
7.240000000000000213e+00 5.266722120523573691e-01
7.259999999999999787e+00 5.241953807984616187e-01
7.280000000000000249e+00 5.217325622230022386e-01
7.299999999999999822e+00 5.192836616275360306e-01
7.320000000000000284e+00 5.168486162244233517e-01
7.339999999999999858e+00 5.144273316924790063e-01
7.360000000000000320e+00 5.120197462447427794e-01
7.379999999999999893e+00 5.096257659382702476e-01
7.400000000000000355e+00 5.072453299944560401e-01
7.419999999999999929e+00 5.048783448491309667e-01
7.440000000000000391e+00 5.025247507392175406e-01
7.459999999999999964e+00 5.001844544791471669e-01
7.480000000000000426e+00 4.978573973280531195e-01
7.500000000000000000e+00 4.955434864783945792e-01
7.520000000000000462e+00 4.932426642177338283e-01
7.540000000000000036e+00 4.909548381153356345e-01
7.560000000000000497e+00 4.886799514929707766e-01
7.580000000000000071e+00 4.864179122951071133e-01
7.600000000000000533e+00 4.841686648830871853e-01
7.620000000000000107e+00 4.819321175743853658e-01
7.640000000000000568e+00 4.797082157748862596e-01
7.660000000000000142e+00 4.774968681725295094e-01
7.679999999999999716e+00 4.752980212223358869e-01
7.700000000000000178e+00 4.731115839796101175e-01
7.719999999999999751e+00 4.709375039527350371e-01
7.740000000000000213e+00 4.687756905609969382e-01
7.759999999999999787e+00 4.666260923700409902e-01
7.780000000000000249e+00 4.644886191591999780e-01
7.799999999999999822e+00 4.623632205549587648e-01
7.820000000000000284e+00 4.602498066925214126e-01
7.839999999999999858e+00 4.581483282624838616e-01
7.860000000000000320e+00 4.560586957512384743e-01
7.879999999999999893e+00 4.539808609164805442e-01
7.900000000000000355e+00 4.519147345908923752e-01
7.919999999999999929e+00 4.498602696019889935e-01
7.940000000000000391e+00 4.478173771233647793e-01
7.959999999999999964e+00 4.457860110548194643e-01
7.980000000000000426e+00 4.437660829053006184e-01
8.000000000000000000e+00 4.417575476491192310e-01
8.019999999999999574e+00 4.397603171245669795e-01
8.040000000000000924e+00 4.377743473824675657e-01
8.060000000000000497e+00 4.357995505842956474e-01
8.080000000000000071e+00 4.338358838591805933e-01
8.099999999999999645e+00 4.318832596851920891e-01
8.120000000000000995e+00 4.299416362713571194e-01
8.140000000000000568e+00 4.280109264056317642e-01
8.160000000000000142e+00 4.260910893783517173e-01
8.179999999999999716e+00 4.241820382802418687e-01
8.199999999999999289e+00 4.222837334841826329e-01
8.220000000000000639e+00 4.203960883764609746e-01
8.240000000000000213e+00 4.185190644135817761e-01
8.259999999999999787e+00 4.166525752697925467e-01
8.279999999999999361e+00 4.147965834861547241e-01
8.300000000000000711e+00 4.129510030172089952e-01
8.320000000000000284e+00 4.111157974893700495e-01
8.339999999999999858e+00 4.092908811294307947e-01
8.359999999999999432e+00 4.074762186498235295e-01
8.380000000000000782e+00 4.056717245415251138e-01
8.400000000000000355e+00 4.038773646035280773e-01
8.419999999999999929e+00 4.020930535825593677e-01
8.439999999999999503e+00 4.003187583646128922e-01
8.460000000000000853e+00 3.985543939437120597e-01
8.480000000000000426e+00 3.967999282931957694e-01
8.500000000000000000e+00 3.950552766455944220e-01
8.519999999999999574e+00 3.933204080618464271e-01
8.540000000000000924e+00 3.915952380041943792e-01
8.560000000000000497e+00 3.898797366213498927e-01
8.580000000000000071e+00 3.881738195961553228e-01
8.599999999999999645e+00 3.864774581651880259e-01
8.620000000000000995e+00 3.847905682227994451e-01
8.640000000000000568e+00 3.831131220934644310e-01
8.660000000000000142e+00 3.814450358736371505e-01
8.679999999999999716e+00 3.797862829756683545e-01
8.700000000000001066e+00 3.781367796887444288e-01
8.720000000000000639e+00 3.764965005130160858e-01
8.740000000000000213e+00 3.748653619207358290e-01
8.759999999999999787e+00 3.732433394997278220e-01
8.779999999999999361e+00 3.716303498957055362e-01
8.800000000000000711e+00 3.700263697840048271e-01
8.820000000000000284e+00 3.684313159738969445e-01
8.839999999999999858e+00 3.668451662280440284e-01
8.859999999999999432e+00 3.652678375094441932e-01
8.880000000000000782e+00 3.636993086678660947e-01
8.900000000000000355e+00 3.621394968099324596e-01
8.919999999999999929e+00 3.605883818722673828e-01
8.939999999999999503e+00 3.590458810951068225e-01
8.960000000000000853e+00 3.575119755016764045e-01
8.980000000000000426e+00 3.559865824555320524e-01
9.000000000000000000e+00 3.544696840662345250e-01
9.019999999999999574e+00 3.529611978104711389e-01
9.040000000000000924e+00 3.514611068838647823e-01
9.060000000000000497e+00 3.499693288657896306e-01
9.080000000000000071e+00 3.484858480376386569e-01
9.099999999999999645e+00 3.470105820711545386e-01
9.120000000000000995e+00 3.455435163332187254e-01
9.140000000000000568e+00 3.440845685773560869e-01
9.160000000000000142e+00 3.426337252556700408e-01
9.179999999999999716e+00 3.411909041930006881e-01
9.200000000000001066e+00 3.397560929264140106e-01
9.220000000000000639e+00 3.383292093413778345e-01
9.240000000000000213e+00 3.369102420596407077e-01
9.259999999999999787e+00 3.354991090167518952e-01
9.279999999999999361e+00 3.340957999189018701e-01
9.300000000000000711e+00 3.327002327409213089e-01
9.320000000000000284e+00 3.313123982732207318e-01
9.339999999999999858e+00 3.299322145192694067e-01
9.359999999999999432e+00 3.285596733534900671e-01
9.380000000000000782e+00 3.271946927971218222e-01
9.400000000000000355e+00 3.258372658083889539e-01
9.419999999999999929e+00 3.244873104156156818e-01
9.439999999999999503e+00 3.231448206606737372e-01
9.460000000000000853e+00 3.218097145680135496e-01
9.480000000000000426e+00 3.204819872630169653e-01
9.500000000000000000e+00 3.191615567555206034e-01
9.519999999999999574e+00 3.178484192542901376e-01
9.540000000000000924e+00 3.165424927435807056e-01
9.560000000000000497e+00 3.152437745154323956e-01
9.580000000000000071e+00 3.139521825177586933e-01
9.599999999999999645e+00 3.126677151258124288e-01
9.620000000000000995e+00 3.113902902401501360e-01
