0.000000000000000000e+00 8.439308909716055851e+00
1.499999999999999944e-02 8.117442892937782872e+00
2.999999999999999889e-02 7.797582231016502163e+00
4.499999999999999833e-02 7.482834350794200340e+00
5.999999999999999778e-02 7.175647791887492133e+00
7.499999999999999722e-02 6.877947765275616909e+00
8.999999999999999667e-02 6.591220838457270581e+00
1.049999999999999961e-01 6.316504810917102475e+00
1.199999999999999956e-01 6.054435881232715921e+00
1.350000000000000089e-01 5.805295807853478429e+00
1.499999999999999944e-01 5.569079307254184208e+00
1.649999999999999800e-01 5.345554941184201603e+00
1.799999999999999933e-01 5.134325444316821141e+00
1.950000000000000067e-01 4.934878248874600359e+00
2.099999999999999922e-01 4.746627615167105851e+00
2.249999999999999778e-01 4.568948574830320908e+00
2.399999999999999911e-01 4.401201314435694734e+00
2.550000000000000044e-01 4.242751074226155161e+00
2.700000000000000178e-01 4.092979598757382043e+00
2.849999999999999756e-01 3.951295629567647349e+00
2.999999999999999889e-01 3.817138240033093766e+00
3.150000000000000022e-01 3.689981885956776786e+00
3.299999999999999600e-01 3.569335186911025914e+00
3.449999999999999734e-01 3.454743201410371167e+00
3.599999999999999867e-01 3.345783879183866105e+00
3.750000000000000000e-01 3.242069144302727857e+00
3.900000000000000133e-01 3.143240313897271321e+00
4.049999999999999711e-01 3.048968841752403236e+00
4.199999999999999845e-01 2.958951385260998102e+00
4.349999999999999978e-01 2.872910627794511118e+00
4.499999999999999556e-01 2.790590343566526688e+00
4.649999999999999689e-01 2.711756473835255310e+00
4.799999999999999822e-01 2.636192340014303692e+00
4.949999999999999956e-01 2.563700023626197311e+00
5.100000000000000089e-01 2.494095789416198361e+00
5.250000000000000222e-01 2.427211757253703528e+00
5.400000000000000355e-01 2.362891542198397588e+00
5.549999999999999378e-01 2.300992181039386075e+00
5.699999999999999512e-01 2.241379981758247819e+00
5.849999999999999645e-01 2.183932658616715816e+00
5.999999999999999778e-01 2.128535370904494517e+00
6.149999999999999911e-01 2.075083021155697871e+00
6.300000000000000044e-01 2.023476466719393851e+00
6.450000000000000178e-01 1.973624939313682880e+00
6.599999999999999201e-01 1.925442411101178086e+00
6.749999999999999334e-01 1.878850099288645659e+00
6.899999999999999467e-01 1.833772974493507846e+00
7.049999999999999600e-01 1.790142319143281036e+00
7.199999999999999734e-01 1.747892366098223516e+00
7.349999999999999867e-01 1.706962884674975811e+00
7.500000000000000000e-01 1.667295942411580523e+00
7.650000000000000133e-01 1.628838496613933984e+00
7.800000000000000266e-01 1.591539272340010580e+00
7.949999999999999289e-01 1.555351341165245760e+00
8.099999999999999423e-01 1.520229111798448329e+00
8.249999999999999556e-01 1.486130880694452649e+00
8.399999999999999689e-01 1.453015931644346281e+00
8.549999999999999822e-01 1.420847045571223655e+00
8.699999999999999956e-01 1.389587707493101565e+00
8.850000000000000089e-01 1.359204564899077150e+00
8.999999999999999112e-01 1.329664740259465905e+00
9.149999999999999245e-01 1.300938229310327543e+00
9.299999999999999378e-01 1.272995318420064415e+00
9.449999999999999512e-01 1.245808915573350495e+00
9.599999999999999645e-01 1.219352071660314341e+00
9.749999999999999778e-01 1.193600238353629717e+00
9.899999999999999911e-01 1.168528892877758629e+00
1.004999999999999893e+00 1.144115718033758000e+00
1.020000000000000018e+00 1.120338329837708535e+00
1.034999999999999920e+00 1.097176375991251840e+00
1.050000000000000044e+00 1.074609365819926277e+00
1.064999999999999947e+00 1.052618684274118976e+00
1.080000000000000071e+00 1.031185523558164396e+00
1.094999999999999973e+00 1.010292810539524355e+00
1.109999999999999876e+00 9.899232391818325594e-01
1.125000000000000000e+00 9.700611098341017646e-01
1.139999999999999902e+00 9.506904616953084641e-01
1.155000000000000027e+00 9.317968230678076447e-01
1.169999999999999929e+00 9.133654425717714354e-01
1.185000000000000053e+00 8.953829499002085024e-01
1.199999999999999956e+00 8.778356847785706574e-01
1.214999999999999858e+00 8.607112682357417333e-01
1.229999999999999982e+00 8.439970276223164314e-01
1.244999999999999885e+00 8.276814787581806554e-01
1.260000000000000009e+00 8.117528457609501924e-01
1.274999999999999911e+00 7.962004548026118123e-01
1.290000000000000036e+00 7.810133466854840556e-01
1.304999999999999938e+00 7.661815832025693496e-01
1.319999999999999840e+00 7.516949509902394189e-01
1.334999999999999964e+00 7.375441817749097684e-01
1.349999999999999867e+00 7.237197451126961001e-01
1.364999999999999991e+00 7.102129839994144600e-01
1.379999999999999893e+00 6.970149948432797782e-01
1.395000000000000018e+00 6.841176801348886061e-01
1.409999999999999920e+00 6.715127129941700357e-01
1.425000000000000044e+00 6.591925087357121127e-01
1.439999999999999947e+00 6.471492722001077613e-01
1.454999999999999849e+00 6.353758902132926600e-01
1.469999999999999973e+00 6.238650588346317249e-01
1.484999999999999876e+00 6.126100988015503734e-01
1.500000000000000000e+00 6.016041608176259103e-01
1.514999999999999902e+00 5.908409661903537557e-01
1.530000000000000027e+00 5.803140871407238555e-01
1.544999999999999929e+00 5.700176148962591283e-01
1.560000000000000053e+00 5.599455131057891055e-01
1.574999999999999956e+00 5.500922157276172397e-01
1.589999999999999858e+00 5.404520504335289521e-01
1.604999999999999982e+00 5.310197686545536921e-01
1.619999999999999885e+00 5.217900370616879169e-01
1.635000000000000009e+00 5.127579021773428503e-01
1.649999999999999911e+00 5.039183467668646443e-01
1.665000000000000036e+00 4.952666914201794279e-01
1.679999999999999938e+00 4.867982139837926936e-01
1.694999999999999840e+00 4.785084905364410668e-01
1.709999999999999964e+00 4.703930746867628354e-01
1.724999999999999867e+00 4.624477803419434485e-01
1.739999999999999991e+00 4.546684190757392940e-01
1.754999999999999893e+00 4.470510270869893499e-01
1.770000000000000018e+00 4.395916574889747186e-01
1.784999999999999920e+00 4.322865538127176888e-01
1.799999999999999822e+00 4.251319955247600535e-01
1.814999999999999947e+00 4.181244204109472173e-01
1.829999999999999849e+00 4.112603202278842796e-01
1.844999999999999973e+00 4.045363142474781570e-01
1.859999999999999876e+00 3.979490934736519825e-01
1.875000000000000000e+00 3.914954475952355240e-01
1.889999999999999902e+00 3.851722547502980931e-01
1.905000000000000027e+00 3.789764640691564712e-01
1.919999999999999929e+00 3.729051295597214932e-01
1.934999999999999831e+00 3.669553503793517857e-01
1.949999999999999956e+00 3.611243459184566018e-01
1.964999999999999858e+00 3.554093558663085628e-01
1.979999999999999982e+00 3.498077552211752983e-01
1.994999999999999885e+00 3.443169161644797360e-01
2.009999999999999787e+00 3.389343601828368469e-01
2.024999999999999911e+00 3.336575836857832433e-01
2.040000000000000036e+00 3.284842461321662022e-01
2.054999999999999716e+00 3.234119612704120517e-01
2.069999999999999840e+00 3.184385185722591882e-01
2.084999999999999964e+00 3.135616418915833092e-01
2.100000000000000089e+00 3.087792432683161836e-01
2.114999999999999769e+00 3.040891507419262729e-01
2.129999999999999893e+00 2.994893919523324288e-01
2.145000000000000018e+00 2.949778927589330468e-01
2.160000000000000142e+00 2.905527898752834903e-01
2.174999999999999822e+00 2.862121018823910457e-01
2.189999999999999947e+00 2.819540684514190709e-01
2.205000000000000071e+00 2.777767952536320806e-01
2.219999999999999751e+00 2.736786191833399107e-01
2.234999999999999876e+00 2.696577286036643262e-01
2.250000000000000000e+00 2.657125522528699380e-01
2.265000000000000124e+00 2.618413561786097632e-01
2.279999999999999805e+00 2.580426559151250410e-01
2.294999999999999929e+00 2.543147913952602535e-01
2.310000000000000053e+00 2.506563602103558663e-01
2.324999999999999734e+00 2.470657717032823109e-01
2.339999999999999858e+00 2.435417010724410525e-01
2.354999999999999982e+00 2.400826237861968249e-01
2.370000000000000107e+00 2.366872884700679247e-01
2.384999999999999787e+00 2.333542326978769177e-01
2.399999999999999911e+00 2.300822745952291470e-01
2.415000000000000036e+00 2.268700110008436410e-01
2.429999999999999716e+00 2.237163258503672703e-01
2.444999999999999840e+00 2.206198716174247176e-01
2.459999999999999964e+00 2.175795945799447739e-01
2.475000000000000089e+00 2.145942003899521666e-01
2.489999999999999769e+00 2.116626944085415185e-01
2.504999999999999893e+00 2.087838321709754308e-01
2.520000000000000018e+00 2.059566750584728434e-01
2.534999999999999698e+00 2.031800263661069084e-01
2.549999999999999822e+00 2.004530006165514133e-01
2.564999999999999947e+00 1.977744458570867836e-01
2.580000000000000071e+00 1.951435270466935490e-01
2.594999999999999751e+00 1.925591351509383098e-01
2.609999999999999876e+00 1.900204830233948317e-01
2.625000000000000000e+00 1.875265017873178341e-01
2.639999999999999680e+00 1.850764498032515526e-01
2.654999999999999805e+00 1.826692967702626125e-01
2.669999999999999929e+00 1.803043443136118640e-01
2.685000000000000053e+00 1.779805981595148912e-01
2.699999999999999734e+00 1.756974010929866770e-01
2.714999999999999858e+00 1.734537935052107016e-01
2.729999999999999982e+00 1.712491573657398125e-01
2.745000000000000107e+00 1.690825653635442682e-01
2.759999999999999787e+00 1.669534368002534852e-01
2.774999999999999911e+00 1.648608754920622976e-01
2.790000000000000036e+00 1.628043363364393425e-01
2.804999999999999716e+00 1.607829520644808718e-01
2.819999999999999840e+00 1.587962115434366217e-01
2.834999999999999964e+00 1.568432754158637366e-01
2.850000000000000089e+00 1.549236649972646762e-01
2.864999999999999769e+00 1.530365667607901103e-01
2.879999999999999893e+00 1.511815330479658048e-01
2.895000000000000018e+00 1.493577753047274637e-01
2.909999999999999698e+00 1.475648755708179327e-01
2.924999999999999822e+00 1.458020682948414637e-01
2.939999999999999947e+00 1.440689639768555630e-01
2.955000000000000071e+00 1.423648193370025128e-01
2.969999999999999751e+00 1.406892721834870630e-01
2.984999999999999876e+00 1.390415996301417323e-01
3.000000000000000000e+00 1.374214657229896608e-01
3.014999999999999680e+00 1.358281673482519547e-01
3.029999999999999805e+00 1.342613937976924743e-01
3.044999999999999929e+00 1.327204599277721775e-01
3.060000000000000053e+00 1.312050793588660780e-01
3.074999999999999734e+00 1.297145843911155783e-01
3.089999999999999858e+00 1.282487121282829545e-01
3.104999999999999982e+00 1.268068105726850303e-01
3.120000000000000107e+00 1.253886395353540351e-01
3.134999999999999787e+00 1.239935622753453315e-01
3.149999999999999911e+00 1.226213606013839968e-01
3.165000000000000036e+00 1.212714113346202160e-01
3.179999999999999716e+00 1.199435176361055982e-01
3.194999999999999840e+00 1.186370695123782903e-01
3.209999999999999964e+00 1.173518908935398536e-01
3.225000000000000089e+00 1.160873833109715841e-01
3.239999999999999769e+00 1.148433909407404196e-01
3.254999999999999893e+00 1.136193265196246138e-01
3.270000000000000018e+00 1.124150540050666142e-01
3.284999999999999698e+00 1.112299957008138912e-01
3.299999999999999822e+00 1.100640349380475058e-01
3.314999999999999947e+00 1.089166033146436313e-01
3.330000000000000071e+00 1.077876031835401094e-01
3.344999999999999751e+00 1.066764738090442560e-01
3.359999999999999876e+00 1.055831362683643804e-01
3.375000000000000000e+00 1.045070372559002703e-01
3.389999999999999680e+00 1.034481163291812028e-01
3.404999999999999805e+00 1.024058259847743929e-01
3.419999999999999929e+00 1.013801240693190525e-01
3.435000000000000053e+00 1.003704686720078842e-01
3.449999999999999734e+00 9.937683578951603258e-02
3.464999999999999858e+00 9.839868746477151151e-02
