# Electrodo circular de radio 6 mm y espesor 710.0 um.
# Volumen de simulacion (convencion z,y,x):
# N: 1024 x 1024 x 1024 | voxelSize:  0.02mm x 0.02mm x 0.02mm | FOV:  20.48mm x 20.48mm x 20.48mm
# 
# z [mm]		 delta[ppm]
0.000000000000000000e+00 2.560674601152183261e+00
2.000000000000000042e-02 2.557141929529517910e+00
4.000000000000000083e-02 2.553505101498247054e+00
5.999999999999999778e-02 2.549764944944111100e+00
8.000000000000000167e-02 2.545922361981541204e+00
1.000000000000000056e-01 2.541978284509668118e+00
1.199999999999999956e-01 2.537933659751233417e+00
1.400000000000000133e-01 2.533789457062668227e+00
1.600000000000000033e-01 2.529546662349625663e+00
1.799999999999999933e-01 2.525206282348404940e+00
2.000000000000000111e-01 2.520769339469493442e+00
2.200000000000000011e-01 2.516236876053104865e+00
2.399999999999999911e-01 2.511609948749571775e+00
2.600000000000000089e-01 2.506889633170292786e+00
2.800000000000000266e-01 2.502077017879794862e+00
2.999999999999999889e-01 2.497173209384368597e+00
3.200000000000000067e-01 2.492179325797336809e+00
3.400000000000000244e-01 2.487096502132973175e+00
3.599999999999999867e-01 2.481925883661708632e+00
3.800000000000000044e-01 2.476668631487735972e+00
4.000000000000000222e-01 2.471325915631354508e+00
4.199999999999999845e-01 2.465898920875859712e+00
4.400000000000000022e-01 2.460388839578165676e+00
4.600000000000000200e-01 2.454796877776624697e+00
4.799999999999999822e-01 2.449124247754389749e+00
5.000000000000000000e-01 2.443372174400475494e+00
5.200000000000000178e-01 2.437541887525138229e+00
5.400000000000000355e-01 2.431634628469535375e+00
5.600000000000000533e-01 2.425651642191121837e+00
5.799999999999999600e-01 2.419594184116774294e+00
5.999999999999999778e-01 2.413463511998033439e+00
6.199999999999999956e-01 2.407260893004201208e+00
6.400000000000000133e-01 2.400987595361767202e+00
6.600000000000000311e-01 2.394644895683256891e+00
6.800000000000000488e-01 2.388234070391666020e+00
7.000000000000000666e-01 2.381756403281774848e+00
7.199999999999999734e-01 2.375213176741651555e+00
7.399999999999999911e-01 2.368605679542502340e+00
7.600000000000000089e-01 2.361935197858890056e+00
7.800000000000000266e-01 2.355203023283718000e+00
8.000000000000000444e-01 2.348410443657720226e+00
8.200000000000000622e-01 2.341558751305588437e+00
8.399999999999999689e-01 2.334649233677073443e+00
8.599999999999999867e-01 2.327683181800549228e+00
8.800000000000000044e-01 2.320661880745252148e+00
9.000000000000000222e-01 2.313586618288035801e+00
9.200000000000000400e-01 2.306458675199634101e+00
9.400000000000000577e-01 2.299279334120585272e+00
9.599999999999999645e-01 2.292049869680204299e+00
9.799999999999999822e-01 2.284771557577149004e+00
1.000000000000000000e+00 2.277445664534459180e+00
1.020000000000000018e+00 2.270073457580275456e+00
1.040000000000000036e+00 2.262656193847086161e+00
1.060000000000000053e+00 2.255195130047753072e+00
1.080000000000000071e+00 2.247691512122611535e+00
1.100000000000000089e+00 2.240146584905931437e+00
1.120000000000000107e+00 2.232561581628595526e+00
1.140000000000000124e+00 2.224937733769754900e+00
1.159999999999999920e+00 2.217276260419018818e+00
1.179999999999999938e+00 2.209578378308060032e+00
1.199999999999999956e+00 2.201845291039672414e+00
1.219999999999999973e+00 2.194078199293752807e+00
1.239999999999999991e+00 2.186278289927375162e+00
1.260000000000000009e+00 2.178446746349538277e+00
1.280000000000000027e+00 2.170584737499359207e+00
1.300000000000000044e+00 2.162693428383651195e+00
1.320000000000000062e+00 2.154773968937625739e+00
1.340000000000000080e+00 2.146827504719309054e+00
1.360000000000000098e+00 2.138855165659657498e+00
1.380000000000000115e+00 2.130858076907588661e+00
1.400000000000000133e+00 2.122837347474060277e+00
1.419999999999999929e+00 2.114794081221399669e+00
1.439999999999999947e+00 2.106729365408126053e+00
1.459999999999999964e+00 2.098644281816047563e+00
1.479999999999999982e+00 2.090539895200553389e+00
1.500000000000000000e+00 2.082417264548883651e+00
1.520000000000000018e+00 2.074277431442568265e+00
1.540000000000000036e+00 2.066121431440056000e+00
1.560000000000000053e+00 2.057950282356216132e+00
1.580000000000000071e+00 2.049764995762467290e+00
1.600000000000000089e+00 2.041566565189954829e+00
1.620000000000000107e+00 2.033355977740138432e+00
1.640000000000000124e+00 2.025134202216733126e+00
1.660000000000000142e+00 2.016902200839640447e+00
1.679999999999999938e+00 2.008660917312262040e+00
1.699999999999999956e+00 2.000411288631536166e+00
1.719999999999999973e+00 1.992154233095858373e+00
1.739999999999999991e+00 1.983890662203908306e+00
1.760000000000000009e+00 1.975621468609818798e+00
1.780000000000000027e+00 1.967347538103337179e+00
1.800000000000000044e+00 1.959069737517664223e+00
1.820000000000000062e+00 1.950788926783467492e+00
1.840000000000000080e+00 1.942505946796054372e+00
1.860000000000000098e+00 1.934221631535629093e+00
1.880000000000000115e+00 1.925936795899395815e+00
1.900000000000000133e+00 1.917652247880420546e+00
1.919999999999999929e+00 1.909368776371374254e+00
1.939999999999999947e+00 1.901087163394277413e+00
1.959999999999999964e+00 1.892808171881655621e+00
1.979999999999999982e+00 1.884532557949365472e+00
2.000000000000000000e+00 1.876261058661980563e+00
2.020000000000000018e+00 1.867994404340857173e+00
2.040000000000000036e+00 1.859733306319678814e+00
2.060000000000000053e+00 1.851478469279880690e+00
2.080000000000000071e+00 1.843230579003231062e+00
2.100000000000000089e+00 1.834990314726682170e+00
2.120000000000000107e+00 1.826758336898113955e+00
2.140000000000000124e+00 1.818535299542612726e+00
2.160000000000000142e+00 1.810321838028374541e+00
2.180000000000000160e+00 1.802118581436386702e+00
2.200000000000000178e+00 1.793926140342780418e+00
2.220000000000000195e+00 1.785745119183866692e+00
2.240000000000000213e+00 1.777576104062026596e+00
2.260000000000000231e+00 1.769419675098017564e+00
2.280000000000000249e+00 1.761276394266851675e+00
2.300000000000000266e+00 1.753146817729259066e+00
2.319999999999999840e+00 1.745031483704769570e+00
2.339999999999999858e+00 1.736930924774179985e+00
2.359999999999999876e+00 1.728845655796464875e+00
2.379999999999999893e+00 1.720776186174093558e+00
2.399999999999999911e+00 1.712723007821072008e+00
2.419999999999999929e+00 1.704686607382922769e+00
2.439999999999999947e+00 1.696667454262657637e+00
2.459999999999999964e+00 1.688666012787210402e+00
2.479999999999999982e+00 1.680682730298756811e+00
2.500000000000000000e+00 1.672718049259390716e+00
2.520000000000000018e+00 1.664772395414725548e+00
2.540000000000000036e+00 1.656846189828585558e+00
2.560000000000000053e+00 1.648939837126415897e+00
2.580000000000000071e+00 1.641053737451738659e+00
2.600000000000000089e+00 1.633188274796457451e+00
2.620000000000000107e+00 1.625343828870831508e+00
2.640000000000000124e+00 1.617520763528302652e+00
2.660000000000000142e+00 1.609719438540711201e+00
2.680000000000000160e+00 1.601940198124881087e+00
2.700000000000000178e+00 1.594183382614805744e+00
2.720000000000000195e+00 1.586449317097706313e+00
2.740000000000000213e+00 1.578738322974909458e+00
2.760000000000000231e+00 1.571050706714741452e+00
2.780000000000000249e+00 1.563386771293807431e+00
2.800000000000000266e+00 1.555746805074531336e+00
2.819999999999999840e+00 1.548131093118557677e+00
2.839999999999999858e+00 1.540539906196398023e+00
2.859999999999999876e+00 1.532973511964662805e+00
2.879999999999999893e+00 1.525432164115725353e+00
2.899999999999999911e+00 1.517916113410466394e+00
2.919999999999999929e+00 1.510425596975568219e+00
2.939999999999999947e+00 1.502960849183432313e+00
2.959999999999999964e+00 1.495522091105099927e+00
2.979999999999999982e+00 1.488109541229052146e+00
3.000000000000000000e+00 1.480723405077420951e+00
3.020000000000000018e+00 1.473363885755372138e+00
3.040000000000000036e+00 1.466031173738661986e+00
3.060000000000000053e+00 1.458725457245276136e+00
3.080000000000000071e+00 1.451446912202136064e+00
3.100000000000000089e+00 1.444195712430657919e+00
3.120000000000000107e+00 1.436972019800734301e+00
3.140000000000000124e+00 1.429775994221902602e+00
3.160000000000000142e+00 1.422607783992467567e+00
3.180000000000000160e+00 1.415467535587941583e+00
3.200000000000000178e+00 1.408355384213504591e+00
3.220000000000000195e+00 1.401271463381408733e+00
3.240000000000000213e+00 1.394215895674690842e+00
3.260000000000000231e+00 1.387188802105205232e+00
3.280000000000000249e+00 1.380190293096871468e+00
3.300000000000000266e+00 1.373220477615987312e+00
3.320000000000000284e+00 1.366279454382010705e+00
3.339999999999999858e+00 1.359367320761824205e+00
3.359999999999999876e+00 1.352484164216356533e+00
3.379999999999999893e+00 1.345630070950455170e+00
3.399999999999999911e+00 1.338805117603437012e+00
3.419999999999999929e+00 1.332009379646199809e+00
3.439999999999999947e+00 1.325242923324045252e+00
3.459999999999999964e+00 1.318505813792736348e+00
3.479999999999999982e+00 1.311798107321678897e+00
3.500000000000000000e+00 1.305119859160561280e+00
3.520000000000000018e+00 1.298471116011321369e+00
3.540000000000000036e+00 1.291851923617021836e+00
3.560000000000000053e+00 1.285262319510754203e+00
3.580000000000000071e+00 1.278702340318377928e+00
3.600000000000000089e+00 1.272172014792829042e+00
3.620000000000000107e+00 1.265671370822373909e+00
3.640000000000000124e+00 1.259200428758495249e+00
3.660000000000000142e+00 1.252759208121322354e+00
3.680000000000000160e+00 1.246347721229574823e+00
3.700000000000000178e+00 1.239965979594772172e+00
3.720000000000000195e+00 1.233613987861512440e+00
3.740000000000000213e+00 1.227291749882096550e+00
3.760000000000000231e+00 1.220999262975609900e+00
3.780000000000000249e+00 1.214736523674624147e+00
3.800000000000000266e+00 1.208503522311345835e+00
3.820000000000000284e+00 1.202300248428012974e+00
3.839999999999999858e+00 1.196126685698662540e+00
3.859999999999999876e+00 1.189982816994827886e+00
3.879999999999999893e+00 1.183868619651230691e+00
3.899999999999999911e+00 1.177784070178396147e+00
3.919999999999999929e+00 1.171729139880832715e+00
3.939999999999999947e+00 1.165703799208169356e+00
3.959999999999999964e+00 1.159708013734155330e+00
3.979999999999999982e+00 1.153741748137929513e+00
4.000000000000000000e+00 1.147804962552432473e+00
4.020000000000000462e+00 1.141897616167377505e+00
4.040000000000000036e+00 1.136019663955442294e+00
4.060000000000000497e+00 1.130171059888564145e+00
4.080000000000000071e+00 1.124351754050482821e+00
4.099999999999999645e+00 1.118561695457956473e+00
4.120000000000000107e+00 1.112800829568038052e+00
4.139999999999999680e+00 1.107069100695783126e+00
4.160000000000000142e+00 1.101366449924904956e+00
4.179999999999999716e+00 1.095692817113529838e+00
4.200000000000000178e+00 1.090048139216632350e+00
4.219999999999999751e+00 1.084432351871416289e+00
4.240000000000000213e+00 1.078845388140175832e+00
4.259999999999999787e+00 1.073287179666845947e+00
4.280000000000000249e+00 1.067757655848710518e+00
4.299999999999999822e+00 1.062256744555692523e+00
4.320000000000000284e+00 1.056784371739576400e+00
4.339999999999999858e+00 1.051340461707534812e+00
4.360000000000000320e+00 1.045924937177365566e+00
4.379999999999999893e+00 1.040537719096769953e+00
4.400000000000000355e+00 1.035178727153263534e+00
4.419999999999999929e+00 1.029847879130754595e+00
4.440000000000000391e+00 1.024545091882583137e+00
4.459999999999999964e+00 1.019270280216920899e+00
4.480000000000000426e+00 1.014023358341664682e+00
4.500000000000000000e+00 1.008804238270089915e+00
4.520000000000000462e+00 1.003612831746146350e+00
4.540000000000000036e+00 9.984490481618730762e-01
4.560000000000000497e+00 9.933127969717758798e-01
4.580000000000000071e+00 9.882039851134741815e-01
4.600000000000000533e+00 9.831225199197215492e-01
4.620000000000000107e+00 9.780683060337261869e-01
4.639999999999999680e+00 9.730412488275699268e-01
4.660000000000000142e+00 9.680412508036330133e-01
4.679999999999999716e+00 9.630682155279820522e-01
4.700000000000000178e+00 9.581220435093212862e-01
4.719999999999999751e+00 9.532026366561440200e-01
4.740000000000000213e+00 9.483098936245840660e-01
4.759999999999999787e+00 9.434437148079551916e-01
4.780000000000000249e+00 9.386039971448864039e-01
4.799999999999999822e+00 9.337906396500609274e-01
4.820000000000000284e+00 9.290035376739996797e-01
4.839999999999999858e+00 9.242425889836369812e-01
4.860000000000000320e+00 9.195076874651092469e-01
4.879999999999999893e+00 9.147987297630066905e-01
4.900000000000000355e+00 9.101156084174880645e-01
4.919999999999999929e+00 9.054582190709049572e-01
4.940000000000000391e+00 9.008264530305349904e-01
4.959999999999999964e+00 8.962202050514680440e-01
4.980000000000000426e+00 8.916393653162337785e-01
5.000000000000000000e+00 8.870838278026830226e-01
5.020000000000000462e+00 8.825534816717658382e-01
5.040000000000000036e+00 8.780482202293352634e-01
5.060000000000000497e+00 8.735679317132989397e-01
5.080000000000000071e+00 8.691125088581296287e-01
5.100000000000000533e+00 8.646818390725947712e-01
5.120000000000000107e+00 8.602758146159531494e-01
5.139999999999999680e+00 8.558943221574211169e-01
5.160000000000000142e+00 8.515372535729015535e-01
5.179999999999999716e+00 8.472044948773337358e-01
5.200000000000000178e+00 8.428959376509811419e-01
5.219999999999999751e+00 8.386114673357738525e-01
5.240000000000000213e+00 8.343509753000530882e-01
5.259999999999999787e+00 8.301143464899817248e-01
5.280000000000000249e+00 8.259014721418418414e-01
5.299999999999999822e+00 8.217122367795687277e-01
5.320000000000000284e+00 8.175465315835364066e-01
5.339999999999999858e+00 8.134042407252437545e-01
5.360000000000000320e+00 8.092852554017505584e-01
5.379999999999999893e+00 8.051894594984635445e-01
5.400000000000000355e+00 8.011167442982750631e-01
5.419999999999999929e+00 7.970669934633830556e-01
5.440000000000000391e+00 7.930400984283524357e-01
5.459999999999999964e+00 7.890359426918748253e-01
5.480000000000000426e+00 7.850544179028445813e-01
5.500000000000000000e+00 7.810954074529283808e-01
5.520000000000000462e+00 7.771588032649573430e-01
5.540000000000000036e+00 7.732444886771044912e-01
5.560000000000000497e+00 7.693523559428069314e-01
5.580000000000000071e+00 7.654822883973110281e-01
5.600000000000000533e+00 7.616341786784880385e-01
5.620000000000000107e+00 7.578079101665107231e-01
5.639999999999999680e+00 7.540033759348188092e-01
5.660000000000000142e+00 7.502204594535969440e-01
5.679999999999999716e+00 7.464590542803829498e-01
5.700000000000000178e+00 7.427190440179589626e-01
5.719999999999999751e+00 7.390003227539865271e-01
5.740000000000000213e+00 7.353027742638987840e-01
5.759999999999999787e+00 7.316262932091072146e-01
5.780000000000000249e+00 7.279707635754304462e-01
5.799999999999999822e+00 7.243360806393623896e-01
5.820000000000000284e+00 7.207221286325070642e-01
5.839999999999999858e+00 7.171288034855618498e-01
5.860000000000000320e+00 7.135559897091824366e-01
5.879999999999999893e+00 7.100035839252852865e-01
5.900000000000000355e+00 7.064714709546903171e-01
5.919999999999999929e+00 7.029595481455122030e-01
5.940000000000000391e+00 6.994677006578982059e-01
5.959999999999999964e+00 6.959958265992114423e-01
5.980000000000000426e+00 6.925438114960882352e-01
6.000000000000000000e+00 6.891115542463268628e-01
6.020000000000000462e+00 6.856989407684394022e-01
6.040000000000000036e+00 6.823058707800622180e-01
6.060000000000000497e+00 6.789322306151317488e-01
6.080000000000000071e+00 6.755779208388329460e-01
6.100000000000000533e+00 6.722428282224242047e-01
6.120000000000000107e+00 6.689268542047244193e-01
6.140000000000000568e+00 6.656298860145412055e-01
6.160000000000000142e+00 6.623518259888361293e-01
6.179999999999999716e+00 6.590925618326921587e-01
6.200000000000000178e+00 6.558519968042549886e-01
6.219999999999999751e+00 6.526300191020409924e-01
6.240000000000000213e+00 6.494265329269890419e-01
6.259999999999999787e+00 6.462414269868647088e-01
6.280000000000000249e+00 6.430746064456507316e-01
6.299999999999999822e+00 6.399259605347227264e-01
6.320000000000000284e+00 6.367953954000641348e-01
6.339999999999999858e+00 6.336828008097979970e-01
6.360000000000000320e+00 6.305880839096190682e-01
6.379999999999999893e+00 6.275111350162118073e-01
6.400000000000000355e+00 6.244518622915186112e-01
6.419999999999999929e+00 6.214101566114608177e-01
6.440000000000000391e+00 6.183859271696398041e-01
6.459999999999999964e+00 6.153790654106898739e-01
6.480000000000000426e+00 6.123894815741997011e-01
6.500000000000000000e+00 6.094170676819631316e-01
6.520000000000000462e+00 6.064617350328670442e-01
6.540000000000000036e+00 6.035233762331946306e-01
6.560000000000000497e+00 6.006019036534628874e-01
6.580000000000000071e+00 5.976972104908500061e-01
6.600000000000000533e+00 5.948092101989134184e-01
6.620000000000000107e+00 5.919377965711015710e-01
6.640000000000000568e+00 5.890828841545345806e-01
6.660000000000000142e+00 5.862443673434740710e-01
6.679999999999999716e+00 5.834221617882806576e-01
6.700000000000000178e+00 5.806161624876283733e-01
6.719999999999999751e+00 5.778262862040066672e-01
6.740000000000000213e+00 5.750524285433393779e-01
6.759999999999999787e+00 5.722945073883700662e-01
6.780000000000000249e+00 5.695524189542520155e-01
6.799999999999999822e+00 5.668260822513883079e-01
6.820000000000000284e+00 5.641153941054499743e-01
6.839999999999999858e+00 5.614202746612237949e-01
6.860000000000000320e+00 5.587406213554015899e-01
6.879999999999999893e+00 5.560763554732276459e-01
6.900000000000000355e+00 5.534273750622972221e-01
6.919999999999999929e+00 5.507936025537760738e-01
6.940000000000000391e+00 5.481749366053240147e-01
6.959999999999999964e+00 5.455713007988994834e-01
6.980000000000000426e+00 5.429825944008352945e-01
7.000000000000000000e+00 5.404087421482171028e-01
7.020000000000000462e+00 5.378496439139869301e-01
7.040000000000000036e+00 5.353052255941703752e-01
7.060000000000000497e+00 5.327753876657610466e-01
7.080000000000000071e+00 5.302600571870410562e-01
7.100000000000000533e+00 5.277591352358922405e-01
7.120000000000000107e+00 5.252725500357106059e-01
7.140000000000000568e+00 5.228002032616551054e-01
7.160000000000000142e+00 5.203420243046582572e-01
7.179999999999999716e+00 5.178979154329851342e-01
7.200000000000000178e+00 5.154678072071119388e-01
7.219999999999999751e+00 5.130516024838521760e-01
7.240000000000000213e+00 5.106492329948475462e-01
7.259999999999999787e+00 5.082606021803811602e-01
7.280000000000000249e+00 5.058856429445208747e-01
7.299999999999999822e+00 5.035242593055908600e-01
7.320000000000000284e+00 5.011763853410042824e-01
7.339999999999999858e+00 4.988419256412358060e-01
7.360000000000000320e+00 4.965208154576426502e-01
7.379999999999999893e+00 4.942129599466430490e-01
7.400000000000000355e+00 4.919182955338368135e-01
7.419999999999999929e+00 4.896367279349500001e-01
7.440000000000000391e+00 4.873681947498541556e-01
7.459999999999999964e+00 4.851126022466686893e-01
7.480000000000000426e+00 4.828698891993003506e-01
7.500000000000000000e+00 4.806399624209575228e-01
7.520000000000000462e+00 4.784227618591020970e-01
7.540000000000000036e+00 4.762181948644992335e-01
7.560000000000000497e+00 4.740262025574623617e-01
7.580000000000000071e+00 4.718466928183940867e-01
7.600000000000000533e+00 4.696796079395513801e-01
7.620000000000000107e+00 4.675248563228753262e-01
7.640000000000000568e+00 4.653823814314688168e-01
7.660000000000000142e+00 4.632520921803476854e-01
7.679999999999999716e+00 4.611339332021895387e-01
7.700000000000000178e+00 4.590278139164690185e-01
7.719999999999999751e+00 4.569336801239925472e-01
7.740000000000000213e+00 4.548514417397589438e-01
7.759999999999999787e+00 4.527810457311267633e-01
7.780000000000000249e+00 4.507224024995317713e-01
7.799999999999999822e+00 4.486754601771684725e-01
7.820000000000000284e+00 4.466401296425343559e-01
7.839999999999999858e+00 4.446163601908215135e-01
7.860000000000000320e+00 4.426040631680996373e-01
7.879999999999999893e+00 4.406031890306107424e-01
7.900000000000000355e+00 4.386136495822307024e-01
7.919999999999999929e+00 4.366353964382109765e-01
7.940000000000000391e+00 4.346683418503720087e-01
7.959999999999999964e+00 4.327124385908481252e-01
7.980000000000000426e+00 4.307675993492861011e-01
8.000000000000000000e+00 4.288337780525023901e-01
8.019999999999999574e+00 4.269108878177823585e-01
8.040000000000000924e+00 4.249988837243569018e-01
8.060000000000000497e+00 4.230976793067228181e-01
8.080000000000000071e+00 4.212072307942061333e-01
8.099999999999999645e+00 4.193274521280335176e-01
8.120000000000000995e+00 4.174583006852584655e-01
8.140000000000000568e+00 4.155996908031342474e-01
8.160000000000000142e+00 4.137515810040412467e-01
8.179999999999999716e+00 4.119138860105154287e-01
8.199999999999999289e+00 4.100865654878327882e-01
8.220000000000000639e+00 4.082695345328653524e-01
8.240000000000000213e+00 4.064627539513371857e-01
8.259999999999999787e+00 4.046661392034781590e-01
8.279999999999999361e+00 4.028796522330031493e-01
8.300000000000000711e+00 4.011032088523294181e-01
8.320000000000000284e+00 3.993367721407039550e-01
8.339999999999999858e+00 3.975802582515448602e-01
8.359999999999999432e+00 3.958336313971707043e-01
8.380000000000000782e+00 3.940968080606483959e-01
8.400000000000000355e+00 3.923697535849126061e-01
8.419999999999999929e+00 3.906523847713154196e-01
8.439999999999999503e+00 3.889446680909759979e-01
8.460000000000000853e+00 3.872465206519969394e-01
8.480000000000000426e+00 3.855579100512712132e-01
8.500000000000000000e+00 3.838787536921334786e-01
8.519999999999999574e+00 3.822090202948712490e-01
8.540000000000000924e+00 3.805486275463613732e-01
8.560000000000000497e+00 3.788975452879400074e-01
8.580000000000000071e+00 3.772556914783682380e-01
8.599999999999999645e+00 3.756230370777171035e-01
8.620000000000000995e+00 3.739995003048180444e-01
8.640000000000000568e+00 3.723850532362116827e-01
8.660000000000000142e+00 3.707796143390176269e-01
8.679999999999999716e+00 3.691831568040340739e-01
8.700000000000001066e+00 3.675955993347330142e-01
8.720000000000000639e+00 3.660169162340093929e-01
8.740000000000000213e+00 3.644470264297984818e-01
8.759999999999999787e+00 3.628859053349845487e-01
8.779999999999999361e+00 3.613334720899379904e-01
8.800000000000000711e+00 3.597897032154886432e-01
8.820000000000000284e+00 3.582545180524565609e-01
8.839999999999999858e+00 3.567278942276481679e-01
8.859999999999999432e+00 3.552097512702084292e-01
8.880000000000000782e+00 3.537000679110139378e-01
8.900000000000000355e+00 3.521987638554764377e-01
8.919999999999999929e+00 3.507058189366988321e-01
8.939999999999999503e+00 3.492211530241684514e-01
8.960000000000000853e+00 3.477447470514612449e-01
8.980000000000000426e+00 3.462765210400058358e-01
9.000000000000000000e+00 3.448164570221746716e-01
9.019999999999999574e+00 3.433644751590709254e-01
9.040000000000000924e+00 3.419205585802707614e-01
9.060000000000000497e+00 3.404846275743673156e-01
9.080000000000000071e+00 3.390566663666155223e-01
9.099999999999999645e+00 3.376365953607913251e-01
9.120000000000000995e+00 3.362243998764009034e-01
9.140000000000000568e+00 3.348200004201641877e-01
9.160000000000000142e+00 3.334233834045104983e-01
9.179999999999999716e+00 3.320344694267252650e-01
9.200000000000001066e+00 3.306532459909232169e-01
9.220000000000000639e+00 3.292796337726919265e-01
9.240000000000000213e+00 3.279136213666563604e-01
9.259999999999999787e+00 3.265551295143120925e-01
9.279999999999999361e+00 3.252041478997395041e-01
9.300000000000000711e+00 3.238605973180311293e-01
9.320000000000000284e+00 3.225244685417672508e-01
9.339999999999999858e+00 3.211956824071990346e-01
9.359999999999999432e+00 3.198742307745451319e-01
9.380000000000000782e+00 3.185600345088863694e-01
9.400000000000000355e+00 3.172530865572955605e-01
9.419999999999999929e+00 3.159533078012447538e-01
9.439999999999999503e+00 3.146606922740069479e-01
9.460000000000000853e+00 3.133751608610702011e-01
9.480000000000000426e+00 3.120967086813514202e-01
9.500000000000000000e+00 3.108252566118884230e-01
9.519999999999999574e+00 3.095608008567728442e-01
9.540000000000000924e+00 3.083032622722373106e-01
9.560000000000000497e+00 3.070526381471734845e-01
9.580000000000000071e+00 3.058088493045397205e-01
9.599999999999999645e+00 3.045718941177755212e-01
9.620000000000000995e+00 3.033416933641817081e-01
