# Electrodo circular de radio 6 mm y espesor 710.0 um.
# Volumen de simulacion (convencion z,y,x):
# N: 1024 x 1024 x 1024 | voxelSize:  0.02mm x 0.02mm x 0.02mm | FOV:  20.48mm x 20.48mm x 20.48mm
# 
# z [mm]		 delta[ppm]
0.000000000000000000e+00 2.367031971454112149e+00
2.000000000000000042e-02 2.364637011073114525e+00
4.000000000000000083e-02 2.362168996832380241e+00
5.999999999999999778e-02 2.359628327600916897e+00
8.000000000000000167e-02 2.357015404083384613e+00
1.000000000000000056e-01 2.354330637443868834e+00
1.199999999999999956e-01 2.351574448350243873e+00
1.400000000000000133e-01 2.348747269129935145e+00
1.600000000000000033e-01 2.345849540447335624e+00
1.799999999999999933e-01 2.342881714611942723e+00
2.000000000000000111e-01 2.339844251676804987e+00
2.200000000000000011e-01 2.336737623121539098e+00
2.399999999999999911e-01 2.333562307744367459e+00
2.600000000000000089e-01 2.330318795540482490e+00
2.800000000000000266e-01 2.327007583386515588e+00
2.999999999999999889e-01 2.323629179105467291e+00
3.200000000000000067e-01 2.320184096965584253e+00
3.400000000000000244e-01 2.316672861923002813e+00
3.599999999999999867e-01 2.313096004932863270e+00
3.800000000000000044e-01 2.309454067367298968e+00
4.000000000000000222e-01 2.305747596147546652e+00
4.199999999999999845e-01 2.301977148333315348e+00
4.400000000000000022e-01 2.298143286076824054e+00
4.600000000000000200e-01 2.294246581381025774e+00
4.799999999999999822e-01 2.290287610881450497e+00
5.000000000000000000e-01 2.286266960770065637e+00
5.200000000000000178e-01 2.282185221407148301e+00
5.400000000000000355e-01 2.278042992408093159e+00
5.600000000000000533e-01 2.273840877090216761e+00
5.799999999999999600e-01 2.269579487719458832e+00
5.999999999999999778e-01 2.265259439794982566e+00
6.199999999999999956e-01 2.260881357452914742e+00
6.400000000000000133e-01 2.256445867593302790e+00
6.600000000000000311e-01 2.251953605437760686e+00
6.800000000000000488e-01 2.247405208502120555e+00
7.000000000000000666e-01 2.242801322304895262e+00
7.199999999999999734e-01 2.238142594190112078e+00
7.399999999999999911e-01 2.233429679183325245e+00
7.600000000000000089e-01 2.228663233668273236e+00
7.800000000000000266e-01 2.223843921387158584e+00
8.000000000000000444e-01 2.218972406975639799e+00
8.200000000000000622e-01 2.214049362103926111e+00
8.399999999999999689e-01 2.209075458874024456e+00
8.599999999999999867e-01 2.204051376098131509e+00
8.800000000000000044e-01 2.198977792562763156e+00
9.000000000000000222e-01 2.193855393440756973e+00
9.200000000000000400e-01 2.188684863426438199e+00
9.400000000000000577e-01 2.183466893277544951e+00
9.599999999999999645e-01 2.178202172826098959e+00
9.799999999999999822e-01 2.172891397646387279e+00
1.000000000000000000e+00 2.167535261945940039e+00
1.020000000000000018e+00 2.162134465355599833e+00
1.040000000000000036e+00 2.156689705705419069e+00
1.060000000000000053e+00 2.151201685932766949e+00
1.080000000000000071e+00 2.145671106747695678e+00
1.100000000000000089e+00 2.140098673654919459e+00
1.120000000000000107e+00 2.134485089513606493e+00
1.140000000000000124e+00 2.128831061668929880e+00
1.159999999999999920e+00 2.123137294411040266e+00
1.179999999999999938e+00 2.117404496211807263e+00
1.199999999999999956e+00 2.111633372088036253e+00
1.219999999999999973e+00 2.105824630938919917e+00
1.239999999999999991e+00 2.099978977818392156e+00
1.260000000000000009e+00 2.094097121368710290e+00
1.280000000000000027e+00 2.088179766007145943e+00
1.300000000000000044e+00 2.082227619450981226e+00
1.320000000000000062e+00 2.076241384823616531e+00
1.340000000000000080e+00 2.070221768266183204e+00
1.360000000000000098e+00 2.064169470968383990e+00
1.380000000000000115e+00 2.058085196861820343e+00
1.400000000000000133e+00 2.051969644580776464e+00
1.419999999999999929e+00 2.045823515232266132e+00
1.439999999999999947e+00 2.039647504292205316e+00
1.459999999999999964e+00 2.033442309447067498e+00
1.479999999999999982e+00 2.027208622430810792e+00
1.500000000000000000e+00 2.020947136932937926e+00
1.520000000000000018e+00 2.014658540381754737e+00
1.540000000000000036e+00 2.008343521913513730e+00
1.560000000000000053e+00 2.002002764107508437e+00
1.580000000000000071e+00 1.995636951010929083e+00
1.600000000000000089e+00 1.989246759831453382e+00
1.620000000000000107e+00 1.982832869012327137e+00
1.640000000000000124e+00 1.976395949888094083e+00
1.660000000000000142e+00 1.969936674804313448e+00
1.679999999999999938e+00 1.963455708742222194e+00
1.699999999999999956e+00 1.956953717477434074e+00
1.719999999999999973e+00 1.950431359179281454e+00
1.739999999999999991e+00 1.943889292602736463e+00
1.760000000000000009e+00 1.937328168668359885e+00
1.780000000000000027e+00 1.930748638681564433e+00
1.800000000000000044e+00 1.924151345899079768e+00
1.820000000000000062e+00 1.917536933769623975e+00
1.840000000000000080e+00 1.910906037492903220e+00
1.860000000000000098e+00 1.904259292275667148e+00
1.880000000000000115e+00 1.897597324889251924e+00
1.900000000000000133e+00 1.890920761934931305e+00
1.919999999999999929e+00 1.884230221406115069e+00
1.939999999999999947e+00 1.877526320956826922e+00
1.959999999999999964e+00 1.870809669474690740e+00
1.979999999999999982e+00 1.864080875346247668e+00
2.000000000000000000e+00 1.857340538046990286e+00
2.020000000000000018e+00 1.850589256397188631e+00
2.040000000000000036e+00 1.843827620175196635e+00
2.060000000000000053e+00 1.837056218357374426e+00
2.080000000000000071e+00 1.830275630761015071e+00
2.100000000000000089e+00 1.823486436261877230e+00
2.120000000000000107e+00 1.816689204473091790e+00
2.140000000000000124e+00 1.809884503933737232e+00
2.160000000000000142e+00 1.803072893830177659e+00
2.180000000000000160e+00 1.796254932149045969e+00
2.200000000000000178e+00 1.789431167447484983e+00
2.220000000000000195e+00 1.782602146963840895e+00
2.240000000000000213e+00 1.775768408443357593e+00
2.260000000000000231e+00 1.768930488199815798e+00
2.280000000000000249e+00 1.762088913003248880e+00
2.300000000000000266e+00 1.755244208085694924e+00
2.319999999999999840e+00 1.748396889097597162e+00
2.339999999999999858e+00 1.741547470050775814e+00
2.359999999999999876e+00 1.734696455350181576e+00
2.379999999999999893e+00 1.727844347667138569e+00
2.399999999999999911e+00 1.720991640053202154e+00
2.419999999999999929e+00 1.714138823736651940e+00
2.439999999999999947e+00 1.707286380325248043e+00
2.459999999999999964e+00 1.700434789518892487e+00
2.479999999999999982e+00 1.693584521408127985e+00
2.500000000000000000e+00 1.686736044095852094e+00
2.520000000000000018e+00 1.679889816098432354e+00
2.540000000000000036e+00 1.673046293869285828e+00
2.560000000000000053e+00 1.666205924309565489e+00
2.580000000000000071e+00 1.659369152186357388e+00
2.600000000000000089e+00 1.652536412759917583e+00
2.620000000000000107e+00 1.645708139089206989e+00
2.640000000000000124e+00 1.638884754782709896e+00
2.660000000000000142e+00 1.632066681183966361e+00
2.680000000000000160e+00 1.625254330253057988e+00
2.700000000000000178e+00 1.618448111624740005e+00
2.720000000000000195e+00 1.611648425627719927e+00
2.740000000000000213e+00 1.604855670207955498e+00
2.760000000000000231e+00 1.598070234092908715e+00
2.780000000000000249e+00 1.591292503572519390e+00
2.800000000000000266e+00 1.584522855815639897e+00
2.819999999999999840e+00 1.577761665501177246e+00
2.839999999999999858e+00 1.571009298293962742e+00
2.859999999999999876e+00 1.564266117318488858e+00
2.879999999999999893e+00 1.557532476801523735e+00
2.899999999999999911e+00 1.550808728380822066e+00
2.919999999999999929e+00 1.544095214921859194e+00
2.939999999999999947e+00 1.537392276653829937e+00
2.959999999999999964e+00 1.530700245167900597e+00
2.979999999999999982e+00 1.524019449372827850e+00
3.000000000000000000e+00 1.517350209682142737e+00
3.020000000000000018e+00 1.510692843781658690e+00
3.040000000000000036e+00 1.504047661013070414e+00
3.060000000000000053e+00 1.497414967945569497e+00
3.080000000000000071e+00 1.490795062963398587e+00
3.100000000000000089e+00 1.484188241633745964e+00
3.120000000000000107e+00 1.477594791505819405e+00
3.140000000000000124e+00 1.471014997267185320e+00
3.160000000000000142e+00 1.464449135761968446e+00
3.180000000000000160e+00 1.457897480927732081e+00
3.200000000000000178e+00 1.451360299040456159e+00
3.220000000000000195e+00 1.444837853424068452e+00
3.240000000000000213e+00 1.438330399929854231e+00
3.260000000000000231e+00 1.431838191410684802e+00
3.280000000000000249e+00 1.425361473442612770e+00
3.300000000000000266e+00 1.418900488555797645e+00
3.320000000000000284e+00 1.412455472206046725e+00
3.339999999999999858e+00 1.406026656754421955e+00
3.359999999999999876e+00 1.399614267696535297e+00
3.379999999999999893e+00 1.393218527382785510e+00
3.399999999999999911e+00 1.386839651513260163e+00
3.419999999999999929e+00 1.380477852590499044e+00
3.439999999999999947e+00 1.374133336687884066e+00
3.459999999999999964e+00 1.367806306626855761e+00
3.479999999999999982e+00 1.361496959026678333e+00
3.500000000000000000e+00 1.355205487197945757e+00
3.520000000000000018e+00 1.348932078481714480e+00
3.540000000000000036e+00 1.342676916851133884e+00
3.560000000000000053e+00 1.336440180547914025e+00
3.580000000000000071e+00 1.330222044383856828e+00
3.600000000000000089e+00 1.324022677682733740e+00
3.620000000000000107e+00 1.317842246273490003e+00
3.640000000000000124e+00 1.311680910745553152e+00
3.660000000000000142e+00 1.305538828125470507e+00
3.680000000000000160e+00 1.299416150453771790e+00
3.700000000000000178e+00 1.293313026136722943e+00
3.720000000000000195e+00 1.287229598852891455e+00
3.740000000000000213e+00 1.281166008571702486e+00
3.760000000000000231e+00 1.275122390797869931e+00
3.780000000000000249e+00 1.269098877248427515e+00
3.800000000000000266e+00 1.263095595443218588e+00
3.820000000000000284e+00 1.257112669032018903e+00
3.839999999999999858e+00 1.251150217739358750e+00
3.859999999999999876e+00 1.245208357333326799e+00
3.879999999999999893e+00 1.239287199932989969e+00
3.899999999999999911e+00 1.233386853610440648e+00
3.919999999999999929e+00 1.227507423069158277e+00
3.939999999999999947e+00 1.221649008870837605e+00
3.959999999999999964e+00 1.215811708493019339e+00
3.979999999999999982e+00 1.209995615172211769e+00
4.000000000000000000e+00 1.204200819349213303e+00
4.020000000000000462e+00 1.198427407119987853e+00
4.040000000000000036e+00 1.192675462077079418e+00
4.060000000000000497e+00 1.186945063359721386e+00
4.080000000000000071e+00 1.181236287899797732e+00
4.099999999999999645e+00 1.175549208062629081e+00
4.120000000000000107e+00 1.169883894305937311e+00
4.139999999999999680e+00 1.164240412402694158e+00
4.160000000000000142e+00 1.158618826521673917e+00
4.179999999999999716e+00 1.153019196023716164e+00
4.200000000000000178e+00 1.147441578972381526e+00
4.219999999999999751e+00 1.141886028494995209e+00
4.240000000000000213e+00 1.136352596732033371e+00
4.259999999999999787e+00 1.130841330754237761e+00
4.280000000000000249e+00 1.125352276959329156e+00
4.299999999999999822e+00 1.119885476536498059e+00
4.320000000000000284e+00 1.114440970319141355e+00
4.339999999999999858e+00 1.109018793787944324e+00
4.360000000000000320e+00 1.103618982388357539e+00
4.379999999999999893e+00 1.098241566063476338e+00
4.400000000000000355e+00 1.092886575044996977e+00
4.419999999999999929e+00 1.087554033907121021e+00
4.440000000000000391e+00 1.082243967839707777e+00
4.459999999999999964e+00 1.076956396214375333e+00
4.480000000000000426e+00 1.071691339348711525e+00
4.500000000000000000e+00 1.066448811575637201e+00
4.520000000000000462e+00 1.061228828507529753e+00
4.540000000000000036e+00 1.056031399599976162e+00
4.560000000000000497e+00 1.050856535924668655e+00
4.580000000000000071e+00 1.045704242218611135e+00
4.600000000000000533e+00 1.040574525174707166e+00
4.620000000000000107e+00 1.035467384967433180e+00
4.639999999999999680e+00 1.030382824070114278e+00
4.660000000000000142e+00 1.025320838248046318e+00
4.679999999999999716e+00 1.020281425911423234e+00
4.700000000000000178e+00 1.015264578566884346e+00
4.719999999999999751e+00 1.010270290715161279e+00
4.740000000000000213e+00 1.005298549751937554e+00
4.759999999999999787e+00 1.000349346419292296e+00
4.780000000000000249e+00 9.954226641467577297e-01
4.799999999999999822e+00 9.905184900656971436e-01
4.820000000000000284e+00 9.856368037814035032e-01
4.839999999999999858e+00 9.807775889595456986e-01
4.860000000000000320e+00 9.759408215201309522e-01
4.879999999999999893e+00 9.711264818052225412e-01
4.900000000000000355e+00 9.663345421855416006e-01
4.919999999999999929e+00 9.615649798186931552e-01
4.940000000000000391e+00 9.568177636591158608e-01
4.959999999999999964e+00 9.520928678161298953e-01
4.980000000000000426e+00 9.473902579579261962e-01
5.000000000000000000e+00 9.427099052787435429e-01
5.020000000000000462e+00 9.380517722875453268e-01
5.040000000000000036e+00 9.334158273937190886e-01
5.060000000000000497e+00 9.288020300710436716e-01
5.080000000000000071e+00 9.242103460713066987e-01
5.100000000000000533e+00 9.196407319541323178e-01
5.120000000000000107e+00 9.150931509380032525e-01
5.139999999999999680e+00 9.105675567864460751e-01
5.160000000000000142e+00 9.060639103059672239e-01
5.179999999999999716e+00 9.015821625790685356e-01
5.200000000000000178e+00 8.971222721186693505e-01
5.219999999999999751e+00 8.926841874383741882e-01
5.240000000000000213e+00 8.882678648729787074e-01
5.259999999999999787e+00 8.838732504763561204e-01
5.280000000000000249e+00 8.795002985177307053e-01
5.299999999999999822e+00 8.751489526975206878e-01
5.320000000000000284e+00 8.708191653290473511e-01
5.339999999999999858e+00 8.665108778626264829e-01
5.360000000000000320e+00 8.622240407625036962e-01
5.379999999999999893e+00 8.579585933293892852e-01
5.400000000000000355e+00 8.537144842824408997e-01
5.419999999999999929e+00 8.494916508704140057e-01
5.440000000000000391e+00 8.452900401685727871e-01
5.459999999999999964e+00 8.411095874685798890e-01
5.480000000000000426e+00 8.369502383002334067e-01
5.500000000000000000e+00 8.328119260901724052e-01
5.520000000000000462e+00 8.286945949184381099e-01
5.540000000000000036e+00 8.245981764359850974e-01
5.560000000000000497e+00 8.205226133661155385e-01
5.580000000000000071e+00 8.164678356707388840e-01
5.600000000000000533e+00 8.124337848067687551e-01
5.620000000000000107e+00 8.084203891310602907e-01
5.639999999999999680e+00 8.044275889218944764e-01
5.660000000000000142e+00 8.004553110124188464e-01
5.679999999999999716e+00 7.965034945874693850e-01
5.700000000000000178e+00 7.925720650352638952e-01
5.719999999999999751e+00 7.886609605298466885e-01
5.740000000000000213e+00 7.847701050907536224e-01
5.759999999999999787e+00 7.808994359614062075e-01
5.780000000000000249e+00 7.770488758664050311e-01
5.799999999999999822e+00 7.732183611962846204e-01
5.820000000000000284e+00 7.694078134520145884e-01
5.839999999999999858e+00 7.656171682465801043e-01
5.860000000000000320e+00 7.618463459262129200e-01
5.879999999999999893e+00 7.580952813993463435e-01
5.900000000000000355e+00 7.543638939240138175e-01
5.919999999999999929e+00 7.506521177747842444e-01
5.940000000000000391e+00 7.469598711857230455e-01
5.959999999999999964e+00 7.432870878659777469e-01
5.980000000000000426e+00 7.396336850875998570e-01
6.000000000000000000e+00 7.359995960605485443e-01
6.020000000000000462e+00 7.323847371546090557e-01
6.040000000000000036e+00 7.287890411446200645e-01
6.060000000000000497e+00 7.252124235556740572e-01
6.080000000000000071e+00 7.216548167894545340e-01
6.100000000000000533e+00 7.181161355817944347e-01
6.120000000000000107e+00 7.145963120211293873e-01
6.140000000000000568e+00 7.110952601074047585e-01
6.160000000000000142e+00 7.076129116736789015e-01
6.179999999999999716e+00 7.041491800353490982e-01
6.200000000000000178e+00 7.007039968260179164e-01
6.219999999999999751e+00 6.972772747258743076e-01
6.240000000000000213e+00 6.938689452230560883e-01
6.259999999999999787e+00 6.904789204099701649e-01
6.280000000000000249e+00 6.871071316814074681e-01
6.299999999999999822e+00 6.837534905875013447e-01
6.320000000000000284e+00 6.804179284799907190e-01
6.339999999999999858e+00 6.771003564104181027e-01
6.360000000000000320e+00 6.738007057359769458e-01
6.379999999999999893e+00 6.705188870514948718e-01
6.400000000000000355e+00 6.672548317663974382e-01
6.419999999999999929e+00 6.640084500589138461e-01
6.440000000000000391e+00 6.607796734357923585e-01
6.459999999999999964e+00 6.575684116970764714e-01
6.480000000000000426e+00 6.543745964902776269e-01
6.500000000000000000e+00 6.511981372740005547e-01
6.520000000000000462e+00 6.480389658783680673e-01
6.540000000000000036e+00 6.448969914556624827e-01
6.560000000000000497e+00 6.417721460589057569e-01
6.580000000000000071e+00 6.386643385676091800e-01
6.600000000000000533e+00 6.355735012964771613e-01
6.620000000000000107e+00 6.324995428842479228e-01
6.640000000000000568e+00 6.294423959446211470e-01
6.660000000000000142e+00 6.264019689060827956e-01
6.679999999999999716e+00 6.233781947172082338e-01
6.700000000000000178e+00 6.203709816252884757e-01
6.719999999999999751e+00 6.173802629482801896e-01
6.740000000000000213e+00 6.144059467799284358e-01
6.759999999999999787e+00 6.114479668407305502e-01
6.780000000000000249e+00 6.085062310971613986e-01
6.799999999999999822e+00 6.055806737041136145e-01
6.820000000000000284e+00 6.026712025257341399e-01
6.839999999999999858e+00 5.997777521819073199e-01
6.860000000000000320e+00 5.969002304581001450e-01
6.879999999999999893e+00 5.940385724685569580e-01
6.900000000000000355e+00 5.911926859424595504e-01
6.919999999999999929e+00 5.883625065165973833e-01
6.940000000000000391e+00 5.855479418850421114e-01
6.959999999999999964e+00 5.827489282341543619e-01
6.980000000000000426e+00 5.799653732428923236e-01
7.000000000000000000e+00 5.771972136731179370e-01
7.020000000000000462e+00 5.744443572075134119e-01
7.040000000000000036e+00 5.717067412082921241e-01
7.060000000000000497e+00 5.689842733795946739e-01
7.080000000000000071e+00 5.662768917077896091e-01
7.100000000000000533e+00 5.635845039351339292e-01
7.120000000000000107e+00 5.609070486949528922e-01
7.140000000000000568e+00 5.582444337832298542e-01
7.160000000000000142e+00 5.555965985020810960e-01
7.179999999999999716e+00 5.529634507158132095e-01
7.200000000000000178e+00 5.503449304162200129e-01
7.219999999999999751e+00 5.477409455495588775e-01
7.240000000000000213e+00 5.451514368172839520e-01
7.259999999999999787e+00 5.425763122602749178e-01
7.280000000000000249e+00 5.400155133087519710e-01
7.299999999999999822e+00 5.374689481099713673e-01
7.320000000000000284e+00 5.349365588411835182e-01
7.339999999999999858e+00 5.324182537668953330e-01
7.360000000000000320e+00 5.299139758288312629e-01
7.379999999999999893e+00 5.274236334187616393e-01
7.400000000000000355e+00 5.249471702595402967e-01
7.419999999999999929e+00 5.224844948793830879e-01
7.440000000000000391e+00 5.200355517981840592e-01
7.459999999999999964e+00 5.176002496889782201e-01
7.480000000000000426e+00 5.151785338838722472e-01
7.500000000000000000e+00 5.127703132083267779e-01
7.520000000000000462e+00 5.103755338211266590e-01
7.540000000000000036e+00 5.079941047070266613e-01
7.560000000000000497e+00 5.056259728652813257e-01
7.580000000000000071e+00 5.032710474460607708e-01
7.600000000000000533e+00 5.009292763022297201e-01
7.620000000000000107e+00 4.986005687548252241e-01
7.640000000000000568e+00 4.962848735228402863e-01
7.660000000000000142e+00 4.939821001029262582e-01
7.679999999999999716e+00 4.916921980921205027e-01
7.700000000000000178e+00 4.894150771668111521e-01
7.719999999999999751e+00 4.871506878134063689e-01
7.740000000000000213e+00 4.848989398915181104e-01
7.759999999999999787e+00 4.826597847877074354e-01
7.780000000000000249e+00 4.804331325476937642e-01
7.799999999999999822e+00 4.782189354684344140e-01
7.820000000000000284e+00 4.760171037840532082e-01
7.839999999999999858e+00 4.738275907116348273e-01
7.860000000000000320e+00 4.716503066754528239e-01
7.879999999999999893e+00 4.694852058219597390e-01
7.900000000000000355e+00 4.673321987667736765e-01
7.919999999999999929e+00 4.651912405944840234e-01
7.940000000000000391e+00 4.630622421127373878e-01
7.959999999999999964e+00 4.609451593525765722e-01
7.980000000000000426e+00 4.588399033138494398e-01
8.000000000000000000e+00 4.567464309819368462e-01
8.019999999999999574e+00 4.546646535485899809e-01
8.040000000000000924e+00 4.525945289609958344e-01
8.060000000000000497e+00 4.505359686020392607e-01
8.080000000000000071e+00 4.484889313877852279e-01
8.099999999999999645e+00 4.464533288910467190e-01
8.120000000000000995e+00 4.444291210034568840e-01
8.140000000000000568e+00 4.424162194861138708e-01
8.160000000000000142e+00 4.404145852125489480e-01
8.179999999999999716e+00 4.384241301301000093e-01
8.199999999999999289e+00 4.364448161001737159e-01
8.220000000000000639e+00 4.344765552539051057e-01
8.240000000000000213e+00 4.325193104462272120e-01
8.259999999999999787e+00 4.305729939892486979e-01
8.279999999999999361e+00 4.286375697367639237e-01
8.300000000000000711e+00 4.267129501786652845e-01
8.320000000000000284e+00 4.247991001726436067e-01
8.339999999999999858e+00 4.228959323828386796e-01
8.359999999999999432e+00 4.210034126755779482e-01
8.380000000000000782e+00 4.191214538853920701e-01
8.400000000000000355e+00 4.172500228917051524e-01
8.419999999999999929e+00 4.153890326952547341e-01
8.439999999999999503e+00 4.135384511927666651e-01
8.460000000000000853e+00 4.116981915466912390e-01
8.480000000000000426e+00 4.098682226750117175e-01
8.500000000000000000e+00 4.080484578971155796e-01
8.519999999999999574e+00 4.062388671559596376e-01
8.540000000000000924e+00 4.044393639228027748e-01
8.560000000000000497e+00 4.026499191690666724e-01
8.580000000000000071e+00 4.008704465125616512e-01
8.599999999999999645e+00 3.991009179564420917e-01
8.620000000000000995e+00 3.973412472594927136e-01
8.640000000000000568e+00 3.955914074596666441e-01
8.660000000000000142e+00 3.938513124509081531e-01
8.679999999999999716e+00 3.921209363088434263e-01
8.700000000000001066e+00 3.904001930565237366e-01
8.720000000000000639e+00 3.886890578099344573e-01
8.740000000000000213e+00 3.869874447149725394e-01
8.759999999999999787e+00 3.852953299304867074e-01
8.779999999999999361e+00 3.836126277187503764e-01
8.800000000000000711e+00 3.819393152838152505e-01
8.820000000000000284e+00 3.802753069976630984e-01
8.839999999999999858e+00 3.786205811117344111e-01
8.859999999999999432e+00 3.769750521008631838e-01
8.880000000000000782e+00 3.753386992659072940e-01
8.900000000000000355e+00 3.737114371775318578e-01
8.919999999999999929e+00 3.720932461878862507e-01
8.939999999999999503e+00 3.704840409562790149e-01
8.960000000000000853e+00 3.688838028879004582e-01
8.980000000000000426e+00 3.672924467233568691e-01
9.000000000000000000e+00 3.657099549224960278e-01
9.019999999999999574e+00 3.641362422997253545e-01
9.040000000000000924e+00 3.625712923710447400e-01
9.060000000000000497e+00 3.610150200170427204e-01
9.080000000000000071e+00 3.594674098112296545e-01
9.099999999999999645e+00 3.579283766926327770e-01
9.120000000000000995e+00 3.563979062935279662e-01
9.140000000000000568e+00 3.548759136035134487e-01
9.160000000000000142e+00 3.533623853147896954e-01
9.179999999999999716e+00 3.518572364595320967e-01
9.200000000000001066e+00 3.503604547909182632e-01
9.220000000000000639e+00 3.488719553756430836e-01
9.240000000000000213e+00 3.473917270287850134e-01
9.259999999999999787e+00 3.459196848433970239e-01
9.279999999999999361e+00 3.444558186973129543e-01
9.300000000000000711e+00 3.430000437016968995e-01
9.320000000000000284e+00 3.415523507979048579e-01
9.339999999999999858e+00 3.401126551068822668e-01
9.359999999999999432e+00 3.386809486341787467e-01
9.380000000000000782e+00 3.372571465021456660e-01
9.400000000000000355e+00 3.358412417810910378e-01
9.419999999999999929e+00 3.344331495863437365e-01
9.439999999999999503e+00 3.330328640534848117e-01
9.460000000000000853e+00 3.316403002823081203e-01
9.480000000000000426e+00 3.302554534740970715e-01
9.500000000000000000e+00 3.288782387045830480e-01
9.519999999999999574e+00 3.275086522410873280e-01
9.540000000000000924e+00 3.261466091267256062e-01
9.560000000000000497e+00 3.247921066951069413e-01
9.580000000000000071e+00 3.234450599481538680e-01
9.599999999999999645e+00 3.221054672859584023e-01
9.620000000000000995e+00 3.207732436606321458e-01
