0.000000000000000000e+00 7.858554710882172500e+00
1.499999999999999944e-02 7.691056162967067067e+00
2.999999999999999889e-02 7.522281253462048234e+00
4.499999999999999833e-02 7.352533186359940132e+00
5.999999999999999778e-02 7.182296017919895803e+00
7.499999999999999722e-02 7.012061939854007164e+00
8.999999999999999667e-02 6.842300541689219529e+00
1.049999999999999961e-01 6.673450840921328897e+00
1.199999999999999956e-01 6.505919588493153327e+00
1.350000000000000089e-01 6.340078679075825008e+00
1.499999999999999944e-01 6.176263426207138529e+00
1.649999999999999800e-01 6.014772746927913083e+00
1.799999999999999933e-01 5.855868241829178977e+00
1.950000000000000067e-01 5.699776277246970224e+00
2.099999999999999922e-01 5.546687684711296917e+00
2.249999999999999778e-01 5.396761187977823226e+00
2.399999999999999911e-01 5.250123572198717170e+00
2.550000000000000044e-01 5.106873930907928738e+00
2.700000000000000178e-01 4.967083949453960479e+00
2.849999999999999756e-01 4.830802564401853516e+00
2.999999999999999889e-01 4.698056159368013240e+00
3.150000000000000022e-01 4.568853325070192817e+00
3.299999999999999600e-01 4.443184756496129317e+00
3.449999999999999734e-01 4.321027917327174173e+00
3.599999999999999867e-01 4.202346571855674284e+00
3.750000000000000000e-01 4.087095239643081968e+00
3.900000000000000133e-01 3.975218306282886971e+00
4.049999999999999711e-01 3.866654223768819953e+00
4.199999999999999845e-01 3.761334233758258261e+00
4.349999999999999978e-01 3.659186308121272102e+00
4.499999999999999556e-01 3.560133507828629362e+00
4.649999999999999689e-01 3.464097684903211682e+00
4.799999999999999822e-01 3.370997545228723968e+00
4.949999999999999956e-01 3.280752141987738124e+00
5.100000000000000089e-01 3.193278685811447470e+00
5.250000000000000222e-01 3.108495863942294157e+00
5.400000000000000355e-01 3.026321463279535440e+00
5.549999999999999378e-01 2.946675545787873496e+00
5.699999999999999512e-01 2.869477922338250497e+00
5.849999999999999645e-01 2.794651211341816488e+00
5.999999999999999778e-01 2.722118214312295059e+00
6.149999999999999911e-01 2.651804878369569796e+00
6.300000000000000044e-01 2.583637599806591023e+00
6.450000000000000178e-01 2.517546106687797103e+00
6.599999999999999201e-01 2.453460726846201201e+00
6.749999999999999334e-01 2.391315201534875534e+00
6.899999999999999467e-01 2.331043934007142493e+00
7.049999999999999600e-01 2.272584741962265120e+00
7.199999999999999734e-01 2.215876112196117909e+00
7.349999999999999867e-01 2.160859896070509212e+00
7.500000000000000000e-01 2.107478579319489231e+00
7.650000000000000133e-01 2.055677922921187228e+00
7.800000000000000266e-01 2.005404266115743628e+00
7.949999999999999289e-01 1.956607112991383124e+00
8.099999999999999423e-01 1.909236473315579774e+00
8.249999999999999556e-01 1.863245394302158076e+00
8.399999999999999689e-01 1.818587352438966853e+00
8.549999999999999822e-01 1.775218728809099922e+00
8.699999999999999956e-01 1.733096253775387563e+00
8.850000000000000089e-01 1.692179424007902444e+00
8.999999999999999112e-01 1.652428009994225233e+00
9.149999999999999245e-01 1.613804412425996482e+00
9.299999999999999378e-01 1.576271232713183368e+00
9.449999999999999512e-01 1.539793566508122158e+00
9.599999999999999645e-01 1.504336644998305106e+00
9.749999999999999778e-01 1.469868063187189877e+00
9.899999999999999911e-01 1.436355491071314328e+00
1.004999999999999893e+00 1.403768834594562698e+00
1.020000000000000018e+00 1.372078022907817108e+00
1.034999999999999920e+00 1.341255099937727735e+00
1.050000000000000044e+00 1.311272086105215617e+00
1.064999999999999947e+00 1.282102998816613271e+00
1.080000000000000071e+00 1.253721793643840954e+00
1.094999999999999973e+00 1.226104312161423682e+00
1.109999999999999876e+00 1.199226300429612646e+00
1.125000000000000000e+00 1.173065282980194635e+00
1.139999999999999902e+00 1.147598662655690438e+00
1.155000000000000027e+00 1.122805519700725174e+00
1.169999999999999929e+00 1.098664790379682010e+00
1.185000000000000053e+00 1.075156990492473374e+00
1.199999999999999956e+00 1.052262476043914319e+00
1.214999999999999858e+00 1.029963090664983927e+00
1.229999999999999982e+00 1.008240505413953603e+00
1.244999999999999885e+00 9.870777899142304523e-01
1.260000000000000009e+00 9.664578339079179514e-01
1.274999999999999911e+00 9.463648420755099711e-01
1.290000000000000036e+00 9.267828341371366907e-01
1.304999999999999938e+00 9.076970636110233137e-01
1.319999999999999840e+00 8.890925985333079096e-01
1.334999999999999964e+00 8.709556645496645544e-01
1.349999999999999867e+00 8.532723028127723319e-01
1.364999999999999991e+00 8.360296380531425653e-01
1.379999999999999893e+00 8.192146152630975786e-01
1.395000000000000018e+00 8.028151935095351188e-01
1.409999999999999920e+00 7.868191577715859530e-01
1.425000000000000044e+00 7.712152394704703262e-01
1.439999999999999947e+00 7.559920046853362274e-01
1.454999999999999849e+00 7.411389024697578876e-01
1.469999999999999973e+00 7.266452256627367046e-01
1.484999999999999876e+00 7.125010882368191245e-01
1.500000000000000000e+00 6.986964596142051231e-01
1.514999999999999902e+00 6.852220723636427424e-01
1.530000000000000027e+00 6.720685261279786271e-01
1.544999999999999929e+00 6.592271271282318379e-01
1.560000000000000053e+00 6.466890623611275535e-01
1.574999999999999956e+00 6.344461724197127950e-01
1.589999999999999858e+00 6.224901919937343431e-01
1.604999999999999982e+00 6.108134576264178106e-01
1.619999999999999885e+00 5.994082149817649974e-01
1.635000000000000009e+00 5.882672631884483527e-01
1.649999999999999911e+00 5.773833248678156282e-01
1.665000000000000036e+00 5.667496287982133341e-01
1.679999999999999938e+00 5.563593430245338256e-01
1.694999999999999840e+00 5.462060975898936910e-01
1.709999999999999964e+00 5.362834767127121482e-01
1.724999999999999867e+00 5.265854833903871324e-01
1.739999999999999991e+00 5.171060908669592449e-01
1.754999999999999893e+00 5.078396509112578228e-01
1.770000000000000018e+00 4.987805005813856218e-01
1.784999999999999920e+00 4.899233160158450451e-01
1.799999999999999822e+00 4.812627746602705647e-01
1.814999999999999947e+00 4.727938563941984640e-01
1.829999999999999849e+00 4.645115572710312168e-01
1.844999999999999973e+00 4.564111398203463676e-01
1.859999999999999876e+00 4.484878984439046867e-01
1.875000000000000000e+00 4.407373607058145404e-01
1.889999999999999902e+00 4.331551005014272482e-01
1.905000000000000027e+00 4.257368921487430513e-01
1.919999999999999929e+00 4.184785714806188994e-01
1.934999999999999831e+00 4.113761445133753969e-01
1.949999999999999956e+00 4.044256926628232995e-01
1.964999999999999858e+00 3.976234377533033881e-01
1.979999999999999982e+00 3.909656915414316258e-01
1.994999999999999885e+00 3.844488787833117427e-01
2.009999999999999787e+00 3.780695273647858290e-01
2.024999999999999911e+00 3.718242511202307088e-01
2.040000000000000036e+00 3.657097808085151835e-01
2.054999999999999716e+00 3.597229083247752146e-01
2.069999999999999840e+00 3.538605549309306042e-01
2.084999999999999964e+00 3.481196784677966227e-01
2.100000000000000089e+00 3.424973791529536404e-01
2.114999999999999769e+00 3.369907713434690533e-01
2.129999999999999893e+00 3.315971234291728020e-01
2.145000000000000018e+00 3.263136956542226352e-01
2.160000000000000142e+00 3.211379145072678076e-01
2.174999999999999822e+00 3.160671780491242089e-01
2.189999999999999947e+00 3.110990614540062316e-01
2.205000000000000071e+00 3.062310912419445863e-01
2.219999999999999751e+00 3.014609824736938504e-01
2.234999999999999876e+00 2.967863832227618515e-01
2.250000000000000000e+00 2.922051402092076811e-01
2.265000000000000124e+00 2.877150147921933576e-01
2.279999999999999805e+00 2.833139776564643775e-01
2.294999999999999929e+00 2.789998975406436377e-01
2.310000000000000053e+00 2.747708618959139315e-01
2.324999999999999734e+00 2.706248395069755230e-01
2.339999999999999858e+00 2.665600278561121028e-01
2.354999999999999982e+00 2.625744907267975048e-01
2.370000000000000107e+00 2.586665293289455714e-01
2.384999999999999787e+00 2.548342959133785834e-01
2.399999999999999911e+00 2.510761895174015157e-01
2.415000000000000036e+00 2.473904465507574812e-01
2.429999999999999716e+00 2.437755583545595239e-01
2.444999999999999840e+00 2.402298396545869685e-01
2.459999999999999964e+00 2.367518689242283647e-01
2.475000000000000089e+00 2.333400355331677889e-01
2.489999999999999769e+00 2.299930002447590771e-01
2.504999999999999893e+00 2.267092218210611798e-01
2.520000000000000018e+00 2.234874387812163243e-01
2.534999999999999698e+00 2.203261761559430210e-01
2.549999999999999822e+00 2.172242459745147569e-01
2.564999999999999947e+00 2.141802347925123029e-01
2.580000000000000071e+00 2.111930241740270497e-01
2.594999999999999751e+00 2.082612595488259055e-01
2.609999999999999876e+00 2.053838882939899024e-01
2.625000000000000000e+00 2.025596104054086521e-01
2.639999999999999680e+00 1.997874355891862408e-01
2.654999999999999805e+00 1.970661161648371851e-01
2.669999999999999929e+00 1.943947209068603577e-01
2.685000000000000053e+00 1.917720505238391937e-01
2.699999999999999734e+00 1.891972298079145631e-01
2.714999999999999858e+00 1.866691059665403218e-01
2.729999999999999982e+00 1.841868569561360969e-01
2.745000000000000107e+00 1.817493728680598941e-01
2.759999999999999787e+00 1.793558821554575855e-01
2.774999999999999911e+00 1.770053162073584041e-01
2.790000000000000036e+00 1.746969514811328450e-01
2.804999999999999716e+00 1.724297573212096035e-01
2.819999999999999840e+00 1.702030558617730616e-01
2.834999999999999964e+00 1.680158530785102189e-01
2.850000000000000089e+00 1.658675146108658516e-01
2.864999999999999769e+00 1.637570799552551803e-01
2.879999999999999893e+00 1.616839562321319423e-01
2.895000000000000018e+00 1.596472153601186938e-01
2.909999999999999698e+00 1.576463040558060968e-01
2.924999999999999822e+00 1.556803237453148470e-01
2.939999999999999947e+00 1.537487589885441208e-01
2.955000000000000071e+00 1.518507398143618681e-01
2.969999999999999751e+00 1.499857869984413394e-01
2.984999999999999876e+00 1.481530564217907187e-01
3.000000000000000000e+00 1.463521035673557569e-01
3.014999999999999680e+00 1.445821094292966125e-01
3.029999999999999805e+00 1.428426628025974421e-01
3.044999999999999929e+00 1.411329671799297913e-01
3.060000000000000053e+00 1.394526433810710231e-01
3.074999999999999734e+00 1.378009167992022832e-01
3.089999999999999858e+00 1.361774390947656233e-01
3.104999999999999982e+00 1.345814550575688551e-01
3.120000000000000107e+00 1.330126461032681562e-01
3.134999999999999787e+00 1.314702759392109288e-01
3.149999999999999911e+00 1.299540547454142436e-01
3.165000000000000036e+00 1.284632627308766872e-01
3.179999999999999716e+00 1.269976379400515609e-01
3.194999999999999840e+00 1.255564767035693419e-01
3.209999999999999964e+00 1.241395441179747039e-01
3.225000000000000089e+00 1.227461502868423815e-01
3.239999999999999769e+00 1.213760866310441833e-01
3.254999999999999893e+00 1.200286767280766276e-01
3.270000000000000018e+00 1.187037376772805269e-01
3.284999999999999698e+00 1.174006042293885693e-01
3.299999999999999822e+00 1.161191185958701105e-01
3.314999999999999947e+00 1.148586264660475947e-01
3.330000000000000071e+00 1.136189946746459789e-01
3.344999999999999751e+00 1.123995775788874663e-01
3.359999999999999876e+00 1.112002662235319905e-01
3.375000000000000000e+00 1.100204234479026655e-01
3.389999999999999680e+00 1.088599641677431562e-01
3.404999999999999805e+00 1.077182574466876014e-01
3.419999999999999929e+00 1.065952418053260076e-01
3.435000000000000053e+00 1.054902923798857056e-01
3.449999999999999734e+00 1.044033711016397054e-01
3.464999999999999858e+00 1.033338569179826777e-01
