0.000000000000000000e+00 7.444770261395659006e+00
1.499999999999999944e-02 7.330127742215039710e+00
2.999999999999999889e-02 7.213293025216748866e+00
4.499999999999999833e-02 7.094651415426893593e+00
5.999999999999999778e-02 6.974480315148175791e+00
7.499999999999999722e-02 6.853030317686528150e+00
8.999999999999999667e-02 6.730541627581049902e+00
1.049999999999999961e-01 6.607249499670839299e+00
1.199999999999999956e-01 6.483380949102932611e+00
1.350000000000000089e-01 6.359156224660440948e+00
1.499999999999999944e-01 6.234786266226426399e+00
1.649999999999999800e-01 6.110474012202642413e+00
1.799999999999999933e-01 5.986411850402542534e+00
1.950000000000000067e-01 5.862783268806928128e+00
2.099999999999999922e-01 5.739760368256811240e+00
2.249999999999999778e-01 5.617505811257948345e+00
2.399999999999999911e-01 5.496170435207789140e+00
2.550000000000000044e-01 5.375895467161081243e+00
2.700000000000000178e-01 5.256810214489220812e+00
2.849999999999999756e-01 5.139034509810572970e+00
2.999999999999999889e-01 5.022676487822487879e+00
3.150000000000000022e-01 4.907835221970638706e+00
3.299999999999999600e-01 4.794598547509448139e+00
3.449999999999999734e-01 4.683045853113815049e+00
3.599999999999999867e-01 4.573245946231903503e+00
3.750000000000000000e-01 4.465259961613437412e+00
3.900000000000000133e-01 4.359139232511757278e+00
4.049999999999999711e-01 4.254928282845304999e+00
4.199999999999999845e-01 4.152662699717333261e+00
4.349999999999999978e-01 4.052372177959258970e+00
4.499999999999999556e-01 3.954078367466369315e+00
4.649999999999999689e-01 3.857797944745974039e+00
4.799999999999999822e-01 3.763540435412005003e+00
4.949999999999999956e-01 3.671311290600832944e+00
5.100000000000000089e-01 3.581109668847567207e+00
5.250000000000000222e-01 3.492931500554385504e+00
5.400000000000000355e-01 3.406767235252914805e+00
5.549999999999999378e-01 3.322604880212005618e+00
5.699999999999999512e-01 3.240427705972730443e+00
5.849999999999999645e-01 3.160217249179193111e+00
5.999999999999999778e-01 3.081950986549986116e+00
6.149999999999999911e-01 3.005605293986226556e+00
6.300000000000000044e-01 2.931153087636631849e+00
6.450000000000000178e-01 2.858566733963671336e+00
6.599999999999999201e-01 2.787815670197367091e+00
6.749999999999999334e-01 2.718869261100609336e+00
6.899999999999999467e-01 2.651694400663646256e+00
7.049999999999999600e-01 2.586258312868945364e+00
7.199999999999999734e-01 2.522526147373456595e+00
7.349999999999999867e-01 2.460463721984577745e+00
7.500000000000000000e-01 2.400035115525532614e+00
7.650000000000000133e-01 2.341205350593813961e+00
7.800000000000000266e-01 2.283937995717912450e+00
7.949999999999999289e-01 2.228197787009428499e+00
8.099999999999999423e-01 2.173948243004689029e+00
8.249999999999999556e-01 2.121154224283147816e+00
8.399999999999999689e-01 2.069779571890307590e+00
8.549999999999999822e-01 2.019789603870821182e+00
8.699999999999999956e-01 1.971148780248454635e+00
8.850000000000000089e-01 1.923823135687414920e+00
8.999999999999999112e-01 1.877777980499203636e+00
9.149999999999999245e-01 1.832980268483920039e+00
9.299999999999999378e-01 1.789396336246799057e+00
9.449999999999999512e-01 1.746994205457930827e+00
9.599999999999999645e-01 1.705741368517557088e+00
9.749999999999999778e-01 1.665607024337037112e+00
9.899999999999999911e-01 1.626559911863633134e+00
1.004999999999999893e+00 1.588570478653394735e+00
1.020000000000000018e+00 1.551608768965631935e+00
1.034999999999999920e+00 1.515646524312808774e+00
1.050000000000000044e+00 1.480655126885279227e+00
1.064999999999999947e+00 1.446607631436644281e+00
1.080000000000000071e+00 1.413476769564413926e+00
1.094999999999999973e+00 1.381236912255687788e+00
1.109999999999999876e+00 1.349862135101281613e+00
1.125000000000000000e+00 1.319328111010917626e+00
1.139999999999999902e+00 1.289610240854481837e+00
1.155000000000000027e+00 1.260685475865912952e+00
1.169999999999999929e+00 1.232530513188709875e+00
1.185000000000000053e+00 1.205123547679823215e+00
1.199999999999999956e+00 1.178442535965444460e+00
1.214999999999999858e+00 1.152466877398047984e+00
1.229999999999999982e+00 1.127175745582655653e+00
1.244999999999999885e+00 1.102549698433665570e+00
1.260000000000000009e+00 1.078569080020248316e+00
1.274999999999999911e+00 1.055215559731483399e+00
1.290000000000000036e+00 1.032470602962572759e+00
1.304999999999999938e+00 1.010316939585091944e+00
1.319999999999999840e+00 9.887371056802265468e-01
1.334999999999999964e+00 9.677148415827696581e-01
1.349999999999999867e+00 9.472337028158406280e-01
1.364999999999999991e+00 9.272783881546565743e-01
1.379999999999999893e+00 9.078334214272586467e-01
1.395000000000000018e+00 8.888844101179360635e-01
1.409999999999999920e+00 8.704167958851770637e-01
1.425000000000000044e+00 8.524170443868573921e-01
1.439999999999999947e+00 8.348714657266712580e-01
1.454999999999999849e+00 8.177673362531007184e-01
1.469999999999999973e+00 8.010917865397100268e-01
1.484999999999999876e+00 7.848328560542390253e-01
1.500000000000000000e+00 7.689784495084773797e-01
1.514999999999999902e+00 7.535173253556237682e-01
1.530000000000000027e+00 7.384381179208359125e-01
1.544999999999999929e+00 7.237302608098685752e-01
1.560000000000000053e+00 7.093830753491021657e-01
1.574999999999999956e+00 6.953866300395468159e-01
1.589999999999999858e+00 6.817308925694066657e-01
1.604999999999999982e+00 6.684065265524170574e-01
1.619999999999999885e+00 6.554041073955819696e-01
1.635000000000000009e+00 6.427148575997319035e-01
1.649999999999999911e+00 6.303299236389358073e-01
1.665000000000000036e+00 6.182410511861362590e-01
1.679999999999999938e+00 6.064399230947020714e-01
1.694999999999999840e+00 5.949187759382710272e-01
1.709999999999999964e+00 5.836697961814314439e-01
1.724999999999999867e+00 5.726856794888361968e-01
1.739999999999999991e+00 5.619590850310105523e-01
1.754999999999999893e+00 5.514831390313861270e-01
1.770000000000000018e+00 5.412509442578821162e-01
1.784999999999999920e+00 5.312560293244893428e-01
1.799999999999999822e+00 5.214919132124009593e-01
1.814999999999999947e+00 5.119525018443602526e-01
1.829999999999999849e+00 5.026317046788308929e-01
1.844999999999999973e+00 4.935237801067381969e-01
1.859999999999999876e+00 4.846230038974561616e-01
1.875000000000000000e+00 4.759239649579277143e-01
1.889999999999999902e+00 4.674212826925062680e-01
1.905000000000000027e+00 4.591098546808507486e-01
1.919999999999999929e+00 4.509846226979996042e-01
1.934999999999999831e+00 4.430407738476077051e-01
1.949999999999999956e+00 4.352735523451966571e-01
1.964999999999999858e+00 4.276784156462462572e-01
1.979999999999999982e+00 4.202508917350445961e-01
1.994999999999999885e+00 4.129866917582707964e-01
2.009999999999999787e+00 4.058816099825382495e-01
2.024999999999999911e+00 3.989315944351410348e-01
2.040000000000000036e+00 3.921326892934171027e-01
2.054999999999999716e+00 3.854810649975238812e-01
2.069999999999999840e+00 3.789730003112822265e-01
2.084999999999999964e+00 3.726048733524565115e-01
2.100000000000000089e+00 3.663731831301371700e-01
2.114999999999999769e+00 3.602745028944482897e-01
2.129999999999999893e+00 3.543055384804374985e-01
2.145000000000000018e+00 3.484630453506739611e-01
2.160000000000000142e+00 3.427439236108351106e-01
2.174999999999999822e+00 3.371451000693330702e-01
2.189999999999999947e+00 3.316636573564072377e-01
2.205000000000000071e+00 3.262966822886561036e-01
2.219999999999999751e+00 3.210414290324823394e-01
2.234999999999999876e+00 3.158951350072816688e-01
2.250000000000000000e+00 3.108552156363208474e-01
2.265000000000000124e+00 3.059190489794204049e-01
2.279999999999999805e+00 3.010842021009327296e-01
2.294999999999999929e+00 2.963481855646388219e-01
2.310000000000000053e+00 2.917087090808873628e-01
2.324999999999999734e+00 2.871634069478169460e-01
2.339999999999999858e+00 2.827101231073343435e-01
2.354999999999999982e+00 2.783466085554160419e-01
2.370000000000000107e+00 2.740708335941824947e-01
2.384999999999999787e+00 2.698806581805003879e-01
2.399999999999999911e+00 2.657741716134062737e-01
2.415000000000000036e+00 2.617493367262508364e-01
2.429999999999999716e+00 2.578043549269711243e-01
2.444999999999999840e+00 2.539372850811505433e-01
2.459999999999999964e+00 2.501464342622994330e-01
2.475000000000000089e+00 2.464299521070492938e-01
2.489999999999999769e+00 2.427862453272839061e-01
2.504999999999999893e+00 2.392135482572021188e-01
2.520000000000000018e+00 2.357103616094465559e-01
2.534999999999999698e+00 2.322749998656566395e-01
2.549999999999999822e+00 2.289060524663910356e-01
2.564999999999999947e+00 2.256019086318334366e-01
2.580000000000000071e+00 2.223612415992906877e-01
2.594999999999999751e+00 2.191825113910549905e-01
2.609999999999999876e+00 2.160644704302231711e-01
2.625000000000000000e+00 2.130056447045962920e-01
2.639999999999999680e+00 2.100048615123227547e-01
2.654999999999999805e+00 2.070607093993658554e-01
2.669999999999999929e+00 2.041720865098076987e-01
2.685000000000000053e+00 2.013376396032201532e-01
2.699999999999999734e+00 1.985563339048021791e-01
2.714999999999999858e+00 1.958268714361143525e-01
2.729999999999999982e+00 1.931482809869339567e-01
2.745000000000000107e+00 1.905193159184751517e-01
2.759999999999999787e+00 1.879390653019132884e-01
2.774999999999999911e+00 1.854063312783748307e-01
2.790000000000000036e+00 1.829202601367462544e-01
2.804999999999999716e+00 1.804796992371195119e-01
2.819999999999999840e+00 1.780838492290416075e-01
2.834999999999999964e+00 1.757316004682432931e-01
2.850000000000000089e+00 1.734222053026232835e-01
2.864999999999999769e+00 1.711545938308449144e-01
2.879999999999999893e+00 1.689280676205475729e-01
2.895000000000000018e+00 1.667415945779632813e-01
2.909999999999999698e+00 1.645945231853485902e-01
2.924999999999999822e+00 1.624858561654937972e-01
2.939999999999999947e+00 1.604149867741637148e-01
2.955000000000000071e+00 1.583809508609570205e-01
2.969999999999999751e+00 1.563831844693533424e-01
2.984999999999999876e+00 1.544207538054724049e-01
3.000000000000000000e+00 1.524931358619714961e-01
3.014999999999999680e+00 1.505994257200921338e-01
3.029999999999999805e+00 1.487391396229556517e-01
3.044999999999999929e+00 1.469113989411500454e-01
3.060000000000000053e+00 1.451157576025865481e-01
3.074999999999999734e+00 1.433513619612137024e-01
3.089999999999999858e+00 1.416178021908210405e-01
3.104999999999999982e+00 1.399142471951915767e-01
3.120000000000000107e+00 1.382403220761340423e-01
3.134999999999999787e+00 1.365952171273897009e-01
3.149999999999999911e+00 1.349785911767624469e-01
3.165000000000000036e+00 1.333896535977058262e-01
3.179999999999999716e+00 1.318280958531053981e-01
3.194999999999999840e+00 1.302931453560279562e-01
3.209999999999999964e+00 1.287845252203466961e-01
3.225000000000000089e+00 1.273014786855156399e-01
3.239999999999999769e+00 1.258437596352755261e-01
3.254999999999999893e+00 1.244106261912449884e-01
3.270000000000000018e+00 1.230018622254551580e-01
3.284999999999999698e+00 1.216167386014003760e-01
3.299999999999999822e+00 1.202550684943330533e-01
3.314999999999999947e+00 1.189161346393168700e-01
3.330000000000000071e+00 1.175997789236114116e-01
3.344999999999999751e+00 1.163052938640905115e-01
3.359999999999999876e+00 1.150325495603661402e-01
3.375000000000000000e+00 1.137808474942762632e-01
3.389999999999999680e+00 1.125500855677764867e-01
3.404999999999999805e+00 1.113395721673011290e-01
3.419999999999999929e+00 1.101492326752062934e-01
3.435000000000000053e+00 1.089783815997177885e-01
3.449999999999999734e+00 1.078269715684827268e-01
3.464999999999999858e+00 1.066943211602511821e-01
