0.000000000000000000e+00 8.399748091054885180e+00
1.499999999999999944e-02 8.095500660946537863e+00
2.999999999999999889e-02 7.793521505598453913e+00
4.499999999999999833e-02 7.495698032442217773e+00
5.999999999999999778e-02 7.203960705559861566e+00
7.499999999999999722e-02 6.920031432876621480e+00
8.999999999999999667e-02 6.645273105214475784e+00
1.049999999999999961e-01 6.380710350557071919e+00
1.199999999999999956e-01 6.127029696058675867e+00
1.350000000000000089e-01 5.884626765479759491e+00
1.499999999999999944e-01 5.653639725796044679e+00
1.649999999999999800e-01 5.434004341999626675e+00
1.799999999999999933e-01 5.225492160608951053e+00
1.950000000000000067e-01 5.027758509091170502e+00
2.099999999999999922e-01 4.840372308553256175e+00
2.249999999999999778e-01 4.662851391677508062e+00
2.399999999999999911e-01 4.494680920600671037e+00
2.550000000000000044e-01 4.335336810894521165e+00
2.700000000000000178e-01 4.184294554069294847e+00
2.849999999999999756e-01 4.041043838697617296e+00
2.999999999999999889e-01 3.905090744009091619e+00
3.150000000000000022e-01 3.775966674889058794e+00
3.299999999999999600e-01 3.653226525772931499e+00
3.449999999999999734e-01 3.536454279882853768e+00
3.599999999999999867e-01 3.425258966868758304e+00
3.750000000000000000e-01 3.319278470298399508e+00
3.900000000000000133e-01 3.218174424641917053e+00
4.049999999999999711e-01 3.121635157918273507e+00
4.199999999999999845e-01 3.029370189434422933e+00
4.349999999999999978e-01 2.941112827494768656e+00
4.499999999999999556e-01 2.856614624460247942e+00
4.649999999999999689e-01 2.775647900067697904e+00
4.799999999999999822e-01 2.698000331367455207e+00
4.949999999999999956e-01 2.623477528988174878e+00
5.100000000000000089e-01 2.551897837797117763e+00
5.250000000000000222e-01 2.483095014170136228e+00
5.400000000000000355e-01 2.416913262452049516e+00
5.549999999999999378e-01 2.353210020291070848e+00
5.699999999999999512e-01 2.291851227504243305e+00
5.849999999999999645e-01 2.232714206415856939e+00
5.999999999999999778e-01 2.175683151373014823e+00
6.149999999999999911e-01 2.120652082815020822e+00
6.300000000000000044e-01 2.067520538936225005e+00
6.450000000000000178e-01 2.016196579806024403e+00
6.599999999999999201e-01 1.966592666252270361e+00
6.749999999999999334e-01 1.918628691153403398e+00
6.899999999999999467e-01 1.872228028822823687e+00
7.049999999999999600e-01 1.827320572550571232e+00
7.199999999999999734e-01 1.783838943868142790e+00
7.349999999999999867e-01 1.741721517988459089e+00
7.500000000000000000e-01 1.700908780752442340e+00
7.650000000000000133e-01 1.661346326084718328e+00
7.800000000000000266e-01 1.622981354521644271e+00
7.949999999999999289e-01 1.585765629212108285e+00
8.099999999999999423e-01 1.549652107534346790e+00
8.249999999999999556e-01 1.514597844237121516e+00
8.399999999999999689e-01 1.480560753275812269e+00
8.549999999999999822e-01 1.447502448583853241e+00
8.699999999999999956e-01 1.415385130039517714e+00
8.850000000000000089e-01 1.384174353928591783e+00
8.999999999999999112e-01 1.353836042158386377e+00
9.149999999999999245e-01 1.324339175897120136e+00
9.299999999999999378e-01 1.295652923302830883e+00
9.449999999999999512e-01 1.267749250996193178e+00
9.599999999999999645e-01 1.240600170506605870e+00
9.749999999999999778e-01 1.214180263304838636e+00
9.899999999999999911e-01 1.188464041880380462e+00
1.004999999999999893e+00 1.163428384939081406e+00
1.020000000000000018e+00 1.139050013816692353e+00
1.034999999999999920e+00 1.115307835260468838e+00
1.050000000000000044e+00 1.092180529298653058e+00
1.064999999999999947e+00 1.069648797693428577e+00
1.080000000000000071e+00 1.047693064122359186e+00
1.094999999999999973e+00 1.026295627018907197e+00
1.109999999999999876e+00 1.005438468136951258e+00
1.125000000000000000e+00 9.851053090096497655e-01
1.139999999999999902e+00 9.652795287079473097e-01
1.155000000000000027e+00 9.459461236401295325e-01
1.169999999999999929e+00 9.270897303947345236e-01
1.185000000000000053e+00 9.086964890016424601e-01
1.199999999999999956e+00 8.907521715290729336e-01
1.214999999999999858e+00 8.732439493134087627e-01
1.229999999999999982e+00 8.561586229650689495e-01
1.244999999999999885e+00 8.394842943821227976e-01
1.260000000000000009e+00 8.232086986599855827e-01
1.274999999999999911e+00 8.073207820068887264e-01
1.290000000000000036e+00 7.918091309690031832e-01
1.304999999999999938e+00 7.766634576006642421e-01
1.319999999999999840e+00 7.618731263295900336e-01
1.334999999999999964e+00 7.474285479700485402e-01
1.349999999999999867e+00 7.333197994166950062e-01
1.364999999999999991e+00 7.195379282635359086e-01
1.379999999999999893e+00 7.060736655069531631e-01
1.395000000000000018e+00 6.929186427125503256e-01
1.409999999999999920e+00 6.800641927278840981e-01
1.425000000000000044e+00 6.675024814635698300e-01
1.439999999999999947e+00 6.552253966897318982e-01
1.454999999999999849e+00 6.432255966300720607e-01
1.469999999999999973e+00 6.314954816964173379e-01
1.484999999999999876e+00 6.200281621763473749e-01
1.500000000000000000e+00 6.088165129153086941e-01
1.514999999999999902e+00 5.978540624713596374e-01
1.530000000000000027e+00 5.871341254964841383e-01
1.544999999999999929e+00 5.766506157780806330e-01
1.560000000000000053e+00 5.663972563067768418e-01
1.574999999999999956e+00 5.563683186842522943e-01
1.589999999999999858e+00 5.465579055681711873e-01
1.604999999999999982e+00 5.369606189419563469e-01
1.619999999999999885e+00 5.275709149419303134e-01
1.635000000000000009e+00 5.183837035171660057e-01
1.649999999999999911e+00 5.093937703065481992e-01
1.665000000000000036e+00 5.005963102076697036e-01
1.679999999999999938e+00 4.919864163630077725e-01
1.694999999999999840e+00 4.835595501667491747e-01
1.709999999999999964e+00 4.753110920383696314e-01
1.724999999999999867e+00 4.672367503664048294e-01
1.739999999999999991e+00 4.593321742143507969e-01
1.754999999999999893e+00 4.515933036919260735e-01
1.770000000000000018e+00 4.440160393106744596e-01
1.784999999999999920e+00 4.365965362264336291e-01
1.799999999999999822e+00 4.293309305022466327e-01
1.814999999999999947e+00 4.222155796426383945e-01
1.829999999999999849e+00 4.152468405437564902e-01
1.844999999999999973e+00 4.084212586796625022e-01
1.859999999999999876e+00 4.017353981321920564e-01
1.875000000000000000e+00 3.951859817549455700e-01
1.889999999999999902e+00 3.887697681439648001e-01
1.905000000000000027e+00 3.824836450340178273e-01
1.919999999999999929e+00 3.763245537553009945e-01
1.934999999999999831e+00 3.702895380734533282e-01
1.949999999999999956e+00 3.643757110888303785e-01
1.964999999999999858e+00 3.585802616523567354e-01
1.979999999999999982e+00 3.529004644191819362e-01
1.994999999999999885e+00 3.473336459230981776e-01
2.009999999999999787e+00 3.418772328468462351e-01
2.024999999999999911e+00 3.365286797523961981e-01
2.040000000000000036e+00 3.312855564566576927e-01
2.054999999999999716e+00 3.261454393612844838e-01
2.069999999999999840e+00 3.211060331086698638e-01
2.084999999999999964e+00 3.161650273651082643e-01
2.100000000000000089e+00 3.113202538301845790e-01
2.114999999999999769e+00 3.065695102709352637e-01
2.129999999999999893e+00 3.019107481760564538e-01
2.145000000000000018e+00 2.973418657459475090e-01
2.160000000000000142e+00 2.928609274540497909e-01
2.174999999999999822e+00 2.884659276402302686e-01
2.189999999999999947e+00 2.841550373887920533e-01
2.205000000000000071e+00 2.799263402780520216e-01
2.219999999999999751e+00 2.757781080294551268e-01
2.234999999999999876e+00 2.717085099086569144e-01
2.250000000000000000e+00 2.677159126729566352e-01
2.265000000000000124e+00 2.637985650236887580e-01
2.279999999999999805e+00 2.599549234997806657e-01
2.294999999999999929e+00 2.561833133244358351e-01
2.310000000000000053e+00 2.524822758877273143e-01
2.324999999999999734e+00 2.488502072347642535e-01
2.339999999999999858e+00 2.452857289786566919e-01
2.354999999999999982e+00 2.417873056218539096e-01
2.370000000000000107e+00 2.383536346550028107e-01
2.384999999999999787e+00 2.349832438075813434e-01
2.399999999999999911e+00 2.316749023667667162e-01
2.415000000000000036e+00 2.284271993998003014e-01
2.429999999999999716e+00 2.252389721570866032e-01
2.444999999999999840e+00 2.221088662135236036e-01
2.459999999999999964e+00 2.190357831816514556e-01
2.475000000000000089e+00 2.160184236676276071e-01
2.489999999999999769e+00 2.130557502628810107e-01
2.504999999999999893e+00 2.101465141158884165e-01
2.520000000000000018e+00 2.072897356183243112e-01
2.534999999999999698e+00 2.044842153444570709e-01
2.549999999999999822e+00 2.017290284998474181e-01
2.564999999999999947e+00 1.990230208861529515e-01
2.580000000000000071e+00 1.963653197173260145e-01
2.594999999999999751e+00 1.937548152205917917e-01
2.609999999999999876e+00 1.911906839830567473e-01
2.625000000000000000e+00 1.886718567061096974e-01
2.639999999999999680e+00 1.861975568752049781e-01
2.654999999999999805e+00 1.837667551400839483e-01
2.669999999999999929e+00 1.813787195610082337e-01
2.685000000000000053e+00 1.790324569939333865e-01
2.699999999999999734e+00 1.767272778931638089e-01
2.714999999999999858e+00 1.744622250378027040e-01
2.729999999999999982e+00 1.722366492302903618e-01
2.745000000000000107e+00 1.700496256071464540e-01
2.759999999999999787e+00 1.679005434005599318e-01
2.774999999999999911e+00 1.657885100354148100e-01
2.790000000000000036e+00 1.637129513759272570e-01
2.804999999999999716e+00 1.616730037172103007e-01
2.819999999999999840e+00 1.596681278721153452e-01
2.834999999999999964e+00 1.576974891260302103e-01
2.850000000000000089e+00 1.557605816654535347e-01
2.864999999999999769e+00 1.538565964700981392e-01
2.879999999999999893e+00 1.519850596280492017e-01
2.895000000000000018e+00 1.501451881007782874e-01
2.909999999999999698e+00 1.483365385037165030e-01
2.924999999999999822e+00 1.465583505837495248e-01
2.939999999999999947e+00 1.448102102025053683e-01
2.955000000000000071e+00 1.430913803281087249e-01
2.969999999999999751e+00 1.414014748759551410e-01
2.984999999999999876e+00 1.397397769184360039e-01
3.000000000000000000e+00 1.381059273169380486e-01
3.014999999999999680e+00 1.364992298155946471e-01
3.029999999999999805e+00 1.349193511949049740e-01
3.044999999999999929e+00 1.333656128148983377e-01
3.060000000000000053e+00 1.318377064257543752e-01
3.074999999999999734e+00 1.303349716876844033e-01
3.089999999999999858e+00 1.288571244453781961e-01
3.104999999999999982e+00 1.274035196478496279e-01
3.120000000000000107e+00 1.259738964304680797e-01
3.134999999999999787e+00 1.245676258189021557e-01
3.149999999999999911e+00 1.231844695040238413e-01
3.165000000000000036e+00 1.218238116058976139e-01
3.179999999999999716e+00 1.204854357019505967e-01
3.194999999999999840e+00 1.191687398861388802e-01
3.209999999999999964e+00 1.178735290175100814e-01
3.225000000000000089e+00 1.165992121964661149e-01
3.239999999999999769e+00 1.153456150207610859e-01
3.254999999999999893e+00 1.141121585575018138e-01
3.270000000000000018e+00 1.128986886604901041e-01
3.284999999999999698e+00 1.117046353974044948e-01
3.299999999999999822e+00 1.105298644540705227e-01
3.314999999999999947e+00 1.093738159297730078e-01
3.330000000000000071e+00 1.082363749756300175e-01
3.344999999999999751e+00 1.071169887447887686e-01
3.359999999999999876e+00 1.060155615429985293e-01
3.375000000000000000e+00 1.049315486697243865e-01
3.389999999999999680e+00 1.038648733297586613e-01
3.404999999999999805e+00 1.028149959670184438e-01
3.419999999999999929e+00 1.017818584839828705e-01
3.435000000000000053e+00 1.007649276140322459e-01
3.449999999999999734e+00 9.976416380957707497e-02
3.464999999999999858e+00 9.877903705515052313e-02
