# Electrodo circular de radio 6 mm y espesor 710.0 um.
# Volumen de simulacion (convencion z,y,x):
# N: 1024 x 1024 x 1024 | voxelSize:  0.02mm x 0.02mm x 0.02mm | FOV:  20.48mm x 20.48mm x 20.48mm
# 
# z [mm]		 delta[ppm]
0.000000000000000000e+00 3.452440548601072745e+00
2.000000000000000042e-02 3.438802535878790145e+00
4.000000000000000083e-02 3.424843781106279739e+00
5.999999999999999778e-02 3.410573955738964269e+00
8.000000000000000167e-02 3.396002979807823063e+00
1.000000000000000056e-01 3.381140861525688823e+00
1.199999999999999956e-01 3.365997682880522035e+00
1.400000000000000133e-01 3.350583576511447337e+00
1.600000000000000033e-01 3.334908711431028738e+00
1.799999999999999933e-01 3.318983281838566946e+00
2.000000000000000111e-01 3.302817487479411618e+00
2.200000000000000011e-01 3.286421526850896502e+00
2.399999999999999911e-01 3.269805576040103023e+00
2.600000000000000089e-01 3.252979784384491868e+00
2.800000000000000266e-01 3.235954252549235743e+00
2.999999999999999889e-01 3.218739030217057540e+00
3.200000000000000067e-01 3.201344093988827133e+00
3.400000000000000244e-01 3.183779346889869188e+00
3.599999999999999867e-01 3.166054596305197588e+00
3.800000000000000044e-01 3.148179555226609860e+00
4.000000000000000222e-01 3.130163820446091538e+00
4.199999999999999845e-01 3.112016875492897405e+00
4.400000000000000022e-01 3.093748069171812443e+00
4.600000000000000200e-01 3.075366620165153275e+00
4.799999999999999822e-01 3.056881596017678948e+00
5.000000000000000000e-01 3.038301919374224003e+00
5.200000000000000178e-01 3.019636347439689228e+00
5.400000000000000355e-01 3.000893479823477872e+00
5.600000000000000533e-01 2.982081738512696312e+00
5.799999999999999600e-01 2.963209377284236723e+00
5.999999999999999778e-01 2.944284462182276130e+00
6.199999999999999956e-01 2.925314882452986431e+00
6.400000000000000133e-01 2.906308331523718369e+00
6.600000000000000311e-01 2.887272319405174148e+00
6.800000000000000488e-01 2.868214154137337157e+00
7.000000000000000666e-01 2.849140955597686098e+00
7.199999999999999734e-01 2.830059637384092497e+00
7.399999999999999911e-01 2.810976921959913000e+00
7.600000000000000089e-01 2.791899322921568949e+00
7.800000000000000266e-01 2.772833161406937919e+00
8.000000000000000444e-01 2.753784548700811463e+00
8.200000000000000622e-01 2.734759403828215252e+00
8.399999999999999689e-01 2.715763436435821632e+00
8.599999999999999867e-01 2.696802165489871506e+00
8.800000000000000044e-01 2.677880902377996808e+00
9.000000000000000222e-01 2.659004770629612047e+00
9.200000000000000400e-01 2.640178689173072968e+00
9.400000000000000577e-01 2.621407392996840446e+00
9.599999999999999645e-01 2.602695416504332115e+00
9.799999999999999822e-01 2.584047115034847852e+00
1.000000000000000000e+00 2.565466648253172721e+00
1.020000000000000018e+00 2.546958002451646497e+00
1.040000000000000036e+00 2.528524973919794583e+00
1.060000000000000053e+00 2.510171191951544145e+00
1.080000000000000071e+00 2.491900102137871276e+00
1.100000000000000089e+00 2.473714990006957049e+00
1.120000000000000107e+00 2.455618964191511822e+00
1.140000000000000124e+00 2.437614980633462380e+00
1.159999999999999920e+00 2.419705825577417979e+00
1.179999999999999938e+00 2.401894140276076506e+00
1.199999999999999956e+00 2.384182403769950387e+00
1.219999999999999973e+00 2.366572958034165008e+00
1.239999999999999991e+00 2.349067990505567582e+00
1.260000000000000009e+00 2.331669559616476928e+00
1.280000000000000027e+00 2.314379577038624181e+00
1.300000000000000044e+00 2.297199833554036452e+00
1.320000000000000062e+00 2.280131980986875195e+00
1.340000000000000080e+00 2.263177558366425757e+00
1.360000000000000098e+00 2.246337973525574405e+00
1.380000000000000115e+00 2.229614529515291377e+00
1.400000000000000133e+00 2.213008405850279470e+00
1.419999999999999929e+00 2.196520685138727558e+00
1.439999999999999947e+00 2.180152333962524835e+00
1.459999999999999964e+00 2.163904229690055470e+00
1.479999999999999982e+00 2.147777140980000166e+00
1.500000000000000000e+00 2.131771754748771563e+00
1.520000000000000018e+00 2.115888656292927550e+00
1.540000000000000036e+00 2.100128356386232298e+00
1.560000000000000053e+00 2.084491271017012259e+00
1.580000000000000071e+00 2.068977748593050947e+00
1.600000000000000089e+00 2.053588049295317575e+00
1.620000000000000107e+00 2.038322372371651259e+00
1.640000000000000124e+00 2.023180835109202658e+00
1.660000000000000142e+00 2.008163500200481177e+00
1.679999999999999938e+00 1.993270354341060591e+00
1.699999999999999956e+00 1.978501335653689797e+00
1.719999999999999973e+00 1.963856311918370734e+00
1.739999999999999991e+00 1.949335108042224540e+00
1.760000000000000009e+00 1.934937483932469116e+00
1.780000000000000027e+00 1.920663162001335689e+00
1.800000000000000044e+00 1.906511804692636369e+00
1.820000000000000062e+00 1.892483042012480965e+00
1.840000000000000080e+00 1.878576448722905301e+00
1.860000000000000098e+00 1.864791571890245026e+00
1.880000000000000115e+00 1.851127907759110514e+00
1.900000000000000133e+00 1.837584929311321336e+00
1.919999999999999929e+00 1.824162062835671616e+00
1.939999999999999947e+00 1.810858715491082904e+00
1.959999999999999964e+00 1.797674251587188854e+00
1.979999999999999982e+00 1.784608020145969309e+00
2.000000000000000000e+00 1.771659330909908459e+00
2.020000000000000018e+00 1.758827481896839462e+00
2.040000000000000036e+00 1.746111735151771427e+00
2.060000000000000053e+00 1.733511344290014522e+00
2.080000000000000071e+00 1.721025530010138027e+00
2.100000000000000089e+00 1.708653507620644385e+00
2.120000000000000107e+00 1.696394462330729214e+00
2.140000000000000124e+00 1.684247576755918407e+00
2.160000000000000142e+00 1.672212006004347495e+00
2.180000000000000160e+00 1.660286905156802328e+00
2.200000000000000178e+00 1.648471404165361420e+00
2.220000000000000195e+00 1.636764635303273874e+00
2.240000000000000213e+00 1.625165707893620581e+00
2.260000000000000231e+00 1.613673735724379110e+00
2.280000000000000249e+00 1.602287811623815950e+00
2.300000000000000266e+00 1.591007034835980605e+00
2.319999999999999840e+00 1.579830485460195666e+00
2.339999999999999858e+00 1.568757251782042061e+00
2.359999999999999876e+00 1.557786404593368257e+00
2.379999999999999893e+00 1.546917024473652535e+00
2.399999999999999911e+00 1.536148176007455346e+00
2.419999999999999929e+00 1.525478935010844195e+00
2.439999999999999947e+00 1.514908362662266139e+00
2.459999999999999964e+00 1.504435532668496167e+00
2.479999999999999982e+00 1.494059505325337378e+00
2.500000000000000000e+00 1.483779354617320134e+00
2.520000000000000018e+00 1.473594142223697556e+00
2.540000000000000036e+00 1.463502944545918449e+00
2.560000000000000053e+00 1.453504826674727468e+00
2.580000000000000071e+00 1.443598869339189683e+00
2.600000000000000089e+00 1.433784142849809262e+00
2.620000000000000107e+00 1.424059733962682150e+00
2.640000000000000124e+00 1.414424719813845099e+00
2.660000000000000142e+00 1.404878194691878468e+00
2.680000000000000160e+00 1.395419243977869872e+00
2.700000000000000178e+00 1.386046970819578616e+00
2.720000000000000195e+00 1.376760470091651367e+00
2.740000000000000213e+00 1.367558854964266102e+00
2.760000000000000231e+00 1.358441230897404761e+00
2.780000000000000249e+00 1.349406722096732736e+00
2.800000000000000266e+00 1.340454445555969265e+00
2.819999999999999840e+00 1.331583537392546202e+00
2.839999999999999858e+00 1.322793126951377518e+00
2.859999999999999876e+00 1.314082363012682331e+00
2.879999999999999893e+00 1.305450387970652715e+00
2.899999999999999911e+00 1.296896363905677418e+00
2.919999999999999929e+00 1.288419446850702199e+00
2.939999999999999947e+00 1.280018812719923904e+00
2.959999999999999964e+00 1.271693631675849812e+00
2.979999999999999982e+00 1.263443093906426284e+00
3.000000000000000000e+00 1.255266384105103494e+00
3.020000000000000018e+00 1.247162707088256717e+00
3.040000000000000036e+00 1.239131262400751776e+00
3.060000000000000053e+00 1.231171269765404475e+00
3.080000000000000071e+00 1.223281943825943685e+00
3.100000000000000089e+00 1.215462519420128062e+00
3.120000000000000107e+00 1.207712226472184902e+00
3.140000000000000124e+00 1.200030315081166421e+00
3.160000000000000142e+00 1.192416030574313668e+00
3.180000000000000160e+00 1.184868638402165164e+00
3.200000000000000178e+00 1.177387399364487885e+00
3.220000000000000195e+00 1.169971594303594653e+00
3.240000000000000213e+00 1.162620499513918659e+00
3.260000000000000231e+00 1.155333411224932272e+00
3.280000000000000249e+00 1.148109621205647413e+00
3.300000000000000266e+00 1.140948441028493354e+00
3.320000000000000284e+00 1.133849177879455938e+00
3.339999999999999858e+00 1.126811158594261730e+00
3.359999999999999876e+00 1.119833705685072234e+00
3.379999999999999893e+00 1.112916161140275140e+00
3.399999999999999911e+00 1.106057862678135884e+00
3.419999999999999929e+00 1.099258167301499611e+00
3.439999999999999947e+00 1.092516427788979172e+00
3.459999999999999964e+00 1.085832015995875865e+00
3.479999999999999982e+00 1.079204299592976257e+00
3.500000000000000000e+00 1.072632665105008654e+00
3.520000000000000018e+00 1.066116494907308088e+00
3.540000000000000036e+00 1.059655189993138125e+00
3.560000000000000053e+00 1.053248147238017074e+00
3.580000000000000071e+00 1.046894781887220072e+00
3.600000000000000089e+00 1.040594505097760303e+00
3.620000000000000107e+00 1.034346746137441819e+00
3.640000000000000124e+00 1.028150930213991732e+00
3.660000000000000142e+00 1.022006500377069749e+00
3.680000000000000160e+00 1.015912895644244029e+00
3.700000000000000178e+00 1.009869572597369647e+00
3.720000000000000195e+00 1.003875983814693784e+00
3.740000000000000213e+00 9.979315991530578467e-01
3.760000000000000231e+00 9.920358844955534661e-01
3.780000000000000249e+00 9.861883227110703753e-01
3.800000000000000266e+00 9.803883927265137910e-01
3.820000000000000284e+00 9.746355901552484768e-01
3.839999999999999858e+00 9.689294067030768121e-01
3.859999999999999876e+00 9.632693504571736565e-01
3.879999999999999893e+00 9.576549256346009731e-01
3.899999999999999911e+00 9.520856525234013823e-01
3.919999999999999929e+00 9.465610475826018444e-01
3.939999999999999947e+00 9.410806430271745349e-01
3.959999999999999964e+00 9.356439672880911829e-01
3.979999999999999982e+00 9.302505642329074176e-01
4.000000000000000000e+00 9.248999739946285326e-01
4.020000000000000462e+00 9.195917518197337381e-01
4.040000000000000036e+00 9.143254492741778039e-01
4.060000000000000497e+00 9.091006327107724605e-01
4.080000000000000071e+00 9.039168648608436607e-01
4.099999999999999645e+00 8.987737229129230121e-01
4.120000000000000107e+00 8.936707804981973702e-01
4.139999999999999680e+00 8.886076253725103680e-01
4.160000000000000142e+00 8.835838418039653197e-01
4.179999999999999716e+00 8.785990278503124085e-01
4.200000000000000178e+00 8.736527781566220119e-01
4.219999999999999751e+00 8.687447008202278109e-01
4.240000000000000213e+00 8.638744006066086945e-01
4.259999999999999787e+00 8.590414953940981313e-01
4.280000000000000249e+00 8.542455998157321151e-01
4.299999999999999822e+00 8.494863412760012000e-01
4.320000000000000284e+00 8.447633440266278937e-01
4.339999999999999858e+00 8.400762447477085892e-01
4.360000000000000320e+00 8.354246770650004539e-01
4.379999999999999893e+00 8.308082866878809813e-01
4.400000000000000355e+00 8.262267163759015043e-01
4.419999999999999929e+00 8.216796206260612578e-01
4.440000000000000391e+00 8.171666510960402530e-01
4.459999999999999964e+00 8.126874708333352570e-01
4.480000000000000426e+00 8.082417401628004816e-01
4.500000000000000000e+00 8.038291304502435120e-01
4.520000000000000462e+00 7.994493104615245649e-01
4.540000000000000036e+00 7.951019596533175360e-01
4.560000000000000497e+00 7.907867550112054333e-01
4.580000000000000071e+00 7.865033838603582295e-01
4.600000000000000533e+00 7.822515311897274559e-01
4.620000000000000107e+00 7.780308919754496122e-01
4.639999999999999680e+00 7.738411589984502958e-01
4.660000000000000142e+00 7.696820346734553064e-01
4.679999999999999716e+00 7.655532193669419838e-01
4.700000000000000178e+00 7.614544227247102004e-01
4.719999999999999751e+00 7.573853524973455098e-01
4.740000000000000213e+00 7.533457253593496272e-01
4.759999999999999787e+00 7.493352562489280499e-01
4.780000000000000249e+00 7.453536686717421311e-01
4.799999999999999822e+00 7.414006845620570996e-01
4.820000000000000284e+00 7.374760340642446677e-01
4.839999999999999858e+00 7.335794459219594499e-01
4.860000000000000320e+00 7.297106567305831071e-01
4.879999999999999893e+00 7.258694018613324195e-01
4.900000000000000355e+00 7.220554241778821547e-01
4.919999999999999929e+00 7.182684655019709874e-01
4.940000000000000391e+00 7.145082747874919038e-01
4.959999999999999964e+00 7.107746001343877573e-01
4.980000000000000426e+00 7.070671964135422094e-01
5.000000000000000000e+00 7.033858178354298607e-01
5.020000000000000462e+00 6.997302250192123374e-01
5.040000000000000036e+00 6.961001781227977858e-01
5.060000000000000497e+00 6.924954433496017803e-01
5.080000000000000071e+00 6.889157866463752056e-01
5.100000000000000533e+00 6.853609796411024302e-01
5.120000000000000107e+00 6.818307939151895258e-01
5.139999999999999680e+00 6.783250063660407614e-01
5.160000000000000142e+00 6.748433940598609349e-01
5.179999999999999716e+00 6.713857390124868818e-01
5.200000000000000178e+00 6.679518236293033873e-01
5.219999999999999751e+00 6.645414348979458152e-01
5.240000000000000213e+00 6.611543604215106562e-01
5.259999999999999787e+00 6.577903920167796903e-01
5.280000000000000249e+00 6.544493223471421484e-01
5.299999999999999822e+00 6.511309479200440009e-01
5.320000000000000284e+00 6.478350663257145259e-01
5.339999999999999858e+00 6.445614786275780661e-01
5.360000000000000320e+00 6.413099872131223789e-01
5.379999999999999893e+00 6.380803975710301890e-01
5.400000000000000355e+00 6.348725167602525810e-01
5.419999999999999929e+00 6.316861545676234480e-01
5.440000000000000391e+00 6.285211226014359998e-01
5.459999999999999964e+00 6.253772348233564982e-01
5.480000000000000426e+00 6.222543072724916469e-01
5.500000000000000000e+00 6.191521579654438723e-01
5.520000000000000462e+00 6.160706072571036085e-01
5.540000000000000036e+00 6.130094771027055911e-01
5.560000000000000497e+00 6.099685920613059364e-01
5.580000000000000071e+00 6.069477779137077977e-01
5.600000000000000533e+00 6.039468633148266097e-01
5.620000000000000107e+00 6.009656777613816558e-01
5.639999999999999680e+00 5.980040538990744059e-01
5.660000000000000142e+00 5.950618248339453187e-01
5.679999999999999716e+00 5.921388271005437742e-01
5.700000000000000178e+00 5.892348973108670895e-01
5.719999999999999751e+00 5.863498757894334279e-01
5.740000000000000213e+00 5.834836025537153414e-01
5.759999999999999787e+00 5.806359216222833908e-01
5.780000000000000249e+00 5.778066763206619605e-01
5.799999999999999822e+00 5.749957142684445355e-01
5.820000000000000284e+00 5.722028820045029773e-01
5.839999999999999858e+00 5.694280306592192087e-01
5.860000000000000320e+00 5.666710098929899075e-01
5.879999999999999893e+00 5.639316742594862042e-01
5.900000000000000355e+00 5.612098764513596683e-01
5.919999999999999929e+00 5.585054743607048566e-01
5.940000000000000391e+00 5.558183236258897875e-01
5.959999999999999964e+00 5.531482853951388279e-01
5.980000000000000426e+00 5.504952181683858692e-01
6.000000000000000000e+00 5.478589862701829238e-01
6.020000000000000462e+00 5.452394509804636691e-01
6.040000000000000036e+00 5.426364797227196668e-01
6.060000000000000497e+00 5.400499364775539490e-01
6.080000000000000071e+00 5.374796916923625378e-01
6.100000000000000533e+00 5.349256119715266600e-01
6.120000000000000107e+00 5.323875707135828916e-01
6.140000000000000568e+00 5.298654370718940410e-01
6.160000000000000142e+00 5.273590873255852296e-01
6.179999999999999716e+00 5.248683931045016182e-01
6.200000000000000178e+00 5.223932334999531468e-01
6.219999999999999751e+00 5.199334825477223143e-01
6.240000000000000213e+00 5.174890220849727163e-01
6.259999999999999787e+00 5.150597284850580992e-01
6.280000000000000249e+00 5.126454862666834922e-01
6.299999999999999822e+00 5.102461740742273433e-01
6.320000000000000284e+00 5.078616790455799945e-01
6.339999999999999858e+00 5.054918820316490757e-01
6.360000000000000320e+00 5.031366727290490504e-01
6.379999999999999893e+00 5.007959341324219604e-01
6.400000000000000355e+00 4.984695584384903344e-01
6.419999999999999929e+00 4.961574307247667570e-01
6.440000000000000391e+00 4.938594456312416781e-01
6.459999999999999964e+00 4.915754902590253606e-01
6.480000000000000426e+00 4.893054616362733089e-01
6.500000000000000000e+00 4.870492488302369805e-01
6.520000000000000462e+00 4.848067512038053417e-01
6.540000000000000036e+00 4.825778597343928222e-01
6.560000000000000497e+00 4.803624760678208983e-01
6.580000000000000071e+00 4.781604930374073192e-01
6.600000000000000533e+00 4.759718145216819130e-01
6.620000000000000107e+00 4.737963351569793868e-01
6.640000000000000568e+00 4.716339610058433718e-01
6.660000000000000142e+00 4.694845884563533245e-01
6.679999999999999716e+00 4.673481257078538342e-01
6.700000000000000178e+00 4.652244708501822035e-01
6.719999999999999751e+00 4.631135341737087074e-01
6.740000000000000213e+00 4.610152154215660936e-01
6.759999999999999787e+00 4.589294269307679919e-01
6.780000000000000249e+00 4.568560700504623595e-01
6.799999999999999822e+00 4.547950591212830962e-01
6.820000000000000284e+00 4.527462970525510388e-01
6.839999999999999858e+00 4.507097001468097774e-01
6.860000000000000320e+00 4.486851728288080432e-01
6.879999999999999893e+00 4.466726333225520817e-01
6.900000000000000355e+00 4.446719875248458798e-01
6.919999999999999929e+00 4.426831555419522557e-01
6.940000000000000391e+00 4.407060447003574022e-01
6.959999999999999964e+00 4.387405769505674513e-01
6.980000000000000426e+00 4.367866610076739375e-01
7.000000000000000000e+00 4.348442206295821677e-01
7.020000000000000462e+00 4.329131658798388016e-01
7.040000000000000036e+00 4.309934222880247301e-01
7.060000000000000497e+00 4.290849012272170970e-01
7.080000000000000071e+00 4.271875299640421342e-01
7.100000000000000533e+00 4.253012211430380329e-01
7.120000000000000107e+00 4.234259037343120480e-01
7.140000000000000568e+00 4.215614916169468929e-01
7.160000000000000142e+00 4.197079154319947047e-01
7.179999999999999716e+00 4.178650902569574499e-01
7.200000000000000178e+00 4.160329483722932098e-01
7.219999999999999751e+00 4.142114060188881730e-01
7.240000000000000213e+00 4.124003970860450341e-01
7.259999999999999787e+00 4.105998389437230944e-01
7.280000000000000249e+00 4.088096670604438598e-01
7.299999999999999822e+00 4.070297999019604762e-01
7.320000000000000284e+00 4.052601744873057799e-01
7.339999999999999858e+00 4.035007103454181787e-01
7.360000000000000320e+00 4.017513460180235363e-01
7.379999999999999893e+00 4.000120020656056097e-01
7.400000000000000355e+00 3.982826185256310159e-01
7.419999999999999929e+00 3.965631169590982941e-01
7.440000000000000391e+00 3.948534388730977618e-01
7.459999999999999964e+00 3.931535067990411525e-01
7.480000000000000426e+00 3.914632636883422778e-01
7.500000000000000000e+00 3.897826330132760919e-01
7.520000000000000462e+00 3.881115591450680635e-01
7.540000000000000036e+00 3.864499664681907420e-01
7.560000000000000497e+00 3.847978007499471276e-01
7.580000000000000071e+00 3.831549872588271288e-01
7.600000000000000533e+00 3.815214731352191690e-01
7.620000000000000107e+00 3.798971845043023765e-01
7.640000000000000568e+00 3.782820698572934015e-01
7.660000000000000142e+00 3.766760561491733772e-01
7.679999999999999716e+00 3.750790932004327560e-01
7.700000000000000178e+00 3.734911087697624366e-01
7.719999999999999751e+00 3.719120539860678032e-01
7.740000000000000213e+00 3.703418573860619567e-01
7.759999999999999787e+00 3.687804713868752526e-01
7.780000000000000249e+00 3.672278252783123809e-01
7.799999999999999822e+00 3.656838727461875771e-01
7.820000000000000284e+00 3.641485438088300497e-01
7.839999999999999858e+00 3.626217934018365896e-01
7.860000000000000320e+00 3.611035522482051174e-01
7.879999999999999893e+00 3.595937765150365450e-01
7.900000000000000355e+00 3.580923976064651626e-01
7.919999999999999929e+00 3.565993729034178661e-01
7.940000000000000391e+00 3.551146344683159262e-01
7.959999999999999964e+00 3.536381408788228375e-01
7.980000000000000426e+00 3.521698248330829562e-01
8.000000000000000000e+00 3.507096460889758127e-01
8.019999999999999574e+00 3.492575379584519357e-01
8.040000000000000924e+00 3.478134613636561512e-01
8.060000000000000497e+00 3.463773502086697764e-01
8.080000000000000071e+00 3.449491665644918714e-01
8.099999999999999645e+00 3.435288449062862681e-01
8.120000000000000995e+00 3.421163484390236098e-01
8.140000000000000568e+00 3.407116121881167969e-01
8.160000000000000142e+00 3.393146004781463776e-01
8.179999999999999716e+00 3.379252488645193009e-01
8.199999999999999289e+00 3.365435227775809834e-01
8.220000000000000639e+00 3.351693582826595907e-01
8.240000000000000213e+00 3.338027219025107017e-01
8.259999999999999787e+00 3.324435501928748038e-01
8.279999999999999361e+00 3.310918107560487100e-01
8.300000000000000711e+00 3.297474406188265483e-01
8.320000000000000284e+00 3.284104084506444532e-01
8.339999999999999858e+00 3.270806517305279715e-01
8.359999999999999432e+00 3.257581401831251555e-01
8.380000000000000782e+00 3.244428117209811058e-01
8.400000000000000355e+00 3.231346371124775296e-01
8.419999999999999929e+00 3.218335546854898532e-01
8.439999999999999503e+00 3.205395362410951021e-01
8.460000000000000853e+00 3.192525205043978964e-01
8.480000000000000426e+00 3.179724802985667287e-01
8.500000000000000000e+00 3.166993547283239452e-01
8.519999999999999574e+00 3.154331176287612504e-01
8.540000000000000924e+00 3.141737084666573199e-01
8.560000000000000497e+00 3.129211020792723730e-01
8.580000000000000071e+00 3.116752382783695152e-01
8.599999999999999645e+00 3.104360928940259612e-01
8.620000000000000995e+00 3.092036060659352770e-01
8.640000000000000568e+00 3.079777546080473272e-01
8.660000000000000142e+00 3.067584789713967974e-01
8.679999999999999716e+00 3.055457569452614264e-01
8.700000000000001066e+00 3.043395292754176307e-01
8.720000000000000639e+00 3.031397747183087743e-01
8.740000000000000213e+00 3.019464342983025906e-01
8.759999999999999787e+00 3.007594877312291803e-01
8.779999999999999361e+00 2.995788763038697566e-01
8.800000000000000711e+00 2.984045806840321391e-01
8.820000000000000284e+00 2.972365424051581217e-01
8.839999999999999858e+00 2.960747430800023672e-01
8.859999999999999432e+00 2.949191244728588401e-01
8.880000000000000782e+00 2.937696691347552180e-01
8.900000000000000355e+00 2.926263190454425067e-01
8.919999999999999929e+00 2.914890576879078932e-01
8.939999999999999503e+00 2.903578272418845252e-01
8.960000000000000853e+00 2.892326121163604213e-01
8.980000000000000426e+00 2.881133546759719333e-01
9.000000000000000000e+00 2.870000402500955672e-01
9.019999999999999574e+00 2.858926113730918539e-01
9.040000000000000924e+00 2.847910542894558916e-01
9.060000000000000497e+00 2.836953116884752824e-01
9.080000000000000071e+00 2.826053707248357694e-01
9.099999999999999645e+00 2.815211742278314611e-01
9.120000000000000995e+00 2.804427102577413677e-01
9.140000000000000568e+00 2.793699217693100256e-01
9.160000000000000142e+00 2.783027977241599449e-01
9.179999999999999716e+00 2.772412811877740801e-01
9.200000000000001066e+00 2.761853620191864755e-01
9.220000000000000639e+00 2.751349833802821943e-01
9.240000000000000213e+00 2.740901360238928164e-01
9.259999999999999787e+00 2.730507631937871271e-01
9.279999999999999361e+00 2.720168565333134780e-01
9.300000000000000711e+00 2.709883593539512692e-01
9.320000000000000284e+00 2.699652641866046587e-01
9.339999999999999858e+00 2.689475143960959325e-01
9.359999999999999432e+00 2.679351033982429464e-01
9.380000000000000782e+00 2.669279745971759321e-01
9.400000000000000355e+00 2.659261222912932543e-01
9.419999999999999929e+00 2.649294899097887068e-01
9.439999999999999503e+00 2.639380726316318815e-01
9.460000000000000853e+00 2.629518138971440044e-01
9.480000000000000426e+00 2.619707097641633120e-01
9.500000000000000000e+00 2.609947036699767908e-01
9.519999999999999574e+00 2.600237925499013780e-01
9.540000000000000924e+00 2.590579198243397330e-01
9.560000000000000497e+00 2.580970833050013069e-01
9.580000000000000071e+00 2.571412263812891674e-01
9.599999999999999645e+00 2.561903477405405583e-01
9.620000000000000995e+00 2.552443907273432289e-01
