0.000000000000000000e+00 8.519052664878801195e+00
1.499999999999999944e-02 8.151557527675915793e+00
2.999999999999999889e-02 7.788137977371143883e+00
4.499999999999999833e-02 7.433223130982702820e+00
5.999999999999999778e-02 7.090126652412129360e+00
7.499999999999999722e-02 6.761278983810318444e+00
8.999999999999999667e-02 6.448339090665903939e+00
1.049999999999999961e-01 6.152243484549349439e+00
1.199999999999999956e-01 5.873322475379867846e+00
1.350000000000000089e-01 5.611424881162752065e+00
1.499999999999999944e-01 5.366046674500664970e+00
1.649999999999999800e-01 5.136443861547889789e+00
1.799999999999999933e-01 4.921724906730129412e+00
1.950000000000000067e-01 4.720923782124292423e+00
2.099999999999999922e-01 4.533051101609177458e+00
2.249999999999999778e-01 4.357132629637289867e+00
2.399999999999999911e-01 4.192231163312948539e+00
2.550000000000000044e-01 4.037463401767148241e+00
2.700000000000000178e-01 3.892005154656186239e+00
2.849999999999999756e-01 3.755096942080463851e+00
2.999999999999999889e-01 3.626041018246085379e+00
3.150000000000000022e-01 3.504202000189362565e+00
3.299999999999999600e-01 3.389000482309679985e+00
3.449999999999999734e-01 3.279911992352702477e+00
3.599999999999999867e-01 3.176459574794652241e+00
3.750000000000000000e-01 3.078212611798109233e+00
3.900000000000000133e-01 2.984779452340715178e+00
4.049999999999999711e-01 2.895806716507745016e+00
4.199999999999999845e-01 2.810972377790363907e+00
4.349999999999999978e-01 2.729985728841478387e+00
4.499999999999999556e-01 2.652581028855867995e+00
4.649999999999999689e-01 2.578518115890253259e+00
4.799999999999999822e-01 2.507576592833839602e+00
4.949999999999999956e-01 2.439556999158805084e+00
5.100000000000000089e-01 2.374275473451733287e+00
5.250000000000000222e-01 2.311565379642055884e+00
5.400000000000000355e-01 2.251272367573870170e+00
5.549999999999999378e-01 2.193256354192506752e+00
5.699999999999999512e-01 2.137386919285114484e+00
5.849999999999999645e-01 2.083545555166639751e+00
5.999999999999999778e-01 2.031621338151361922e+00
6.149999999999999911e-01 1.981513375002640132e+00
6.300000000000000044e-01 1.933126710430218553e+00
6.450000000000000178e-01 1.886374911822966238e+00
6.599999999999999201e-01 1.841176175609621657e+00
6.749999999999999334e-01 1.797456003223227627e+00
6.899999999999999467e-01 1.755143485057585107e+00
7.049999999999999600e-01 1.714174029783378295e+00
7.199999999999999734e-01 1.674485803807008510e+00
7.349999999999999867e-01 1.636022483559254281e+00
7.500000000000000000e-01 1.598729840569899974e+00
7.650000000000000133e-01 1.562558492200943006e+00
7.800000000000000266e-01 1.527460619101000061e+00
7.949999999999999289e-01 1.493392694622879269e+00
8.099999999999999423e-01 1.460312331150063647e+00
8.249999999999999556e-01 1.428180972153057171e+00
8.399999999999999689e-01 1.396960859008435252e+00
8.549999999999999822e-01 1.366617672721603727e+00
8.699999999999999956e-01 1.337117621067143158e+00
8.850000000000000089e-01 1.308430019423800772e+00
8.999999999999999112e-01 1.280524492351170718e+00
9.149999999999999245e-01 1.253373485029864565e+00
9.299999999999999378e-01 1.226949580691314434e+00
9.449999999999999512e-01 1.201227935790223134e+00
9.599999999999999645e-01 1.176183708553578233e+00
9.749999999999999778e-01 1.151794412430046100e+00
9.899999999999999911e-01 1.128037457790268761e+00
1.004999999999999893e+00 1.104892419346682031e+00
1.020000000000000018e+00 1.082338686678542272e+00
1.034999999999999920e+00 1.060357642333735084e+00
1.050000000000000044e+00 1.038930423304116779e+00
1.064999999999999947e+00 1.018040007357097876e+00
1.080000000000000071e+00 9.976690811463804209e-01
1.094999999999999973e+00 9.778020330740631039e-01
1.109999999999999876e+00 9.584229299938530344e-01
1.125000000000000000e+00 9.395174155292628226e-01
1.139999999999999902e+00 9.210707908714015346e-01
1.155000000000000027e+00 9.030698180465677183e-01
1.169999999999999929e+00 8.855009064845159594e-01
1.185000000000000053e+00 8.683518212031102745e-01
1.199999999999999956e+00 8.516099703874210336e-01
1.214999999999999858e+00 8.352640188908911911e-01
1.229999999999999982e+00 8.193022781921677211e-01
1.244999999999999885e+00 8.037142259742908745e-01
1.260000000000000009e+00 7.884889934249582621e-01
1.274999999999999911e+00 7.736167919827938722e-01
1.290000000000000036e+00 7.590874990583401649e-01
1.304999999999999938e+00 7.448919933112779779e-01
1.319999999999999840e+00 7.310208335065838670e-01
1.334999999999999964e+00 7.174655039315377403e-01
1.349999999999999867e+00 7.042171872186895332e-01
1.364999999999999991e+00 6.912679217166097789e-01
1.379999999999999893e+00 6.786094627846159799e-01
1.395000000000000018e+00 6.662343541092042853e-01
1.409999999999999920e+00 6.541348781116069766e-01
1.425000000000000044e+00 6.423040433502308355e-01
1.439999999999999947e+00 6.307346183859778854e-01
1.454999999999999849e+00 6.194200375339082854e-01
1.469999999999999973e+00 6.083535186949313722e-01
1.484999999999999876e+00 5.975288898217481215e-01
1.500000000000000000e+00 5.869397849524260469e-01
1.514999999999999902e+00 5.765803938330196221e-01
1.530000000000000027e+00 5.664447365854812233e-01
1.544999999999999929e+00 5.565273389928993009e-01
1.560000000000000053e+00 5.468225799758363870e-01
1.574999999999999956e+00 5.373252950857480004e-01
1.589999999999999858e+00 5.280301971979222131e-01
1.604999999999999982e+00 5.189324107909130124e-01
1.619999999999999885e+00 5.100269600119072821e-01
1.635000000000000009e+00 5.013092363285921449e-01
1.649999999999999911e+00 4.927745543968208297e-01
1.665000000000000036e+00 4.844185556781472335e-01
1.679999999999999938e+00 4.762368262848849509e-01
1.694999999999999840e+00 4.682252391398048497e-01
1.709999999999999964e+00 4.603796342897116256e-01
1.724999999999999867e+00 4.526961021703544974e-01
1.739999999999999991e+00 4.451707206141647388e-01
1.754999999999999893e+00 4.377997817462195296e-01
1.770000000000000018e+00 4.305795862717239353e-01
1.784999999999999920e+00 4.235066164994716331e-01
1.799999999999999822e+00 4.165773822106593194e-01
1.814999999999999947e+00 4.097885422528282362e-01
1.829999999999999849e+00 4.031368026971398066e-01
1.844999999999999973e+00 3.966189894042417841e-01
1.859999999999999876e+00 3.902319928672493554e-01
1.875000000000000000e+00 3.839727940848344234e-01
1.889999999999999902e+00 3.778384569401154747e-01
1.905000000000000027e+00 3.718261096657708986e-01
1.919999999999999929e+00 3.659329792663917336e-01
1.934999999999999831e+00 3.601563307845778716e-01
1.949999999999999956e+00 3.544935447766819903e-01
1.964999999999999858e+00 3.489420165320737954e-01
1.979999999999999982e+00 3.434992712303363560e-01
1.994999999999999885e+00 3.381628251829023601e-01
2.009999999999999787e+00 3.329303398536670455e-01
2.024999999999999911e+00 3.277994471314450986e-01
2.040000000000000036e+00 3.227679369688640776e-01
2.054999999999999716e+00 3.178335486059911674e-01
2.069999999999999840e+00 3.129941931902798791e-01
2.084999999999999964e+00 3.082477128087722229e-01
2.100000000000000089e+00 3.035921329739024732e-01
2.114999999999999769e+00 2.990253912302000550e-01
2.129999999999999893e+00 2.945456210552545584e-01
2.145000000000000018e+00 2.901508517432481171e-01
2.160000000000000142e+00 2.858393187362341381e-01
2.174999999999999822e+00 2.816091363932418656e-01
2.189999999999999947e+00 2.774586364911191261e-01
2.205000000000000071e+00 2.733860154248337615e-01
2.219999999999999751e+00 2.693896960217488368e-01
2.234999999999999876e+00 2.654679506241299780e-01
2.250000000000000000e+00 2.616192881475249976e-01
2.265000000000000124e+00 2.578420544347914678e-01
2.279999999999999805e+00 2.541348398278335252e-01
2.294999999999999929e+00 2.504960580875673082e-01
2.310000000000000053e+00 2.469243766012024222e-01
2.324999999999999734e+00 2.434182751029449754e-01
2.339999999999999858e+00 2.399764939069630731e-01
2.354999999999999982e+00 2.365975735689619941e-01
2.370000000000000107e+00 2.332803234576850959e-01
2.384999999999999787e+00 2.300233434404515553e-01
2.399999999999999911e+00 2.268255082988154814e-01
2.415000000000000036e+00 2.236854724271097050e-01
2.429999999999999716e+00 2.206021725943067280e-01
2.444999999999999840e+00 2.175743165903133436e-01
2.459999999999999964e+00 2.146008999493504987e-01
2.475000000000000089e+00 2.116806793855093849e-01
2.489999999999999769e+00 2.088127061670872753e-01
2.504999999999999893e+00 2.059957851316784050e-01
2.520000000000000018e+00 2.032290204302153735e-01
2.534999999999999698e+00 2.005112608194419554e-01
2.549999999999999822e+00 1.978416606507087117e-01
2.564999999999999947e+00 1.952191120893367049e-01
2.580000000000000071e+00 1.926428171643528864e-01
2.594999999999999751e+00 1.901117074725985345e-01
2.609999999999999876e+00 1.876250303484330861e-01
2.625000000000000000e+00 1.851817565650636099e-01
2.639999999999999680e+00 1.827811765318246573e-01
2.654999999999999805e+00 1.804222964140734797e-01
2.669999999999999929e+00 1.781044475998790899e-01
2.685000000000000053e+00 1.758266716171840993e-01
2.699999999999999734e+00 1.735883388633770730e-01
2.714999999999999858e+00 1.713885226075705648e-01
2.729999999999999982e+00 1.692266304070628447e-01
2.745000000000000107e+00 1.671017674424360444e-01
2.759999999999999787e+00 1.650133766951668024e-01
2.774999999999999911e+00 1.629605917723145059e-01
2.790000000000000036e+00 1.609428894515610164e-01
2.804999999999999716e+00 1.589594321143013578e-01
2.819999999999999840e+00 1.570097288087284604e-01
2.834999999999999964e+00 1.550929673186786928e-01
2.850000000000000089e+00 1.532086875343068588e-01
2.864999999999999769e+00 1.513561031478898311e-01
2.879999999999999893e+00 1.495347835553840210e-01
2.895000000000000018e+00 1.477439650779409086e-01
2.909999999999999698e+00 1.459832453691113086e-01
2.924999999999999822e+00 1.442518840260728630e-01
2.939999999999999947e+00 1.425495057955975531e-01
2.955000000000000071e+00 1.408753903450168932e-01
2.969999999999999751e+00 1.392291884299806659e-01
2.984999999999999876e+00 1.376102005613140389e-01
3.000000000000000000e+00 1.360181024956762519e-01
3.014999999999999680e+00 1.344522124383254746e-01
3.029999999999999805e+00 1.329122302122544841e-01
3.044999999999999929e+00 1.313974926034740809e-01
3.060000000000000053e+00 1.299077226368134663e-01
3.074999999999999734e+00 1.284422725713503799e-01
3.089999999999999858e+00 1.270008878366388760e-01
3.104999999999999982e+00 1.255829371523246585e-01
3.120000000000000107e+00 1.241881876203964064e-01
3.134999999999999787e+00 1.228160213405231765e-01
3.149999999999999911e+00 1.214662264173028833e-01
3.165000000000000036e+00 1.201381994085213428e-01
3.179999999999999716e+00 1.188317488118980220e-01
3.194999999999999840e+00 1.175462825766432767e-01
3.209999999999999964e+00 1.162816290424954491e-01
3.225000000000000089e+00 1.150372087091674489e-01
3.239999999999999769e+00 1.138128692639481659e-01
3.254999999999999893e+00 1.126080406916485782e-01
3.270000000000000018e+00 1.114225895877242606e-01
3.284999999999999698e+00 1.102559566533225233e-01
3.299999999999999822e+00 1.091080270063365387e-01
3.314999999999999947e+00 1.079782489881540991e-01
3.330000000000000071e+00 1.068665259058393935e-01
3.344999999999999751e+00 1.057723150362433889e-01
3.359999999999999876e+00 1.046955375937314581e-01
3.375000000000000000e+00 1.036356566921885353e-01
3.389999999999999680e+00 1.025926112219302244e-01
3.404999999999999805e+00 1.015658714853755612e-01
3.419999999999999929e+00 1.005553938672130720e-01
3.435000000000000053e+00 9.956065272622477424e-02
3.449999999999999734e+00 9.858162180911213268e-02
3.464999999999999858e+00 9.761778093141489088e-02
