# Electrodo circular de radio 6 mm y espesor 710.0 um.
# Volumen de simulacion (convencion z,y,x):
# N: 1024 x 1024 x 1024 | voxelSize:  0.02mm x 0.02mm x 0.02mm | FOV:  20.48mm x 20.48mm x 20.48mm
# 
# z [mm]		 delta[ppm]
0.000000000000000000e+00 3.139110273425653741e+00
2.000000000000000042e-02 3.130092693226871781e+00
4.000000000000000083e-02 3.120841767548401702e+00
5.999999999999999778e-02 3.111362441494952780e+00
8.000000000000000167e-02 3.101659720157759814e+00
1.000000000000000056e-01 3.091738682069860467e+00
1.199999999999999956e-01 3.081604458861540330e+00
1.400000000000000133e-01 3.071262243914237189e+00
1.600000000000000033e-01 3.060717275588995978e+00
1.799999999999999933e-01 3.049974841371740020e+00
2.000000000000000111e-01 3.039040262611444998e+00
2.200000000000000011e-01 3.027918898170460338e+00
2.399999999999999911e-01 3.016616129089916498e+00
2.600000000000000089e-01 3.005137362630515785e+00
2.800000000000000266e-01 2.993488016822430264e+00
2.999999999999999889e-01 2.981673525007758840e+00
3.200000000000000067e-01 2.969699320233758044e+00
3.400000000000000244e-01 2.957570840373467735e+00
3.599999999999999867e-01 2.945293512381800927e+00
3.800000000000000044e-01 2.932872758036272121e+00
4.000000000000000222e-01 2.920313978071302774e+00
4.199999999999999845e-01 2.907622558573768945e+00
4.400000000000000022e-01 2.894803855014570271e+00
4.600000000000000200e-01 2.881863199323173585e+00
4.799999999999999822e-01 2.868805883837033388e+00
5.000000000000000000e-01 2.855637169073172998e+00
5.200000000000000178e-01 2.842362267610385906e+00
5.400000000000000355e-01 2.828986352569764495e+00
5.600000000000000533e-01 2.815514541446174412e+00
5.799999999999999600e-01 2.801951905304452595e+00
5.999999999999999778e-01 2.788303452569378393e+00
6.199999999999999956e-01 2.774574138939609025e+00
6.400000000000000133e-01 2.760768851146373049e+00
6.600000000000000311e-01 2.746892417582696311e+00
6.800000000000000488e-01 2.732949592034216391e+00
7.000000000000000666e-01 2.718945065017410290e+00
7.199999999999999734e-01 2.704883447486531534e+00
7.399999999999999911e-01 2.690769282870817403e+00
7.600000000000000089e-01 2.676607030755567607e+00
7.800000000000000266e-01 2.662401079605216658e+00
8.000000000000000444e-01 2.648155730417132592e+00
8.200000000000000622e-01 2.633875210114364318e+00
8.399999999999999689e-01 2.619563655165871197e+00
8.599999999999999867e-01 2.605225125630412641e+00
8.800000000000000044e-01 2.590863588737496670e+00
9.000000000000000222e-01 2.576482933561605737e+00
9.200000000000000400e-01 2.562086954554379847e+00
9.400000000000000577e-01 2.547679366826660630e+00
9.599999999999999645e-01 2.533263789623274587e+00
9.799999999999999822e-01 2.518843762188827551e+00
1.000000000000000000e+00 2.504422727173644780e+00
1.020000000000000018e+00 2.490004047058230530e+00
1.040000000000000036e+00 2.475590987480004390e+00
1.060000000000000053e+00 2.461186734190465852e+00
1.080000000000000071e+00 2.446794376290451378e+00
1.100000000000000089e+00 2.432416923693571764e+00
1.120000000000000107e+00 2.418057290259104430e+00
1.140000000000000124e+00 2.403718311734951207e+00
1.159999999999999920e+00 2.389402728776067963e+00
1.179999999999999938e+00 2.375113205340238398e+00
1.199999999999999956e+00 2.360852311581566720e+00
1.219999999999999973e+00 2.346622542672490930e+00
1.239999999999999991e+00 2.332426301561236315e+00
1.260000000000000009e+00 2.318265918193912700e+00
1.280000000000000027e+00 2.304143632126622876e+00
1.300000000000000044e+00 2.290061612121979007e+00
1.320000000000000062e+00 2.276021938606370032e+00
1.340000000000000080e+00 2.262026623615914112e+00
1.360000000000000098e+00 2.248077593091289295e+00
1.380000000000000115e+00 2.234176707148868957e+00
1.400000000000000133e+00 2.220325742205645714e+00
1.419999999999999929e+00 2.206526411552161004e+00
1.439999999999999947e+00 2.192780347301962252e+00
1.459999999999999964e+00 2.179089121243815708e+00
1.479999999999999982e+00 2.165454226610475263e+00
1.500000000000000000e+00 2.151877099188630016e+00
1.520000000000000018e+00 2.138359098903618083e+00
1.540000000000000036e+00 2.124901531166491608e+00
1.560000000000000053e+00 2.111505628271786339e+00
1.580000000000000071e+00 2.098172570962046457e+00
1.600000000000000089e+00 2.084903469637543250e+00
1.620000000000000107e+00 2.071699386119552955e+00
1.640000000000000124e+00 2.058561314671376596e+00
1.660000000000000142e+00 2.045490203942641472e+00
1.679999999999999938e+00 2.032486937802624904e+00
1.699999999999999956e+00 2.019552357448713753e+00
1.719999999999999973e+00 2.006687242053548648e+00
1.739999999999999991e+00 1.993892331021644759e+00
1.760000000000000009e+00 1.981168304453360118e+00
1.780000000000000027e+00 1.968515805534498897e+00
1.800000000000000044e+00 1.955935420820549053e+00
1.820000000000000062e+00 1.943427702744874530e+00
1.840000000000000080e+00 1.930993149728009062e+00
1.860000000000000098e+00 1.918632228790749128e+00
1.880000000000000115e+00 1.906345355493656468e+00
1.900000000000000133e+00 1.894132916642053299e+00
1.919999999999999929e+00 1.881995250062053593e+00
1.939999999999999947e+00 1.869932667385083791e+00
1.959999999999999964e+00 1.857945433667042456e+00
1.979999999999999982e+00 1.846033790240527939e+00
2.000000000000000000e+00 1.834197934184762957e+00
2.020000000000000018e+00 1.822438041234217598e+00
2.040000000000000036e+00 1.810754245107125682e+00
2.060000000000000053e+00 1.799146660459661540e+00
2.080000000000000071e+00 1.787615362081742099e+00
2.100000000000000089e+00 1.776160407886330228e+00
2.120000000000000107e+00 1.764781817981339929e+00
2.140000000000000124e+00 1.753479597684012292e+00
2.160000000000000142e+00 1.742253716478458614e+00
2.180000000000000160e+00 1.731104131045374972e+00
2.200000000000000178e+00 1.720030764114827138e+00
2.220000000000000195e+00 1.709033527501838012e+00
2.240000000000000213e+00 1.698112300864640600e+00
2.260000000000000231e+00 1.687266954736919011e+00
2.280000000000000249e+00 1.676497329201696695e+00
2.300000000000000266e+00 1.665803256911269736e+00
2.319999999999999840e+00 1.655184541687406696e+00
2.339999999999999858e+00 1.644640981520149037e+00
2.359999999999999876e+00 1.634172347104958067e+00
2.379999999999999893e+00 1.623778404811703435e+00
2.399999999999999911e+00 1.613458895169792573e+00
2.419999999999999929e+00 1.603213555798808976e+00
2.439999999999999947e+00 1.593042099852527649e+00
2.459999999999999964e+00 1.582944238902778578e+00
2.479999999999999982e+00 1.572919661353587184e+00
2.500000000000000000e+00 1.562968055269894796e+00
2.520000000000000018e+00 1.553089086772936556e+00
2.540000000000000036e+00 1.543282422805520193e+00
2.560000000000000053e+00 1.533547709519998747e+00
2.580000000000000071e+00 1.523884594971856909e+00
2.600000000000000089e+00 1.514292707511465830e+00
2.620000000000000107e+00 1.504771678397777146e+00
2.640000000000000124e+00 1.495321120205240994e+00
2.660000000000000142e+00 1.485940649349415610e+00
2.680000000000000160e+00 1.476629864520260904e+00
2.700000000000000178e+00 1.467388369111483737e+00
2.720000000000000195e+00 1.458215749691569973e+00
2.740000000000000213e+00 1.449111598328683970e+00
2.760000000000000231e+00 1.440075491110611949e+00
2.780000000000000249e+00 1.431107010357043574e+00
2.800000000000000266e+00 1.422205723199705840e+00
2.819999999999999840e+00 1.413371203673839283e+00
2.839999999999999858e+00 1.404603011369605303e+00
2.859999999999999876e+00 1.395900713394567338e+00
2.879999999999999893e+00 1.387263863107539796e+00
2.899999999999999911e+00 1.378692021943855650e+00
2.919999999999999929e+00 1.370184738242640865e+00
2.939999999999999947e+00 1.361741568926616797e+00
2.959999999999999964e+00 1.353362058433835502e+00
2.979999999999999982e+00 1.345045760243784416e+00
3.000000000000000000e+00 1.336792215924392346e+00
3.020000000000000018e+00 1.328600976496189023e+00
3.040000000000000036e+00 1.320471581605429323e+00
3.060000000000000053e+00 1.312403580718034313e+00
3.080000000000000071e+00 1.304396512429510491e+00
3.100000000000000089e+00 1.296449925480348098e+00
3.120000000000000107e+00 1.288563358213453025e+00
3.140000000000000124e+00 1.280736359402685709e+00
3.160000000000000142e+00 1.272968467868282882e+00
3.180000000000000160e+00 1.265259233110223702e+00
3.200000000000000178e+00 1.257608195092148051e+00
3.220000000000000195e+00 1.250014904671217897e+00
3.240000000000000213e+00 1.242478903560833903e+00
3.260000000000000231e+00 1.234999744548641365e+00
3.280000000000000249e+00 1.227576971648389970e+00
3.300000000000000266e+00 1.220210140097714779e+00
3.320000000000000284e+00 1.212898796709263483e+00
3.339999999999999858e+00 1.205642499639896226e+00
3.359999999999999876e+00 1.198440798951231123e+00
3.379999999999999893e+00 1.191293256141881640e+00
3.399999999999999911e+00 1.184199424927372624e+00
3.419999999999999929e+00 1.177158870527049483e+00
3.439999999999999947e+00 1.170171150673323224e+00
3.459999999999999964e+00 1.163235834644887445e+00
3.479999999999999982e+00 1.156352484515048351e+00
3.500000000000000000e+00 1.149520673922902247e+00
3.520000000000000018e+00 1.142739969570514935e+00
3.540000000000000036e+00 1.136009949723710388e+00
3.560000000000000053e+00 1.129330185967694966e+00
3.580000000000000071e+00 1.122700261429092627e+00
3.600000000000000089e+00 1.116119752799621834e+00
3.620000000000000107e+00 1.109588248271055289e+00
3.640000000000000124e+00 1.103105329836340243e+00
3.660000000000000142e+00 1.096670590929184508e+00
3.680000000000000160e+00 1.090283619012036409e+00
3.700000000000000178e+00 1.083944012911974619e+00
3.720000000000000195e+00 1.077651365704810793e+00
3.740000000000000213e+00 1.071405281739017390e+00
3.760000000000000231e+00 1.065205359825168507e+00
3.780000000000000249e+00 1.059051209939651406e+00
3.800000000000000266e+00 1.052942436728538933e+00
3.820000000000000284e+00 1.046878655882838904e+00
3.839999999999999858e+00 1.040859477965876190e+00
3.859999999999999876e+00 1.034884524451876509e+00
3.879999999999999893e+00 1.028953411885761504e+00
3.899999999999999911e+00 1.023065767576894602e+00
3.919999999999999929e+00 1.017221214100201720e+00
3.939999999999999947e+00 1.011419384636927710e+00
3.959999999999999964e+00 1.005659907825845467e+00
3.979999999999999982e+00 9.999424227428795886e-01
4.000000000000000000e+00 9.942665641111899655e-01
4.020000000000000462e+00 9.886319769115711198e-01
4.040000000000000036e+00 9.830383019599877592e-01
4.060000000000000497e+00 9.774851901407148880e-01
4.080000000000000071e+00 9.719722883599386520e-01
4.099999999999999645e+00 9.664992533936100916e-01
4.120000000000000107e+00 9.610657382255669567e-01
4.139999999999999680e+00 9.556714055020915088e-01
4.160000000000000142e+00 9.503159142630625000e-01
4.179999999999999716e+00 9.449989329952559469e-01
4.200000000000000178e+00 9.397201267648116474e-01
4.219999999999999751e+00 9.344791698613836850e-01
4.240000000000000213e+00 9.292757333402608122e-01
4.259999999999999787e+00 9.241094972494796611e-01
4.280000000000000249e+00 9.189801385897793384e-01
4.299999999999999822e+00 9.138873431168200723e-01
4.320000000000000284e+00 9.088307937272009918e-01
4.339999999999999858e+00 9.038101818279665745e-01
4.360000000000000320e+00 8.988251961567396142e-01
4.379999999999999893e+00 8.938755337107576748e-01
4.400000000000000355e+00 8.889608890091819093e-01
4.419999999999999929e+00 8.840809645739422518e-01
4.440000000000000391e+00 8.792354606421609597e-01
4.459999999999999964e+00 8.744240851910959345e-01
4.480000000000000426e+00 8.696465441086684844e-01
4.500000000000000000e+00 8.649025507548223635e-01
4.520000000000000462e+00 8.601918165979756115e-01
4.540000000000000036e+00 8.555140603051922810e-01
4.560000000000000497e+00 8.508689988524028580e-01
4.580000000000000071e+00 8.462563561357899777e-01
4.600000000000000533e+00 8.416758545635059097e-01
4.620000000000000107e+00 8.371272231807125319e-01
4.639999999999999680e+00 8.326101897505565619e-01
4.660000000000000142e+00 8.281244883853436933e-01
4.679999999999999716e+00 8.236698521243732696e-01
4.700000000000000178e+00 8.192460200637760037e-01
4.719999999999999751e+00 8.148527304388650805e-01
4.740000000000000213e+00 8.104897272451814239e-01
4.759999999999999787e+00 8.061567538328870963e-01
4.780000000000000249e+00 8.018535590115907219e-01
4.799999999999999822e+00 7.975798911643582345e-01
4.820000000000000284e+00 7.933355038289431338e-01
4.839999999999999858e+00 7.891201503388343141e-01
4.860000000000000320e+00 7.849335888735327060e-01
4.879999999999999893e+00 7.807755776341347431e-01
4.900000000000000355e+00 7.766458793553270290e-01
4.919999999999999929e+00 7.725442570228580053e-01
4.940000000000000391e+00 7.684704778399494840e-01
4.959999999999999964e+00 7.644243094940835759e-01
4.980000000000000426e+00 7.604055235705380333e-01
5.000000000000000000e+00 7.564138923757882660e-01
5.020000000000000462e+00 7.524491917909330585e-01
5.040000000000000036e+00 7.485111986590311517e-01
5.060000000000000497e+00 7.445996930712087680e-01
5.080000000000000071e+00 7.407144563251644165e-01
5.100000000000000533e+00 7.368552726367408878e-01
5.120000000000000107e+00 7.330219276768985548e-01
5.139999999999999680e+00 7.292142097015659186e-01
5.160000000000000142e+00 7.254319086742645473e-01
5.179999999999999716e+00 7.216748168070651337e-01
5.200000000000000178e+00 7.179427282761083884e-01
5.219999999999999751e+00 7.142354391665268754e-01
5.240000000000000213e+00 7.105527477879901577e-01
5.259999999999999787e+00 7.068944540164523449e-01
5.280000000000000249e+00 7.032603602169312795e-01
5.299999999999999822e+00 6.996502699749720389e-01
5.320000000000000284e+00 6.960639896337416088e-01
5.339999999999999858e+00 6.925013264081122388e-01
5.360000000000000320e+00 6.889620905432400910e-01
5.379999999999999893e+00 6.854460928041624657e-01
5.400000000000000355e+00 6.819531472629483115e-01
5.419999999999999929e+00 6.784830681567080024e-01
5.440000000000000391e+00 6.750356733104666551e-01
5.459999999999999964e+00 6.716107803565009027e-01
5.480000000000000426e+00 6.682082107999962606e-01
5.500000000000000000e+00 6.648277855926252311e-01
5.520000000000000462e+00 6.614693298481204575e-01
5.540000000000000036e+00 6.581326677630207067e-01
5.560000000000000497e+00 6.548176279892103935e-01
5.580000000000000071e+00 6.515240378947428912e-01
5.600000000000000533e+00 6.482517296004883800e-01
5.620000000000000107e+00 6.450005335739404932e-01
5.639999999999999680e+00 6.417702853370362837e-01
5.660000000000000142e+00 6.385608183858507703e-01
5.679999999999999716e+00 6.353719715767219833e-01
5.700000000000000178e+00 6.322035813647362001e-01
5.719999999999999751e+00 6.290554898752402924e-01
5.740000000000000213e+00 6.259275364539912401e-01
5.759999999999999787e+00 6.228195664312148327e-01
5.780000000000000249e+00 6.197314219762957155e-01
5.799999999999999822e+00 6.166629515614834300e-01
5.820000000000000284e+00 6.136140001139845923e-01
5.839999999999999858e+00 6.105844191864833181e-01
5.860000000000000320e+00 6.075740563994805887e-01
5.879999999999999893e+00 6.045827663257860030e-01
5.900000000000000355e+00 6.016103992158976510e-01
5.919999999999999929e+00 5.986568126036906357e-01
5.940000000000000391e+00 5.957218593076395452e-01
5.959999999999999964e+00 5.928053997648866646e-01
5.980000000000000426e+00 5.899072893010640639e-01
6.000000000000000000e+00 5.870273912000274485e-01
6.020000000000000462e+00 5.841655632350095662e-01
6.040000000000000036e+00 5.813216714812562413e-01
6.060000000000000497e+00 5.784955761012193776e-01
6.080000000000000071e+00 5.756871459074422992e-01
6.100000000000000533e+00 5.728962433944473354e-01
6.120000000000000107e+00 5.701227400591873939e-01
6.140000000000000568e+00 5.673665006722581339e-01
6.160000000000000142e+00 5.646273993633281751e-01
6.179999999999999716e+00 5.619053031242703389e-01
6.200000000000000178e+00 5.592000886669628024e-01
6.219999999999999751e+00 5.565116251508684941e-01
6.240000000000000213e+00 5.538397918207292880e-01
6.259999999999999787e+00 5.511844599510887788e-01
6.280000000000000249e+00 5.485455112713553127e-01
6.299999999999999822e+00 5.459228191197155189e-01
6.320000000000000284e+00 5.433162676631788646e-01
6.339999999999999858e+00 5.407257322532711408e-01
6.360000000000000320e+00 5.381510994486504718e-01
6.379999999999999893e+00 5.355922465649175512e-01
6.400000000000000355e+00 5.330490625075247069e-01
6.419999999999999929e+00 5.305214265079747360e-01
6.440000000000000391e+00 5.280092297747319696e-01
6.459999999999999964e+00 5.255123534080311520e-01
6.480000000000000426e+00 5.230306908766333418e-01
6.500000000000000000e+00 5.205641251033827910e-01
6.520000000000000462e+00 5.181125517756552945e-01
6.540000000000000036e+00 5.156758555937436261e-01
6.560000000000000497e+00 5.132539344229808398e-01
6.580000000000000071e+00 5.108466746969579919e-01
6.600000000000000533e+00 5.084539764193131139e-01
6.620000000000000107e+00 5.060757277137050147e-01
6.640000000000000568e+00 5.037118306834031944e-01
6.660000000000000142e+00 5.013621750998681348e-01
6.679999999999999716e+00 4.990266651282950772e-01
6.700000000000000178e+00 4.967051921465650000e-01
6.719999999999999751e+00 4.943976623450361818e-01
6.740000000000000213e+00 4.921039686675557356e-01
6.759999999999999787e+00 4.898240192938087545e-01
6.780000000000000249e+00 4.875577086939881788e-01
6.799999999999999822e+00 4.853049470021839618e-01
6.820000000000000284e+00 4.830656301761979687e-01
6.839999999999999858e+00 4.808396702704963444e-01
6.860000000000000320e+00 4.786269646925500609e-01
6.879999999999999893e+00 4.764274273840330975e-01
6.900000000000000355e+00 4.742409571650064715e-01
6.919999999999999929e+00 4.720674698320426743e-01
6.940000000000000391e+00 4.699068655814556683e-01
6.959999999999999964e+00 4.677590620332419680e-01
6.980000000000000426e+00 4.656239607244474499e-01
7.000000000000000000e+00 4.635014810678436126e-01
7.020000000000000462e+00 4.613915259063955387e-01
7.040000000000000036e+00 4.592940164157954253e-01
7.060000000000000497e+00 4.572088567108975043e-01
7.080000000000000071e+00 4.551359697012426486e-01
7.100000000000000533e+00 4.530752607402144250e-01
7.120000000000000107e+00 4.510266544429040181e-01
7.140000000000000568e+00 4.489900573686010921e-01
7.160000000000000142e+00 4.469653958103988467e-01
7.179999999999999716e+00 4.449525775015086282e-01
7.200000000000000178e+00 4.429515303862089359e-01
7.219999999999999751e+00 4.409621633403502106e-01
7.240000000000000213e+00 4.389844059333047332e-01
7.259999999999999787e+00 4.370181681528809703e-01
7.280000000000000249e+00 4.350633811681505758e-01
7.299999999999999822e+00 4.331199560488633860e-01
7.320000000000000284e+00 4.311878255390880765e-01
7.339999999999999858e+00 4.292669017610746818e-01
7.360000000000000320e+00 4.273571190098596206e-01
7.379999999999999893e+00 4.254583904313750664e-01
7.400000000000000355e+00 4.235706518482570404e-01
7.419999999999999929e+00 4.216938174018394214e-01
7.440000000000000391e+00 4.198278244196329556e-01
7.459999999999999964e+00 4.179725880106920921e-01
7.480000000000000426e+00 4.161280469853108621e-01
7.500000000000000000e+00 4.142941173930868026e-01
7.520000000000000462e+00 4.124707395056170234e-01
7.540000000000000036e+00 4.106578302864391516e-01
7.560000000000000497e+00 4.088553314475863454e-01
7.580000000000000071e+00 4.070631608403885715e-01
7.600000000000000533e+00 4.052812615970317611e-01
7.620000000000000107e+00 4.035095524310466919e-01
7.640000000000000568e+00 4.017479778750757680e-01
7.660000000000000142e+00 3.999964574796894823e-01
7.679999999999999716e+00 3.982549371588504084e-01
7.700000000000000178e+00 3.965233372755198049e-01
7.719999999999999751e+00 3.948016051064047183e-01
7.740000000000000213e+00 3.930896618026198386e-01
7.759999999999999787e+00 3.913874559855841651e-01
7.780000000000000249e+00 3.896949095708120425e-01
7.799999999999999822e+00 3.880119725069303693e-01
7.820000000000000284e+00 3.863385674504857814e-01
7.839999999999999858e+00 3.846746456603318820e-01
7.860000000000000320e+00 3.830201305111322618e-01
7.879999999999999893e+00 3.813749745555006787e-01
7.900000000000000355e+00 3.797391018636618876e-01
7.919999999999999929e+00 3.781124662660212410e-01
7.940000000000000391e+00 3.764949925062365810e-01
7.959999999999999964e+00 3.748866356770281238e-01
7.980000000000000426e+00 3.732873211736988939e-01
8.000000000000000000e+00 3.716970053362812498e-01
8.019999999999999574e+00 3.701156141903340080e-01
8.040000000000000924e+00 3.685431053086836717e-01
8.060000000000000497e+00 3.669794053260625466e-01
8.080000000000000071e+00 3.654244730340269753e-01
8.099999999999999645e+00 3.638782356557883069e-01
8.120000000000000995e+00 3.623406531880203341e-01
8.140000000000000568e+00 3.608116534220097704e-01
8.160000000000000142e+00 3.592911975463798924e-01
8.179999999999999716e+00 3.577792139004338234e-01
8.199999999999999289e+00 3.562756648520238878e-01
8.220000000000000639e+00 3.547804792686797271e-01
8.240000000000000213e+00 3.532936206851852723e-01
8.259999999999999787e+00 3.518150184778422451e-01
8.279999999999999361e+00 3.503446373364900168e-01
8.300000000000000711e+00 3.488824071269963634e-01
8.320000000000000284e+00 3.474282936827883805e-01
8.339999999999999858e+00 3.459822273404032367e-01
8.359999999999999432e+00 3.445441750658062019e-01
8.380000000000000782e+00 3.431140676475273321e-01
8.400000000000000355e+00 3.416918731734139292e-01
8.419999999999999929e+00 3.402775228656125250e-01
8.439999999999999503e+00 3.388709859235862765e-01
8.460000000000000853e+00 3.374721939849275598e-01
8.480000000000000426e+00 3.360811173508355676e-01
8.500000000000000000e+00 3.346976880564470624e-01
8.519999999999999574e+00 3.333218774952076413e-01
8.540000000000000924e+00 3.319536180820742421e-01
8.560000000000000497e+00 3.305928822936197720e-01
8.580000000000000071e+00 3.292396029071683050e-01
8.599999999999999645e+00 3.278937534736627302e-01
8.620000000000000995e+00 3.265552671154949294e-01
8.640000000000000568e+00 3.252241184495896498e-01
8.660000000000000142e+00 3.239002409263543880e-01
8.679999999999999716e+00 3.225836102206702249e-01
8.700000000000001066e+00 3.212741600940439146e-01
8.720000000000000639e+00 3.199718672716342360e-01
8.740000000000000213e+00 3.186766658093609927e-01
8.759999999999999787e+00 3.173885334753359100e-01
8.779999999999999361e+00 3.161074046033309770e-01
8.800000000000000711e+00 3.148332579974225665e-01
8.820000000000000284e+00 3.135660282528828224e-01
8.839999999999999858e+00 3.123056952031143529e-01
8.859999999999999432e+00 3.110521936886432859e-01
8.880000000000000782e+00 3.098055045658867912e-01
8.900000000000000355e+00 3.085655629045764292e-01
8.919999999999999929e+00 3.073323505781678233e-01
8.939999999999999503e+00 3.061058028696349576e-01
8.960000000000000853e+00 3.048859026638276459e-01
8.980000000000000426e+00 3.036725854411786441e-01
9.000000000000000000e+00 3.024658350926077710e-01
9.019999999999999574e+00 3.012655872802998402e-01
9.040000000000000924e+00 3.000718268962417334e-01
9.060000000000000497e+00 2.988844897688264224e-01
9.080000000000000071e+00 2.977035617864234873e-01
9.099999999999999645e+00 2.965289789281509991e-01
9.120000000000000995e+00 2.953607280743897334e-01
9.140000000000000568e+00 2.941987453396423535e-01
9.160000000000000142e+00 2.930430185922556219e-01
9.179999999999999716e+00 2.918934840668140351e-01
9.200000000000001066e+00 2.907501306158846721e-01
9.220000000000000639e+00 2.896128945789836484e-01
9.240000000000000213e+00 2.884817657894528931e-01
9.259999999999999787e+00 2.873566806766061910e-01
9.279999999999999361e+00 2.862376300514316574e-01
9.300000000000000711e+00 2.851245504180286439e-01
9.320000000000000284e+00 2.840174335622064339e-01
9.339999999999999858e+00 2.829162160478485011e-01
9.359999999999999432e+00 2.818208906330624819e-01
9.380000000000000782e+00 2.807313939266231628e-01
9.400000000000000355e+00 2.796477196567060952e-01
9.419999999999999929e+00 2.785698044620878999e-01
9.439999999999999503e+00 2.774976430390931337e-01
9.460000000000000853e+00 2.764311720416895435e-01
9.480000000000000426e+00 2.753703871327223829e-01
9.500000000000000000e+00 2.743152249665362086e-01
9.519999999999999574e+00 2.732656821711684780e-01
9.540000000000000924e+00 2.722216953866055666e-01
9.560000000000000497e+00 2.711832622050383002e-01
9.580000000000000071e+00 2.701503192373233553e-01
9.599999999999999645e+00 2.691228650390737331e-01
9.620000000000000995e+00 2.681008361773115078e-01
