# Electrodo circular de radio 6 mm y espesor 710.0 um.
# Volumen de simulacion (convencion z,y,x):
# N: 1024 x 1024 x 1024 | voxelSize:  0.02mm x 0.02mm x 0.02mm | FOV:  20.48mm x 20.48mm x 20.48mm
# 
# z [mm]		 delta[ppm]
0.000000000000000000e+00 6.347043265170845494e+00
2.000000000000000042e-02 6.108013401961916777e+00
4.000000000000000083e-02 5.871299399772660799e+00
5.999999999999999778e-02 5.638697405277176777e+00
8.000000000000000167e-02 5.411804803103216877e+00
1.000000000000000056e-01 5.191968123416883962e+00
1.199999999999999956e-01 4.980254264720469948e+00
1.400000000000000133e-01 4.777446858159080101e+00
1.600000000000000033e-01 4.584060148253577438e+00
1.799999999999999933e-01 4.400366721476887122e+00
2.000000000000000111e-01 4.226432472622239089e+00
2.200000000000000011e-01 4.062154856992460594e+00
2.399999999999999911e-01 3.907300113734055280e+00
2.600000000000000089e-01 3.761537573089305031e+00
2.800000000000000266e-01 3.624469255644616084e+00
2.999999999999999889e-01 3.495654665709244213e+00
3.200000000000000067e-01 3.374630515754702298e+00
3.400000000000000244e-01 3.260926128237859434e+00
3.599999999999999867e-01 3.154074832824074193e+00
3.800000000000000044e-01 3.053622275879009251e+00
4.000000000000000222e-01 2.959132023569948977e+00
4.199999999999999845e-01 2.870189251783306972e+00
4.400000000000000022e-01 2.786402782035233727e+00
4.600000000000000200e-01 2.707406068294807788e+00
4.799999999999999822e-01 2.632857248620610768e+00
5.000000000000000000e-01 2.562438704857449068e+00
5.200000000000000178e-01 2.495856130592531308e+00
5.400000000000000355e-01 2.432837436468595183e+00
5.600000000000000533e-01 2.373131417582168279e+00
5.799999999999999600e-01 2.316506438811877899e+00
5.999999999999999778e-01 2.262749017289129583e+00
6.199999999999999956e-01 2.211662513959267162e+00
6.400000000000000133e-01 2.163065787760083847e+00
6.600000000000000311e-01 2.116791999157608739e+00
6.800000000000000488e-01 2.072687402911479015e+00
7.000000000000000666e-01 2.030610303245013792e+00
7.199999999999999734e-01 1.990430004421474441e+00
7.399999999999999911e-01 1.952025923036273980e+00
7.600000000000000089e-01 1.915286691781707518e+00
7.800000000000000266e-01 1.880109418169852331e+00
8.000000000000000444e-01 1.846398926486033210e+00
8.200000000000000622e-01 1.814067145790618119e+00
8.399999999999999689e-01 1.783032471521653228e+00
8.599999999999999867e-01 1.753219264189707083e+00
8.800000000000000044e-01 1.724557312211529858e+00
9.000000000000000222e-01 1.696981423674093659e+00
9.200000000000000400e-01 1.670430973536819241e+00
9.400000000000000577e-01 1.644849572808969596e+00
9.599999999999999645e-01 1.620184685513632816e+00
9.799999999999999822e-01 1.596387361859669340e+00
1.000000000000000000e+00 1.573411912555238379e+00
1.020000000000000018e+00 1.551215694721359561e+00
1.040000000000000036e+00 1.529758833275228769e+00
1.060000000000000053e+00 1.509004050267551689e+00
1.080000000000000071e+00 1.488916424823341966e+00
1.100000000000000089e+00 1.469463258250637505e+00
1.120000000000000107e+00 1.450613865611077857e+00
1.140000000000000124e+00 1.432339470340225684e+00
1.159999999999999920e+00 1.414613021755880551e+00
1.179999999999999938e+00 1.397409114082452053e+00
1.199999999999999956e+00 1.380703825295018561e+00
1.219999999999999973e+00 1.364474656380162187e+00
1.239999999999999991e+00 1.348700387732084227e+00
1.260000000000000009e+00 1.333361035248728177e+00
1.280000000000000027e+00 1.318437721227125214e+00
1.300000000000000044e+00 1.303912644513233854e+00
1.320000000000000062e+00 1.289768963373225663e+00
1.340000000000000080e+00 1.275990777418736455e+00
1.360000000000000098e+00 1.262563020419233739e+00
1.380000000000000115e+00 1.249471452130461735e+00
1.400000000000000133e+00 1.236702559352056197e+00
1.419999999999999929e+00 1.224243556117248222e+00
1.439999999999999947e+00 1.212082291629220654e+00
1.459999999999999964e+00 1.200207257537026395e+00
1.479999999999999982e+00 1.188607501599783456e+00
1.500000000000000000e+00 1.177272640991793295e+00
1.520000000000000018e+00 1.166192780769301773e+00
1.540000000000000036e+00 1.155358532324571419e+00
1.560000000000000053e+00 1.144760935865869467e+00
1.580000000000000071e+00 1.134391483285448032e+00
1.600000000000000089e+00 1.124242044021431797e+00
1.620000000000000107e+00 1.114304891722884605e+00
1.640000000000000124e+00 1.104572632946589472e+00
1.660000000000000142e+00 1.095038237100181000e+00
1.679999999999999938e+00 1.085694967540312472e+00
1.699999999999999956e+00 1.076536414354776872e+00
1.719999999999999973e+00 1.067556427479305237e+00
1.739999999999999991e+00 1.058749151946182909e+00
1.760000000000000009e+00 1.050108962720891492e+00
1.780000000000000027e+00 1.041630502099424982e+00
1.800000000000000044e+00 1.033308615994628088e+00
1.820000000000000062e+00 1.025138393210328625e+00
1.840000000000000080e+00 1.017115102971329454e+00
1.860000000000000098e+00 1.009234235840349436e+00
1.880000000000000115e+00 1.001491442299588641e+00
1.900000000000000133e+00 9.938825751084987559e-01
1.919999999999999929e+00 9.864036287954446314e-01
1.939999999999999947e+00 9.790507832808794664e-01
1.959999999999999964e+00 9.718203441417437860e-01
1.979999999999999982e+00 9.647087873472092179e-01
2.000000000000000000e+00 9.577127001997910449e-01
2.020000000000000018e+00 9.508288270496716432e-01
2.040000000000000036e+00 9.440540108139127140e-01
2.060000000000000053e+00 9.373852395514995495e-01
2.080000000000000071e+00 9.308195884969332479e-01
2.100000000000000089e+00 9.243542673916697039e-01
2.120000000000000107e+00 9.179865629611807520e-01
2.140000000000000124e+00 9.117138869101207854e-01
2.160000000000000142e+00 9.055337188023050432e-01
2.180000000000000160e+00 8.994436546367654550e-01
2.200000000000000178e+00 8.934413500797088181e-01
2.220000000000000195e+00 8.875245695471425389e-01
2.240000000000000213e+00 8.816911297650317225e-01
2.260000000000000231e+00 8.759389492914407827e-01
2.280000000000000249e+00 8.702659923683928600e-01
2.300000000000000266e+00 8.646703188227889969e-01
2.319999999999999840e+00 8.591500281983882603e-01
2.339999999999999858e+00 8.537033099801597524e-01
2.359999999999999876e+00 8.483283879804696115e-01
2.379999999999999893e+00 8.430235708362259217e-01
2.399999999999999911e+00 8.377871966466537978e-01
2.419999999999999929e+00 8.326176836967128514e-01
2.439999999999999947e+00 8.275134753282451516e-01
2.459999999999999964e+00 8.224730908467158264e-01
2.479999999999999982e+00 8.174950706297052783e-01
2.500000000000000000e+00 8.125780271771669838e-01
2.520000000000000018e+00 8.077205904447016804e-01
2.540000000000000036e+00 8.029214590002838881e-01
2.560000000000000053e+00 7.981793455911410096e-01
2.580000000000000071e+00 7.934930283723697908e-01
2.600000000000000089e+00 7.888612966989457798e-01
2.620000000000000107e+00 7.842830023938083261e-01
2.640000000000000124e+00 7.797570057774043661e-01
2.660000000000000142e+00 7.752822269447466885e-01
2.680000000000000160e+00 7.708575920270194226e-01
2.700000000000000178e+00 7.664820844488172691e-01
2.720000000000000195e+00 7.621546914368542147e-01
2.740000000000000213e+00 7.578744552301844850e-01
2.760000000000000231e+00 7.536404198326415171e-01
2.780000000000000249e+00 7.494516821502019699e-01
2.800000000000000266e+00 7.453073390041240476e-01
2.819999999999999840e+00 7.412065381709246337e-01
2.839999999999999858e+00 7.371484256543104907e-01
2.859999999999999876e+00 7.331321966043431448e-01
2.879999999999999893e+00 7.291570428665287151e-01
2.899999999999999911e+00 7.252222037578585079e-01
2.919999999999999929e+00 7.213269138921222234e-01
2.939999999999999947e+00 7.174704537914027291e-01
2.959999999999999964e+00 7.136520980069732678e-01
2.979999999999999982e+00 7.098711655458211922e-01
3.000000000000000000e+00 7.061269682867472586e-01
3.020000000000000018e+00 7.024188612022495004e-01
3.040000000000000036e+00 6.987461910898542516e-01
3.060000000000000053e+00 6.951083465705208964e-01
3.080000000000000071e+00 6.915047071351437813e-01
3.100000000000000089e+00 6.879346929012696288e-01
3.120000000000000107e+00 6.843977139952596156e-01
3.140000000000000124e+00 6.808932200498941656e-01
3.160000000000000142e+00 6.774206499221575584e-01
3.180000000000000160e+00 6.739794809148772492e-01
3.200000000000000178e+00 6.705691788508582052e-01
3.220000000000000195e+00 6.671892470023813582e-01
3.240000000000000213e+00 6.638391765215296836e-01
3.260000000000000231e+00 6.605184950618613327e-01
3.280000000000000249e+00 6.572267175857945398e-01
3.300000000000000266e+00 6.539633946633948147e-01
3.320000000000000284e+00 6.507280636563886889e-01
3.339999999999999858e+00 6.475202966794625370e-01
3.359999999999999876e+00 6.443396521817778000e-01
3.379999999999999893e+00 6.411857225567513252e-01
3.399999999999999911e+00 6.380580861202735932e-01
3.419999999999999929e+00 6.349563543553342626e-01
3.439999999999999947e+00 6.318801243077570851e-01
3.459999999999999964e+00 6.288290254526058831e-01
3.479999999999999982e+00 6.258026725061440754e-01
3.500000000000000000e+00 6.228007119013195814e-01
3.520000000000000018e+00 6.198227750366288591e-01
3.540000000000000036e+00 6.168685243484981484e-01
3.560000000000000053e+00 6.139376069952378057e-01
3.580000000000000071e+00 6.110297005144545990e-01
3.600000000000000089e+00 6.081444669626154820e-01
3.620000000000000107e+00 6.052815981461483474e-01
3.640000000000000124e+00 6.024407702141945098e-01
3.660000000000000142e+00 5.996216884523617452e-01
3.680000000000000160e+00 5.968240423489660218e-01
3.700000000000000178e+00 5.940475499408734983e-01
3.720000000000000195e+00 5.912919133501994828e-01
3.740000000000000213e+00 5.885568626719640539e-01
3.760000000000000231e+00 5.858421120013110883e-01
3.780000000000000249e+00 5.831474028531792309e-01
3.800000000000000266e+00 5.804724606763403960e-01
3.820000000000000284e+00 5.778170377955227366e-01
3.839999999999999858e+00 5.751808704321184074e-01
3.859999999999999876e+00 5.725637211596737997e-01
3.879999999999999893e+00 5.699653364268503219e-01
3.899999999999999911e+00 5.673854885174438589e-01
3.919999999999999929e+00 5.648239335951877882e-01
3.939999999999999947e+00 5.622804531599066014e-01
3.959999999999999964e+00 5.597548126090480247e-01
3.979999999999999982e+00 5.572468021817688077e-01
4.000000000000000000e+00 5.547561960565772221e-01
4.020000000000000462e+00 5.522827927755996624e-01
4.040000000000000036e+00 5.498263748724782074e-01
4.060000000000000497e+00 5.473867487692848366e-01
4.080000000000000071e+00 5.449637049537993105e-01
4.099999999999999645e+00 5.425570573419561393e-01
4.120000000000000107e+00 5.401666039979234890e-01
4.139999999999999680e+00 5.377921659551339051e-01
4.160000000000000142e+00 5.354335484980926596e-01
4.179999999999999716e+00 5.330905794354714455e-01
4.200000000000000178e+00 5.307630709363161392e-01
4.219999999999999751e+00 5.284508572488760825e-01
4.240000000000000213e+00 5.261537571098893196e-01
4.259999999999999787e+00 5.238716109032024448e-01
4.280000000000000249e+00 5.216042436341076227e-01
4.299999999999999822e+00 5.193515015219531961e-01
4.320000000000000284e+00 5.171132155580117074e-01
4.339999999999999858e+00 5.148892375267016819e-01
4.360000000000000320e+00 5.126794041382202183e-01
4.379999999999999893e+00 5.104835724731284774e-01
4.400000000000000355e+00 5.083015847080252225e-01
4.419999999999999929e+00 5.061333029786483362e-01
4.440000000000000391e+00 5.039785746890987905e-01
4.459999999999999964e+00 5.018372667887149863e-01
4.480000000000000426e+00 4.997092316829895853e-01
4.500000000000000000e+00 4.975943409198398948e-01
4.520000000000000462e+00 4.954924516920136135e-01
4.540000000000000036e+00 4.934034399285219807e-01
4.560000000000000497e+00 4.913271674064975669e-01
4.580000000000000071e+00 4.892635142439198948e-01
4.600000000000000533e+00 4.872123466100121703e-01
4.620000000000000107e+00 4.851735486154672983e-01
4.639999999999999680e+00 4.831469906392444891e-01
4.660000000000000142e+00 4.811325606128847854e-01
4.679999999999999716e+00 4.791301329520751273e-01
4.700000000000000178e+00 4.771395992317190582e-01
4.719999999999999751e+00 4.751608377400229899e-01
4.740000000000000213e+00 4.731937435413400284e-01
4.759999999999999787e+00 4.712381986404692857e-01
4.780000000000000249e+00 4.692941014303406710e-01
4.799999999999999822e+00 4.673613374842119361e-01
4.820000000000000284e+00 4.654398083856386981e-01
4.839999999999999858e+00 4.635294031355567390e-01
4.860000000000000320e+00 4.616300263620137789e-01
4.879999999999999893e+00 4.597415703597687586e-01
4.900000000000000355e+00 4.578639426776114907e-01
4.919999999999999929e+00 4.559970387768070288e-01
4.940000000000000391e+00 4.541407689938507519e-01
4.959999999999999964e+00 4.522950318353655685e-01
4.980000000000000426e+00 4.504597403144700585e-01
5.000000000000000000e+00 4.486347958678130188e-01
5.020000000000000462e+00 4.468201140637639845e-01
5.040000000000000036e+00 4.450155991591633886e-01
5.060000000000000497e+00 4.432211691778832341e-01
5.080000000000000071e+00 4.414367310923252297e-01
5.100000000000000533e+00 4.396622052708725747e-01
5.120000000000000107e+00 4.378975013017653573e-01
5.139999999999999680e+00 4.361425418082999772e-01
5.160000000000000142e+00 4.343972388994786771e-01
5.179999999999999716e+00 4.326615173517966983e-01
5.200000000000000178e+00 4.309352917043388631e-01
5.219999999999999751e+00 4.292184888063106940e-01
5.240000000000000213e+00 4.275110255403624104e-01
5.259999999999999787e+00 4.258128307349844377e-01
5.280000000000000249e+00 4.241238235338118390e-01
5.299999999999999822e+00 4.224439346723263822e-01
5.320000000000000284e+00 4.207730854762989914e-01
5.339999999999999858e+00 4.191112085022042910e-01
5.360000000000000320e+00 4.174582271826406954e-01
5.379999999999999893e+00 4.158140758301542839e-01
5.400000000000000355e+00 4.141786799122236240e-01
5.419999999999999929e+00 4.125519754181126708e-01
5.440000000000000391e+00 4.109338897814055480e-01
5.459999999999999964e+00 4.093243606098297405e-01
5.480000000000000426e+00 4.077233172373265768e-01
5.500000000000000000e+00 4.061306988166973886e-01
5.520000000000000462e+00 4.045464365193504608e-01
5.540000000000000036e+00 4.029704709909324722e-01
5.560000000000000497e+00 4.014027351801578991e-01
5.580000000000000071e+00 3.998431711574826353e-01
5.600000000000000533e+00 3.982917135913475737e-01
5.620000000000000107e+00 3.967483059302438497e-01
5.639999999999999680e+00 3.952128845072186980e-01
5.660000000000000142e+00 3.936853940855800649e-01
5.679999999999999716e+00 3.921657726101920871e-01
5.700000000000000178e+00 3.906539661173564770e-01
5.719999999999999751e+00 3.891499141131959938e-01
5.740000000000000213e+00 3.876535638481106161e-01
5.759999999999999787e+00 3.861648563410293722e-01
5.780000000000000249e+00 3.846837400191320810e-01
5.799999999999999822e+00 3.832101573677174078e-01
5.820000000000000284e+00 3.817440579357493924e-01
5.839999999999999858e+00 3.802853856303661240e-01
5.860000000000000320e+00 3.788340910890972135e-01
5.879999999999999893e+00 3.773901195982266588e-01
5.900000000000000355e+00 3.759534228323539451e-01
5.919999999999999929e+00 3.745239474159455795e-01
5.940000000000000391e+00 3.731016460311961103e-01
5.959999999999999964e+00 3.716864666014523255e-01
5.980000000000000426e+00 3.702783627681608958e-01
6.000000000000000000e+00 3.688772837158230677e-01
6.020000000000000462e+00 3.674831840190879717e-01
6.040000000000000036e+00 3.660960140873899538e-01
6.060000000000000497e+00 3.647157293830790570e-01
6.080000000000000071e+00 3.633422815057433253e-01
6.100000000000000533e+00 3.619756267825143814e-01
6.120000000000000107e+00 3.606157179697198623e-01
6.140000000000000568e+00 3.592625122163350948e-01
6.160000000000000142e+00 3.579159634033244886e-01
6.179999999999999716e+00 3.565760294814603326e-01
6.200000000000000178e+00 3.552426654254956517e-01
6.219999999999999751e+00 3.539158299473595948e-01
6.240000000000000213e+00 3.525954790859356369e-01
6.259999999999999787e+00 3.512815722969093168e-01
6.280000000000000249e+00 3.499740666547784818e-01
6.299999999999999822e+00 3.486729223204201866e-01
6.320000000000000284e+00 3.473780973765234759e-01
6.339999999999999858e+00 3.460895526741855632e-01
6.360000000000000320e+00 3.448072472779035724e-01
6.379999999999999893e+00 3.435311426922965095e-01
6.400000000000000355e+00 3.422611989382892683e-01
6.419999999999999929e+00 3.409973781612946619e-01
6.440000000000000391e+00 3.397396413142340088e-01
6.459999999999999964e+00 3.384879511482924985e-01
6.480000000000000426e+00 3.372422695248783464e-01
6.500000000000000000e+00 3.360025597902931427e-01
6.520000000000000462e+00 3.347687846917915544e-01
6.540000000000000036e+00 3.335409081372723294e-01
6.560000000000000497e+00 3.323188937380374686e-01
6.580000000000000071e+00 3.311027059548491414e-01
6.600000000000000533e+00 3.298923092420625314e-01
6.620000000000000107e+00 3.286876685811315757e-01
6.640000000000000568e+00 3.274887492492382646e-01
6.660000000000000142e+00 3.262955167415742541e-01
6.679999999999999716e+00 3.251079371386590422e-01
6.700000000000000178e+00 3.239259764184555523e-01
6.719999999999999751e+00 3.227496014460410345e-01
6.740000000000000213e+00 3.215787786768602996e-01
6.759999999999999787e+00 3.204134757424433322e-01
6.780000000000000249e+00 3.192536595458186910e-01
6.799999999999999822e+00 3.180992984675242163e-01
6.820000000000000284e+00 3.169503598544228251e-01
6.839999999999999858e+00 3.158068128192402235e-01
6.860000000000000320e+00 3.146686251237272858e-01
6.879999999999999893e+00 3.135357665965698426e-01
6.900000000000000355e+00 3.124082054121123386e-01
6.919999999999999929e+00 3.112859120993566875e-01
6.940000000000000391e+00 3.101688552171356639e-01
6.959999999999999964e+00 3.090570059796723390e-01
6.980000000000000426e+00 3.079503333293422962e-01
7.000000000000000000e+00 3.068488091510361837e-01
7.020000000000000462e+00 3.057524027433090041e-01
7.040000000000000036e+00 3.046610866476709978e-01
7.060000000000000497e+00 3.035748305191821594e-01
7.080000000000000071e+00 3.024936075424159432e-01
7.100000000000000533e+00 3.014173877022270909e-01
7.120000000000000107e+00 3.003461448131762856e-01
7.140000000000000568e+00 2.992798491914267500e-01
7.160000000000000142e+00 2.982184752689035490e-01
7.179999999999999716e+00 2.971619936669345763e-01
7.200000000000000178e+00 2.961103794226249697e-01
7.219999999999999751e+00 2.950636034651059059e-01
7.240000000000000213e+00 2.940216414249061661e-01
7.259999999999999787e+00 2.929844645133028447e-01
7.280000000000000249e+00 2.919520489428923948e-01
7.299999999999999822e+00 2.909243662107989792e-01
7.320000000000000284e+00 2.899013931007281553e-01
7.339999999999999858e+00 2.888831013704103445e-01
7.360000000000000320e+00 2.878694683640797281e-01
7.379999999999999893e+00 2.868604661047814974e-01
7.400000000000000355e+00 2.858560724870648495e-01
7.419999999999999929e+00 2.848562597743872771e-01
7.440000000000000391e+00 2.838610064017504375e-01
7.459999999999999964e+00 2.828702848786944224e-01
7.480000000000000426e+00 2.818840741711512443e-01
7.500000000000000000e+00 2.809023470101241204e-01
7.520000000000000462e+00 2.799250828832768878e-01
7.540000000000000036e+00 2.789522547496661176e-01
7.560000000000000497e+00 2.779838426098144022e-01
7.580000000000000071e+00 2.770198196264242463e-01
7.600000000000000533e+00 2.760601663043022458e-01
7.620000000000000107e+00 2.751048560172619784e-01
7.640000000000000568e+00 2.741538697661227708e-01
7.660000000000000142e+00 2.732071811115751592e-01
7.679999999999999716e+00 2.722647715424603709e-01
7.700000000000000178e+00 2.713266148146396550e-01
7.719999999999999751e+00 2.703926928972657517e-01
7.740000000000000213e+00 2.694629797172545249e-01
7.759999999999999787e+00 2.685374577166286802e-01
7.780000000000000249e+00 2.676161010024556419e-01
7.799999999999999822e+00 2.666988924824421625e-01
7.820000000000000284e+00 2.657858064197598513e-01
7.839999999999999858e+00 2.648768261808666646e-01
7.860000000000000320e+00 2.639719261949090012e-01
7.879999999999999893e+00 2.630710902804090923e-01
7.900000000000000355e+00 2.621742930084567935e-01
7.919999999999999929e+00 2.612815186431872161e-01
7.940000000000000391e+00 2.603927419082548433e-01
7.959999999999999964e+00 2.595079475071821462e-01
7.980000000000000426e+00 2.586271102921385845e-01
8.000000000000000000e+00 2.577502154000268497e-01
8.019999999999999574e+00 2.568772378228783571e-01
8.040000000000000924e+00 2.560081631251963086e-01
8.060000000000000497e+00 2.551429664147499277e-01
8.080000000000000071e+00 2.542816336780651665e-01
8.099999999999999645e+00 2.534241401507063007e-01
8.120000000000000995e+00 2.525704722358432242e-01
8.140000000000000568e+00 2.517206052726185250e-01
8.160000000000000142e+00 2.508745260756662376e-01
8.179999999999999716e+00 2.500322101004444630e-01
8.199999999999999289e+00 2.491936445680732748e-01
8.220000000000000639e+00 2.483588050259576130e-01
8.240000000000000213e+00 2.475276790969051788e-01
8.259999999999999787e+00 2.467002424336848243e-01
8.279999999999999361e+00 2.458764830561760706e-01
8.300000000000000711e+00 2.450563766979686475e-01
8.320000000000000284e+00 2.442399117715706447e-01
8.339999999999999858e+00 2.434270641054693540e-01
8.359999999999999432e+00 2.426178225005404532e-01
8.380000000000000782e+00 2.418121628554043279e-01
8.400000000000000355e+00 2.410100743552068825e-01
8.419999999999999929e+00 2.402115329834302870e-01
8.439999999999999503e+00 2.394165283055540161e-01
8.460000000000000853e+00 2.386250363649185524e-01
8.480000000000000426e+00 2.378370471035595735e-01
8.500000000000000000e+00 2.370525366400416667e-01
8.519999999999999574e+00 2.362714952893458509e-01
8.540000000000000924e+00 2.354938992199657743e-01
8.560000000000000497e+00 2.347197391163637625e-01
8.580000000000000071e+00 2.339489912129698590e-01
8.599999999999999645e+00 2.331816465604080180e-01
8.620000000000000995e+00 2.324176814334402152e-01
8.640000000000000568e+00 2.316570872456844288e-01
8.660000000000000142e+00 2.308998403288651247e-01
8.679999999999999716e+00 2.301459324565718889e-01
8.700000000000001066e+00 2.293953399915418523e-01
8.720000000000000639e+00 2.286480550644504894e-01
8.740000000000000213e+00 2.279040540862984077e-01
8.759999999999999787e+00 2.271633295421025267e-01
8.779999999999999361e+00 2.264258578648069287e-01
8.800000000000000711e+00 2.256916318911509900e-01
8.820000000000000284e+00 2.249606280938968306e-01
8.839999999999999858e+00 2.242328396590317630e-01
8.859999999999999432e+00 2.235082430724056046e-01
8.880000000000000782e+00 2.227868318669018466e-01
8.900000000000000355e+00 2.220685825599522933e-01
8.919999999999999929e+00 2.213534890291141144e-01
8.939999999999999503e+00 2.206415277962377741e-01
8.960000000000000853e+00 2.199326930814599623e-01
8.980000000000000426e+00 2.192269614301595448e-01
9.000000000000000000e+00 2.185243274030819194e-01
9.019999999999999574e+00 2.178247675415067031e-01
9.040000000000000924e+00 2.171282767449355111e-01
9.060000000000000497e+00 2.164348315702842029e-01
9.080000000000000071e+00 2.157444272540803565e-01
9.099999999999999645e+00 2.150570403407543463e-01
9.120000000000000995e+00 2.143726664022456707e-01
9.140000000000000568e+00 2.136912819908527439e-01
9.160000000000000142e+00 2.130128830124446704e-01
9.179999999999999716e+00 2.123374459985319096e-01
9.200000000000001066e+00 2.116649671875333594e-01
9.220000000000000639e+00 2.109954231111641487e-01
9.240000000000000213e+00 2.103288103391240393e-01
9.259999999999999787e+00 2.096651053741288573e-01
9.279999999999999361e+00 2.090043051160113685e-01
9.300000000000000711e+00 2.083463860601036111e-01
9.320000000000000284e+00 2.076913454353356558e-01
9.339999999999999858e+00 2.070391596998676920e-01
9.359999999999999432e+00 2.063898264108068592e-01
9.380000000000000782e+00 2.057433220113892292e-01
9.400000000000000355e+00 2.050996443860800267e-01
9.419999999999999929e+00 2.044587699327968244e-01
9.439999999999999503e+00 2.038206968626614102e-01
9.460000000000000853e+00 2.031854015511630751e-01
9.480000000000000426e+00 2.025528825354835083e-01
9.500000000000000000e+00 2.019231161376387196e-01
9.519999999999999574e+00 2.012961012203865474e-01
9.540000000000000924e+00 2.006718140758212976e-01
9.560000000000000497e+00 2.000502538918951800e-01
9.580000000000000071e+00 1.994313968990543140e-01
9.599999999999999645e+00 1.988152426101796877e-01
9.620000000000000995e+00 1.982017672182777857e-01
