0.000000000000000000e+00 7.405977527322733067e+00
1.499999999999999944e-02 7.294891067738265455e+00
2.999999999999999889e-02 7.181929916672112668e+00
4.499999999999999833e-02 7.067183188184310794e+00
5.999999999999999778e-02 6.950865503022673586e+00
7.499999999999999722e-02 6.833205313088951627e+00
8.999999999999999667e-02 6.714428866308285393e+00
1.049999999999999961e-01 6.594756983607370948e+00
1.199999999999999956e-01 6.474404923454065930e+00
1.350000000000000089e-01 6.353581518163448294e+00
1.499999999999999944e-01 6.232488169637815822e+00
1.649999999999999800e-01 6.111318960674481993e+00
1.799999999999999933e-01 5.990259164230966604e+00
1.950000000000000067e-01 5.869486012889437276e+00
2.099999999999999922e-01 5.749166970699640444e+00
2.249999999999999778e-01 5.629460987881666156e+00
2.399999999999999911e-01 5.510516656978406758e+00
2.550000000000000044e-01 5.392473849957800880e+00
2.700000000000000178e-01 5.275461821217552583e+00
2.849999999999999756e-01 5.159601154616658469e+00
2.999999999999999889e-01 5.045001841622531735e+00
3.150000000000000022e-01 4.931765480937444046e+00
3.299999999999999600e-01 4.819983342532763615e+00
3.449999999999999734e-01 4.709738770729127388e+00
3.599999999999999867e-01 4.601105234116666942e+00
3.750000000000000000e-01 4.494148888821980492e+00
3.900000000000000133e-01 4.388926609641194965e+00
4.049999999999999711e-01 4.285488675118078739e+00
4.199999999999999845e-01 4.183876773051269815e+00
4.349999999999999978e-01 4.084126773754135797e+00
4.499999999999999556e-01 3.986266703543426271e+00
4.649999999999999689e-01 3.890319577140471274e+00
4.799999999999999822e-01 3.796301333964380298e+00
4.949999999999999956e-01 3.704223705103896425e+00
5.100000000000000089e-01 3.614092109424804189e+00
5.250000000000000222e-01 3.525908534694666585e+00
5.400000000000000355e-01 3.439669392603014852e+00
5.549999999999999378e-01 3.355368397401639058e+00
5.699999999999999512e-01 3.272994381184893609e+00
5.849999999999999645e-01 3.192534156699323944e+00
5.999999999999999778e-01 3.113970296020709849e+00
6.149999999999999911e-01 3.037283966992741391e+00
6.300000000000000044e-01 2.962452680062374721e+00
6.450000000000000178e-01 2.889453090108381694e+00
6.599999999999999201e-01 2.818258717302557947e+00
6.749999999999999334e-01 2.748842707943266461e+00
6.899999999999999467e-01 2.681175536091325640e+00
7.049999999999999600e-01 2.615227718465915618e+00
7.199999999999999734e-01 2.550967504049626911e+00
7.349999999999999867e-01 2.488363539210600717e+00
7.500000000000000000e-01 2.427382552744042243e+00
7.650000000000000133e-01 2.367991968204442799e+00
7.800000000000000266e-01 2.310157591811700328e+00
7.949999999999999289e-01 2.253846169580457914e+00
8.099999999999999423e-01 2.199023085384419485e+00
8.249999999999999556e-01 2.145654860898970728e+00
8.399999999999999689e-01 2.093706870782896079e+00
8.549999999999999822e-01 2.043145783757973177e+00
8.699999999999999956e-01 1.993937301503419413e+00
8.850000000000000089e-01 1.946048539411494138e+00
8.999999999999999112e-01 1.899445795309921747e+00
9.149999999999999245e-01 1.854096868590828118e+00
9.299999999999999378e-01 1.809968864410625988e+00
9.449999999999999512e-01 1.767030450007435638e+00
9.599999999999999645e-01 1.725249699501553824e+00
9.749999999999999778e-01 1.684596286315261704e+00
9.899999999999999911e-01 1.645039373208959654e+00
1.004999999999999893e+00 1.606549739804179255e+00
1.020000000000000018e+00 1.569097721975813986e+00
1.034999999999999920e+00 1.532655273566104981e+00
1.050000000000000044e+00 1.497193958787053525e+00
1.064999999999999947e+00 1.462686947301616858e+00
1.080000000000000071e+00 1.429107062816800555e+00
1.094999999999999973e+00 1.396428710804232587e+00
1.109999999999999876e+00 1.364625986040604699e+00
1.125000000000000000e+00 1.333674532341461827e+00
1.139999999999999902e+00 1.303549711385067145e+00
1.155000000000000027e+00 1.274228393943382942e+00
1.169999999999999929e+00 1.245687191951401207e+00
1.185000000000000053e+00 1.217904180834761041e+00
1.199999999999999956e+00 1.190857196421126307e+00
1.214999999999999858e+00 1.164525488085726534e+00
1.229999999999999982e+00 1.138888081777310823e+00
1.244999999999999885e+00 1.113925363827565684e+00
1.260000000000000009e+00 1.089617511051394372e+00
1.274999999999999911e+00 1.065946005193997737e+00
1.290000000000000036e+00 1.042892130788056759e+00
1.304999999999999938e+00 1.020438420340022745e+00
1.319999999999999840e+00 9.985672203621329679e-01
1.334999999999999964e+00 9.772620675271385116e-01
1.349999999999999867e+00 9.565063230585257870e-01
1.364999999999999991e+00 9.362844802077445738e-01
1.379999999999999893e+00 9.165808669645718609e-01
1.395000000000000018e+00 8.973808853330311752e-01
1.409999999999999920e+00 8.786697821273584674e-01
1.425000000000000044e+00 8.604338206397599276e-01
1.439999999999999947e+00 8.426591191045740281e-01
1.454999999999999849e+00 8.253327554632540197e-01
1.469999999999999973e+00 8.084416729167038795e-01
1.484999999999999876e+00 7.919737185983469763e-01
1.500000000000000000e+00 7.759166154860241971e-01
1.514999999999999902e+00 7.602589358933048436e-01
1.530000000000000027e+00 7.449891388798659531e-01
1.544999999999999929e+00 7.300964795627670201e-01
1.560000000000000053e+00 7.155701110460619407e-01
1.574999999999999956e+00 7.013999306382415755e-01
1.589999999999999858e+00 6.875757452161899153e-01
1.604999999999999982e+00 6.740880555113335504e-01
1.619999999999999885e+00 6.609272837318644900e-01
1.635000000000000009e+00 6.480844971489325701e-01
1.649999999999999911e+00 6.355506967193055301e-01
1.665000000000000036e+00 6.233174812634069140e-01
1.679999999999999938e+00 6.113763957634784640e-01
1.694999999999999840e+00 5.997195374782795518e-01
1.709999999999999964e+00 5.883389625311034044e-01
1.724999999999999867e+00 5.772272353508309806e-01
1.739999999999999991e+00 5.663768921184146876e-01
1.754999999999999893e+00 5.557809349615112637e-01
1.770000000000000018e+00 5.454323507860990849e-01
1.784999999999999920e+00 5.353245516817582983e-01
1.799999999999999822e+00 5.254509476381841182e-01
1.814999999999999947e+00 5.158053346411723972e-01
1.829999999999999849e+00 5.063815197482843811e-01
1.844999999999999973e+00 4.971736583713795010e-01
1.859999999999999876e+00 4.881759301754364788e-01
1.875000000000000000e+00 4.793828270529401636e-01
1.889999999999999902e+00 4.707888782987486032e-01
1.905000000000000027e+00 4.623888907845378760e-01
1.919999999999999929e+00 4.541777218669421634e-01
1.934999999999999831e+00 4.461504732674406171e-01
1.949999999999999956e+00 4.383023101723904635e-01
1.964999999999999858e+00 4.306286103150215872e-01
1.979999999999999982e+00 4.231248277430141314e-01
1.994999999999999885e+00 4.157865985854580781e-01
2.009999999999999787e+00 4.086096479758250521e-01
2.024999999999999911e+00 4.015898539677039691e-01
2.040000000000000036e+00 3.947231961290447178e-01
2.054999999999999716e+00 3.880057790469735868e-01
2.069999999999999840e+00 3.814338211306166349e-01
2.084999999999999964e+00 3.750036391172213990e-01
2.100000000000000089e+00 3.687116756583224131e-01
2.114999999999999769e+00 3.625544462074906105e-01
2.129999999999999893e+00 3.565286039938294071e-01
2.145000000000000018e+00 3.506308506357492250e-01
2.160000000000000142e+00 3.448580371513487730e-01
2.174999999999999822e+00 3.392070396034176927e-01
2.189999999999999947e+00 3.336748948320668040e-01
2.205000000000000071e+00 3.282586423935213160e-01
2.219999999999999751e+00 3.229554937528038017e-01
2.234999999999999876e+00 3.177626417334739051e-01
2.250000000000000000e+00 3.126774619494419039e-01
2.265000000000000124e+00 3.076972909344911633e-01
2.279999999999999805e+00 3.028196586505619847e-01
2.294999999999999929e+00 2.980420364151815105e-01
2.310000000000000053e+00 2.933620993693999424e-01
2.324999999999999734e+00 2.887774452681149961e-01
2.339999999999999858e+00 2.842858858540212030e-01
2.354999999999999982e+00 2.798851375206366510e-01
2.370000000000000107e+00 2.755731405882551610e-01
2.384999999999999787e+00 2.713477227922295176e-01
2.399999999999999911e+00 2.672069455242896407e-01
2.415000000000000036e+00 2.631487410396889381e-01
2.429999999999999716e+00 2.591712847800486386e-01
2.444999999999999840e+00 2.552726071321166912e-01
2.459999999999999964e+00 2.514509910193839515e-01
2.475000000000000089e+00 2.477045589830111638e-01
2.489999999999999769e+00 2.440316952848111121e-01
2.504999999999999893e+00 2.404306090171085541e-01
2.520000000000000018e+00 2.368997800339397719e-01
2.534999999999999698e+00 2.334374987314420946e-01
2.549999999999999822e+00 2.300423351819500528e-01
2.564999999999999947e+00 2.267126561598906409e-01
2.580000000000000071e+00 2.234471169305993488e-01
2.594999999999999751e+00 2.202441560290248901e-01
2.609999999999999876e+00 2.171025092149443392e-01
2.625000000000000000e+00 2.140206824425977261e-01
2.639999999999999680e+00 2.109974875739872580e-01
2.654999999999999805e+00 2.080314939072760438e-01
2.669999999999999929e+00 2.051215853018300561e-01
2.685000000000000053e+00 2.022663905615429969e-01
2.699999999999999734e+00 1.994648617079571307e-01
2.714999999999999858e+00 1.967156834419956091e-01
2.729999999999999982e+00 1.940178723655003601e-01
2.745000000000000107e+00 1.913701656705744103e-01
2.759999999999999787e+00 1.887716411955499274e-01
2.774999999999999911e+00 1.862210854156614026e-01
2.790000000000000036e+00 1.837176342858252431e-01
2.804999999999999716e+00 1.812601205293512263e-01
2.819999999999999840e+00 1.788477353085976274e-01
2.834999999999999964e+00 1.764793547301111709e-01
2.850000000000000089e+00 1.741542224531595628e-01
2.864999999999999769e+00 1.718712552495358092e-01
2.879999999999999893e+00 1.696297467522043245e-01
2.895000000000000018e+00 1.674286518263177759e-01
2.909999999999999698e+00 1.652673117322094321e-01
2.924999999999999822e+00 1.631447169804705333e-01
2.939999999999999947e+00 1.610602542796754910e-01
2.955000000000000071e+00 1.590129474629177753e-01
2.969999999999999751e+00 1.570022266661988408e-01
2.984999999999999876e+00 1.550271468259506180e-01
3.000000000000000000e+00 1.530871796348554081e-01
3.014999999999999680e+00 1.511814090199149196e-01
3.029999999999999805e+00 1.493093465022194699e-01
3.044999999999999929e+00 1.474701029724983514e-01
3.060000000000000053e+00 1.456632281875191726e-01
3.074999999999999734e+00 1.438878580647888761e-01
3.089999999999999858e+00 1.421435791331412402e-01
3.104999999999999982e+00 1.404295504699394348e-01
3.120000000000000107e+00 1.387453940357600557e-01
3.134999999999999787e+00 1.370902902760822994e-01
3.149999999999999911e+00 1.354638953608602037e-01
3.165000000000000036e+00 1.338654093676552026e-01
3.179999999999999716e+00 1.322945215665548846e-01
3.194999999999999840e+00 1.307504499931112785e-01
3.209999999999999964e+00 1.292329160170432589e-01
3.225000000000000089e+00 1.277411540005072565e-01
3.239999999999999769e+00 1.262749165171615506e-01
3.254999999999999893e+00 1.248334526742502781e-01
3.270000000000000018e+00 1.234165454549864677e-01
3.284999999999999698e+00 1.220234571609502272e-01
3.299999999999999822e+00 1.206540004887299566e-01
3.314999999999999947e+00 1.193074494222233356e-01
3.330000000000000071e+00 1.179836457706998909e-01
3.344999999999999751e+00 1.166818737079850510e-01
3.359999999999999876e+00 1.154020036484925543e-01
3.375000000000000000e+00 1.141433284919088909e-01
3.389999999999999680e+00 1.129057468414454979e-01
3.404999999999999805e+00 1.116885588676506252e-01
3.419999999999999929e+00 1.104916910357609944e-01
3.435000000000000053e+00 1.093144493505975035e-01
3.449999999999999734e+00 1.081567879009800032e-01
3.464999999999999858e+00 1.070180170883034410e-01
