0.000000000000000000e+00 7.533492758264999090e+00
1.499999999999999944e-02 7.409019324550603969e+00
2.999999999999999889e-02 7.282741354063497319e+00
4.499999999999999833e-02 7.154813924349109122e+00
5.999999999999999778e-02 7.025504354962590625e+00
7.499999999999999722e-02 6.895089034217273039e+00
8.999999999999999667e-02 6.763843766695905479e+00
1.049999999999999961e-01 6.632034584163773339e+00
1.199999999999999956e-01 6.499918734612687210e+00
1.350000000000000089e-01 6.367742758859465724e+00
1.499999999999999944e-01 6.235741324622556370e+00
1.649999999999999800e-01 6.104137189668362495e+00
1.799999999999999933e-01 5.973139616678453834e+00
1.950000000000000067e-01 5.842945184868121977e+00
2.099999999999999922e-01 5.713736093022316886e+00
2.249999999999999778e-01 5.585681602277863256e+00
2.399999999999999911e-01 5.458936309557903321e+00
2.550000000000000044e-01 5.333642081811708735e+00
2.700000000000000178e-01 5.209926366429546540e+00
2.849999999999999756e-01 5.087904507884728922e+00
2.999999999999999889e-01 4.967678064240935498e+00
3.150000000000000022e-01 4.849337416179169580e+00
3.299999999999999600e-01 4.732960096470061551e+00
3.449999999999999734e-01 4.618613610419177284e+00
3.599999999999999867e-01 4.506353731823417696e+00
3.750000000000000000e-01 4.396227469126042564e+00
3.900000000000000133e-01 4.288271323813540370e+00
4.049999999999999711e-01 4.182514345775643072e+00
4.199999999999999845e-01 4.078976318916178734e+00
4.349999999999999978e-01 3.977670862866023782e+00
4.499999999999999556e-01 3.878603548128745970e+00
4.649999999999999689e-01 3.781775009742544658e+00
4.799999999999999822e-01 3.687178972966121737e+00
4.949999999999999956e-01 3.594805354917336437e+00
5.100000000000000089e-01 3.504638211905216405e+00
5.250000000000000222e-01 3.416658811014080754e+00
5.400000000000000355e-01 3.330843492852982646e+00
5.549999999999999378e-01 3.247166701796372568e+00
5.699999999999999512e-01 3.165598780978601479e+00
5.849999999999999645e-01 3.086108953159244273e+00
5.999999999999999778e-01 3.008663049260704714e+00
6.149999999999999911e-01 2.933226435585604808e+00
6.300000000000000044e-01 2.859761694760066142e+00
6.450000000000000178e-01 2.788231496324318659e+00
6.599999999999999201e-01 2.718596234700507264e+00
6.749999999999999334e-01 2.650816842003896667e+00
6.899999999999999467e-01 2.584852401357285778e+00
7.049999999999999600e-01 2.520662900945709772e+00
7.199999999999999734e-01 2.458206828025243151e+00
7.349999999999999867e-01 2.397443864017967385e+00
7.500000000000000000e-01 2.338332475675936273e+00
7.650000000000000133e-01 2.280832550697796446e+00
7.800000000000000266e-01 2.224902990822736459e+00
7.949999999999999289e-01 2.170504287744923211e+00
8.099999999999999423e-01 2.117596132292899114e+00
8.249999999999999556e-01 2.066139929978279000e+00
8.399999999999999689e-01 2.016096429958220249e+00
8.549999999999999822e-01 1.967428179684316047e+00
8.699999999999999956e-01 1.920097185532130046e+00
8.850000000000000089e-01 1.874067305625526147e+00
8.999999999999999112e-01 1.829301944663591639e+00
9.149999999999999245e-01 1.785766384105205828e+00
9.299999999999999378e-01 1.743425521044578375e+00
9.449999999999999512e-01 1.702246134659227472e+00
9.599999999999999645e-01 1.662194670586164547e+00
9.749999999999999778e-01 1.623239442678545474e+00
9.899999999999999911e-01 1.585348470994279557e+00
1.004999999999999893e+00 1.548491617737778769e+00
1.020000000000000018e+00 1.512638479380732370e+00
1.034999999999999920e+00 1.477760455848095011e+00
1.050000000000000044e+00 1.443828703422767701e+00
1.064999999999999947e+00 1.410816136159888767e+00
1.080000000000000071e+00 1.378695439311303339e+00
1.094999999999999973e+00 1.347441002166158919e+00
1.109999999999999876e+00 1.317026997428401902e+00
1.125000000000000000e+00 1.287429244675534656e+00
1.139999999999999902e+00 1.258623354772618441e+00
1.155000000000000027e+00 1.230586523372011021e+00
1.169999999999999929e+00 1.203295744779615983e+00
1.185000000000000053e+00 1.176729534958270262e+00
1.199999999999999956e+00 1.150866213387953696e+00
1.214999999999999858e+00 1.125685555270219629e+00
1.229999999999999982e+00 1.101167144946119780e+00
1.244999999999999885e+00 1.077291957066085715e+00
1.260000000000000009e+00 1.054040779657868576e+00
1.274999999999999911e+00 1.031395724254172697e+00
1.290000000000000036e+00 1.009338721459552612e+00
1.304999999999999938e+00 9.878529601080549005e-01
1.319999999999999840e+00 9.669214530496975657e-01
1.334999999999999964e+00 9.465284056238773003e-01
1.349999999999999867e+00 9.266578539147537485e-01
1.364999999999999991e+00 9.072949629087008194e-01
1.379999999999999893e+00 8.884247346342646345e-01
1.395000000000000018e+00 8.700332365661879175e-01
1.409999999999999920e+00 8.521063813978082546e-01
1.425000000000000044e+00 8.346310863321457774e-01
1.439999999999999947e+00 8.175941216557647273e-01
1.454999999999999849e+00 8.009832017294500339e-01
1.469999999999999973e+00 7.847859036949893508e-01
1.484999999999999876e+00 7.689906910467814161e-01
1.500000000000000000e+00 7.535858994455861826e-01
1.514999999999999902e+00 7.385606939008833027e-01
1.530000000000000027e+00 7.239041226811175900e-01
1.544999999999999929e+00 7.096060091935163516e-01
1.560000000000000053e+00 6.956560708161461104e-01
1.574999999999999956e+00 6.820447466866376152e-01
1.589999999999999858e+00 6.687623821693245985e-01
1.604999999999999982e+00 6.557999938079096536e-01
1.619999999999999885e+00 6.431485161457756172e-01
1.635000000000000009e+00 6.307995051992745239e-01
1.649999999999999911e+00 6.187444481263884022e-01
1.665000000000000036e+00 6.069754066070196519e-01
1.679999999999999938e+00 5.954843860082772444e-01
1.694999999999999840e+00 5.842639201379646874e-01
1.709999999999999964e+00 5.733065002350459238e-01
1.724999999999999867e+00 5.626051025786790172e-01
1.739999999999999991e+00 5.521526739156281671e-01
1.754999999999999893e+00 5.419426034665909553e-01
1.770000000000000018e+00 5.319682649981970490e-01
1.784999999999999920e+00 5.222234347716325775e-01
1.799999999999999822e+00 5.127018868641157745e-01
1.814999999999999947e+00 5.033977586456672704e-01
1.829999999999999849e+00 4.943051994769340762e-01
1.844999999999999973e+00 4.854186852913337513e-01
1.859999999999999876e+00 4.767327172932830925e-01
1.875000000000000000e+00 4.682420872470062778e-01
1.889999999999999902e+00 4.599416262565585445e-01
1.905000000000000027e+00 4.518264223432708615e-01
1.919999999999999929e+00 4.438916159734642708e-01
1.934999999999999831e+00 4.361325715156295080e-01
1.949999999999999956e+00 4.285447195825150546e-01
1.964999999999999858e+00 4.211236839303978408e-01
1.979999999999999982e+00 4.138651673427463096e-01
1.994999999999999885e+00 4.067650355299184950e-01
2.009999999999999787e+00 3.998192466330462436e-01
2.024999999999999911e+00 3.930238936455671683e-01
2.040000000000000036e+00 3.863751743423981533e-01
2.054999999999999716e+00 3.798693937292293987e-01
2.069999999999999840e+00 3.735029745105567511e-01
2.084999999999999964e+00 3.672724210287928726e-01
2.100000000000000089e+00 3.611743671679125134e-01
2.114999999999999769e+00 3.552055032190978290e-01
2.129999999999999893e+00 3.493626613880828069e-01
2.145000000000000018e+00 3.436427069743621665e-01
2.160000000000000142e+00 3.380426584820750979e-01
2.174999999999999822e+00 3.325595444659614208e-01
2.189999999999999947e+00 3.271905584851372839e-01
2.205000000000000071e+00 3.219328829145238213e-01
2.219999999999999751e+00 3.167838758537033783e-01
2.234999999999999876e+00 3.117408631614699832e-01
2.250000000000000000e+00 3.068013576445104418e-01
2.265000000000000124e+00 3.019628205144508915e-01
2.279999999999999805e+00 2.972229100882546882e-01
2.294999999999999929e+00 2.925792138198868297e-01
2.310000000000000053e+00 2.880295269345342080e-01
2.324999999999999734e+00 2.835715561256965667e-01
2.339999999999999858e+00 2.792032254806155467e-01
2.354999999999999982e+00 2.749223528811249317e-01
2.370000000000000107e+00 2.707269837498624820e-01
2.384999999999999787e+00 2.666150411294778699e-01
2.399999999999999911e+00 2.625846847370166826e-01
2.415000000000000036e+00 2.586339356391706978e-01
2.429999999999999716e+00 2.547610612605075153e-01
2.444999999999999840e+00 2.509641755067297808e-01
2.459999999999999964e+00 2.472416473477344889e-01
2.475000000000000089e+00 2.435916771800866465e-01
2.489999999999999769e+00 2.400127297541055360e-01
2.504999999999999893e+00 2.365030874996462695e-01
2.520000000000000018e+00 2.330613055544021872e-01
2.534999999999999698e+00 2.296857427128124740e-01
2.549999999999999822e+00 2.263750394550168299e-01
2.564999999999999947e+00 2.231276271102290154e-01
2.580000000000000071e+00 2.199422267821560806e-01
2.594999999999999751e+00 2.168173372508924168e-01
2.609999999999999876e+00 2.137517558303931309e-01
2.625000000000000000e+00 2.107440454633181803e-01
2.639999999999999680e+00 2.077930755470494828e-01
2.654999999999999805e+00 2.048974686055446137e-01
2.669999999999999929e+00 2.020561622615602015e-01
2.685000000000000053e+00 1.992678357988141580e-01
2.699999999999999734e+00 1.965314914596617835e-01
2.714999999999999858e+00 1.938458611376500940e-01
2.729999999999999982e+00 1.912100083259822836e-01
2.745000000000000107e+00 1.886227151084984566e-01
2.759999999999999787e+00 1.860831030833300648e-01
2.774999999999999911e+00 1.835900007438993897e-01
2.790000000000000036e+00 1.811425848569853114e-01
2.804999999999999716e+00 1.787397282518354835e-01
2.819999999999999840e+00 1.763806601250125783e-01
2.834999999999999964e+00 1.740642941760364160e-01
2.850000000000000089e+00 1.717899094784983705e-01
2.864999999999999769e+00 1.695564588252663207e-01
2.879999999999999893e+00 1.673632687898167770e-01
2.895000000000000018e+00 1.652093280606103110e-01
2.909999999999999698e+00 1.630940084997739292e-01
2.924999999999999822e+00 1.610163331685643684e-01
2.939999999999999947e+00 1.589757171634258726e-01
2.955000000000000071e+00 1.569712149469241202e-01
2.969999999999999751e+00 1.550022829441283501e-01
2.984999999999999876e+00 1.530680057127926375e-01
3.000000000000000000e+00 1.511678792418993666e-01
3.014999999999999680e+00 1.493010154024697334e-01
3.029999999999999805e+00 1.474669481165994667e-01
3.044999999999999929e+00 1.456648154461803180e-01
3.060000000000000053e+00 1.438941877430913452e-01
3.074999999999999734e+00 1.421542266351462358e-01
3.089999999999999858e+00 1.404445375221784198e-01
3.104999999999999982e+00 1.387643046300081062e-01
3.120000000000000107e+00 1.371131671406703167e-01
3.134999999999999787e+00 1.354903293808593645e-01
3.149999999999999911e+00 1.338954631601733114e-01
3.165000000000000036e+00 1.323277920666106888e-01
3.179999999999999716e+00 1.307870194893198112e-01
3.194999999999999840e+00 1.292723858819280203e-01
3.209999999999999964e+00 1.277836252676650686e-01
3.225000000000000089e+00 1.263199942309893853e-01
3.239999999999999769e+00 1.248812565826222382e-01
3.254999999999999893e+00 1.234666827195704392e-01
3.270000000000000018e+00 1.220760654890939018e-01
3.284999999999999698e+00 1.207086884491859191e-01
3.299999999999999822e+00 1.193643728254288744e-01
3.314999999999999947e+00 1.180424130736490163e-01
3.330000000000000071e+00 1.167426582297399346e-01
3.344999999999999751e+00 1.154644130591283985e-01
3.359999999999999876e+00 1.142075539280507784e-01
3.375000000000000000e+00 1.129713936826329118e-01
3.389999999999999680e+00 1.117558356256935503e-01
3.404999999999999805e+00 1.105602001404274448e-01
3.419999999999999929e+00 1.093844171571839857e-01
3.435000000000000053e+00 1.082278123816619725e-01
3.449999999999999734e+00 1.070903421462326838e-01
3.464999999999999858e+00 1.059713369621688578e-01
