0.000000000000000000e+00 3.335184668050465429e-01
1.499999999999999944e-02 2.085830537424949949e+00
2.999999999999999889e-02 2.392961488597696640e+00
4.499999999999999833e-02 2.559365382321565630e+00
5.999999999999999778e-02 2.576293534635773597e+00
7.499999999999999722e-02 2.588240480132994570e+00
8.999999999999999667e-02 2.556232008136834821e+00
1.049999999999999961e-01 2.530145856476008426e+00
1.199999999999999956e-01 2.485270863493572957e+00
1.350000000000000089e-01 2.447030822940221118e+00
1.499999999999999944e-01 2.399128508024880535e+00
1.649999999999999800e-01 2.357125767509403946e+00
1.799999999999999933e-01 2.309563851913835730e+00
1.950000000000000067e-01 2.267015731736381046e+00
2.099999999999999922e-01 2.221000275415344394e+00
2.249999999999999778e-01 2.179238368410389981e+00
2.399999999999999911e-01 2.135197636672350185e+00
2.550000000000000044e-01 2.094779188286719496e+00
2.700000000000000178e-01 2.052790968815271455e+00
2.849999999999999756e-01 2.013930562858059492e+00
2.999999999999999889e-01 1.973965512814223056e+00
3.150000000000000022e-01 1.936719100856189257e+00
3.299999999999999600e-01 1.898668915065283125e+00
3.449999999999999734e-01 1.863017753438039659e+00
3.599999999999999867e-01 1.826783238635846685e+00
3.750000000000000000e-01 1.792674047995987952e+00
3.900000000000000133e-01 1.758128180863664847e+00
4.049999999999999711e-01 1.725493042892393136e+00
4.199999999999999845e-01 1.692540416747785104e+00
4.349999999999999978e-01 1.661306746326713490e+00
4.499999999999999556e-01 1.629833410693436013e+00
4.649999999999999689e-01 1.599928990564195130e+00
4.799999999999999822e-01 1.569855879481136141e+00
4.949999999999999956e-01 1.541211260229354174e+00
5.100000000000000089e-01 1.512441090596019277e+00
5.250000000000000222e-01 1.484990690133702440e+00
5.400000000000000355e-01 1.457460241002247914e+00
5.549999999999999378e-01 1.431142667390099765e+00
5.699999999999999512e-01 1.404769057038938618e+00
5.849999999999999645e-01 1.379527124972048435e+00
5.999999999999999778e-01 1.354260091367126106e+00
6.149999999999999911e-01 1.330040584404367010e+00
6.300000000000000044e-01 1.305808667425099934e+00
6.450000000000000178e-01 1.282562091262388737e+00
6.599999999999999201e-01 1.259325179837441633e+00
6.749999999999999334e-01 1.237005410679531403e+00
6.899999999999999467e-01 1.214700914688862321e+00
7.049999999999999600e-01 1.193264932230558406e+00
7.199999999999999734e-01 1.171860641077923315e+00
7.349999999999999867e-01 1.151268192751196962e+00
7.500000000000000000e-01 1.130708412775027316e+00
7.650000000000000133e-01 1.110921792872306524e+00
7.800000000000000266e-01 1.091180511299908451e+00
7.949999999999999289e-01 1.072164271849319839e+00
8.099999999999999423e-01 1.053191213985487096e+00
8.249999999999999556e-01 1.034912001009285376e+00
8.399999999999999689e-01 1.016686087335604727e+00
8.549999999999999822e-01 9.991123983918056561e-01
8.699999999999999956e-01 9.815876765933203574e-01
8.850000000000000089e-01 9.646897486562872048e-01
8.999999999999999112e-01 9.478491362286322053e-01
9.149999999999999245e-01 9.315987415803336225e-01
9.299999999999999378e-01 9.153997931660277088e-01
9.449999999999999512e-01 8.997701697282262101e-01
9.599999999999999645e-01 8.841991037236039963e-01
9.749999999999999778e-01 8.691647799597275181e-01
9.899999999999999911e-01 8.541820469390855042e-01
1.004999999999999893e+00 8.397188059147783212e-01
1.020000000000000018e+00 8.253134030721011039e-01
1.034999999999999920e+00 8.113981282166455866e-01
1.050000000000000044e+00 7.975329388281242604e-01
1.064999999999999947e+00 7.841436045452028214e-01
1.080000000000000071e+00 7.708100082793374330e-01
1.094999999999999973e+00 7.579255400554153477e-01
1.109999999999999876e+00 7.450884964475652517e-01
1.125000000000000000e+00 7.326887824604609856e-01
1.139999999999999902e+00 7.203417483275161848e-01
1.155000000000000027e+00 7.084075089042904949e-01
1.169999999999999929e+00 6.965172408947128968e-01
1.185000000000000053e+00 6.850300569635230374e-01
1.199999999999999956e+00 6.735918497535027250e-01
1.214999999999999858e+00 6.625340378945948627e-01
1.229999999999999982e+00 6.515162222591637242e-01
1.244999999999999885e+00 6.408708769579359865e-01
1.260000000000000009e+00 6.302703943120808727e-01
1.274999999999999911e+00 6.200212658096393437e-01
1.290000000000000036e+00 6.098078391034627010e-01
1.304999999999999938e+00 5.999393872614163792e-01
1.319999999999999840e+00 5.901114489231665816e-01
1.334999999999999964e+00 5.806087218054452048e-01
1.349999999999999867e+00 5.711372352333808911e-01
1.364999999999999991e+00 5.619859330331258285e-01
1.379999999999999893e+00 5.528706922169186466e-01
1.395000000000000018e+00 5.440570450372367306e-01
1.409999999999999920e+00 5.352701246005947544e-01
1.425000000000000044e+00 5.267809653678319215e-01
1.439999999999999947e+00 5.183234111768004748e-01
1.454999999999999849e+00 5.101460514782795164e-01
1.469999999999999973e+00 5.019909371529390762e-01
1.484999999999999876e+00 4.941132484088334165e-01
1.500000000000000000e+00 4.862627771344765204e-01
1.514999999999999902e+00 4.786730636311786746e-01
1.530000000000000027e+00 4.711012088552439248e-01
1.544999999999999929e+00 4.637882967019023028e-01
1.560000000000000053e+00 4.564983361924350724e-01
1.574999999999999956e+00 4.494514428875127643e-01
1.589999999999999858e+00 4.424181609988789843e-01
1.604999999999999982e+00 4.356269918818528875e-01
1.619999999999999885e+00 4.288546676877387775e-01
1.635000000000000009e+00 4.223092815150887303e-01
1.649999999999999911e+00 4.157734295888546039e-01
1.665000000000000036e+00 4.094643423252451453e-01
1.679999999999999938e+00 4.031701775366521856e-01
1.694999999999999840e+00 3.970882235112665470e-01
1.709999999999999964e+00 3.910119167422616560e-01
1.724999999999999867e+00 3.851483597209877097e-01
1.739999999999999991e+00 3.792960026749099822e-01
1.754999999999999893e+00 3.736423922306620349e-01
1.770000000000000018e+00 3.679907439039596939e-01
1.784999999999999920e+00 3.625390337824970777e-01
1.799999999999999822e+00 3.570950094062876334e-01
1.814999999999999947e+00 3.518374087838626041e-01
1.829999999999999849e+00 3.465782922047090375e-01
1.844999999999999973e+00 3.415073914128634591e-01
1.859999999999999876e+00 3.364408730801402014e-01
1.875000000000000000e+00 3.315494894472031939e-01
1.889999999999999902e+00 3.266533191266093317e-01
1.905000000000000027e+00 3.219346301667970200e-01
1.919999999999999929e+00 3.172172297115996020e-01
1.934999999999999831e+00 3.126646132583362214e-01
1.949999999999999956e+00 3.081041432906357902e-01
1.964999999999999858e+00 3.037113182866489902e-01
1.979999999999999982e+00 2.993168923532228964e-01
1.994999999999999885e+00 2.950777529867553706e-01
2.009999999999999787e+00 2.908278909963619707e-01
2.024999999999999911e+00 2.867366552546773417e-01
2.040000000000000036e+00 2.826411265258355621e-01
2.054999999999999716e+00 2.786921640425515379e-01
2.069999999999999840e+00 2.747297993801692817e-01
2.084999999999999964e+00 2.709177879368280806e-01
2.100000000000000089e+00 2.670989800350627164e-01
2.114999999999999769e+00 2.634187268207212052e-01
2.129999999999999893e+00 2.597225718977788644e-01
2.145000000000000018e+00 2.561691781635456189e-01
2.160000000000000142e+00 2.526066631925427131e-01
2.174999999999999822e+00 2.491753386143946425e-01
2.189999999999999947e+00 2.457257824092723142e-01
2.205000000000000071e+00 2.424120181197838286e-01
2.219999999999999751e+00 2.390869759353501933e-01
2.234999999999999876e+00 2.358863516682163652e-01
2.250000000000000000e+00 2.326653245401476833e-01
2.265000000000000124e+00 2.295736902825175618e-01
2.279999999999999805e+00 2.264687786689707494e-01
2.294999999999999929e+00 2.234820542518258235e-01
2.310000000000000053e+00 2.204729032731455873e-01
2.324999999999999734e+00 2.175872689072109456e-01
2.339999999999999858e+00 2.146865039002037456e-01
2.354999999999999982e+00 2.118981918604534997e-01
2.370000000000000107e+00 2.090855659349514506e-01
2.384999999999999787e+00 2.063910602633925451e-01
2.399999999999999911e+00 2.036797059111401242e-01
2.415000000000000036e+00 2.010755258264528555e-01
2.429999999999999716e+00 1.984452699078421145e-01
2.444999999999999840e+00 1.959281789796737672e-01
2.459999999999999964e+00 1.933926458770751644e-01
2.475000000000000089e+00 1.909594267732127038e-01
2.489999999999999769e+00 1.884984845373178508e-01
2.504999999999999893e+00 1.861461579966881552e-01
2.520000000000000018e+00 1.837739099642529406e-01
2.534999999999999698e+00 1.814995004740476425e-01
2.549999999999999822e+00 1.791958248341685156e-01
2.564999999999999947e+00 1.769965897527230603e-01
2.580000000000000071e+00 1.747760580668508978e-01
2.594999999999999751e+00 1.726492438017108721e-01
2.609999999999999876e+00 1.704917146902099889e-01
2.625000000000000000e+00 1.684347963475460175e-01
2.639999999999999680e+00 1.663553009615381106e-01
2.654999999999999805e+00 1.643657285731752460e-01
2.669999999999999929e+00 1.623440774447212354e-01
2.685000000000000053e+00 1.604195265479145815e-01
2.699999999999999734e+00 1.584712037751138669e-01
2.714999999999999858e+00 1.566093112118832620e-01
2.729999999999999982e+00 1.547140517553279859e-01
2.745000000000000107e+00 1.529126776153662826e-01
2.759999999999999787e+00 1.510864137769893645e-01
2.774999999999999911e+00 1.493433662661619032e-01
2.790000000000000036e+00 1.475657308429617898e-01
2.804999999999999716e+00 1.458790400529873521e-01
2.819999999999999840e+00 1.441664106238845777e-01
2.834999999999999964e+00 1.425340419383250845e-01
2.850000000000000089e+00 1.408659232956790963e-01
2.864999999999999769e+00 1.392860634830141164e-01
2.879999999999999893e+00 1.376792772984666013e-01
2.895000000000000018e+00 1.361500358931735655e-01
2.909999999999999698e+00 1.345839337296029781e-01
2.924999999999999822e+00 1.331036419804400850e-01
2.939999999999999947e+00 1.315954900962837681e-01
2.955000000000000071e+00 1.301623897269409691e-01
2.969999999999999751e+00 1.286913617166836887e-01
2.984999999999999876e+00 1.273039172987168455e-01
3.000000000000000000e+00 1.258877261252398794e-01
3.014999999999999680e+00 1.245443005870176395e-01
3.029999999999999805e+00 1.231619174973082875e-01
3.044999999999999929e+00 1.218610985313263173e-01
3.060000000000000053e+00 1.205306868885226146e-01
3.074999999999999734e+00 1.192709485387221657e-01
3.089999999999999858e+00 1.179712531005176201e-01
3.104999999999999982e+00 1.167512968568632931e-01
3.120000000000000107e+00 1.155009366245632191e-01
3.134999999999999787e+00 1.143193383770564897e-01
3.149999999999999911e+00 1.130968075951043900e-01
3.165000000000000036e+00 1.119523741147822882e-01
3.179999999999999716e+00 1.107767541758572227e-01
3.194999999999999840e+00 1.096681546786358596e-01
3.209999999999999964e+00 1.085176652907504369e-01
3.225000000000000089e+00 1.074438040537086941e-01
3.239999999999999769e+00 1.063379972518662536e-01
3.254999999999999893e+00 1.052976289811498878e-01
3.270000000000000018e+00 1.042144257992255463e-01
3.284999999999999698e+00 1.032065451839166564e-01
3.299999999999999822e+00 1.021659780395840628e-01
3.314999999999999947e+00 1.011894180649186153e-01
3.330000000000000071e+00 1.001690849514545179e-01
3.344999999999999751e+00 9.922292425011072781e-02
3.359999999999999876e+00 9.824334919850022385e-02
3.375000000000000000e+00 9.732649239295965149e-02
3.389999999999999680e+00 9.636492564676250872e-02
3.404999999999999805e+00 9.547652941989966113e-02
3.419999999999999929e+00 9.455399935456443306e-02
3.435000000000000053e+00 9.369303384267184398e-02
3.449999999999999734e+00 9.278641778592970624e-02
3.464999999999999858e+00 9.195211235745825995e-02
