# Electrodo circular de radio 6 mm y espesor 710.0 um.
# Volumen de simulacion (convencion z,y,x):
# N: 1024 x 1024 x 1024 | voxelSize:  0.02mm x 0.02mm x 0.02mm | FOV:  20.48mm x 20.48mm x 20.48mm
# 
# z [mm]		 delta[ppm]
0.000000000000000000e+00 5.015630510425022059e+00
2.000000000000000042e-02 4.949622413092108708e+00
4.000000000000000083e-02 4.882997473379816711e+00
5.999999999999999778e-02 4.815874803149652550e+00
8.000000000000000167e-02 4.748371021541555770e+00
1.000000000000000056e-01 4.680600268823786436e+00
1.199999999999999956e-01 4.612673546498179178e+00
1.400000000000000133e-01 4.544698315050760939e+00
1.600000000000000033e-01 4.476777974257817760e+00
1.799999999999999933e-01 4.409011512871089167e+00
2.000000000000000111e-01 4.341493118377801608e+00
2.200000000000000011e-01 4.274311923922407885e+00
2.399999999999999911e-01 4.207551742534717754e+00
2.600000000000000089e-01 4.141290924851964483e+00
2.800000000000000266e-01 4.075602213534799567e+00
2.999999999999999889e-01 4.010552710352630612e+00
3.200000000000000067e-01 3.946203840105293015e+00
3.400000000000000244e-01 3.882611416612565591e+00
3.599999999999999867e-01 3.819825700295661708e+00
3.800000000000000044e-01 3.757891546808763916e+00
4.000000000000000222e-01 3.696848538984295107e+00
4.199999999999999845e-01 3.636731198986548286e+00
4.400000000000000022e-01 3.577569174268446339e+00
4.600000000000000200e-01 3.519387493644707821e+00
4.799999999999999822e-01 3.462206787644896533e+00
5.000000000000000000e-01 3.406043570248654007e+00
5.200000000000000178e-01 3.350910476219125744e+00
5.400000000000000355e-01 3.296816552750028606e+00
5.600000000000000533e-01 3.243767499312791625e+00
5.799999999999999600e-01 3.191765956567723883e+00
5.999999999999999778e-01 3.140811737553413252e+00
6.199999999999999956e-01 3.090902104429720687e+00
6.400000000000000133e-01 3.042031983011380447e+00
6.600000000000000311e-01 2.994194220916191806e+00
6.800000000000000488e-01 2.947379780305042107e+00
7.000000000000000666e-01 2.901577973600859117e+00
7.199999999999999734e-01 2.856776631658795473e+00
7.399999999999999911e-01 2.812962315317109052e+00
7.600000000000000089e-01 2.770120458085779003e+00
7.800000000000000266e-01 2.728235553378741685e+00
8.000000000000000444e-01 2.687291272164341827e+00
8.200000000000000622e-01 2.647270626855244835e+00
8.399999999999999689e-01 2.608156065300754278e+00
8.599999999999999867e-01 2.569929613044338534e+00
8.800000000000000044e-01 2.532572945606961667e+00
9.000000000000000222e-01 2.496067511243020842e+00
9.200000000000000400e-01 2.460394583767640864e+00
9.400000000000000577e-01 2.425535368125078417e+00
9.599999999999999645e-01 2.391471036104285464e+00
9.799999999999999822e-01 2.358182817048131596e+00
1.000000000000000000e+00 2.325652018760253625e+00
1.020000000000000018e+00 2.293860105583571674e+00
1.040000000000000036e+00 2.262788706661662097e+00
1.060000000000000053e+00 2.232419683445630465e+00
1.080000000000000071e+00 2.202735127287242634e+00
1.100000000000000089e+00 2.173717418226102982e+00
1.120000000000000107e+00 2.145349213674848876e+00
1.140000000000000124e+00 2.117613500117813352e+00
1.159999999999999920e+00 2.090493574431396162e+00
1.179999999999999938e+00 2.063973089906259606e+00
1.199999999999999956e+00 2.038036031531055503e+00
1.219999999999999973e+00 2.012666757542979745e+00
1.239999999999999991e+00 1.987849969807570227e+00
1.260000000000000009e+00 1.963570751912657730e+00
1.280000000000000027e+00 1.939814535596315004e+00
1.300000000000000044e+00 1.916567136229885948e+00
1.320000000000000062e+00 1.893814716090073347e+00
1.340000000000000080e+00 1.871543817928179809e+00
1.360000000000000098e+00 1.849741325743289311e+00
1.380000000000000115e+00 1.828394497006809560e+00
1.400000000000000133e+00 1.807490921477545864e+00
1.419999999999999929e+00 1.787018552541330685e+00
1.439999999999999947e+00 1.766965664507573752e+00
1.459999999999999964e+00 1.747320883431657146e+00
1.479999999999999982e+00 1.728073143250163035e+00
1.500000000000000000e+00 1.709211716376696222e+00
1.520000000000000018e+00 1.690726168961968590e+00
1.540000000000000036e+00 1.672606391489846356e+00
1.560000000000000053e+00 1.654842553392168236e+00
1.580000000000000071e+00 1.637425133819175649e+00
1.600000000000000089e+00 1.620344875790539430e+00
1.620000000000000107e+00 1.603592817271379811e+00
1.640000000000000124e+00 1.587160245003547132e+00
1.660000000000000142e+00 1.571038725983454842e+00
1.679999999999999938e+00 1.555220061085464289e+00
1.699999999999999956e+00 1.539696317009529691e+00
1.719999999999999973e+00 1.524459779784450797e+00
1.739999999999999991e+00 1.509502987230604942e+00
1.760000000000000009e+00 1.494818682409856825e+00
1.780000000000000027e+00 1.480399846630624960e+00
1.800000000000000044e+00 1.466239652896162982e+00
1.820000000000000062e+00 1.452331499464910136e+00
1.840000000000000080e+00 1.438668963335476114e+00
1.860000000000000098e+00 1.425245834363986885e+00
1.880000000000000115e+00 1.412056068815108700e+00
1.900000000000000133e+00 1.399093824029405519e+00
1.919999999999999929e+00 1.386353412061340551e+00
1.939999999999999947e+00 1.373829334882974873e+00
1.959999999999999964e+00 1.361516238124864886e+00
1.979999999999999982e+00 1.349408946797331810e+00
2.000000000000000000e+00 1.337502419145080168e+00
2.020000000000000018e+00 1.325791782863548596e+00
2.040000000000000036e+00 1.314272289075528732e+00
2.060000000000000053e+00 1.302939349017374182e+00
2.080000000000000071e+00 1.291788488142919578e+00
2.100000000000000089e+00 1.280815383252443374e+00
2.120000000000000107e+00 1.270015816728241376e+00
2.140000000000000124e+00 1.259385714077982277e+00
2.160000000000000142e+00 1.248921098304601518e+00
2.180000000000000160e+00 1.238618127834985483e+00
2.200000000000000178e+00 1.228473051026843343e+00
2.220000000000000195e+00 1.218482244453314767e+00
2.240000000000000213e+00 1.208642167548597879e+00
2.260000000000000231e+00 1.198949401219063349e+00
2.280000000000000249e+00 1.189400602629934633e+00
2.300000000000000266e+00 1.179992544113709130e+00
2.319999999999999840e+00 1.170722068099767643e+00
2.339999999999999858e+00 1.161586126291283438e+00
2.359999999999999876e+00 1.152581734740481867e+00
2.379999999999999893e+00 1.143706013265701094e+00
2.399999999999999911e+00 1.134956140674842739e+00
2.419999999999999929e+00 1.126329394394888883e+00
2.439999999999999947e+00 1.117823105847026266e+00
2.459999999999999964e+00 1.109434700261569207e+00
2.479999999999999982e+00 1.101161652208188180e+00
2.500000000000000000e+00 1.093001525569905708e+00
2.520000000000000018e+00 1.084951929232850221e+00
2.540000000000000036e+00 1.077010557193704976e+00
2.560000000000000053e+00 1.069175144413381462e+00
2.580000000000000071e+00 1.061443507033055900e+00
2.600000000000000089e+00 1.053813498397107029e+00
2.620000000000000107e+00 1.046283049353613714e+00
2.640000000000000124e+00 1.038850124451875301e+00
2.660000000000000142e+00 1.031512762303957720e+00
2.680000000000000160e+00 1.024269031963035426e+00
2.700000000000000178e+00 1.017117073323281495e+00
2.720000000000000195e+00 1.010055053685193993e+00
2.740000000000000213e+00 1.003081208171833438e+00
2.760000000000000231e+00 9.961937964881267815e-01
2.780000000000000249e+00 9.893911433321421756e-01
2.800000000000000266e+00 9.826715953552418448e-01
2.819999999999999840e+00 9.760335615477151450e-01
2.839999999999999858e+00 9.694754704074414198e-01
2.859999999999999876e+00 9.629958102798498176e-01
2.879999999999999893e+00 9.565930867425436190e-01
2.899999999999999911e+00 9.502658628801671226e-01
2.919999999999999929e+00 9.440127168931790047e-01
2.939999999999999947e+00 9.378322822887594779e-01
2.959999999999999964e+00 9.317232057216615626e-01
2.979999999999999982e+00 9.256841870829188856e-01
3.000000000000000000e+00 9.197139375813154771e-01
3.020000000000000018e+00 9.138112197121673885e-01
3.040000000000000036e+00 9.079748055876973867e-01
3.060000000000000053e+00 9.022035167686693891e-01
3.080000000000000071e+00 8.964961828525386256e-01
3.100000000000000089e+00 8.908516811512153799e-01
3.120000000000000107e+00 8.852688955455190190e-01
3.140000000000000124e+00 8.797467559928514591e-01
3.160000000000000142e+00 8.742841976569878382e-01
3.180000000000000160e+00 8.688802002299083060e-01
3.200000000000000178e+00 8.635337473455863000e-01
3.220000000000000195e+00 8.582438657006731253e-01
3.240000000000000213e+00 8.530095847614160842e-01
3.260000000000000231e+00 8.478299756683183031e-01
3.280000000000000249e+00 8.427041112449272786e-01
3.300000000000000266e+00 8.376311046720013032e-01
3.320000000000000284e+00 8.326100698073165551e-01
3.339999999999999858e+00 8.276401596152972440e-01
3.359999999999999876e+00 8.227205268065631572e-01
3.379999999999999893e+00 8.178503620093416915e-01
3.399999999999999911e+00 8.130288547378773378e-01
3.419999999999999929e+00 8.082552312923313442e-01
3.439999999999999947e+00 8.035287160647065496e-01
3.459999999999999964e+00 7.988485691543104616e-01
3.479999999999999982e+00 7.942140480201931307e-01
3.500000000000000000e+00 7.896244447996164650e-01
3.520000000000000018e+00 7.850790483155336563e-01
3.540000000000000036e+00 7.805771810858239679e-01
3.560000000000000053e+00 7.761181616946833950e-01
3.580000000000000071e+00 7.717013414807328830e-01
3.600000000000000089e+00 7.673260672806786475e-01
3.620000000000000107e+00 7.629917177847258536e-01
3.640000000000000124e+00 7.586976666611784381e-01
3.660000000000000142e+00 7.544433185679233489e-01
3.680000000000000160e+00 7.502280726661109123e-01
3.700000000000000178e+00 7.460513582767540619e-01
3.720000000000000195e+00 7.419125987919682474e-01
3.740000000000000213e+00 7.378112469660500494e-01
3.760000000000000231e+00 7.337467492321720908e-01
3.780000000000000249e+00 7.297185806175928713e-01
3.800000000000000266e+00 7.257262094740342118e-01
3.820000000000000284e+00 7.217691320069595795e-01
3.839999999999999858e+00 7.178468374272858332e-01
3.859999999999999876e+00 7.139588420849467543e-01
3.879999999999999893e+00 7.101046550498860688e-01
3.899999999999999911e+00 7.062838118404060062e-01
3.919999999999999929e+00 7.024958404408132573e-01
3.939999999999999947e+00 6.987402946153149497e-01
3.959999999999999964e+00 6.950167203699880725e-01
3.979999999999999982e+00 6.913246888432239556e-01
4.000000000000000000e+00 6.876637632191332505e-01
4.020000000000000462e+00 6.840335311858106726e-01
4.040000000000000036e+00 6.804335723075273235e-01
4.060000000000000497e+00 6.768634900423573519e-01
4.080000000000000071e+00 6.733228795799486299e-01
4.099999999999999645e+00 6.698113594102795831e-01
4.120000000000000107e+00 6.663285396340710154e-01
4.139999999999999680e+00 6.628740530746685122e-01
4.160000000000000142e+00 6.594475240676108685e-01
4.179999999999999716e+00 6.560485991078708334e-01
4.200000000000000178e+00 6.526769161253197504e-01
4.219999999999999751e+00 6.493321346598170951e-01
4.240000000000000213e+00 6.460139056287459436e-01
4.259999999999999787e+00 6.427219010226388196e-01
4.280000000000000249e+00 6.394557841712464885e-01
4.299999999999999822e+00 6.362152389525992380e-01
4.320000000000000284e+00 6.329999405634825216e-01
4.339999999999999858e+00 6.298095842350616147e-01
4.360000000000000320e+00 6.266438565139129668e-01
4.379999999999999893e+00 6.235024634775490071e-01
4.400000000000000355e+00 6.203851025315497703e-01
4.419999999999999929e+00 6.172914901185343473e-01
4.440000000000000391e+00 6.142213340372392194e-01
4.459999999999999964e+00 6.111743606386738081e-01
4.480000000000000426e+00 6.081502876724109719e-01
4.500000000000000000e+00 6.051488509638345281e-01
4.520000000000000462e+00 6.021697777931991347e-01
4.540000000000000036e+00 5.992128130481098047e-01
4.560000000000000497e+00 5.962776931402875569e-01
4.580000000000000071e+00 5.933641716275893652e-01
4.600000000000000533e+00 5.904719936737445884e-01
4.620000000000000107e+00 5.876009211343991012e-01
4.639999999999999680e+00 5.847507075644884367e-01
4.660000000000000142e+00 5.819211227629762506e-01
4.679999999999999716e+00 5.791119283328250988e-01
4.700000000000000178e+00 5.763229016792795756e-01
4.719999999999999751e+00 5.735538121268106693e-01
4.740000000000000213e+00 5.708044443659462397e-01
4.759999999999999787e+00 5.680745751318924119e-01
4.780000000000000249e+00 5.653639960950773702e-01
4.799999999999999822e+00 5.626724911055528411e-01
4.820000000000000284e+00 5.599998585225958170e-01
4.839999999999999858e+00 5.573458890293069290e-01
4.860000000000000320e+00 5.547103873967570431e-01
4.879999999999999893e+00 5.520931508726264481e-01
4.900000000000000355e+00 5.494939903755342581e-01
4.919999999999999929e+00 5.469127094618935203e-01
4.940000000000000391e+00 5.443491249462073522e-01
4.959999999999999964e+00 5.418030464497272103e-01
4.980000000000000426e+00 5.392742964426311403e-01
5.000000000000000000e+00 5.367626903784301629e-01
5.020000000000000462e+00 5.342680561541051087e-01
5.040000000000000036e+00 5.317902148335762469e-01
5.060000000000000497e+00 5.293289995220091804e-01
5.080000000000000071e+00 5.268842366820624123e-01
5.100000000000000533e+00 5.244557644186773615e-01
5.120000000000000107e+00 5.220434143912180414e-01
5.139999999999999680e+00 5.196470295051967003e-01
5.160000000000000142e+00 5.172664464238010407e-01
5.179999999999999716e+00 5.149015126631276695e-01
5.200000000000000178e+00 5.125520697059865460e-01
5.219999999999999751e+00 5.102179694973307811e-01
5.240000000000000213e+00 5.078990581636338986e-01
5.259999999999999787e+00 5.055951919053142118e-01
5.280000000000000249e+00 5.033062213243695293e-01
5.299999999999999822e+00 5.010320067107103537e-01
5.320000000000000284e+00 4.987724029811522741e-01
5.339999999999999858e+00 4.965272743566820912e-01
5.360000000000000320e+00 4.942964799152894662e-01
5.379999999999999893e+00 4.920798876572748393e-01
5.400000000000000355e+00 4.898773606748740295e-01
5.419999999999999929e+00 4.876887706028021907e-01
5.440000000000000391e+00 4.855139844069859545e-01
5.459999999999999964e+00 4.833528772176444166e-01
5.480000000000000426e+00 4.812053197399133175e-01
5.500000000000000000e+00 4.790711904668423227e-01
5.520000000000000462e+00 4.769503637140574126e-01
5.540000000000000036e+00 4.748427212101544170e-01
5.560000000000000497e+00 4.727481407580306216e-01
5.580000000000000071e+00 4.706665072002177985e-01
5.600000000000000533e+00 4.685977017088910346e-01
5.620000000000000107e+00 4.665416121237579983e-01
5.639999999999999680e+00 4.644981228732562029e-01
5.660000000000000142e+00 4.624671246826919102e-01
5.679999999999999716e+00 4.604485051284879504e-01
5.700000000000000178e+00 4.584421577143317217e-01
5.719999999999999751e+00 4.564479730608768104e-01
5.740000000000000213e+00 4.544658473477096172e-01
5.759999999999999787e+00 4.524956741402579308e-01
5.780000000000000249e+00 4.505373521954556537e-01
5.799999999999999822e+00 4.485907779281531615e-01
5.820000000000000284e+00 4.466558525784195544e-01
5.839999999999999858e+00 4.447324753190820545e-01
5.860000000000000320e+00 4.428205497826591674e-01
5.879999999999999893e+00 4.409199778122546154e-01
5.900000000000000355e+00 4.390306653461296116e-01
5.919999999999999929e+00 4.371525168135124151e-01
5.940000000000000391e+00 4.352854403748854795e-01
5.959999999999999964e+00 4.334293429648518048e-01
5.980000000000000426e+00 4.315841348862423654e-01
6.000000000000000000e+00 4.297497255015270690e-01
6.020000000000000462e+00 4.279260271788815628e-01
6.040000000000000036e+00 4.261129516342302970e-01
6.060000000000000497e+00 4.243104132274467810e-01
6.080000000000000071e+00 4.225183259564563865e-01
6.100000000000000533e+00 4.207366061017666636e-01
6.120000000000000107e+00 4.189651698746734709e-01
6.140000000000000568e+00 4.172039354083490470e-01
6.160000000000000142e+00 4.154528210615311412e-01
6.179999999999999716e+00 4.137117467544066951e-01
6.200000000000000178e+00 4.119806329298094094e-01
6.219999999999999751e+00 4.102594012321491568e-01
6.240000000000000213e+00 4.085479741274743448e-01
6.259999999999999787e+00 4.068462749237143350e-01
6.280000000000000249e+00 4.051542280516137740e-01
6.299999999999999822e+00 4.034717584245609001e-01
6.320000000000000284e+00 4.017987923817352147e-01
6.339999999999999858e+00 4.001352563857939471e-01
6.360000000000000320e+00 3.984810786302481755e-01
6.379999999999999893e+00 3.968361870732911578e-01
6.400000000000000355e+00 3.952005117107351695e-01
6.419999999999999929e+00 3.935739819442455323e-01
6.440000000000000391e+00 3.919565295218792600e-01
6.459999999999999964e+00 3.903480852389994427e-01
6.480000000000000426e+00 3.887485825477533519e-01
6.500000000000000000e+00 3.871579535889152490e-01
6.520000000000000462e+00 3.855761334723791234e-01
6.540000000000000036e+00 3.840030556381752724e-01
6.560000000000000497e+00 3.824386568093445793e-01
6.580000000000000071e+00 3.808828716803455139e-01
6.600000000000000533e+00 3.793356385444366929e-01
6.620000000000000107e+00 3.777968933076676916e-01
6.640000000000000568e+00 3.762665757921801468e-01
6.660000000000000142e+00 3.747446230739537865e-01
6.679999999999999716e+00 3.732309764642130490e-01
6.700000000000000178e+00 3.717255741690739246e-01
6.719999999999999751e+00 3.702283589505143135e-01
6.740000000000000213e+00 3.687392701060353550e-01
6.759999999999999787e+00 3.672582518114473893e-01
6.780000000000000249e+00 3.657852444186294183e-01
6.799999999999999822e+00 3.643201934816639453e-01
6.820000000000000284e+00 3.628630403707149288e-01
6.839999999999999858e+00 3.614137319838788831e-01
6.860000000000000320e+00 3.599722106751553352e-01
6.879999999999999893e+00 3.585384246536341135e-01
6.900000000000000355e+00 3.571123172235158294e-01
6.919999999999999929e+00 3.556938378730683525e-01
6.940000000000000391e+00 3.542829308245933895e-01
6.959999999999999964e+00 3.528795468148697712e-01
6.980000000000000426e+00 3.514836309529068559e-01
7.000000000000000000e+00 3.500951351944409651e-01
7.020000000000000462e+00 3.487140055052495580e-01
7.040000000000000036e+00 3.473401950315316844e-01
7.060000000000000497e+00 3.459736505665031436e-01
7.080000000000000071e+00 3.446143264193532452e-01
7.100000000000000533e+00 3.432621701827848204e-01
7.120000000000000107e+00 3.419171373024927352e-01
7.140000000000000568e+00 3.405791761432300779e-01
7.160000000000000142e+00 3.392482432616580890e-01
7.179999999999999716e+00 3.379242877684546231e-01
7.200000000000000178e+00 3.366072673066179965e-01
7.219999999999999751e+00 3.352971317070560509e-01
7.240000000000000213e+00 3.339938396753553418e-01
7.259999999999999787e+00 3.326973417382098619e-01
7.280000000000000249e+00 3.314075976408835111e-01
7.299999999999999822e+00 3.301245585817619843e-01
7.320000000000000284e+00 3.288481853236935870e-01
7.339999999999999858e+00 3.275784297138609746e-01
7.360000000000000320e+00 3.263152535113869046e-01
7.379999999999999893e+00 3.250586091896284779e-01
7.400000000000000355e+00 3.238084594834292340e-01
7.419999999999999929e+00 3.225647574708429000e-01
7.440000000000000391e+00 3.213274668426068792e-01
7.459999999999999964e+00 3.200965412602077564e-01
7.480000000000000426e+00 3.188719453511513757e-01
7.500000000000000000e+00 3.176536333401906997e-01
7.520000000000000462e+00 3.164415707731491056e-01
7.540000000000000036e+00 3.152357124180334425e-01
7.560000000000000497e+00 3.140360247211935185e-01
7.580000000000000071e+00 3.128424629749196328e-01
7.600000000000000533e+00 3.116549945089204798e-01
7.620000000000000107e+00 3.104735751209059536e-01
7.640000000000000568e+00 3.092981730073928737e-01
7.660000000000000142e+00 3.081287444536548459e-01
7.679999999999999716e+00 3.069652585070479778e-01
7.700000000000000178e+00 3.058076719225915618e-01
7.719999999999999751e+00 3.046559545830853089e-01
7.740000000000000213e+00 3.035100636964628840e-01
7.759999999999999787e+00 3.023699699661198670e-01
7.780000000000000249e+00 3.012356310360540523e-01
7.799999999999999822e+00 3.001070184159393417e-01
7.820000000000000284e+00 2.989840901699486464e-01
7.839999999999999858e+00 2.978668186002299545e-01
7.860000000000000320e+00 2.967551621751693403e-01
7.879999999999999893e+00 2.956490939760872405e-01
7.900000000000000355e+00 2.945485728605530262e-01
7.919999999999999929e+00 2.934535726762373398e-01
7.940000000000000391e+00 2.923640526547491292e-01
7.959999999999999964e+00 2.912799873977514054e-01
7.980000000000000426e+00 2.902013364966631315e-01
8.000000000000000000e+00 2.891280752952295474e-01
8.019999999999999574e+00 2.880601637302839801e-01
8.040000000000000924e+00 2.869975778761937879e-01
8.060000000000000497e+00 2.859402780016984114e-01
8.080000000000000071e+00 2.848882409007439942e-01
8.099999999999999645e+00 2.838414271602714423e-01
8.120000000000000995e+00 2.827998142831708028e-01
8.140000000000000568e+00 2.817633631617578738e-01
8.160000000000000142e+00 2.807320519976329587e-01
8.179999999999999716e+00 2.797058419754003267e-01
8.199999999999999289e+00 2.786847119855357380e-01
8.220000000000000639e+00 2.776686234927101538e-01
8.240000000000000213e+00 2.766575560668091960e-01
8.259999999999999787e+00 2.756514714400647437e-01
8.279999999999999361e+00 2.746503498526740583e-01
8.300000000000000711e+00 2.736541532927749265e-01
8.320000000000000284e+00 2.726628626621300233e-01
8.339999999999999858e+00 2.716764401928001282e-01
8.359999999999999432e+00 2.706948674397242627e-01
8.380000000000000782e+00 2.697181068677362292e-01
8.400000000000000355e+00 2.687461406768951733e-01
8.419999999999999929e+00 2.677789315533044001e-01
8.439999999999999503e+00 2.668164623344116415e-01
8.460000000000000853e+00 2.658586959169172426e-01
8.480000000000000426e+00 2.649056157682459500e-01
8.500000000000000000e+00 2.639571849846210072e-01
8.519999999999999574e+00 2.630133876563556239e-01
8.540000000000000924e+00 2.620741870689365927e-01
8.560000000000000497e+00 2.611395679287765170e-01
8.580000000000000071e+00 2.602094936999512775e-01
8.599999999999999645e+00 2.592839496984746805e-01
8.620000000000000995e+00 2.583628995571424780e-01
8.640000000000000568e+00 2.574463291953693056e-01
8.660000000000000142e+00 2.565342024043431590e-01
8.679999999999999716e+00 2.556265057009662334e-01
8.700000000000001066e+00 2.547232030252957191e-01
8.720000000000000639e+00 2.538242814860812158e-01
8.740000000000000213e+00 2.529297051622346193e-01
8.759999999999999787e+00 2.520394617489891131e-01
8.779999999999999361e+00 2.511535154549058291e-01
8.800000000000000711e+00 2.502718545565960073e-01
8.820000000000000284e+00 2.493944433825376339e-01
8.839999999999999858e+00 2.485212707858867609e-01
8.859999999999999432e+00 2.476523012061081219e-01
8.880000000000000782e+00 2.467875240683186366e-01
8.900000000000000355e+00 2.459269039134845680e-01
8.919999999999999929e+00 2.450704307343543609e-01
8.939999999999999503e+00 2.442180691647138080e-01
8.960000000000000853e+00 2.433698097608621713e-01
8.980000000000000426e+00 2.425256172401334120e-01
9.000000000000000000e+00 2.416854827185387078e-01
9.019999999999999574e+00 2.408493709884962919e-01
9.040000000000000924e+00 2.400172737221283881e-01
9.060000000000000497e+00 2.391891557778540733e-01
9.080000000000000071e+00 2.383650093805421699e-01
9.099999999999999645e+00 2.375447994463396051e-01
9.120000000000000995e+00 2.367285187497266408e-01
9.140000000000000568e+00 2.359161322556467821e-01
9.160000000000000142e+00 2.351076332853002104e-01
9.179999999999999716e+00 2.343029868443042840e-01
9.200000000000001066e+00 2.335021867979012455e-01
9.220000000000000639e+00 2.327051981835926153e-01
9.240000000000000213e+00 2.319120154082043306e-01
9.259999999999999787e+00 2.311226035331385154e-01
9.279999999999999361e+00 2.303369575045756679e-01
9.300000000000000711e+00 2.295550423991227218e-01
9.320000000000000284e+00 2.287768537003031233e-01
9.339999999999999858e+00 2.280023564920546641e-01
9.359999999999999432e+00 2.272315467934533095e-01
9.380000000000000782e+00 2.264643896871423312e-01
9.400000000000000355e+00 2.257008817261662581e-01
9.419999999999999929e+00 2.249409879840911508e-01
9.439999999999999503e+00 2.241847055465673866e-01
9.460000000000000853e+00 2.234319994695054268e-01
9.480000000000000426e+00 2.226828673700072814e-01
9.500000000000000000e+00 2.219372742785993280e-01
9.519999999999999574e+00 2.211952183428941288e-01
9.540000000000000924e+00 2.204566645594925323e-01
9.560000000000000497e+00 2.197216116057812141e-01
9.580000000000000071e+00 2.189900244367367910e-01
9.599999999999999645e+00 2.182619022590021329e-01
9.620000000000000995e+00 2.175372099773834889e-01
