# Electrodo circular de radio 6 mm y espesor 710.0 um.
# Volumen de simulacion (convencion z,y,x):
# N: 1024 x 1024 x 1024 | voxelSize:  0.02mm x 0.02mm x 0.02mm | FOV:  20.48mm x 20.48mm x 20.48mm
# 
# z [mm]		 delta[ppm]
0.000000000000000000e+00 2.478004362893111878e+00
2.000000000000000042e-02 2.474993980048138198e+00
4.000000000000000083e-02 2.471893382725519395e+00
5.999999999999999778e-02 2.468703290473705625e+00
8.000000000000000167e-02 2.465424363893140125e+00
1.000000000000000056e-01 2.462057272151487286e+00
1.199999999999999956e-01 2.458602700978724354e+00
1.400000000000000133e-01 2.455061353490267884e+00
1.600000000000000033e-01 2.451433945627683020e+00
1.799999999999999933e-01 2.447721210567375572e+00
2.000000000000000111e-01 2.443923893003513204e+00
2.200000000000000011e-01 2.440042754124077895e+00
2.399999999999999911e-01 2.436078565911046212e+00
2.600000000000000089e-01 2.432032116146388034e+00
2.800000000000000266e-01 2.427904202625190244e+00
2.999999999999999889e-01 2.423695638262911789e+00
3.200000000000000067e-01 2.419407245174515442e+00
3.400000000000000244e-01 2.415039859917164744e+00
3.599999999999999867e-01 2.410594327413472460e+00
3.800000000000000044e-01 2.406071506354700684e+00
4.000000000000000222e-01 2.401472262942447422e+00
4.199999999999999845e-01 2.396797476465818200e+00
4.400000000000000022e-01 2.392048032863999918e+00
4.600000000000000200e-01 2.387224830484874882e+00
4.799999999999999822e-01 2.382328773455265392e+00
5.000000000000000000e-01 2.377360777625912913e+00
5.200000000000000178e-01 2.372321763757026414e+00
5.400000000000000355e-01 2.367212663651459437e+00
5.600000000000000533e-01 2.362034413148645484e+00
5.799999999999999600e-01 2.356787958447290166e+00
5.999999999999999778e-01 2.351474248916224141e+00
6.199999999999999956e-01 2.346094243606092977e+00
6.400000000000000133e-01 2.340648903873838726e+00
6.600000000000000311e-01 2.335139200082815059e+00
6.800000000000000488e-01 2.329566104049362263e+00
7.000000000000000666e-01 2.323930595929545539e+00
7.199999999999999734e-01 2.318233656486836214e+00
7.399999999999999911e-01 2.312476274163792755e+00
7.600000000000000089e-01 2.306659437178912864e+00
7.800000000000000266e-01 2.300784140780722797e+00
8.000000000000000444e-01 2.294851379174335015e+00
8.200000000000000622e-01 2.288862152955471352e+00
8.399999999999999689e-01 2.282817460874445370e+00
8.599999999999999867e-01 2.276718307447009426e+00
8.800000000000000044e-01 2.270565694557391101e+00
9.000000000000000222e-01 2.264360629242875511e+00
9.200000000000000400e-01 2.258104115143306778e+00
9.400000000000000577e-01 2.251797160455854652e+00
9.599999999999999645e-01 2.245440769233363554e+00
9.799999999999999822e-01 2.239035949505750800e+00
1.000000000000000000e+00 2.232583704434374372e+00
1.020000000000000018e+00 2.226085040596065490e+00
1.040000000000000036e+00 2.219540958996529589e+00
1.060000000000000053e+00 2.212952463513037316e+00
1.080000000000000071e+00 2.206320551773804262e+00
1.100000000000000089e+00 2.199646223754999408e+00
1.120000000000000107e+00 2.192930472529586172e+00
1.140000000000000124e+00 2.186174293014271797e+00
1.159999999999999920e+00 2.179378672594623367e+00
1.179999999999999938e+00 2.172544600017257910e+00
1.199999999999999956e+00 2.165673055895115606e+00
1.219999999999999973e+00 2.158765021740161050e+00
1.239999999999999991e+00 2.151821470355476773e+00
1.260000000000000009e+00 2.144843375003506747e+00
1.280000000000000027e+00 2.137831699689146436e+00
1.300000000000000044e+00 2.130787408458453047e+00
1.320000000000000062e+00 2.123711455579353924e+00
1.340000000000000080e+00 2.116604794965525560e+00
1.360000000000000098e+00 2.109468370259181658e+00
1.380000000000000115e+00 2.102303124374735877e+00
1.400000000000000133e+00 2.095109989490230085e+00
1.419999999999999929e+00 2.087889896705226178e+00
1.439999999999999947e+00 2.080643765945544121e+00
1.459999999999999964e+00 2.073372515729726473e+00
1.479999999999999982e+00 2.066077052993634755e+00
1.500000000000000000e+00 2.058758282959642472e+00
1.520000000000000018e+00 2.051417098885990775e+00
1.540000000000000036e+00 2.044054392032786271e+00
1.560000000000000053e+00 2.036671041342643207e+00
1.580000000000000071e+00 2.029267923497420245e+00
1.600000000000000089e+00 2.021845902535229555e+00
1.620000000000000107e+00 2.014405839991749936e+00
1.640000000000000124e+00 2.006948584460146900e+00
1.660000000000000142e+00 1.999474981810662522e+00
1.679999999999999938e+00 1.991985864698699427e+00
1.699999999999999956e+00 1.984482062856318452e+00
1.719999999999999973e+00 1.976964392555057293e+00
1.739999999999999991e+00 1.969433666962807861e+00
1.760000000000000009e+00 1.961890685566823223e+00
1.780000000000000027e+00 1.954336244589371052e+00
1.800000000000000044e+00 1.946771126377547345e+00
1.820000000000000062e+00 1.939196109871006213e+00
1.840000000000000080e+00 1.931611959964174563e+00
1.860000000000000098e+00 1.924019438019286099e+00
1.880000000000000115e+00 1.916419291207656750e+00
1.900000000000000133e+00 1.908812263061147041e+00
1.919999999999999929e+00 1.901199082798247231e+00
1.939999999999999947e+00 1.893580475907038707e+00
1.959999999999999964e+00 1.885957153462815450e+00
1.979999999999999982e+00 1.878329822735480104e+00
2.000000000000000000e+00 1.870699176504628136e+00
2.020000000000000018e+00 1.863065903684302249e+00
2.040000000000000036e+00 1.855430678642308040e+00
2.060000000000000053e+00 1.847794171835149601e+00
2.080000000000000071e+00 1.840157039137633843e+00
2.100000000000000089e+00 1.832519932480760394e+00
2.120000000000000107e+00 1.824883489198497077e+00
2.140000000000000124e+00 1.817248342661288207e+00
2.160000000000000142e+00 1.809615111646215135e+00
2.180000000000000160e+00 1.801984410958770821e+00
2.200000000000000178e+00 1.794356840833353450e+00
2.220000000000000195e+00 1.786732997535881218e+00
2.240000000000000213e+00 1.779113462800967715e+00
2.260000000000000231e+00 1.771498814407905353e+00
2.280000000000000249e+00 1.763889615661559107e+00
2.300000000000000266e+00 1.756286425934183937e+00
2.319999999999999840e+00 1.748689790196529037e+00
2.339999999999999858e+00 1.741100249517921528e+00
2.359999999999999876e+00 1.733518330654702400e+00
2.379999999999999893e+00 1.725944556500951244e+00
2.399999999999999911e+00 1.718379435740871930e+00
2.419999999999999929e+00 1.710823473242503612e+00
2.439999999999999947e+00 1.703277159781277916e+00
2.459999999999999964e+00 1.695740982368995065e+00
2.479999999999999982e+00 1.688215414055305175e+00
2.500000000000000000e+00 1.680700924184219680e+00
2.520000000000000018e+00 1.673197968280815795e+00
2.540000000000000036e+00 1.665706998227503899e+00
2.560000000000000053e+00 1.658228452242829443e+00
2.580000000000000071e+00 1.650762764969682772e+00
2.600000000000000089e+00 1.643310357553595447e+00
2.620000000000000107e+00 1.635871647635045667e+00
2.640000000000000124e+00 1.628447039534249186e+00
2.660000000000000142e+00 1.621036934139675756e+00
2.680000000000000160e+00 1.613641719206830194e+00
2.700000000000000178e+00 1.606261779135069068e+00
2.720000000000000195e+00 1.598897485387470008e+00
2.740000000000000213e+00 1.591549206148029638e+00
2.760000000000000231e+00 1.584217296870197744e+00
2.780000000000000249e+00 1.576902109806487706e+00
2.800000000000000266e+00 1.569603984692885534e+00
2.819999999999999840e+00 1.562323258142911175e+00
2.839999999999999858e+00 1.555060254475550074e+00
2.859999999999999876e+00 1.547815294965744215e+00
2.879999999999999893e+00 1.540588688823185892e+00
2.899999999999999911e+00 1.533380742291208021e+00
2.919999999999999929e+00 1.526191749784184148e+00
2.939999999999999947e+00 1.519022002826738271e+00
2.959999999999999964e+00 1.511871781357191358e+00
2.979999999999999982e+00 1.504741362499037116e+00
3.000000000000000000e+00 1.497631012038230791e+00
3.020000000000000018e+00 1.490540993018841798e+00
3.040000000000000036e+00 1.483471557401703889e+00
3.060000000000000053e+00 1.476422954476131144e+00
3.080000000000000071e+00 1.469395422707837406e+00
3.100000000000000089e+00 1.462389197958568143e+00
3.120000000000000107e+00 1.455404505530891957e+00
3.140000000000000124e+00 1.448441568187629036e+00
3.160000000000000142e+00 1.441500598401466382e+00
3.180000000000000160e+00 1.434581806165998286e+00
3.200000000000000178e+00 1.427685391457876651e+00
3.220000000000000195e+00 1.420811551831306474e+00
3.240000000000000213e+00 1.413960475100721759e+00
3.260000000000000231e+00 1.407132346710541437e+00
3.280000000000000249e+00 1.400327342646179751e+00
3.300000000000000266e+00 1.393545636570834745e+00
3.320000000000000284e+00 1.386787392972914867e+00
3.339999999999999858e+00 1.380052774061638843e+00
3.359999999999999876e+00 1.373341933158735095e+00
3.379999999999999893e+00 1.366655021344614251e+00
3.399999999999999911e+00 1.359992181102498421e+00
3.419999999999999929e+00 1.353353552706888951e+00
3.439999999999999947e+00 1.346739268128047229e+00
3.459999999999999964e+00 1.340149457154538704e+00
3.479999999999999982e+00 1.333584241566232231e+00
3.500000000000000000e+00 1.327043740982613018e+00
3.520000000000000018e+00 1.320528067312334297e+00
3.540000000000000036e+00 1.314037330319018926e+00
3.560000000000000053e+00 1.307571632355579716e+00
3.580000000000000071e+00 1.301131073639186564e+00
3.600000000000000089e+00 1.294715747278462725e+00
3.620000000000000107e+00 1.288325744249290805e+00
3.640000000000000124e+00 1.281961148723148369e+00
3.660000000000000142e+00 1.275622042735441886e+00
3.680000000000000160e+00 1.269308501823115609e+00
3.700000000000000178e+00 1.263020599377136399e+00
3.720000000000000195e+00 1.256758402597744073e+00
3.740000000000000213e+00 1.250521976522729339e+00
3.760000000000000231e+00 1.244311380308479320e+00
3.780000000000000249e+00 1.238126670925706163e+00
3.800000000000000266e+00 1.231967899774660591e+00
3.820000000000000284e+00 1.225835116039913242e+00
3.839999999999999858e+00 1.219728363648001634e+00
3.859999999999999876e+00 1.213647684272847194e+00
3.879999999999999893e+00 1.207593114644261112e+00
3.899999999999999911e+00 1.201564689195584235e+00
3.919999999999999929e+00 1.195562437731354954e+00
3.939999999999999947e+00 1.189586387708734705e+00
3.959999999999999964e+00 1.183636562272805115e+00
3.979999999999999982e+00 1.177712982163337418e+00
4.000000000000000000e+00 1.171815664126079737e+00
4.020000000000000462e+00 1.165944622436392519e+00
4.040000000000000036e+00 1.160099867695029152e+00
4.060000000000000497e+00 1.154281407960194406e+00
4.080000000000000071e+00 1.148489247936194779e+00
4.099999999999999645e+00 1.142723389705436077e+00
4.120000000000000107e+00 1.136983832318491316e+00
4.139999999999999680e+00 1.131270572117523576e+00
4.160000000000000142e+00 1.125583602736242250e+00
4.179999999999999716e+00 1.119922915006220876e+00
4.200000000000000178e+00 1.114288497375312215e+00
4.219999999999999751e+00 1.108680335388344540e+00
4.240000000000000213e+00 1.103098412532497852e+00
4.259999999999999787e+00 1.097542709283810813e+00
4.280000000000000249e+00 1.092013204388135428e+00
4.299999999999999822e+00 1.086509873464906129e+00
4.320000000000000284e+00 1.081032690732221413e+00
4.339999999999999858e+00 1.075581627159254872e+00
4.360000000000000320e+00 1.070156652644168371e+00
4.379999999999999893e+00 1.064757733706547915e+00
4.400000000000000355e+00 1.059384836126718188e+00
4.419999999999999929e+00 1.054037922169612118e+00
4.440000000000000391e+00 1.048716953694167175e+00
4.459999999999999964e+00 1.043421888900001759e+00
4.480000000000000426e+00 1.038152685915555873e+00
4.500000000000000000e+00 1.032909299058850872e+00
4.520000000000000462e+00 1.027691682913163040e+00
4.540000000000000036e+00 1.022499788093214956e+00
4.560000000000000497e+00 1.017333565817020613e+00
4.580000000000000071e+00 1.012192963168805360e+00
4.600000000000000533e+00 1.007077928175848625e+00
4.620000000000000107e+00 1.001988404559391643e+00
4.639999999999999680e+00 9.969243373252220097e-01
4.660000000000000142e+00 9.918856669938102000e-01
4.679999999999999716e+00 9.868723357134840946e-01
4.700000000000000178e+00 9.818842809610259792e-01
4.719999999999999751e+00 9.769214421862353337e-01
4.740000000000000213e+00 9.719837539741632559e-01
4.759999999999999787e+00 9.670711532299802737e-01
4.780000000000000249e+00 9.621835717940219190e-01
4.799999999999999822e+00 9.573209441758089300e-01
4.820000000000000284e+00 9.524831996130453948e-01
4.839999999999999858e+00 9.476702703637447378e-01
4.860000000000000320e+00 9.428820832003164121e-01
4.879999999999999893e+00 9.381185682686842275e-01
4.900000000000000355e+00 9.333796500085510539e-01
4.919999999999999929e+00 9.286652565885419319e-01
4.940000000000000391e+00 9.239753102436962795e-01
4.959999999999999964e+00 9.193097372955982838e-01
4.980000000000000426e+00 9.146684578981283398e-01
5.000000000000000000e+00 9.100513966516612374e-01
5.020000000000000462e+00 9.054584717480775868e-01
5.040000000000000036e+00 9.008896061880546924e-01
5.060000000000000497e+00 8.963447163162963083e-01
5.080000000000000071e+00 8.918237236510662136e-01
5.100000000000000533e+00 8.873265428005763233e-01
5.120000000000000107e+00 8.828530939138511391e-01
5.139999999999999680e+00 8.784032899691580631e-01
5.160000000000000142e+00 8.739770498554351175e-01
5.179999999999999716e+00 8.695742850236246602e-01
5.200000000000000178e+00 8.651949132078210480e-01
5.219999999999999751e+00 8.608388444303299858e-01
5.240000000000000213e+00 8.565059953718349162e-01
5.259999999999999787e+00 8.521962747209580469e-01
5.280000000000000249e+00 8.479095982026878531e-01
5.299999999999999822e+00 8.436458732632010626e-01
5.320000000000000284e+00 8.394050147658996819e-01
5.339999999999999858e+00 8.351869290022073677e-01
5.360000000000000320e+00 8.309915300645503988e-01
5.379999999999999893e+00 8.268187231737588183e-01
5.400000000000000355e+00 8.226684217384708786e-01
5.419999999999999929e+00 8.185405299897533515e-01
5.440000000000000391e+00 8.144349607363293719e-01
5.459999999999999964e+00 8.103516172969985609e-01
5.480000000000000426e+00 8.062904119612219755e-01
5.500000000000000000e+00 8.022512472098733971e-01
5.520000000000000462e+00 7.982340348906865612e-01
5.540000000000000036e+00 7.942386767177953555e-01
5.560000000000000497e+00 7.902650841717107077e-01
5.580000000000000071e+00 7.863131582680591425e-01
5.600000000000000533e+00 7.823828101916744382e-01
5.620000000000000107e+00 7.784739403249463230e-01
5.639999999999999680e+00 7.745864596257406864e-01
5.660000000000000142e+00 7.707202679056783801e-01
5.679999999999999716e+00 7.668752759616074277e-01
5.700000000000000178e+00 7.630513830940551800e-01
5.719999999999999751e+00 7.592485000021189645e-01
5.740000000000000213e+00 7.554665255323086415e-01
5.759999999999999787e+00 7.517053703466440862e-01
5.780000000000000249e+00 7.479649328920504603e-01
5.799999999999999822e+00 7.442451238516399892e-01
5.820000000000000284e+00 7.405458413247527627e-01
5.839999999999999858e+00 7.368669960713309930e-01
5.860000000000000320e+00 7.332084858926453119e-01
5.879999999999999893e+00 7.295702216788645389e-01
5.900000000000000355e+00 7.259521009804291714e-01
5.919999999999999929e+00 7.223540348688514134e-01
5.940000000000000391e+00 7.187759206886592533e-01
5.959999999999999964e+00 7.152176697416419149e-01
5.980000000000000426e+00 7.116791792091906599e-01
6.000000000000000000e+00 7.081603606701789566e-01
6.020000000000000462e+00 7.046611111834755192e-01
6.040000000000000036e+00 7.011813426497925938e-01
6.060000000000000497e+00 6.977209520440961210e-01
6.080000000000000071e+00 6.942798516317233437e-01
6.100000000000000533e+00 6.908579383403088414e-01
6.120000000000000107e+00 6.874551248406964854e-01
6.140000000000000568e+00 6.840713080479221553e-01
6.160000000000000142e+00 6.807064010773579144e-01
6.179999999999999716e+00 6.773603008642685719e-01
6.200000000000000178e+00 6.740329210058179088e-01
6.219999999999999751e+00 6.707241584885869079e-01
6.240000000000000213e+00 6.674339274270733036e-01
6.259999999999999787e+00 6.641621248885070106e-01
6.280000000000000249e+00 6.609086655386117171e-01
6.299999999999999822e+00 6.576734465529692208e-01
6.320000000000000284e+00 6.544563831808331011e-01
6.339999999999999858e+00 6.512573727322024109e-01
6.360000000000000320e+00 6.480763310706250113e-01
6.379999999999999893e+00 6.449131556650828934e-01
6.400000000000000355e+00 6.417677630227142105e-01
6.419999999999999929e+00 6.386400507944990368e-01
6.440000000000000391e+00 6.355299361590417417e-01
6.459999999999999964e+00 6.324373169709610609e-01
6.480000000000000426e+00 6.293621111068303797e-01
6.500000000000000000e+00 6.263042166451052717e-01
6.520000000000000462e+00 6.232635521855217631e-01
6.540000000000000036e+00 6.202400160492839154e-01
6.560000000000000497e+00 6.172335275832164792e-01
6.580000000000000071e+00 6.142439853688508311e-01
6.600000000000000533e+00 6.112713095228166083e-01
6.620000000000000107e+00 6.083153989033569520e-01
6.640000000000000568e+00 6.053761744184510407e-01
6.660000000000000142e+00 6.024535352181999981e-01
6.679999999999999716e+00 5.995474030223527651e-01
6.700000000000000178e+00 5.966576772869135459e-01
6.719999999999999751e+00 5.937842805627508991e-01
6.740000000000000213e+00 5.909271126246581352e-01
6.759999999999999787e+00 5.880860968729364480e-01
6.780000000000000249e+00 5.852611334130471965e-01
6.799999999999999822e+00 5.824521465120440222e-01
6.820000000000000284e+00 5.796590366168495878e-01
6.839999999999999858e+00 5.768817288776453278e-01
6.860000000000000320e+00 5.741201240926836480e-01
6.879999999999999893e+00 5.713741483107301899e-01
6.900000000000000355e+00 5.686437026902311231e-01
6.919999999999999929e+00 5.659287141931259590e-01
6.940000000000000391e+00 5.632290843460660001e-01
6.959999999999999964e+00 5.605447410379040818e-01
6.980000000000000426e+00 5.578755861705774199e-01
7.000000000000000000e+00 5.552215485728065891e-01
7.020000000000000462e+00 5.525825305281022448e-01
7.040000000000000036e+00 5.499584618172368433e-01
7.060000000000000497e+00 5.473492451107204726e-01
7.080000000000000071e+00 5.447548111528227599e-01
7.100000000000000533e+00 5.421750630057630138e-01
7.120000000000000107e+00 5.396099323880574339e-01
7.140000000000000568e+00 5.370593227575355399e-01
7.160000000000000142e+00 5.345231668170429273e-01
7.179999999999999716e+00 5.320013684232599571e-01
7.200000000000000178e+00 5.294938612727985161e-01
7.219999999999999751e+00 5.270005496236954690e-01
7.240000000000000213e+00 5.245213681751565993e-01
7.259999999999999787e+00 5.220562215884687607e-01
7.280000000000000249e+00 5.196050455736808127e-01
7.299999999999999822e+00 5.171677451965304151e-01
7.320000000000000284e+00 5.147442571856015725e-01
7.339999999999999858e+00 5.123344870117455541e-01
7.360000000000000320e+00 5.099383724292437803e-01
7.379999999999999893e+00 5.075558193140720098e-01
7.400000000000000355e+00 5.051867664528657542e-01
7.419999999999999929e+00 5.028311201262424257e-01
7.440000000000000391e+00 5.004888201593779007e-01
7.459999999999999964e+00 4.981597732364431153e-01
7.480000000000000426e+00 4.958439202268806745e-01
7.500000000000000000e+00 4.935411682168817094e-01
7.520000000000000462e+00 4.912514591254455998e-01
7.540000000000000036e+00 4.889747004387053897e-01
7.560000000000000497e+00 4.867108351300975522e-01
7.580000000000000071e+00 4.844597710831894388e-01
7.600000000000000533e+00 4.822214523303460232e-01
7.620000000000000107e+00 4.799957871495706963e-01
7.640000000000000568e+00 4.777827206362837975e-01
7.660000000000000142e+00 4.755821614595299729e-01
7.679999999999999716e+00 4.733940557815619066e-01
7.700000000000000178e+00 4.712183126586155235e-01
7.719999999999999751e+00 4.690548793232114932e-01
7.740000000000000213e+00 4.669036652145882038e-01
7.759999999999999787e+00 4.647646186386704681e-01
7.780000000000000249e+00 4.626376494130644557e-01
7.799999999999999822e+00 4.605227069199356316e-01
7.820000000000000284e+00 4.584197013503243934e-01
7.839999999999999858e+00 4.563285831651939239e-01
7.860000000000000320e+00 4.542492629236832280e-01
7.879999999999999893e+00 4.521816921678491474e-01
7.900000000000000355e+00 4.501257818193170057e-01
7.919999999999999929e+00 4.480814845032908278e-01
7.940000000000000391e+00 4.460487114978943790e-01
7.959999999999999964e+00 4.440274165132997997e-01
7.980000000000000426e+00 4.420175111778975596e-01
8.000000000000000000e+00 4.400189502884330195e-01
8.019999999999999574e+00 4.380316458169859484e-01
8.040000000000000924e+00 4.360555536482754735e-01
8.060000000000000497e+00 4.340905860912777081e-01
8.080000000000000071e+00 4.321367001198988533e-01
8.099999999999999645e+00 4.301938083728945594e-01
8.120000000000000995e+00 4.282618689143926627e-01
8.140000000000000568e+00 4.263407947056229164e-01
8.160000000000000142e+00 4.244305449018083709e-01
8.179999999999999716e+00 4.225310327790428588e-01
8.199999999999999289e+00 4.206422185843634032e-01
8.220000000000000639e+00 4.187640159009597407e-01
8.240000000000000213e+00 4.168963860682632361e-01
8.259999999999999787e+00 4.150392429685007545e-01
8.279999999999999361e+00 4.131925490339509732e-01
8.300000000000000711e+00 4.113562184376804431e-01
8.320000000000000284e+00 4.095302147051517183e-01
8.339999999999999858e+00 4.077144522918040859e-01
8.359999999999999432e+00 4.059088958165052996e-01
8.380000000000000782e+00 4.041134600084994588e-01
8.400000000000000355e+00 4.023281105801770896e-01
8.419999999999999929e+00 4.005527625257576108e-01
8.439999999999999503e+00 3.987873826511888486e-01
8.460000000000000853e+00 3.970318862067381827e-01
8.480000000000000426e+00 3.952862410918626113e-01
8.500000000000000000e+00 3.935503628037223534e-01
8.519999999999999574e+00 3.918242203351639530e-01
8.540000000000000924e+00 3.901077294209971402e-01
8.560000000000000497e+00 3.884008601472734301e-01
8.580000000000000071e+00 3.867035284769984038e-01
8.599999999999999645e+00 3.850157055891794133e-01
8.620000000000000995e+00 3.833373076655021694e-01
8.640000000000000568e+00 3.816683069776348192e-01
8.660000000000000142e+00 3.800086199162192591e-01
8.679999999999999716e+00 3.783582198452509204e-01
8.700000000000001066e+00 3.767170233545554803e-01
8.720000000000000639e+00 3.750850049000807873e-01
8.740000000000000213e+00 3.734620812608746010e-01
8.759999999999999787e+00 3.718482279844298466e-01
8.779999999999999361e+00 3.702433620290259131e-01
8.800000000000000711e+00 3.686474600332710905e-01
8.820000000000000284e+00 3.670604391244978171e-01
8.839999999999999858e+00 3.654822770319884895e-01
8.859999999999999432e+00 3.639128910419325291e-01
8.880000000000000782e+00 3.623522599738259187e-01
8.900000000000000355e+00 3.608003012623544059e-01
8.919999999999999929e+00 3.592569948167494420e-01
8.939999999999999503e+00 3.577222582098298909e-01
8.960000000000000853e+00 3.561960724400951017e-01
8.980000000000000426e+00 3.546783552079633695e-01
9.000000000000000000e+00 3.531690886007326502e-01
9.019999999999999574e+00 3.516681904358948119e-01
9.040000000000000924e+00 3.501756438890853973e-01
9.060000000000000497e+00 3.486913668841983838e-01
9.080000000000000071e+00 3.472153436847379426e-01
9.099999999999999645e+00 3.457474923103574516e-01
9.120000000000000995e+00 3.442877981119836228e-01
9.140000000000000568e+00 3.428361791942279857e-01
9.160000000000000142e+00 3.413926219950227936e-01
9.179999999999999716e+00 3.399570446931554635e-01
9.200000000000001066e+00 3.385294348131631659e-01
9.220000000000000639e+00 3.371097105971201935e-01
9.240000000000000213e+00 3.356978606557602385e-01
9.259999999999999787e+00 3.342938032835908180e-01
9.279999999999999361e+00 3.328975281771846539e-01
9.300000000000000711e+00 3.315089536724903363e-01
9.320000000000000284e+00 3.301280705515933778e-01
9.339999999999999858e+00 3.287547971809388070e-01
9.359999999999999432e+00 3.273891254278231688e-01
9.380000000000000782e+00 3.260309736781356604e-01
9.400000000000000355e+00 3.246803348840909265e-01
9.419999999999999929e+00 3.233371274400410056e-01
9.439999999999999503e+00 3.220013453828931005e-01
9.460000000000000853e+00 3.206729071043269430e-01
9.480000000000000426e+00 3.193518077257435639e-01
9.500000000000000000e+00 3.180379656251180465e-01
9.519999999999999574e+00 3.167313770081702784e-01
9.540000000000000924e+00 3.154319602280294399e-01
9.560000000000000497e+00 3.141397125745880037e-01
9.580000000000000071e+00 3.128545523650777538e-01
9.599999999999999645e+00 3.115764779734735979e-01
9.620000000000000995e+00 3.103054076699269248e-01
