0.000000000000000000e+00 8.193160136197686683e+00
1.499999999999999944e-02 7.958482657197228249e+00
2.999999999999999889e-02 7.723232662578217500e+00
4.499999999999999833e-02 7.488797303591913312e+00
5.999999999999999778e-02 7.256332967985342108e+00
7.499999999999999722e-02 7.026835408219006318e+00
8.999999999999999667e-02 6.801197781025733136e+00
1.049999999999999961e-01 6.580184906615438756e+00
1.199999999999999956e-01 6.364438286575964554e+00
1.350000000000000089e-01 6.154471592885561115e+00
1.499999999999999944e-01 5.950679028062501708e+00
1.649999999999999800e-01 5.753342265374889131e+00
1.799999999999999933e-01 5.562642098381489042e+00
1.950000000000000067e-01 5.378670581441769016e+00
2.099999999999999922e-01 5.201443244764420548e+00
2.249999999999999778e-01 5.030912384842485707e+00
2.399999999999999911e-01 4.866977625063385382e+00
2.550000000000000044e-01 4.709498087325771465e+00
2.700000000000000178e-01 4.558300293704342643e+00
2.849999999999999756e-01 4.413188305576154491e+00
2.999999999999999889e-01 4.273948788963020107e+00
3.150000000000000022e-01 4.140359048440734213e+00
3.299999999999999600e-01 4.012189627531144609e+00
3.449999999999999734e-01 3.889210555383448842e+00
3.599999999999999867e-01 3.771191986409922592e+00
3.750000000000000000e-01 3.657909096265989923e+00
3.900000000000000133e-01 3.549141299419119377e+00
4.049999999999999711e-01 3.444676200686862089e+00
4.199999999999999845e-01 3.344307812771257993e+00
4.349999999999999978e-01 3.247839890643322569e+00
4.499999999999999556e-01 3.155083497473274434e+00
4.649999999999999689e-01 3.065859959254745526e+00
4.799999999999999822e-01 2.979998009522240032e+00
4.949999999999999956e-01 2.897336527412318397e+00
5.100000000000000089e-01 2.817721440251815146e+00
5.250000000000000222e-01 2.741008349200930727e+00
5.400000000000000355e-01 2.667059294239477296e+00
5.549999999999999378e-01 2.595745331115696164e+00
5.699999999999999512e-01 2.526943243146333007e+00
5.849999999999999645e-01 2.460538104208427335e+00
5.999999999999999778e-01 2.396419979079388085e+00
6.149999999999999911e-01 2.334486489442954227e+00
6.300000000000000044e-01 2.274639542359719435e+00
6.450000000000000178e-01 2.216787904048604041e+00
6.599999999999999201e-01 2.160843970678576031e+00
6.749999999999999334e-01 2.106726348172933250e+00
6.899999999999999467e-01 2.054356685276308880e+00
7.049999999999999600e-01 2.003662253218975398e+00
7.199999999999999734e-01 1.954572844175551438e+00
7.349999999999999867e-01 1.907023342978539260e+00
7.500000000000000000e-01 1.860950702597799822e+00
7.650000000000000133e-01 1.816296498961615713e+00
7.800000000000000266e-01 1.773003982466206718e+00
7.949999999999999289e-01 1.731020607199235561e+00
8.099999999999999423e-01 1.690295166527446824e+00
8.249999999999999556e-01 1.650780288143697039e+00
8.399999999999999689e-01 1.612429651352438098e+00
8.549999999999999822e-01 1.575200440214238329e+00
8.699999999999999956e-01 1.539050648880130767e+00
8.850000000000000089e-01 1.503941485645949649e+00
8.999999999999999112e-01 1.469834763514972886e+00
9.149999999999999245e-01 1.436695248941755043e+00
9.299999999999999378e-01 1.404488142983696619e+00
9.449999999999999512e-01 1.373181369132290719e+00
9.599999999999999645e-01 1.342743142056293637e+00
9.749999999999999778e-01 1.313144189820217189e+00
9.899999999999999911e-01 1.284355414839421172e+00
1.004999999999999893e+00 1.256350046364023809e+00
1.020000000000000018e+00 1.229101390497848278e+00
1.034999999999999920e+00 1.202584909610367347e+00
1.050000000000000044e+00 1.176776065389208759e+00
1.064999999999999947e+00 1.151652322345489532e+00
1.080000000000000071e+00 1.127191080565458359e+00
1.094999999999999973e+00 1.103371601137264735e+00
1.109999999999999876e+00 1.080173031965385944e+00
1.125000000000000000e+00 1.057576253369681751e+00
1.139999999999999902e+00 1.035561993407362547e+00
1.155000000000000027e+00 1.014112592447044880e+00
1.169999999999999929e+00 9.932102107966828131e-01
1.185000000000000053e+00 9.728385114043215376e-01
1.199999999999999956e+00 9.529809560003922320e-01
1.214999999999999858e+00 9.336224055322889237e-01
1.229999999999999982e+00 9.147475071027011406e-01
1.244999999999999885e+00 8.963422120288880857e-01
1.260000000000000009e+00 8.783922495536021779e-01
1.274999999999999911e+00 8.608845627925125754e-01
1.290000000000000036e+00 8.438058710394845674e-01
1.304999999999999938e+00 8.271440240924963216e-01
1.319999999999999840e+00 8.108866489183175208e-01
1.334999999999999964e+00 7.950224231488111082e-01
1.349999999999999867e+00 7.795398075292127027e-01
1.364999999999999991e+00 7.644282395542936204e-01
1.379999999999999893e+00 7.496769472846236404e-01
1.395000000000000018e+00 7.352760643326217149e-01
1.409999999999999920e+00 7.212155261379458171e-01
1.425000000000000044e+00 7.074861076482233946e-01
1.439999999999999947e+00 6.940783974942129619e-01
1.454999999999999849e+00 6.809837598980826856e-01
1.469999999999999973e+00 6.681933875702169567e-01
1.484999999999999876e+00 6.556991894756952766e-01
1.500000000000000000e+00 6.434929177888220053e-01
1.514999999999999902e+00 6.315669832913786141e-01
1.530000000000000027e+00 6.199136569983937362e-01
1.544999999999999929e+00 6.085258150276218192e-01
1.560000000000000053e+00 5.973962101670104996e-01
1.574999999999999956e+00 5.865181481589776258e-01
1.589999999999999858e+00 5.758848296713163784e-01
1.604999999999999982e+00 5.654899599784980468e-01
1.619999999999999885e+00 5.553271565775904639e-01
1.635000000000000009e+00 5.453904943197469546e-01
1.649999999999999911e+00 5.356739790324206441e-01
1.665000000000000036e+00 5.261720301696546365e-01
1.679999999999999938e+00 5.168790156869241814e-01
1.694999999999999840e+00 5.077896743215754016e-01
1.709999999999999964e+00 4.988987120267391329e-01
1.724999999999999867e+00 4.902011659893487638e-01
1.739999999999999991e+00 4.816920579037995975e-01
1.754999999999999893e+00 4.733667018538630922e-01
1.770000000000000018e+00 4.652204147175995619e-01
1.784999999999999920e+00 4.572487700194742821e-01
1.799999999999999822e+00 4.494473608070578829e-01
1.814999999999999947e+00 4.418120015785897969e-01
1.829999999999999849e+00 4.343385439422906003e-01
1.844999999999999973e+00 4.270230286915799867e-01
1.859999999999999876e+00 4.198615496686259330e-01
1.875000000000000000e+00 4.128503580418173002e-01
1.889999999999999902e+00 4.059857747326480748e-01
1.905000000000000027e+00 3.992642489066154932e-01
1.919999999999999929e+00 3.926823144833875290e-01
1.934999999999999831e+00 3.862366048211113845e-01
1.949999999999999956e+00 3.799238537413649475e-01
1.964999999999999858e+00 3.737408683353594108e-01
1.979999999999999982e+00 3.676845701354485296e-01
1.994999999999999885e+00 3.617519279295593471e-01
2.009999999999999787e+00 3.559400396028540303e-01
2.024999999999999911e+00 3.502460267892061330e-01
2.040000000000000036e+00 3.446671531367033747e-01
2.054999999999999716e+00 3.392006825740517262e-01
2.069999999999999840e+00 3.338440346314804907e-01
2.084999999999999964e+00 3.285946080381239587e-01
2.100000000000000089e+00 3.234499689810944600e-01
2.114999999999999769e+00 3.184076416920746944e-01
2.129999999999999893e+00 3.134653303965817539e-01
2.145000000000000018e+00 3.086206784833595007e-01
2.160000000000000142e+00 3.038715201602040783e-01
2.174999999999999822e+00 2.992156097365809009e-01
2.189999999999999947e+00 2.946509038682146309e-01
2.205000000000000071e+00 2.901752624170474970e-01
2.219999999999999751e+00 2.857867574370380748e-01
2.234999999999999876e+00 2.814833470083862865e-01
2.250000000000000000e+00 2.772632119842303733e-01
2.265000000000000124e+00 2.731244041291271407e-01
2.279999999999999805e+00 2.690652069157944415e-01
2.294999999999999929e+00 2.650837592276400478e-01
2.310000000000000053e+00 2.611784413681261241e-01
2.324999999999999734e+00 2.573474755203097875e-01
2.339999999999999858e+00 2.535893333939924221e-01
2.354999999999999982e+00 2.499023145628113673e-01
2.370000000000000107e+00 2.462849770585848752e-01
2.384999999999999787e+00 2.427356946403946558e-01
2.399999999999999911e+00 2.392531068954872608e-01
2.415000000000000036e+00 2.358356564207835238e-01
2.429999999999999716e+00 2.324820598894056511e-01
2.444999999999999840e+00 2.291908260599474223e-01
2.459999999999999964e+00 2.259607444997912551e-01
2.475000000000000089e+00 2.227903852623427938e-01
2.489999999999999769e+00 2.196786068778697754e-01
2.504999999999999893e+00 2.166240384752417814e-01
2.520000000000000018e+00 2.136256038601642426e-01
2.534999999999999698e+00 2.106819867819148262e-01
2.549999999999999822e+00 2.077921728629633091e-01
2.564999999999999947e+00 2.049548986489045099e-01
2.580000000000000071e+00 2.021692083350388469e-01
2.594999999999999751e+00 1.994338871609195873e-01
2.609999999999999876e+00 1.967480348524638656e-01
2.625000000000000000e+00 1.941104838617585537e-01
2.639999999999999680e+00 1.915203865927956606e-01
2.654999999999999805e+00 1.889766189095873350e-01
2.669999999999999929e+00 1.864783832201108160e-01
2.685000000000000053e+00 1.840245976163745745e-01
2.699999999999999734e+00 1.816145120043259065e-01
2.714999999999999858e+00 1.792470831610293580e-01
2.729999999999999982e+00 1.769216061427976439e-01
2.745000000000000107e+00 1.746370754864136898e-01
2.759999999999999787e+00 1.723928292004172358e-01
2.774999999999999911e+00 1.701878962576985344e-01
2.790000000000000036e+00 1.680216555620203112e-01
2.804999999999999716e+00 1.658931698219664463e-01
2.819999999999999840e+00 1.638018569129516822e-01
2.834999999999999964e+00 1.617468101414586967e-01
2.850000000000000089e+00 1.597274845572377033e-01
2.864999999999999769e+00 1.577430035599430014e-01
2.879999999999999893e+00 1.557928576959670408e-01
2.895000000000000018e+00 1.538761974766887641e-01
2.909999999999999698e+00 1.519925473809034255e-01
2.924999999999999822e+00 1.501410846971580892e-01
2.939999999999999947e+00 1.483213663801613846e-01
2.955000000000000071e+00 1.465325936444702160e-01
2.969999999999999751e+00 1.447743545667023179e-01
2.984999999999999876e+00 1.430458741006273848e-01
3.000000000000000000e+00 1.413467701883659722e-01
3.014999999999999680e+00 1.396762887787953433e-01
3.029999999999999805e+00 1.380340765162190453e-01
3.044999999999999929e+00 1.364194002858306887e-01
3.060000000000000053e+00 1.348319343597542963e-01
3.074999999999999734e+00 1.332709639015639269e-01
3.089999999999999858e+00 1.317361898219835126e-01
3.104999999999999982e+00 1.302269156145774154e-01
3.120000000000000107e+00 1.287428679210996518e-01
3.134999999999999787e+00 1.272833659744166679e-01
3.149999999999999911e+00 1.258481613181883507e-01
3.165000000000000036e+00 1.244365890708139244e-01
3.179999999999999716e+00 1.230484249242965455e-01
3.194999999999999840e+00 1.216830173417823985e-01
3.209999999999999964e+00 1.203401654829764356e-01
3.225000000000000089e+00 1.190192313823120046e-01
3.239999999999999769e+00 1.177200370571046262e-01
3.254999999999999893e+00 1.164419556061028899e-01
3.270000000000000018e+00 1.151848313625959824e-01
3.284999999999999698e+00 1.139480487833647859e-01
3.299999999999999822e+00 1.127314740425917061e-01
3.314999999999999947e+00 1.115345004668345241e-01
3.330000000000000071e+00 1.103570156610187841e-01
3.344999999999999751e+00 1.091984221701783608e-01
3.359999999999999876e+00 1.080586286833362109e-01
3.375000000000000000e+00 1.069370444800784442e-01
3.389999999999999680e+00 1.058335990492115519e-01
3.404999999999999805e+00 1.047477087970352244e-01
3.419999999999999929e+00 1.036793237891613234e-01
3.435000000000000053e+00 1.026278650651022417e-01
3.449999999999999734e+00 1.015933031048793234e-01
3.464999999999999858e+00 1.005750640057935519e-01
