# Electrodo circular de radio 6 mm y espesor 710.0 um.
# Volumen de simulacion (convencion z,y,x):
# N: 1024 x 1024 x 1024 | voxelSize:  0.02mm x 0.02mm x 0.02mm | FOV:  20.48mm x 20.48mm x 20.48mm
# 
# z [mm]		 delta[ppm]
0.000000000000000000e+00 5.183047055059278208e+00
2.000000000000000042e-02 5.106686285711462325e+00
4.000000000000000083e-02 5.029740602348752532e+00
5.999999999999999778e-02 4.952362168058450642e+00
8.000000000000000167e-02 4.874700033727414450e+00
1.000000000000000056e-01 4.796899414029528685e+00
1.199999999999999956e-01 4.719100743554219157e+00
1.400000000000000133e-01 4.641438986750983098e+00
1.600000000000000033e-01 4.564042922246555278e+00
1.799999999999999933e-01 4.487034601981458870e+00
2.000000000000000111e-01 4.410528841606881301e+00
2.200000000000000011e-01 4.334632871736441295e+00
2.399999999999999911e-01 4.259446036381413059e+00
2.600000000000000089e-01 4.185059643270440333e+00
2.800000000000000266e-01 4.111556859643773265e+00
2.999999999999999889e-01 4.039012746512255170e+00
3.200000000000000067e-01 3.967494326739648969e+00
3.400000000000000244e-01 3.897060774269644590e+00
3.599999999999999867e-01 3.827763619886515034e+00
3.800000000000000044e-01 3.759647059016285819e+00
4.000000000000000222e-01 3.692748256673695995e+00
4.199999999999999845e-01 3.627097735706278137e+00
4.400000000000000022e-01 3.562719743241899550e+00
4.600000000000000200e-01 3.499632683844160486e+00
4.799999999999999822e-01 3.437849514151249508e+00
5.000000000000000000e-01 3.377378190768589139e+00
5.200000000000000178e-01 3.318222065997118442e+00
5.400000000000000355e-01 3.260380326948007390e+00
5.600000000000000533e-01 3.203848372201940187e+00
5.799999999999999600e-01 3.148618225418664540e+00
5.999999999999999778e-01 3.094678879307941166e+00
6.199999999999999956e-01 3.042016673161334506e+00
6.400000000000000133e-01 2.990615596231724016e+00
6.600000000000000311e-01 2.940457623710911683e+00
6.800000000000000488e-01 2.891522976107339993e+00
7.000000000000000666e-01 2.843790412104733711e+00
7.199999999999999734e-01 2.797237443894130315e+00
7.399999999999999911e-01 2.751840588121639453e+00
7.600000000000000089e-01 2.707575539377524709e+00
7.800000000000000266e-01 2.664417382238872367e+00
8.000000000000000444e-01 2.622340726527971011e+00
8.200000000000000622e-01 2.581319884471710235e+00
8.399999999999999689e-01 2.541328972030704847e+00
8.599999999999999867e-01 2.502342055635185414e+00
8.800000000000000044e-01 2.464333224122413402e+00
9.000000000000000222e-01 2.427276709540701294e+00
9.200000000000000400e-01 2.391146934106779476e+00
9.400000000000000577e-01 2.355918609342174896e+00
9.599999999999999645e-01 2.321566762163658648e+00
9.799999999999999822e-01 2.288066816236184575e+00
1.000000000000000000e+00 2.255394600875171296e+00
1.020000000000000018e+00 2.223526418049191822e+00
1.040000000000000036e+00 2.192439037320296880e+00
1.060000000000000053e+00 2.162109751459202034e+00
1.080000000000000071e+00 2.132516360175238823e+00
1.100000000000000089e+00 2.103637216853118108e+00
1.120000000000000107e+00 2.075451203397402633e+00
1.140000000000000124e+00 2.047937770181228689e+00
1.159999999999999920e+00 2.021076903925919765e+00
1.179999999999999938e+00 1.994849162579774404e+00
1.199999999999999956e+00 1.969235637814629847e+00
1.219999999999999973e+00 1.944217986228753858e+00
1.239999999999999991e+00 1.919778387735523895e+00
1.260000000000000009e+00 1.895899574208780747e+00
1.280000000000000027e+00 1.872564784793669057e+00
1.300000000000000044e+00 1.849757792880940332e+00
1.320000000000000062e+00 1.827462859152675145e+00
1.340000000000000080e+00 1.805664757580357938e+00
1.360000000000000098e+00 1.784348726851209710e+00
1.380000000000000115e+00 1.763500495927399658e+00
1.400000000000000133e+00 1.743106234351311290e+00
1.419999999999999929e+00 1.723152577775708183e+00
1.439999999999999947e+00 1.703626577537667997e+00
1.459999999999999964e+00 1.684515726466557117e+00
1.479999999999999982e+00 1.665807908019440564e+00
1.500000000000000000e+00 1.647491422591766064e+00
1.520000000000000018e+00 1.629554936439272295e+00
1.540000000000000036e+00 1.611987508651057110e+00
1.560000000000000053e+00 1.594778540020776569e+00
1.580000000000000071e+00 1.577917800790741287e+00
1.600000000000000089e+00 1.561395379594708421e+00
1.620000000000000107e+00 1.545201712041617492e+00
1.640000000000000124e+00 1.529327529813056197e+00
1.660000000000000142e+00 1.513763890124509182e+00
1.679999999999999938e+00 1.498502125037799004e+00
1.699999999999999956e+00 1.483533871813988991e+00
1.719999999999999973e+00 1.468851022476802548e+00
1.739999999999999991e+00 1.454445755053544120e+00
1.760000000000000009e+00 1.440310483413873355e+00
1.780000000000000027e+00 1.426437889381726221e+00
1.800000000000000044e+00 1.412820872858931764e+00
1.820000000000000062e+00 1.399452584781470943e+00
1.840000000000000080e+00 1.386326377532658860e+00
1.860000000000000098e+00 1.373435838710061141e+00
1.880000000000000115e+00 1.360774741823939538e+00
1.900000000000000133e+00 1.348337080836474966e+00
1.919999999999999929e+00 1.336117021140447392e+00
1.939999999999999947e+00 1.324108934829271833e+00
1.959999999999999964e+00 1.312307351945448008e+00
1.979999999999999982e+00 1.300706996438151464e+00
2.000000000000000000e+00 1.289302737672581634e+00
2.020000000000000018e+00 1.278089627030979614e+00
2.040000000000000036e+00 1.267062849670668623e+00
2.060000000000000053e+00 1.256217761724293114e+00
2.080000000000000071e+00 1.245549842297160481e+00
2.100000000000000089e+00 1.235054731222899660e+00
2.120000000000000107e+00 1.224728181288580409e+00
2.140000000000000124e+00 1.214566096502824433e+00
2.160000000000000142e+00 1.204564484540572744e+00
2.180000000000000160e+00 1.194719495481706195e+00
2.200000000000000178e+00 1.185027374465889238e+00
2.220000000000000195e+00 1.175484500861031734e+00
2.240000000000000213e+00 1.166087341122193699e+00
2.260000000000000231e+00 1.156832488350576948e+00
2.280000000000000249e+00 1.147716615349307689e+00
2.300000000000000266e+00 1.138736514535111155e+00
2.319999999999999840e+00 1.129889051187326743e+00
2.339999999999999858e+00 1.121171203675821015e+00
2.359999999999999876e+00 1.112580016898607527e+00
2.379999999999999893e+00 1.104112642790991972e+00
2.399999999999999911e+00 1.095766293950538373e+00
2.419999999999999929e+00 1.087538284393869903e+00
2.439999999999999947e+00 1.079425983366712583e+00
2.459999999999999964e+00 1.071426856316148424e+00
2.479999999999999982e+00 1.063538418886673220e+00
2.500000000000000000e+00 1.055758278077002954e+00
2.520000000000000018e+00 1.048084086422028882e+00
2.540000000000000036e+00 1.040513583304570888e+00
2.560000000000000053e+00 1.033044549326089800e+00
2.580000000000000071e+00 1.025674847744963758e+00
2.600000000000000089e+00 1.018402379037692596e+00
2.620000000000000107e+00 1.011225122436463009e+00
2.640000000000000124e+00 1.004141090685338300e+00
2.660000000000000142e+00 9.971483716509272899e-01
2.680000000000000160e+00 9.902450832768773248e-01
2.700000000000000178e+00 9.834294152425040458e-01
2.720000000000000195e+00 9.766995841214607399e-01
2.740000000000000213e+00 9.700538750641535257e-01
2.760000000000000231e+00 9.634905971651828160e-01
2.780000000000000249e+00 9.570081251463035121e-01
2.800000000000000266e+00 9.506048549396124425e-01
2.819999999999999840e+00 9.442792453486698045e-01
2.839999999999999858e+00 9.380297738530670726e-01
2.859999999999999876e+00 9.318549782261498216e-01
2.879999999999999893e+00 9.257534125688186011e-01
2.899999999999999911e+00 9.197236888630690999e-01
2.919999999999999929e+00 9.137644332414790460e-01
2.939999999999999947e+00 9.078743274564882171e-01
2.959999999999999964e+00 9.020520653941122013e-01
2.979999999999999982e+00 8.962963944396161731e-01
3.000000000000000000e+00 8.906060722424880005e-01
3.020000000000000018e+00 8.849799079598206220e-01
3.040000000000000036e+00 8.794167192815689482e-01
3.060000000000000053e+00 8.739153735335500883e-01
3.080000000000000071e+00 8.684747449704993683e-01
3.100000000000000089e+00 8.630937557211894040e-01
3.120000000000000107e+00 8.577713333586641786e-01
3.140000000000000124e+00 8.525064516705644913e-01
3.160000000000000142e+00 8.472980885143226448e-01
3.180000000000000160e+00 8.421452663963162610e-01
3.200000000000000178e+00 8.370470106216235662e-01
3.220000000000000195e+00 8.320023896661351559e-01
3.240000000000000213e+00 8.270104736288274028e-01
3.260000000000000231e+00 8.220703743814632425e-01
3.280000000000000249e+00 8.171812043331039277e-01
3.300000000000000266e+00 8.123421163424722202e-01
3.320000000000000284e+00 8.075522628027463901e-01
3.339999999999999858e+00 8.028108353021402577e-01
3.359999999999999876e+00 7.981170240387058801e-01
3.379999999999999893e+00 7.934700572151021092e-01
3.399999999999999911e+00 7.888691607914433135e-01
3.419999999999999929e+00 7.843135976006412324e-01
3.439999999999999947e+00 7.798026274489864296e-01
3.459999999999999964e+00 7.753355459388595605e-01
3.479999999999999982e+00 7.709116449249839853e-01
3.500000000000000000e+00 7.665302510316994722e-01
3.520000000000000018e+00 7.621906864744439902e-01
3.540000000000000036e+00 7.578923072591522425e-01
3.560000000000000053e+00 7.536344643767757256e-01
3.580000000000000071e+00 7.494165416727126550e-01
3.600000000000000089e+00 7.452379174237792059e-01
3.620000000000000107e+00 7.410980018659486523e-01
3.640000000000000124e+00 7.369961991613729335e-01
3.660000000000000142e+00 7.329319445730622107e-01
3.680000000000000160e+00 7.289046668311418564e-01
3.700000000000000178e+00 7.249138249434088355e-01
3.720000000000000195e+00 7.209588709682311913e-01
3.740000000000000213e+00 7.170392864502468377e-01
3.760000000000000231e+00 7.131545456088433932e-01
3.780000000000000249e+00 7.093041513885933735e-01
3.800000000000000266e+00 7.054875990704425615e-01
3.820000000000000284e+00 7.017044119267646929e-01
3.839999999999999858e+00 6.979541052639555154e-01
3.859999999999999876e+00 6.942362216722854917e-01
3.879999999999999893e+00 6.905502955067346349e-01
3.899999999999999911e+00 6.868958877221381654e-01
3.919999999999999929e+00 6.832725508006554094e-01
3.939999999999999947e+00 6.796798631629663578e-01
3.959999999999999964e+00 6.761173945489179493e-01
3.979999999999999982e+00 6.725847399958021500e-01
4.000000000000000000e+00 6.690814856802955735e-01
4.020000000000000462e+00 6.656072424551201516e-01
4.040000000000000036e+00 6.621616121584880110e-01
4.060000000000000497e+00 6.587442207007251360e-01
4.080000000000000071e+00 6.553546848490158228e-01
4.099999999999999645e+00 6.519926448558288623e-01
4.120000000000000107e+00 6.486577317248397589e-01
4.139999999999999680e+00 6.453495993732230041e-01
4.160000000000000142e+00 6.420678923862748189e-01
4.179999999999999716e+00 6.388122777058897750e-01
4.200000000000000178e+00 6.355824128794125283e-01
4.219999999999999751e+00 6.323779772668908228e-01
4.240000000000000213e+00 6.291986407913222612e-01
4.259999999999999787e+00 6.260440946574817866e-01
4.280000000000000249e+00 6.229140206087900866e-01
4.299999999999999822e+00 6.198081211507351362e-01
4.320000000000000284e+00 6.167260893212233031e-01
4.339999999999999858e+00 6.136676384118567862e-01
4.360000000000000320e+00 6.106324722566474072e-01
4.379999999999999893e+00 6.076203144446312709e-01
4.400000000000000355e+00 6.046308791334709110e-01
4.419999999999999929e+00 6.016638997471088768e-01
4.440000000000000391e+00 5.987191003188085947e-01
4.459999999999999964e+00 5.957962236677416534e-01
4.480000000000000426e+00 5.928950032777154933e-01
4.500000000000000000e+00 5.900151909467789002e-01
4.520000000000000462e+00 5.871565292058615881e-01
4.540000000000000036e+00 5.843187784357171122e-01
4.560000000000000497e+00 5.815016898313917215e-01
4.580000000000000071e+00 5.787050319810049803e-01
4.600000000000000533e+00 5.759285643799516574e-01
4.620000000000000107e+00 5.731720634662006431e-01
4.639999999999999680e+00 5.704352966898752486e-01
4.660000000000000142e+00 5.677180479999517360e-01
4.679999999999999716e+00 5.650200924727843965e-01
4.700000000000000178e+00 5.623412212452654213e-01
4.719999999999999751e+00 5.596812167076541389e-01
4.740000000000000213e+00 5.570398768784260435e-01
4.759999999999999787e+00 5.544169911646860127e-01
4.780000000000000249e+00 5.518123641740971808e-01
4.799999999999999822e+00 5.492257920479669542e-01
4.820000000000000284e+00 5.466570857058424826e-01
4.839999999999999858e+00 5.441060477542262186e-01
4.860000000000000320e+00 5.415724951595692893e-01
4.879999999999999893e+00 5.390562367374482911e-01
4.900000000000000355e+00 5.365570952498494028e-01
4.919999999999999929e+00 5.340748854774934884e-01
4.940000000000000391e+00 5.316094357374470114e-01
4.959999999999999964e+00 5.291605665431799999e-01
4.980000000000000426e+00 5.267281115386848178e-01
5.000000000000000000e+00 5.243118967486947168e-01
5.020000000000000462e+00 5.219117609256510582e-01
5.040000000000000036e+00 5.195275353943984431e-01
5.060000000000000497e+00 5.171590638084956337e-01
5.080000000000000071e+00 5.148061825915449807e-01
5.100000000000000533e+00 5.124687400994395459e-01
5.120000000000000107e+00 5.101465776624565240e-01
5.139999999999999680e+00 5.078395481501831732e-01
5.160000000000000142e+00 5.055474976162818157e-01
5.179999999999999716e+00 5.032702832629553091e-01
5.200000000000000178e+00 5.010077556922976072e-01
5.219999999999999751e+00 4.987597762672884572e-01
5.240000000000000213e+00 4.965261999714089547e-01
5.259999999999999787e+00 4.943068921632602364e-01
5.280000000000000249e+00 4.921017120481640528e-01
5.299999999999999822e+00 4.899105288236318412e-01
5.320000000000000284e+00 4.877332057644002128e-01
5.339999999999999858e+00 4.855696157560840387e-01
5.360000000000000320e+00 4.834196259971715315e-01
5.379999999999999893e+00 4.812831129182963408e-01
5.400000000000000355e+00 4.791599475024636012e-01
5.419999999999999929e+00 4.770500095874479207e-01
5.440000000000000391e+00 4.749531738076288034e-01
5.459999999999999964e+00 4.728693232771488120e-01
5.480000000000000426e+00 4.707983361544238465e-01
5.500000000000000000e+00 4.687400987037649847e-01
5.520000000000000462e+00 4.666944924857914234e-01
5.540000000000000036e+00 4.646614067953325211e-01
5.560000000000000497e+00 4.626407264786286389e-01
5.580000000000000071e+00 4.606323437453822556e-01
5.600000000000000533e+00 4.586361466158538347e-01
5.620000000000000107e+00 4.566520301050301933e-01
5.639999999999999680e+00 4.546798853003398144e-01
5.660000000000000142e+00 4.527196099159685461e-01
5.679999999999999716e+00 4.507710980041728099e-01
5.700000000000000178e+00 4.488342498778605805e-01
5.719999999999999751e+00 4.469089624560855789e-01
5.740000000000000213e+00 4.449951385530488968e-01
5.759999999999999787e+00 4.430926778606608663e-01
5.780000000000000249e+00 4.412014856022039577e-01
5.799999999999999822e+00 4.393214641524116892e-01
5.820000000000000284e+00 4.374525210540785580e-01
5.839999999999999858e+00 4.355945612784399290e-01
5.860000000000000320e+00 4.337474946030918099e-01
5.879999999999999893e+00 4.319112285130087270e-01
5.900000000000000355e+00 4.300856749381432587e-01
5.919999999999999929e+00 4.282707437978210963e-01
5.940000000000000391e+00 4.264663490964638592e-01
5.959999999999999964e+00 4.246724031115878262e-01
5.980000000000000426e+00 4.228888218461188675e-01
6.000000000000000000e+00 4.211155198626805873e-01
6.020000000000000462e+00 4.193524150910230008e-01
6.040000000000000036e+00 4.175994243087297053e-01
6.060000000000000497e+00 4.158564673023057434e-01
6.080000000000000071e+00 4.141234629969557934e-01
6.100000000000000533e+00 4.124003329699077458e-01
6.120000000000000107e+00 4.106869982293232524e-01
6.140000000000000568e+00 4.089833820784565255e-01
6.160000000000000142e+00 4.072894075463200370e-01
6.179999999999999716e+00 4.056049996013123549e-01
6.200000000000000178e+00 4.039300832336406577e-01
6.219999999999999751e+00 4.022645850170397108e-01
6.240000000000000213e+00 4.006084318455854776e-01
6.259999999999999787e+00 3.989615518421710805e-01
6.280000000000000249e+00 3.973238737496525008e-01
6.299999999999999822e+00 3.956953271847382103e-01
6.320000000000000284e+00 3.940758426861112329e-01
6.339999999999999858e+00 3.924653513124057858e-01
6.360000000000000320e+00 3.908637853472187174e-01
6.379999999999999893e+00 3.892710772398460528e-01
6.400000000000000355e+00 3.876871609698470666e-01
6.419999999999999929e+00 3.861119703292086869e-01
6.440000000000000391e+00 3.845454409463651690e-01
6.459999999999999964e+00 3.829875079084572587e-01
6.480000000000000426e+00 3.814381084475043648e-01
6.500000000000000000e+00 3.798971789014179423e-01
6.520000000000000462e+00 3.783646580622235245e-01
6.540000000000000036e+00 3.768404834744682463e-01
6.560000000000000497e+00 3.753245954482499203e-01
6.580000000000000071e+00 3.738169326936539583e-01
6.600000000000000533e+00 3.723174369984942889e-01
6.620000000000000107e+00 3.708260481973746914e-01
6.640000000000000568e+00 3.693427095169748431e-01
6.660000000000000142e+00 3.678673618783250832e-01
6.679999999999999716e+00 3.663999499095662582e-01
6.700000000000000178e+00 3.649404155799910732e-01
6.719999999999999751e+00 3.634887048831837442e-01
6.740000000000000213e+00 3.620447608013724894e-01
6.759999999999999787e+00 3.606085306588958650e-01
6.780000000000000249e+00 3.591799584153601566e-01
6.799999999999999822e+00 3.577589926924535924e-01
6.820000000000000284e+00 3.563455783943575428e-01
6.839999999999999858e+00 3.549396654079294833e-01
6.860000000000000320e+00 3.535411995487624526e-01
6.879999999999999893e+00 3.521501319378697592e-01
6.900000000000000355e+00 3.507664092717881488e-01
6.919999999999999929e+00 3.493899838758099952e-01
6.940000000000000391e+00 3.480208032964438036e-01
6.959999999999999964e+00 3.466588210344643262e-01
6.980000000000000426e+00 3.453039854580140511e-01
7.000000000000000000e+00 3.439562512156030816e-01
7.020000000000000462e+00 3.426155674680505525e-01
7.040000000000000036e+00 3.412818899848488186e-01
7.060000000000000497e+00 3.399551686931187588e-01
7.080000000000000071e+00 3.386353604575462750e-01
7.100000000000000533e+00 3.373224159444461190e-01
7.120000000000000107e+00 3.360162930888379029e-01
7.140000000000000568e+00 3.347169432716553539e-01
7.160000000000000142e+00 3.334243254742815799e-01
7.179999999999999716e+00 3.321383917668574437e-01
7.200000000000000178e+00 3.308591021540148169e-01
7.219999999999999751e+00 3.295864093721851407e-01
7.240000000000000213e+00 3.283202744269632101e-01
7.259999999999999787e+00 3.270606506972182359e-01
7.280000000000000249e+00 3.258075001680083571e-01
7.299999999999999822e+00 3.245607768392494985e-01
7.320000000000000284e+00 3.233204436547332250e-01
7.339999999999999858e+00 3.220864552130014435e-01
7.360000000000000320e+00 3.208587753965863598e-01
7.379999999999999893e+00 3.196373593826692949e-01
7.400000000000000355e+00 3.184221719732386879e-01
7.419999999999999929e+00 3.172131689030015522e-01
7.440000000000000391e+00 3.160103158748038821e-01
7.459999999999999964e+00 3.148135691621891663e-01
7.480000000000000426e+00 3.136228953509189177e-01
7.500000000000000000e+00 3.124382512334668016e-01
7.520000000000000462e+00 3.112596042612026936e-01
7.540000000000000036e+00 3.100869117280385945e-01
7.560000000000000497e+00 3.089201419342647026e-01
7.580000000000000071e+00 3.077592526564219000e-01
7.600000000000000533e+00 3.066042130276191435e-01
7.620000000000000107e+00 3.054549812906336981e-01
7.640000000000000568e+00 3.043115273958709732e-01
7.660000000000000142e+00 3.031738100345564013e-01
7.679999999999999716e+00 3.020417999594134928e-01
7.700000000000000178e+00 3.009154562947292111e-01
7.719999999999999751e+00 2.997947505811073832e-01
7.740000000000000213e+00 2.986796423590401539e-01
7.759999999999999787e+00 2.975701039430885264e-01
7.780000000000000249e+00 2.964660952754945566e-01
7.799999999999999822e+00 2.953675894313489980e-01
7.820000000000000284e+00 2.942745467386443936e-01
7.839999999999999858e+00 2.931869410200573234e-01
7.860000000000000320e+00 2.921047329757323063e-01
7.879999999999999893e+00 2.910278971634581158e-01
7.900000000000000355e+00 2.899563946403100889e-01
7.919999999999999929e+00 2.888902006871653660e-01
7.940000000000000391e+00 2.878292767052229029e-01
7.959999999999999964e+00 2.867735986868616971e-01
7.980000000000000426e+00 2.857231283629026453e-01
8.000000000000000000e+00 2.846778424260589802e-01
8.019999999999999574e+00 2.836377029246939796e-01
8.040000000000000924e+00 2.826026872411094848e-01
8.060000000000000497e+00 2.815727577273554050e-01
8.080000000000000071e+00 2.805478924449684164e-01
8.099999999999999645e+00 2.795280540382782397e-01
8.120000000000000995e+00 2.785132212380856953e-01
8.140000000000000568e+00 2.775033569677521350e-01
8.160000000000000142e+00 2.764984406177472542e-01
8.179999999999999716e+00 2.754984353796643415e-01
8.199999999999999289e+00 2.745033212944208434e-01
8.220000000000000639e+00 2.735130618091282662e-01
8.240000000000000213e+00 2.725276376062777395e-01
8.259999999999999787e+00 2.715470123782701695e-01
8.279999999999999361e+00 2.705711674406403033e-01
8.300000000000000711e+00 2.696000667188628852e-01
8.320000000000000284e+00 2.686336921533167832e-01
8.339999999999999858e+00 2.676720078928386259e-01
8.359999999999999432e+00 2.667149964947870266e-01
8.380000000000000782e+00 2.657626223195846960e-01
8.400000000000000355e+00 2.648148685340164787e-01
8.419999999999999929e+00 2.638716997008581644e-01
8.439999999999999503e+00 2.629330995890721834e-01
8.460000000000000853e+00 2.619990329524243822e-01
8.480000000000000426e+00 2.610694841551063350e-01
8.500000000000000000e+00 2.601444181330715977e-01
8.519999999999999574e+00 2.592238198390964254e-01
8.540000000000000924e+00 2.583076543803086711e-01
8.560000000000000497e+00 2.573959072917046398e-01
8.580000000000000071e+00 2.564885438431909748e-01
8.599999999999999645e+00 2.555855501458910717e-01
8.620000000000000995e+00 2.546868916218057999e-01
8.640000000000000568e+00 2.537925549523737945e-01
8.660000000000000142e+00 2.529025057036502488e-01
8.679999999999999716e+00 2.520167311218446948e-01
8.700000000000001066e+00 2.511351969066684120e-01
8.720000000000000639e+00 2.502578908638153909e-01
8.740000000000000213e+00 2.493847788189379466e-01
8.759999999999999787e+00 2.485158491321860230e-01
8.779999999999999361e+00 2.476510677450139697e-01
8.800000000000000711e+00 2.467904235672405133e-01
8.820000000000000284e+00 2.459338826487056096e-01
8.839999999999999858e+00 2.450814344443661974e-01
8.859999999999999432e+00 2.442330451025260807e-01
8.880000000000000782e+00 2.433887046189829872e-01
8.900000000000000355e+00 2.425483792333536781e-01
8.919999999999999929e+00 2.417120594782177501e-01
8.939999999999999503e+00 2.408797116747748990e-01
8.960000000000000853e+00 2.400513268885610951e-01
8.980000000000000426e+00 2.392268715154436398e-01
9.000000000000000000e+00 2.384063371503163942e-01
9.019999999999999574e+00 2.375896902541460021e-01
9.040000000000000924e+00 2.367769229478082216e-01
9.060000000000000497e+00 2.359680017506665117e-01
9.080000000000000071e+00 2.351629193064247725e-01
9.099999999999999645e+00 2.343616421834110175e-01
9.120000000000000995e+00 2.335641635452173348e-01
9.140000000000000568e+00 2.327704500026139822e-01
9.160000000000000142e+00 2.319804952363713757e-01
9.179999999999999716e+00 2.311942658903650971e-01
9.200000000000001066e+00 2.304117561600338149e-01
9.220000000000000639e+00 2.296329327160081257e-01
9.240000000000000213e+00 2.288577902660892949e-01
9.259999999999999787e+00 2.280862954984116953e-01
9.279999999999999361e+00 2.273184436310496104e-01
9.300000000000000711e+00 2.265542013634185559e-01
9.320000000000000284e+00 2.257935644219805360e-01
9.339999999999999858e+00 2.250364995082362873e-01
9.359999999999999432e+00 2.242830028553565169e-01
9.380000000000000782e+00 2.235330411608125456e-01
9.400000000000000355e+00 2.227866111629989432e-01
9.419999999999999929e+00 2.220436795461992185e-01
9.439999999999999503e+00 2.213042435527542429e-01
9.460000000000000853e+00 2.205682698477317294e-01
9.480000000000000426e+00 2.198357561763366608e-01
9.500000000000000000e+00 2.191066691752639184e-01
9.519999999999999574e+00 2.183810070917006907e-01
9.540000000000000924e+00 2.176587365280199249e-01
9.560000000000000497e+00 2.169398562327007618e-01
9.580000000000000071e+00 2.162243327646134750e-01
9.599999999999999645e+00 2.155121653730436848e-01
9.620000000000000995e+00 2.148033205674530211e-01
