# Electrodo circular de radio 6 mm y espesor 710.0 um.
# Volumen de simulacion (convencion z,y,x):
# N: 1024 x 1024 x 1024 | voxelSize:  0.02mm x 0.02mm x 0.02mm | FOV:  20.48mm x 20.48mm x 20.48mm
# 
# z [mm]		 delta[ppm]
0.000000000000000000e+00 2.543732964685170295e+00
2.000000000000000042e-02 2.540311885608167231e+00
4.000000000000000083e-02 2.536789666570784529e+00
5.999999999999999778e-02 2.533167047907920466e+00
8.000000000000000167e-02 2.529444871152615626e+00
1.000000000000000056e-01 2.525624010802422159e+00
1.199999999999999956e-01 2.521705355829735318e+00
1.400000000000000133e-01 2.517689816215474163e+00
1.600000000000000033e-01 2.513578317723492273e+00
1.799999999999999933e-01 2.509371805924152543e+00
2.000000000000000111e-01 2.505071241382842651e+00
2.200000000000000011e-01 2.500677603698523210e+00
2.399999999999999911e-01 2.496191886185703535e+00
2.600000000000000089e-01 2.491615100346102896e+00
2.800000000000000266e-01 2.486948270128996885e+00
2.999999999999999889e-01 2.482192436763523524e+00
3.200000000000000067e-01 2.477348652677981544e+00
3.400000000000000244e-01 2.472417986649670052e+00
3.599999999999999867e-01 2.467401517402000088e+00
3.800000000000000044e-01 2.462300339044761532e+00
4.000000000000000222e-01 2.457115554394598611e+00
4.199999999999999845e-01 2.451848280687019876e+00
4.400000000000000022e-01 2.446499642620881598e+00
4.600000000000000200e-01 2.441070778331512869e+00
4.799999999999999822e-01 2.435562832187956328e+00
5.000000000000000000e-01 2.429976961017499271e+00
5.200000000000000178e-01 2.424314326653941087e+00
5.400000000000000355e-01 2.418576102407763884e+00
5.600000000000000533e-01 2.412763465385941331e+00
5.799999999999999600e-01 2.406877603201523996e+00
5.999999999999999778e-01 2.400919706063795012e+00
6.199999999999999956e-01 2.394890973723166727e+00
6.400000000000000133e-01 2.388792607347622887e+00
6.600000000000000311e-01 2.382625816698078047e+00
6.800000000000000488e-01 2.376391811791012554e+00
7.000000000000000666e-01 2.370091810300649637e+00
7.199999999999999734e-01 2.363727029020949111e+00
7.399999999999999911e-01 2.357298691490284703e+00
7.600000000000000089e-01 2.350808019253662451e+00
7.800000000000000266e-01 2.344256239706297151e+00
8.000000000000000444e-01 2.337644577167405480e+00
8.200000000000000622e-01 2.330974260938442288e+00
8.399999999999999689e-01 2.324246516190174194e+00
8.599999999999999867e-01 2.317462572231766327e+00
8.800000000000000044e-01 2.310623653221250517e+00
9.000000000000000222e-01 2.303730986641092215e+00
9.200000000000000400e-01 2.296785793834416278e+00
9.400000000000000577e-01 2.289789298682969765e+00
9.599999999999999645e-01 2.282742717978284208e+00
9.799999999999999822e-01 2.275647270297459279e+00
1.000000000000000000e+00 2.268504166212160555e+00
1.020000000000000018e+00 2.261314617357763179e+00
1.040000000000000036e+00 2.254079826488718741e+00
1.060000000000000053e+00 2.246800996736210365e+00
1.080000000000000071e+00 2.239479321513177190e+00
1.100000000000000089e+00 2.232115993955683830e+00
1.120000000000000107e+00 2.224712196685633359e+00
1.140000000000000124e+00 2.217269111430673512e+00
1.159999999999999920e+00 2.209787908648255694e+00
1.179999999999999938e+00 2.202269757318891852e+00
1.199999999999999956e+00 2.194715814439236024e+00
1.219999999999999973e+00 2.187127234983201607e+00
1.239999999999999991e+00 2.179505161267960567e+00
1.260000000000000009e+00 2.171850733077448137e+00
1.280000000000000027e+00 2.164165076908630692e+00
1.300000000000000044e+00 2.156449316251583426e+00
1.320000000000000062e+00 2.148704560720228418e+00
1.340000000000000080e+00 2.140931916483122421e+00
1.360000000000000098e+00 2.133132475285817620e+00
1.380000000000000115e+00 2.125307325026266625e+00
1.400000000000000133e+00 2.117457538673190420e+00
1.419999999999999929e+00 2.109584184979959698e+00
1.439999999999999947e+00 2.101688317305958620e+00
1.459999999999999964e+00 2.093770984462558271e+00
1.479999999999999982e+00 2.085833219442074782e+00
1.500000000000000000e+00 2.077876050389405371e+00
1.520000000000000018e+00 2.069900489245473096e+00
1.540000000000000036e+00 2.061907542837852159e+00
1.560000000000000053e+00 2.053898201443518534e+00
1.580000000000000071e+00 2.045873449991781445e+00
1.600000000000000089e+00 2.037834256553119339e+00
1.620000000000000107e+00 2.029781583647565668e+00
1.640000000000000124e+00 2.021716376664613346e+00
1.660000000000000142e+00 2.013639575270115500e+00
1.679999999999999938e+00 2.005552101764043194e+00
1.699999999999999956e+00 1.997454872578813045e+00
1.719999999999999973e+00 1.989348786580067863e+00
1.739999999999999991e+00 1.981234736649300165e+00
1.760000000000000009e+00 1.973113597934420982e+00
1.780000000000000027e+00 1.964986239509406651e+00
1.800000000000000044e+00 1.956853512580008170e+00
1.820000000000000062e+00 1.948716262213101125e+00
1.840000000000000080e+00 1.940575315504339704e+00
1.860000000000000098e+00 1.932431493369760389e+00
1.880000000000000115e+00 1.924285598680909759e+00
1.900000000000000133e+00 1.916138428111235248e+00
1.919999999999999929e+00 1.907990760245512174e+00
1.939999999999999947e+00 1.899843367473445621e+00
1.959999999999999964e+00 1.891697004079110567e+00
1.979999999999999982e+00 1.883552418174134990e+00
2.000000000000000000e+00 1.875410339774057800e+00
2.020000000000000018e+00 1.867271492763396656e+00
2.040000000000000036e+00 1.859136582964798112e+00
2.060000000000000053e+00 1.851006310128259669e+00
2.080000000000000071e+00 1.842881356000034776e+00
2.100000000000000089e+00 1.834762396328206702e+00
2.120000000000000107e+00 1.826650088937413985e+00
2.140000000000000124e+00 1.818545085742934608e+00
2.160000000000000142e+00 1.810448020838279604e+00
2.180000000000000160e+00 1.802359522509888956e+00
2.200000000000000178e+00 1.794280201343834369e+00
2.220000000000000195e+00 1.786210662233209234e+00
2.240000000000000213e+00 1.778151492511067744e+00
2.260000000000000231e+00 1.770103273942549515e+00
2.280000000000000249e+00 1.762066570890449713e+00
2.300000000000000266e+00 1.754041942284080280e+00
2.319999999999999840e+00 1.746029929824722604e+00
2.339999999999999858e+00 1.738031069923176908e+00
2.359999999999999876e+00 1.730045881951673303e+00
2.379999999999999893e+00 1.722074880142055564e+00
2.399999999999999911e+00 1.714118561891468495e+00
2.419999999999999929e+00 1.706177419613109647e+00
2.439999999999999947e+00 1.698251929102411850e+00
2.459999999999999964e+00 1.690342561332249360e+00
2.479999999999999982e+00 1.682449770887060048e+00
2.500000000000000000e+00 1.674574007694378475e+00
2.520000000000000018e+00 1.666715705533756475e+00
2.540000000000000036e+00 1.658875293696494557e+00
2.560000000000000053e+00 1.651053185576894622e+00
2.580000000000000071e+00 1.643249790252014675e+00
2.600000000000000089e+00 1.635465501162262303e+00
2.620000000000000107e+00 1.627700707603014996e+00
2.640000000000000124e+00 1.619955783502183611e+00
2.660000000000000142e+00 1.612231098815486430e+00
2.680000000000000160e+00 1.604527008408144884e+00
2.700000000000000178e+00 1.596843863345611902e+00
2.720000000000000195e+00 1.589181999887112617e+00
2.740000000000000213e+00 1.581541750663606694e+00
2.760000000000000231e+00 1.573923433790461290e+00
2.780000000000000249e+00 1.566327363924424620e+00
2.800000000000000266e+00 1.558753841503224047e+00
2.819999999999999840e+00 1.551203163673327445e+00
2.839999999999999858e+00 1.543675613663860302e+00
2.859999999999999876e+00 1.536171471576908143e+00
2.879999999999999893e+00 1.528691003903646317e+00
2.899999999999999911e+00 1.521234474168925876e+00
2.919999999999999929e+00 1.513802132597143357e+00
2.939999999999999947e+00 1.506394226602821629e+00
2.959999999999999964e+00 1.499010990614196182e+00
2.979999999999999982e+00 1.491652656401543764e+00
3.000000000000000000e+00 1.484319443066077548e+00
3.020000000000000018e+00 1.477011567197758390e+00
3.040000000000000036e+00 1.469729233037538663e+00
3.060000000000000053e+00 1.462472642456363658e+00
3.080000000000000071e+00 1.455241985298495466e+00
3.100000000000000089e+00 1.448037449173405378e+00
3.120000000000000107e+00 1.440859209988276213e+00
3.140000000000000124e+00 1.433707441544513461e+00
3.160000000000000142e+00 1.426582306267220046e+00
3.180000000000000160e+00 1.419483964598005965e+00
3.200000000000000178e+00 1.412412565929627606e+00
3.220000000000000195e+00 1.405368257786807185e+00
3.240000000000000213e+00 1.398351176973875010e+00
3.260000000000000231e+00 1.391361458535301132e+00
3.280000000000000249e+00 1.384399227124595289e+00
3.300000000000000266e+00 1.377464605736219427e+00
3.320000000000000284e+00 1.370557707303687867e+00
3.339999999999999858e+00 1.363678643194547124e+00
3.359999999999999876e+00 1.356827515045961219e+00
3.379999999999999893e+00 1.350004423014434796e+00
3.399999999999999911e+00 1.343209457856907374e+00
3.419999999999999929e+00 1.336442708926868450e+00
3.439999999999999947e+00 1.329704256509289806e+00
3.459999999999999964e+00 1.322994179554846106e+00
3.479999999999999982e+00 1.316312548276714400e+00
3.500000000000000000e+00 1.309659431614549341e+00
3.520000000000000018e+00 1.303034890101561816e+00
3.540000000000000036e+00 1.296438983049910787e+00
3.560000000000000053e+00 1.289871761696155028e+00
3.580000000000000071e+00 1.283333276099700937e+00
3.600000000000000089e+00 1.276823568575087497e+00
3.620000000000000107e+00 1.270342680295133198e+00
3.640000000000000124e+00 1.263890645018183045e+00
3.660000000000000142e+00 1.257467495387625700e+00
3.680000000000000160e+00 1.251073256962567326e+00
3.700000000000000178e+00 1.244707954205324762e+00
3.720000000000000195e+00 1.238371604823755412e+00
3.740000000000000213e+00 1.232064225438369354e+00
3.760000000000000231e+00 1.225785826244775611e+00
3.780000000000000249e+00 1.219536416352061226e+00
3.800000000000000266e+00 1.213315998773595528e+00
3.820000000000000284e+00 1.207124575428281332e+00
3.839999999999999858e+00 1.200962142468265492e+00
3.859999999999999876e+00 1.194828694934668922e+00
3.879999999999999893e+00 1.188724222430467492e+00
3.899999999999999911e+00 1.182648713422312259e+00
3.919999999999999929e+00 1.176602151267150953e+00
3.939999999999999947e+00 1.170584518151728703e+00
3.959999999999999964e+00 1.164595791481252585e+00
3.979999999999999982e+00 1.158635947448174441e+00
4.000000000000000000e+00 1.152704957791494289e+00
4.020000000000000462e+00 1.146802792986387765e+00
4.040000000000000036e+00 1.140929419382484600e+00
4.060000000000000497e+00 1.135084802005951188e+00
4.080000000000000071e+00 1.129268902085329263e+00
4.099999999999999645e+00 1.123481679457649873e+00
4.120000000000000107e+00 1.117723090490201132e+00
4.139999999999999680e+00 1.111993090082219693e+00
4.160000000000000142e+00 1.106291629991251746e+00
4.179999999999999716e+00 1.100618660421959438e+00
4.200000000000000178e+00 1.094974128765459742e+00
4.219999999999999751e+00 1.089357980766806344e+00
4.240000000000000213e+00 1.083770159685969015e+00
4.259999999999999787e+00 1.078210607035511082e+00
4.280000000000000249e+00 1.072679262171624570e+00
4.299999999999999822e+00 1.067176062593549135e+00
4.320000000000000284e+00 1.061700943973348910e+00
4.339999999999999858e+00 1.056253840008549272e+00
4.360000000000000320e+00 1.050834682899151717e+00
4.379999999999999893e+00 1.045443402744973938e+00
4.400000000000000355e+00 1.040079928478589544e+00
4.419999999999999929e+00 1.034744186798893351e+00
4.440000000000000391e+00 1.029436103568417193e+00
4.459999999999999964e+00 1.024155602274614996e+00
4.480000000000000426e+00 1.018902605900313896e+00
4.500000000000000000e+00 1.013677034904116203e+00
4.520000000000000462e+00 1.008478809572539658e+00
4.540000000000000036e+00 1.003307847511008877e+00
4.560000000000000497e+00 9.981640664864068757e-01
4.580000000000000071e+00 9.930473814200877491e-01
4.600000000000000533e+00 9.879577077294046106e-01
4.620000000000000107e+00 9.828949578141564780e-01
4.639999999999999680e+00 9.778590449058913725e-01
4.660000000000000142e+00 9.728498790391705286e-01
4.679999999999999716e+00 9.678673714172335574e-01
4.700000000000000178e+00 9.629114298594699806e-01
4.719999999999999751e+00 9.579819636922790593e-01
4.740000000000000213e+00 9.530788786640798094e-01
4.759999999999999787e+00 9.482020823700122447e-01
4.780000000000000249e+00 9.433514786258296869e-01
4.799999999999999822e+00 9.385269734352964521e-01
4.820000000000000284e+00 9.337284688142793998e-01
4.839999999999999858e+00 9.289558693095105735e-01
4.860000000000000320e+00 9.242090752641891616e-01
4.879999999999999893e+00 9.194879898969910981e-01
4.900000000000000355e+00 9.147925120004612998e-01
4.919999999999999929e+00 9.101225435889981341e-01
4.940000000000000391e+00 9.054779820212738306e-01
4.959999999999999964e+00 9.008587282261398821e-01
4.980000000000000426e+00 8.962646782403007606e-01
5.000000000000000000e+00 8.916957320209072391e-01
5.020000000000000462e+00 8.871517843896888911e-01
5.040000000000000036e+00 8.826327344412190357e-01
5.060000000000000497e+00 8.781384758846748628e-01
5.080000000000000071e+00 8.736689070565963888e-01
5.100000000000000533e+00 8.692239206514281724e-01
5.120000000000000107e+00 8.648034143478054991e-01
5.139999999999999680e+00 8.604072799189825815e-01
5.160000000000000142e+00 8.560354144815395250e-01
5.179999999999999716e+00 8.516877089767801445e-01
5.200000000000000178e+00 8.473640600509488863e-01
5.219999999999999751e+00 8.430643578986525277e-01
5.240000000000000213e+00 8.387884987835322326e-01
5.259999999999999787e+00 8.345363722347209912e-01
5.280000000000000249e+00 8.303078742171308146e-01
5.299999999999999822e+00 8.261028936719440052e-01
5.320000000000000284e+00 8.219213263455031893e-01
5.339999999999999858e+00 8.177630606647945388e-01
5.360000000000000320e+00 8.136279922341755899e-01
5.379999999999999893e+00 8.095160090367379269e-01
5.400000000000000355e+00 8.054270066079712853e-01
5.419999999999999929e+00 8.013608725538787780e-01
5.440000000000000391e+00 7.973175024108697384e-01
5.459999999999999964e+00 7.932967834714621524e-01
5.480000000000000426e+00 7.892986113395578096e-01
5.500000000000000000e+00 7.853228730545308567e-01
5.520000000000000462e+00 7.813694643512610893e-01
5.540000000000000036e+00 7.774382720733417074e-01
5.560000000000000497e+00 7.735291921471397769e-01
5.580000000000000071e+00 7.696421112748126347e-01
5.600000000000000533e+00 7.657769256318379680e-01
5.620000000000000107e+00 7.619335218305333113e-01
5.639999999999999680e+00 7.581117963503709589e-01
5.660000000000000142e+00 7.543116357625967439e-01
5.679999999999999716e+00 7.505329369029057895e-01
5.700000000000000178e+00 7.467755863476981393e-01
5.719999999999999751e+00 7.430394813385643449e-01
5.740000000000000213e+00 7.393245085006883155e-01
5.759999999999999787e+00 7.356305655287725953e-01
5.780000000000000249e+00 7.319575391380480633e-01
5.799999999999999822e+00 7.283053275211957001e-01
5.820000000000000284e+00 7.246738175223524925e-01
5.839999999999999858e+00 7.210629078747722298e-01
5.860000000000000320e+00 7.174724855881756680e-01
5.879999999999999893e+00 7.139024499768176213e-01
5.900000000000000355e+00 7.103526882504510587e-01
5.919999999999999929e+00 7.068231003426620473e-01
5.940000000000000391e+00 7.033135736956832584e-01
5.959999999999999964e+00 6.998240088987688345e-01
5.980000000000000426e+00 6.963542936570029651e-01
6.000000000000000000e+00 6.929043292497177875e-01
6.020000000000000462e+00 6.894740036733899569e-01
6.040000000000000036e+00 6.860632189299895600e-01
6.060000000000000497e+00 6.826718633340134179e-01
6.080000000000000071e+00 6.792998396408731487e-01
6.100000000000000533e+00 6.759470365080046950e-01
6.120000000000000107e+00 6.726133574733735854e-01
6.140000000000000568e+00 6.692986915605273479e-01
6.160000000000000142e+00 6.660029431174547820e-01
6.179999999999999716e+00 6.627260015554307104e-01
6.200000000000000178e+00 6.594677720584021241e-01
6.219999999999999751e+00 6.562281444453421653e-01
6.240000000000000213e+00 6.530070247605916922e-01
6.259999999999999787e+00 6.498043032493949767e-01
6.280000000000000249e+00 6.466198868394992250e-01
6.299999999999999822e+00 6.434536662194602075e-01
6.320000000000000284e+00 6.403055492220843803e-01
6.339999999999999858e+00 6.371754269950002936e-01
6.360000000000000320e+00 6.340632082964142713e-01
6.379999999999999893e+00 6.309687847473900435e-01
6.400000000000000355e+00 6.278920660506359663e-01
6.419999999999999929e+00 6.248329443138209705e-01
6.440000000000000391e+00 6.217913302020662281e-01
6.459999999999999964e+00 6.187671163215415771e-01
6.480000000000000426e+00 6.157602143165475939e-01
6.500000000000000000e+00 6.127705173025667085e-01
6.520000000000000462e+00 6.097979379187628002e-01
6.540000000000000036e+00 6.068423697995544153e-01
6.560000000000000497e+00 6.039037265936136878e-01
6.580000000000000071e+00 6.009819024629402540e-01
6.600000000000000533e+00 5.980768120793744647e-01
6.620000000000000107e+00 5.951883501400432319e-01
6.640000000000000568e+00 5.923164323526662889e-01
6.660000000000000142e+00 5.894609539561600497e-01
6.679999999999999716e+00 5.866218317059314069e-01
6.700000000000000178e+00 5.837989613883344253e-01
6.719999999999999751e+00 5.809922608174226122e-01
6.740000000000000213e+00 5.782016263318278115e-01
6.759999999999999787e+00 5.754269768143873698e-01
6.780000000000000249e+00 5.726682091599241131e-01
6.799999999999999822e+00 5.699252433294212938e-01
6.820000000000000284e+00 5.671979767770688463e-01
6.839999999999999858e+00 5.644863305506201412e-01
6.860000000000000320e+00 5.617902026659579162e-01
6.879999999999999893e+00 5.591095152655228828e-01
6.900000000000000355e+00 5.564441669285533631e-01
6.919999999999999929e+00 5.537940808994329389e-01
6.940000000000000391e+00 5.511591563216305945e-01
6.959999999999999964e+00 5.485393175480824945e-01
6.980000000000000426e+00 5.459344642867711705e-01
7.000000000000000000e+00 5.433445220052055546e-01
7.020000000000000462e+00 5.407693909754299755e-01
7.040000000000000036e+00 5.382089977849758844e-01
7.060000000000000497e+00 5.356632432689643064e-01
7.080000000000000071e+00 5.331320551398508467e-01
7.100000000000000533e+00 5.306153347941848786e-01
7.120000000000000107e+00 5.281130110737417560e-01
7.140000000000000568e+00 5.256249859343637976e-01
7.160000000000000142e+00 5.231511893510597533e-01
7.179999999999999716e+00 5.206915238362135323e-01
7.200000000000000178e+00 5.182459205015179649e-01
7.219999999999999751e+00 5.158142824127267545e-01
7.240000000000000213e+00 5.133965418212372844e-01
7.259999999999999787e+00 5.109926023424241626e-01
7.280000000000000249e+00 5.086023973700047884e-01
7.299999999999999822e+00 5.062258310648436455e-01
7.320000000000000284e+00 5.038628379652082545e-01
7.339999999999999858e+00 5.015133227728088006e-01
7.360000000000000320e+00 4.991772211723303210e-01
7.379999999999999893e+00 4.968544384013368620e-01
7.400000000000000355e+00 4.945449112924577562e-01
7.419999999999999929e+00 4.922485456136392878e-01
7.440000000000000391e+00 4.899652793466717227e-01
7.459999999999999964e+00 4.876950187841064821e-01
7.480000000000000426e+00 4.854377030578079233e-01
7.500000000000000000e+00 4.831932389787156334e-01
7.520000000000000462e+00 4.809615668293976687e-01
7.540000000000000036e+00 4.787425939327131785e-01
7.560000000000000497e+00 4.765362617223038999e-01
7.580000000000000071e+00 4.743424780260450113e-01
7.600000000000000533e+00 4.721611854287807719e-01
7.620000000000000107e+00 4.699922922562960736e-01
7.640000000000000568e+00 4.678357422445432734e-01
7.660000000000000142e+00 4.656914442097001561e-01
7.679999999999999716e+00 4.635593430385233638e-01
7.700000000000000178e+00 4.614393480298947248e-01
7.719999999999999751e+00 4.593314052208635756e-01
7.740000000000000213e+00 4.572354243849643951e-01
7.759999999999999787e+00 4.551513527088646982e-01
7.780000000000000249e+00 4.530791004325287474e-01
7.799999999999999822e+00 4.510186158913955246e-01
7.820000000000000284e+00 4.489698097833084156e-01
7.839999999999999858e+00 4.469326315914780023e-01
7.860000000000000320e+00 4.449069924629425188e-01
7.879999999999999893e+00 4.428928430275475558e-01
7.900000000000000355e+00 4.408900948725257285e-01
7.919999999999999929e+00 4.388986997730967565e-01
7.940000000000000391e+00 4.369185697475786445e-01
7.959999999999999964e+00 4.349496577151901189e-01
7.980000000000000426e+00 4.329918761159289864e-01
8.000000000000000000e+00 4.310451790115369941e-01
8.019999999999999574e+00 4.291094792542042291e-01
8.040000000000000924e+00 4.271847320466246600e-01
8.060000000000000497e+00 4.252708506434172420e-01
8.080000000000000071e+00 4.233677913865807607e-01
8.099999999999999645e+00 4.214754679233337908e-01
8.120000000000000995e+00 4.195938377332568137e-01
8.140000000000000568e+00 4.177228148460830903e-01
8.160000000000000142e+00 4.158623578771954987e-01
8.179999999999999716e+00 4.140123812287050398e-01
8.199999999999999289e+00 4.121728446499627330e-01
8.220000000000000639e+00 4.103436629050851714e-01
8.240000000000000213e+00 4.085247968755182923e-01
8.259999999999999787e+00 4.067161616769716659e-01
8.279999999999999361e+00 4.049177193210787840e-01
8.300000000000000711e+00 4.031293852645070896e-01
8.320000000000000284e+00 4.013511226471475624e-01
8.339999999999999858e+00 3.995828472559658784e-01
8.359999999999999432e+00 3.978245233571574002e-01
8.380000000000000782e+00 3.960760670571314979e-01
8.400000000000000355e+00 3.943374437464181592e-01
8.419999999999999929e+00 3.926085698399985890e-01
8.439999999999999503e+00 3.908894118507715842e-01
8.460000000000000853e+00 3.891798864912182632e-01
8.480000000000000426e+00 3.874799613946413590e-01
8.500000000000000000e+00 3.857895535599631942e-01
8.519999999999999574e+00 3.841086317389360572e-01
8.540000000000000924e+00 3.824371132056657019e-01
8.560000000000000497e+00 3.807749678284158001e-01
8.580000000000000071e+00 3.791221131452457427e-01
8.599999999999999645e+00 3.774785201390060130e-01
8.620000000000000995e+00 3.758441066002982667e-01
8.640000000000000568e+00 3.742188446246649258e-01
8.660000000000000142e+00 3.726026522438692923e-01
8.679999999999999716e+00 3.709955026642875464e-01
8.700000000000001066e+00 3.693973141472842170e-01
8.720000000000000639e+00 3.678080610082442026e-01
8.740000000000000213e+00 3.662276617266213563e-01
8.759999999999999787e+00 3.646560917250211697e-01
8.779999999999999361e+00 3.630932696893094391e-01
8.800000000000000711e+00 3.615391721475719189e-01
8.820000000000000284e+00 3.599937179804557075e-01
8.839999999999999858e+00 3.584568848198441682e-01
8.859999999999999432e+00 3.569285917293702481e-01
8.880000000000000782e+00 3.554088174430803382e-01
8.900000000000000355e+00 3.538974811958686684e-01
8.919999999999999929e+00 3.523945628223574822e-01
8.939999999999999503e+00 3.508999817168207414e-01
8.960000000000000853e+00 3.494137188129437521e-01
8.980000000000000426e+00 3.479356936525621613e-01
9.000000000000000000e+00 3.464658882669740536e-01
9.019999999999999574e+00 3.450042223336031721e-01
9.040000000000000924e+00 3.435506789799793181e-01
9.060000000000000497e+00 3.421051780072280613e-01
9.080000000000000071e+00 3.406677036377852019e-01
9.099999999999999645e+00 3.392381757844489254e-01
9.120000000000000995e+00 3.378165797633160272e-01
9.140000000000000568e+00 3.364028355869044251e-01
9.160000000000000142e+00 3.349969296638146132e-01
9.179999999999999716e+00 3.335987820941693771e-01
9.200000000000001066e+00 3.322083803779924960e-01
9.220000000000000639e+00 3.308256446910217141e-01
9.240000000000000213e+00 3.294505636236723656e-01
9.259999999999999787e+00 3.280830574151562540e-01
9.279999999999999361e+00 3.267231157453556745e-01
9.300000000000000711e+00 3.253706589049091824e-01
9.320000000000000284e+00 3.240256776623284263e-01
9.339999999999999858e+00 3.226880923474835794e-01
9.359999999999999432e+00 3.213578948167589711e-01
9.380000000000000782e+00 3.200350054271844935e-01
9.400000000000000355e+00 3.187194171223236561e-01
9.419999999999999929e+00 3.174110502741633866e-01
9.439999999999999503e+00 3.161098989128735548e-01
9.460000000000000853e+00 3.148158834132723793e-01
9.480000000000000426e+00 3.135289988916463155e-01
9.500000000000000000e+00 3.122491657134101595e-01
9.519999999999999574e+00 3.109763800805525613e-01
9.540000000000000924e+00 3.097105623369750260e-01
9.560000000000000497e+00 3.084517097700366639e-01
9.580000000000000071e+00 3.071997426898839256e-01
9.599999999999999645e+00 3.059546594690243926e-01
9.620000000000000995e+00 3.047163803717098385e-01
