0.000000000000000000e+00 7.999616442663251448e+00
1.499999999999999944e-02 7.807668019459649500e+00
2.999999999999999889e-02 7.614835463118692083e+00
4.499999999999999833e-02 7.421581954151735161e+00
5.999999999999999778e-02 7.228569907128553851e+00
7.499999999999999722e-02 7.036443898473940806e+00
8.999999999999999667e-02 6.845811470482923156e+00
1.049999999999999961e-01 6.657224556687647343e+00
1.199999999999999956e-01 6.471180865651367853e+00
1.350000000000000089e-01 6.288117885880343039e+00
1.499999999999999944e-01 6.108414299979597395e+00
1.649999999999999800e-01 5.932389656424442492e+00
1.799999999999999933e-01 5.760306681370098048e+00
1.950000000000000067e-01 5.592374497687693236e+00
2.099999999999999922e-01 5.428751885338357397e+00
2.249999999999999778e-01 5.269552499737310214e+00
2.399999999999999911e-01 5.114848231428216430e+00
2.550000000000000044e-01 4.964675321872159763e+00
2.700000000000000178e-01 4.819037422373701141e+00
2.849999999999999756e-01 4.677911821850343266e+00
2.999999999999999889e-01 4.541251707417076844e+00
3.150000000000000022e-01 4.408992072498537418e+00
3.299999999999999600e-01 4.281051120636350404e+00
3.449999999999999734e-01 4.157335643615724941e+00
3.599999999999999867e-01 4.037741477275982760e+00
3.750000000000000000e-01 3.922158314991405881e+00
3.900000000000000133e-01 3.810469373359629763e+00
4.049999999999999711e-01 3.702555682504550916e+00
4.199999999999999845e-01 3.598295031955699219e+00
4.349999999999999978e-01 3.497565827099510916e+00
4.499999999999999556e-01 3.400245506476930579e+00
4.649999999999999689e-01 3.306214054039616101e+00
4.799999999999999822e-01 3.215351972206957232e+00
4.949999999999999956e-01 3.127543537190056622e+00
5.100000000000000089e-01 3.042674478713909281e+00
5.250000000000000222e-01 2.960635045882388905e+00
5.400000000000000355e-01 2.881317448582518814e+00
5.549999999999999378e-01 2.804618789153303204e+00
5.699999999999999512e-01 2.730438368839194219e+00
5.849999999999999645e-01 2.658680522516281286e+00
5.999999999999999778e-01 2.589251816440934384e+00
6.149999999999999911e-01 2.522063813883686834e+00
6.300000000000000044e-01 2.457030232563315764e+00
6.450000000000000178e-01 2.394069657158885089e+00
6.599999999999999201e-01 2.333102664040155538e+00
6.749999999999999334e-01 2.274054491540002498e+00
6.899999999999999467e-01 2.216852178315797950e+00
7.049999999999999600e-01 2.161427195392782608e+00
7.199999999999999734e-01 2.107712595658887356e+00
7.349999999999999867e-01 2.055645609644480842e+00
7.500000000000000000e-01 2.005164839302564506e+00
7.650000000000000133e-01 1.956212815781890102e+00
7.800000000000000266e-01 1.908733230132765302e+00
7.949999999999999289e-01 1.862673450987794910e+00
8.099999999999999423e-01 1.817981817451095328e+00
8.249999999999999556e-01 1.774610112688933983e+00
8.399999999999999689e-01 1.732510909576377101e+00
8.549999999999999822e-01 1.691639996679092039e+00
8.699999999999999956e-01 1.651953796992109424e+00
8.850000000000000089e-01 1.613411741849657632e+00
8.999999999999999112e-01 1.575973752613276213e+00
9.149999999999999245e-01 1.539602558857747550e+00
9.299999999999999378e-01 1.504261260063014749e+00
9.449999999999999512e-01 1.469915583985730523e+00
9.599999999999999645e-01 1.436531518083454806e+00
9.749999999999999778e-01 1.404077504877650151e+00
9.899999999999999911e-01 1.372522157808117704e+00
1.004999999999999893e+00 1.341836390213376973e+00
1.020000000000000018e+00 1.311991205433737484e+00
1.034999999999999920e+00 1.282959756901496329e+00
1.050000000000000044e+00 1.254715225378931542e+00
1.064999999999999947e+00 1.227232807599213160e+00
1.080000000000000071e+00 1.200487670602259360e+00
1.094999999999999973e+00 1.174456867156449258e+00
1.109999999999999876e+00 1.149117378613482288e+00
1.125000000000000000e+00 1.124447955349272998e+00
1.139999999999999902e+00 1.100427238236654226e+00
1.155000000000000027e+00 1.077035523040542397e+00
1.169999999999999929e+00 1.054252970706493375e+00
1.185000000000000053e+00 1.032061294677242502e+00
1.199999999999999956e+00 1.010442050206191267e+00
1.214999999999999858e+00 9.893782441662929417e-01
1.229999999999999982e+00 9.688527125484007740e-01
1.244999999999999885e+00 9.488496523700712393e-01
1.260000000000000009e+00 9.293530776547235250e-01
1.274999999999999911e+00 9.103482735647498991e-01
1.290000000000000036e+00 8.918203391354895260e-01
1.304999999999999938e+00 8.737555637880877191e-01
1.319999999999999840e+00 8.561400471865220352e-01
1.334999999999999964e+00 8.389609987234568633e-01
1.349999999999999867e+00 8.222054420194995217e-01
1.364999999999999991e+00 8.058614379956756668e-01
1.379999999999999893e+00 7.899168644502416736e-01
1.395000000000000018e+00 7.743605636986022889e-01
1.409999999999999920e+00 7.591812041080335804e-01
1.425000000000000044e+00 7.443683532931713032e-01
1.439999999999999947e+00 7.299114121137938449e-01
1.454999999999999849e+00 7.158006147186127821e-01
1.469999999999999973e+00 7.020260413515334585e-01
1.484999999999999876e+00 6.885785465300842123e-01
1.500000000000000000e+00 6.754488412433906630e-01
1.514999999999999902e+00 6.626283508010288870e-01
1.530000000000000027e+00 6.501083723264461378e-01
1.544999999999999929e+00 6.378808637921932201e-01
1.560000000000000053e+00 6.259376674818705188e-01
1.574999999999999956e+00 6.142712319287078060e-01
1.589999999999999858e+00 6.028739068916482147e-01
1.604999999999999982e+00 5.917385998819817416e-01
1.619999999999999885e+00 5.808581334297470145e-01
1.635000000000000009e+00 5.702258380418226968e-01
1.649999999999999911e+00 5.598349770205874876e-01
1.665000000000000036e+00 5.496792776533555580e-01
1.679999999999999938e+00 5.397524144761652876e-01
1.694999999999999840e+00 5.300484806163177076e-01
1.709999999999999964e+00 5.205615345454936982e-01
1.724999999999999867e+00 5.112860134439889404e-01
1.739999999999999991e+00 5.022163344653005623e-01
1.754999999999999893e+00 4.933472520805790018e-01
1.770000000000000018e+00 4.846735187391717492e-01
1.784999999999999920e+00 4.761901880905107798e-01
1.799999999999999822e+00 4.678923262031705610e-01
1.814999999999999947e+00 4.597752626238099660e-01
1.829999999999999849e+00 4.518343569301506712e-01
1.844999999999999973e+00 4.440651995188097945e-01
1.859999999999999876e+00 4.364634248042749132e-01
1.875000000000000000e+00 4.290248636662183923e-01
1.889999999999999902e+00 4.217454080047063902e-01
1.905000000000000027e+00 4.146211167048456936e-01
1.919999999999999929e+00 4.076481230167927627e-01
1.934999999999999831e+00 4.008226959141268919e-01
1.949999999999999956e+00 3.941411949815828986e-01
1.964999999999999858e+00 3.876000889672766569e-01
1.979999999999999982e+00 3.811959498079965369e-01
1.994999999999999885e+00 3.749254301768136788e-01
2.009999999999999787e+00 3.687853013338649455e-01
2.024999999999999911e+00 3.627723913924293941e-01
2.040000000000000036e+00 3.568836587889403500e-01
2.054999999999999716e+00 3.511160929774615469e-01
2.069999999999999840e+00 3.454668282394361412e-01
2.084999999999999964e+00 3.399330084370177363e-01
2.100000000000000089e+00 3.345119331209011615e-01
2.114999999999999769e+00 3.292008879475761818e-01
2.129999999999999893e+00 3.239973278616231078e-01
2.145000000000000018e+00 3.188986747025081558e-01
2.160000000000000142e+00 3.139025295831913698e-01
2.174999999999999822e+00 3.090064391763515106e-01
2.189999999999999947e+00 3.042081421413070919e-01
2.205000000000000071e+00 2.995053055009616605e-01
2.219999999999999751e+00 2.948957973998527771e-01
2.234999999999999876e+00 2.903773949386991293e-01
2.250000000000000000e+00 2.859480882078061503e-01
2.265000000000000124e+00 2.816057608691109881e-01
2.279999999999999805e+00 2.773485179048685856e-01
2.294999999999999929e+00 2.731743401853545805e-01
2.310000000000000053e+00 2.690814409833296450e-01
2.324999999999999734e+00 2.650678956907184802e-01
2.339999999999999858e+00 2.611320196911012248e-01
2.354999999999999982e+00 2.572719743306917661e-01
2.370000000000000107e+00 2.534861713176141951e-01
2.384999999999999787e+00 2.497728559802760151e-01
2.399999999999999911e+00 2.461305309323938151e-01
2.415000000000000036e+00 2.425575175885144319e-01
2.429999999999999716e+00 2.390524043921444242e-01
2.444999999999999840e+00 2.356135874886980119e-01
2.459999999999999964e+00 2.322397363964711914e-01
2.475000000000000089e+00 2.289293146693048009e-01
2.489999999999999769e+00 2.256810684453775528e-01
2.504999999999999893e+00 2.224935278655171267e-01
2.520000000000000018e+00 2.193655115138585243e-01
2.534999999999999698e+00 2.162956092854972368e-01
2.549999999999999822e+00 2.132827082998247636e-01
2.564999999999999947e+00 2.103254578478269132e-01
2.580000000000000071e+00 2.074228099202285458e-01
2.594999999999999751e+00 2.045734667886476010e-01
2.609999999999999876e+00 2.017764418827429629e-01
2.625000000000000000e+00 1.990304904991035684e-01
2.639999999999999680e+00 1.963346842913259727e-01
2.654999999999999805e+00 1.936878255206345989e-01
2.669999999999999929e+00 1.910890410538331752e-01
2.685000000000000053e+00 1.885371805121863753e-01
2.699999999999999734e+00 1.860314231570867061e-01
2.714999999999999858e+00 1.835706602101186413e-01
2.729999999999999982e+00 1.811541206894548284e-01
2.745000000000000107e+00 1.787807381191913458e-01
2.759999999999999787e+00 1.764497888068206066e-01
2.774999999999999911e+00 1.741602430724536466e-01
2.790000000000000036e+00 1.719114222060580677e-01
2.804999999999999716e+00 1.697023342946634428e-01
2.819999999999999840e+00 1.675323434554859547e-01
2.834999999999999964e+00 1.654004902476502725e-01
2.850000000000000089e+00 1.633061796036479052e-01
2.864999999999999769e+00 1.612484857614957523e-01
2.879999999999999893e+00 1.592268525925044087e-01
2.895000000000000018e+00 1.572403828937805892e-01
2.909999999999999698e+00 1.552885577273373230e-01
2.924999999999999822e+00 1.533705098636873321e-01
2.939999999999999947e+00 1.514857559291274691e-01
2.955000000000000071e+00 1.496334536902824974e-01
2.969999999999999751e+00 1.478131538269008838e-01
2.984999999999999876e+00 1.460240406988941309e-01
3.000000000000000000e+00 1.442656976385345846e-01
3.014999999999999680e+00 1.425373307351563146e-01
3.029999999999999805e+00 1.408385546773059382e-01
3.044999999999999929e+00 1.391685990423011665e-01
3.060000000000000053e+00 1.375271086786010177e-01
3.074999999999999734e+00 1.359133318748546315e-01
3.089999999999999858e+00 1.343269425385393567e-01
3.104999999999999982e+00 1.327672095707145561e-01
3.120000000000000107e+00 1.312338349284152272e-01
3.134999999999999787e+00 1.297261034118290246e-01
3.149999999999999911e+00 1.282437441058179306e-01
3.165000000000000036e+00 1.267860597366226583e-01
3.179999999999999716e+00 1.253528056795943368e-01
3.194999999999999840e+00 1.239432979151994935e-01
3.209999999999999964e+00 1.225573173532876342e-01
3.225000000000000089e+00 1.211941953664509020e-01
3.239999999999999769e+00 1.198537377216635225e-01
3.254999999999999893e+00 1.185352865328642979e-01
3.270000000000000018e+00 1.172386718229717351e-01
3.284999999999999698e+00 1.159632486827317649e-01
3.299999999999999822e+00 1.147088708638461518e-01
3.314999999999999947e+00 1.134749017849254610e-01
3.330000000000000071e+00 1.122612184714188027e-01
3.344999999999999751e+00 1.110671949905803757e-01
3.359999999999999876e+00 1.098927312570858739e-01
3.375000000000000000e+00 1.087372073213732082e-01
3.389999999999999680e+00 1.076005456719580089e-01
3.404999999999999805e+00 1.064821347371773530e-01
3.419999999999999929e+00 1.053819193320032210e-01
3.435000000000000053e+00 1.042992915629111783e-01
3.449999999999999734e+00 1.032342183910926608e-01
3.464999999999999858e+00 1.021860980590505591e-01
