# Electrodo circular de radio 6 mm y espesor 710.0 um.
# Volumen de simulacion (convencion z,y,x):
# N: 1024 x 1024 x 1024 | voxelSize:  0.02mm x 0.02mm x 0.02mm | FOV:  20.48mm x 20.48mm x 20.48mm
# 
# z [mm]		 delta[ppm]
0.000000000000000000e+00 2.419735533681397932e+00
2.000000000000000042e-02 2.417059993817366692e+00
4.000000000000000083e-02 2.414303587328790357e+00
5.999999999999999778e-02 2.411466778347534312e+00
8.000000000000000167e-02 2.408550072540221798e+00
1.000000000000000056e-01 2.405553997630439422e+00
1.199999999999999956e-01 2.402479089135586499e+00
1.400000000000000133e-01 2.399325897733584512e+00
1.600000000000000033e-01 2.396094983592236272e+00
1.799999999999999933e-01 2.392786921036366365e+00
2.000000000000000111e-01 2.389402293851409897e+00
2.200000000000000011e-01 2.385941699541070715e+00
2.399999999999999911e-01 2.382405744523199864e+00
2.600000000000000089e-01 2.378795048503336229e+00
2.800000000000000266e-01 2.375110239532869372e+00
2.999999999999999889e-01 2.371351958533646442e+00
3.200000000000000067e-01 2.367520854171932587e+00
3.400000000000000244e-01 2.363617587555600252e+00
3.599999999999999867e-01 2.359642826927713877e+00
3.800000000000000044e-01 2.355597252539343156e+00
4.000000000000000222e-01 2.351481551154856131e+00
4.199999999999999845e-01 2.347296421104090758e+00
4.400000000000000022e-01 2.343042566602315357e+00
4.600000000000000200e-01 2.338720702981639921e+00
4.799999999999999822e-01 2.334331550825647472e+00
5.000000000000000000e-01 2.329875841379823953e+00
5.200000000000000178e-01 2.325354310504028188e+00
5.400000000000000355e-01 2.320767704260483288e+00
5.600000000000000533e-01 2.316116772686628078e+00
5.799999999999999600e-01 2.311402275559040653e+00
5.999999999999999778e-01 2.306624975990109849e+00
6.199999999999999956e-01 2.301785646365754001e+00
6.400000000000000133e-01 2.296885061769486480e+00
6.600000000000000311e-01 2.291924006091565769e+00
6.800000000000000488e-01 2.286903265284236930e+00
7.000000000000000666e-01 2.281823633639643134e+00
7.199999999999999734e-01 2.276685906880377086e+00
7.399999999999999911e-01 2.271490888603330038e+00
7.600000000000000089e-01 2.266239383209567304e+00
7.800000000000000266e-01 2.260932202511083400e+00
8.000000000000000444e-01 2.255570158504462963e+00
8.200000000000000622e-01 2.250154070137345474e+00
8.399999999999999689e-01 2.244684755930116626e+00
8.599999999999999867e-01 2.239163040898713319e+00
8.800000000000000044e-01 2.233589749029064375e+00
9.000000000000000222e-01 2.227965710352683093e+00
9.200000000000000400e-01 2.222291753278322624e+00
9.400000000000000577e-01 2.216568711816705228e+00
9.599999999999999645e-01 2.210797417774244433e+00
9.799999999999999822e-01 2.204978708123094489e+00
1.000000000000000000e+00 2.199113417061602238e+00
1.020000000000000018e+00 2.193202383525700405e+00
1.040000000000000036e+00 2.187246443121112716e+00
1.060000000000000053e+00 2.181246435772015158e+00
1.080000000000000071e+00 2.175203197529788302e+00
1.100000000000000089e+00 2.169117568354708148e+00
1.120000000000000107e+00 2.162990383806426387e+00
1.140000000000000124e+00 2.156822482954313447e+00
1.159999999999999920e+00 2.150614699954630726e+00
1.179999999999999938e+00 2.144367872085025883e+00
1.199999999999999956e+00 2.138082831213695023e+00
1.219999999999999973e+00 2.131760411953403267e+00
1.239999999999999991e+00 2.125401443027723491e+00
1.260000000000000009e+00 2.119006755539853071e+00
1.280000000000000027e+00 2.112577174241331512e+00
1.300000000000000044e+00 2.106113525910756401e+00
1.320000000000000062e+00 2.099616630530244610e+00
1.340000000000000080e+00 2.093087309769043891e+00
1.360000000000000098e+00 2.086526378073248811e+00
1.380000000000000115e+00 2.079934651249192079e+00
1.400000000000000133e+00 2.073312937471782025e+00
1.419999999999999929e+00 2.066662045962450733e+00
1.439999999999999947e+00 2.059982777921732122e+00
1.459999999999999964e+00 2.053275935296408949e+00
1.479999999999999982e+00 2.046542311641831535e+00
1.500000000000000000e+00 2.039782700972810670e+00
1.520000000000000018e+00 2.032997888561413724e+00
1.540000000000000036e+00 2.026188659865997721e+00
1.560000000000000053e+00 2.019355791270117439e+00
1.580000000000000071e+00 2.012500059084050275e+00
1.600000000000000089e+00 2.005622230230611258e+00
1.620000000000000107e+00 1.998723071313391442e+00
1.640000000000000124e+00 1.991803339255236338e+00
1.660000000000000142e+00 1.984863790427300767e+00
1.679999999999999938e+00 1.977905171246119975e+00
1.699999999999999956e+00 1.970928227357507501e+00
1.719999999999999973e+00 1.963933694198072510e+00
1.739999999999999991e+00 1.956922306227883324e+00
1.760000000000000009e+00 1.949894787462463919e+00
1.780000000000000027e+00 1.942851860748033399e+00
1.800000000000000044e+00 1.935794238269977541e+00
1.820000000000000062e+00 1.928722630864394105e+00
1.840000000000000080e+00 1.921637738509176740e+00
1.860000000000000098e+00 1.914540259665503896e+00
1.880000000000000115e+00 1.907430881757621544e+00
1.900000000000000133e+00 1.900310290537861935e+00
1.919999999999999929e+00 1.893179160561334173e+00
1.939999999999999947e+00 1.886038164567958475e+00
1.959999999999999964e+00 1.878887963958288720e+00
1.979999999999999982e+00 1.871729218185930632e+00
2.000000000000000000e+00 1.864562575240845899e+00
2.020000000000000018e+00 1.857388681045490486e+00
2.040000000000000036e+00 1.850208169951895742e+00
2.060000000000000053e+00 1.843021674134786680e+00
2.080000000000000071e+00 1.835829814108867808e+00
2.100000000000000089e+00 1.828633208112100395e+00
2.120000000000000107e+00 1.821432462649633655e+00
2.140000000000000124e+00 1.814228181860330302e+00
2.160000000000000142e+00 1.807020958093886076e+00
2.180000000000000160e+00 1.799811381253643816e+00
2.200000000000000178e+00 1.792600029413436991e+00
2.220000000000000195e+00 1.785387478129667915e+00
2.240000000000000213e+00 1.778174291104522187e+00
2.260000000000000231e+00 1.770961029460214720e+00
2.280000000000000249e+00 1.763748242455214887e+00
2.300000000000000266e+00 1.756536476713520534e+00
2.319999999999999840e+00 1.749326267000636648e+00
2.339999999999999858e+00 1.742118145400667339e+00
2.359999999999999876e+00 1.734912632158800205e+00
2.379999999999999893e+00 1.727710244798956962e+00
2.399999999999999911e+00 1.720511489039620701e+00
2.419999999999999929e+00 1.713316867844729474e+00
2.439999999999999947e+00 1.706126872419713836e+00
2.459999999999999964e+00 1.698941991188252176e+00
2.479999999999999982e+00 1.691762700875461656e+00
2.500000000000000000e+00 1.684589475403112324e+00
2.520000000000000018e+00 1.677422777066916559e+00
2.540000000000000036e+00 1.670263065342739051e+00
2.560000000000000053e+00 1.663110788165032883e+00
2.580000000000000071e+00 1.655966390636530505e+00
2.600000000000000089e+00 1.648830306414875047e+00
2.620000000000000107e+00 1.641702966318250745e+00
2.640000000000000124e+00 1.634584789827347562e+00
2.660000000000000142e+00 1.627476193579322938e+00
2.680000000000000160e+00 1.620377582992265753e+00
2.700000000000000178e+00 1.613289360639852843e+00
2.720000000000000195e+00 1.606211918005530981e+00
2.740000000000000213e+00 1.599145643730194966e+00
2.760000000000000231e+00 1.592090915503351134e+00
2.780000000000000249e+00 1.585048108176099646e+00
2.800000000000000266e+00 1.578017585796585021e+00
2.819999999999999840e+00 1.570999709580547243e+00
2.839999999999999858e+00 1.563994830098400568e+00
2.859999999999999876e+00 1.557003295095573669e+00
2.879999999999999893e+00 1.550025441838614793e+00
2.899999999999999911e+00 1.543061604777502316e+00
2.919999999999999929e+00 1.536112108058236059e+00
2.939999999999999947e+00 1.529177273019233896e+00
2.959999999999999964e+00 1.522257410877912109e+00
2.979999999999999982e+00 1.515352830053303235e+00
3.000000000000000000e+00 1.508463829034134340e+00
3.020000000000000018e+00 1.501590703519760872e+00
3.040000000000000036e+00 1.494733739477309475e+00
3.060000000000000053e+00 1.487893220092987523e+00
3.080000000000000071e+00 1.481069419025912604e+00
3.100000000000000089e+00 1.474262607161815453e+00
3.120000000000000107e+00 1.467473046071207987e+00
3.140000000000000124e+00 1.460700994557494914e+00
3.160000000000000142e+00 1.453946702327172824e+00
3.180000000000000160e+00 1.447210416324303361e+00
3.200000000000000178e+00 1.440492374620492066e+00
3.220000000000000195e+00 1.433792812527697524e+00
3.240000000000000213e+00 1.427111956715716223e+00
3.260000000000000231e+00 1.420450031095257470e+00
3.280000000000000249e+00 1.413807251170777990e+00
3.300000000000000266e+00 1.407183829685701326e+00
3.320000000000000284e+00 1.400579971218439468e+00
3.339999999999999858e+00 1.393995877581638565e+00
3.359999999999999876e+00 1.387431742669271495e+00
3.379999999999999893e+00 1.380887757601763077e+00
3.399999999999999911e+00 1.374364105832083904e+00
3.419999999999999929e+00 1.367860968028554058e+00
3.439999999999999947e+00 1.361378517447894065e+00
3.459999999999999964e+00 1.354916924547560297e+00
3.479999999999999982e+00 1.348476352633700914e+00
3.500000000000000000e+00 1.342056962194785985e+00
3.520000000000000018e+00 1.335658906832531079e+00
3.540000000000000036e+00 1.329282337308594464e+00
3.560000000000000053e+00 1.322927397766489932e+00
3.580000000000000071e+00 1.316594229483070144e+00
3.600000000000000089e+00 1.310282967389570619e+00
3.620000000000000107e+00 1.303993743519599846e+00
3.640000000000000124e+00 1.297726683837382655e+00
3.660000000000000142e+00 1.291481911373982383e+00
3.680000000000000160e+00 1.285259543370916857e+00
3.700000000000000178e+00 1.279059694096259303e+00
3.720000000000000195e+00 1.272882472311821500e+00
3.740000000000000213e+00 1.266727983760793652e+00
3.760000000000000231e+00 1.260596328966701929e+00
3.780000000000000249e+00 1.254487605384239979e+00
3.800000000000000266e+00 1.248401905538226275e+00
3.820000000000000284e+00 1.242339318829231543e+00
3.839999999999999858e+00 1.236299930020851034e+00
3.859999999999999876e+00 1.230283820691710384e+00
3.879999999999999893e+00 1.224291068079332856e+00
3.899999999999999911e+00 1.218321746170099251e+00
3.919999999999999929e+00 1.212375924908075886e+00
3.939999999999999947e+00 1.206453670914474641e+00
3.959999999999999964e+00 1.200555047069784775e+00
3.979999999999999982e+00 1.194680112854258347e+00
4.000000000000000000e+00 1.188828924311784663e+00
4.020000000000000462e+00 1.183001534002885879e+00
4.040000000000000036e+00 1.177197991358734042e+00
4.060000000000000497e+00 1.171418342238170984e+00
4.080000000000000071e+00 1.165662629680323414e+00
4.099999999999999645e+00 1.159930893057124823e+00
4.120000000000000107e+00 1.154223169232977630e+00
4.139999999999999680e+00 1.148539491304209736e+00
4.160000000000000142e+00 1.142879890174354207e+00
4.179999999999999716e+00 1.137244392871943566e+00
4.200000000000000178e+00 1.131633024549906441e+00
4.219999999999999751e+00 1.126045806373114688e+00
4.240000000000000213e+00 1.120482757950507002e+00
4.259999999999999787e+00 1.114943894783744671e+00
4.280000000000000249e+00 1.109429231140621530e+00
4.299999999999999822e+00 1.103938777056205023e+00
4.320000000000000284e+00 1.098472541656194235e+00
4.339999999999999858e+00 1.093030529701838338e+00
4.360000000000000320e+00 1.087612745371910661e+00
4.379999999999999893e+00 1.082219188342695482e+00
4.400000000000000355e+00 1.076849858037273844e+00
4.419999999999999929e+00 1.071504749231887876e+00
4.440000000000000391e+00 1.066183856781200756e+00
4.459999999999999964e+00 1.060887170742304653e+00
4.480000000000000426e+00 1.055614681584755798e+00
4.500000000000000000e+00 1.050366374823394233e+00
4.520000000000000462e+00 1.045142236721938289e+00
4.540000000000000036e+00 1.039942248425843596e+00
4.560000000000000497e+00 1.034766392168250393e+00
4.580000000000000071e+00 1.029614644894057518e+00
4.600000000000000533e+00 1.024486984977055481e+00
4.620000000000000107e+00 1.019383385326350089e+00
4.639999999999999680e+00 1.014303820623589480e+00
4.660000000000000142e+00 1.009248259902841394e+00
4.679999999999999716e+00 1.004216674316791957e+00
4.700000000000000178e+00 9.992090291811678293e-01
4.719999999999999751e+00 9.942252922788823444e-01
4.740000000000000213e+00 9.892654253600328129e-01
4.759999999999999787e+00 9.843293929929527453e-01
4.780000000000000249e+00 9.794171535108088245e-01
4.799999999999999822e+00 9.745286684185955339e-01
4.820000000000000284e+00 9.696638927773150174e-01
4.839999999999999858e+00 9.648227851759281215e-01
4.860000000000000320e+00 9.600052975440871439e-01
4.879999999999999893e+00 9.552113856981312434e-01
4.900000000000000355e+00 9.504409985732991117e-01
4.919999999999999929e+00 9.456940893528722469e-01
4.940000000000000391e+00 9.409706041107379626e-01
4.959999999999999964e+00 9.362704935328620692e-01
4.980000000000000426e+00 9.315937009610574249e-01
5.000000000000000000e+00 9.269401747159475846e-01
5.020000000000000462e+00 9.223098555327619019e-01
5.040000000000000036e+00 9.177026894950409686e-01
5.060000000000000497e+00 9.131186148532258740e-01
5.080000000000000071e+00 9.085575755783570351e-01
5.100000000000000533e+00 9.040195075542033498e-01
5.120000000000000107e+00 8.995043527602831768e-01
5.139999999999999680e+00 8.950120448282130603e-01
5.160000000000000142e+00 8.905425238633994933e-01
5.179999999999999716e+00 8.860957213562666857e-01
5.200000000000000178e+00 8.816715756520209224e-01
5.219999999999999751e+00 8.772700162073757690e-01
5.240000000000000213e+00 8.728909797178100449e-01
5.259999999999999787e+00 8.685343937103511269e-01
5.280000000000000249e+00 8.642001933378368195e-01
5.299999999999999822e+00 8.598883042982936598e-01
5.320000000000000284e+00 8.555986603056867645e-01
5.339999999999999858e+00 8.513311853263871853e-01
5.360000000000000320e+00 8.470858117360143824e-01
5.379999999999999893e+00 8.428624618633966392e-01
5.400000000000000355e+00 8.386610668431347948e-01
5.419999999999999929e+00 8.344815474574357461e-01
5.440000000000000391e+00 8.303238336940849118e-01
5.459999999999999964e+00 8.261878448764932159e-01
5.480000000000000426e+00 8.220735099367713072e-01
5.500000000000000000e+00 8.179807468242845658e-01
5.520000000000000462e+00 8.139094835036244646e-01
5.540000000000000036e+00 8.098596366318859818e-01
5.560000000000000497e+00 8.058311332913703495e-01
5.580000000000000071e+00 8.018238889257524038e-01
5.600000000000000533e+00 7.978378298173963712e-01
5.620000000000000107e+00 7.938728702725691422e-01
5.639999999999999680e+00 7.899289358532726180e-01
5.660000000000000142e+00 7.860059398015628584e-01
5.679999999999999716e+00 7.821038070359284111e-01
5.700000000000000178e+00 7.782224498047014549e-01
5.719999999999999751e+00 7.743617924570384004e-01
5.740000000000000213e+00 7.705217463153803958e-01
5.759999999999999787e+00 7.667022352311362310e-01
5.780000000000000249e+00 7.629031696660885098e-01
5.799999999999999822e+00 7.591244730429608234e-01
5.820000000000000284e+00 7.553660550255862915e-01
5.839999999999999858e+00 7.516278386745932627e-01
5.860000000000000320e+00 7.479097329161059626e-01
5.879999999999999893e+00 7.442116605128551443e-01
5.900000000000000355e+00 7.405335297110979820e-01
5.919999999999999929e+00 7.368752630375177137e-01
5.940000000000000391e+00 7.332367681140127269e-01
5.959999999999999964e+00 7.296179672908085223e-01
5.980000000000000426e+00 7.260187676186613537e-01
6.000000000000000000e+00 7.224390913287132010e-01
6.020000000000000462e+00 7.188788449515975953e-01
6.040000000000000036e+00 7.153379506545906041e-01
6.060000000000000497e+00 7.118163144970607314e-01
6.080000000000000071e+00 7.083138586355577360e-01
6.100000000000000533e+00 7.048304887049380296e-01
6.120000000000000107e+00 7.013661269021389533e-01
6.140000000000000568e+00 6.979206784822342691e-01
6.160000000000000142e+00 6.944940657316759358e-01
6.179999999999999716e+00 6.910861935685048696e-01
6.200000000000000178e+00 6.876969844159221967e-01
6.219999999999999751e+00 6.843263428957476746e-01
6.240000000000000213e+00 6.809741916133009720e-01
6.259999999999999787e+00 6.776404349331535126e-01
6.280000000000000249e+00 6.743249956863160977e-01
6.299999999999999822e+00 6.710277780172431150e-01
6.320000000000000284e+00 6.677487050244690359e-01
6.339999999999999858e+00 6.644876806677282310e-01
6.360000000000000320e+00 6.612446283532158464e-01
6.379999999999999893e+00 6.580194518896262945e-01
6.400000000000000355e+00 6.548120750293199288e-01
6.419999999999999929e+00 6.516224014619790283e-01
6.440000000000000391e+00 6.484503553230509532e-01
6.459999999999999964e+00 6.452958402136300675e-01
6.480000000000000426e+00 6.421587806876343230e-01
6.500000000000000000e+00 6.390390802864450714e-01
6.520000000000000462e+00 6.359366640163541806e-01
6.540000000000000036e+00 6.328514353863888831e-01
6.560000000000000497e+00 6.297833198876782168e-01
6.580000000000000071e+00 6.267322210228103430e-01
6.600000000000000533e+00 6.236980647988351611e-01
6.620000000000000107e+00 6.206807547363865085e-01
6.640000000000000568e+00 6.176802173881711377e-01
6.660000000000000142e+00 6.146963563160064981e-01
6.679999999999999716e+00 6.117290986466932257e-01
6.700000000000000178e+00 6.087783480050314999e-01
6.719999999999999751e+00 6.058440321191095324e-01
6.740000000000000213e+00 6.029260546972387003e-01
6.759999999999999787e+00 6.000243440947750084e-01
6.780000000000000249e+00 5.971388041228260501e-01
6.799999999999999822e+00 5.942693637888306624e-01
6.820000000000000284e+00 5.914159270247820732e-01
6.839999999999999858e+00 5.885784235138952214e-01
6.860000000000000320e+00 5.857567573259787608e-01
6.879999999999999893e+00 5.829508588426274285e-01
6.900000000000000355e+00 5.801606322872823185e-01
6.919999999999999929e+00 5.773860087614808290e-01
6.940000000000000391e+00 5.746268926570280433e-01
6.959999999999999964e+00 5.718832158159460333e-01
6.980000000000000426e+00 5.691548828120999159e-01
7.000000000000000000e+00 5.664418262475846566e-01
7.020000000000000462e+00 5.637439508909967145e-01
7.040000000000000036e+00 5.610611901231534748e-01
7.060000000000000497e+00 5.583934489190919281e-01
7.080000000000000071e+00 5.557406614560955749e-01
7.100000000000000533e+00 5.531027329264101011e-01
7.120000000000000107e+00 5.504795983206685062e-01
7.140000000000000568e+00 5.478711630581839520e-01
7.160000000000000142e+00 5.452773629589935389e-01
7.179999999999999716e+00 5.426981036784584989e-01
7.200000000000000178e+00 5.401333218812675030e-01
7.219999999999999751e+00 5.375829234669787793e-01
7.240000000000000213e+00 5.350468459594143189e-01
7.259999999999999787e+00 5.325249955096515997e-01
7.280000000000000249e+00 5.300173105143898278e-01
7.299999999999999822e+00 5.275236973827682752e-01
7.320000000000000284e+00 5.250440953973993796e-01
7.339999999999999858e+00 5.225784112312743535e-01
7.360000000000000320e+00 5.201265850652715406e-01
7.379999999999999893e+00 5.176885238412947121e-01
7.400000000000000355e+00 5.152641686501868712e-01
7.419999999999999929e+00 5.128534267071184205e-01
7.440000000000000391e+00 5.104562400239827102e-01
7.459999999999999964e+00 5.080725160928927231e-01
7.480000000000000426e+00 5.057021978572698861e-01
7.500000000000000000e+00 5.033451930891994497e-01
7.520000000000000462e+00 5.010014456735314425e-01
7.540000000000000036e+00 4.986708636647388393e-01
7.560000000000000497e+00 4.963533918984545656e-01
7.580000000000000071e+00 4.940489387133262245e-01
7.600000000000000533e+00 4.917574499045975212e-01
7.620000000000000107e+00 4.894788340963277529e-01
7.640000000000000568e+00 4.872130380517017967e-01
7.660000000000000142e+00 4.849599706808354060e-01
7.679999999999999716e+00 4.827195797227056828e-01
7.700000000000000178e+00 4.804917743736220603e-01
7.719999999999999751e+00 4.782765033557330181e-01
7.740000000000000213e+00 4.760736761511517035e-01
7.759999999999999787e+00 4.738832424721539649e-01
7.780000000000000249e+00 4.717051120857729818e-01
7.799999999999999822e+00 4.695392357009441908e-01
7.820000000000000284e+00 4.673855233682554511e-01
7.839999999999999858e+00 4.652439267994354921e-01
7.860000000000000320e+00 4.631143563268177443e-01
7.879999999999999893e+00 4.609967646706787936e-01
7.900000000000000355e+00 4.588910624428350626e-01
7.919999999999999929e+00 4.567972033775066221e-01
7.940000000000000391e+00 4.547150983633211907e-01
7.959999999999999964e+00 4.526447021534933945e-01
7.980000000000000426e+00 4.505859259103726644e-01
8.000000000000000000e+00 4.485387254108933464e-01
8.019999999999999574e+00 4.465030120876645192e-01
8.040000000000000924e+00 4.444787427457531637e-01
8.060000000000000497e+00 4.424658290841818054e-01
8.080000000000000071e+00 4.404642289402699862e-01
8.099999999999999645e+00 4.384738542752641965e-01
8.120000000000000995e+00 4.364946639625739144e-01
8.140000000000000568e+00 4.345265702211273395e-01
8.160000000000000142e+00 4.325695329640002473e-01
8.179999999999999716e+00 4.306234646629431007e-01
8.199999999999999289e+00 4.286883262740196487e-01
8.220000000000000639e+00 4.267640305166250370e-01
8.240000000000000213e+00 4.248505393928996288e-01
8.259999999999999787e+00 4.229477658644082982e-01
8.279999999999999361e+00 4.210556729822341748e-01
8.300000000000000711e+00 4.191741739443433645e-01
8.320000000000000284e+00 4.173032328534186375e-01
8.339999999999999858e+00 4.154427631377902719e-01
8.359999999999999432e+00 4.135927299541937163e-01
8.380000000000000782e+00 4.117530469550326755e-01
8.400000000000000355e+00 4.099236803533557461e-01
8.419999999999999929e+00 4.081045440190962381e-01
8.439999999999999503e+00 4.062956052237062798e-01
8.460000000000000853e+00 4.044967780478594954e-01
8.480000000000000426e+00 4.027080308233361716e-01
8.500000000000000000e+00 4.009292778345463493e-01
8.519999999999999574e+00 3.991604884753684468e-01
8.540000000000000924e+00 3.974015772267135982e-01
8.560000000000000497e+00 3.956525145461829429e-01
8.580000000000000071e+00 3.939132151037628704e-01
8.599999999999999645e+00 3.921836504222589448e-01
8.620000000000000995e+00 3.904637353531038579e-01
8.640000000000000568e+00 3.887534424856654014e-01
8.660000000000000142e+00 3.870526868450142044e-01
8.679999999999999716e+00 3.853614420883232361e-01
8.700000000000001066e+00 3.836796234063054034e-01
8.720000000000000639e+00 3.820072055250677279e-01
8.740000000000000213e+00 3.803441037928145807e-01
8.759999999999999787e+00 3.786902940056096623e-01
8.779999999999999361e+00 3.770456916608344033e-01
8.800000000000000711e+00 3.754102736254390504e-01
8.820000000000000284e+00 3.737839555375195855e-01
8.839999999999999858e+00 3.721667153357605118e-01
8.859999999999999432e+00 3.705584687903611951e-01
8.880000000000000782e+00 3.689591949125007875e-01
8.900000000000000355e+00 3.673688095957526878e-01
8.919999999999999929e+00 3.657872929244649352e-01
8.939999999999999503e+00 3.642145609067239387e-01
8.960000000000000853e+00 3.626505947006668507e-01
8.980000000000000426e+00 3.610953104199142172e-01
9.000000000000000000e+00 3.595486902969444731e-01
9.019999999999999574e+00 3.580106505418152452e-01
9.040000000000000924e+00 3.564811744618430200e-01
9.060000000000000497e+00 3.549601783543391287e-01
9.080000000000000071e+00 3.534476466018842689e-01
9.099999999999999645e+00 3.519434955797629550e-01
9.120000000000000995e+00 3.504477107462072305e-01
9.140000000000000568e+00 3.489602085451037894e-01
9.160000000000000142e+00 3.474809755106895715e-01
9.179999999999999716e+00 3.460099281459778076e-01
9.200000000000001066e+00 3.445470540615216404e-01
9.220000000000000639e+00 3.430922698099503343e-01
9.240000000000000213e+00 3.416455640783758740e-01
9.259999999999999787e+00 3.402068534594496207e-01
9.279999999999999361e+00 3.387761277170774354e-01
9.300000000000000711e+00 3.373533034742762782e-01
9.320000000000000284e+00 3.359383715719541086e-01
9.339999999999999858e+00 3.345312486537689312e-01
9.359999999999999432e+00 3.331319266378052757e-01
9.380000000000000782e+00 3.317403221786118794e-01
9.400000000000000355e+00 3.303564282715762412e-01
9.419999999999999929e+00 3.289801615723450534e-01
9.439999999999999503e+00 3.276115161537449527e-01
9.460000000000000853e+00 3.262504086626614730e-01
9.480000000000000426e+00 3.248968342494687467e-01
9.500000000000000000e+00 3.235507095424225432e-01
9.519999999999999574e+00 3.222120307695192643e-01
9.540000000000000924e+00 3.208807145305035413e-01
9.560000000000000497e+00 3.195567581310400640e-01
9.580000000000000071e+00 3.182400781324592476e-01
9.599999999999999645e+00 3.169306729181446958e-01
9.620000000000000995e+00 3.156284590010774993e-01
