# Electrodo circular de radio 6 mm y espesor 710.0 um.
# Volumen de simulacion (convencion z,y,x):
# N: 1024 x 1024 x 1024 | voxelSize:  0.02mm x 0.02mm x 0.02mm | FOV:  20.48mm x 20.48mm x 20.48mm
# 
# z [mm]		 delta[ppm]
0.000000000000000000e+00 5.358878682686220252e+00
2.000000000000000042e-02 5.269913136676251497e+00
4.000000000000000083e-02 5.180426746544791072e+00
5.999999999999999778e-02 5.090619988342341529e+00
8.000000000000000167e-02 5.000688023213204048e+00
1.000000000000000056e-01 4.910819942072196298e+00
1.199999999999999956e-01 4.821197164334132701e+00
1.400000000000000133e-01 4.731992400784765351e+00
1.600000000000000033e-01 4.643368532340326205e+00
1.799999999999999933e-01 4.555477848161872068e+00
2.000000000000000111e-01 4.468461332953921783e+00
2.200000000000000011e-01 4.382448256992720559e+00
2.399999999999999911e-01 4.297555852913419017e+00
2.600000000000000089e-01 4.213889255473898920e+00
2.800000000000000266e-01 4.131541524336260096e+00
2.999999999999999889e-01 4.050593886843739000e+00
3.200000000000000067e-01 3.971116039047042356e+00
3.400000000000000244e-01 3.893166621322458720e+00
3.599999999999999867e-01 3.816793718304326788e+00
3.800000000000000044e-01 3.742035489652603353e+00
4.000000000000000222e-01 3.668920790176250613e+00
4.199999999999999845e-01 3.597469882589894308e+00
4.400000000000000022e-01 3.527695108729255402e+00
4.600000000000000200e-01 3.459601623103254031e+00
4.799999999999999822e-01 3.393188060632979841e+00
5.000000000000000000e-01 3.328447245015498268e+00
5.200000000000000178e-01 3.265366814225617365e+00
5.400000000000000355e-01 3.203929872960016301e+00
5.600000000000000533e-01 3.144115551785088059e+00
5.799999999999999600e-01 3.085899586243747272e+00
5.999999999999999778e-01 3.029254797576304892e+00
6.199999999999999956e-01 2.974151591540424189e+00
6.400000000000000133e-01 2.920558357679589712e+00
6.600000000000000311e-01 2.868441888392022410e+00
6.800000000000000488e-01 2.817767699859520913e+00
7.000000000000000666e-01 2.768500376730573809e+00
7.199999999999999734e-01 2.720603821565477975e+00
7.399999999999999911e-01 2.674041533199849496e+00
7.600000000000000089e-01 2.628776793430532610e+00
7.800000000000000266e-01 2.584772888265562507e+00
8.000000000000000444e-01 2.541993241159309580e+00
8.200000000000000622e-01 2.500401586437083878e+00
8.399999999999999689e-01 2.459962058107766580e+00
8.599999999999999867e-01 2.420639324183445851e+00
8.800000000000000044e-01 2.382398639343323854e+00
9.000000000000000222e-01 2.345205947950040226e+00
9.200000000000000400e-01 2.309027907830127013e+00
9.400000000000000577e-01 2.273831968728022179e+00
9.599999999999999645e-01 2.239586373404138353e+00
9.799999999999999822e-01 2.206260217196816420e+00
1.000000000000000000e+00 2.173823431595761857e+00
1.020000000000000018e+00 2.142246829580654932e+00
1.040000000000000036e+00 2.111502075887733643e+00
1.060000000000000053e+00 2.081561721900441420e+00
1.080000000000000071e+00 2.052399165993481045e+00
1.100000000000000089e+00 2.023988680981309685e+00
1.120000000000000107e+00 1.996305367224739724e+00
1.140000000000000124e+00 1.969325174996093830e+00
1.159999999999999920e+00 1.943024852443284489e+00
1.179999999999999938e+00 1.917381964697705499e+00
1.199999999999999956e+00 1.892374838316526642e+00
1.219999999999999973e+00 1.867982578527109805e+00
1.239999999999999991e+00 1.844185011379090966e+00
1.260000000000000009e+00 1.820962700173365922e+00
1.280000000000000027e+00 1.798296886252921611e+00
1.300000000000000044e+00 1.776169505390677195e+00
1.320000000000000062e+00 1.754563127903623565e+00
1.340000000000000080e+00 1.733460975559661499e+00
1.360000000000000098e+00 1.712846861515199937e+00
1.380000000000000115e+00 1.692705208134948069e+00
1.400000000000000133e+00 1.673020987105366508e+00
1.419999999999999929e+00 1.653779738433841295e+00
1.439999999999999947e+00 1.634967510982832772e+00
1.459999999999999964e+00 1.616570882817736088e+00
1.479999999999999982e+00 1.598576902320401061e+00
1.500000000000000000e+00 1.580973109982076741e+00
1.520000000000000018e+00 1.563747480195232908e+00
1.540000000000000036e+00 1.546888444533720763e+00
1.560000000000000053e+00 1.530384834273498473e+00
1.580000000000000071e+00 1.514225905162502661e+00
1.600000000000000089e+00 1.498401280690049742e+00
1.620000000000000107e+00 1.482900978320368157e+00
1.640000000000000124e+00 1.467715353504709830e+00
1.660000000000000142e+00 1.452835127332608556e+00
1.679999999999999938e+00 1.438251331266773514e+00
1.699999999999999956e+00 1.423955336152623818e+00
1.719999999999999973e+00 1.409938797643453645e+00
1.739999999999999991e+00 1.396193686500212028e+00
1.760000000000000009e+00 1.382712234670032236e+00
1.780000000000000027e+00 1.369486966803186156e+00
1.800000000000000044e+00 1.356510646942842069e+00
1.820000000000000062e+00 1.343776311183868755e+00
1.840000000000000080e+00 1.331277214932384823e+00
1.860000000000000098e+00 1.319006866630638930e+00
1.880000000000000115e+00 1.306958975543659252e+00
1.900000000000000133e+00 1.295127486475433187e+00
1.919999999999999929e+00 1.283506528043222072e+00
1.939999999999999947e+00 1.272090448312164446e+00
1.959999999999999964e+00 1.260873763518492341e+00
1.979999999999999982e+00 1.249851194552231259e+00
2.000000000000000000e+00 1.239017616094918006e+00
2.020000000000000018e+00 1.228368093882977297e+00
2.040000000000000036e+00 1.217897834227030796e+00
2.060000000000000053e+00 1.207602221991675995e+00
2.080000000000000071e+00 1.197476770468122176e+00
2.100000000000000089e+00 1.187517160009290418e+00
2.120000000000000107e+00 1.177719188229224612e+00
2.140000000000000124e+00 1.168078809235653992e+00
2.160000000000000142e+00 1.158592084134116185e+00
2.180000000000000160e+00 1.149255220803242716e+00
2.200000000000000178e+00 1.140064524683136460e+00
2.220000000000000195e+00 1.131016439041684585e+00
2.240000000000000213e+00 1.122107496030879670e+00
2.260000000000000231e+00 1.113334357395338925e+00
2.280000000000000249e+00 1.104693765781582293e+00
2.300000000000000266e+00 1.096182585842697010e+00
2.319999999999999840e+00 1.087797755789322807e+00
2.339999999999999858e+00 1.079536328846941728e+00
2.359999999999999876e+00 1.071395425038370819e+00
2.379999999999999893e+00 1.063372272952550102e+00
2.399999999999999911e+00 1.055464161751656471e+00
2.419999999999999929e+00 1.047668483212516710e+00
2.439999999999999947e+00 1.039982683952149323e+00
2.459999999999999964e+00 1.032404307705014013e+00
2.479999999999999982e+00 1.024930947763740274e+00
2.500000000000000000e+00 1.017560289457333678e+00
2.520000000000000018e+00 1.010290062804255706e+00
2.540000000000000036e+00 1.003118085158522410e+00
2.560000000000000053e+00 9.960422140748784736e-01
2.580000000000000071e+00 9.890603900913745861e-01
2.600000000000000089e+00 9.821705898065147267e-01
2.620000000000000107e+00 9.753708687684614631e-01
2.640000000000000124e+00 9.686593147663155046e-01
2.660000000000000142e+00 9.620340907974918032e-01
2.680000000000000160e+00 9.554933885752421308e-01
2.700000000000000178e+00 9.490354715470533664e-01
2.720000000000000195e+00 9.426586286225366873e-01
2.740000000000000213e+00 9.363612172169351044e-01
2.760000000000000231e+00 9.301416172032209717e-01
2.780000000000000249e+00 9.239982739559494673e-01
2.800000000000000266e+00 9.179296525332008017e-01
2.819999999999999840e+00 9.119342806970563986e-01
2.839999999999999858e+00 9.060107033306062929e-01
2.859999999999999876e+00 9.001575254123195258e-01
2.879999999999999893e+00 8.943733666749286160e-01
2.899999999999999911e+00 8.886569045118858368e-01
2.919999999999999929e+00 8.830068288843981872e-01
2.939999999999999947e+00 8.774218851389804508e-01
2.959999999999999964e+00 8.719008291703815861e-01
2.979999999999999982e+00 8.664424701300814657e-01
3.000000000000000000e+00 8.610456258521365092e-01
3.020000000000000018e+00 8.557091654332329433e-01
3.040000000000000036e+00 8.504319649298242023e-01
3.060000000000000053e+00 8.452129497910269018e-01
3.080000000000000071e+00 8.400510508346801242e-01
3.100000000000000089e+00 8.349452465150417613e-01
3.120000000000000107e+00 8.298945191866115012e-01
3.140000000000000124e+00 8.248978971892194645e-01
3.160000000000000142e+00 8.199544114076058321e-01
3.180000000000000160e+00 8.150631371570971062e-01
3.200000000000000178e+00 8.102231510480778498e-01
3.220000000000000195e+00 8.054335726560143405e-01
3.240000000000000213e+00 8.006935216990249682e-01
3.260000000000000231e+00 7.960021594765553932e-01
3.280000000000000249e+00 7.913586463693641493e-01
3.300000000000000266e+00 7.867621830316331444e-01
3.320000000000000284e+00 7.822119682216966963e-01
3.339999999999999858e+00 7.777072397328956832e-01
3.359999999999999876e+00 7.732472325644044187e-01
3.379999999999999893e+00 7.688312195765787393e-01
3.399999999999999911e+00 7.644584700102293739e-01
3.419999999999999929e+00 7.601282898526576792e-01
3.439999999999999947e+00 7.558399807147115901e-01
3.459999999999999964e+00 7.515928798941504674e-01
3.479999999999999982e+00 7.473863196187308100e-01
3.500000000000000000e+00 7.432196667939585666e-01
3.520000000000000018e+00 7.390922826214274544e-01
3.540000000000000036e+00 7.350035620184053320e-01
3.560000000000000053e+00 7.309528936195465176e-01
3.580000000000000071e+00 7.269396988561397377e-01
3.600000000000000089e+00 7.229633923502548631e-01
3.620000000000000107e+00 7.190234206418657514e-01
3.640000000000000124e+00 7.151192229833455150e-01
3.660000000000000142e+00 7.112502697030381738e-01
3.680000000000000160e+00 7.074160234089429400e-01
3.700000000000000178e+00 7.036159769776423323e-01
3.720000000000000195e+00 6.998496151748769822e-01
3.740000000000000213e+00 6.961164522590870263e-01
3.760000000000000231e+00 6.924159940274532410e-01
3.780000000000000249e+00 6.887477750236462581e-01
3.800000000000000266e+00 6.851113210167563139e-01
3.820000000000000284e+00 6.815061858031433717e-01
3.839999999999999858e+00 6.779319141265796045e-01
3.859999999999999876e+00 6.743880780644184725e-01
3.879999999999999893e+00 6.708742403960529233e-01
3.899999999999999911e+00 6.673899905639384400e-01
3.919999999999999929e+00 6.639349084983782179e-01
3.939999999999999947e+00 6.605086001442206367e-01
3.959999999999999964e+00 6.571106617487659785e-01
3.979999999999999982e+00 6.537407149452310051e-01
4.000000000000000000e+00 6.503983715115043696e-01
4.020000000000000462e+00 6.470832680017616356e-01
4.040000000000000036e+00 6.437950309825084538e-01
4.060000000000000497e+00 6.405333112040250132e-01
4.080000000000000071e+00 6.372977493210787436e-01
4.099999999999999645e+00 6.340880095961368701e-01
4.120000000000000107e+00 6.309037461108458755e-01
4.139999999999999680e+00 6.277446359931986297e-01
4.160000000000000142e+00 6.246103461268625034e-01
4.179999999999999716e+00 6.215005658947406753e-01
4.200000000000000178e+00 6.184149743918925246e-01
4.219999999999999751e+00 6.153532726782112716e-01
4.240000000000000213e+00 6.123151515016451718e-01
4.259999999999999787e+00 6.093003230529379088e-01
4.280000000000000249e+00 6.063084892045674801e-01
4.299999999999999822e+00 6.033393727607248014e-01
4.320000000000000284e+00 6.003926862183548430e-01
4.339999999999999858e+00 5.974681625057943757e-01
4.360000000000000320e+00 5.945655242709794175e-01
4.379999999999999893e+00 5.916845141023936439e-01
4.400000000000000355e+00 5.888248643504694346e-01
4.419999999999999929e+00 5.859863268247332835e-01
4.440000000000000391e+00 5.831686431531133419e-01
4.459999999999999964e+00 5.803715739493627845e-01
4.480000000000000426e+00 5.775948697160123713e-01
4.500000000000000000e+00 5.748382994763511222e-01
4.520000000000000462e+00 5.721016222253991756e-01
4.540000000000000036e+00 5.693846150209699308e-01
4.560000000000000497e+00 5.666870449880465621e-01
4.580000000000000071e+00 5.640086968636418563e-01
4.600000000000000533e+00 5.613493455586173742e-01
4.620000000000000107e+00 5.587087831512417280e-01
4.639999999999999680e+00 5.560867920115503127e-01
4.660000000000000142e+00 5.534831712387020541e-01
4.679999999999999716e+00 5.508977103515799723e-01
4.700000000000000178e+00 5.483302151652412748e-01
4.719999999999999751e+00 5.457804820525463674e-01
4.740000000000000213e+00 5.432483232551740260e-01
4.759999999999999787e+00 5.407335417196695859e-01
4.780000000000000249e+00 5.382359558386683451e-01
4.799999999999999822e+00 5.357553748658659964e-01
4.820000000000000284e+00 5.332916230832831506e-01
4.839999999999999858e+00 5.308445157982299989e-01
4.860000000000000320e+00 5.284138829325980558e-01
4.879999999999999893e+00 5.259995456060493346e-01
4.900000000000000355e+00 5.236013391434918285e-01
4.919999999999999929e+00 5.212190902472786380e-01
4.940000000000000391e+00 5.188526394191784741e-01
4.959999999999999964e+00 5.165018187255451254e-01
4.980000000000000426e+00 5.141664736302413719e-01
5.000000000000000000e+00 5.118464413552993308e-01
5.020000000000000462e+00 5.095415721214182625e-01
5.040000000000000036e+00 5.072517081077996259e-01
5.060000000000000497e+00 5.049767040969955767e-01
5.080000000000000071e+00 5.027164070361654913e-01
5.100000000000000533e+00 5.004706760831604262e-01
5.120000000000000107e+00 4.982393627726763863e-01
5.139999999999999680e+00 4.960223304606141137e-01
5.160000000000000142e+00 4.938194350971179536e-01
5.179999999999999716e+00 4.916305440663751858e-01
5.200000000000000178e+00 4.894555175697853366e-01
5.219999999999999751e+00 4.872942268584916636e-01
5.240000000000000213e+00 4.851465362284417826e-01
5.259999999999999787e+00 4.830123206430546046e-01
5.280000000000000249e+00 4.808914483432069065e-01
5.299999999999999822e+00 4.787837978575821274e-01
5.320000000000000284e+00 4.766892412291001135e-01
5.339999999999999858e+00 4.746076604106019281e-01
5.360000000000000320e+00 4.725389311105548940e-01
5.379999999999999893e+00 4.704829385718232726e-01
5.400000000000000355e+00 4.684395620379958602e-01
5.419999999999999929e+00 4.664086899130723829e-01
5.440000000000000391e+00 4.643902048510840097e-01
5.459999999999999964e+00 4.623839982946589822e-01
5.480000000000000426e+00 4.603899561890641423e-01
5.500000000000000000e+00 4.584079728976964696e-01
5.520000000000000462e+00 4.564379375430430708e-01
5.540000000000000036e+00 4.544797472972508245e-01
5.560000000000000497e+00 4.525332943509587369e-01
5.580000000000000071e+00 4.505984785771580681e-01
5.600000000000000533e+00 4.486751951302622721e-01
5.620000000000000107e+00 4.467633464815664035e-01
5.639999999999999680e+00 4.448628306493521145e-01
5.660000000000000142e+00 4.429735526043207527e-01
5.679999999999999716e+00 4.410954131329576922e-01
5.700000000000000178e+00 4.392283196114096788e-01
5.719999999999999751e+00 4.373721755027553670e-01
5.740000000000000213e+00 4.355268904978372713e-01
5.759999999999999787e+00 4.336923706485618091e-01
5.780000000000000249e+00 4.318685278742788736e-01
5.799999999999999822e+00 4.300552707316258050e-01
5.820000000000000284e+00 4.282525132851053296e-01
5.839999999999999858e+00 4.264601665154773569e-01
5.860000000000000320e+00 4.246781465532546429e-01
5.879999999999999893e+00 4.229063667260516968e-01
5.900000000000000355e+00 4.211447451537350117e-01
5.919999999999999929e+00 4.193931974366695292e-01
5.940000000000000391e+00 4.176516436113386632e-01
5.959999999999999964e+00 4.159200014797847511e-01
5.980000000000000426e+00 4.141981929245368566e-01
6.000000000000000000e+00 4.124861378811253143e-01
6.020000000000000462e+00 4.107837600112097531e-01
6.040000000000000036e+00 4.090909813183720711e-01
6.060000000000000497e+00 4.074077271783648757e-01
6.080000000000000071e+00 4.057339216000164783e-01
6.100000000000000533e+00 4.040694916115515345e-01
6.120000000000000107e+00 4.024143631667432830e-01
6.140000000000000568e+00 4.007684648862912535e-01
6.160000000000000142e+00 3.991317246110082650e-01
6.179999999999999716e+00 3.975040724972709882e-01
6.200000000000000178e+00 3.958854382173209174e-01
6.219999999999999751e+00 3.942757534077943604e-01
6.240000000000000213e+00 3.926749495189310046e-01
6.259999999999999787e+00 3.910829596152319287e-01
6.280000000000000249e+00 3.894997168735950810e-01
6.299999999999999822e+00 3.879251557351549584e-01
6.320000000000000284e+00 3.863592110541267388e-01
6.339999999999999858e+00 3.848018185998903773e-01
6.360000000000000320e+00 3.832529148565458899e-01
6.379999999999999893e+00 3.817124368743063378e-01
6.400000000000000355e+00 3.801803227215548309e-01
6.419999999999999929e+00 3.786565106846134787e-01
6.440000000000000391e+00 3.771409403722889575e-01
6.459999999999999964e+00 3.756335512630878393e-01
6.480000000000000426e+00 3.741342844640630494e-01
6.500000000000000000e+00 3.726430806045279431e-01
6.520000000000000462e+00 3.711598822491995464e-01
6.540000000000000036e+00 3.696846311374580307e-01
6.560000000000000497e+00 3.682172712526392555e-01
6.580000000000000071e+00 3.667577454058787434e-01
6.600000000000000533e+00 3.653059989615572989e-01
6.620000000000000107e+00 3.638619757647389985e-01
6.640000000000000568e+00 3.624256225246832441e-01
6.660000000000000142e+00 3.609968840848721827e-01
6.679999999999999716e+00 3.595757084646249990e-01
6.700000000000000178e+00 3.581620414706830902e-01
6.719999999999999751e+00 3.567558323989017954e-01
6.740000000000000213e+00 3.553570279863486059e-01
6.759999999999999787e+00 3.539655787731288972e-01
6.780000000000000249e+00 3.525814323939128747e-01
6.799999999999999822e+00 3.512045406019683735e-01
6.820000000000000284e+00 3.498348518989846112e-01
6.839999999999999858e+00 3.484723192214464471e-01
6.860000000000000320e+00 3.471168919075736659e-01
6.879999999999999893e+00 3.457685240482097910e-01
6.900000000000000355e+00 3.444271657896938454e-01
6.919999999999999929e+00 3.430927723494283099e-01
6.940000000000000391e+00 3.417652946534313063e-01
6.959999999999999964e+00 3.404446890188713715e-01
6.980000000000000426e+00 3.391309071250131479e-01
7.000000000000000000e+00 3.378239063629774885e-01
7.020000000000000462e+00 3.365236391387145254e-01
7.040000000000000036e+00 3.352300638924082254e-01
7.060000000000000497e+00 3.339431337320861171e-01
7.080000000000000071e+00 3.326628081230050826e-01
7.100000000000000533e+00 3.313890408504340801e-01
7.120000000000000107e+00 3.301217923815777944e-01
7.140000000000000568e+00 3.288610171560090722e-01
7.160000000000000142e+00 3.276066766205829039e-01
7.179999999999999716e+00 3.263587258459233476e-01
7.200000000000000178e+00 3.251171272370347309e-01
7.219999999999999751e+00 3.238818364741924971e-01
7.240000000000000213e+00 3.226528168998209489e-01
7.259999999999999787e+00 3.214300247820484069e-01
7.280000000000000249e+00 3.202134243807230329e-01
7.299999999999999822e+00 3.190029725318374032e-01
7.320000000000000284e+00 3.177986343933826285e-01
7.339999999999999858e+00 3.166003673487544079e-01
7.360000000000000320e+00 3.154081374354912870e-01
7.379999999999999893e+00 3.142219025657035369e-01
7.400000000000000355e+00 3.130416296385433172e-01
7.419999999999999929e+00 3.118672770755915313e-01
7.440000000000000391e+00 3.106988126203149569e-01
7.459999999999999964e+00 3.095361951862776184e-01
7.480000000000000426e+00 3.083793933445753144e-01
7.500000000000000000e+00 3.072283664826373495e-01
7.520000000000000462e+00 3.060830839830910866e-01
7.540000000000000036e+00 3.049435056908503250e-01
7.560000000000000497e+00 3.038096017845546282e-01
7.580000000000000071e+00 3.026813325495060769e-01
7.600000000000000533e+00 3.015586689453813030e-01
7.620000000000000107e+00 3.004415716825048488e-01
7.640000000000000568e+00 2.993300124871546286e-01
7.660000000000000142e+00 2.982239524785335605e-01
7.679999999999999716e+00 2.971233641355913169e-01
7.700000000000000178e+00 2.960282089719696308e-01
7.719999999999999751e+00 2.949384602058623406e-01
7.740000000000000213e+00 2.938540797300758789e-01
7.759999999999999787e+00 2.927750414890998854e-01
7.780000000000000249e+00 2.917013077413234678e-01
7.799999999999999822e+00 2.906328531450430019e-01
7.820000000000000284e+00 2.895696403097561267e-01
7.839999999999999858e+00 2.885116445955290820e-01
7.860000000000000320e+00 2.874588289501717187e-01
7.879999999999999893e+00 2.864111694239189210e-01
7.900000000000000355e+00 2.853686292891452481e-01
7.919999999999999929e+00 2.843311852750720625e-01
7.940000000000000391e+00 2.832988009665691198e-01
7.959999999999999964e+00 2.822714537610677143e-01
7.980000000000000426e+00 2.812491075428573128e-01
8.000000000000000000e+00 2.802317403671921725e-01
8.019999999999999574e+00 2.792193164063789812e-01
8.040000000000000924e+00 2.782118143635011753e-01
8.060000000000000497e+00 2.772091986864093083e-01
8.080000000000000071e+00 2.762114487163863097e-01
8.099999999999999645e+00 2.752185291660396715e-01
8.120000000000000995e+00 2.742304200055772356e-01
8.140000000000000568e+00 2.732470862004591772e-01
8.160000000000000142e+00 2.722685083408938889e-01
8.179999999999999716e+00 2.712946516349603598e-01
8.199999999999999289e+00 2.703254972842912829e-01
8.220000000000000639e+00 2.693610107281784738e-01
8.240000000000000213e+00 2.684011737714251944e-01
8.259999999999999787e+00 2.674459520748240782e-01
8.279999999999999361e+00 2.664953280384137480e-01
8.300000000000000711e+00 2.655492675335482944e-01
8.320000000000000284e+00 2.646077535478744136e-01
8.339999999999999858e+00 2.636707521540665455e-01
8.359999999999999432e+00 2.627382469200638671e-01
8.380000000000000782e+00 2.618102041093318122e-01
8.400000000000000355e+00 2.608866078630768248e-01
8.419999999999999929e+00 2.599674246267477118e-01
8.439999999999999503e+00 2.590526391080749113e-01
8.460000000000000853e+00 2.581422179243500481e-01
8.480000000000000426e+00 2.572361463433629480e-01
8.500000000000000000e+00 2.563343911458303426e-01
8.519999999999999574e+00 2.554369381534212224e-01
8.540000000000000924e+00 2.545437543004637204e-01
8.560000000000000497e+00 2.536548259565850061e-01
8.580000000000000071e+00 2.527701202016743309e-01
8.599999999999999645e+00 2.518896239476480781e-01
8.620000000000000995e+00 2.510133044104538302e-01
8.640000000000000568e+00 2.501411490388895098e-01
8.660000000000000142e+00 2.492731251772297707e-01
8.679999999999999716e+00 2.484092208059969775e-01
8.700000000000001066e+00 2.475494033885582423e-01
8.720000000000000639e+00 2.466936614322420007e-01
8.740000000000000213e+00 2.458419625120672192e-01
8.759999999999999787e+00 2.449942956574897024e-01
8.779999999999999361e+00 2.441506285461921832e-01
8.800000000000000711e+00 2.433109507253042314e-01
8.820000000000000284e+00 2.424752299679965306e-01
8.839999999999999858e+00 2.416434563348569542e-01
8.859999999999999432e+00 2.408155976857623837e-01
8.880000000000000782e+00 2.399916445907610552e-01
8.900000000000000355e+00 2.391715649894956275e-01
8.919999999999999929e+00 2.383553499576974155e-01
8.939999999999999503e+00 2.375429675061766221e-01
8.960000000000000853e+00 2.367344092127881272e-01
8.980000000000000426e+00 2.359296431527752036e-01
9.000000000000000000e+00 2.351286614027684185e-01
9.019999999999999574e+00 2.343314320940015627e-01
9.040000000000000924e+00 2.335379477987390706e-01
9.060000000000000497e+00 2.327481766976566557e-01
9.080000000000000071e+00 2.319621118557180783e-01
9.099999999999999645e+00 2.311797214947296786e-01
9.120000000000000995e+00 2.304009991696186199e-01
9.140000000000000568e+00 2.296259131369286222e-01
9.160000000000000142e+00 2.288544574390293240e-01
9.179999999999999716e+00 2.280866003589837043e-01
9.200000000000001066e+00 2.273223364242680788e-01
9.220000000000000639e+00 2.265616339382190703e-01
9.240000000000000213e+00 2.258044879112738323e-01
9.259999999999999787e+00 2.250508666589114692e-01
9.279999999999999361e+00 2.243007656725854171e-01
9.300000000000000711e+00 2.235541532737757020e-01
9.320000000000000284e+00 2.228110254331984175e-01
9.339999999999999858e+00 2.220713504702613028e-01
9.359999999999999432e+00 2.213351248333802201e-01
9.380000000000000782e+00 2.206023168338369644e-01
9.400000000000000355e+00 2.198729233963652163e-01
9.419999999999999929e+00 2.191469128160895286e-01
9.439999999999999503e+00 2.184242824928724069e-01
9.460000000000000853e+00 2.177050006996944509e-01
9.480000000000000426e+00 2.169890653105399636e-01
9.500000000000000000e+00 2.162764445682216763e-01
9.519999999999999574e+00 2.155671368200252624e-01
9.540000000000000924e+00 2.148611102726697697e-01
9.560000000000000497e+00 2.141583637460989509e-01
9.580000000000000071e+00 2.134588654029000721e-01
9.599999999999999645e+00 2.127626145352234099e-01
9.620000000000000995e+00 2.120695792556237802e-01
