0.000000000000000000e+00 7.349113258713176222e+00
1.499999999999999944e-02 7.243492586285694479e+00
2.999999999999999889e-02 7.136009983599437945e+00
4.499999999999999833e-02 7.026703752041695950e+00
5.999999999999999778e-02 6.915758615681030008e+00
7.499999999999999722e-02 6.803389161717169564e+00
8.999999999999999667e-02 6.689801269827574615e+00
1.049999999999999961e-01 6.575199533850994982e+00
1.199999999999999956e-01 6.459782053458324569e+00
1.350000000000000089e-01 6.343742989639113539e+00
1.499999999999999944e-01 6.227269765744021690e+00
1.649999999999999800e-01 6.110544703223148133e+00
1.799999999999999933e-01 5.993742388072485383e+00
1.950000000000000067e-01 5.877031408161647263e+00
2.099999999999999922e-01 5.760571849746952466e+00
2.249999999999999778e-01 5.644517189766468768e+00
2.399999999999999911e-01 5.529011839654059735e+00
2.550000000000000044e-01 5.414193217967270932e+00
2.700000000000000178e-01 5.300189359523503008e+00
2.849999999999999756e-01 5.187121155619352386e+00
2.999999999999999889e-01 5.075100006239628314e+00
3.150000000000000022e-01 4.964230216447965915e+00
3.299999999999999600e-01 4.854606692413668156e+00
3.449999999999999734e-01 4.746317473559997779e+00
3.599999999999999867e-01 4.639441457333788321e+00
3.750000000000000000e-01 4.534051046945452690e+00
3.900000000000000133e-01 4.430209898744789321e+00
4.049999999999999711e-01 4.327975662984096417e+00
4.199999999999999845e-01 4.227397741400356068e+00
4.349999999999999978e-01 4.128520099645498931e+00
4.499999999999999556e-01 4.031379028065350312e+00
4.649999999999999689e-01 3.936006004898430444e+00
4.799999999999999822e-01 3.842425451385374391e+00
4.949999999999999956e-01 3.750657626925400834e+00
5.100000000000000089e-01 3.660716373815074753e+00
5.250000000000000222e-01 3.572612027264885803e+00
5.400000000000000355e-01 3.486349145163949448e+00
5.549999999999999378e-01 3.401929418232970903e+00
5.699999999999999512e-01 3.319349383532135267e+00
5.849999999999999645e-01 3.238603322032341136e+00
5.999999999999999778e-01 3.159680955306478189e+00
6.149999999999999911e-01 3.082570319961598582e+00
6.300000000000000044e-01 3.007255449420383808e+00
6.450000000000000178e-01 2.933719216426582843e+00
6.599999999999999201e-01 2.861941002500887343e+00
6.749999999999999334e-01 2.791899501426009067e+00
6.899999999999999467e-01 2.723570380597950980e+00
7.049999999999999600e-01 2.656929039728379571e+00
7.199999999999999734e-01 2.591948268685312140e+00
7.349999999999999867e-01 2.528600956836446478e+00
7.500000000000000000e-01 2.466857752899730194e+00
7.650000000000000133e-01 2.406689721243917557e+00
7.800000000000000266e-01 2.348066009309867752e+00
7.949999999999999289e-01 2.290956447942915197e+00
8.099999999999999423e-01 2.235329232333489902e+00
8.249999999999999556e-01 2.181153464003277254e+00
8.399999999999999689e-01 2.128396850994670242e+00
8.549999999999999822e-01 2.077028189585494733e+00
8.699999999999999956e-01 2.027015089478951815e+00
8.850000000000000089e-01 1.978326393637658276e+00
8.999999999999999112e-01 1.930929933845116686e+00
9.149999999999999245e-01 1.884794887312292833e+00
9.299999999999999378e-01 1.839889567782215796e+00
9.449999999999999512e-01 1.796183717744440633e+00
9.599999999999999645e-01 1.753646339797629183e+00
9.749999999999999778e-01 1.712247923467056676e+00
9.899999999999999911e-01 1.671958321224471522e+00
1.004999999999999893e+00 1.632748909021241479e+00
1.020000000000000018e+00 1.594590510893088009e+00
1.034999999999999920e+00 1.557455492435896982e+00
1.050000000000000044e+00 1.521315737561174108e+00
1.064999999999999947e+00 1.486144674236398844e+00
1.080000000000000071e+00 1.451915306508123615e+00
1.094999999999999973e+00 1.418602171930259948e+00
1.109999999999999876e+00 1.386179431606075374e+00
1.125000000000000000e+00 1.354622758821547146e+00
1.139999999999999902e+00 1.323907489451411124e+00
1.155000000000000027e+00 1.294010441418232960e+00
1.169999999999999929e+00 1.264908127461256138e+00
1.185000000000000053e+00 1.236578505142623241e+00
1.199999999999999956e+00 1.208999253622568215e+00
1.214999999999999858e+00 1.182149454044032488e+00
1.229999999999999982e+00 1.156007931641700903e+00
1.244999999999999885e+00 1.130554866444389184e+00
1.260000000000000009e+00 1.105770201742351411e+00
1.274999999999999911e+00 1.081635185161401891e+00
1.290000000000000036e+00 1.058130844231248702e+00
1.304999999999999938e+00 1.035239457997468637e+00
1.319999999999999840e+00 1.012943100180132117e+00
1.334999999999999964e+00 9.912250416051832103e-01
1.349999999999999867e+00 9.700683611955415175e-01
1.364999999999999991e+00 9.494572796149536309e-01
1.379999999999999893e+00 9.293758381257170020e-01
1.395000000000000018e+00 9.098091639499745753e-01
1.409999999999999920e+00 8.907422168139595975e-01
1.425000000000000044e+00 8.721609866380142240e-01
1.439999999999999947e+00 8.540513074202106258e-01
1.454999999999999849e+00 8.363999879707025853e-01
1.469999999999999973e+00 8.191936926036053057e-01
1.484999999999999876e+00 8.024200057287301791e-01
1.500000000000000000e+00 7.860663786901148642e-01
1.514999999999999902e+00 7.701211291217616717e-01
1.530000000000000027e+00 7.545724531148360059e-01
1.544999999999999929e+00 7.394093603298617090e-01
1.560000000000000053e+00 7.246207505765331902e-01
1.574999999999999956e+00 7.101962857554730002e-01
1.589999999999999858e+00 6.961255298031592265e-01
1.604999999999999982e+00 6.823987586088778867e-01
1.619999999999999885e+00 6.690061622078542491e-01
1.635000000000000009e+00 6.559385938855301079e-01
1.649999999999999911e+00 6.431868333929919856e-01
1.665000000000000036e+00 6.307422765088811500e-01
1.679999999999999938e+00 6.185962580072765782e-01
1.694999999999999840e+00 6.067406829994760331e-01
1.709999999999999964e+00 5.951674082953781753e-01
1.724999999999999867e+00 5.838688168911284615e-01
1.739999999999999991e+00 5.728372563436537890e-01
1.754999999999999893e+00 5.620655578075043346e-01
1.770000000000000018e+00 5.515465299709452207e-01
1.784999999999999920e+00 5.412734240749007553e-01
1.799999999999999822e+00 5.312394819574308702e-01
1.814999999999999947e+00 5.214383485111491190e-01
1.829999999999999849e+00 5.118636723273507494e-01
1.844999999999999973e+00 5.025094670643794892e-01
1.859999999999999876e+00 4.933697631986459498e-01
1.875000000000000000e+00 4.844389197867833841e-01
1.889999999999999902e+00 4.757113257890042690e-01
1.905000000000000027e+00 4.671816637115323578e-01
1.919999999999999929e+00 4.588446589990649027e-01
1.934999999999999831e+00 4.506952970423029337e-01
1.949999999999999956e+00 4.427286191065402110e-01
1.964999999999999858e+00 4.349398941813820141e-01
1.979999999999999982e+00 4.273244599571797142e-01
1.994999999999999885e+00 4.198778509815314086e-01
2.009999999999999787e+00 4.125956831759465260e-01
2.024999999999999911e+00 4.054737397457681691e-01
2.040000000000000036e+00 3.985078977858045879e-01
2.054999999999999716e+00 3.916941733681633675e-01
2.069999999999999840e+00 3.850286887751537268e-01
2.084999999999999964e+00 3.785076781625691944e-01
2.100000000000000089e+00 3.721274940245619667e-01
2.114999999999999769e+00 3.658845747993280662e-01
2.129999999999999893e+00 3.597754891677535372e-01
2.145000000000000018e+00 3.537968669336127858e-01
2.160000000000000142e+00 3.479454798328880383e-01
2.174999999999999822e+00 3.422181369826304831e-01
2.189999999999999947e+00 3.366118008813167028e-01
2.205000000000000071e+00 3.311234486788708353e-01
2.219999999999999751e+00 3.257502221309664936e-01
2.234999999999999876e+00 3.204892558984137607e-01
2.250000000000000000e+00 3.153378602270511810e-01
2.265000000000000124e+00 3.102933174372375369e-01
2.279999999999999805e+00 3.053530961899107998e-01
2.294999999999999929e+00 3.005146172771756552e-01
2.310000000000000053e+00 2.957754983482329680e-01
2.324999999999999734e+00 2.911332900596279027e-01
2.339999999999999858e+00 2.865857502291493941e-01
2.354999999999999982e+00 2.821305513499172690e-01
2.370000000000000107e+00 2.777655831571133049e-01
2.384999999999999787e+00 2.734886324533657986e-01
2.399999999999999911e+00 2.692977131723125472e-01
2.415000000000000036e+00 2.651907194044201277e-01
2.429999999999999716e+00 2.611657820611407166e-01
2.444999999999999840e+00 2.572208959298044051e-01
2.459999999999999964e+00 2.533543021455311739e-01
2.475000000000000089e+00 2.495640900420799391e-01
2.489999999999999769e+00 2.458486046608338305e-01
2.504999999999999893e+00 2.422060241008804349e-01
2.520000000000000018e+00 2.386347914014924909e-01
2.534999999999999698e+00 2.351331680298062443e-01
2.549999999999999822e+00 2.316996894976937338e-01
2.564999999999999947e+00 2.283326955587818008e-01
2.580000000000000071e+00 2.250308090311449460e-01
2.594999999999999751e+00 2.217924432078165198e-01
2.609999999999999876e+00 2.186163033830568758e-01
2.625000000000000000e+00 2.155008719111391746e-01
2.639999999999999680e+00 2.124449320478905001e-01
2.654999999999999805e+00 2.094470310221464571e-01
2.669999999999999929e+00 2.065060258325249476e-01
2.685000000000000053e+00 2.036205246239021494e-01
2.699999999999999734e+00 2.007894541965404012e-01
2.714999999999999858e+00 1.980114799069906395e-01
2.729999999999999982e+00 1.952855946767792783e-01
2.745000000000000107e+00 1.926105175623067101e-01
2.759999999999999787e+00 1.899853041710349022e-01
2.774999999999999911e+00 1.874087239690147844e-01
2.790000000000000036e+00 1.848798920447559668e-01
2.804999999999999716e+00 1.823976251452713859e-01
2.819999999999999840e+00 1.799610948521205012e-01
2.834999999999999964e+00 1.775691622579141926e-01
2.850000000000000089e+00 1.752210526536110979e-01
2.864999999999999769e+00 1.729156686763519690e-01
2.879999999999999893e+00 1.706522867355415030e-01
2.895000000000000018e+00 1.684298483803881863e-01
2.909999999999999698e+00 1.662476787297200720e-01
2.924999999999999822e+00 1.641047557227850728e-01
2.939999999999999947e+00 1.620004509507451118e-01
2.955000000000000071e+00 1.599337763678488622e-01
2.969999999999999751e+00 1.579041479632606049e-01
2.984999999999999876e+00 1.559106094205369164e-01
3.000000000000000000e+00 1.539526192067611210e-01
3.014999999999999680e+00 1.520292505771000668e-01
3.029999999999999805e+00 1.501400027028824691e-01
3.044999999999999929e+00 1.482839763238575914e-01
3.060000000000000053e+00 1.464607096811773035e-01
3.074999999999999734e+00 1.446693290233194706e-01
3.089999999999999858e+00 1.429094101594642341e-01
3.104999999999999982e+00 1.411801029249657724e-01
3.120000000000000107e+00 1.394810193218379013e-01
3.134999999999999787e+00 1.378113309466781067e-01
3.149999999999999911e+00 1.361706847402395781e-01
3.165000000000000036e+00 1.345582722736911874e-01
3.179999999999999716e+00 1.329737742885449825e-01
3.194999999999999840e+00 1.314164006266578533e-01
3.209999999999999964e+00 1.298858648039096786e-01
3.225000000000000089e+00 1.283813932542450242e-01
3.239999999999999769e+00 1.269027313490461717e-01
3.254999999999999893e+00 1.254491205063434645e-01
3.270000000000000018e+00 1.240203371380730890e-01
3.284999999999999698e+00 1.226156360510267385e-01
3.299999999999999822e+00 1.212348239834619840e-01
3.314999999999999947e+00 1.198771675949925619e-01
3.330000000000000071e+00 1.185425033338727563e-01
3.344999999999999751e+00 1.172301081775057319e-01
3.359999999999999876e+00 1.159398477633198504e-01
3.375000000000000000e+00 1.146710079004168853e-01
3.389999999999999680e+00 1.134234829880489681e-01
3.404999999999999805e+00 1.121965661706471468e-01
3.419999999999999929e+00 1.109901802737476295e-01
3.435000000000000053e+00 1.098036243197623579e-01
3.449999999999999734e+00 1.086368493154874770e-01
3.464999999999999858e+00 1.074891586828990442e-01
