# Electrodo circular de radio 6 mm y espesor 710.0 um.
# Volumen de simulacion (convencion z,y,x):
# N: 1024 x 1024 x 1024 | voxelSize:  0.02mm x 0.02mm x 0.02mm | FOV:  20.48mm x 20.48mm x 20.48mm
# 
# z [mm]		 delta[ppm]
0.000000000000000000e+00 3.163718314356735561e+00
2.000000000000000042e-02 3.154385062187722077e+00
4.000000000000000083e-02 3.144811838661882852e+00
5.999999999999999778e-02 3.135003986559928180e+00
8.000000000000000167e-02 3.124966810683757590e+00
1.000000000000000056e-01 3.114705684962563392e+00
1.199999999999999956e-01 3.104226043490792009e+00
1.400000000000000133e-01 3.093533383686969618e+00
1.600000000000000033e-01 3.082633248330533871e+00
1.799999999999999933e-01 3.071531230449684902e+00
2.000000000000000111e-01 3.060232955527921739e+00
2.200000000000000011e-01 3.048744086368890827e+00
2.399999999999999911e-01 3.037070305947293658e+00
2.600000000000000089e-01 3.025217322197759184e+00
2.800000000000000266e-01 3.013190851132486969e+00
2.999999999999999889e-01 3.000996621876054427e+00
3.200000000000000067e-01 2.988640359889823461e+00
3.400000000000000244e-01 2.976127792426882301e+00
3.599999999999999867e-01 2.963464631802095184e+00
3.800000000000000044e-01 2.950656581380104004e+00
4.000000000000000222e-01 2.937709318848140239e+00
4.199999999999999845e-01 2.924628502810611153e+00
4.400000000000000022e-01 2.911419756068737374e+00
4.600000000000000200e-01 2.898088672871313776e+00
4.799999999999999822e-01 2.884640802189559317e+00
5.000000000000000000e-01 2.871081655659379894e+00
5.200000000000000178e-01 2.857416690866224407e+00
5.400000000000000355e-01 2.843651320001498117e+00
5.600000000000000533e-01 2.829790893153156794e+00
5.799999999999999600e-01 2.815840707691218636e+00
5.999999999999999778e-01 2.801805991576437727e+00
6.199999999999999956e-01 2.787691913481474604e+00
6.400000000000000133e-01 2.773503566112931917e+00
6.600000000000000311e-01 2.759245977069425315e+00
6.800000000000000488e-01 2.744924092183570696e+00
7.000000000000000666e-01 2.730542787112028691e+00
7.199999999999999734e-01 2.716106850689753216e+00
7.399999999999999911e-01 2.701620997243122435e+00
7.600000000000000089e-01 2.687089849956936227e+00
7.800000000000000266e-01 2.672517953897132870e+00
8.000000000000000444e-01 2.657909759379439851e+00
8.200000000000000622e-01 2.643269635685128183e+00
8.399999999999999689e-01 2.628601854426677153e+00
8.599999999999999867e-01 2.613910603936630217e+00
8.800000000000000044e-01 2.599199972616342169e+00
9.000000000000000222e-01 2.584473963975872479e+00
9.200000000000000400e-01 2.569736479957317243e+00
9.400000000000000577e-01 2.554991336601308394e+00
9.599999999999999645e-01 2.540242247329156822e+00
9.799999999999999822e-01 2.525492839210210949e+00
1.000000000000000000e+00 2.510746636191875769e+00
1.020000000000000018e+00 2.496007075940616549e+00
1.040000000000000036e+00 2.481277493003322121e+00
1.060000000000000053e+00 2.466561136194143522e+00
1.080000000000000071e+00 2.451861151675176043e+00
1.100000000000000089e+00 2.437180600860587187e+00
1.120000000000000107e+00 2.422522443400410896e+00
1.140000000000000124e+00 2.407889555573389906e+00
1.159999999999999920e+00 2.393284713161964117e+00
1.179999999999999938e+00 2.378710610305156514e+00
1.199999999999999956e+00 2.364169842249745468e+00
1.219999999999999973e+00 2.349664924634975893e+00
1.239999999999999991e+00 2.335198276108992665e+00
1.260000000000000009e+00 2.320772238017533518e+00
1.280000000000000027e+00 2.306389056872505172e+00
1.300000000000000044e+00 2.292050904417577417e+00
1.320000000000000062e+00 2.277759859939708420e+00
1.340000000000000080e+00 2.263517930685247315e+00
1.360000000000000098e+00 2.249327034003674619e+00
1.380000000000000115e+00 2.235189018088840296e+00
1.400000000000000133e+00 2.221105643947850261e+00
1.419999999999999929e+00 2.207078606442979485e+00
1.439999999999999947e+00 2.193109516077608401e+00
1.459999999999999964e+00 2.179199920315423089e+00
1.479999999999999982e+00 2.165351285178778173e+00
1.500000000000000000e+00 2.151565016822840182e+00
1.520000000000000018e+00 2.137842442940970145e+00
1.540000000000000036e+00 2.124184834572616865e+00
1.560000000000000053e+00 2.110593387313551172e+00
1.580000000000000071e+00 2.097069243337322586e+00
1.600000000000000089e+00 2.083613472407646494e+00
1.620000000000000107e+00 2.070227094094364784e+00
1.640000000000000124e+00 2.056911058588192898e+00
1.660000000000000142e+00 2.043666269093133980e+00
1.679999999999999938e+00 2.030493562443378863e+00
1.699999999999999956e+00 2.017393731655153122e+00
1.719999999999999973e+00 2.004367506348220918e+00
1.739999999999999991e+00 1.991415575441031205e+00
1.760000000000000009e+00 1.978538567378930191e+00
1.780000000000000027e+00 1.965737072957411735e+00
1.800000000000000044e+00 1.953011625361484649e+00
1.820000000000000062e+00 1.940362723102650788e+00
1.840000000000000080e+00 1.927790809873534128e+00
1.860000000000000098e+00 1.915296297584996976e+00
1.880000000000000115e+00 1.902879546042230752e+00
1.900000000000000133e+00 1.890540886069120852e+00
1.919999999999999929e+00 1.878280599011621144e+00
1.939999999999999947e+00 1.866098939937172796e+00
1.959999999999999964e+00 1.853996116973014363e+00
1.979999999999999982e+00 1.841972314569012559e+00
2.000000000000000000e+00 1.830027672678178785e+00
2.020000000000000018e+00 1.818162310071843368e+00
2.040000000000000036e+00 1.806376303371235004e+00
2.060000000000000053e+00 1.794669710404364515e+00
2.080000000000000071e+00 1.783042549097112683e+00
2.100000000000000089e+00 1.771494820861652997e+00
2.120000000000000107e+00 1.760026489356864676e+00
2.140000000000000124e+00 1.748637503898466061e+00
2.160000000000000142e+00 1.737327778098108233e+00
2.180000000000000160e+00 1.726097213285747944e+00
2.200000000000000178e+00 1.714945677037979399e+00
2.220000000000000195e+00 1.703873026603413443e+00
2.240000000000000213e+00 1.692879087330326104e+00
2.260000000000000231e+00 1.681963676086095427e+00
2.280000000000000249e+00 1.671126579595231254e+00
2.300000000000000266e+00 1.660367577844118037e+00
2.319999999999999840e+00 1.649686422340001846e+00
2.339999999999999858e+00 1.639082859492448474e+00
2.359999999999999876e+00 1.628556608804765160e+00
2.379999999999999893e+00 1.618107386223708533e+00
2.399999999999999911e+00 1.607734882274264532e+00
2.419999999999999929e+00 1.597438785369286407e+00
2.439999999999999947e+00 1.587218759899329923e+00
2.459999999999999964e+00 1.577074469493962461e+00
2.479999999999999982e+00 1.567005555077811030e+00
2.500000000000000000e+00 1.557011658075365901e+00
2.520000000000000018e+00 1.547092398445060857e+00
2.540000000000000036e+00 1.537247397819438088e+00
2.560000000000000053e+00 1.527476257528532333e+00
2.580000000000000071e+00 1.517778581667300397e+00
2.600000000000000089e+00 1.508153955120158152e+00
2.620000000000000107e+00 1.498601966547602915e+00
2.640000000000000124e+00 1.489122186423199823e+00
2.660000000000000142e+00 1.479714189931335078e+00
2.680000000000000160e+00 1.470377535028463356e+00
2.700000000000000178e+00 1.461111785243924821e+00
2.720000000000000195e+00 1.451916487776713671e+00
2.740000000000000213e+00 1.442791196191288039e+00
2.760000000000000231e+00 1.433735448561585857e+00
2.780000000000000249e+00 1.424748790053735226e+00
2.800000000000000266e+00 1.415830751128499543e+00
2.819999999999999840e+00 1.406980870002769057e+00
2.839999999999999858e+00 1.398198670922035092e+00
2.859999999999999876e+00 1.389483686492547720e+00
2.879999999999999893e+00 1.380835436034845820e+00
2.899999999999999911e+00 1.372253447778444713e+00
2.919999999999999929e+00 1.363737237307865335e+00
2.939999999999999947e+00 1.355286329611641527e+00
2.959999999999999964e+00 1.346900237631768027e+00
2.979999999999999982e+00 1.338578484158837734e+00
3.000000000000000000e+00 1.330320580496136662e+00
3.020000000000000018e+00 1.322126048192699077e+00
3.040000000000000036e+00 1.313994397832773275e+00
3.060000000000000053e+00 1.305925150598539641e+00
3.080000000000000071e+00 1.297917817196016621e+00
3.100000000000000089e+00 1.289971919239146114e+00
3.120000000000000107e+00 1.282086968322706522e+00
3.140000000000000124e+00 1.274262487219471884e+00
3.160000000000000142e+00 1.266497989110969780e+00
3.180000000000000160e+00 1.258792998589406409e+00
3.200000000000000178e+00 1.251147031056633718e+00
3.220000000000000195e+00 1.243559613522515539e+00
3.240000000000000213e+00 1.236030264182737204e+00
3.260000000000000231e+00 1.228558513005264530e+00
3.280000000000000249e+00 1.221143881497183781e+00
3.300000000000000266e+00 1.213785903070898176e+00
3.320000000000000284e+00 1.206484103010415421e+00
3.339999999999999858e+00 1.199238018608924872e+00
3.359999999999999876e+00 1.192047179344532193e+00
3.379999999999999893e+00 1.184911126780830104e+00
3.399999999999999911e+00 1.177829394962317533e+00
3.419999999999999929e+00 1.170801530069580876e+00
3.439999999999999947e+00 1.163827071044202244e+00
3.459999999999999964e+00 1.156905568990188593e+00
3.479999999999999982e+00 1.150036568038377949e+00
3.500000000000000000e+00 1.143219624485757313e+00
3.520000000000000018e+00 1.136454287908973404e+00
3.540000000000000036e+00 1.129740120033186468e+00
3.560000000000000053e+00 1.123076676104511895e+00
3.580000000000000071e+00 1.116463523480039743e+00
3.600000000000000089e+00 1.109900223268653674e+00
3.620000000000000107e+00 1.103386348633882186e+00
3.640000000000000124e+00 1.096921466712716509e+00
3.660000000000000142e+00 1.090505156622973315e+00
3.680000000000000160e+00 1.084136991669362837e+00
3.700000000000000178e+00 1.077816557047049262e+00
3.720000000000000195e+00 1.071543432344428615e+00
3.740000000000000213e+00 1.065317208934603910e+00
3.760000000000000231e+00 1.059137472783929779e+00
3.780000000000000249e+00 1.053003821523148753e+00
3.800000000000000266e+00 1.046915847570981439e+00
3.820000000000000284e+00 1.040873154876664985e+00
3.839999999999999858e+00 1.034875342367508555e+00
3.859999999999999876e+00 1.028922020354627875e+00
3.879999999999999893e+00 1.023012794313540530e+00
3.899999999999999911e+00 1.017147280944922239e+00
3.919999999999999929e+00 1.011325092296989414e+00
3.939999999999999947e+00 1.005545851473126140e+00
3.959999999999999964e+00 9.998091771049748555e-01
3.979999999999999982e+00 9.941146986987949852e-01
4.000000000000000000e+00 9.884620414678833011e-01
4.020000000000000462e+00 9.828508413095643492e-01
4.040000000000000036e+00 9.772807300056807200e-01
4.060000000000000497e+00 9.717513498221821422e-01
4.080000000000000071e+00 9.662623390861216910e-01
4.099999999999999645e+00 9.608133463998342894e-01
4.120000000000000107e+00 9.554040166030314252e-01
4.139999999999999680e+00 9.500340045935631306e-01
4.160000000000000142e+00 9.447029616829564214e-01
4.179999999999999716e+00 9.394105490158042304e-01
4.200000000000000178e+00 9.341564243271707202e-01
4.219999999999999751e+00 9.289402549527230324e-01
4.240000000000000213e+00 9.237617049961671656e-01
4.259999999999999787e+00 9.186204479222505048e-01
4.280000000000000249e+00 9.135161541425395049e-01
4.299999999999999822e+00 9.084485031834487190e-01
4.320000000000000284e+00 9.034171716984099598e-01
4.339999999999999858e+00 8.984218452031320634e-01
4.360000000000000320e+00 8.934622065223334353e-01
4.379999999999999893e+00 8.885379470844908534e-01
4.400000000000000355e+00 8.836487558110237561e-01
4.419999999999999929e+00 8.787943299628304672e-01
4.440000000000000391e+00 8.739743644799693456e-01
4.459999999999999964e+00 8.691885623723065724e-01
4.480000000000000426e+00 8.644366245175004737e-01
4.500000000000000000e+00 8.597182595880986655e-01
4.520000000000000462e+00 8.550331743157608688e-01
4.540000000000000036e+00 8.503810829472234767e-01
4.560000000000000497e+00 8.457616979824231773e-01
4.580000000000000071e+00 8.411747391517723216e-01
4.600000000000000533e+00 8.366199246359994346e-01
4.620000000000000107e+00 8.320969795572071837e-01
4.639999999999999680e+00 8.276056276880178197e-01
4.660000000000000142e+00 8.231455994489236261e-01
4.679999999999999716e+00 8.187166241144264722e-01
4.700000000000000178e+00 8.143184373092531292e-01
4.719999999999999751e+00 8.099507737189655110e-01
4.740000000000000213e+00 8.056133740776140195e-01
4.759999999999999787e+00 8.013059783904332711e-01
4.780000000000000249e+00 7.970283324055529306e-01
4.799999999999999822e+00 7.927801813561669020e-01
4.820000000000000284e+00 7.885612759089648538e-01
4.839999999999999858e+00 7.843713664332747637e-01
4.860000000000000320e+00 7.802102084189114217e-01
4.879999999999999893e+00 7.760775572795939325e-01
4.900000000000000355e+00 7.719731732329303542e-01
4.919999999999999929e+00 7.678968166455470978e-01
4.940000000000000391e+00 7.638482523679512859e-01
4.959999999999999964e+00 7.598272456286030430e-01
4.980000000000000426e+00 7.558335658164270221e-01
5.000000000000000000e+00 7.518669829311943609e-01
5.020000000000000462e+00 7.479272708064943487e-01
5.040000000000000036e+00 7.440142041235634496e-01
5.060000000000000497e+00 7.401275610675620564e-01
5.080000000000000071e+00 7.362671209121463001e-01
5.100000000000000533e+00 7.324326661018932816e-01
5.120000000000000107e+00 7.286239804147210952e-01
5.139999999999999680e+00 7.248408504633365723e-01
5.160000000000000142e+00 7.210830644427435043e-01
5.179999999999999716e+00 7.173504130436090254e-01
5.200000000000000178e+00 7.136426887919040674e-01
5.219999999999999751e+00 7.099596863671053804e-01
5.240000000000000213e+00 7.063012025411620209e-01
5.259999999999999787e+00 7.026670358944605566e-01
5.280000000000000249e+00 6.990569873611193197e-01
5.299999999999999822e+00 6.954708593356742075e-01
5.320000000000000284e+00 6.919084568318433215e-01
5.339999999999999858e+00 6.883695859729047628e-01
5.360000000000000320e+00 6.848540557708897580e-01
5.379999999999999893e+00 6.813616759936207412e-01
5.400000000000000355e+00 6.778922595714779176e-01
5.419999999999999929e+00 6.744456198340644804e-01
5.440000000000000391e+00 6.710215735514860613e-01
5.459999999999999964e+00 6.676199375336374642e-01
5.480000000000000426e+00 6.642405323131042039e-01
5.500000000000000000e+00 6.608831781000604755e-01
5.520000000000000462e+00 6.575476991137148008e-01
5.540000000000000036e+00 6.542339188858194987e-01
5.560000000000000497e+00 6.509416652477606480e-01
5.580000000000000071e+00 6.476707649756718865e-01
5.600000000000000533e+00 6.444210494400884892e-01
5.620000000000000107e+00 6.411923485856558802e-01
5.639999999999999680e+00 6.379844972504581380e-01
5.660000000000000142e+00 6.347973284733047228e-01
5.679999999999999716e+00 6.316306804896490990e-01
5.700000000000000178e+00 6.284843893594448394e-01
5.719999999999999751e+00 6.253582966467740034e-01
5.740000000000000213e+00 6.222522413612314729e-01
5.759999999999999787e+00 6.191660683282055322e-01
5.780000000000000249e+00 6.160996194367507339e-01
5.799999999999999822e+00 6.130527427076613023e-01
5.820000000000000284e+00 6.100252828407827232e-01
5.839999999999999858e+00 6.070170909878227494e-01
5.860000000000000320e+00 6.040280145920391419e-01
5.879999999999999893e+00 6.010579078729733071e-01
5.900000000000000355e+00 5.981066209514069865e-01
5.919999999999999929e+00 5.951740110530197025e-01
5.940000000000000391e+00 5.922599309115013089e-01
5.959999999999999964e+00 5.893642406983538029e-01
5.980000000000000426e+00 5.864867956970150065e-01
6.000000000000000000e+00 5.836274589658579925e-01
6.020000000000000462e+00 5.807860882761521903e-01
6.040000000000000036e+00 5.779625495155329418e-01
6.060000000000000497e+00 5.751567028826053418e-01
6.080000000000000071e+00 5.723684170379933489e-01
6.100000000000000533e+00 5.695975545483451530e-01
6.120000000000000107e+00 5.668439867923086295e-01
6.140000000000000568e+00 5.641075786466688280e-01
6.160000000000000142e+00 5.613882041544245860e-01
6.179999999999999716e+00 5.586857304457513163e-01
6.200000000000000178e+00 5.560000341756065056e-01
6.219999999999999751e+00 5.533309846721472525e-01
6.240000000000000213e+00 5.506784611511441607e-01
6.259999999999999787e+00 5.480423350844567665e-01
6.280000000000000249e+00 5.454224881987579376e-01
6.299999999999999822e+00 5.428187940566194802e-01
6.320000000000000284e+00 5.402311368469185915e-01
6.339999999999999858e+00 5.376593921710267621e-01
6.360000000000000320e+00 5.351034466325168548e-01
6.379999999999999893e+00 5.325631778208989031e-01
6.400000000000000355e+00 5.300384747081022807e-01
6.419999999999999929e+00 5.275292168221425992e-01
6.440000000000000391e+00 5.250352954581114506e-01
6.459999999999999964e+00 5.225565920341046500e-01
6.480000000000000426e+00 5.200930001243120326e-01
6.500000000000000000e+00 5.176444029894599064e-01
6.520000000000000462e+00 5.152106964398727174e-01
6.540000000000000036e+00 5.127917655326195145e-01
6.560000000000000497e+00 5.103875082722797440e-01
6.580000000000000071e+00 5.079978114669082556e-01
6.600000000000000533e+00 5.056225752745227009e-01
6.620000000000000107e+00 5.032616882099240074e-01
6.640000000000000568e+00 5.009150525447859659e-01
6.660000000000000142e+00 4.985825584572938785e-01
6.679999999999999716e+00 4.962641102940132942e-01
6.700000000000000178e+00 4.939595998542328226e-01
6.719999999999999751e+00 4.916689335216399281e-01
6.740000000000000213e+00 4.893920046751764064e-01
6.759999999999999787e+00 4.871287216988564595e-01
6.780000000000000249e+00 4.848789795108499612e-01
6.799999999999999822e+00 4.826426884596634603e-01
6.820000000000000284e+00 4.804197449630543404e-01
6.839999999999999858e+00 4.782100612991210253e-01
6.860000000000000320e+00 4.760135353465540509e-01
6.879999999999999893e+00 4.738300812790477989e-01
6.900000000000000355e+00 4.716595983983238871e-01
6.919999999999999929e+00 4.695020027405749086e-01
6.940000000000000391e+00 4.673571949935825809e-01
6.959999999999999964e+00 4.652250930238113757e-01
6.980000000000000426e+00 4.631055988688362879e-01
7.000000000000000000e+00 4.609986321940288678e-01
7.020000000000000462e+00 4.589040963513841831e-01
7.040000000000000036e+00 4.568219127746455666e-01
7.060000000000000497e+00 4.547519860955200333e-01
7.080000000000000071e+00 4.526942394864019170e-01
7.100000000000000533e+00 4.506485788248572044e-01
7.120000000000000107e+00 4.486149289930163042e-01
7.140000000000000568e+00 4.465931970810642637e-01
7.160000000000000142e+00 4.445833096527309625e-01
7.179999999999999716e+00 4.425851749784056044e-01
7.200000000000000178e+00 4.405987212760411054e-01
7.219999999999999751e+00 4.386238579643871871e-01
7.240000000000000213e+00 4.366605148889971533e-01
7.259999999999999787e+00 4.347086025859249747e-01
7.280000000000000249e+00 4.327680525024217850e-01
7.299999999999999822e+00 4.308387762613206662e-01
7.320000000000000284e+00 4.289207068863868377e-01
7.339999999999999858e+00 4.270137570574656372e-01
7.360000000000000320e+00 4.251178613503488468e-01
7.379999999999999893e+00 4.232329334726138148e-01
7.400000000000000355e+00 4.213589095282742614e-01
7.419999999999999929e+00 4.194957042240802791e-01
7.440000000000000391e+00 4.176432551691273143e-01
7.459999999999999964e+00 4.158014780412377376e-01
7.480000000000000426e+00 4.139703119321017089e-01
7.500000000000000000e+00 4.121496734631996950e-01
7.520000000000000462e+00 4.103395031869620513e-01
7.540000000000000036e+00 4.085397186415414272e-01
7.560000000000000497e+00 4.067502618188842400e-01
7.580000000000000071e+00 4.049710511474705066e-01
7.600000000000000533e+00 4.032020300381395916e-01
7.620000000000000107e+00 4.014431177837595732e-01
7.640000000000000568e+00 3.996942591940432221e-01
7.660000000000000142e+00 3.979553744009238225e-01
7.679999999999999716e+00 3.962264095935452701e-01
7.700000000000000178e+00 3.945072857179388603e-01
7.719999999999999751e+00 3.927979503238129833e-01
7.740000000000000213e+00 3.910983251469306032e-01
7.759999999999999787e+00 3.894083590792544181e-01
7.780000000000000249e+00 3.877279746222357937e-01
7.799999999999999822e+00 3.860571219923242814e-01
7.820000000000000284e+00 3.843957244331935308e-01
7.839999999999999858e+00 3.827437334685487857e-01
7.860000000000000320e+00 3.811010730611059105e-01
7.879999999999999893e+00 3.794676960251219811e-01
7.900000000000000355e+00 3.778435270197258444e-01
7.919999999999999929e+00 3.762285201335328066e-01
7.940000000000000391e+00 3.746226006997168678e-01
7.959999999999999964e+00 3.730257240655597828e-01
7.980000000000000426e+00 3.714378162164430619e-01
8.000000000000000000e+00 3.698588337431105155e-01
8.019999999999999574e+00 3.682887032615420053e-01
8.040000000000000924e+00 3.667273825912309992e-01
8.060000000000000497e+00 3.651747989576474285e-01
8.080000000000000071e+00 3.636309113947892580e-01
8.099999999999999645e+00 3.620956477167189824e-01
8.120000000000000995e+00 3.605689681581513151e-01
8.140000000000000568e+00 3.590508011013343603e-01
8.160000000000000142e+00 3.575411079683679660e-01
8.179999999999999716e+00 3.560398176894392641e-01
8.199999999999999289e+00 3.545468928611570925e-01
8.220000000000000639e+00 3.530622629418720959e-01
8.240000000000000213e+00 3.515858916902574460e-01
8.259999999999999787e+00 3.501177090732012220e-01
8.279999999999999361e+00 3.486576799994240417e-01
8.300000000000000711e+00 3.472057349251770342e-01
8.320000000000000284e+00 3.457618398976280982e-01
8.339999999999999858e+00 3.443259258433368220e-01
8.359999999999999432e+00 3.428979599367432685e-01
8.380000000000000782e+00 3.414778735560853318e-01
8.400000000000000355e+00 3.400656349923013022e-01
8.419999999999999929e+00 3.386611760567843632e-01
8.439999999999999503e+00 3.372644661465914462e-01
8.460000000000000853e+00 3.358754374881617322e-01
8.480000000000000426e+00 3.344940605746866136e-01
8.500000000000000000e+00 3.331202680296126983e-01
8.519999999999999574e+00 3.317540314326747897e-01
8.540000000000000924e+00 3.303952837866787617e-01
8.560000000000000497e+00 3.290439977486891432e-01
8.580000000000000071e+00 3.277001066832883613e-01
8.599999999999999645e+00 3.263635843160255234e-01
8.620000000000000995e+00 3.250343643560477669e-01
8.640000000000000568e+00 3.237124215889163326e-01
8.660000000000000142e+00 3.223976900511701937e-01
8.679999999999999716e+00 3.210901455802772086e-01
8.700000000000001066e+00 3.197897225233503615e-01
8.720000000000000639e+00 3.184963977620121067e-01
8.740000000000000213e+00 3.172101059371490450e-01
8.759999999999999787e+00 3.159308249671421431e-01
8.779999999999999361e+00 3.146584897701994454e-01
8.800000000000000711e+00 3.133930792944072952e-01
8.820000000000000284e+00 3.121345287188349582e-01
8.839999999999999858e+00 3.108828180145729592e-01
8.859999999999999432e+00 3.096378826054229094e-01
8.880000000000000782e+00 3.083997034791118863e-01
8.900000000000000355e+00 3.071682162880203792e-01
8.919999999999999929e+00 3.059434030304806762e-01
8.939999999999999503e+00 3.047251995716174777e-01
8.960000000000000853e+00 3.035135889146735599e-01
8.980000000000000426e+00 3.023085071216320974e-01
9.000000000000000000e+00 3.011099381952758169e-01
9.019999999999999574e+00 2.999178183788746566e-01
9.040000000000000924e+00 2.987321326697048307e-01
9.060000000000000497e+00 2.975528174766799427e-01
9.080000000000000071e+00 2.963798587868458623e-01
9.099999999999999645e+00 2.952131931594189074e-01
9.120000000000000995e+00 2.940528075668051300e-01
9.140000000000000568e+00 2.928986387030866889e-01
9.160000000000000142e+00 2.917506745219505260e-01
9.179999999999999716e+00 2.906088518371898743e-01
9.200000000000001066e+00 2.894731595799967527e-01
9.220000000000000639e+00 2.883435346686291090e-01
9.240000000000000213e+00 2.872199670083092071e-01
9.259999999999999787e+00 2.861023936067813578e-01
9.279999999999999361e+00 2.849908053401437602e-01
9.300000000000000711e+00 2.838851392905185622e-01
9.320000000000000284e+00 2.827853873020321207e-01
9.339999999999999858e+00 2.816914865163440695e-01
9.359999999999999432e+00 2.806034297430649027e-01
9.380000000000000782e+00 2.795211541684013978e-01
9.400000000000000355e+00 2.784446535652015386e-01
9.419999999999999929e+00 2.773738651494955798e-01
9.439999999999999503e+00 2.763087836554332655e-01
9.460000000000000853e+00 2.752493463139599195e-01
9.480000000000000426e+00 2.741955488188863033e-01
9.500000000000000000e+00 2.731473284014281910e-01
9.519999999999999574e+00 2.721046817137183771e-01
9.540000000000000924e+00 2.710675459724085634e-01
9.560000000000000497e+00 2.700359187869055266e-01
9.580000000000000071e+00 2.690097373446999063e-01
9.599999999999999645e+00 2.679890002117366055e-01
9.620000000000000995e+00 2.669736445315355478e-01
