# Electrodo circular de radio 6 mm y espesor 710.0 um.
# Volumen de simulacion (convencion z,y,x):
# N: 1024 x 1024 x 1024 | voxelSize:  0.02mm x 0.02mm x 0.02mm | FOV:  20.48mm x 20.48mm x 20.48mm
# 
# z [mm]		 delta[ppm]
0.000000000000000000e+00 6.737558897849626582e+00
2.000000000000000042e-02 6.096255086477196272e+00
4.000000000000000083e-02 5.504071778058182041e+00
5.999999999999999778e-02 4.978374954042156020e+00
8.000000000000000167e-02 4.523535331451586927e+00
1.000000000000000056e-01 4.135365709301659365e+00
1.199999999999999956e-01 3.805735782704314563e+00
1.400000000000000133e-01 3.525614082281387507e+00
1.600000000000000033e-01 3.286578754263312696e+00
1.799999999999999933e-01 3.081377982709906149e+00
2.000000000000000111e-01 2.904008254945960932e+00
2.200000000000000011e-01 2.749594501644442079e+00
2.399999999999999911e-01 2.614209271696459336e+00
2.600000000000000089e-01 2.494693931546331900e+00
2.800000000000000266e-01 2.388502460672774053e+00
2.999999999999999889e-01 2.293573947700768390e+00
3.200000000000000067e-01 2.208230679291059761e+00
3.400000000000000244e-01 2.131098556618772566e+00
3.599999999999999867e-01 2.061044701206231178e+00
3.800000000000000044e-01 1.997129129034121986e+00
4.000000000000000222e-01 1.938566766063823499e+00
4.199999999999999845e-01 1.884697921575992474e+00
4.400000000000000022e-01 1.834964826063253840e+00
4.600000000000000200e-01 1.788893257190086405e+00
4.799999999999999822e-01 1.746077722916404396e+00
5.000000000000000000e-01 1.706169769603567143e+00
5.200000000000000178e-01 1.668868397306625839e+00
5.400000000000000355e-01 1.633912448001794360e+00
5.600000000000000533e-01 1.601074250310974278e+00
5.799999999999999600e-01 1.570154554502048549e+00
5.999999999999999778e-01 1.540978220946153332e+00
6.199999999999999956e-01 1.513390781132416540e+00
6.400000000000000133e-01 1.487255443890442841e+00
6.600000000000000311e-01 1.462450717507743025e+00
6.800000000000000488e-01 1.438868289292315472e+00
7.000000000000000666e-01 1.416411354762778574e+00
7.199999999999999734e-01 1.394993082384885730e+00
7.399999999999999911e-01 1.374535423110920362e+00
7.600000000000000089e-01 1.354967980302561159e+00
7.800000000000000266e-01 1.336227151638620603e+00
8.000000000000000444e-01 1.318255278599169689e+00
8.200000000000000622e-01 1.301000022167444259e+00
8.399999999999999689e-01 1.284413714441078103e+00
8.599999999999999867e-01 1.268452901460351612e+00
8.800000000000000044e-01 1.253077836699821201e+00
9.000000000000000222e-01 1.238252145024328454e+00
9.200000000000000400e-01 1.223942423711171568e+00
9.400000000000000577e-01 1.210117995478293906e+00
9.599999999999999645e-01 1.196750585033877989e+00
9.799999999999999822e-01 1.183814138344730926e+00
1.000000000000000000e+00 1.171284559843837947e+00
1.020000000000000018e+00 1.159139581638015226e+00
1.040000000000000036e+00 1.147358542327582276e+00
1.060000000000000053e+00 1.135922294189786630e+00
1.080000000000000071e+00 1.124813018170979229e+00
1.100000000000000089e+00 1.114014160349068971e+00
1.120000000000000107e+00 1.103510270284418171e+00
1.140000000000000124e+00 1.093286960183540657e+00
1.159999999999999920e+00 1.083330766044463545e+00
1.179999999999999938e+00 1.073629124688031400e+00
1.199999999999999956e+00 1.064170247977695549e+00
1.219999999999999973e+00 1.054943113940223443e+00
1.239999999999999991e+00 1.045937356190691059e+00
1.260000000000000009e+00 1.037143266361587601e+00
1.280000000000000027e+00 1.028551690563804355e+00
1.300000000000000044e+00 1.020154040863461287e+00
1.320000000000000062e+00 1.011942202509506616e+00
1.340000000000000080e+00 1.003908552811808352e+00
1.360000000000000098e+00 9.960458717223095171e-01
1.380000000000000115e+00 9.883473667072470992e-01
1.400000000000000133e+00 9.808065914383099493e-01
1.419999999999999929e+00 9.734174756620064262e-01
1.439999999999999947e+00 9.661742449171213387e-01
1.459999999999999964e+00 9.590714544900194038e-01
1.479999999999999982e+00 9.521039156286409399e-01
1.500000000000000000e+00 9.452667329702905130e-01
1.520000000000000018e+00 9.385552302596480434e-01
1.540000000000000036e+00 9.319649906344752432e-01
1.560000000000000053e+00 9.254917878563991840e-01
1.580000000000000071e+00 9.191316290740272343e-01
1.600000000000000089e+00 9.128806845274383130e-01
1.620000000000000107e+00 9.067353323561850864e-01
1.640000000000000124e+00 9.006920932236880395e-01
1.660000000000000142e+00 8.947476769347499914e-01
1.679999999999999938e+00 8.888989148117905081e-01
1.699999999999999956e+00 8.831428078036810403e-01
1.719999999999999973e+00 8.774764634378825479e-01
1.739999999999999991e+00 8.718971452777737330e-01
1.760000000000000009e+00 8.664022071026188376e-01
1.780000000000000027e+00 8.609891434684392442e-01
1.800000000000000044e+00 8.556555282821104447e-01
1.820000000000000062e+00 8.503990663832973196e-01
1.840000000000000080e+00 8.452175289518217838e-01
1.860000000000000098e+00 8.401088059135514152e-01
1.880000000000000115e+00 8.350708456680817626e-01
1.900000000000000133e+00 8.301017082762822685e-01
1.919999999999999929e+00 8.251995017128409549e-01
1.939999999999999947e+00 8.203624356700988107e-01
1.959999999999999964e+00 8.155887621304124258e-01
1.979999999999999982e+00 8.108768297712971584e-01
2.000000000000000000e+00 8.062250208124275286e-01
2.020000000000000018e+00 8.016318058780902422e-01
2.040000000000000036e+00 7.970956852142164761e-01
2.060000000000000053e+00 7.926152440121363441e-01
2.080000000000000071e+00 7.881890896897500998e-01
2.100000000000000089e+00 7.838159075471461401e-01
2.120000000000000107e+00 7.794944025037219282e-01
2.140000000000000124e+00 7.752233551031325609e-01
2.160000000000000142e+00 7.710015591313815753e-01
2.180000000000000160e+00 7.668278778516975924e-01
2.200000000000000178e+00 7.627011861900212519e-01
2.220000000000000195e+00 7.586204272270877791e-01
2.240000000000000213e+00 7.545845501005570277e-01
2.260000000000000231e+00 7.505925666418871156e-01
2.280000000000000249e+00 7.466434939758392897e-01
2.300000000000000266e+00 7.427364113367719289e-01
2.319999999999999840e+00 7.388703982333590936e-01
2.339999999999999858e+00 7.350445913367731343e-01
2.359999999999999876e+00 7.312581274864617953e-01
2.379999999999999893e+00 7.275102006904615726e-01
2.399999999999999911e+00 7.238000005537393866e-01
2.419999999999999929e+00 7.201267692865689352e-01
2.439999999999999947e+00 7.164897451278398055e-01
2.459999999999999964e+00 7.128882194062207134e-01
2.479999999999999982e+00 7.093214752491203701e-01
2.500000000000000000e+00 7.057888445949920264e-01
2.520000000000000018e+00 7.022896520589591018e-01
2.540000000000000036e+00 6.988232719446625385e-01
2.560000000000000053e+00 6.953890672621816371e-01
2.580000000000000071e+00 6.919864466394910485e-01
2.600000000000000089e+00 6.886148086647252420e-01
2.620000000000000107e+00 6.852735987487840186e-01
2.640000000000000124e+00 6.819622484884458880e-01
2.660000000000000142e+00 6.786802323813653226e-01
2.680000000000000160e+00 6.754270126859361900e-01
2.700000000000000178e+00 6.722020960429203607e-01
2.720000000000000195e+00 6.690049732254549353e-01
2.740000000000000213e+00 6.658351755693983076e-01
2.760000000000000231e+00 6.626922203962091196e-01
2.780000000000000249e+00 6.595756673087215249e-01
2.800000000000000266e+00 6.564850583732227962e-01
2.819999999999999840e+00 6.534199741832624753e-01
2.839999999999999858e+00 6.503799798937874854e-01
2.859999999999999876e+00 6.473646811119625477e-01
2.879999999999999893e+00 6.443736645586315426e-01
2.899999999999999911e+00 6.414065536890977137e-01
2.919999999999999929e+00 6.384629553883349740e-01
2.939999999999999947e+00 6.355425153828401230e-01
2.959999999999999964e+00 6.326448594298029748e-01
2.979999999999999982e+00 6.297696484231377623e-01
3.000000000000000000e+00 6.269165258002370456e-01
3.020000000000000018e+00 6.240851724053916305e-01
3.040000000000000036e+00 6.212752482551461286e-01
3.060000000000000053e+00 6.184864470622416510e-01
3.080000000000000071e+00 6.157184444042499427e-01
3.100000000000000089e+00 6.129709519732332579e-01
3.120000000000000107e+00 6.102436599653497939e-01
3.140000000000000124e+00 6.075362909592941785e-01
3.160000000000000142e+00 6.048485488965368306e-01
3.180000000000000160e+00 6.021801726557485246e-01
3.200000000000000178e+00 5.995308791137260451e-01
3.220000000000000195e+00 5.969004163187183742e-01
3.240000000000000213e+00 5.942885133308327683e-01
3.260000000000000231e+00 5.916949330634192483e-01
3.280000000000000249e+00 5.891194160610444541e-01
3.300000000000000266e+00 5.865617329115958567e-01
3.320000000000000284e+00 5.840216349940376972e-01
3.339999999999999858e+00 5.814989065323685757e-01
3.359999999999999876e+00 5.789933091347423399e-01
3.379999999999999893e+00 5.765046333916462595e-01
3.399999999999999911e+00 5.740326505764713483e-01
3.419999999999999929e+00 5.715771638609862260e-01
3.439999999999999947e+00 5.691379536578543563e-01
3.459999999999999964e+00 5.667148283554104271e-01
3.479999999999999982e+00 5.643075770146422920e-01
3.500000000000000000e+00 5.619160196983349342e-01
3.520000000000000018e+00 5.595399536571669108e-01
3.540000000000000036e+00 5.571792031547931900e-01
3.560000000000000053e+00 5.548335732027884770e-01
3.580000000000000071e+00 5.525028989587080774e-01
3.600000000000000089e+00 5.501869927938081162e-01
3.620000000000000107e+00 5.478856931651759909e-01
3.640000000000000124e+00 5.455988194280526615e-01
3.660000000000000142e+00 5.433262202610911196e-01
3.680000000000000160e+00 5.410677216514612198e-01
3.700000000000000178e+00 5.388231747737597388e-01
3.720000000000000195e+00 5.365924119169243056e-01
3.740000000000000213e+00 5.343752938978671985e-01
3.760000000000000231e+00 5.321716589974518907e-01
3.780000000000000249e+00 5.299813698087868508e-01
3.800000000000000266e+00 5.278042703136823777e-01
3.820000000000000284e+00 5.256402322487028211e-01
3.839999999999999858e+00 5.234891050231512688e-01
3.859999999999999876e+00 5.213507615021438779e-01
3.879999999999999893e+00 5.192250562653109025e-01
3.899999999999999911e+00 5.171118708920749985e-01
3.919999999999999929e+00 5.150110648903943877e-01
3.939999999999999947e+00 5.129225203827891821e-01
3.959999999999999964e+00 5.108461015776746272e-01
3.979999999999999982e+00 5.087816989433646686e-01
4.000000000000000000e+00 5.067291811740171070e-01
4.020000000000000462e+00 5.046884387493602020e-01
4.040000000000000036e+00 5.026593446468441417e-01
4.060000000000000497e+00 5.006417973764674123e-01
4.080000000000000071e+00 4.986356740079886940e-01
4.099999999999999645e+00 4.966408725777406996e-01
4.120000000000000107e+00 4.946572740675031499e-01
4.139999999999999680e+00 4.926847842747785755e-01
4.160000000000000142e+00 4.907232879230795652e-01
4.179999999999999716e+00 4.887726898916318619e-01
4.200000000000000178e+00 4.868328784847352209e-01
4.219999999999999751e+00 4.849037661145521594e-01
4.240000000000000213e+00 4.829852445139835582e-01
4.259999999999999787e+00 4.810772247675182411e-01
4.280000000000000249e+00 4.791796018926655076e-01
4.299999999999999822e+00 4.772922943146760688e-01
4.320000000000000284e+00 4.754152001993496302e-01
4.339999999999999858e+00 4.735482362655536459e-01
4.360000000000000320e+00 4.716913036982613994e-01
4.379999999999999893e+00 4.698443263968943295e-01
4.400000000000000355e+00 4.680072084432356783e-01
4.419999999999999929e+00 4.661798716783977503e-01
4.440000000000000391e+00 4.643622229649516653e-01
4.459999999999999964e+00 4.625541911927639749e-01
4.480000000000000426e+00 4.607556858951348810e-01
4.500000000000000000e+00 4.589666335750773873e-01
4.520000000000000462e+00 4.571869463321458493e-01
4.540000000000000036e+00 4.554165576116829262e-01
4.560000000000000497e+00 4.536553819802930376e-01
4.580000000000000071e+00 4.519033501883732429e-01
4.600000000000000533e+00 4.501603791753253647e-01
4.620000000000000107e+00 4.484264065501640251e-01
4.639999999999999680e+00 4.467013515354992248e-01
4.660000000000000142e+00 4.449851487551799711e-01
4.679999999999999716e+00 4.432777196298238742e-01
4.700000000000000178e+00 4.415790055786190105e-01
4.719999999999999751e+00 4.398889301391303852e-01
4.740000000000000213e+00 4.382074314707898877e-01
4.759999999999999787e+00 4.365344351509535814e-01
4.780000000000000249e+00 4.348698860895424678e-01
4.799999999999999822e+00 4.332137118302254453e-01
4.820000000000000284e+00 4.315658537622338309e-01
4.839999999999999858e+00 4.299262413255485749e-01
4.860000000000000320e+00 4.282948226317436213e-01
4.879999999999999893e+00 4.266715289503915098e-01
4.900000000000000355e+00 4.250563046233599152e-01
4.919999999999999929e+00 4.234490826861938007e-01
4.940000000000000391e+00 4.218498141901413367e-01
4.959999999999999964e+00 4.202584338760353977e-01
4.980000000000000426e+00 4.186748887867802749e-01
5.000000000000000000e+00 4.170991153105796934e-01
5.020000000000000462e+00 4.155310672006191086e-01
5.040000000000000036e+00 4.139706824371737759e-01
5.060000000000000497e+00 4.124179105354894292e-01
5.080000000000000071e+00 4.108726910151053180e-01
5.100000000000000533e+00 4.093349801151534573e-01
5.120000000000000107e+00 4.078047188439778425e-01
5.139999999999999680e+00 4.062818589809805703e-01
5.160000000000000142e+00 4.047663429750778530e-01
5.179999999999999716e+00 4.032581293548632151e-01
5.200000000000000178e+00 4.017571619637029245e-01
5.219999999999999751e+00 4.002633946554153277e-01
5.240000000000000213e+00 3.987767726237022581e-01
5.259999999999999787e+00 3.972972565076877127e-01
5.280000000000000249e+00 3.958247928091872536e-01
5.299999999999999822e+00 3.943593372832807087e-01
5.320000000000000284e+00 3.929008376994789775e-01
5.339999999999999858e+00 3.914492566443264487e-01
5.360000000000000320e+00 3.900045431163259302e-01
5.379999999999999893e+00 3.885666546136155031e-01
5.400000000000000355e+00 3.871355413266193146e-01
5.419999999999999929e+00 3.857111676404417211e-01
5.440000000000000391e+00 3.842934849018930787e-01
5.459999999999999964e+00 3.828824522074413816e-01
5.480000000000000426e+00 3.814780220262237731e-01
5.500000000000000000e+00 3.800801604059458882e-01
5.520000000000000462e+00 3.786888209054023458e-01
5.540000000000000036e+00 3.773039640868573463e-01
5.560000000000000497e+00 3.759255445674328788e-01
5.580000000000000071e+00 3.745535299331392287e-01
5.600000000000000533e+00 3.731878758293563081e-01
5.620000000000000107e+00 3.718285441626257848e-01
5.639999999999999680e+00 3.704754915777236923e-01
5.660000000000000142e+00 3.691286870852352187e-01
5.679999999999999716e+00 3.677880883016135805e-01
5.700000000000000178e+00 3.664536583661514579e-01
5.719999999999999751e+00 3.651253558403630972e-01
5.740000000000000213e+00 3.638031510552670600e-01
5.759999999999999787e+00 3.624870034918583062e-01
5.780000000000000249e+00 3.611768774197016696e-01
5.799999999999999822e+00 3.598727332146929858e-01
5.820000000000000284e+00 3.585745424328549147e-01
5.839999999999999858e+00 3.572822663213435779e-01
5.860000000000000320e+00 3.559958701857454666e-01
5.879999999999999893e+00 3.547153161217538875e-01
5.900000000000000355e+00 3.534405768228867650e-01
5.919999999999999929e+00 3.521716152115110243e-01
5.940000000000000391e+00 3.509083975424436286e-01
5.959999999999999964e+00 3.496508875436896702e-01
5.980000000000000426e+00 3.483990589659581305e-01
6.000000000000000000e+00 3.471528763226461867e-01
6.020000000000000462e+00 3.459123067378008232e-01
6.040000000000000036e+00 3.446773154907168957e-01
6.060000000000000497e+00 3.434478773155650311e-01
6.080000000000000071e+00 3.422239582387686663e-01
6.100000000000000533e+00 3.410055261797861892e-01
6.120000000000000107e+00 3.397925478940876931e-01
6.140000000000000568e+00 3.385849990315693558e-01
6.160000000000000142e+00 3.373828470593267514e-01
6.179999999999999716e+00 3.361860606240417715e-01
6.200000000000000178e+00 3.349946078876480104e-01
6.219999999999999751e+00 3.338084653535033364e-01
6.240000000000000213e+00 3.326276018621959207e-01
6.259999999999999787e+00 3.314519867245694917e-01
6.280000000000000249e+00 3.302815894442626132e-01
6.299999999999999822e+00 3.291163873208344803e-01
6.320000000000000284e+00 3.279563505059270301e-01
6.339999999999999858e+00 3.268014489161651936e-01
6.360000000000000320e+00 3.256516533366770605e-01
6.379999999999999893e+00 3.245069418105341330e-01
6.400000000000000355e+00 3.233672857423480762e-01
6.419999999999999929e+00 3.222326556004111442e-01
6.440000000000000391e+00 3.211030233952990032e-01
6.459999999999999964e+00 3.199783678650974239e-01
6.480000000000000426e+00 3.188586616133052276e-01
6.500000000000000000e+00 3.177438756096642725e-01
6.520000000000000462e+00 3.166339830379988340e-01
6.540000000000000036e+00 3.155289632867424032e-01
6.560000000000000497e+00 3.144287901078849368e-01
6.580000000000000071e+00 3.133334349259528362e-01
6.600000000000000533e+00 3.122428720493576892e-01
6.620000000000000107e+00 3.111570814757319003e-01
6.640000000000000568e+00 3.100760380585638187e-01
6.660000000000000142e+00 3.089997136337452877e-01
6.679999999999999716e+00 3.079280835888797418e-01
6.700000000000000178e+00 3.068611284928692839e-01
6.719999999999999751e+00 3.057988242568411286e-01
6.740000000000000213e+00 3.047411430876031946e-01
6.759999999999999787e+00 3.036880614095655573e-01
6.780000000000000249e+00 3.026395603279415925e-01
6.799999999999999822e+00 3.015956167705359792e-01
6.820000000000000284e+00 3.005562032773207992e-01
6.839999999999999858e+00 2.995212972699343168e-01
6.860000000000000320e+00 2.984908803576401537e-01
6.879999999999999893e+00 2.974649304466563393e-01
6.900000000000000355e+00 2.964434203748402830e-01
6.919999999999999929e+00 2.954263285240502079e-01
6.940000000000000391e+00 2.944136369778546092e-01
6.959999999999999964e+00 2.934053245850998248e-01
6.980000000000000426e+00 2.924013644485064511e-01
7.000000000000000000e+00 2.914017358755483511e-01
7.020000000000000462e+00 2.904064213966383035e-01
7.040000000000000036e+00 2.894154007697855580e-01
7.060000000000000497e+00 2.884286473316038935e-01
7.080000000000000071e+00 2.874461412828068219e-01
7.100000000000000533e+00 2.864678655753070124e-01
7.120000000000000107e+00 2.854938008449511844e-01
7.140000000000000568e+00 2.845239206331550696e-01
7.160000000000000142e+00 2.835582060035724550e-01
7.179999999999999716e+00 2.825966403062051824e-01
7.200000000000000178e+00 2.816392050254227786e-01
7.219999999999999751e+00 2.806858738800519504e-01
7.240000000000000213e+00 2.797366287683207275e-01
7.259999999999999787e+00 2.787914534166979208e-01
7.280000000000000249e+00 2.778503301306256001e-01
7.299999999999999822e+00 2.769132327805063909e-01
7.320000000000000284e+00 2.759801440725723198e-01
7.339999999999999858e+00 2.750510480897835341e-01
7.360000000000000320e+00 2.741259279329437692e-01
7.379999999999999893e+00 2.732047575996101041e-01
7.400000000000000355e+00 2.722875205791409625e-01
7.419999999999999929e+00 2.713742012925216551e-01
7.440000000000000391e+00 2.704647836118415083e-01
7.459999999999999964e+00 2.695592416386605183e-01
7.480000000000000426e+00 2.686575596221623119e-01
7.500000000000000000e+00 2.677597223042875174e-01
7.520000000000000462e+00 2.668657143058554282e-01
7.540000000000000036e+00 2.659755098104484849e-01
7.560000000000000497e+00 2.650890938052453683e-01
7.580000000000000071e+00 2.642064513373632018e-01
7.600000000000000533e+00 2.633275677552293081e-01
7.620000000000000107e+00 2.624524173035016061e-01
7.640000000000000568e+00 2.615809856869164562e-01
7.660000000000000142e+00 2.607132582431709866e-01
7.679999999999999716e+00 2.598492210285234250e-01
7.700000000000000178e+00 2.589888483287124954e-01
7.719999999999999751e+00 2.581321265468943804e-01
7.740000000000000213e+00 2.572790412978380736e-01
7.759999999999999787e+00 2.564295793271229584e-01
7.780000000000000249e+00 2.555837149424139421e-01
7.799999999999999822e+00 2.547414352273821292e-01
7.820000000000000284e+00 2.539027260613714865e-01
7.839999999999999858e+00 2.530675748619601317e-01
7.860000000000000320e+00 2.522359559403435370e-01
7.879999999999999893e+00 2.514078570439616245e-01
7.900000000000000355e+00 2.505832643051578712e-01
7.919999999999999929e+00 2.497621657973222165e-01
7.940000000000000391e+00 2.489445358174519340e-01
7.959999999999999964e+00 2.481303627611051721e-01
7.980000000000000426e+00 2.473196330029132084e-01
8.000000000000000000e+00 2.465123352569445481e-01
8.019999999999999574e+00 2.457084437888736039e-01
8.040000000000000924e+00 2.449079476277569722e-01
8.060000000000000497e+00 2.441108333805866448e-01
8.080000000000000071e+00 2.433170903879990632e-01
8.099999999999999645e+00 2.425266928677287659e-01
8.120000000000000995e+00 2.417396304686990904e-01
8.140000000000000568e+00 2.409558900210755361e-01
8.160000000000000142e+00 2.401754614788905451e-01
8.179999999999999716e+00 2.393983189957936408e-01
8.199999999999999289e+00 2.386244528278706756e-01
8.220000000000000639e+00 2.378538500199326999e-01
8.240000000000000213e+00 2.370865011271678646e-01
8.259999999999999787e+00 2.363223802233630211e-01
8.279999999999999361e+00 2.355614781599625618e-01
8.300000000000000711e+00 2.348037821885237408e-01
8.320000000000000284e+00 2.340492834540027212e-01
8.339999999999999858e+00 2.332979559348911658e-01
8.359999999999999432e+00 2.325497910670248081e-01
8.380000000000000782e+00 2.318047763013769968e-01
8.400000000000000355e+00 2.310629033621261763e-01
8.419999999999999929e+00 2.303241461172922944e-01
8.439999999999999503e+00 2.295884965769533215e-01
8.460000000000000853e+00 2.288559423847054408e-01
8.480000000000000426e+00 2.281264758341788879e-01
8.500000000000000000e+00 2.274000706679817352e-01
8.519999999999999574e+00 2.266767194610519454e-01
8.540000000000000924e+00 2.259564100432966960e-01
8.560000000000000497e+00 2.252391352688059012e-01
8.580000000000000071e+00 2.245248687399835907e-01
8.599999999999999645e+00 2.238136035879979557e-01
8.620000000000000995e+00 2.231053278232159043e-01
8.640000000000000568e+00 2.224000348519064030e-01
8.660000000000000142e+00 2.216976981216077225e-01
8.679999999999999716e+00 2.209983113118005327e-01
8.700000000000001066e+00 2.203018626078731557e-01
8.720000000000000639e+00 2.196083459607112987e-01
8.740000000000000213e+00 2.189177346483853759e-01
8.759999999999999787e+00 2.182300228914673956e-01
8.779999999999999361e+00 2.175451990453114437e-01
8.800000000000000711e+00 2.168632575985299515e-01
8.820000000000000284e+00 2.161841716451589901e-01
8.839999999999999858e+00 2.155079359402989059e-01
8.859999999999999432e+00 2.148345390045781622e-01
8.880000000000000782e+00 2.141639758581054820e-01
8.900000000000000355e+00 2.134962193962927079e-01
8.919999999999999929e+00 2.128312649028583636e-01
8.939999999999999503e+00 2.121691010593415583e-01
8.960000000000000853e+00 2.115097234117516711e-01
8.980000000000000426e+00 2.108531046422281452e-01
9.000000000000000000e+00 2.101992405578285150e-01
9.019999999999999574e+00 2.095481199969411734e-01
9.040000000000000924e+00 2.088997390265029674e-01
9.060000000000000497e+00 2.082540701006348194e-01
9.080000000000000071e+00 2.076111095450602073e-01
9.099999999999999645e+00 2.069708463512473229e-01
9.120000000000000995e+00 2.063332771026838985e-01
9.140000000000000568e+00 2.056983740105904346e-01
9.160000000000000142e+00 2.050661339152858031e-01
9.179999999999999716e+00 2.044365459577949795e-01
9.200000000000001066e+00 2.038096072343934251e-01
9.220000000000000639e+00 2.031852896983279977e-01
9.240000000000000213e+00 2.025635907010267800e-01
9.259999999999999787e+00 2.019444995298093626e-01
9.279999999999999361e+00 2.013280137905289480e-01
9.300000000000000711e+00 2.007141051631849693e-01
9.320000000000000284e+00 2.001027715073990521e-01
9.339999999999999858e+00 1.994940022537410595e-01
9.359999999999999432e+00 1.988877955150195886e-01
9.380000000000000782e+00 1.982841226824487990e-01
9.400000000000000355e+00 1.976829821215026761e-01
9.419999999999999929e+00 1.970843634031634872e-01
9.439999999999999503e+00 1.964882651451267948e-01
9.460000000000000853e+00 1.958946584340014452e-01
9.480000000000000426e+00 1.953035421393251869e-01
9.500000000000000000e+00 1.947149059698495555e-01
9.519999999999999574e+00 1.941287490466480359e-01
9.540000000000000924e+00 1.935450421355736361e-01
9.560000000000000497e+00 1.929637846089913844e-01
9.580000000000000071e+00 1.923849663109705177e-01
9.599999999999999645e+00 1.918085868649997694e-01
9.620000000000000995e+00 1.912346166996578833e-01
