# Electrodo circular de radio 6 mm y espesor 710.0 um.
# Volumen de simulacion (convencion z,y,x):
# N: 1024 x 1024 x 1024 | voxelSize:  0.02mm x 0.02mm x 0.02mm | FOV:  20.48mm x 20.48mm x 20.48mm
# 
# z [mm]		 delta[ppm]
0.000000000000000000e+00 2.491183980593452585e+00
2.000000000000000042e-02 2.488094071459133971e+00
4.000000000000000083e-02 2.484911815612101282e+00
5.999999999999999778e-02 2.481637936874130368e+00
8.000000000000000167e-02 2.478273127579736723e+00
1.000000000000000056e-01 2.474818094363337107e+00
1.199999999999999956e-01 2.471273560631832567e+00
1.400000000000000133e-01 2.467640267945873767e+00
1.600000000000000033e-01 2.463918971280102177e+00
1.799999999999999933e-01 2.460110443468807251e+00
2.000000000000000111e-01 2.456215469442482480e+00
2.200000000000000011e-01 2.452234851193213494e+00
2.399999999999999911e-01 2.448169402023089525e+00
2.600000000000000089e-01 2.444019951560849613e+00
2.800000000000000266e-01 2.439787339885107542e+00
2.999999999999999889e-01 2.435472422663694125e+00
3.200000000000000067e-01 2.431076065136720477e+00
3.400000000000000244e-01 2.426599147405144041e+00
3.599999999999999867e-01 2.422042558235849352e+00
3.800000000000000044e-01 2.417407200523670419e+00
4.000000000000000222e-01 2.412693984911101985e+00
4.199999999999999845e-01 2.407903835433680584e+00
4.400000000000000022e-01 2.403037682946228770e+00
4.600000000000000200e-01 2.398096470958958282e+00
4.799999999999999822e-01 2.393081148868339003e+00
5.000000000000000000e-01 2.387992677987130552e+00
5.200000000000000178e-01 2.382832024580177510e+00
5.400000000000000355e-01 2.377600166090278133e+00
5.600000000000000533e-01 2.372298083979616834e+00
5.799999999999999600e-01 2.366926770151837722e+00
5.999999999999999778e-01 2.361487219602379284e+00
6.199999999999999956e-01 2.355980437036333530e+00
6.400000000000000133e-01 2.350407429329845144e+00
6.600000000000000311e-01 2.344769212342640241e+00
6.800000000000000488e-01 2.339066803194983279e+00
7.000000000000000666e-01 2.333301227273202549e+00
7.199999999999999734e-01 2.327473510325284600e+00
7.399999999999999911e-01 2.321584685657346991e+00
7.600000000000000089e-01 2.315635786052904876e+00
7.800000000000000266e-01 2.309627851157842304e+00
8.000000000000000444e-01 2.303561919227028465e+00
8.200000000000000622e-01 2.297439034695062166e+00
8.399999999999999689e-01 2.291260239755561035e+00
8.599999999999999867e-01 2.285026582114632721e+00
8.800000000000000044e-01 2.278739106406955095e+00
9.000000000000000222e-01 2.272398862128683916e+00
9.200000000000000400e-01 2.266006894895819190e+00
9.400000000000000577e-01 2.259564254553036555e+00
9.599999999999999645e-01 2.253071986278719852e+00
9.799999999999999822e-01 2.246531138866004529e+00
1.000000000000000000e+00 2.239942755680076836e+00
1.020000000000000018e+00 2.233307883107444436e+00
1.040000000000000036e+00 2.226627561370156272e+00
1.060000000000000053e+00 2.219902833139183684e+00
1.080000000000000071e+00 2.213134734211190224e+00
1.100000000000000089e+00 2.206324302281679195e+00
1.120000000000000107e+00 2.199472567489165087e+00
1.140000000000000124e+00 2.192580561343561385e+00
1.159999999999999920e+00 2.185649307143471276e+00
1.179999999999999938e+00 2.178679829055093720e+00
1.199999999999999956e+00 2.171673142407638757e+00
1.219999999999999973e+00 2.164630262917901948e+00
1.239999999999999991e+00 2.157552196869541916e+00
1.260000000000000009e+00 2.150439950478276518e+00
1.280000000000000027e+00 2.143294519960176725e+00
1.300000000000000044e+00 2.136116901032293125e+00
1.320000000000000062e+00 2.128908078875766385e+00
1.340000000000000080e+00 2.121669037766512833e+00
1.360000000000000098e+00 2.114400750938441043e+00
1.380000000000000115e+00 2.107104190338704885e+00
1.400000000000000133e+00 2.099780316396857138e+00
1.419999999999999929e+00 2.092430087899030955e+00
1.439999999999999947e+00 2.085054451668431508e+00
1.459999999999999964e+00 2.077654352552658512e+00
1.479999999999999982e+00 2.070230723021448060e+00
1.500000000000000000e+00 2.062784493261208496e+00
1.520000000000000018e+00 2.055316580695542239e+00
1.540000000000000036e+00 2.047827900180932303e+00
1.560000000000000053e+00 2.040319353456021556e+00
1.580000000000000071e+00 2.032791839432287251e+00
1.600000000000000089e+00 2.025246243577701222e+00
1.620000000000000107e+00 2.017683448296105464e+00
1.640000000000000124e+00 2.010104322251297315e+00
1.660000000000000142e+00 2.002509730828705425e+00
1.679999999999999938e+00 1.994900525405643110e+00
1.699999999999999956e+00 1.987277553888777248e+00
1.719999999999999973e+00 1.979641649936676018e+00
1.739999999999999991e+00 1.971993643566452681e+00
1.760000000000000009e+00 1.964334350334475676e+00
1.780000000000000027e+00 1.956664582005462227e+00
1.800000000000000044e+00 1.948985135697575144e+00
1.820000000000000062e+00 1.941296804607154147e+00
1.840000000000000080e+00 1.933600367124183483e+00
1.860000000000000098e+00 1.925896597605759597e+00
1.880000000000000115e+00 1.918186255468236290e+00
1.900000000000000133e+00 1.910470096002448326e+00
1.919999999999999929e+00 1.902748859448627483e+00
1.939999999999999947e+00 1.895023281846330176e+00
1.959999999999999964e+00 1.887294084098529501e+00
1.979999999999999982e+00 1.879561982849088375e+00
2.000000000000000000e+00 1.871827679542263034e+00
2.020000000000000018e+00 1.864091871320518345e+00
2.040000000000000036e+00 1.856355240085936664e+00
2.060000000000000053e+00 1.848618463411098700e+00
2.080000000000000071e+00 1.840882203608734891e+00
2.100000000000000089e+00 1.833147118648334351e+00
2.120000000000000107e+00 1.825413851240659913e+00
2.140000000000000124e+00 1.817683039752663987e+00
2.160000000000000142e+00 1.809955307313337203e+00
2.180000000000000160e+00 1.802231272719466260e+00
2.200000000000000178e+00 1.794511539569546343e+00
2.220000000000000195e+00 1.786796707152856767e+00
2.240000000000000213e+00 1.779087359618021447e+00
2.260000000000000231e+00 1.771384076837847488e+00
2.280000000000000249e+00 1.763687423619349826e+00
2.300000000000000266e+00 1.755997960536730629e+00
2.319999999999999840e+00 1.748316233189599167e+00
2.339999999999999858e+00 1.740642782996413507e+00
2.359999999999999876e+00 1.732978136507844047e+00
2.379999999999999893e+00 1.725322816152972116e+00
2.399999999999999911e+00 1.717677329614611281e+00
2.419999999999999929e+00 1.710042180520536803e+00
2.439999999999999947e+00 1.702417857887811969e+00
2.459999999999999964e+00 1.694804846751251981e+00
2.479999999999999982e+00 1.687203617683712409e+00
2.500000000000000000e+00 1.679614637353971762e+00
2.520000000000000018e+00 1.672038358130132130e+00
2.540000000000000036e+00 1.664475228559068931e+00
2.560000000000000053e+00 1.656925683060013643e+00
2.580000000000000071e+00 1.649390152317677050e+00
2.600000000000000089e+00 1.641869053073274687e+00
2.620000000000000107e+00 1.634362798423423468e+00
2.640000000000000124e+00 1.626871787715772788e+00
2.660000000000000142e+00 1.619396416745731537e+00
2.680000000000000160e+00 1.611937067764082077e+00
2.700000000000000178e+00 1.604494119563559806e+00
2.720000000000000195e+00 1.597067937605726184e+00
2.740000000000000213e+00 1.589658883989414573e+00
2.760000000000000231e+00 1.582267307704328774e+00
2.780000000000000249e+00 1.574893554473338231e+00
2.800000000000000266e+00 1.567537957140174187e+00
2.819999999999999840e+00 1.560200845377552437e+00
2.839999999999999858e+00 1.552882536216512843e+00
2.859999999999999876e+00 1.545583343612313199e+00
2.879999999999999893e+00 1.538303569122901004e+00
2.899999999999999911e+00 1.531043511324486461e+00
2.919999999999999929e+00 1.523803456646812826e+00
2.939999999999999947e+00 1.516583688630291693e+00
2.959999999999999964e+00 1.509384478925642536e+00
2.979999999999999982e+00 1.502206096384504530e+00
3.000000000000000000e+00 1.495048798231157772e+00
3.020000000000000018e+00 1.487912838978478369e+00
3.040000000000000036e+00 1.480798461779407216e+00
3.060000000000000053e+00 1.473705907160097528e+00
3.080000000000000071e+00 1.466635404558957578e+00
3.100000000000000089e+00 1.459587180868809897e+00
3.120000000000000107e+00 1.452561452171253542e+00
3.140000000000000124e+00 1.445558432079672384e+00
3.160000000000000142e+00 1.438578323676801718e+00
3.180000000000000160e+00 1.431621327650378417e+00
3.200000000000000178e+00 1.424687634441736961e+00
3.220000000000000195e+00 1.417777432165929108e+00
3.240000000000000213e+00 1.410890898979272556e+00
3.260000000000000231e+00 1.404028210775710717e+00
3.280000000000000249e+00 1.397189533781253434e+00
3.300000000000000266e+00 1.390375032018326795e+00
3.320000000000000284e+00 1.383584860135119721e+00
3.339999999999999858e+00 1.376819170629682176e+00
3.359999999999999876e+00 1.370078106922153482e+00
3.379999999999999893e+00 1.363361810330349089e+00
3.399999999999999911e+00 1.356670413392965679e+00
3.419999999999999929e+00 1.350004046588367590e+00
3.439999999999999947e+00 1.343362831916796285e+00
3.459999999999999964e+00 1.336746889354119672e+00
3.479999999999999982e+00 1.330156330701158796e+00
3.500000000000000000e+00 1.323591265764086256e+00
3.520000000000000018e+00 1.317051796478996284e+00
3.540000000000000036e+00 1.310538022810658898e+00
3.560000000000000053e+00 1.304050037160509268e+00
3.580000000000000071e+00 1.297587929975412946e+00
3.600000000000000089e+00 1.291151784447276629e+00
3.620000000000000107e+00 1.284741681823501791e+00
3.640000000000000124e+00 1.278357696406416499e+00
3.660000000000000142e+00 1.271999900557102769e+00
3.680000000000000160e+00 1.265668360002875970e+00
3.700000000000000178e+00 1.259363138526103043e+00
3.720000000000000195e+00 1.253084293588043074e+00
3.740000000000000213e+00 1.246831880694298400e+00
3.760000000000000231e+00 1.240605949343256631e+00
3.780000000000000249e+00 1.234406547059822667e+00
3.800000000000000266e+00 1.228233715676790405e+00
3.820000000000000284e+00 1.222087495028457926e+00
3.839999999999999858e+00 1.215967919573265554e+00
3.859999999999999876e+00 1.209875021738888723e+00
3.879999999999999893e+00 1.203808828894510130e+00
3.899999999999999911e+00 1.197769366338976793e+00
3.919999999999999929e+00 1.191756654631088708e+00
3.939999999999999947e+00 1.185770712212390166e+00
3.959999999999999964e+00 1.179811553103880639e+00
3.979999999999999982e+00 1.173879189155008884e+00
4.000000000000000000e+00 1.167973628115236195e+00
4.020000000000000462e+00 1.162094875500761182e+00
4.040000000000000036e+00 1.156242933049384636e+00
4.060000000000000497e+00 1.150417800196531504e+00
4.080000000000000071e+00 1.144619472921855285e+00
4.099999999999999645e+00 1.138847944826086200e+00
4.120000000000000107e+00 1.133103206377864991e+00
4.139999999999999680e+00 1.127385245582915418e+00
4.160000000000000142e+00 1.121694047639638647e+00
4.179999999999999716e+00 1.116029595192088442e+00
4.200000000000000178e+00 1.110391868402841542e+00
4.219999999999999751e+00 1.104780844781277915e+00
4.240000000000000213e+00 1.099196499682277173e+00
4.259999999999999787e+00 1.093638805701250716e+00
4.280000000000000249e+00 1.088107733607223349e+00
4.299999999999999822e+00 1.082603251296093916e+00
4.320000000000000284e+00 1.077125325166689906e+00
4.339999999999999858e+00 1.071673918623653465e+00
4.360000000000000320e+00 1.066248993905121623e+00
4.379999999999999893e+00 1.060850510126635893e+00
4.400000000000000355e+00 1.055478425569054579e+00
4.419999999999999929e+00 1.050132695254927695e+00
4.440000000000000391e+00 1.044813273705255119e+00
4.459999999999999964e+00 1.039520112039715949e+00
4.480000000000000426e+00 1.034253161210979766e+00
4.500000000000000000e+00 1.029012368620092488e+00
4.520000000000000462e+00 1.023797681837059104e+00
4.540000000000000036e+00 1.018609044722761592e+00
4.560000000000000497e+00 1.013446401644489070e+00
4.580000000000000071e+00 1.008309693095705395e+00
4.600000000000000533e+00 1.003198860415285720e+00
4.620000000000000107e+00 9.981138408964301822e-01
4.639999999999999680e+00 9.930545730183703013e-01
4.660000000000000142e+00 9.880209910357007352e-01
4.679999999999999716e+00 9.830130307313373894e-01
4.700000000000000178e+00 9.780306234775290042e-01
4.719999999999999751e+00 9.730737025188893607e-01
4.740000000000000213e+00 9.681421964962944049e-01
4.759999999999999787e+00 9.632360362688362487e-01
4.780000000000000249e+00 9.583551478918168609e-01
4.799999999999999822e+00 9.534994599864849985e-01
4.820000000000000284e+00 9.486688961633042982e-01
4.839999999999999858e+00 9.438633829483537019e-01
4.860000000000000320e+00 9.390828416430426762e-01
4.879999999999999893e+00 9.343271968160740126e-01
4.900000000000000355e+00 9.295963675907343848e-01
4.919999999999999929e+00 9.248902767113804657e-01
4.940000000000000391e+00 9.202088412493856229e-01
4.959999999999999964e+00 9.155519822531245078e-01
4.980000000000000426e+00 9.109196148636532486e-01
5.000000000000000000e+00 9.063116585571886485e-01
5.020000000000000462e+00 9.017280266615647077e-01
5.040000000000000036e+00 8.971686372002417587e-01
5.060000000000000497e+00 8.926334018005364079e-01
5.080000000000000071e+00 8.881222371482316857e-01
5.100000000000000533e+00 8.836350532785642864e-01
5.120000000000000107e+00 8.791717656505247946e-01
5.139999999999999680e+00 8.747322828115358107e-01
5.160000000000000142e+00 8.703165191005879375e-01
5.179999999999999716e+00 8.659243816775140656e-01
5.200000000000000178e+00 8.615557838641232369e-01
5.219999999999999751e+00 8.572106315289373946e-01
5.240000000000000213e+00 8.528888370755364212e-01
5.259999999999999787e+00 8.485903051735805835e-01
5.280000000000000249e+00 8.443149474036091284e-01
5.299999999999999822e+00 8.400626673251565535e-01
5.320000000000000284e+00 8.358333757872619119e-01
5.339999999999999858e+00 8.316269753244440732e-01
5.360000000000000320e+00 8.274433761422533840e-01
5.379999999999999893e+00 8.232824798317870396e-01
5.400000000000000355e+00 8.191441960396674826e-01
5.419999999999999929e+00 8.150284254917676829e-01
5.440000000000000391e+00 8.109350773570138671e-01
5.459999999999999964e+00 8.068640515709434302e-01
5.480000000000000426e+00 8.028152569027793284e-01
5.500000000000000000e+00 7.987885925694108158e-01
5.520000000000000462e+00 7.947839670152242464e-01
5.540000000000000036e+00 7.908012788070246657e-01
5.560000000000000497e+00 7.868404361361974741e-01
5.580000000000000071e+00 7.829013369850353898e-01
5.600000000000000533e+00 7.789838893608003190e-01
5.620000000000000107e+00 7.750879907239235367e-01
5.639999999999999680e+00 7.712135489635923991e-01
5.660000000000000142e+00 7.673604610781978863e-01
5.679999999999999716e+00 7.635286349021496166e-01
5.700000000000000178e+00 7.597179670288763953e-01
5.719999999999999751e+00 7.559283652986403812e-01
5.740000000000000213e+00 7.521597259543643110e-01
5.759999999999999787e+00 7.484119569002146699e-01
5.780000000000000249e+00 7.446849540804801881e-01
5.799999999999999822e+00 7.409786255188022253e-01
5.820000000000000284e+00 7.372928669102551957e-01
5.839999999999999858e+00 7.336275864511161426e-01
5.860000000000000320e+00 7.299826796342480106e-01
5.879999999999999893e+00 7.263580548794078551e-01
5.900000000000000355e+00 7.227536075219609391e-01
5.919999999999999929e+00 7.191692462537384589e-01
5.940000000000000391e+00 7.156048662950682537e-01
5.959999999999999964e+00 7.120603766562970671e-01
5.980000000000000426e+00 7.085356724830270680e-01
6.000000000000000000e+00 7.050306631484681841e-01
6.020000000000000462e+00 7.015452437617182291e-01
6.040000000000000036e+00 6.980793241011782335e-01
6.060000000000000497e+00 6.946327992756681224e-01
6.080000000000000071e+00 6.912055795091753829e-01
6.100000000000000533e+00 6.877975599444919874e-01
6.120000000000000107e+00 6.844086512897215036e-01
6.140000000000000568e+00 6.810387487540393581e-01
6.160000000000000142e+00 6.776877635663712818e-01
6.179999999999999716e+00 6.743555910328616898e-01
6.200000000000000178e+00 6.710421429382457115e-01
6.219999999999999751e+00 6.677473147144805665e-01
6.240000000000000213e+00 6.644710187354188058e-01
6.259999999999999787e+00 6.612131505860019409e-01
6.280000000000000249e+00 6.579736232608948132e-01
6.299999999999999822e+00 6.547523325235666825e-01
6.320000000000000284e+00 6.515491920196468945e-01
6.339999999999999858e+00 6.483640977151178264e-01
6.360000000000000320e+00 6.451969639352261865e-01
6.379999999999999893e+00 6.420476868709579232e-01
6.400000000000000355e+00 6.389161815544055489e-01
6.419999999999999929e+00 6.358023444225789911e-01
6.440000000000000391e+00 6.327060912402653337e-01
6.459999999999999964e+00 6.296273187101507629e-01
6.480000000000000426e+00 6.265659433542367651e-01
6.500000000000000000e+00 6.235218621591752663e-01
6.520000000000000462e+00 6.204949924274363315e-01
6.540000000000000036e+00 6.174852314466457992e-01
6.560000000000000497e+00 6.144924973217712472e-01
6.580000000000000071e+00 6.115166876571693777e-01
6.600000000000000533e+00 6.085577213811687036e-01
6.620000000000000107e+00 6.056154964294224730e-01
6.640000000000000568e+00 6.026899325733543478e-01
6.660000000000000142e+00 5.997809280933255049e-01
6.679999999999999716e+00 5.968884036225049483e-01
6.700000000000000178e+00 5.940122577982747121e-01
6.719999999999999751e+00 5.911524121331752646e-01
6.740000000000000213e+00 5.883087656328448434e-01
6.759999999999999787e+00 5.854812407058225254e-01
6.780000000000000249e+00 5.826697367362331237e-01
6.799999999999999822e+00 5.798741770442956689e-01
6.820000000000000284e+00 5.770944614018462815e-01
6.839999999999999858e+00 5.743305140555582389e-01
6.860000000000000320e+00 5.715822351732814388e-01
6.879999999999999893e+00 5.688495499420412882e-01
6.900000000000000355e+00 5.661323589330810035e-01
6.919999999999999929e+00 5.634305882868487769e-01
6.940000000000000391e+00 5.607441389845051471e-01
6.959999999999999964e+00 5.580729381321839488e-01
6.980000000000000426e+00 5.554168871266387253e-01
7.000000000000000000e+00 5.527759140512035207e-01
7.020000000000000462e+00 5.501499207231046462e-01
7.040000000000000036e+00 5.475388362136616172e-01
7.060000000000000497e+00 5.449425627646703463e-01
7.080000000000000071e+00 5.423610304455203091e-01
7.100000000000000533e+00 5.397941419259560947e-01
7.120000000000000107e+00 5.372418282828621550e-01
7.140000000000000568e+00 5.347039926165786383e-01
7.160000000000000142e+00 5.321805670202822691e-01
7.179999999999999716e+00 5.296714550268912802e-01
7.200000000000000178e+00 5.271765897540621193e-01
7.219999999999999751e+00 5.246958751686141564e-01
7.240000000000000213e+00 5.222292454202990264e-01
7.259999999999999787e+00 5.197766049105424502e-01
7.280000000000000249e+00 5.173378888282617050e-01
7.299999999999999822e+00 5.149130020095782356e-01
7.320000000000000284e+00 5.125018806891237233e-01
7.339999999999999858e+00 5.101044301372569256e-01
7.360000000000000320e+00 5.077205876403769746e-01
7.379999999999999893e+00 5.053502589020463232e-01
7.400000000000000355e+00 5.029933822660117571e-01
7.419999999999999929e+00 5.006498638675001001e-01
7.440000000000000391e+00 4.983196431127497883e-01
7.459999999999999964e+00 4.960026265665820611e-01
7.480000000000000426e+00 4.936987547024410672e-01
7.500000000000000000e+00 4.914079345122164821e-01
7.520000000000000462e+00 4.891301075408677757e-01
7.540000000000000036e+00 4.868651812043538474e-01
7.560000000000000497e+00 4.846130981230812318e-01
7.580000000000000071e+00 4.823737661336339189e-01
7.600000000000000533e+00 4.801471289354389826e-01
7.620000000000000107e+00 4.779330947818448694e-01
7.640000000000000568e+00 4.757316084545348267e-01
7.660000000000000142e+00 4.735425786193477871e-01
7.679999999999999716e+00 4.713659511431401716e-01
7.700000000000000178e+00 4.692016350995841800e-01
7.719999999999999751e+00 4.670495774433102154e-01
7.740000000000000213e+00 4.649096876508095888e-01
7.759999999999999787e+00 4.627819137668180982e-01
7.780000000000000249e+00 4.606661656652544234e-01
7.799999999999999822e+00 4.585623924830177778e-01
7.820000000000000284e+00 4.564705044857463867e-01
7.839999999999999858e+00 4.543904519043068801e-01
7.860000000000000320e+00 4.523221453900134748e-01
7.879999999999999893e+00 4.502655362692698504e-01
7.900000000000000355e+00 4.482205355727267859e-01
7.919999999999999929e+00 4.461870957236754864e-01
7.940000000000000391e+00 4.441651281254557770e-01
7.959999999999999964e+00 4.421545862993899179e-01
7.980000000000000426e+00 4.401553820145912010e-01
8.000000000000000000e+00 4.381674698913641253e-01
8.019999999999999574e+00 4.361907620574025368e-01
8.040000000000000924e+00 4.342252142327629461e-01
8.060000000000000497e+00 4.322707388962845343e-01
8.080000000000000071e+00 4.303272928683813947e-01
8.099999999999999645e+00 4.283947889713476398e-01
8.120000000000000995e+00 4.264731851264030871e-01
8.140000000000000568e+00 4.245623944913881065e-01
8.160000000000000142e+00 4.226623760886380476e-01
8.179999999999999716e+00 4.207730434033947198e-01
8.199999999999999289e+00 4.188943565592836427e-01
8.220000000000000639e+00 4.170262293606135096e-01
8.240000000000000213e+00 4.151686230323586857e-01
8.259999999999999787e+00 4.133214516893369272e-01
8.279999999999999361e+00 4.114846776578205967e-01
8.300000000000000711e+00 4.096582153544082172e-01
8.320000000000000284e+00 4.078420282065238767e-01
8.339999999999999858e+00 4.060360309236134557e-01
8.359999999999999432e+00 4.042401880340106834e-01
8.380000000000000782e+00 4.024544145309414400e-01
8.400000000000000355e+00 4.006786760433212469e-01
8.419999999999999929e+00 3.989128878388920052e-01
8.439999999999999503e+00 3.971570166467582874e-01
8.460000000000000853e+00 3.954109779997812546e-01
8.480000000000000426e+00 3.936747397267967852e-01
8.500000000000000000e+00 3.919482176162248921e-01
8.519999999999999574e+00 3.902313805961211135e-01
8.540000000000000924e+00 3.885241447007783400e-01
8.560000000000000497e+00 3.868264799569123280e-01
8.580000000000000071e+00 3.851383026348565997e-01
8.599999999999999645e+00 3.834595838593803929e-01
8.620000000000000995e+00 3.817902401269240298e-01
8.640000000000000568e+00 3.801302436596718515e-01
8.660000000000000142e+00 3.784795111700947623e-01
8.679999999999999716e+00 3.768380159771329008e-01
8.700000000000001066e+00 3.752056749991191098e-01
8.720000000000000639e+00 3.735824626510638180e-01
8.740000000000000213e+00 3.719682960468703725e-01
8.759999999999999787e+00 3.703631506969161657e-01
8.779999999999999361e+00 3.687669439003097294e-01
8.800000000000000711e+00 3.671796522620851544e-01
8.820000000000000284e+00 3.656011932560682132e-01
8.839999999999999858e+00 3.640315445812423167e-01
8.859999999999999432e+00 3.624706238755977528e-01
8.880000000000000782e+00 3.609184099313557104e-01
8.900000000000000355e+00 3.593748205400192353e-01
8.919999999999999929e+00 3.578398355863307567e-01
8.939999999999999503e+00 3.563133730046044167e-01
8.960000000000000853e+00 3.547954137714115497e-01
8.980000000000000426e+00 3.532858759530704273e-01
9.000000000000000000e+00 3.517847416173013886e-01
9.019999999999999574e+00 3.502919289515756818e-01
9.040000000000000924e+00 3.488074211141045655e-01
9.060000000000000497e+00 3.473311364025821191e-01
9.080000000000000071e+00 3.458630590650579317e-01
9.099999999999999645e+00 3.444031074984934548e-01
9.120000000000000995e+00 3.429512670401588803e-01
9.140000000000000568e+00 3.415074561752376447e-01
9.160000000000000142e+00 3.400716613296437818e-01
9.179999999999999716e+00 3.386438010656995234e-01
9.200000000000001066e+00 3.372238628974165708e-01
9.220000000000000639e+00 3.358117654531319052e-01
9.240000000000000213e+00 3.344074973344132173e-01
9.259999999999999787e+00 3.330109772244677080e-01
9.279999999999999361e+00 3.316221948119386642e-01
9.300000000000000711e+00 3.302410688236865899e-01
9.320000000000000284e+00 3.288675900349947723e-01
9.339999999999999858e+00 3.275016772051496661e-01
9.359999999999999432e+00 3.261433221956743234e-01
9.380000000000000782e+00 3.247924437870107761e-01
9.400000000000000355e+00 3.234490349265438103e-01
9.419999999999999929e+00 3.221130144046127630e-01
9.439999999999999503e+00 3.207843762541631727e-01
9.460000000000000853e+00 3.194630392640858130e-01
9.480000000000000426e+00 3.181489985526261277e-01
9.500000000000000000e+00 3.168421728959197603e-01
9.519999999999999574e+00 3.155425584972857411e-01
9.540000000000000924e+00 3.142500741087582705e-01
9.560000000000000497e+00 3.129647170185427818e-01
9.580000000000000071e+00 3.116864059432493672e-01
9.599999999999999645e+00 3.104151392558521794e-01
9.620000000000000995e+00 3.091508356261504220e-01
