0.000000000000000000e+00 8.424931067270151175e+00
1.499999999999999944e-02 7.047168505364616919e+00
2.999999999999999889e-02 6.026701729924357487e+00
4.499999999999999833e-02 5.311314684030607580e+00
5.999999999999999778e-02 4.797668544044055849e+00
7.499999999999999722e-02 4.411885331907403618e+00
8.999999999999999667e-02 4.109750536404394694e+00
1.049999999999999961e-01 3.864375016318213341e+00
1.199999999999999956e-01 3.659361185561729624e+00
1.350000000000000089e-01 3.483948574150749433e+00
1.499999999999999944e-01 3.331088185219175823e+00
1.649999999999999800e-01 3.195748954771402861e+00
1.799999999999999933e-01 3.074445592633991975e+00
1.950000000000000067e-01 2.964521963094241652e+00
2.099999999999999922e-01 2.864058001384826468e+00
2.249999999999999778e-01 2.771500151767583464e+00
2.399999999999999911e-01 2.685700429044216353e+00
2.550000000000000044e-01 2.605693586295685371e+00
2.700000000000000178e-01 2.530748599680732625e+00
2.849999999999999756e-01 2.460218321584469070e+00
2.999999999999999889e-01 2.393613467808562323e+00
3.150000000000000022e-01 2.330492971281210579e+00
3.299999999999999600e-01 2.270515859685708016e+00
3.449999999999999734e-01 2.213356836756725343e+00
3.599999999999999867e-01 2.158770209728345435e+00
3.750000000000000000e-01 2.106522370467237337e+00
3.900000000000000133e-01 2.056431216726929634e+00
4.049999999999999711e-01 2.008310606387293529e+00
4.199999999999999845e-01 1.962022263370222452e+00
4.349999999999999978e-01 1.917429125302194448e+00
4.499999999999999556e-01 1.874423960195779504e+00
4.649999999999999689e-01 1.832889520249810555e+00
4.799999999999999822e-01 1.792741090275028482e+00
4.949999999999999956e-01 1.753892022137378826e+00
5.100000000000000089e-01 1.716274273543170859e+00
5.250000000000000222e-01 1.679808252822282633e+00
5.400000000000000355e-01 1.644438490404885211e+00
5.549999999999999378e-01 1.610107031931927946e+00
5.699999999999999512e-01 1.576768043667083674e+00
5.849999999999999645e-01 1.544364127951610266e+00
5.999999999999999778e-01 1.512856944306696372e+00
6.149999999999999911e-01 1.482206000814277003e+00
6.300000000000000044e-01 1.452378861416868228e+00
6.450000000000000178e-01 1.423332010318936858e+00
6.599999999999999201e-01 1.395037720319080687e+00
6.749999999999999334e-01 1.367466713658363364e+00
6.899999999999999467e-01 1.340595060444801145e+00
7.049999999999999600e-01 1.314388356657897772e+00
7.199999999999999734e-01 1.288825766410752971e+00
7.349999999999999867e-01 1.263885540825919307e+00
7.500000000000000000e-01 1.239549389506398702e+00
7.650000000000000133e-01 1.215789134541732652e+00
7.800000000000000266e-01 1.192588599005859562e+00
7.949999999999999289e-01 1.169931283485209139e+00
8.099999999999999423e-01 1.147802781178695275e+00
8.249999999999999556e-01 1.126179317279420999e+00
8.399999999999999689e-01 1.105047979958136306e+00
8.549999999999999822e-01 1.084396052880010286e+00
8.699999999999999956e-01 1.064211896971130944e+00
8.850000000000000089e-01 1.044474946328730391e+00
8.999999999999999112e-01 1.025174653864273422e+00
9.149999999999999245e-01 1.006301111244644719e+00
9.299999999999999378e-01 9.878447153016955973e-01
9.449999999999999512e-01 9.697873021587667397e-01
9.599999999999999645e-01 9.521200904955028355e-01
9.749999999999999778e-01 9.348353129174038489e-01
9.899999999999999911e-01 9.179249086730416618e-01
1.004999999999999893e+00 9.013725557877182437e-01
1.020000000000000018e+00 8.851708295358827749e-01
1.034999999999999920e+00 8.693136355850454855e-01
1.050000000000000044e+00 8.537941142379641413e-01
1.064999999999999947e+00 8.385973870510039507e-01
1.080000000000000071e+00 8.237170993783261563e-01
1.094999999999999973e+00 8.091484943329485535e-01
1.109999999999999876e+00 7.948856713539621532e-01
1.125000000000000000e+00 7.809149058146257483e-01
1.139999999999999902e+00 7.672307076735345177e-01
1.155000000000000027e+00 7.538294117211569167e-01
1.169999999999999929e+00 7.407059009761980395e-01
1.185000000000000053e+00 7.278473894708666903e-01
1.199999999999999956e+00 7.152491008837573716e-01
1.214999999999999858e+00 7.029082781886319964e-01
1.229999999999999982e+00 6.908204575330479935e-01
1.244999999999999885e+00 6.789736285794705228e-01
1.260000000000000009e+00 6.673636152701791779e-01
1.274999999999999911e+00 6.559884292155681029e-01
1.290000000000000036e+00 6.448441604285584106e-01
1.304999999999999938e+00 6.339194482483476722e-01
1.319999999999999840e+00 6.232106295197051837e-01
1.334999999999999964e+00 6.127163764774981036e-01
1.349999999999999867e+00 6.024332556621337931e-01
1.364999999999999991e+00 5.923504569256261565e-01
1.379999999999999893e+00 5.824647611544827575e-01
1.395000000000000018e+00 5.727754161829299306e-01
1.409999999999999920e+00 5.632794034191632715e-01
1.425000000000000044e+00 5.539663837160705429e-01
1.439999999999999947e+00 5.448335264871694283e-01
1.454999999999999849e+00 5.358805871558717238e-01
1.469999999999999973e+00 5.271049117520223426e-01
1.484999999999999876e+00 5.184965672469047382e-01
1.500000000000000000e+00 5.100530658743410717e-01
1.514999999999999902e+00 5.017746154238997836e-01
1.530000000000000027e+00 4.936588847715771000e-01
1.544999999999999929e+00 4.856962931745912315e-01
1.560000000000000053e+00 4.778846573341050119e-01
1.574999999999999956e+00 4.702245919404307584e-01
1.589999999999999858e+00 4.627140533586919791e-01
1.604999999999999982e+00 4.553437677677397155e-01
1.619999999999999885e+00 4.481118236162434099e-01
1.635000000000000009e+00 4.410192045914680392e-01
1.649999999999999911e+00 4.340641241624764723e-01
1.665000000000000036e+00 4.272375766494695970e-01
1.679999999999999938e+00 4.205378939420940099e-01
1.694999999999999840e+00 4.139663967724531712e-01
1.709999999999999964e+00 4.075215292683327939e-01
1.724999999999999867e+00 4.011945203038979058e-01
1.739999999999999991e+00 3.949839204406944138e-01
1.754999999999999893e+00 3.888913602616071996e-01
1.770000000000000018e+00 3.829154913018255058e-01
1.784999999999999920e+00 3.770477475554461222e-01
1.799999999999999822e+00 3.712868763862825494e-01
1.814999999999999947e+00 3.656347948966437444e-01
1.829999999999999849e+00 3.600903414237367484e-01
1.844999999999999973e+00 3.546451290143799451e-01
1.859999999999999876e+00 3.492980823916694844e-01
1.875000000000000000e+00 3.440513850290408127e-01
1.889999999999999902e+00 3.389040436963488556e-01
1.905000000000000027e+00 3.338478271897571958e-01
1.919999999999999929e+00 3.288818202180687766e-01
1.934999999999999831e+00 3.240084551382191314e-01
1.949999999999999956e+00 3.192268907063349204e-01
1.964999999999999858e+00 3.145290304596276565e-01
1.979999999999999982e+00 3.099141035125915211e-01
1.994999999999999885e+00 3.053847758719986372e-01
2.009999999999999787e+00 3.009403435123062520e-01
2.024999999999999911e+00 2.965728256289216769e-01
2.040000000000000036e+00 2.922815817374657676e-01
2.054999999999999716e+00 2.880694981940605248e-01
2.069999999999999840e+00 2.839359949063522404e-01
2.084999999999999964e+00 2.798731892746021410e-01
2.100000000000000089e+00 2.758805586099200013e-01
2.114999999999999769e+00 2.719611979940462776e-01
2.129999999999999893e+00 2.681146393052269983e-01
2.145000000000000018e+00 2.643330820842557660e-01
2.160000000000000142e+00 2.606161100847411705e-01
2.174999999999999822e+00 2.569670169594873710e-01
2.189999999999999947e+00 2.533854357831101800e-01
2.205000000000000071e+00 2.498636333631428508e-01
2.219999999999999751e+00 2.464012896716402667e-01
2.234999999999999876e+00 2.430018880768727574e-01
2.250000000000000000e+00 2.396651531493420861e-01
2.265000000000000124e+00 2.363834051138440917e-01
2.279999999999999805e+00 2.331564109591246492e-01
2.294999999999999929e+00 2.299878360711596625e-01
2.310000000000000053e+00 2.268774877900366360e-01
2.324999999999999734e+00 2.238177267914173152e-01
2.339999999999999858e+00 2.208083988080331850e-01
2.354999999999999982e+00 2.178533445853125805e-01
2.370000000000000107e+00 2.149524463932256380e-01
2.384999999999999787e+00 2.120980931533114344e-01
2.399999999999999911e+00 2.092902019161256566e-01
2.415000000000000036e+00 2.065327830677203269e-01
2.429999999999999716e+00 2.038257867769658616e-01
2.444999999999999840e+00 2.011616186615248769e-01
2.459999999999999964e+00 1.985402604365857915e-01
2.475000000000000089e+00 1.959658872639927774e-01
2.489999999999999769e+00 1.934385109195845831e-01
2.504999999999999893e+00 1.909505427288853974e-01
2.520000000000000018e+00 1.885020231253724532e-01
2.534999999999999698e+00 1.860972879626368592e-01
2.549999999999999822e+00 1.837364050079049460e-01
2.564999999999999947e+00 1.814117807840358032e-01
2.580000000000000071e+00 1.791235091438923011e-01
2.594999999999999751e+00 1.768760832662168991e-01
2.609999999999999876e+00 1.746696219139821926e-01
2.625000000000000000e+00 1.724965166989791687e-01
2.639999999999999680e+00 1.703569101883566639e-01
2.654999999999999805e+00 1.682554501821320603e-01
2.669999999999999929e+00 1.661923020124088102e-01
2.685000000000000053e+00 1.641598326046744827e-01
2.699999999999999734e+00 1.621582290807786486e-01
2.714999999999999858e+00 1.601922917732788165e-01
2.729999999999999982e+00 1.582622286799975075e-01
2.745000000000000107e+00 1.563603725345495410e-01
2.759999999999999787e+00 1.544869513559676832e-01
2.774999999999999911e+00 1.526469164944516954e-01
2.790000000000000036e+00 1.508405151921816678e-01
2.804999999999999716e+00 1.490600366959534406e-01
2.819999999999999840e+00 1.473057467275796506e-01
2.834999999999999964e+00 1.455827466779597845e-01
2.850000000000000089e+00 1.438913200575108742e-01
2.864999999999999769e+00 1.422237034864531902e-01
2.879999999999999893e+00 1.405801976233507500e-01
2.895000000000000018e+00 1.389660534297376404e-01
2.909999999999999698e+00 1.373815881206282841e-01
2.924999999999999822e+00 1.358189766525890185e-01
2.939999999999999947e+00 1.342785522524486685e-01
2.955000000000000071e+00 1.327657154623750058e-01
2.969999999999999751e+00 1.312808150218685854e-01
2.984999999999999876e+00 1.298159552392103844e-01
3.000000000000000000e+00 1.283714999114395627e-01
3.014999999999999680e+00 1.269529996284043394e-01
3.029999999999999805e+00 1.255608328321838052e-01
3.044999999999999929e+00 1.241870242020670506e-01
3.060000000000000053e+00 1.228319664540541839e-01
3.074999999999999734e+00 1.215013611302249719e-01
3.089999999999999858e+00 1.201956148895946402e-01
3.104999999999999982e+00 1.189066637583529595e-01
3.120000000000000107e+00 1.176349280467644115e-01
3.134999999999999787e+00 1.163862615747483648e-01
3.149999999999999911e+00 1.151610980502201509e-01
3.165000000000000036e+00 1.139512757321800435e-01
3.179999999999999716e+00 1.127572415098915537e-01
3.194999999999999840e+00 1.115850032142211845e-01
3.209999999999999964e+00 1.104350207359871272e-01
3.225000000000000089e+00 1.092990253166204045e-01
3.239999999999999769e+00 1.081774897045187506e-01
3.254999999999999893e+00 1.070765778711561811e-01
3.270000000000000018e+00 1.059967753137614072e-01
3.284999999999999698e+00 1.049296968230063326e-01
3.299999999999999822e+00 1.038758405708916088e-01
3.314999999999999947e+00 1.028415291872131765e-01
3.330000000000000071e+00 1.018272734789763961e-01
3.344999999999999751e+00 1.008245621230232508e-01
3.359999999999999876e+00 9.983391855553454264e-02
3.375000000000000000e+00 9.886182696416516424e-02
3.389999999999999680e+00 9.790882344212514798e-02
3.404999999999999805e+00 9.696626061136502661e-02
3.419999999999999929e+00 9.603468728350497696e-02
3.435000000000000053e+00 9.512075248137696892e-02
3.449999999999999734e+00 9.422501782984708807e-02
3.464999999999999858e+00 9.333868962732953800e-02
