# Electrodo circular de radio 6 mm y espesor 710.0 um.
# Volumen de simulacion (convencion z,y,x):
# N: 1024 x 1024 x 1024 | voxelSize:  0.02mm x 0.02mm x 0.02mm | FOV:  20.48mm x 20.48mm x 20.48mm
# 
# z [mm]		 delta[ppm]
0.000000000000000000e+00 3.632062592618358288e+00
2.000000000000000042e-02 3.615133248931595489e+00
4.000000000000000083e-02 3.597829867306854279e+00
5.999999999999999778e-02 3.580166490923633926e+00
8.000000000000000167e-02 3.562157177811321240e+00
1.000000000000000056e-01 3.543816056245332469e+00
1.199999999999999956e-01 3.525157285813689256e+00
1.400000000000000133e-01 3.506195056687626099e+00
1.600000000000000033e-01 3.486943551408388409e+00
1.799999999999999933e-01 3.467416937045484371e+00
2.000000000000000111e-01 3.447629330747233212e+00
2.200000000000000011e-01 3.427594791771861438e+00
2.399999999999999911e-01 3.407327288468316784e+00
2.600000000000000089e-01 3.386840691789924751e+00
2.800000000000000266e-01 3.366148743573520452e+00
2.999999999999999889e-01 3.345265051903475673e+00
3.200000000000000067e-01 3.324203060709235658e+00
3.400000000000000244e-01 3.302976047209541299e+00
3.599999999999999867e-01 3.281597092852907238e+00
3.800000000000000044e-01 3.260079082983366572e+00
4.000000000000000222e-01 3.238434679186516618e+00
4.199999999999999845e-01 3.216676321261092486e+00
4.400000000000000022e-01 3.194816200970688413e+00
4.600000000000000200e-01 3.172866266360980791e+00
4.799999999999999822e-01 3.150838196932593149e+00
5.000000000000000000e-01 3.128743410301661587e+00
5.200000000000000178e-01 3.106593038748886038e+00
5.400000000000000355e-01 3.084397938188995880e+00
5.600000000000000533e-01 3.062168666056759303e+00
5.799999999999999600e-01 3.039915492519303264e+00
5.999999999999999778e-01 3.017648379611100662e+00
6.199999999999999956e-01 2.995376994599845855e+00
6.400000000000000133e-01 2.973110690286346447e+00
6.600000000000000311e-01 2.950858520412756647e+00
6.800000000000000488e-01 2.928629221007565064e+00
7.000000000000000666e-01 2.906431227710271958e+00
7.199999999999999734e-01 2.884272658047619675e+00
7.399999999999999911e-01 2.862161330536217019e+00
7.600000000000000089e-01 2.840104747752372205e+00
7.800000000000000266e-01 2.818110117067456510e+00
8.000000000000000444e-01 2.796184334383319925e+00
8.200000000000000622e-01 2.774334006350621440e+00
8.399999999999999689e-01 2.752565434628183816e+00
8.599999999999999867e-01 2.730884639434658645e+00
8.800000000000000044e-01 2.709297344203305258e+00
9.000000000000000222e-01 2.687809000319196784e+00
9.200000000000000400e-01 2.666424772035155932e+00
9.400000000000000577e-01 2.645149562252071984e+00
9.599999999999999645e-01 2.623987997577382547e+00
9.799999999999999822e-01 2.602944455012411673e+00
1.000000000000000000e+00 2.582023047034697427e+00
1.020000000000000018e+00 2.561227649064904632e+00
1.040000000000000036e+00 2.540561884471238763e+00
1.060000000000000053e+00 2.520029152697600416e+00
1.080000000000000071e+00 2.499632614091635396e+00
1.100000000000000089e+00 2.479375218586136409e+00
1.120000000000000107e+00 2.459259690269346432e+00
1.140000000000000124e+00 2.439288556521768569e+00
1.159999999999999920e+00 2.419464132252398869e+00
1.179999999999999938e+00 2.399788549403817139e+00
1.199999999999999956e+00 2.380263740794138272e+00
1.219999999999999973e+00 2.360891469913338092e+00
1.239999999999999991e+00 2.341673314316204291e+00
1.260000000000000009e+00 2.322610695642912226e+00
1.280000000000000027e+00 2.303704862522789387e+00
1.300000000000000044e+00 2.284956920761358035e+00
1.320000000000000062e+00 2.266367815719791956e+00
1.340000000000000080e+00 2.247938362619438912e+00
1.360000000000000098e+00 2.229669228374448142e+00
1.380000000000000115e+00 2.211560961972646400e+00
1.400000000000000133e+00 2.193613975742907840e+00
1.419999999999999929e+00 2.175828575778603113e+00
1.439999999999999947e+00 2.158204942631803736e+00
1.459999999999999964e+00 2.140743161751793799e+00
1.479999999999999982e+00 2.123443203601253160e+00
1.500000000000000000e+00 2.106304954088074055e+00
1.520000000000000018e+00 2.089328194107142433e+00
1.540000000000000036e+00 2.072512629948540130e+00
1.560000000000000053e+00 2.055857872270434594e+00
1.580000000000000071e+00 2.039363466470994535e+00
1.600000000000000089e+00 2.023028871104648019e+00
1.620000000000000107e+00 2.006853488208489633e+00
1.640000000000000124e+00 1.990836641174992705e+00
1.660000000000000142e+00 1.974977605026720262e+00
1.679999999999999938e+00 1.959275583763745665e+00
1.699999999999999956e+00 1.943729740582776699e+00
1.719999999999999973e+00 1.928339174717560223e+00
1.739999999999999991e+00 1.913102951600442303e+00
1.760000000000000009e+00 1.898020079217967782e+00
1.780000000000000027e+00 1.883089538214293146e+00
1.800000000000000044e+00 1.868310257783496464e+00
1.820000000000000062e+00 1.853681145715378342e+00
1.840000000000000080e+00 1.839201063848944662e+00
1.860000000000000098e+00 1.824868858061782007e+00
1.880000000000000115e+00 1.810683333308002352e+00
1.900000000000000133e+00 1.796643283552915138e+00
1.919999999999999929e+00 1.782747466420837146e+00
1.939999999999999947e+00 1.768994633076948819e+00
1.959999999999999964e+00 1.755383502508913507e+00
1.979999999999999982e+00 1.741912791357828949e+00
2.000000000000000000e+00 1.728581187859169699e+00
2.020000000000000018e+00 1.715387381624577490e+00
2.040000000000000036e+00 1.702330037265952889e+00
2.060000000000000053e+00 1.689407824129566915e+00
2.080000000000000071e+00 1.676619389628279277e+00
2.100000000000000089e+00 1.663963388929053488e+00
2.120000000000000107e+00 1.651438458016507793e+00
2.140000000000000124e+00 1.639043243334476374e+00
2.160000000000000142e+00 1.626776374604943287e+00
2.180000000000000160e+00 1.614636494423759894e+00
2.200000000000000178e+00 1.602622230857222663e+00
2.220000000000000195e+00 1.590732226991528719e+00
2.240000000000000213e+00 1.578965113329903192e+00
2.260000000000000231e+00 1.567319537294785459e+00
2.280000000000000249e+00 1.555794135446634030e+00
2.300000000000000266e+00 1.544387562937286074e+00
2.319999999999999840e+00 1.533098465572085178e+00
2.339999999999999858e+00 1.521925509212236127e+00
2.359999999999999876e+00 1.510867351700238004e+00
2.379999999999999893e+00 1.499922672208478192e+00
2.399999999999999911e+00 1.489090143048362958e+00
2.419999999999999929e+00 1.478368458961854426e+00
2.439999999999999947e+00 1.467756308833082279e+00
2.459999999999999964e+00 1.457252404918976785e+00
2.479999999999999982e+00 1.446855454482539827e+00
2.500000000000000000e+00 1.436564188958196819e+00
2.520000000000000018e+00 1.426377335524397383e+00
2.540000000000000036e+00 1.416293646198844458e+00
2.560000000000000053e+00 1.406311869368430001e+00
2.580000000000000071e+00 1.396430778809018447e+00
2.600000000000000089e+00 1.386649145189336796e+00
2.620000000000000107e+00 1.376965765009579679e+00
2.640000000000000124e+00 1.367379432096193170e+00
2.660000000000000142e+00 1.357888966453144386e+00
2.680000000000000160e+00 1.348493185763266267e+00
2.700000000000000178e+00 1.339190934145667589e+00
2.720000000000000195e+00 1.329981053679615277e+00
2.740000000000000213e+00 1.320862413061226981e+00
2.760000000000000231e+00 1.311833879164674199e+00
2.780000000000000249e+00 1.302894345590980274e+00
2.800000000000000266e+00 1.294042704281661349e+00
2.819999999999999840e+00 1.285277873952164862e+00
2.839999999999999858e+00 1.276598771771947360e+00
2.859999999999999876e+00 1.268004341674844548e+00
2.879999999999999893e+00 1.259493526119915163e+00
2.899999999999999911e+00 1.251065294270804262e+00
2.919999999999999929e+00 1.242718613850648524e+00
2.939999999999999947e+00 1.234452479182274853e+00
2.959999999999999964e+00 1.226265883150809310e+00
2.979999999999999982e+00 1.218157845096397685e+00
3.000000000000000000e+00 1.210127382897159709e+00
3.020000000000000018e+00 1.202173540705976817e+00
3.040000000000000036e+00 1.194295361166792135e+00
3.060000000000000053e+00 1.186491912986831432e+00
3.080000000000000071e+00 1.178762263298377189e+00
3.100000000000000089e+00 1.171105505057676632e+00
3.120000000000000107e+00 1.163520729564645473e+00
3.140000000000000124e+00 1.156007053679636520e+00
3.160000000000000142e+00 1.148563592512660048e+00
3.180000000000000160e+00 1.141189486449122770e+00
3.200000000000000178e+00 1.133883874020500393e+00
3.220000000000000195e+00 1.126645918730079465e+00
3.240000000000000213e+00 1.119474782116220535e+00
3.260000000000000231e+00 1.112369650369088081e+00
3.280000000000000249e+00 1.105329707598004862e+00
3.300000000000000266e+00 1.098354162230109177e+00
3.320000000000000284e+00 1.091442220492514714e+00
3.339999999999999858e+00 1.084593112583846830e+00
3.359999999999999876e+00 1.077806066382283268e+00
3.379999999999999893e+00 1.071080333380865834e+00
3.399999999999999911e+00 1.064415162631792588e+00
3.419999999999999929e+00 1.057809826436413747e+00
3.439999999999999947e+00 1.051263594536478774e+00
3.459999999999999964e+00 1.044775759549748440e+00
3.479999999999999982e+00 1.038345611418188374e+00
3.500000000000000000e+00 1.031972462580160066e+00
3.520000000000000018e+00 1.025655622685907042e+00
3.540000000000000036e+00 1.019394423497301139e+00
3.560000000000000053e+00 1.013188193880305121e+00
3.580000000000000071e+00 1.007036284423280081e+00
3.600000000000000089e+00 1.000938042716461140e+00
3.620000000000000107e+00 9.948928376798811257e-01
3.640000000000000124e+00 9.889000351392295274e-01
3.660000000000000142e+00 9.829590218545170011e-01
3.680000000000000160e+00 9.770691814020296961e-01
3.700000000000000178e+00 9.712299178948767819e-01
3.720000000000000195e+00 9.654406321801677349e-01
3.740000000000000213e+00 9.597007452426636886e-01
3.760000000000000231e+00 9.540096747265869315e-01
3.780000000000000249e+00 9.483668580136721538e-01
3.800000000000000266e+00 9.427717290784549675e-01
3.820000000000000284e+00 9.372237412320553185e-01
3.839999999999999858e+00 9.317223443201229083e-01
3.859999999999999876e+00 9.262670071237739666e-01
3.879999999999999893e+00 9.208571949087642761e-01
3.899999999999999911e+00 9.154923914750857650e-01
3.919999999999999929e+00 9.101720770662756754e-01
3.939999999999999947e+00 9.048957500592456071e-01
3.959999999999999964e+00 8.996629052420689332e-01
3.979999999999999982e+00 8.944730551356814274e-01
4.000000000000000000e+00 8.893257086488306484e-01
4.020000000000000462e+00 8.842203920233852044e-01
4.040000000000000036e+00 8.791566278745287510e-01
4.060000000000000497e+00 8.741339557515090952e-01
4.080000000000000071e+00 8.691519115715184984e-01
4.099999999999999645e+00 8.642100477877836529e-01
4.120000000000000107e+00 8.593079132250044383e-01
4.139999999999999680e+00 8.544450728467569700e-01
4.160000000000000142e+00 8.496210880007437627e-01
4.179999999999999716e+00 8.448355357775667596e-01
4.200000000000000178e+00 8.400879896734341212e-01
4.219999999999999751e+00 8.353780385324868218e-01
4.240000000000000213e+00 8.307052676349592213e-01
4.259999999999999787e+00 8.260692772153018781e-01
4.280000000000000249e+00 8.214696639832600455e-01
4.299999999999999822e+00 8.169060392101182844e-01
4.320000000000000284e+00 8.123780106904991971e-01
4.339999999999999858e+00 8.078852003891524580e-01
4.360000000000000320e+00 8.034272268507387516e-01
4.379999999999999893e+00 7.990037223996714344e-01
4.400000000000000355e+00 7.946143160054734977e-01
4.419999999999999929e+00 7.902586500282735571e-01
4.440000000000000391e+00 7.859363635468104015e-01
4.459999999999999964e+00 7.816471086422586145e-01
4.480000000000000426e+00 7.773905341963112114e-01
4.500000000000000000e+00 7.731663017060722565e-01
4.520000000000000462e+00 7.689740695591171793e-01
4.540000000000000036e+00 7.648135083723162086e-01
4.560000000000000497e+00 7.606842857510927036e-01
4.580000000000000071e+00 7.565860811451038392e-01
4.600000000000000533e+00 7.525185710984237941e-01
4.620000000000000107e+00 7.484814436150903916e-01
4.639999999999999680e+00 7.444743839072804903e-01
4.660000000000000142e+00 7.404970882638129970e-01
4.679999999999999716e+00 7.365492503028634452e-01
4.700000000000000178e+00 7.326305743366009482e-01
4.719999999999999751e+00 7.287407621353443332e-01
4.740000000000000213e+00 7.248795257815782156e-01
4.759999999999999787e+00 7.210465749519479051e-01
4.780000000000000249e+00 7.172416292539719462e-01
4.799999999999999822e+00 7.134644060326333914e-01
4.820000000000000284e+00 7.097146321831939719e-01
4.839999999999999858e+00 7.059920324886107545e-01
4.860000000000000320e+00 7.022963409019271630e-01
4.879999999999999893e+00 6.986272894211270623e-01
4.900000000000000355e+00 6.949846188346403553e-01
4.919999999999999929e+00 6.913680681397397221e-01
4.940000000000000391e+00 6.877773847447680167e-01
4.959999999999999964e+00 6.842123144375542587e-01
4.980000000000000426e+00 6.806726110380253436e-01
5.000000000000000000e+00 6.771580269226286086e-01
5.020000000000000462e+00 6.736683221210747474e-01
5.040000000000000036e+00 6.702032554030856737e-01
5.060000000000000497e+00 6.667625928130938018e-01
5.080000000000000071e+00 6.633460993251667492e-01
5.100000000000000533e+00 6.599535468095045765e-01
5.120000000000000107e+00 6.565847062617898855e-01
5.139999999999999680e+00 6.532393551954008837e-01
5.160000000000000142e+00 6.499172704509205145e-01
5.179999999999999716e+00 6.466182350080412755e-01
5.200000000000000178e+00 6.433420313813611457e-01
5.219999999999999751e+00 6.400884478460038274e-01
5.240000000000000213e+00 6.368572724253425132e-01
5.259999999999999787e+00 6.336482985244075161e-01
5.280000000000000249e+00 6.304613195155666094e-01
5.299999999999999822e+00 6.272961337738540699e-01
5.320000000000000284e+00 6.241525398661457169e-01
5.339999999999999858e+00 6.210303409825845833e-01
5.360000000000000320e+00 6.179293407351864609e-01
5.379999999999999893e+00 6.148493469795739408e-01
5.400000000000000355e+00 6.117901682284938580e-01
5.419999999999999929e+00 6.087516168580959786e-01
5.440000000000000391e+00 6.057335061422334244e-01
5.459999999999999964e+00 6.027356528375771294e-01
5.480000000000000426e+00 5.997578748440985930e-01
5.500000000000000000e+00 5.967999931633397592e-01
5.520000000000000462e+00 5.938618301908776820e-01
5.540000000000000036e+00 5.909432110421128925e-01
5.560000000000000497e+00 5.880439624820512634e-01
5.580000000000000071e+00 5.851639136129908048e-01
5.600000000000000533e+00 5.823028954473760122e-01
5.620000000000000107e+00 5.794607409517854579e-01
5.639999999999999680e+00 5.766372852681603822e-01
5.660000000000000142e+00 5.738323651085176502e-01
5.679999999999999716e+00 5.710458196302589107e-01
5.700000000000000178e+00 5.682774891760652425e-01
5.719999999999999751e+00 5.655272168085474505e-01
5.740000000000000213e+00 5.627948463897827214e-01
5.759999999999999787e+00 5.600802247809859580e-01
5.780000000000000249e+00 5.573831992561737447e-01
5.799999999999999822e+00 5.547036203720928649e-01
5.820000000000000284e+00 5.520413387105006509e-01
5.839999999999999858e+00 5.493962084240044952e-01
5.860000000000000320e+00 5.467680833014687547e-01
5.879999999999999893e+00 5.441568209949945167e-01
5.900000000000000355e+00 5.415622784029400227e-01
5.919999999999999929e+00 5.389843165837047145e-01
5.940000000000000391e+00 5.364227954508753449e-01
5.959999999999999964e+00 5.338775793790320190e-01
5.980000000000000426e+00 5.313485312055165055e-01
6.000000000000000000e+00 5.288355185339395081e-01
6.020000000000000462e+00 5.263384070370656920e-01
6.040000000000000036e+00 5.238570674632514468e-01
6.060000000000000497e+00 5.213913682349362588e-01
6.080000000000000071e+00 5.189411831637095185e-01
6.100000000000000533e+00 5.165063833388807701e-01
6.120000000000000107e+00 5.140868455564334694e-01
6.140000000000000568e+00 5.116824434921357634e-01
6.160000000000000142e+00 5.092930568501071731e-01
6.179999999999999716e+00 5.069185618149228967e-01
6.200000000000000178e+00 5.045588409250839623e-01
6.219999999999999751e+00 5.022137727985237499e-01
6.240000000000000213e+00 4.998832427367768672e-01
6.259999999999999787e+00 4.975671317182865927e-01
6.280000000000000249e+00 4.952653277386028785e-01
6.299999999999999822e+00 4.929777140658628265e-01
6.320000000000000284e+00 4.907041813228646410e-01
6.339999999999999858e+00 4.884446149990572250e-01
6.360000000000000320e+00 4.861989082798948147e-01
6.379999999999999893e+00 4.839669488096346450e-01
6.400000000000000355e+00 4.817486322738958049e-01
6.419999999999999929e+00 4.795438484075255081e-01
6.440000000000000391e+00 4.773524953358429523e-01
6.459999999999999964e+00 4.751744648218007017e-01
6.480000000000000426e+00 4.730096573719194120e-01
6.500000000000000000e+00 4.708579667169165983e-01
6.520000000000000462e+00 4.687192956879062122e-01
6.540000000000000036e+00 4.665935399246226578e-01
6.560000000000000497e+00 4.644806045279997186e-01
6.580000000000000071e+00 4.623803869900627861e-01
6.600000000000000533e+00 4.602927946285630401e-01
6.620000000000000107e+00 4.582177267325533432e-01
6.640000000000000568e+00 4.561550927853091908e-01
6.660000000000000142e+00 4.541047938195434397e-01
6.679999999999999716e+00 4.520667414344180512e-01
6.700000000000000178e+00 4.500408383542881530e-01
6.719999999999999751e+00 4.480269982461614897e-01
6.740000000000000213e+00 4.460251254758079709e-01
6.759999999999999787e+00 4.440351357315844849e-01
6.780000000000000249e+00 4.420569349716734209e-01
6.799999999999999822e+00 4.400904408607869689e-01
6.820000000000000284e+00 4.381355609022035691e-01
6.839999999999999858e+00 4.361922146934424926e-01
6.860000000000000320e+00 4.342603112366862361e-01
6.879999999999999893e+00 4.323397720201025418e-01
6.900000000000000355e+00 4.304305075001905734e-01
6.919999999999999929e+00 4.285324410149672358e-01
6.940000000000000391e+00 4.266454844316696637e-01
6.959999999999999964e+00 4.247695628986705718e-01
6.980000000000000426e+00 4.229045896518840442e-01
7.000000000000000000e+00 4.210504916118160135e-01
7.020000000000000462e+00 4.192071833419175886e-01
7.040000000000000036e+00 4.173745934978268513e-01
7.060000000000000497e+00 4.155526379308265295e-01
7.080000000000000071e+00 4.137412469958712258e-01
7.100000000000000533e+00 4.119403377932053245e-01
7.120000000000000107e+00 4.101498423424368434e-01
7.140000000000000568e+00 4.083696789552568318e-01
7.160000000000000142e+00 4.065997812823731183e-01
7.179999999999999716e+00 4.048400688101662093e-01
7.200000000000000178e+00 4.030904767879647244e-01
7.219999999999999751e+00 4.013509258413650027e-01
7.240000000000000213e+00 3.996213527868858195e-01
7.259999999999999787e+00 3.979016793545470110e-01
7.280000000000000249e+00 3.961918438976302359e-01
7.299999999999999822e+00 3.944917692170023527e-01
7.320000000000000284e+00 3.928013951732633458e-01
7.339999999999999858e+00 3.911206456051684044e-01
7.360000000000000320e+00 3.894494618521378015e-01
7.379999999999999893e+00 3.877877687590064459e-01
7.400000000000000355e+00 3.861355091164388464e-01
7.419999999999999929e+00 3.844926087440847517e-01
7.440000000000000391e+00 3.828590118571654766e-01
7.459999999999999964e+00 3.812346452199858460e-01
7.480000000000000426e+00 3.796194544465016363e-01
7.500000000000000000e+00 3.780133672159907698e-01
7.520000000000000462e+00 3.764163305161553064e-01
7.540000000000000036e+00 3.748282729126221624e-01
7.560000000000000497e+00 3.732491427426710140e-01
7.580000000000000071e+00 3.716788694300571794e-01
7.600000000000000533e+00 3.701174026382516580e-01
7.620000000000000107e+00 3.685646726219375946e-01
7.640000000000000568e+00 3.670206303481638455e-01
7.660000000000000142e+00 3.654852068756942463e-01
7.679999999999999716e+00 3.639583544532777881e-01
7.700000000000000178e+00 3.624400049178729266e-01
7.719999999999999751e+00 3.609301117787796498e-01
7.740000000000000213e+00 3.594286076255734930e-01
7.759999999999999787e+00 3.579354472076561322e-01
7.780000000000000249e+00 3.564505638425628509e-01
7.799999999999999822e+00 3.549739135000248291e-01
7.820000000000000284e+00 3.535054302011409466e-01
7.839999999999999858e+00 3.520450711168651159e-01
7.860000000000000320e+00 3.505927709483395716e-01
7.879999999999999893e+00 3.491484880492795595e-01
7.900000000000000355e+00 3.477121577775642014e-01
7.919999999999999929e+00 3.462837396518339550e-01
7.940000000000000391e+00 3.448631696642421862e-01
7.959999999999999964e+00 3.434504084811273450e-01
7.980000000000000426e+00 3.420453927066264832e-01
8.000000000000000000e+00 3.406480841381357427e-01
8.019999999999999574e+00 3.392584199702937120e-01
8.040000000000000924e+00 3.378763631155035640e-01
8.060000000000000497e+00 3.365018513375434006e-01
8.080000000000000071e+00 3.351348486483267664e-01
8.099999999999999645e+00 3.337752933601996763e-01
8.120000000000000995e+00 3.324231505696342293e-01
8.140000000000000568e+00 3.310783591170605167e-01
8.160000000000000142e+00 3.297408851690907805e-01
8.179999999999999716e+00 3.284106680744977580e-01
8.199999999999999289e+00 3.270876750561459989e-01
8.220000000000000639e+00 3.257718459514571396e-01
8.240000000000000213e+00 3.244631490261621898e-01
8.259999999999999787e+00 3.231615245873688536e-01
8.279999999999999361e+00 3.218669419307826907e-01
8.300000000000000711e+00 3.205793418142470208e-01
8.320000000000000284e+00 3.192986945510288277e-01
8.339999999999999858e+00 3.180249413314564233e-01
8.359999999999999432e+00 3.167580534744283693e-01
8.380000000000000782e+00 3.154979725844772043e-01
8.400000000000000355e+00 3.142446709746586353e-01
8.419999999999999929e+00 3.129980906461179435e-01
8.439999999999999503e+00 3.117582048950400808e-01
8.460000000000000853e+00 3.105249561015333004e-01
8.480000000000000426e+00 3.092983185343256558e-01
8.500000000000000000e+00 3.080782349354944105e-01
8.519999999999999574e+00 3.068646805361664454e-01
8.540000000000000924e+00 3.056575984232942633e-01
8.560000000000000497e+00 3.044569647806753543e-01
8.580000000000000071e+00 3.032627230237031069e-01
8.599999999999999645e+00 3.020748502795261303e-01
8.620000000000000995e+00 3.008932902754057892e-01
8.640000000000000568e+00 2.997180210729324390e-01
8.660000000000000142e+00 2.985489866953008886e-01
8.679999999999999716e+00 2.973861661300347681e-01
8.700000000000001066e+00 2.962295036801568804e-01
8.720000000000000639e+00 2.950789792510020160e-01
8.740000000000000213e+00 2.939345374099379682e-01
8.759999999999999787e+00 2.927961589723749869e-01
8.779999999999999361e+00 2.916637887543503393e-01
8.800000000000000711e+00 2.905374084739827945e-01
8.820000000000000284e+00 2.894169631809073717e-01
8.839999999999999858e+00 2.883024354889653917e-01
8.859999999999999432e+00 2.871937706660913636e-01
8.880000000000000782e+00 2.860909522152184636e-01
8.900000000000000355e+00 2.849939256078786176e-01
8.919999999999999929e+00 2.839026752298277056e-01
8.939999999999999503e+00 2.828171467412354811e-01
8.960000000000000853e+00 2.817373254047669251e-01
8.980000000000000426e+00 2.806631570548515642e-01
9.000000000000000000e+00 2.795946278254945461e-01
9.019999999999999574e+00 2.785316837107269516e-01
9.040000000000000924e+00 2.774743117106664991e-01
9.060000000000000497e+00 2.764224579648584257e-01
9.080000000000000071e+00 2.753761103346462624e-01
9.099999999999999645e+00 2.743352150906922526e-01
9.120000000000000995e+00 2.732997609510088299e-01
9.140000000000000568e+00 2.722696943035343708e-01
9.160000000000000142e+00 2.712450047187388025e-01
9.179999999999999716e+00 2.702256386876505934e-01
9.200000000000001066e+00 2.692115866293015025e-01
9.220000000000000639e+00 2.682027951241947039e-01
9.240000000000000213e+00 2.671992554363441519e-01
9.259999999999999787e+00 2.662009142217360846e-01
9.279999999999999361e+00 2.652077635861170291e-01
9.300000000000000711e+00 2.642197502475093773e-01
9.320000000000000284e+00 2.632368671504611291e-01
9.339999999999999858e+00 2.622590610611887918e-01
9.359999999999999432e+00 2.612863257604264855e-01
9.380000000000000782e+00 2.603186080492796428e-01
9.400000000000000355e+00 2.593559025423581854e-01
9.419999999999999929e+00 2.583981560619384998e-01
9.439999999999999503e+00 2.574453640545177335e-01
9.460000000000000853e+00 2.564974733503392890e-01
9.480000000000000426e+00 2.555544802261024984e-01
9.500000000000000000e+00 2.546163315063794674e-01
9.519999999999999574e+00 2.536830242966967575e-01
9.540000000000000924e+00 2.527545054028397797e-01
9.560000000000000497e+00 2.518307727580878508e-01
9.580000000000000071e+00 2.509117731358440628e-01
9.599999999999999645e+00 2.499975052963842592e-01
9.620000000000000995e+00 2.490879159676496202e-01
