0.000000000000000000e+00 7.891931740063581557e+00
1.499999999999999944e-02 7.719404118248903046e+00
2.999999999999999889e-02 7.545309360170880275e+00
4.499999999999999833e-02 7.370293677312602654e+00
5.999999999999999778e-02 7.194934479894631529e+00
7.499999999999999722e-02 7.019758255653794521e+00
8.999999999999999667e-02 6.845264638418771419e+00
1.049999999999999961e-01 6.671916804854955529e+00
1.199999999999999956e-01 6.500141903771938345e+00
1.350000000000000089e-01 6.330327231392390175e+00
1.499999999999999944e-01 6.162819184996811472e+00
1.649999999999999800e-01 5.997923185047476125e+00
1.799999999999999933e-01 5.835903397890944255e+00
1.950000000000000067e-01 5.676984964290132218e+00
2.099999999999999922e-01 5.521354263147514985e+00
2.249999999999999778e-01 5.369162684486409987e+00
2.399999999999999911e-01 5.220527388188573426e+00
2.550000000000000044e-01 5.075535941741749824e+00
2.700000000000000178e-01 4.934247083688704905e+00
2.849999999999999756e-01 4.796695748520897418e+00
2.999999999999999889e-01 4.662893674818720413e+00
3.150000000000000022e-01 4.532834458640105701e+00
3.299999999999999600e-01 4.406493732015339226e+00
3.449999999999999734e-01 4.283834042620641824e+00
3.599999999999999867e-01 4.164804589278108260e+00
3.750000000000000000e-01 4.049345815818244709e+00
3.900000000000000133e-01 3.937388626797604818e+00
4.049999999999999711e-01 3.828858667773515467e+00
4.199999999999999845e-01 3.723675105975601696e+00
4.349999999999999978e-01 3.621754605078361333e+00
4.499999999999999556e-01 3.523009684841273970e+00
4.649999999999999689e-01 3.427352427889399422e+00
4.799999999999999822e-01 3.334692525520916551e+00
4.949999999999999956e-01 3.244940756888004429e+00
5.100000000000000089e-01 3.158006755181299141e+00
5.250000000000000222e-01 3.073802303308866168e+00
5.400000000000000355e-01 2.992238912945954343e+00
5.549999999999999378e-01 2.913230972242730310e+00
5.699999999999999512e-01 2.836693164729719552e+00
5.849999999999999645e-01 2.762543500648905415e+00
5.999999999999999778e-01 2.690700645271747238e+00
6.149999999999999911e-01 2.621086856020107714e+00
6.300000000000000044e-01 2.553625235016573125e+00
6.450000000000000178e-01 2.488242589896903834e+00
6.599999999999999201e-01 2.424866660625142334e+00
6.749999999999999334e-01 2.363428914820693727e+00
6.899999999999999467e-01 2.303861754022974218e+00
7.049999999999999600e-01 2.246101251627004025e+00
7.199999999999999734e-01 2.190084374753694885e+00
7.349999999999999867e-01 2.135751668313124796e+00
7.500000000000000000e-01 2.083044491575483548e+00
7.650000000000000133e-01 2.031907650618784977e+00
7.800000000000000266e-01 1.982286676545608195e+00
7.949999999999999289e-01 1.934130405842259925e+00
8.099999999999999423e-01 1.887388295923244197e+00
8.249999999999999556e-01 1.842012952645116552e+00
8.399999999999999689e-01 1.797957504086554970e+00
8.549999999999999822e-01 1.755178072914858944e+00
8.699999999999999956e-01 1.713631202324191749e+00
8.850000000000000089e-01 1.673276271218246736e+00
8.999999999999999112e-01 1.634072989167925982e+00
9.149999999999999245e-01 1.595983751538663897e+00
9.299999999999999378e-01 1.558971196545052118e+00
9.449999999999999512e-01 1.523000497981543244e+00
9.599999999999999645e-01 1.488036998400706468e+00
9.749999999999999778e-01 1.454048436680689838e+00
9.899999999999999911e-01 1.421002650024467462e+00
1.004999999999999893e+00 1.388869734225962160e+00
1.020000000000000018e+00 1.357619826423315690e+00
1.034999999999999920e+00 1.327225195729982099e+00
1.050000000000000044e+00 1.297658099277321675e+00
1.064999999999999947e+00 1.268892801514074353e+00
1.080000000000000071e+00 1.240903513845412531e+00
1.094999999999999973e+00 1.213666340833687629e+00
1.109999999999999876e+00 1.187157295900194365e+00
1.125000000000000000e+00 1.161354173261018641e+00
1.139999999999999902e+00 1.136234648684826043e+00
1.155000000000000027e+00 1.111778075991753711e+00
1.169999999999999929e+00 1.087963665300046401e+00
1.185000000000000053e+00 1.064772203460797373e+00
1.199999999999999956e+00 1.042184317696178697e+00
1.214999999999999858e+00 1.020182119366870532e+00
1.229999999999999982e+00 9.987475454142237252e-01
1.244999999999999885e+00 9.778639253392389374e-01
1.260000000000000009e+00 9.575144074323214127e-01
1.274999999999999911e+00 9.376834488766363496e-01
1.290000000000000036e+00 9.183553191643427649e-01
1.304999999999999938e+00 8.995155136561373554e-01
1.319999999999999840e+00 8.811493403885541920e-01
1.334999999999999964e+00 8.632432574540286341e-01
1.349999999999999867e+00 8.457835355928094989e-01
1.364999999999999991e+00 8.287575201169409267e-01
1.379999999999999893e+00 8.121523748315996327e-01
1.395000000000000018e+00 7.959562692511219506e-01
1.409999999999999920e+00 7.801571962493810686e-01
1.425000000000000044e+00 7.647440856196001668e-01
1.439999999999999947e+00 7.497057004433489436e-01
1.454999999999999849e+00 7.350316780595109734e-01
1.469999999999999973e+00 7.207114975722741512e-01
1.484999999999999876e+00 7.067354495478553877e-01
1.500000000000000000e+00 6.930936791886124215e-01
1.514999999999999902e+00 6.797770860772583967e-01
1.530000000000000027e+00 6.667764354752161449e-01
1.544999999999999929e+00 6.540831896419644353e-01
1.560000000000000053e+00 6.416886914051911361e-01
1.574999999999999956e+00 6.295849285712901144e-01
1.589999999999999858e+00 6.177637822813251134e-01
1.604999999999999982e+00 6.062177261962697905e-01
1.619999999999999885e+00 5.949391434806721168e-01
1.635000000000000009e+00 5.839209624224137585e-01
1.649999999999999911e+00 5.731560346321027399e-01
1.665000000000000036e+00 5.626377088888979694e-01
1.679999999999999938e+00 5.523592741577331156e-01
1.694999999999999840e+00 5.423144734177602899e-01
1.709999999999999964e+00 5.324970041766774465e-01
1.724999999999999867e+00 5.229009741387352639e-01
1.739999999999999991e+00 5.135204626366384195e-01
1.754999999999999893e+00 5.043499199511126685e-01
1.770000000000000018e+00 4.953837824466525430e-01
1.784999999999999920e+00 4.866168174275586900e-01
1.799999999999999822e+00 4.780437952675916646e-01
1.814999999999999947e+00 4.696597816339502796e-01
1.829999999999999849e+00 4.614598595178074358e-01
1.844999999999999973e+00 4.534393707068046786e-01
1.859999999999999876e+00 4.455936909207869334e-01
1.875000000000000000e+00 4.379184223528794773e-01
1.889999999999999902e+00 4.304092149496074327e-01
1.905000000000000027e+00 4.230619118691870684e-01
1.919999999999999929e+00 4.158724200633433510e-01
1.934999999999999831e+00 4.088368104352839150e-01
1.949999999999999956e+00 4.019512309038381637e-01
1.964999999999999858e+00 3.952119630545159468e-01
1.979999999999999982e+00 3.886153808296556322e-01
1.994999999999999885e+00 3.821579653955456402e-01
2.009999999999999787e+00 3.758363027875235018e-01
2.024999999999999911e+00 3.696470587120842533e-01
2.040000000000000036e+00 3.635870183054949467e-01
2.054999999999999716e+00 3.576530225163212506e-01
2.069999999999999840e+00 3.518420434596117308e-01
2.084999999999999964e+00 3.461510840084700558e-01
2.100000000000000089e+00 3.405772919415493982e-01
2.114999999999999769e+00 3.351178242969032328e-01
2.129999999999999893e+00 3.297699939507114930e-01
2.145000000000000018e+00 3.245311002591250715e-01
2.160000000000000142e+00 3.193986113256220283e-01
2.174999999999999822e+00 3.143699623801778920e-01
2.189999999999999947e+00 3.094427675301409941e-01
2.205000000000000071e+00 3.046145872894828743e-01
2.219999999999999751e+00 2.998831731475933293e-01
2.234999999999999876e+00 2.952462055848638078e-01
2.250000000000000000e+00 2.907015654107935054e-01
2.265000000000000124e+00 2.862470435580035666e-01
2.279999999999999805e+00 2.818806426156038047e-01
2.294999999999999929e+00 2.776002596177901127e-01
2.310000000000000053e+00 2.734040118786618123e-01
2.324999999999999734e+00 2.692898939409843484e-01
2.339999999999999858e+00 2.652561312423024065e-01
2.354999999999999982e+00 2.613008123145620365e-01
2.370000000000000107e+00 2.574222645398708820e-01
2.384999999999999787e+00 2.536186626357094243e-01
2.399999999999999911e+00 2.498884301444905809e-01
2.415000000000000036e+00 2.462298251657021042e-01
2.429999999999999716e+00 2.426413619864156712e-01
2.444999999999999840e+00 2.391213749609557015e-01
2.459999999999999964e+00 2.356684640499499828e-01
2.475000000000000089e+00 2.322810376765356843e-01
2.489999999999999769e+00 2.289577767260098651e-01
2.504999999999999893e+00 2.256971571428206258e-01
2.520000000000000018e+00 2.224979362896422341e-01
2.534999999999999698e+00 2.193586559797001956e-01
2.549999999999999822e+00 2.162781458881813113e-01
2.564999999999999947e+00 2.132550076458509247e-01
2.580000000000000071e+00 2.102881393402093180e-01
2.594999999999999751e+00 2.073762012286646805e-01
2.609999999999999876e+00 2.045181561590145303e-01
2.625000000000000000e+00 2.017127173884115665e-01
2.639999999999999680e+00 1.989589091058614478e-01
2.654999999999999805e+00 1.962554967773717518e-01
2.669999999999999929e+00 1.936015627327986321e-01
2.685000000000000053e+00 1.909959193821327006e-01
2.699999999999999734e+00 1.884377042013140602e-01
2.714999999999999858e+00 1.859257761005095044e-01
2.729999999999999982e+00 1.834593249003563242e-01
2.745000000000000107e+00 1.810372510542189450e-01
2.759999999999999787e+00 1.786587941081198561e-01
2.774999999999999911e+00 1.763228959163065379e-01
2.790000000000000036e+00 1.740288433024351766e-01
2.804999999999999716e+00 1.717756148253047621e-01
2.819999999999999840e+00 1.695625423002925236e-01
2.834999999999999964e+00 1.673886411105749150e-01
2.850000000000000089e+00 1.652532859301443779e-01
2.864999999999999769e+00 1.631555244894590528e-01
2.879999999999999893e+00 1.610947723324775149e-01
2.895000000000000018e+00 1.590701098848016359e-01
2.909999999999999698e+00 1.570809917084109442e-01
2.924999999999999822e+00 1.551265266297112144e-01
2.939999999999999947e+00 1.532062065063043710e-01
2.955000000000000071e+00 1.513191691116632653e-01
2.969999999999999751e+00 1.494649419995590089e-01
2.984999999999999876e+00 1.476426877465686904e-01
3.000000000000000000e+00 1.458519681200044771e-01
3.014999999999999680e+00 1.440919712183070800e-01
3.029999999999999805e+00 1.423622916508948955e-01
3.044999999999999929e+00 1.406621390156116425e-01
3.060000000000000053e+00 1.389911394985729465e-01
3.074999999999999734e+00 1.373485250655127887e-01
3.089999999999999858e+00 1.357339523151070981e-01
3.104999999999999982e+00 1.341466716539913007e-01
3.120000000000000107e+00 1.325863690261888661e-01
3.134999999999999787e+00 1.310523142773143968e-01
3.149999999999999911e+00 1.295442217224615777e-01
3.165000000000000036e+00 1.280613767910576406e-01
3.179999999999999716e+00 1.266035212843399371e-01
3.194999999999999840e+00 1.251699573252428865e-01
3.209999999999999964e+00 1.237604534022965774e-01
3.225000000000000089e+00 1.223743245268482938e-01
3.239999999999999769e+00 1.210113651589989625e-01
3.254999999999999893e+00 1.196709044036041447e-01
3.270000000000000018e+00 1.183527620571520472e-01
3.284999999999999698e+00 1.170562775427482355e-01
3.299999999999999822e+00 1.157812954362649610e-01
3.314999999999999947e+00 1.145271667647537461e-01
3.330000000000000071e+00 1.132937604026460210e-01
3.344999999999999751e+00 1.120804352164525702e-01
3.359999999999999876e+00 1.108870839727482127e-01
3.375000000000000000e+00 1.097130747300736620e-01
3.389999999999999680e+00 1.085583238136872686e-01
3.404999999999999805e+00 1.074222047022061338e-01
3.419999999999999929e+00 1.063046570178385053e-01
3.435000000000000053e+00 1.052050610657881830e-01
3.449999999999999734e+00 1.041233795742803753e-01
3.464999999999999858e+00 1.030589958779669357e-01
