0.000000000000000000e+00 7.494779478871819833e+00
1.499999999999999944e-02 7.374526171636754057e+00
2.999999999999999889e-02 7.252463822455095688e+00
4.499999999999999833e-02 7.128699810548087434e+00
5.999999999999999778e-02 7.003483829629455926e+00
7.499999999999999722e-02 6.877080857807872150e+00
8.999999999999999667e-02 6.749750529689160672e+00
1.049999999999999961e-01 6.621745052031301704e+00
1.199999999999999956e-01 6.493308140005040308e+00
1.350000000000000089e-01 6.364674293496357826e+00
1.499999999999999944e-01 6.236067667968266726e+00
1.649999999999999800e-01 6.107702121015032404e+00
1.799999999999999933e-01 5.979779588067073881e+00
1.950000000000000067e-01 5.852490896181148372e+00
2.099999999999999922e-01 5.726014057741194208e+00
2.249999999999999778e-01 5.600515644224044465e+00
2.399999999999999911e-01 5.476148984450759372e+00
2.550000000000000044e-01 5.353055997464264415e+00
2.700000000000000178e-01 5.231365424509125006e+00
2.849999999999999756e-01 5.111195016554562542e+00
2.999999999999999889e-01 4.992649747502440505e+00
3.150000000000000022e-01 4.875824284825602817e+00
3.299999999999999600e-01 4.760801223643952973e+00
3.449999999999999734e-01 4.647653767385041768e+00
3.599999999999999867e-01 4.536443928511009638e+00
3.750000000000000000e-01 4.427225363658838120e+00
3.900000000000000133e-01 4.320041555002131162e+00
4.049999999999999711e-01 4.214928747409325993e+00
4.199999999999999845e-01 4.111914068969424463e+00
4.349999999999999978e-01 4.011018531056239844e+00
4.499999999999999556e-01 3.912255099202025299e+00
4.649999999999999689e-01 3.815631721773875107e+00
4.799999999999999822e-01 3.721149325329709878e+00
4.949999999999999956e-01 3.628804847754437901e+00
5.100000000000000089e-01 3.538589172957787188e+00
5.250000000000000222e-01 3.450490148442330263e+00
5.400000000000000355e-01 3.364490446282358160e+00
5.549999999999999378e-01 3.280570552050275701e+00
5.699999999999999512e-01 3.198706570397658933e+00
5.849999999999999645e-01 3.118873174834305484e+00
5.999999999999999778e-01 3.041041353248755019e+00
6.149999999999999911e-01 2.965181312321106155e+00
6.300000000000000044e-01 2.891260182682366953e+00
6.450000000000000178e-01 2.819244872898523546e+00
6.599999999999999201e-01 2.749099734143276574e+00
6.749999999999999334e-01 2.680789361105962332e+00
6.899999999999999467e-01 2.614276235364006329e+00
7.049999999999999600e-01 2.549523470798514602e+00
7.199999999999999734e-01 2.486492437429772107e+00
7.349999999999999867e-01 2.425145450202296882e+00
7.500000000000000000e-01 2.365443390810909818e+00
7.650000000000000133e-01 2.307348338479019212e+00
7.800000000000000266e-01 2.250821191889990303e+00
7.949999999999999289e-01 2.195824241252398945e+00
8.099999999999999423e-01 2.142318805724371611e+00
8.249999999999999556e-01 2.090267745660850274e+00
8.399999999999999689e-01 2.039633117233803361e+00
8.549999999999999822e-01 1.990378624142885133e+00
8.699999999999999956e-01 1.942467302623452463e+00
8.850000000000000089e-01 1.895863911510663913e+00
8.999999999999999112e-01 1.850532648622479570e+00
9.149999999999999245e-01 1.806439478344284089e+00
9.299999999999999378e-01 1.763549890544055643e+00
9.449999999999999512e-01 1.721831164532771741e+00
9.599999999999999645e-01 1.681250170718603609e+00
9.749999999999999778e-01 1.641775570047385946e+00
9.899999999999999911e-01 1.603375667761992585e+00
1.004999999999999893e+00 1.566020547212492842e+00
1.020000000000000018e+00 1.529679975191360120e+00
1.034999999999999920e+00 1.494325469254324634e+00
1.050000000000000044e+00 1.459928262461330339e+00
1.064999999999999947e+00 1.426461303223000243e+00
1.080000000000000071e+00 1.393897278265840090e+00
1.094999999999999973e+00 1.362210544278826818e+00
1.109999999999999876e+00 1.331375215630409947e+00
1.125000000000000000e+00 1.301367027033792478e+00
1.139999999999999902e+00 1.272161484273814702e+00
1.155000000000000027e+00 1.243735657372686765e+00
1.169999999999999929e+00 1.216066399755060701e+00
1.185000000000000053e+00 1.189132071390550882e+00
1.199999999999999956e+00 1.162910824180859226e+00
1.214999999999999858e+00 1.137382254814679250e+00
1.229999999999999982e+00 1.112525760878240400e+00
1.244999999999999885e+00 1.088322123185750057e+00
1.260000000000000009e+00 1.064751929999970814e+00
1.274999999999999911e+00 1.041797088849328645e+00
1.290000000000000036e+00 1.019439322578587159e+00
1.304999999999999938e+00 9.976616107101923259e-01
1.319999999999999840e+00 9.764467543820272155e-01
1.334999999999999964e+00 9.557787475415070455e-01
1.349999999999999867e+00 9.356414138327889818e-01
1.364999999999999991e+00 9.160197079666352327e-01
1.379999999999999893e+00 8.968984213440575060e-01
1.395000000000000018e+00 8.782634141549285900e-01
1.409999999999999920e+00 8.601003922486146758e-01
1.425000000000000044e+00 8.423960705690742845e-01
1.439999999999999947e+00 8.251370178424416446e-01
1.454999999999999849e+00 8.083107521428687381e-01
1.469999999999999973e+00 7.919046554474922228e-01
1.484999999999999876e+00 7.759070021769631786e-01
1.500000000000000000e+00 7.603059400181872984e-01
1.514999999999999902e+00 7.450904524454203814e-01
1.530000000000000027e+00 7.302494074812413416e-01
1.544999999999999929e+00 7.157724552452575661e-01
1.560000000000000053e+00 7.016491409268381663e-01
1.574999999999999956e+00 6.878697385457536173e-01
1.589999999999999858e+00 6.744244294975947351e-01
1.604999999999999982e+00 6.613040737413231618e-01
1.619999999999999885e+00 6.484994501025478364e-01
1.635000000000000009e+00 6.360019662162670340e-01
1.649999999999999911e+00 6.238029617015878880e-01
1.665000000000000036e+00 6.118943582069903409e-01
1.679999999999999938e+00 6.002680215881224246e-01
1.694999999999999840e+00 5.889163534935308864e-01
1.709999999999999964e+00 5.778317134666678401e-01
1.724999999999999867e+00 5.670069535173967168e-01
1.739999999999999991e+00 5.564348962573613111e-01
1.754999999999999893e+00 5.461088139719250112e-01
1.770000000000000018e+00 5.360219635662460957e-01
1.784999999999999920e+00 5.261680116482760905e-01
1.799999999999999822e+00 5.165406223999062796e-01
1.814999999999999947e+00 5.071338302316285018e-01
1.829999999999999849e+00 4.979416812550036542e-01
1.844999999999999973e+00 4.889585550548993798e-01
1.859999999999999876e+00 4.801788559072323603e-01
1.875000000000000000e+00 4.715972852470676768e-01
1.889999999999999902e+00 4.632085832443650353e-01
1.905000000000000027e+00 4.550077535218486346e-01
1.919999999999999929e+00 4.469898512835116522e-01
1.934999999999999831e+00 4.391501618528110273e-01
1.949999999999999956e+00 4.314840359359501942e-01
1.964999999999999858e+00 4.239870235179468150e-01
1.979999999999999982e+00 4.166547525244979622e-01
1.994999999999999885e+00 4.094830196162229652e-01
2.009999999999999787e+00 4.024677128289183003e-01
2.024999999999999911e+00 3.956048607657501326e-01
2.040000000000000036e+00 3.888905955642490975e-01
2.054999999999999716e+00 3.823211619767811209e-01
2.069999999999999840e+00 3.758929212665337305e-01
2.084999999999999964e+00 3.696023216196740457e-01
2.100000000000000089e+00 3.634459394161286272e-01
2.114999999999999769e+00 3.574204123968418578e-01
2.129999999999999893e+00 3.515225189551753893e-01
2.145000000000000018e+00 3.457490754303920166e-01
2.160000000000000142e+00 3.400970499735554986e-01
2.174999999999999822e+00 3.345634253092004129e-01
2.189999999999999947e+00 3.291453478833101798e-01
2.205000000000000071e+00 3.238399573784568330e-01
2.219999999999999751e+00 3.186445678144022020e-01
2.234999999999999876e+00 3.135564650649649288e-01
2.250000000000000000e+00 3.085731206960275474e-01
2.265000000000000124e+00 3.036919586722164333e-01
2.279999999999999805e+00 2.989105987262932196e-01
2.294999999999999929e+00 2.942265933999389516e-01
2.310000000000000053e+00 2.896377018197163755e-01
2.324999999999999734e+00 2.851415981533154120e-01
2.339999999999999858e+00 2.807361727147726915e-01
2.354999999999999982e+00 2.764192128679553440e-01
2.370000000000000107e+00 2.721887324378894912e-01
2.384999999999999787e+00 2.680426260281444928e-01
2.399999999999999911e+00 2.639790237937153505e-01
2.415000000000000036e+00 2.599959200844198515e-01
2.429999999999999716e+00 2.560915546675613941e-01
2.444999999999999840e+00 2.522640165425694136e-01
2.459999999999999964e+00 2.485116488048226824e-01
2.475000000000000089e+00 2.448326284178645451e-01
2.489999999999999769e+00 2.412253959264256953e-01
2.504999999999999893e+00 2.376882119044548269e-01
2.520000000000000018e+00 2.342196088469002124e-01
2.534999999999999698e+00 2.308179249489122065e-01
2.549999999999999822e+00 2.274817795119009889e-01
2.564999999999999947e+00 2.242095846399879133e-01
2.580000000000000071e+00 2.210000416301452220e-01
2.594999999999999751e+00 2.178516311056264421e-01
2.609999999999999876e+00 2.147631318600048689e-01
2.625000000000000000e+00 2.117330898770452829e-01
2.639999999999999680e+00 2.087603572404334307e-01
2.654999999999999805e+00 2.058435404196871654e-01
2.669999999999999929e+00 2.029815608564755069e-01
2.685000000000000053e+00 2.001730828249137784e-01
2.699999999999999734e+00 1.974170934500315833e-01
2.714999999999999858e+00 1.947123103776809971e-01
2.729999999999999982e+00 1.920577829835503902e-01
2.745000000000000107e+00 1.894522800155032938e-01
2.759999999999999787e+00 1.868949098945902054e-01
2.774999999999999911e+00 1.843844884159036024e-01
2.790000000000000036e+00 1.819201800544838488e-01
2.804999999999999716e+00 1.795008457370412536e-01
2.819999999999999840e+00 1.771257032026575251e-01
2.834999999999999964e+00 1.747936547773659144e-01
2.850000000000000089e+00 1.725039688641998858e-01
2.864999999999999769e+00 1.702555875771324390e-01
2.879999999999999893e+00 1.680478275621853645e-01
2.895000000000000018e+00 1.658796672627396995e-01
2.909999999999999698e+00 1.637504693160415359e-01
2.924999999999999822e+00 1.616592471442140078e-01
2.939999999999999947e+00 1.596054072839582505e-01
2.955000000000000071e+00 1.575879949086149978e-01
2.969999999999999751e+00 1.556064585141104795e-01
2.984999999999999876e+00 1.536598738969194022e-01
3.000000000000000000e+00 1.517477297156696048e-01
3.014999999999999680e+00 1.498691293556571047e-01
3.029999999999999805e+00 1.480235999781673029e-01
3.044999999999999929e+00 1.462102716182860085e-01
3.060000000000000053e+00 1.444287084098035689e-01
3.074999999999999734e+00 1.426780641629059043e-01
3.089999999999999858e+00 1.409579385775201199e-01
3.104999999999999982e+00 1.392675084592307488e-01
3.120000000000000107e+00 1.376064077859722179e-01
3.134999999999999787e+00 1.359738336136066816e-01
3.149999999999999911e+00 1.343694530231124007e-01
3.165000000000000036e+00 1.327924826737147956e-01
3.179999999999999716e+00 1.312426216830483994e-01
3.194999999999999840e+00 1.297191036709642031e-01
3.209999999999999964e+00 1.282216588297676874e-01
3.225000000000000089e+00 1.267495372018987709e-01
3.239999999999999769e+00 1.253024991930079268e-01
3.254999999999999893e+00 1.238798087029417822e-01
3.270000000000000018e+00 1.224812555867016844e-01
3.284999999999999698e+00 1.211061171505761203e-01
3.299999999999999822e+00 1.197542120293034057e-01
3.314999999999999947e+00 1.184248284250069005e-01
3.330000000000000071e+00 1.171178131743425554e-01
3.344999999999999751e+00 1.158324649912226417e-01
3.359999999999999876e+00 1.145686584259692220e-01
3.375000000000000000e+00 1.133257002267085145e-01
3.389999999999999680e+00 1.121034922568856368e-01
3.404999999999999805e+00 1.109013489627965338e-01
3.419999999999999929e+00 1.097191992066330890e-01
3.435000000000000053e+00 1.085563626677471250e-01
3.449999999999999734e+00 1.074127949776793184e-01
3.464999999999999858e+00 1.062878207427268296e-01
