# Electrodo circular de radio 6 mm y espesor 710.0 um.
# Volumen de simulacion (convencion z,y,x):
# N: 1024 x 1024 x 1024 | voxelSize:  0.02mm x 0.02mm x 0.02mm | FOV:  20.48mm x 20.48mm x 20.48mm
# 
# z [mm]		 delta[ppm]
0.000000000000000000e+00 2.433468740648301321e+00
2.000000000000000042e-02 2.430716644777374036e+00
4.000000000000000083e-02 2.427881541214937045e+00
5.999999999999999778e-02 2.424963948867817187e+00
8.000000000000000167e-02 2.421964404392773496e+00
1.000000000000000056e-01 2.418883463274779100e+00
1.199999999999999956e-01 2.415721694165938072e+00
1.400000000000000133e-01 2.412479680703035534e+00
1.600000000000000033e-01 2.409158017457745604e+00
1.799999999999999933e-01 2.405757313810529929e+00
2.000000000000000111e-01 2.402278189110819362e+00
2.200000000000000011e-01 2.398721277008549979e+00
2.399999999999999911e-01 2.395087220546107343e+00
2.600000000000000089e-01 2.391376676616745467e+00
2.800000000000000266e-01 2.387590310857606646e+00
2.999999999999999889e-01 2.383728802275803194e+00
3.200000000000000067e-01 2.379792837984630260e+00
3.400000000000000244e-01 2.375783117998931271e+00
3.599999999999999867e-01 2.371700349769578331e+00
3.800000000000000044e-01 2.367545253160823204e+00
4.000000000000000222e-01 2.363318554804841654e+00
4.199999999999999845e-01 2.359020993260577459e+00
4.400000000000000022e-01 2.354653313170391726e+00
4.600000000000000200e-01 2.350216270603504576e+00
4.799999999999999822e-01 2.345710627029575779e+00
5.000000000000000000e-01 2.341137154844960211e+00
5.200000000000000178e-01 2.336496631155053905e+00
5.400000000000000355e-01 2.331789843483331293e+00
5.600000000000000533e-01 2.327017583373828469e+00
5.799999999999999600e-01 2.322180652280589008e+00
5.999999999999999778e-01 2.317279854986717513e+00
6.199999999999999956e-01 2.312316005672832020e+00
6.400000000000000133e-01 2.307289921162113622e+00
6.600000000000000311e-01 2.302202427164997012e+00
6.800000000000000488e-01 2.297054351349254731e+00
7.000000000000000666e-01 2.291846529758709394e+00
7.199999999999999734e-01 2.286579799716622841e+00
7.399999999999999911e-01 2.281255006415359610e+00
7.600000000000000089e-01 2.275872995653709374e+00
7.800000000000000266e-01 2.270434620594742547e+00
8.000000000000000444e-01 2.264940734344619511e+00
8.200000000000000622e-01 2.259392196875272152e+00
8.399999999999999689e-01 2.253789867446411410e+00
8.599999999999999867e-01 2.248134611689844409e+00
8.800000000000000044e-01 2.242427293881788852e+00
9.000000000000000222e-01 2.236668784185140701e+00
9.200000000000000400e-01 2.230859950774604528e+00
9.400000000000000577e-01 2.225001667233384772e+00
9.599999999999999645e-01 2.219094804537865340e+00
9.799999999999999822e-01 2.213140238604806243e+00
1.000000000000000000e+00 2.207138842138692159e+00
1.020000000000000018e+00 2.201091492325521592e+00
1.040000000000000036e+00 2.194999062549383595e+00
1.060000000000000053e+00 2.188862430228659672e+00
1.080000000000000071e+00 2.182682468405381382e+00
1.100000000000000089e+00 2.176460053719639465e+00
1.120000000000000107e+00 2.170196057878158058e+00
1.140000000000000124e+00 2.163891355762446622e+00
1.159999999999999920e+00 2.157546816780524512e+00
1.179999999999999938e+00 2.151163313104325070e+00
1.199999999999999956e+00 2.144741710910916588e+00
1.219999999999999973e+00 2.138282878744436566e+00
1.239999999999999991e+00 2.131787678651048346e+00
1.260000000000000009e+00 2.125256974660652443e+00
1.280000000000000027e+00 2.118691623821865377e+00
1.300000000000000044e+00 2.112092484798530290e+00
1.320000000000000062e+00 2.105460408809241457e+00
1.340000000000000080e+00 2.098796248333626657e+00
1.360000000000000098e+00 2.092100847962683474e+00
1.380000000000000115e+00 2.085375053209612251e+00
1.400000000000000133e+00 2.078619701275725262e+00
1.419999999999999929e+00 2.071835629960543823e+00
1.439999999999999947e+00 2.065023668349554864e+00
1.459999999999999964e+00 2.058184645818120106e+00
1.479999999999999982e+00 2.051319382646031197e+00
1.500000000000000000e+00 2.044428699109726910e+00
1.520000000000000018e+00 2.037513406029944907e+00
1.540000000000000036e+00 2.030574313946533760e+00
1.560000000000000053e+00 2.023612223604372762e+00
1.580000000000000071e+00 2.016627935205058009e+00
1.600000000000000089e+00 2.009622238837377228e+00
1.620000000000000107e+00 2.002595923799985300e+00
1.640000000000000124e+00 1.995549768981779826e+00
1.660000000000000142e+00 1.988484552249592419e+00
1.679999999999999938e+00 1.981401040784825485e+00
1.699999999999999956e+00 1.974300000530083032e+00
1.719999999999999973e+00 1.967182186487547613e+00
1.739999999999999991e+00 1.960048352218394907e+00
1.760000000000000009e+00 1.952899240109339241e+00
1.780000000000000027e+00 1.945735590918521218e+00
1.800000000000000044e+00 1.938558134015889056e+00
1.820000000000000062e+00 1.931367596969218559e+00
1.840000000000000080e+00 1.924164695764797539e+00
1.860000000000000098e+00 1.916950144427107761e+00
1.880000000000000115e+00 1.909724645225623796e+00
1.900000000000000133e+00 1.902488898321637922e+00
1.919999999999999929e+00 1.895243591967687991e+00
1.939999999999999947e+00 1.887989412174924997e+00
1.959999999999999964e+00 1.880727032911119423e+00
1.979999999999999982e+00 1.873457125781843757e+00
2.000000000000000000e+00 1.866180350233697327e+00
2.020000000000000018e+00 1.858897363242534961e+00
2.040000000000000036e+00 1.851608809527967026e+00
2.060000000000000053e+00 1.844315331241803246e+00
2.080000000000000071e+00 1.837017558200514378e+00
2.100000000000000089e+00 1.829716117566966727e+00
2.120000000000000107e+00 1.822411624107072692e+00
2.140000000000000124e+00 1.815104689857818254e+00
2.160000000000000142e+00 1.807795914414882299e+00
2.180000000000000160e+00 1.800485894579893165e+00
2.200000000000000178e+00 1.793175214685361674e+00
2.220000000000000195e+00 1.785864456214066642e+00
2.240000000000000213e+00 1.778554188168148364e+00
2.260000000000000231e+00 1.771244976653437275e+00
2.280000000000000249e+00 1.763937375299187815e+00
2.300000000000000266e+00 1.756631934800111372e+00
2.319999999999999840e+00 1.749329193393696746e+00
2.339999999999999858e+00 1.742029686352651874e+00
2.359999999999999876e+00 1.734733936526405618e+00
2.379999999999999893e+00 1.727442463776619919e+00
2.399999999999999911e+00 1.720155775589890412e+00
2.419999999999999929e+00 1.712874376448933367e+00
2.439999999999999947e+00 1.705598758523213521e+00
2.459999999999999964e+00 1.698329410968349773e+00
2.479999999999999982e+00 1.691066810701778556e+00
2.500000000000000000e+00 1.683811431622898258e+00
2.520000000000000018e+00 1.676563735480596229e+00
2.540000000000000036e+00 1.669324181006590857e+00
2.560000000000000053e+00 1.662093214882029768e+00
2.580000000000000071e+00 1.654871280776440967e+00
2.600000000000000089e+00 1.647658810420343567e+00
2.620000000000000107e+00 1.640456232542196524e+00
2.640000000000000124e+00 1.633263964054308515e+00
2.660000000000000142e+00 1.626082418880112401e+00
2.680000000000000160e+00 1.618911999260436607e+00
2.700000000000000178e+00 1.611753104463403252e+00
2.720000000000000195e+00 1.604606122218431352e+00
2.740000000000000213e+00 1.597471437301013708e+00
2.760000000000000231e+00 1.590349423101625748e+00
2.780000000000000249e+00 1.583240450077611383e+00
2.800000000000000266e+00 1.576144877464432437e+00
2.819999999999999840e+00 1.569063061586875030e+00
2.839999999999999858e+00 1.561995347719895566e+00
2.859999999999999876e+00 1.554942078251308590e+00
2.879999999999999893e+00 1.547903584699771073e+00
2.899999999999999911e+00 1.540880195721073154e+00
2.919999999999999929e+00 1.533872229290638156e+00
2.939999999999999947e+00 1.526880000545492999e+00
2.959999999999999964e+00 1.519903814138904519e+00
2.979999999999999982e+00 1.512943971910125196e+00
3.000000000000000000e+00 1.506000765418599618e+00
3.020000000000000018e+00 1.499074483433530780e+00
3.040000000000000036e+00 1.492165404655350081e+00
3.060000000000000053e+00 1.485273805017120363e+00
3.080000000000000071e+00 1.478399950600830737e+00
3.100000000000000089e+00 1.471544104742603665e+00
3.120000000000000107e+00 1.464706521151583729e+00
3.140000000000000124e+00 1.457887450810935404e+00
3.160000000000000142e+00 1.451087135306949216e+00
3.180000000000000160e+00 1.444305813517754444e+00
3.200000000000000178e+00 1.437543715160494173e+00
3.220000000000000195e+00 1.430801067259691139e+00
3.240000000000000213e+00 1.424078087920175095e+00
3.260000000000000231e+00 1.417374992566992509e+00
3.280000000000000249e+00 1.410691987952030990e+00
3.300000000000000266e+00 1.404029278157329363e+00
3.320000000000000284e+00 1.397387058843180041e+00
3.339999999999999858e+00 1.390765523006694426e+00
3.359999999999999876e+00 1.384164855479367517e+00
3.379999999999999893e+00 1.377585238432731618e+00
3.399999999999999911e+00 1.371026846133252652e+00
3.419999999999999929e+00 1.364489850186856978e+00
3.439999999999999947e+00 1.357974414559211196e+00
3.459999999999999964e+00 1.351480700550948155e+00
3.479999999999999982e+00 1.345008862091229274e+00
3.500000000000000000e+00 1.338559050435423892e+00
3.520000000000000018e+00 1.332131409740101136e+00
3.540000000000000036e+00 1.325726081474913887e+00
3.560000000000000053e+00 1.319343200286996920e+00
3.580000000000000071e+00 1.312982898118766339e+00
3.600000000000000089e+00 1.306645300369948304e+00
3.620000000000000107e+00 1.300330529712995231e+00
3.640000000000000124e+00 1.294038702560769583e+00
3.660000000000000142e+00 1.287769932571298570e+00
3.680000000000000160e+00 1.281524327429361509e+00
3.700000000000000178e+00 1.275301992032217058e+00
3.720000000000000195e+00 1.269103025593247169e+00
3.740000000000000213e+00 1.262927524500313092e+00
3.760000000000000231e+00 1.256775579749729088e+00
3.780000000000000249e+00 1.250647279468901862e+00
3.800000000000000266e+00 1.244542706688811506e+00
3.820000000000000284e+00 1.238461941522538190e+00
3.839999999999999858e+00 1.232405059284630733e+00
3.859999999999999876e+00 1.226372132317099517e+00
3.879999999999999893e+00 1.220363228463913874e+00
3.899999999999999911e+00 1.214378412536037066e+00
3.919999999999999929e+00 1.208417745149475531e+00
3.939999999999999947e+00 1.202481283820907132e+00
3.959999999999999964e+00 1.196569082177578736e+00
3.979999999999999982e+00 1.190681190675062284e+00
4.000000000000000000e+00 1.184817656187489909e+00
4.020000000000000462e+00 1.178978522338932633e+00
4.040000000000000036e+00 1.173163829482327003e+00
4.060000000000000497e+00 1.167373614635993651e+00
4.080000000000000071e+00 1.161607911859765974e+00
4.099999999999999645e+00 1.155866751788138025e+00
4.120000000000000107e+00 1.150150162411992749e+00
4.139999999999999680e+00 1.144458168199823600e+00
4.160000000000000142e+00 1.138790791293680549e+00
4.179999999999999716e+00 1.133148050209880964e+00
4.200000000000000178e+00 1.127529961457622631e+00
4.219999999999999751e+00 1.121936537810616752e+00
4.240000000000000213e+00 1.116367790357015055e+00
4.259999999999999787e+00 1.110823726333338035e+00
4.280000000000000249e+00 1.105304351614225356e+00
4.299999999999999822e+00 1.099809668100055760e+00
4.320000000000000284e+00 1.094339676655215809e+00
4.339999999999999858e+00 1.088894374040723312e+00
4.360000000000000320e+00 1.083473756309631053e+00
4.379999999999999893e+00 1.078077815275963358e+00
4.400000000000000355e+00 1.072706542375983396e+00
4.419999999999999929e+00 1.067359924664776250e+00
4.440000000000000391e+00 1.062037949151983574e+00
4.459999999999999964e+00 1.056740598317326363e+00
4.480000000000000426e+00 1.051467854929631907e+00
4.500000000000000000e+00 1.046219697072492183e+00
4.520000000000000462e+00 1.040996103455311239e+00
4.540000000000000036e+00 1.035797047940348881e+00
4.560000000000000497e+00 1.030622505354608309e+00
4.580000000000000071e+00 1.025472445509470587e+00
4.600000000000000533e+00 1.020346839522190852e+00
4.620000000000000107e+00 1.015245653319289953e+00
4.639999999999999680e+00 1.010168854476588329e+00
4.660000000000000142e+00 1.005116405197488127e+00
4.679999999999999716e+00 1.000088269680357911e+00
4.700000000000000178e+00 9.950844065628339230e-01
4.719999999999999751e+00 9.901047768255420989e-01
4.740000000000000213e+00 9.851493356934818424e-01
4.759999999999999787e+00 9.802180410849831160e-01
4.780000000000000249e+00 9.753108449612312159e-01
4.799999999999999822e+00 9.704277023295031501e-01
4.820000000000000284e+00 9.655685620318532614e-01
4.839999999999999858e+00 9.607333763115787351e-01
4.860000000000000320e+00 9.559220910320752607e-01
4.879999999999999893e+00 9.511346558156202891e-01
4.900000000000000355e+00 9.463710136833671793e-01
4.919999999999999929e+00 9.416311117754826432e-01
4.940000000000000391e+00 9.369148904031895375e-01
4.959999999999999964e+00 9.322222943594382638e-01
4.980000000000000426e+00 9.275532613738989296e-01
5.000000000000000000e+00 9.229077340232597626e-01
5.020000000000000462e+00 9.182856475800244000e-01
5.040000000000000036e+00 9.136869425316911375e-01
5.060000000000000497e+00 9.091115518141708041e-01
5.080000000000000071e+00 9.045594139490173990e-01
5.100000000000000533e+00 9.000304596522622491e-01
5.120000000000000107e+00 8.955246255990154669e-01
5.139999999999999680e+00 8.910418403984499136e-01
5.160000000000000142e+00 8.865820389950415104e-01
5.179999999999999716e+00 8.821451480004049994e-01
5.200000000000000178e+00 8.777311007405771415e-01
5.219999999999999751e+00 8.733398219353640801e-01
5.240000000000000213e+00 8.689712434010097297e-01
5.259999999999999787e+00 8.646252880676723596e-01
5.280000000000000249e+00 8.603018863469688027e-01
5.299999999999999822e+00 8.560009594781702313e-01
5.320000000000000284e+00 8.517224365700285516e-01
5.339999999999999858e+00 8.474662372662368215e-01
5.360000000000000320e+00 8.432322894711240524e-01
5.379999999999999893e+00 8.390205113248412339e-01
5.400000000000000355e+00 8.348308296224697944e-01
5.419999999999999929e+00 8.306631610893651096e-01
5.440000000000000391e+00 8.265174315033508856e-01
5.459999999999999964e+00 8.223935562606157212e-01
5.480000000000000426e+00 8.182914602105988422e-01
5.500000000000000000e+00 8.142110575027947661e-01
5.520000000000000462e+00 8.101522721441019037e-01
5.540000000000000036e+00 8.061150171168056655e-01
5.560000000000000497e+00 8.020992156681434615e-01
5.580000000000000071e+00 7.981047796896865165e-01
5.600000000000000533e+00 7.941316317489786059e-01
5.620000000000000107e+00 7.901796827205381790e-01
5.639999999999999680e+00 7.862488545693804287e-01
5.660000000000000142e+00 7.823390572237588492e-01
5.679999999999999716e+00 7.784502121205790770e-01
5.700000000000000178e+00 7.745822283099237371e-01
5.719999999999999751e+00 7.707350267723226400e-01
5.740000000000000213e+00 7.669085157450827861e-01
5.759999999999999787e+00 7.631026158214861965e-01
5.780000000000000249e+00 7.593172344888835523e-01
5.799999999999999822e+00 7.555522920199079229e-01
5.820000000000000284e+00 7.518076952122144663e-01
5.839999999999999858e+00 7.480833640819120056e-01
5.860000000000000320e+00 7.443792047947861423e-01
5.879999999999999893e+00 7.406951371721578470e-01
5.900000000000000355e+00 7.370310668033396295e-01
5.919999999999999929e+00 7.333869133742614288e-01
5.940000000000000391e+00 7.297625819508684053e-01
5.959999999999999964e+00 7.261579921408422011e-01
5.980000000000000426e+00 7.225730485375555512e-01
6.000000000000000000e+00 7.190076707253836297e-01
6.020000000000000462e+00 7.154617628737693913e-01
6.040000000000000036e+00 7.119352445965819731e-01
6.060000000000000497e+00 7.084280196858041556e-01
6.080000000000000071e+00 7.049400078355404498e-01
6.100000000000000533e+00 7.014711125047266016e-01
6.120000000000000107e+00 6.980212535164401766e-01
6.140000000000000568e+00 6.945903340389530944e-01
6.160000000000000142e+00 6.911782740710910033e-01
6.179999999999999716e+00 6.877849765309196339e-01
6.200000000000000178e+00 6.844103616379193511e-01
6.219999999999999751e+00 6.810543320984674409e-01
6.240000000000000213e+00 6.777168083957685329e-01
6.259999999999999787e+00 6.743976930612485265e-01
6.280000000000000249e+00 6.710969068831390549e-01
6.299999999999999822e+00 6.678143522528091625e-01
6.320000000000000284e+00 6.645499503031102595e-01
6.339999999999999858e+00 6.613036033185784035e-01
6.360000000000000320e+00 6.580752328146147745e-01
6.379999999999999893e+00 6.548647410004307945e-01
6.400000000000000355e+00 6.516720498103084624e-01
6.419999999999999929e+00 6.484970614080548534e-01
6.440000000000000391e+00 6.453396981816164057e-01
6.459999999999999964e+00 6.421998622777179699e-01
6.480000000000000426e+00 6.390774765712489147e-01
6.500000000000000000e+00 6.359724432186933951e-01
6.520000000000000462e+00 6.328846856137190224e-01
6.540000000000000036e+00 6.298141059478974402e-01
6.560000000000000497e+00 6.267606281641094901e-01
6.580000000000000071e+00 6.237241545129664777e-01
6.600000000000000533e+00 6.207046095156546484e-01
6.620000000000000107e+00 6.177018955043552806e-01
6.640000000000000568e+00 6.147159376063412450e-01
6.660000000000000142e+00 6.117466382566174588e-01
6.679999999999999716e+00 6.087939232150640922e-01
6.700000000000000178e+00 6.058576950394305438e-01
6.719999999999999751e+00 6.029378801475232530e-01
6.740000000000000213e+00 6.000343812385545705e-01
6.759999999999999787e+00 5.971471254124005590e-01
6.780000000000000249e+00 5.942760155272229783e-01
6.799999999999999822e+00 5.914209793879832144e-01
6.820000000000000284e+00 5.885819200281511288e-01
6.839999999999999858e+00 5.857587659797085511e-01
6.860000000000000320e+00 5.829514204666412791e-01
6.879999999999999893e+00 5.801598127688356588e-01
6.900000000000000355e+00 5.773838463149584266e-01
6.919999999999999929e+00 5.746234511526832067e-01
6.940000000000000391e+00 5.718785309284430962e-01
6.959999999999999964e+00 5.691490164766017656e-01
6.980000000000000426e+00 5.664348116734805316e-01
7.000000000000000000e+00 5.637358481581172809e-01
7.020000000000000462e+00 5.610520300478253342e-01
7.040000000000000036e+00 5.583832898034044590e-01
7.060000000000000497e+00 5.557295317933698131e-01
7.080000000000000071e+00 5.530906893165021820e-01
7.100000000000000533e+00 5.504666670017941410e-01
7.120000000000000107e+00 5.478573990014038442e-01
7.140000000000000568e+00 5.452627902132374249e-01
7.160000000000000142e+00 5.426827756574372774e-01
7.179999999999999716e+00 5.401172605083834899e-01
7.200000000000000178e+00 5.375661806680386290e-01
7.219999999999999751e+00 5.350294415940572978e-01
7.240000000000000213e+00 5.325069800833297506e-01
7.259999999999999787e+00 5.299987018827595486e-01
7.280000000000000249e+00 5.275045446965714868e-01
7.299999999999999822e+00 5.250244145661822071e-01
7.320000000000000284e+00 5.225582501148863246e-01
7.339999999999999858e+00 5.201059576831267295e-01
7.360000000000000320e+00 5.176674768243546554e-01
7.379999999999999893e+00 5.152427141818899381e-01
7.400000000000000355e+00 5.128316102498098328e-01
7.419999999999999929e+00 5.104340719774570490e-01
7.440000000000000391e+00 5.080500408094223985e-01
7.459999999999999964e+00 5.056794240036065480e-01
7.480000000000000426e+00 5.033221639644306356e-01
7.500000000000000000e+00 5.009781682602374442e-01
7.520000000000000462e+00 4.986473802640518094e-01
7.540000000000000036e+00 4.963297078559973374e-01
7.560000000000000497e+00 4.940250953859608440e-01
7.580000000000000071e+00 4.917334510465522501e-01
7.600000000000000533e+00 4.894547201722861951e-01
7.620000000000000107e+00 4.871888112684804595e-01
7.640000000000000568e+00 4.849356706615771118e-01
7.660000000000000142e+00 4.826952071692258706e-01
7.679999999999999716e+00 4.804673681166471977e-01
7.700000000000000178e+00 4.782520626330040714e-01
7.719999999999999751e+00 4.760492390487064962e-01
7.740000000000000213e+00 4.738588068030772926e-01
7.759999999999999787e+00 4.716807152377324175e-01
7.780000000000000249e+00 4.695148741003713488e-01
7.799999999999999822e+00 4.673612337494406077e-01
7.820000000000000284e+00 4.652197042387427040e-01
7.839999999999999858e+00 4.630902369488067438e-01
7.860000000000000320e+00 4.609727422368841698e-01
7.879999999999999893e+00 4.588671725104906951e-01
7.900000000000000355e+00 4.567734384272069681e-01
7.919999999999999929e+00 4.546914934261070962e-01
7.940000000000000391e+00 4.526212484616362053e-01
7.959999999999999964e+00 4.505626580086806166e-01
7.980000000000000426e+00 4.485156333146528840e-01
8.000000000000000000e+00 4.464801298942078223e-01
8.019999999999999574e+00 4.444560592835182788e-01
8.040000000000000924e+00 4.424433780406762939e-01
8.060000000000000497e+00 4.404419979860084156e-01
8.080000000000000071e+00 4.384518767244461324e-01
8.099999999999999645e+00 4.364729263555809369e-01
8.120000000000000995e+00 4.345051055343284174e-01
8.140000000000000568e+00 4.325483266342864952e-01
8.160000000000000142e+00 4.306025493632624768e-01
8.179999999999999716e+00 4.286676863633454571e-01
8.199999999999999289e+00 4.267436983979124854e-01
8.220000000000000639e+00 4.248304983716904570e-01
8.240000000000000213e+00 4.229280481060944119e-01
8.259999999999999787e+00 4.210362607623993614e-01
8.279999999999999361e+00 4.191550992223256333e-01
8.300000000000000711e+00 4.172844768972922558e-01
8.320000000000000284e+00 4.154243577314075120e-01
8.339999999999999858e+00 4.135746553796187941e-01
8.359999999999999432e+00 4.117353348503226540e-01
8.380000000000000782e+00 4.099063100351050815e-01
8.400000000000000355e+00 4.080875470083786816e-01
8.419999999999999929e+00 4.062789598912827649e-01
8.439999999999999503e+00 4.044805158258268918e-01
8.460000000000000853e+00 4.026921291553473559e-01
8.480000000000000426e+00 4.009137680908859691e-01
8.500000000000000000e+00 3.991453471904635730e-01
8.519999999999999574e+00 3.973868357354545799e-01
8.540000000000000924e+00 3.956381484907941504e-01
8.560000000000000497e+00 3.938992558093644125e-01
8.580000000000000071e+00 3.921700726551114458e-01
8.599999999999999645e+00 3.904505704534763644e-01
8.620000000000000995e+00 3.887406643592807853e-01
8.640000000000000568e+00 3.870403268714716627e-01
8.660000000000000142e+00 3.853494733274886452e-01
8.679999999999999716e+00 3.836680773006354017e-01
8.700000000000001066e+00 3.819960543024928379e-01
8.720000000000000639e+00 3.803333789814771215e-01
8.740000000000000213e+00 3.786799670147365515e-01
8.759999999999999787e+00 3.770357941264653179e-01
8.779999999999999361e+00 3.754007761506090723e-01
8.800000000000000711e+00 3.737748898877317760e-01
8.820000000000000284e+00 3.721580513197143003e-01
8.839999999999999858e+00 3.705502383240171227e-01
8.859999999999999432e+00 3.689513670214105701e-01
8.880000000000000782e+00 3.673614163667077714e-01
8.900000000000000355e+00 3.657803026104612942e-01
8.919999999999999929e+00 3.642080057852243868e-01
8.939999999999999503e+00 3.626444422620557773e-01
8.960000000000000853e+00 3.610895931515977209e-01
8.980000000000000426e+00 3.595433749360776310e-01
9.000000000000000000e+00 3.580057698045243653e-01
9.019999999999999574e+00 3.564766943408399502e-01
9.040000000000000924e+00 3.549561318126976395e-01
9.060000000000000497e+00 3.534439988961484147e-01
9.080000000000000071e+00 3.519402799377130964e-01
9.099999999999999645e+00 3.504448916959301275e-01
9.120000000000000995e+00 3.489578195963468632e-01
9.140000000000000568e+00 3.474789804702909657e-01
9.160000000000000142e+00 3.460083608224978069e-01
9.179999999999999716e+00 3.445458775472403645e-01
9.200000000000001066e+00 3.430915182285754206e-01
9.220000000000000639e+00 3.416451998138970714e-01
9.240000000000000213e+00 3.402069109666640556e-01
9.259999999999999787e+00 3.387765686774400486e-01
9.279999999999999361e+00 3.373541626891722878e-01
9.300000000000000711e+00 3.359396100256357154e-01
9.320000000000000284e+00 3.345329015093408964e-01
9.339999999999999858e+00 3.331339541871999321e-01
9.359999999999999432e+00 3.317427599613436695e-01
9.380000000000000782e+00 3.303592358917778471e-01
9.400000000000000355e+00 3.289833749602737445e-01
9.419999999999999929e+00 3.276150942297972879e-01
9.439999999999999503e+00 3.262543877618060972e-01
9.460000000000000853e+00 3.249011726120809573e-01
9.480000000000000426e+00 3.235554439217978029e-01
9.500000000000000000e+00 3.222171187293467742e-01
9.519999999999999574e+00 3.208861932556346663e-01
9.540000000000000924e+00 3.195625845114987706e-01
9.560000000000000497e+00 3.182462897975745220e-01
9.580000000000000071e+00 3.169372260869097735e-01
9.599999999999999645e+00 3.156353917598840875e-01
9.620000000000000995e+00 3.143407037415431593e-01
